<?xml version="1.0" encoding="utf-8"?>
<!--NSI Web Service v8.8.0.0-->
<message:Structure xmlns:message="http://www.sdmx.org/resources/sdmxml/schemas/v2_1/message" xmlns:structure="http://www.sdmx.org/resources/sdmxml/schemas/v2_1/structure" xmlns:common="http://www.sdmx.org/resources/sdmxml/schemas/v2_1/common">
    <message:Header>
        <message:ID>IDREF122</message:ID>
        <message:Test>false</message:Test>
        <message:Prepared>2022-02-04T10:48:17.4866517+00:00</message:Prepared>
        <message:Sender id="Unknown"/>
        <message:Receiver id="Unknown"/>
    </message:Header>
    <message:Structures>
        <structure:Dataflows>
            <structure:Dataflow id="DF_AREA_LOCALISED_HIERARCHY" agencyID="TEST" version="1.0" isFinal="false">
                <common:Annotations>
                    <common:Annotation>
                        <common:AnnotationType>NonProductionDataflow</common:AnnotationType>
                        <common:AnnotationText xml:lang="en">true</common:AnnotationText>
                    </common:Annotation>
                    <common:Annotation>
                        <common:AnnotationType>HIER_CONTEXT</common:AnnotationType>
                        <common:AnnotationText xml:lang="en">REF_AREA:OECD:HCL_TEST(1.0).CONT_EN</common:AnnotationText>
                        <common:AnnotationText xml:lang="fr">REF_AREA:OECD:HCL_TEST(1.0).CONT_FR</common:AnnotationText>
                    </common:Annotation>
                </common:Annotations>
                <common:Name xml:lang="en">Test DF areas (localised REF_AREA hierarchy)</common:Name>
                <common:Name xml:lang="fr">Test DF areas (localised REF_AREA hierarchy)</common:Name>
                <structure:Structure>
                    <Ref id="DSD_AREA" version="1.0" agencyID="TEST" package="datastructure" class="DataStructure"/>
                </structure:Structure>
            </structure:Dataflow>
            <structure:Dataflow id="DF_AREA_NONLOCALISED_HIERARCHY" agencyID="TEST" version="1.0" isFinal="false">
                <common:Annotations>
                    <common:Annotation>
                        <common:AnnotationType>NonProductionDataflow</common:AnnotationType>
                        <common:AnnotationText xml:lang="en">true</common:AnnotationText>
                    </common:Annotation>
                    <common:Annotation>
                        <common:AnnotationTitle>REF_AREA:OECD:HCL_TEST(1.0).CONT_EN</common:AnnotationTitle>
                        <common:AnnotationType>HIER_CONTEXT</common:AnnotationType>
                    </common:Annotation>
                </common:Annotations>
                <common:Name xml:lang="en">Test DF areas (non-localised REF_AREA hierarchy)</common:Name>
                <common:Name xml:lang="fr">Test DF areas (non-localised REF_AREA hierarchy)</common:Name>
                <structure:Structure>
                    <Ref id="DSD_AREA" version="1.0" agencyID="TEST" package="datastructure" class="DataStructure"/>
                </structure:Structure>
            </structure:Dataflow>
            <structure:Dataflow id="DF_AREA_NO_HIERARCHY" agencyID="TEST" version="1.0" isFinal="false">
                <common:Annotations>
                    <common:Annotation>
                        <common:AnnotationType>NonProductionDataflow</common:AnnotationType>
                        <common:AnnotationText xml:lang="en">true</common:AnnotationText>
                    </common:Annotation>
                </common:Annotations>
                <common:Name xml:lang="en">Test DF areas (no REF_AREA hierarchy)</common:Name>
                <common:Name xml:lang="fr">Test DF areas (no REF_AREA hierarchy)</common:Name>
                <structure:Structure>
                    <Ref id="DSD_AREA" version="1.0" agencyID="TEST" package="datastructure" class="DataStructure"/>
                </structure:Structure>
            </structure:Dataflow>
            <structure:Dataflow id="DF_AREA_DSD_LOCALISED_HIERARCHY" agencyID="TEST" version="1.0" isFinal="false">
                <common:Annotations>
                    <common:Annotation>
                        <common:AnnotationType>NonProductionDataflow</common:AnnotationType>
                        <common:AnnotationText xml:lang="en">true</common:AnnotationText>
                    </common:Annotation>
                </common:Annotations>
                <common:Name xml:lang="en">Test DF areas (localised REF_AREA hierarchy through DSD)</common:Name>
                <common:Name xml:lang="fr">Test DF areas (localised REF_AREA hierarchy through DSD)</common:Name>
                <structure:Structure>
                    <Ref id="DSD_AREA_LOCALISED_HIERARCHY" version="1.0" agencyID="TEST" package="datastructure" class="DataStructure"/>
                </structure:Structure>
            </structure:Dataflow>
            <structure:Dataflow id="DF_AREA_DSD_NONLOCALISED_HIERARCHY" agencyID="TEST" version="1.0" isFinal="false">
                <common:Annotations>
                    <common:Annotation>
                        <common:AnnotationType>NonProductionDataflow</common:AnnotationType>
                        <common:AnnotationText xml:lang="en">true</common:AnnotationText>
                    </common:Annotation>
                </common:Annotations>
                <common:Name xml:lang="en">Test DF areas (non-localised REF_AREA hierarchy through DSD)</common:Name>
                <common:Name xml:lang="fr">Test DF areas (non-localised REF_AREA hierarchy through DSD)</common:Name>
                <structure:Structure>
                    <Ref id="DSD_AREA_NONLOCALISED_HIERARCHY" version="1.0" agencyID="TEST" package="datastructure" class="DataStructure"/>
                </structure:Structure>
            </structure:Dataflow>
        </structure:Dataflows>
        <structure:Codelists>
            <structure:Codelist id="CL_AREA" agencyID="TEST" version="1.0" isFinal="false">
                <common:Name xml:lang="en">Codelist for reference areas and geocoding</common:Name>
                <structure:Code id="AUS">
                    <common:Annotations>
                        <common:Annotation>
                            <common:AnnotationType>ORDER</common:AnnotationType>
                            <common:AnnotationText xml:lang="en">10</common:AnnotationText>
                            <common:AnnotationText xml:lang="fr">10</common:AnnotationText>
                        </common:Annotation>
                    </common:Annotations>
                    <common:Name xml:lang="en">Australia</common:Name>
                    <common:Name xml:lang="fr">Australie</common:Name>
                </structure:Code>
                <structure:Code id="AUT">
                    <common:Annotations>
                        <common:Annotation>
                            <common:AnnotationType>ORDER</common:AnnotationType>
                            <common:AnnotationText xml:lang="en">20</common:AnnotationText>
                            <common:AnnotationText xml:lang="fr">20</common:AnnotationText>
                        </common:Annotation>
                    </common:Annotations>
                    <common:Name xml:lang="en">Austria</common:Name>
                    <common:Name xml:lang="fr">Autriche</common:Name>
                </structure:Code>
                <structure:Code id="BEL">
                    <common:Annotations>
                        <common:Annotation>
                            <common:AnnotationType>ORDER</common:AnnotationType>
                            <common:AnnotationText xml:lang="en">30</common:AnnotationText>
                            <common:AnnotationText xml:lang="fr">30</common:AnnotationText>
                        </common:Annotation>
                    </common:Annotations>
                    <common:Name xml:lang="en">Belgium</common:Name>
                    <common:Name xml:lang="fr">Belgique</common:Name>
                </structure:Code>
                <structure:Code id="CAN">
                    <common:Annotations>
                        <common:Annotation>
                            <common:AnnotationType>ORDER</common:AnnotationType>
                            <common:AnnotationText xml:lang="en">40</common:AnnotationText>
                            <common:AnnotationText xml:lang="fr">40</common:AnnotationText>
                        </common:Annotation>
                    </common:Annotations>
                    <common:Name xml:lang="en">Canada</common:Name>
                    <common:Name xml:lang="fr">Canada</common:Name>
                </structure:Code>
                <structure:Code id="CHL">
                    <common:Annotations>
                        <common:Annotation>
                            <common:AnnotationType>ORDER</common:AnnotationType>
                            <common:AnnotationText xml:lang="en">50</common:AnnotationText>
                            <common:AnnotationText xml:lang="fr">50</common:AnnotationText>
                        </common:Annotation>
                    </common:Annotations>
                    <common:Name xml:lang="en">Chile</common:Name>
                    <common:Name xml:lang="fr">Chili</common:Name>
                </structure:Code>
                <structure:Code id="COL">
                    <common:Annotations>
                        <common:Annotation>
                            <common:AnnotationType>ORDER</common:AnnotationType>
                            <common:AnnotationText xml:lang="en">60</common:AnnotationText>
                            <common:AnnotationText xml:lang="fr">60</common:AnnotationText>
                        </common:Annotation>
                    </common:Annotations>
                    <common:Name xml:lang="en">Colombia</common:Name>
                    <common:Name xml:lang="fr">Colombie</common:Name>
                </structure:Code>
                <structure:Code id="CRI">
                    <common:Annotations>
                        <common:Annotation>
                            <common:AnnotationType>ORDER</common:AnnotationType>
                            <common:AnnotationText xml:lang="en">70</common:AnnotationText>
                            <common:AnnotationText xml:lang="fr">70</common:AnnotationText>
                        </common:Annotation>
                    </common:Annotations>
                    <common:Name xml:lang="en">Costa Rica</common:Name>
                    <common:Name xml:lang="fr">Costa Rica</common:Name>
                </structure:Code>
                <structure:Code id="CZE">
                    <common:Annotations>
                        <common:Annotation>
                            <common:AnnotationType>ORDER</common:AnnotationType>
                            <common:AnnotationText xml:lang="en">80</common:AnnotationText>
                            <common:AnnotationText xml:lang="fr">80</common:AnnotationText>
                        </common:Annotation>
                    </common:Annotations>
                    <common:Name xml:lang="en">Czech Republic</common:Name>
                    <common:Name xml:lang="fr">République tchèque</common:Name>
                </structure:Code>
                <structure:Code id="DNK">
                    <common:Annotations>
                        <common:Annotation>
                            <common:AnnotationType>ORDER</common:AnnotationType>
                            <common:AnnotationText xml:lang="en">90</common:AnnotationText>
                            <common:AnnotationText xml:lang="fr">90</common:AnnotationText>
                        </common:Annotation>
                    </common:Annotations>
                    <common:Name xml:lang="en">Denmark</common:Name>
                    <common:Name xml:lang="fr">Danemark</common:Name>
                </structure:Code>
                <structure:Code id="EST">
                    <common:Annotations>
                        <common:Annotation>
                            <common:AnnotationType>ORDER</common:AnnotationType>
                            <common:AnnotationText xml:lang="en">100</common:AnnotationText>
                            <common:AnnotationText xml:lang="fr">100</common:AnnotationText>
                        </common:Annotation>
                    </common:Annotations>
                    <common:Name xml:lang="en">Estonia</common:Name>
                    <common:Name xml:lang="fr">Estonie</common:Name>
                </structure:Code>
                <structure:Code id="FIN">
                    <common:Annotations>
                        <common:Annotation>
                            <common:AnnotationType>ORDER</common:AnnotationType>
                            <common:AnnotationText xml:lang="en">110</common:AnnotationText>
                            <common:AnnotationText xml:lang="fr">110</common:AnnotationText>
                        </common:Annotation>
                    </common:Annotations>
                    <common:Name xml:lang="en">Finland</common:Name>
                    <common:Name xml:lang="fr">Finlande</common:Name>
                </structure:Code>
                <structure:Code id="FRA">
                    <common:Annotations>
                        <common:Annotation>
                            <common:AnnotationType>ORDER</common:AnnotationType>
                            <common:AnnotationText xml:lang="en">120</common:AnnotationText>
                            <common:AnnotationText xml:lang="fr">120</common:AnnotationText>
                        </common:Annotation>
                    </common:Annotations>
                    <common:Name xml:lang="en">France</common:Name>
                    <common:Name xml:lang="fr">France</common:Name>
                </structure:Code>
                <structure:Code id="DEU">
                    <common:Annotations>
                        <common:Annotation>
                            <common:AnnotationType>ORDER</common:AnnotationType>
                            <common:AnnotationText xml:lang="en">130</common:AnnotationText>
                            <common:AnnotationText xml:lang="fr">130</common:AnnotationText>
                        </common:Annotation>
                    </common:Annotations>
                    <common:Name xml:lang="en">Germany</common:Name>
                    <common:Name xml:lang="fr">Allemagne</common:Name>
                </structure:Code>
                <structure:Code id="GRC">
                    <common:Annotations>
                        <common:Annotation>
                            <common:AnnotationType>ORDER</common:AnnotationType>
                            <common:AnnotationText xml:lang="en">140</common:AnnotationText>
                            <common:AnnotationText xml:lang="fr">140</common:AnnotationText>
                        </common:Annotation>
                    </common:Annotations>
                    <common:Name xml:lang="en">Greece</common:Name>
                    <common:Name xml:lang="fr">Grèce</common:Name>
                </structure:Code>
                <structure:Code id="HUN">
                    <common:Annotations>
                        <common:Annotation>
                            <common:AnnotationType>ORDER</common:AnnotationType>
                            <common:AnnotationText xml:lang="en">150</common:AnnotationText>
                            <common:AnnotationText xml:lang="fr">150</common:AnnotationText>
                        </common:Annotation>
                    </common:Annotations>
                    <common:Name xml:lang="en">Hungary</common:Name>
                    <common:Name xml:lang="fr">Hongrie</common:Name>
                </structure:Code>
                <structure:Code id="ISL">
                    <common:Annotations>
                        <common:Annotation>
                            <common:AnnotationType>ORDER</common:AnnotationType>
                            <common:AnnotationText xml:lang="en">160</common:AnnotationText>
                            <common:AnnotationText xml:lang="fr">160</common:AnnotationText>
                        </common:Annotation>
                    </common:Annotations>
                    <common:Name xml:lang="en">Iceland</common:Name>
                    <common:Name xml:lang="fr">Islande</common:Name>
                </structure:Code>
                <structure:Code id="IRL">
                    <common:Annotations>
                        <common:Annotation>
                            <common:AnnotationType>ORDER</common:AnnotationType>
                            <common:AnnotationText xml:lang="en">170</common:AnnotationText>
                            <common:AnnotationText xml:lang="fr">170</common:AnnotationText>
                        </common:Annotation>
                    </common:Annotations>
                    <common:Name xml:lang="en">Ireland</common:Name>
                    <common:Name xml:lang="fr">Irlande</common:Name>
                </structure:Code>
                <structure:Code id="ISR">
                    <common:Annotations>
                        <common:Annotation>
                            <common:AnnotationType>ORDER</common:AnnotationType>
                            <common:AnnotationText xml:lang="en">180</common:AnnotationText>
                            <common:AnnotationText xml:lang="fr">180</common:AnnotationText>
                        </common:Annotation>
                    </common:Annotations>
                    <common:Name xml:lang="en">Israel</common:Name>
                    <common:Name xml:lang="fr">Israël</common:Name>
                </structure:Code>
                <structure:Code id="ITA">
                    <common:Annotations>
                        <common:Annotation>
                            <common:AnnotationType>ORDER</common:AnnotationType>
                            <common:AnnotationText xml:lang="en">190</common:AnnotationText>
                            <common:AnnotationText xml:lang="fr">190</common:AnnotationText>
                        </common:Annotation>
                    </common:Annotations>
                    <common:Name xml:lang="en">Italy</common:Name>
                    <common:Name xml:lang="fr">Italie</common:Name>
                </structure:Code>
                <structure:Code id="JPN">
                    <common:Annotations>
                        <common:Annotation>
                            <common:AnnotationType>ORDER</common:AnnotationType>
                            <common:AnnotationText xml:lang="en">200</common:AnnotationText>
                            <common:AnnotationText xml:lang="fr">200</common:AnnotationText>
                        </common:Annotation>
                    </common:Annotations>
                    <common:Name xml:lang="en">Japan</common:Name>
                    <common:Name xml:lang="fr">Japon</common:Name>
                </structure:Code>
                <structure:Code id="KOR">
                    <common:Annotations>
                        <common:Annotation>
                            <common:AnnotationType>ORDER</common:AnnotationType>
                            <common:AnnotationText xml:lang="en">210</common:AnnotationText>
                            <common:AnnotationText xml:lang="fr">210</common:AnnotationText>
                        </common:Annotation>
                    </common:Annotations>
                    <common:Name xml:lang="en">Korea</common:Name>
                    <common:Name xml:lang="fr">Corée</common:Name>
                </structure:Code>
                <structure:Code id="LVA">
                    <common:Annotations>
                        <common:Annotation>
                            <common:AnnotationType>ORDER</common:AnnotationType>
                            <common:AnnotationText xml:lang="en">220</common:AnnotationText>
                            <common:AnnotationText xml:lang="fr">220</common:AnnotationText>
                        </common:Annotation>
                    </common:Annotations>
                    <common:Name xml:lang="en">Latvia</common:Name>
                    <common:Name xml:lang="fr">Lettonie</common:Name>
                </structure:Code>
                <structure:Code id="LTU">
                    <common:Annotations>
                        <common:Annotation>
                            <common:AnnotationType>ORDER</common:AnnotationType>
                            <common:AnnotationText xml:lang="en">230</common:AnnotationText>
                            <common:AnnotationText xml:lang="fr">230</common:AnnotationText>
                        </common:Annotation>
                    </common:Annotations>
                    <common:Name xml:lang="en">Lithuania</common:Name>
                    <common:Name xml:lang="fr">Lituanie</common:Name>
                </structure:Code>
                <structure:Code id="LUX">
                    <common:Annotations>
                        <common:Annotation>
                            <common:AnnotationType>ORDER</common:AnnotationType>
                            <common:AnnotationText xml:lang="en">240</common:AnnotationText>
                            <common:AnnotationText xml:lang="fr">240</common:AnnotationText>
                        </common:Annotation>
                    </common:Annotations>
                    <common:Name xml:lang="en">Luxembourg</common:Name>
                    <common:Name xml:lang="fr">Luxembourg</common:Name>
                </structure:Code>
                <structure:Code id="MEX">
                    <common:Annotations>
                        <common:Annotation>
                            <common:AnnotationType>ORDER</common:AnnotationType>
                            <common:AnnotationText xml:lang="en">250</common:AnnotationText>
                            <common:AnnotationText xml:lang="fr">250</common:AnnotationText>
                        </common:Annotation>
                    </common:Annotations>
                    <common:Name xml:lang="en">Mexico</common:Name>
                    <common:Name xml:lang="fr">Mexique</common:Name>
                </structure:Code>
                <structure:Code id="NLD">
                    <common:Annotations>
                        <common:Annotation>
                            <common:AnnotationType>ORDER</common:AnnotationType>
                            <common:AnnotationText xml:lang="en">260</common:AnnotationText>
                            <common:AnnotationText xml:lang="fr">260</common:AnnotationText>
                        </common:Annotation>
                    </common:Annotations>
                    <common:Name xml:lang="en">Netherlands</common:Name>
                    <common:Name xml:lang="fr">Pays-Bas</common:Name>
                </structure:Code>
                <structure:Code id="NZL">
                    <common:Annotations>
                        <common:Annotation>
                            <common:AnnotationType>ORDER</common:AnnotationType>
                            <common:AnnotationText xml:lang="en">270</common:AnnotationText>
                            <common:AnnotationText xml:lang="fr">270</common:AnnotationText>
                        </common:Annotation>
                    </common:Annotations>
                    <common:Name xml:lang="en">New Zealand</common:Name>
                    <common:Name xml:lang="fr">Nouvelle-Zélande</common:Name>
                </structure:Code>
                <structure:Code id="NOR">
                    <common:Annotations>
                        <common:Annotation>
                            <common:AnnotationType>ORDER</common:AnnotationType>
                            <common:AnnotationText xml:lang="en">280</common:AnnotationText>
                            <common:AnnotationText xml:lang="fr">280</common:AnnotationText>
                        </common:Annotation>
                    </common:Annotations>
                    <common:Name xml:lang="en">Norway</common:Name>
                    <common:Name xml:lang="fr">Norvège</common:Name>
                </structure:Code>
                <structure:Code id="POL">
                    <common:Annotations>
                        <common:Annotation>
                            <common:AnnotationType>ORDER</common:AnnotationType>
                            <common:AnnotationText xml:lang="en">290</common:AnnotationText>
                            <common:AnnotationText xml:lang="fr">290</common:AnnotationText>
                        </common:Annotation>
                    </common:Annotations>
                    <common:Name xml:lang="en">Poland</common:Name>
                    <common:Name xml:lang="fr">Pologne</common:Name>
                </structure:Code>
                <structure:Code id="PRT">
                    <common:Annotations>
                        <common:Annotation>
                            <common:AnnotationType>ORDER</common:AnnotationType>
                            <common:AnnotationText xml:lang="en">300</common:AnnotationText>
                            <common:AnnotationText xml:lang="fr">300</common:AnnotationText>
                        </common:Annotation>
                    </common:Annotations>
                    <common:Name xml:lang="en">Portugal</common:Name>
                    <common:Name xml:lang="fr">Portugal</common:Name>
                </structure:Code>
                <structure:Code id="SVK">
                    <common:Annotations>
                        <common:Annotation>
                            <common:AnnotationType>ORDER</common:AnnotationType>
                            <common:AnnotationText xml:lang="en">310</common:AnnotationText>
                            <common:AnnotationText xml:lang="fr">310</common:AnnotationText>
                        </common:Annotation>
                    </common:Annotations>
                    <common:Name xml:lang="en">Slovak Republic</common:Name>
                    <common:Name xml:lang="fr">République slovaque</common:Name>
                </structure:Code>
                <structure:Code id="SVN">
                    <common:Annotations>
                        <common:Annotation>
                            <common:AnnotationType>ORDER</common:AnnotationType>
                            <common:AnnotationText xml:lang="en">320</common:AnnotationText>
                            <common:AnnotationText xml:lang="fr">320</common:AnnotationText>
                        </common:Annotation>
                    </common:Annotations>
                    <common:Name xml:lang="en">Slovenia</common:Name>
                    <common:Name xml:lang="fr">Slovénie</common:Name>
                </structure:Code>
                <structure:Code id="ESP">
                    <common:Annotations>
                        <common:Annotation>
                            <common:AnnotationType>ORDER</common:AnnotationType>
                            <common:AnnotationText xml:lang="en">330</common:AnnotationText>
                            <common:AnnotationText xml:lang="fr">330</common:AnnotationText>
                        </common:Annotation>
                    </common:Annotations>
                    <common:Name xml:lang="en">Spain</common:Name>
                    <common:Name xml:lang="fr">Espagne</common:Name>
                </structure:Code>
                <structure:Code id="SWE">
                    <common:Annotations>
                        <common:Annotation>
                            <common:AnnotationType>ORDER</common:AnnotationType>
                            <common:AnnotationText xml:lang="en">340</common:AnnotationText>
                            <common:AnnotationText xml:lang="fr">340</common:AnnotationText>
                        </common:Annotation>
                    </common:Annotations>
                    <common:Name xml:lang="en">Sweden</common:Name>
                    <common:Name xml:lang="fr">Suède</common:Name>
                </structure:Code>
                <structure:Code id="CHE">
                    <common:Annotations>
                        <common:Annotation>
                            <common:AnnotationType>ORDER</common:AnnotationType>
                            <common:AnnotationText xml:lang="en">350</common:AnnotationText>
                            <common:AnnotationText xml:lang="fr">350</common:AnnotationText>
                        </common:Annotation>
                    </common:Annotations>
                    <common:Name xml:lang="en">Switzerland</common:Name>
                    <common:Name xml:lang="fr">Suisse</common:Name>
                </structure:Code>
                <structure:Code id="TUR">
                    <common:Annotations>
                        <common:Annotation>
                            <common:AnnotationType>ORDER</common:AnnotationType>
                            <common:AnnotationText xml:lang="en">360</common:AnnotationText>
                            <common:AnnotationText xml:lang="fr">360</common:AnnotationText>
                        </common:Annotation>
                    </common:Annotations>
                    <common:Name xml:lang="en">Turkey</common:Name>
                    <common:Name xml:lang="fr">Turquie</common:Name>
                </structure:Code>
                <structure:Code id="GBR">
                    <common:Annotations>
                        <common:Annotation>
                            <common:AnnotationType>ORDER</common:AnnotationType>
                            <common:AnnotationText xml:lang="en">370</common:AnnotationText>
                            <common:AnnotationText xml:lang="fr">370</common:AnnotationText>
                        </common:Annotation>
                    </common:Annotations>
                    <common:Name xml:lang="en">United Kingdom</common:Name>
                    <common:Name xml:lang="fr">Royaume-Uni</common:Name>
                </structure:Code>
                <structure:Code id="USA">
                    <common:Annotations>
                        <common:Annotation>
                            <common:AnnotationType>ORDER</common:AnnotationType>
                            <common:AnnotationText xml:lang="en">380</common:AnnotationText>
                            <common:AnnotationText xml:lang="fr">380</common:AnnotationText>
                        </common:Annotation>
                    </common:Annotations>
                    <common:Name xml:lang="en">United States</common:Name>
                    <common:Name xml:lang="fr">États-Unis</common:Name>
                </structure:Code>
                <structure:Code id="G4E">
                    <common:Annotations>
                        <common:Annotation>
                            <common:AnnotationTitle>GBR+FRA+DEU+ITA</common:AnnotationTitle>
                            <common:AnnotationType>COMP_RULE</common:AnnotationType>
                        </common:Annotation>
                        <common:Annotation>
                            <common:AnnotationType>ORDER</common:AnnotationType>
                            <common:AnnotationText xml:lang="en">390</common:AnnotationText>
                            <common:AnnotationText xml:lang="fr">390</common:AnnotationText>
                        </common:Annotation>
                    </common:Annotations>
                    <common:Name xml:lang="en">Four Big European countries</common:Name>
                    <common:Name xml:lang="fr">Quatre Grands Européens pays</common:Name>
                </structure:Code>
                <structure:Code id="E4M">
                    <common:Annotations>
                        <common:Annotation>
                            <common:AnnotationTitle>FRA+ITA+DEU+ESP</common:AnnotationTitle>
                            <common:AnnotationType>COMP_RULE</common:AnnotationType>
                        </common:Annotation>
                        <common:Annotation>
                            <common:AnnotationType>ORDER</common:AnnotationType>
                            <common:AnnotationText xml:lang="en">400</common:AnnotationText>
                            <common:AnnotationText xml:lang="fr">400</common:AnnotationText>
                        </common:Annotation>
                    </common:Annotations>
                    <common:Name xml:lang="en">Major Four OECD European countries</common:Name>
                    <common:Name xml:lang="fr">Quatre Grands Européens pays de l'OECD</common:Name>
                </structure:Code>
                <structure:Code id="G7">
                    <common:Annotations>
                        <common:Annotation>
                            <common:AnnotationTitle>USA+GBR +FRA+DEU+ITA+CAN+JPN</common:AnnotationTitle>
                            <common:AnnotationType>COMP_RULE</common:AnnotationType>
                        </common:Annotation>
                        <common:Annotation>
                            <common:AnnotationType>ORDER</common:AnnotationType>
                            <common:AnnotationText xml:lang="en">410</common:AnnotationText>
                            <common:AnnotationText xml:lang="fr">410</common:AnnotationText>
                        </common:Annotation>
                    </common:Annotations>
                    <common:Name xml:lang="en">G7 countries</common:Name>
                    <common:Name xml:lang="fr">Pays du G7</common:Name>
                </structure:Code>
                <structure:Code id="G7_BRIICS">
                    <common:Annotations>
                        <common:Annotation>
                            <common:AnnotationTitle>G7+BRIICS</common:AnnotationTitle>
                            <common:AnnotationType>COMP_RULE</common:AnnotationType>
                        </common:Annotation>
                        <common:Annotation>
                            <common:AnnotationType>ORDER</common:AnnotationType>
                            <common:AnnotationText xml:lang="en">420</common:AnnotationText>
                            <common:AnnotationText xml:lang="fr">420</common:AnnotationText>
                        </common:Annotation>
                    </common:Annotations>
                    <common:Name xml:lang="en">G7 and BRIICS countries</common:Name>
                    <common:Name xml:lang="fr">Pays du G7 et BRIICS</common:Name>
                </structure:Code>
                <structure:Code id="G20">
                    <common:Annotations>
                        <common:Annotation>
                            <common:AnnotationTitle>ARG+AUS+BRA+CAN+CHN+DEU+FRA+IND+IDN+ITA+JPN+KOR+MEX+RUS+SAU+ZAF+TUR+GBR+USA+EU28</common:AnnotationTitle>
                            <common:AnnotationType>COMP_RULE</common:AnnotationType>
                        </common:Annotation>
                        <common:Annotation>
                            <common:AnnotationType>ORDER</common:AnnotationType>
                            <common:AnnotationText xml:lang="en">430</common:AnnotationText>
                            <common:AnnotationText xml:lang="fr">430</common:AnnotationText>
                        </common:Annotation>
                    </common:Annotations>
                    <common:Name xml:lang="en">G20 countries</common:Name>
                    <common:Name xml:lang="fr">Pays du G20</common:Name>
                </structure:Code>
                <structure:Code id="G20XEU">
                    <common:Annotations>
                        <common:Annotation>
                            <common:AnnotationTitle>ARG+AUS+BRA+CAN+CHN+IND+IDN+JPN+KOR+MEX+RUS+SAU+ZAF+TUR+USA</common:AnnotationTitle>
                            <common:AnnotationType>COMP_RULE</common:AnnotationType>
                        </common:Annotation>
                        <common:Annotation>
                            <common:AnnotationType>ORDER</common:AnnotationType>
                            <common:AnnotationText xml:lang="en">440</common:AnnotationText>
                            <common:AnnotationText xml:lang="fr">440</common:AnnotationText>
                        </common:Annotation>
                    </common:Annotations>
                    <common:Name xml:lang="en">G20 countries excl. European Union</common:Name>
                    <common:Name xml:lang="fr">Pays du G20 hors UE</common:Name>
                </structure:Code>
                <structure:Code id="G20OECD">
                    <common:Annotations>
                        <common:Annotation>
                            <common:AnnotationTitle>AUS+CAN+FRA+DEU+ITA+JPN+KOR+MEX+TUR+GBR</common:AnnotationTitle>
                            <common:AnnotationType>COMP_RULE</common:AnnotationType>
                        </common:Annotation>
                        <common:Annotation>
                            <common:AnnotationType>ORDER</common:AnnotationType>
                            <common:AnnotationText xml:lang="en">450</common:AnnotationText>
                            <common:AnnotationText xml:lang="fr">450</common:AnnotationText>
                        </common:Annotation>
                    </common:Annotations>
                    <common:Name xml:lang="en">G20 OECD countries</common:Name>
                    <common:Name xml:lang="fr">Pays du G20 de l'OCDE</common:Name>
                </structure:Code>
                <structure:Code id="G20XOECD">
                    <common:Annotations>
                        <common:Annotation>
                            <common:AnnotationTitle>ARG+BRA+CHN+IND+IDN+RUS+SAU+ZAF</common:AnnotationTitle>
                            <common:AnnotationType>COMP_RULE</common:AnnotationType>
                        </common:Annotation>
                        <common:Annotation>
                            <common:AnnotationType>ORDER</common:AnnotationType>
                            <common:AnnotationText xml:lang="en">460</common:AnnotationText>
                            <common:AnnotationText xml:lang="fr">460</common:AnnotationText>
                        </common:Annotation>
                    </common:Annotations>
                    <common:Name xml:lang="en">G20 Non-OECD countries</common:Name>
                    <common:Name xml:lang="fr">Pays du G20 hors OCDE</common:Name>
                </structure:Code>
                <structure:Code id="G20_A">
                    <common:Annotations>
                        <common:Annotation>
                            <common:AnnotationType>ORDER</common:AnnotationType>
                            <common:AnnotationText xml:lang="en">470</common:AnnotationText>
                            <common:AnnotationText xml:lang="fr">470</common:AnnotationText>
                        </common:Annotation>
                    </common:Annotations>
                    <common:Name xml:lang="en">G20 advanced economies</common:Name>
                    <common:Name xml:lang="fr">Économies du G20 avancées</common:Name>
                </structure:Code>
                <structure:Code id="G20_E">
                    <common:Annotations>
                        <common:Annotation>
                            <common:AnnotationType>ORDER</common:AnnotationType>
                            <common:AnnotationText xml:lang="en">480</common:AnnotationText>
                            <common:AnnotationText xml:lang="fr">480</common:AnnotationText>
                        </common:Annotation>
                    </common:Annotations>
                    <common:Name xml:lang="en">G20 emerging economies</common:Name>
                    <common:Name xml:lang="fr">Économies du G20 émergentes</common:Name>
                </structure:Code>
                <structure:Code id="EA">
                    <common:Annotations>
                        <common:Annotation>
                            <common:AnnotationType>ORDER</common:AnnotationType>
                            <common:AnnotationText xml:lang="en">490</common:AnnotationText>
                            <common:AnnotationText xml:lang="fr">490</common:AnnotationText>
                        </common:Annotation>
                    </common:Annotations>
                    <common:Name xml:lang="en">Euro area</common:Name>
                    <common:Name xml:lang="fr">Zone euro</common:Name>
                </structure:Code>
                <structure:Code id="EA00">
                    <common:Annotations>
                        <common:Annotation>
                            <common:AnnotationTitle>BEL+DEU+IRL+ESP+FRA+ITA+LUX+NLD+AUT+PRT+FIN+GRC+SVN+CYP+MLT+SVK+EST+LVA+LTU</common:AnnotationTitle>
                            <common:AnnotationType>COMP_RULE</common:AnnotationType>
                        </common:Annotation>
                        <common:Annotation>
                            <common:AnnotationType>ORDER</common:AnnotationType>
                            <common:AnnotationText xml:lang="en">500</common:AnnotationText>
                            <common:AnnotationText xml:lang="fr">500</common:AnnotationText>
                        </common:Annotation>
                    </common:Annotations>
                    <common:Name xml:lang="en">Euro area (evolving composition)</common:Name>
                    <common:Name xml:lang="fr">Zone euro (composition évolutive)</common:Name>
                </structure:Code>
                <structure:Code id="EA11">
                    <common:Annotations>
                        <common:Annotation>
                            <common:AnnotationTitle>AUT+BEL+FIN+FRA+DEU+IRL+ITA+LUX+NLD+PRT+ESP</common:AnnotationTitle>
                            <common:AnnotationType>COMP_RULE</common:AnnotationType>
                        </common:Annotation>
                        <common:Annotation>
                            <common:AnnotationType>ORDER</common:AnnotationType>
                            <common:AnnotationText xml:lang="en">510</common:AnnotationText>
                            <common:AnnotationText xml:lang="fr">510</common:AnnotationText>
                        </common:Annotation>
                    </common:Annotations>
                    <common:Name xml:lang="en">Euro area (11 countries)</common:Name>
                    <common:Name xml:lang="fr">Zone euro (11 pays)</common:Name>
                </structure:Code>
                <structure:Code id="EA12">
                    <common:Annotations>
                        <common:Annotation>
                            <common:AnnotationTitle>AUT+BEL+FIN+FRA+DEU+IRL+ITA+LUX+NLD+PRT+ESP+GRC</common:AnnotationTitle>
                            <common:AnnotationType>COMP_RULE</common:AnnotationType>
                        </common:Annotation>
                        <common:Annotation>
                            <common:AnnotationType>ORDER</common:AnnotationType>
                            <common:AnnotationText xml:lang="en">520</common:AnnotationText>
                            <common:AnnotationText xml:lang="fr">520</common:AnnotationText>
                        </common:Annotation>
                    </common:Annotations>
                    <common:Name xml:lang="en">Euro area (12 countries)</common:Name>
                    <common:Name xml:lang="fr">Zone euro (12 pays)</common:Name>
                </structure:Code>
                <structure:Code id="EA13">
                    <common:Annotations>
                        <common:Annotation>
                            <common:AnnotationTitle>AUT+BEL+FIN+FRA+DEU+IRL+ITA+LUX+NLD+PRT+ESP+GRC+SVN</common:AnnotationTitle>
                            <common:AnnotationType>COMP_RULE</common:AnnotationType>
                        </common:Annotation>
                        <common:Annotation>
                            <common:AnnotationType>ORDER</common:AnnotationType>
                            <common:AnnotationText xml:lang="en">530</common:AnnotationText>
                            <common:AnnotationText xml:lang="fr">530</common:AnnotationText>
                        </common:Annotation>
                    </common:Annotations>
                    <common:Name xml:lang="en">Euro area (13 countries)</common:Name>
                    <common:Name xml:lang="fr">Zone euro (13 pays)</common:Name>
                </structure:Code>
                <structure:Code id="EA15">
                    <common:Annotations>
                        <common:Annotation>
                            <common:AnnotationTitle>BEL+DEU+IRL+ESP+FRA+ITA+LUX+NLD+AUT+PRT+FIN+GRC+SVN+CYP+MLT</common:AnnotationTitle>
                            <common:AnnotationType>COMP_RULE</common:AnnotationType>
                        </common:Annotation>
                        <common:Annotation>
                            <common:AnnotationType>ORDER</common:AnnotationType>
                            <common:AnnotationText xml:lang="en">540</common:AnnotationText>
                            <common:AnnotationText xml:lang="fr">540</common:AnnotationText>
                        </common:Annotation>
                    </common:Annotations>
                    <common:Name xml:lang="en">Euro area (15 countries)</common:Name>
                    <common:Name xml:lang="fr">Zone euro (15 pays)</common:Name>
                </structure:Code>
                <structure:Code id="EA16">
                    <common:Annotations>
                        <common:Annotation>
                            <common:AnnotationTitle>BEL+DEU+IRL+ESP+FRA+ITA+LUX+NLD+AUT+PRT+FIN+GRC+SVN+CYP+MLT+SVK</common:AnnotationTitle>
                            <common:AnnotationType>COMP_RULE</common:AnnotationType>
                        </common:Annotation>
                        <common:Annotation>
                            <common:AnnotationType>ORDER</common:AnnotationType>
                            <common:AnnotationText xml:lang="en">550</common:AnnotationText>
                            <common:AnnotationText xml:lang="fr">550</common:AnnotationText>
                        </common:Annotation>
                    </common:Annotations>
                    <common:Name xml:lang="en">Euro area (16 countries)</common:Name>
                    <common:Name xml:lang="fr">Zone euro (16 pays)</common:Name>
                </structure:Code>
                <structure:Code id="EA17">
                    <common:Annotations>
                        <common:Annotation>
                            <common:AnnotationTitle>BEL+DEU+IRL+ESP+FRA+ITA+LUX+NLD+AUT+PRT+FIN+GRC+SVN+CYP+MLT+SVK+EST</common:AnnotationTitle>
                            <common:AnnotationType>COMP_RULE</common:AnnotationType>
                        </common:Annotation>
                        <common:Annotation>
                            <common:AnnotationType>ORDER</common:AnnotationType>
                            <common:AnnotationText xml:lang="en">560</common:AnnotationText>
                            <common:AnnotationText xml:lang="fr">560</common:AnnotationText>
                        </common:Annotation>
                    </common:Annotations>
                    <common:Name xml:lang="en">Euro area (17 countries)</common:Name>
                    <common:Name xml:lang="fr">Zone euro (17 pays)</common:Name>
                </structure:Code>
                <structure:Code id="EA18">
                    <common:Annotations>
                        <common:Annotation>
                            <common:AnnotationTitle>BEL+DEU+IRL+ESP+FRA+ITA+LUX+NLD+AUT+PRT+FIN+GRC+SVN+CYP+MLT+SVK+EST+LVA</common:AnnotationTitle>
                            <common:AnnotationType>COMP_RULE</common:AnnotationType>
                        </common:Annotation>
                        <common:Annotation>
                            <common:AnnotationType>ORDER</common:AnnotationType>
                            <common:AnnotationText xml:lang="en">570</common:AnnotationText>
                            <common:AnnotationText xml:lang="fr">570</common:AnnotationText>
                        </common:Annotation>
                    </common:Annotations>
                    <common:Name xml:lang="en">Euro area (18 countries)</common:Name>
                    <common:Name xml:lang="fr">Zone euro (18 pays)</common:Name>
                </structure:Code>
                <structure:Code id="EA19">
                    <common:Annotations>
                        <common:Annotation>
                            <common:AnnotationTitle>BEL+DEU+IRL+ESP+FRA+ITA+LUX+NLD+AUT+PRT+FIN+GRC+SVN+CYP+MLT+SVK+EST+LVA+LTU</common:AnnotationTitle>
                            <common:AnnotationType>COMP_RULE</common:AnnotationType>
                        </common:Annotation>
                        <common:Annotation>
                            <common:AnnotationType>ORDER</common:AnnotationType>
                            <common:AnnotationText xml:lang="en">580</common:AnnotationText>
                            <common:AnnotationText xml:lang="fr">580</common:AnnotationText>
                        </common:Annotation>
                    </common:Annotations>
                    <common:Name xml:lang="en">Euro area (19 countries)</common:Name>
                    <common:Name xml:lang="fr">Zone euro (19 pays)</common:Name>
                </structure:Code>
                <structure:Code id="EA_X">
                    <common:Annotations>
                        <common:Annotation>
                            <common:AnnotationType>ORDER</common:AnnotationType>
                            <common:AnnotationText xml:lang="en">590</common:AnnotationText>
                            <common:AnnotationText xml:lang="fr">590</common:AnnotationText>
                        </common:Annotation>
                    </common:Annotations>
                    <common:Name xml:lang="en">Euro area unspecified</common:Name>
                    <common:Name xml:lang="fr">Zone euro non spécifié</common:Name>
                </structure:Code>
                <structure:Code id="EA00_X">
                    <common:Annotations>
                        <common:Annotation>
                            <common:AnnotationType>ORDER</common:AnnotationType>
                            <common:AnnotationText xml:lang="en">600</common:AnnotationText>
                            <common:AnnotationText xml:lang="fr">600</common:AnnotationText>
                        </common:Annotation>
                    </common:Annotations>
                    <common:Name xml:lang="en">Euro area (evolving composition) unspecified</common:Name>
                    <common:Name xml:lang="fr">Zone euro (composition évolutive) non spécifié</common:Name>
                </structure:Code>
                <structure:Code id="EA11_X">
                    <common:Annotations>
                        <common:Annotation>
                            <common:AnnotationType>ORDER</common:AnnotationType>
                            <common:AnnotationText xml:lang="en">610</common:AnnotationText>
                            <common:AnnotationText xml:lang="fr">610</common:AnnotationText>
                        </common:Annotation>
                    </common:Annotations>
                    <common:Name xml:lang="en">Euro area (11 countries) unspecified</common:Name>
                    <common:Name xml:lang="fr">Zone euro (11 pays) non spécifié</common:Name>
                </structure:Code>
                <structure:Code id="EA12_X">
                    <common:Annotations>
                        <common:Annotation>
                            <common:AnnotationType>ORDER</common:AnnotationType>
                            <common:AnnotationText xml:lang="en">620</common:AnnotationText>
                            <common:AnnotationText xml:lang="fr">620</common:AnnotationText>
                        </common:Annotation>
                    </common:Annotations>
                    <common:Name xml:lang="en">Euro area (12 countries) unspecified</common:Name>
                    <common:Name xml:lang="fr">Zone euro (12 pays) non spécifié</common:Name>
                </structure:Code>
                <structure:Code id="EA13_X">
                    <common:Annotations>
                        <common:Annotation>
                            <common:AnnotationType>ORDER</common:AnnotationType>
                            <common:AnnotationText xml:lang="en">630</common:AnnotationText>
                            <common:AnnotationText xml:lang="fr">630</common:AnnotationText>
                        </common:Annotation>
                    </common:Annotations>
                    <common:Name xml:lang="en">Euro area (13 countries) unspecified</common:Name>
                    <common:Name xml:lang="fr">Zone euro (13 pays) non spécifié</common:Name>
                </structure:Code>
                <structure:Code id="EA15_X">
                    <common:Annotations>
                        <common:Annotation>
                            <common:AnnotationType>ORDER</common:AnnotationType>
                            <common:AnnotationText xml:lang="en">640</common:AnnotationText>
                            <common:AnnotationText xml:lang="fr">640</common:AnnotationText>
                        </common:Annotation>
                    </common:Annotations>
                    <common:Name xml:lang="en">Euro area (15 countries) unspecified</common:Name>
                    <common:Name xml:lang="fr">Zone euro (15 pays) non spécifié</common:Name>
                </structure:Code>
                <structure:Code id="EA16_X">
                    <common:Annotations>
                        <common:Annotation>
                            <common:AnnotationType>ORDER</common:AnnotationType>
                            <common:AnnotationText xml:lang="en">650</common:AnnotationText>
                            <common:AnnotationText xml:lang="fr">650</common:AnnotationText>
                        </common:Annotation>
                    </common:Annotations>
                    <common:Name xml:lang="en">Euro area (16 countries) unspecified</common:Name>
                    <common:Name xml:lang="fr">Zone euro (16 pays) non spécifié</common:Name>
                </structure:Code>
                <structure:Code id="EA17_X">
                    <common:Annotations>
                        <common:Annotation>
                            <common:AnnotationType>ORDER</common:AnnotationType>
                            <common:AnnotationText xml:lang="en">660</common:AnnotationText>
                            <common:AnnotationText xml:lang="fr">660</common:AnnotationText>
                        </common:Annotation>
                    </common:Annotations>
                    <common:Name xml:lang="en">Euro area (17 countries) unspecified</common:Name>
                    <common:Name xml:lang="fr">Zone euro (17 pays) non spécifié</common:Name>
                </structure:Code>
                <structure:Code id="EA18_X">
                    <common:Annotations>
                        <common:Annotation>
                            <common:AnnotationType>ORDER</common:AnnotationType>
                            <common:AnnotationText xml:lang="en">670</common:AnnotationText>
                            <common:AnnotationText xml:lang="fr">670</common:AnnotationText>
                        </common:Annotation>
                    </common:Annotations>
                    <common:Name xml:lang="en">Euro area (18 countries) unspecified</common:Name>
                    <common:Name xml:lang="fr">Zone euro (18 pays) non spécifié</common:Name>
                </structure:Code>
                <structure:Code id="EA19_X">
                    <common:Annotations>
                        <common:Annotation>
                            <common:AnnotationType>ORDER</common:AnnotationType>
                            <common:AnnotationText xml:lang="en">680</common:AnnotationText>
                            <common:AnnotationText xml:lang="fr">680</common:AnnotationText>
                        </common:Annotation>
                    </common:Annotations>
                    <common:Name xml:lang="en">Euro area (19 countries) unspecified</common:Name>
                    <common:Name xml:lang="fr">Zone euro (19 pays) non spécifié</common:Name>
                </structure:Code>
                <structure:Code id="EU">
                    <common:Annotations>
                        <common:Annotation>
                            <common:AnnotationType>ORDER</common:AnnotationType>
                            <common:AnnotationText xml:lang="en">690</common:AnnotationText>
                            <common:AnnotationText xml:lang="fr">690</common:AnnotationText>
                        </common:Annotation>
                    </common:Annotations>
                    <common:Name xml:lang="en">European Union</common:Name>
                    <common:Name xml:lang="fr">Union européenne</common:Name>
                </structure:Code>
                <structure:Code id="EU00">
                    <common:Annotations>
                        <common:Annotation>
                            <common:AnnotationTitle>BEL+FRA+DEU+ITA+LUX+NLD+DNK+IRL+GRC+PRT+ESP+AUT+FIN+SWE+HUN+CYP+CZE+EST+LVA+LTU+MLT+POL+SVK+SVN+BGR+ROU+HRV</common:AnnotationTitle>
                            <common:AnnotationType>COMP_RULE</common:AnnotationType>
                        </common:Annotation>
                        <common:Annotation>
                            <common:AnnotationType>ORDER</common:AnnotationType>
                            <common:AnnotationText xml:lang="en">700</common:AnnotationText>
                            <common:AnnotationText xml:lang="fr">700</common:AnnotationText>
                        </common:Annotation>
                    </common:Annotations>
                    <common:Name xml:lang="en">European Union (evolving composition)</common:Name>
                    <common:Name xml:lang="fr">Union européenne (composition évolutive)</common:Name>
                </structure:Code>
                <structure:Code id="EU15">
                    <common:Annotations>
                        <common:Annotation>
                            <common:AnnotationTitle>BEL+FRA+DEU+ITA+LUX+NLD+GBR+DNK+IRL+GRC+PRT+ESP+AUT+FIN+SWE</common:AnnotationTitle>
                            <common:AnnotationType>COMP_RULE</common:AnnotationType>
                        </common:Annotation>
                        <common:Annotation>
                            <common:AnnotationType>ORDER</common:AnnotationType>
                            <common:AnnotationText xml:lang="en">710</common:AnnotationText>
                            <common:AnnotationText xml:lang="fr">710</common:AnnotationText>
                        </common:Annotation>
                    </common:Annotations>
                    <common:Name xml:lang="en">European Union (15 countries)</common:Name>
                    <common:Name xml:lang="fr">Union européenne (15 pays)</common:Name>
                </structure:Code>
                <structure:Code id="EU25">
                    <common:Annotations>
                        <common:Annotation>
                            <common:AnnotationTitle>BEL+FRA+DEU+ITA+LUX+NLD+GBR+DNK+IRL+GRC+PRT+ESP+AUT+FIN+SWE+HUN+CYP+CZE+EST+LVA+LTU+MLT+POL+SVK+SVN</common:AnnotationTitle>
                            <common:AnnotationType>COMP_RULE</common:AnnotationType>
                        </common:Annotation>
                        <common:Annotation>
                            <common:AnnotationType>ORDER</common:AnnotationType>
                            <common:AnnotationText xml:lang="en">720</common:AnnotationText>
                            <common:AnnotationText xml:lang="fr">720</common:AnnotationText>
                        </common:Annotation>
                    </common:Annotations>
                    <common:Name xml:lang="en">European Union (25 countries)</common:Name>
                    <common:Name xml:lang="fr">Union européenne (25 pays)</common:Name>
                </structure:Code>
                <structure:Code id="EU27">
                    <common:Annotations>
                        <common:Annotation>
                            <common:AnnotationTitle>BEL+FRA+DEU+ITA+LUX+NLD+GBR+DNK+IRL+GRC+PRT+ESP+AUT+FIN+SWE+HUN+CYP+CZE+EST+LVA+LTU+MLT+POL+SVK+SVN+BGR+ROU</common:AnnotationTitle>
                            <common:AnnotationType>COMP_RULE</common:AnnotationType>
                        </common:Annotation>
                        <common:Annotation>
                            <common:AnnotationType>ORDER</common:AnnotationType>
                            <common:AnnotationText xml:lang="en">730</common:AnnotationText>
                            <common:AnnotationText xml:lang="fr">730</common:AnnotationText>
                        </common:Annotation>
                    </common:Annotations>
                    <common:Name xml:lang="en">European Union (27 countries)</common:Name>
                    <common:Name xml:lang="fr">Union européenne (27 pays)</common:Name>
                </structure:Code>
                <structure:Code id="EU28">
                    <common:Annotations>
                        <common:Annotation>
                            <common:AnnotationTitle>BEL+FRA+DEU+ITA+LUX+NLD+GBR+DNK+IRL+GRC+PRT+ESP+AUT+FIN+SWE+HUN+CYP+CZE+EST+LVA+LTU+MLT+POL+SVK+SVN+BGR+ROU+HRV</common:AnnotationTitle>
                            <common:AnnotationType>COMP_RULE</common:AnnotationType>
                        </common:Annotation>
                        <common:Annotation>
                            <common:AnnotationType>ORDER</common:AnnotationType>
                            <common:AnnotationText xml:lang="en">740</common:AnnotationText>
                            <common:AnnotationText xml:lang="fr">740</common:AnnotationText>
                        </common:Annotation>
                    </common:Annotations>
                    <common:Name xml:lang="en">European Union (28 countries)</common:Name>
                    <common:Name xml:lang="fr">Union européenne (28 pays)</common:Name>
                </structure:Code>
                <structure:Code id="EU27_2020">
                    <common:Annotations>
                        <common:Annotation>
                            <common:AnnotationTitle>BEL+FRA+DEU+ITA+LUX+NLD+DNK+IRL+GRC+PRT+ESP+AUT+FIN+SWE+HUN+CYP+CZE+EST+LVA+LTU+MLT+POL+SVK+SVN+BGR+ROU+HRV</common:AnnotationTitle>
                            <common:AnnotationType>COMP_RULE</common:AnnotationType>
                        </common:Annotation>
                        <common:Annotation>
                            <common:AnnotationType>ORDER</common:AnnotationType>
                            <common:AnnotationText xml:lang="en">750</common:AnnotationText>
                            <common:AnnotationText xml:lang="fr">750</common:AnnotationText>
                        </common:Annotation>
                    </common:Annotations>
                    <common:Name xml:lang="en">European Union – 27 countries (from 01/02/2020)</common:Name>
                    <common:Name xml:lang="fr">Union européenne – 27 pays (à partir du 01/02/2020)</common:Name>
                </structure:Code>
                <structure:Code id="EUOECD">
                    <common:Annotations>
                        <common:Annotation>
                            <common:AnnotationType>ORDER</common:AnnotationType>
                            <common:AnnotationText xml:lang="en">760</common:AnnotationText>
                            <common:AnnotationText xml:lang="fr">760</common:AnnotationText>
                        </common:Annotation>
                    </common:Annotations>
                    <common:Name xml:lang="en">European Union countries in OECD</common:Name>
                    <common:Name xml:lang="fr">Membres de l'Union européenne et de l'OCDE</common:Name>
                </structure:Code>
                <structure:Code id="EU13OECD">
                    <common:Annotations>
                        <common:Annotation>
                            <common:AnnotationTitle>AUT+BEL+DNK+FRA+DEU+GRC+IRL+LUX+NLD+PRT+ESP+SWE+GBR</common:AnnotationTitle>
                            <common:AnnotationType>COMP_RULE</common:AnnotationType>
                        </common:Annotation>
                        <common:Annotation>
                            <common:AnnotationType>ORDER</common:AnnotationType>
                            <common:AnnotationText xml:lang="en">770</common:AnnotationText>
                            <common:AnnotationText xml:lang="fr">770</common:AnnotationText>
                        </common:Annotation>
                    </common:Annotations>
                    <common:Name xml:lang="en">European Union (13 countries) in OECD</common:Name>
                    <common:Name xml:lang="fr">13 Membres de l'Union européenne et de l'OCDE</common:Name>
                </structure:Code>
                <structure:Code id="EU14OECD">
                    <common:Annotations>
                        <common:Annotation>
                            <common:AnnotationTitle>AUT+BEL+DNK+FRA+DEU+GRC+IRL+ITA+LUX+NLD+PRT+ESP+SWE+GBR</common:AnnotationTitle>
                            <common:AnnotationType>COMP_RULE</common:AnnotationType>
                        </common:Annotation>
                        <common:Annotation>
                            <common:AnnotationType>ORDER</common:AnnotationType>
                            <common:AnnotationText xml:lang="en">780</common:AnnotationText>
                            <common:AnnotationText xml:lang="fr">780</common:AnnotationText>
                        </common:Annotation>
                    </common:Annotations>
                    <common:Name xml:lang="en">European Union (14 countries) in OECD</common:Name>
                    <common:Name xml:lang="fr">14 Membres de l'Union européenne et de l'OCDE</common:Name>
                </structure:Code>
                <structure:Code id="EU19OECD">
                    <common:Annotations>
                        <common:Annotation>
                            <common:AnnotationTitle>AUT+BEL+CZE+DNK+FIN+FRA+DEU+GRC+HUN+IRL+ITA+LUX+NLD+POL+PRT+ESP+SWE+SVK+GBR</common:AnnotationTitle>
                            <common:AnnotationType>COMP_RULE</common:AnnotationType>
                        </common:Annotation>
                        <common:Annotation>
                            <common:AnnotationType>ORDER</common:AnnotationType>
                            <common:AnnotationText xml:lang="en">790</common:AnnotationText>
                            <common:AnnotationText xml:lang="fr">790</common:AnnotationText>
                        </common:Annotation>
                    </common:Annotations>
                    <common:Name xml:lang="en">European Union (19 countries) in OECD</common:Name>
                    <common:Name xml:lang="fr">19 Membres de l'Union européenne et de l'OCDE</common:Name>
                </structure:Code>
                <structure:Code id="EU20OECD">
                    <common:Annotations>
                        <common:Annotation>
                            <common:AnnotationTitle>AUT+BEL+CZE+DNK+FIN+FRA+DEU+GRC+HUN+IRL+ITA+LUX+NLD+POL+PRT+ESP+SWE+SVK+SVN+GBR</common:AnnotationTitle>
                            <common:AnnotationType>COMP_RULE</common:AnnotationType>
                        </common:Annotation>
                        <common:Annotation>
                            <common:AnnotationType>ORDER</common:AnnotationType>
                            <common:AnnotationText xml:lang="en">800</common:AnnotationText>
                            <common:AnnotationText xml:lang="fr">800</common:AnnotationText>
                        </common:Annotation>
                    </common:Annotations>
                    <common:Name xml:lang="en">European Union (20 countries) in OECD</common:Name>
                    <common:Name xml:lang="fr">20 Membres de l'Union européenne et de l'OCDE</common:Name>
                </structure:Code>
                <structure:Code id="EU21OECD">
                    <common:Annotations>
                        <common:Annotation>
                            <common:AnnotationTitle>AUT+BEL+CZE+EST+DNK+FIN+FRA+DEU+GRC+HUN+IRL+ITA+LUX+NLD+POL+PRT+ESP+SWE+SVK+SVN+GBR</common:AnnotationTitle>
                            <common:AnnotationType>COMP_RULE</common:AnnotationType>
                        </common:Annotation>
                        <common:Annotation>
                            <common:AnnotationType>ORDER</common:AnnotationType>
                            <common:AnnotationText xml:lang="en">810</common:AnnotationText>
                            <common:AnnotationText xml:lang="fr">810</common:AnnotationText>
                        </common:Annotation>
                    </common:Annotations>
                    <common:Name xml:lang="en">European Union (21 countries) in OECD</common:Name>
                    <common:Name xml:lang="fr">21 Membres de l'Union européenne et de l'OCDE</common:Name>
                </structure:Code>
                <structure:Code id="EU22OECD">
                    <common:Annotations>
                        <common:Annotation>
                            <common:AnnotationTitle>AUT+BEL+CZE+EST+DNK+FIN+FRA+DEU+GRC+HUN+IRL+ITA+LUX+LVA+NLD+POL+PRT+ESP+SWE+SVK+SVN+GBR</common:AnnotationTitle>
                            <common:AnnotationType>COMP_RULE</common:AnnotationType>
                        </common:Annotation>
                        <common:Annotation>
                            <common:AnnotationType>ORDER</common:AnnotationType>
                            <common:AnnotationText xml:lang="en">820</common:AnnotationText>
                            <common:AnnotationText xml:lang="fr">820</common:AnnotationText>
                        </common:Annotation>
                    </common:Annotations>
                    <common:Name xml:lang="en">European Union (22 countries) in OECD</common:Name>
                    <common:Name xml:lang="fr">22 Membres de l'Union européenne et de l'OCDE</common:Name>
                </structure:Code>
                <structure:Code id="EU22OECD_2020">
                    <common:Annotations>
                        <common:Annotation>
                            <common:AnnotationTitle>AUT+BEL+CZE+DNK+EST+FIN+FRA+DEU+GRC+HUN+IRL+ITA+LVA+LTU+LUX+NLD+POL+PRT+SVK+SVN+ESP+SWE</common:AnnotationTitle>
                            <common:AnnotationType>COMP_RULE</common:AnnotationType>
                        </common:Annotation>
                        <common:Annotation>
                            <common:AnnotationType>ORDER</common:AnnotationType>
                            <common:AnnotationText xml:lang="en">830</common:AnnotationText>
                            <common:AnnotationText xml:lang="fr">830</common:AnnotationText>
                        </common:Annotation>
                    </common:Annotations>
                    <common:Name xml:lang="en">European Union (22 countries) in OECD (from 01/02/2020)</common:Name>
                    <common:Name xml:lang="fr">22 Membres de l'Union européenne et de l'OCDE (à partir du 01/02/2020)</common:Name>
                </structure:Code>
                <structure:Code id="EU23OECD">
                    <common:Annotations>
                        <common:Annotation>
                            <common:AnnotationTitle>AUT+BEL+CZE+DNK+EST+FIN+FRA+DEU+GRC+HUN+IRL+ITA+LVA+LTU+LUX+NLD+POL+PRT+SVK+SVN+ESP+SWE+GBR</common:AnnotationTitle>
                            <common:AnnotationType>COMP_RULE</common:AnnotationType>
                        </common:Annotation>
                        <common:Annotation>
                            <common:AnnotationType>ORDER</common:AnnotationType>
                            <common:AnnotationText xml:lang="en">840</common:AnnotationText>
                            <common:AnnotationText xml:lang="fr">840</common:AnnotationText>
                        </common:Annotation>
                    </common:Annotations>
                    <common:Name xml:lang="en">European Union (23 countries) in OECD</common:Name>
                    <common:Name xml:lang="fr">23 Membres de l'Union européenne et de l'OCDE</common:Name>
                </structure:Code>
                <structure:Code id="EU_X">
                    <common:Annotations>
                        <common:Annotation>
                            <common:AnnotationType>ORDER</common:AnnotationType>
                            <common:AnnotationText xml:lang="en">850</common:AnnotationText>
                            <common:AnnotationText xml:lang="fr">850</common:AnnotationText>
                        </common:Annotation>
                    </common:Annotations>
                    <common:Name xml:lang="en">European Union unspecified</common:Name>
                    <common:Name xml:lang="fr">Union européenne non spécifié</common:Name>
                </structure:Code>
                <structure:Code id="EU00_X">
                    <common:Annotations>
                        <common:Annotation>
                            <common:AnnotationType>ORDER</common:AnnotationType>
                            <common:AnnotationText xml:lang="en">860</common:AnnotationText>
                            <common:AnnotationText xml:lang="fr">860</common:AnnotationText>
                        </common:Annotation>
                    </common:Annotations>
                    <common:Name xml:lang="en">European Union (evolving composition) unspecified</common:Name>
                    <common:Name xml:lang="fr">Union européenne (composition évolutive) non spécifié</common:Name>
                </structure:Code>
                <structure:Code id="EU15_X">
                    <common:Annotations>
                        <common:Annotation>
                            <common:AnnotationType>ORDER</common:AnnotationType>
                            <common:AnnotationText xml:lang="en">870</common:AnnotationText>
                            <common:AnnotationText xml:lang="fr">870</common:AnnotationText>
                        </common:Annotation>
                    </common:Annotations>
                    <common:Name xml:lang="en">European Union (15 countries) unspecified</common:Name>
                    <common:Name xml:lang="fr">Union européenne (15 pays) non spécifié</common:Name>
                </structure:Code>
                <structure:Code id="EU25_X">
                    <common:Annotations>
                        <common:Annotation>
                            <common:AnnotationType>ORDER</common:AnnotationType>
                            <common:AnnotationText xml:lang="en">880</common:AnnotationText>
                            <common:AnnotationText xml:lang="fr">880</common:AnnotationText>
                        </common:Annotation>
                    </common:Annotations>
                    <common:Name xml:lang="en">European Union (25 countries) unspecified</common:Name>
                    <common:Name xml:lang="fr">Union européenne (25 pays) non spécifié</common:Name>
                </structure:Code>
                <structure:Code id="EU27_X">
                    <common:Annotations>
                        <common:Annotation>
                            <common:AnnotationType>ORDER</common:AnnotationType>
                            <common:AnnotationText xml:lang="en">890</common:AnnotationText>
                            <common:AnnotationText xml:lang="fr">890</common:AnnotationText>
                        </common:Annotation>
                    </common:Annotations>
                    <common:Name xml:lang="en">European Union (27 countries) unspecified</common:Name>
                    <common:Name xml:lang="fr">Union européenne (27 pays) non spécifié</common:Name>
                </structure:Code>
                <structure:Code id="EU28_X">
                    <common:Annotations>
                        <common:Annotation>
                            <common:AnnotationType>ORDER</common:AnnotationType>
                            <common:AnnotationText xml:lang="en">900</common:AnnotationText>
                            <common:AnnotationText xml:lang="fr">900</common:AnnotationText>
                        </common:Annotation>
                    </common:Annotations>
                    <common:Name xml:lang="en">European Union (28 countries) unspecified</common:Name>
                    <common:Name xml:lang="fr">Union européenne (28 pays) non spécifié</common:Name>
                </structure:Code>
                <structure:Code id="EU27_2020_X">
                    <common:Annotations>
                        <common:Annotation>
                            <common:AnnotationType>ORDER</common:AnnotationType>
                            <common:AnnotationText xml:lang="en">910</common:AnnotationText>
                            <common:AnnotationText xml:lang="fr">910</common:AnnotationText>
                        </common:Annotation>
                    </common:Annotations>
                    <common:Name xml:lang="en">European Union – 27 countries (from 01/02/2020) unspecified</common:Name>
                    <common:Name xml:lang="fr">Union européenne – 27 pays (à partir du 01/02/2020) non spécifié</common:Name>
                </structure:Code>
                <structure:Code id="EXEU">
                    <common:Annotations>
                        <common:Annotation>
                            <common:AnnotationType>ORDER</common:AnnotationType>
                            <common:AnnotationText xml:lang="en">920</common:AnnotationText>
                            <common:AnnotationText xml:lang="fr">920</common:AnnotationText>
                        </common:Annotation>
                    </common:Annotations>
                    <common:Name xml:lang="en">Extra European Union</common:Name>
                    <common:Name xml:lang="fr">Extra Union européenne</common:Name>
                </structure:Code>
                <structure:Code id="OECD">
                    <common:Annotations>
                        <common:Annotation>
                            <common:AnnotationType>ORDER</common:AnnotationType>
                            <common:AnnotationText xml:lang="en">930</common:AnnotationText>
                            <common:AnnotationText xml:lang="fr">930</common:AnnotationText>
                        </common:Annotation>
                    </common:Annotations>
                    <common:Name xml:lang="en">OECD countries</common:Name>
                    <common:Name xml:lang="fr">Pays de l'OECD</common:Name>
                </structure:Code>
                <structure:Code id="OECD00">
                    <common:Annotations>
                        <common:Annotation>
                            <common:AnnotationTitle>AUS+AUT+BEL+CAN+CHL+COL+CZE+DNK+EST+FIN+FRA+DEU+GRC+HUN+ISL+IRL+ISR+ITA+JPN+KOR+LVA+LTU+LUX+MEX+NLD+NZL+NOR+POL+PRT+SVK+SVN+ESP+SWE+CHE+TUR+GBR+USA+CRI</common:AnnotationTitle>
                            <common:AnnotationType>COMP_RULE</common:AnnotationType>
                        </common:Annotation>
                        <common:Annotation>
                            <common:AnnotationType>ORDER</common:AnnotationType>
                            <common:AnnotationText xml:lang="en">940</common:AnnotationText>
                            <common:AnnotationText xml:lang="fr">940</common:AnnotationText>
                        </common:Annotation>
                    </common:Annotations>
                    <common:Name xml:lang="en">OECD countries (evolving composition)</common:Name>
                    <common:Name xml:lang="fr">Pays de l'OCDE (composition évolutive)</common:Name>
                </structure:Code>
                <structure:Code id="OECD26">
                    <common:Annotations>
                        <common:Annotation>
                            <common:AnnotationTitle>AUS+AUT+BEL+CAN+DNK+FIN+FRA+DEU+GRC+ISL+IRL+ITA+JPN+KOR+LUX+MEX+NLD+NZL+NOR+PRT+ESP+SWE+CHE+TUR+GBR+USA</common:AnnotationTitle>
                            <common:AnnotationType>COMP_RULE</common:AnnotationType>
                        </common:Annotation>
                        <common:Annotation>
                            <common:AnnotationType>ORDER</common:AnnotationType>
                            <common:AnnotationText xml:lang="en">950</common:AnnotationText>
                            <common:AnnotationText xml:lang="fr">950</common:AnnotationText>
                        </common:Annotation>
                    </common:Annotations>
                    <common:Name xml:lang="en">OECD (26 countries)</common:Name>
                    <common:Name xml:lang="fr">OCDE (26 pays)</common:Name>
                </structure:Code>
                <structure:Code id="OECD30">
                    <common:Annotations>
                        <common:Annotation>
                            <common:AnnotationTitle>AUS+AUT+BEL+CAN+CZE+DNK+FIN+FRA+DEU+GRC+HUN+ISL+IRL+ITA+JPN+KOR+LUX+MEX+NLD+NZL+NOR+POL+PRT+ESP+SWE+CHE+TUR+GBR+USA</common:AnnotationTitle>
                            <common:AnnotationType>COMP_RULE</common:AnnotationType>
                        </common:Annotation>
                        <common:Annotation>
                            <common:AnnotationType>ORDER</common:AnnotationType>
                            <common:AnnotationText xml:lang="en">960</common:AnnotationText>
                            <common:AnnotationText xml:lang="fr">960</common:AnnotationText>
                        </common:Annotation>
                    </common:Annotations>
                    <common:Name xml:lang="en">OECD (30 countries)</common:Name>
                    <common:Name xml:lang="fr">OCDE (30 pays)</common:Name>
                </structure:Code>
                <structure:Code id="OECD31">
                    <common:Annotations>
                        <common:Annotation>
                            <common:AnnotationTitle>AUS+AUT+BEL+CAN+CZE+DNK+FIN+FRA+DEU+GRC+HUN+ISL+IRL+ITA+JPN+KOR+LUX+MEX+NLD+NZL+NOR+POL+PRT+SVK+ESP+SWE+CHE+TUR+GBR+USA</common:AnnotationTitle>
                            <common:AnnotationType>COMP_RULE</common:AnnotationType>
                        </common:Annotation>
                        <common:Annotation>
                            <common:AnnotationType>ORDER</common:AnnotationType>
                            <common:AnnotationText xml:lang="en">970</common:AnnotationText>
                            <common:AnnotationText xml:lang="fr">970</common:AnnotationText>
                        </common:Annotation>
                    </common:Annotations>
                    <common:Name xml:lang="en">OECD (31 countries)</common:Name>
                    <common:Name xml:lang="fr">OCDE (31 pays)</common:Name>
                </structure:Code>
                <structure:Code id="OECD34">
                    <common:Annotations>
                        <common:Annotation>
                            <common:AnnotationTitle>AUS+AUT+BEL+CAN+CHL+CZE+DNK+EST+FIN+FRA+DEU+GRC+HUN+ISL+IRL+ISR+ITA+JPN+KOR+LUX+MEX+NLD+NZL+NOR+POL+PRT+SVK+SVN+ESP+SWE+CHE+TUR+GBR+USA</common:AnnotationTitle>
                            <common:AnnotationType>COMP_RULE</common:AnnotationType>
                        </common:Annotation>
                        <common:Annotation>
                            <common:AnnotationType>ORDER</common:AnnotationType>
                            <common:AnnotationText xml:lang="en">980</common:AnnotationText>
                            <common:AnnotationText xml:lang="fr">980</common:AnnotationText>
                        </common:Annotation>
                    </common:Annotations>
                    <common:Name xml:lang="en">OECD (34 countries)</common:Name>
                    <common:Name xml:lang="fr">OCDE (34 pays)</common:Name>
                </structure:Code>
                <structure:Code id="OECD35">
                    <common:Annotations>
                        <common:Annotation>
                            <common:AnnotationTitle>AUS+AUT+BEL+CAN+CHL+CZE+DNK+EST+FIN+FRA+DEU+GRC+HUN+ISL+IRL+ISR+ITA+JPN+KOR+LVA+LUX+MEX+NLD+NZL+NOR+POL+PRT+SVK+SVN+ESP+SWE+CHE+TUR+GBR+USA</common:AnnotationTitle>
                            <common:AnnotationType>COMP_RULE</common:AnnotationType>
                        </common:Annotation>
                        <common:Annotation>
                            <common:AnnotationType>ORDER</common:AnnotationType>
                            <common:AnnotationText xml:lang="en">990</common:AnnotationText>
                            <common:AnnotationText xml:lang="fr">990</common:AnnotationText>
                        </common:Annotation>
                    </common:Annotations>
                    <common:Name xml:lang="en">OECD (35 countries)</common:Name>
                    <common:Name xml:lang="fr">OCDE (35 pays)</common:Name>
                </structure:Code>
                <structure:Code id="OECD36">
                    <common:Annotations>
                        <common:Annotation>
                            <common:AnnotationTitle>AUS+AUT+BEL+CAN+CHL+CZE+DNK+EST+FIN+FRA+DEU+GRC+HUN+ISL+IRL+ISR+ITA+JPN+KOR+LVA+LTU+LUX+MEX+NLD+NZL+NOR+POL+PRT+SVK+SVN+ESP+SWE+CHE+TUR+GBR+USA</common:AnnotationTitle>
                            <common:AnnotationType>COMP_RULE</common:AnnotationType>
                        </common:Annotation>
                        <common:Annotation>
                            <common:AnnotationType>ORDER</common:AnnotationType>
                            <common:AnnotationText xml:lang="en">1000</common:AnnotationText>
                            <common:AnnotationText xml:lang="fr">1000</common:AnnotationText>
                        </common:Annotation>
                    </common:Annotations>
                    <common:Name xml:lang="en">OECD (36 countries)</common:Name>
                    <common:Name xml:lang="fr">OCDE (36 pays)</common:Name>
                </structure:Code>
                <structure:Code id="OECD37">
                    <common:Annotations>
                        <common:Annotation>
                            <common:AnnotationTitle>AUS+AUT+BEL+CAN+CHL+COL+CZE+DNK+EST+FIN+FRA+DEU+GRC+HUN+ISL+IRL+ISR+ITA+JPN+KOR+LVA+LTU+LUX+MEX+NLD+NZL+NOR+POL+PRT+SVK+SVN+ESP+SWE+CHE+TUR+GBR+USA</common:AnnotationTitle>
                            <common:AnnotationType>COMP_RULE</common:AnnotationType>
                        </common:Annotation>
                        <common:Annotation>
                            <common:AnnotationType>ORDER</common:AnnotationType>
                            <common:AnnotationText xml:lang="en">1010</common:AnnotationText>
                            <common:AnnotationText xml:lang="fr">1010</common:AnnotationText>
                        </common:Annotation>
                    </common:Annotations>
                    <common:Name xml:lang="en">OECD (37 countries)</common:Name>
                    <common:Name xml:lang="fr">OCDE (37 pays)</common:Name>
                </structure:Code>
                <structure:Code id="OECD38">
                    <common:Annotations>
                        <common:Annotation>
                            <common:AnnotationTitle>AUS+AUT+BEL+CAN+CHL+COL+CZE+DNK+EST+FIN+FRA+DEU+GRC+HUN+ISL+IRL+ISR+ITA+JPN+KOR+LVA+LTU+LUX+MEX+NLD+NZL+NOR+POL+PRT+SVK+SVN+ESP+SWE+CHE+TUR+GBR+USA+CRI</common:AnnotationTitle>
                            <common:AnnotationType>COMP_RULE</common:AnnotationType>
                        </common:Annotation>
                        <common:Annotation>
                            <common:AnnotationType>ORDER</common:AnnotationType>
                            <common:AnnotationText xml:lang="en">1020</common:AnnotationText>
                            <common:AnnotationText xml:lang="fr">1020</common:AnnotationText>
                        </common:Annotation>
                    </common:Annotations>
                    <common:Name xml:lang="en">OECD (38 countries)</common:Name>
                    <common:Name xml:lang="fr">OCDE (38 pays)</common:Name>
                </structure:Code>
                <structure:Code id="OECDXEA">
                    <common:Annotations>
                        <common:Annotation>
                            <common:AnnotationType>ORDER</common:AnnotationType>
                            <common:AnnotationText xml:lang="en">1030</common:AnnotationText>
                            <common:AnnotationText xml:lang="fr">1030</common:AnnotationText>
                        </common:Annotation>
                    </common:Annotations>
                    <common:Name xml:lang="en">OECD excluding the euro area</common:Name>
                    <common:Name xml:lang="fr">OCDE total hors zone euro</common:Name>
                </structure:Code>
                <structure:Code id="OECDXUSAJPNEA17">
                    <common:Annotations>
                        <common:Annotation>
                            <common:AnnotationType>ORDER</common:AnnotationType>
                            <common:AnnotationText xml:lang="en">1040</common:AnnotationText>
                            <common:AnnotationText xml:lang="fr">1040</common:AnnotationText>
                        </common:Annotation>
                    </common:Annotations>
                    <common:Name xml:lang="en">OECD countries except USA, JPN and Euro area</common:Name>
                    <common:Name xml:lang="fr">OCDE total hors USA, JPN et zone euro</common:Name>
                </structure:Code>
                <structure:Code id="OECDA">
                    <common:Annotations>
                        <common:Annotation>
                            <common:AnnotationTitle>CAN+CHL+COL+CRI+MEX+USA</common:AnnotationTitle>
                            <common:AnnotationType>COMP_RULE</common:AnnotationType>
                        </common:Annotation>
                        <common:Annotation>
                            <common:AnnotationType>ORDER</common:AnnotationType>
                            <common:AnnotationText xml:lang="en">1050</common:AnnotationText>
                            <common:AnnotationText xml:lang="fr">1050</common:AnnotationText>
                        </common:Annotation>
                    </common:Annotations>
                    <common:Name xml:lang="en">OECD America</common:Name>
                    <common:Name xml:lang="fr">OCDE Amérique</common:Name>
                </structure:Code>
                <structure:Code id="OECDS">
                    <common:Annotations>
                        <common:Annotation>
                            <common:AnnotationTitle>ISR+JPN+KOR</common:AnnotationTitle>
                            <common:AnnotationType>COMP_RULE</common:AnnotationType>
                        </common:Annotation>
                        <common:Annotation>
                            <common:AnnotationType>ORDER</common:AnnotationType>
                            <common:AnnotationText xml:lang="en">1060</common:AnnotationText>
                            <common:AnnotationText xml:lang="fr">1060</common:AnnotationText>
                        </common:Annotation>
                    </common:Annotations>
                    <common:Name xml:lang="en">OECD Asia</common:Name>
                    <common:Name xml:lang="fr">OCDE Asie</common:Name>
                </structure:Code>
                <structure:Code id="OECDSO">
                    <common:Annotations>
                        <common:Annotation>
                            <common:AnnotationTitle>ISR+JPN+KOR+NZL</common:AnnotationTitle>
                            <common:AnnotationType>COMP_RULE</common:AnnotationType>
                        </common:Annotation>
                        <common:Annotation>
                            <common:AnnotationType>ORDER</common:AnnotationType>
                            <common:AnnotationText xml:lang="en">1070</common:AnnotationText>
                            <common:AnnotationText xml:lang="fr">1070</common:AnnotationText>
                        </common:Annotation>
                    </common:Annotations>
                    <common:Name xml:lang="en">OECD Asia Oceania</common:Name>
                    <common:Name xml:lang="fr">OCDE Asie Océanie</common:Name>
                </structure:Code>
                <structure:Code id="OECDE">
                    <common:Annotations>
                        <common:Annotation>
                            <common:AnnotationTitle>AUT+BEL+CZE+DNK+EST+FIN+FRA+DEU+GRC+HUN+ISL+IRL+ITA+LVA+LTU+LUX+NLD+NOR+POL+PRT+SVK+SVN+ESP+SWE+CHE+TUR+GBR</common:AnnotationTitle>
                            <common:AnnotationType>COMP_RULE</common:AnnotationType>
                        </common:Annotation>
                        <common:Annotation>
                            <common:AnnotationType>ORDER</common:AnnotationType>
                            <common:AnnotationText xml:lang="en">1080</common:AnnotationText>
                            <common:AnnotationText xml:lang="fr">1080</common:AnnotationText>
                        </common:Annotation>
                    </common:Annotations>
                    <common:Name xml:lang="en">OECD Europe</common:Name>
                    <common:Name xml:lang="fr">OCDE Europe</common:Name>
                </structure:Code>
                <structure:Code id="OECDXG7">
                    <common:Annotations>
                        <common:Annotation>
                            <common:AnnotationTitle>OECD-G7</common:AnnotationTitle>
                            <common:AnnotationType>COMP_RULE</common:AnnotationType>
                        </common:Annotation>
                        <common:Annotation>
                            <common:AnnotationType>ORDER</common:AnnotationType>
                            <common:AnnotationText xml:lang="en">1090</common:AnnotationText>
                            <common:AnnotationText xml:lang="fr">1090</common:AnnotationText>
                        </common:Annotation>
                    </common:Annotations>
                    <common:Name xml:lang="en">OECD smaller countries</common:Name>
                    <common:Name xml:lang="fr">Petits pays de l'OCDE</common:Name>
                </structure:Code>
                <structure:Code id="OECD_X">
                    <common:Annotations>
                        <common:Annotation>
                            <common:AnnotationType>ORDER</common:AnnotationType>
                            <common:AnnotationText xml:lang="en">1100</common:AnnotationText>
                            <common:AnnotationText xml:lang="fr">1100</common:AnnotationText>
                        </common:Annotation>
                    </common:Annotations>
                    <common:Name xml:lang="en">OECD unspecified</common:Name>
                    <common:Name xml:lang="fr">OCDE non spécifié</common:Name>
                </structure:Code>
                <structure:Code id="WXOECD">
                    <common:Annotations>
                        <common:Annotation>
                            <common:AnnotationType>ORDER</common:AnnotationType>
                            <common:AnnotationText xml:lang="en">1110</common:AnnotationText>
                            <common:AnnotationText xml:lang="fr">1110</common:AnnotationText>
                        </common:Annotation>
                    </common:Annotations>
                    <common:Name xml:lang="en">Non-OECD countries</common:Name>
                    <common:Name xml:lang="fr">Non-OCDE pays</common:Name>
                </structure:Code>
                <structure:Code id="WXOECDXCHN">
                    <common:Annotations>
                        <common:Annotation>
                            <common:AnnotationTitle>WXOECD-CHN</common:AnnotationTitle>
                            <common:AnnotationType>COMP_RULE</common:AnnotationType>
                        </common:Annotation>
                        <common:Annotation>
                            <common:AnnotationType>ORDER</common:AnnotationType>
                            <common:AnnotationText xml:lang="en">1120</common:AnnotationText>
                            <common:AnnotationText xml:lang="fr">1120</common:AnnotationText>
                        </common:Annotation>
                    </common:Annotations>
                    <common:Name xml:lang="en">Non-OECD countries excluding China</common:Name>
                    <common:Name xml:lang="fr">Non-OCDE pays hors Chine</common:Name>
                </structure:Code>
                <structure:Code id="AXOECD">
                    <common:Annotations>
                        <common:Annotation>
                            <common:AnnotationType>ORDER</common:AnnotationType>
                            <common:AnnotationText xml:lang="en">1130</common:AnnotationText>
                            <common:AnnotationText xml:lang="fr">1130</common:AnnotationText>
                        </common:Annotation>
                    </common:Annotations>
                    <common:Name xml:lang="en">Non-OECD America</common:Name>
                    <common:Name xml:lang="fr">Amérique non-OCDE</common:Name>
                </structure:Code>
                <structure:Code id="AXOECD_O">
                    <common:Annotations>
                        <common:Annotation>
                            <common:AnnotationType>ORDER</common:AnnotationType>
                            <common:AnnotationText xml:lang="en">1140</common:AnnotationText>
                            <common:AnnotationText xml:lang="fr">1140</common:AnnotationText>
                        </common:Annotation>
                    </common:Annotations>
                    <common:Name xml:lang="en">Other non-OECD America</common:Name>
                    <common:Name xml:lang="fr">Autres Amériques non membres de l'OCDE</common:Name>
                </structure:Code>
                <structure:Code id="SXOECD">
                    <common:Annotations>
                        <common:Annotation>
                            <common:AnnotationType>ORDER</common:AnnotationType>
                            <common:AnnotationText xml:lang="en">1150</common:AnnotationText>
                            <common:AnnotationText xml:lang="fr">1150</common:AnnotationText>
                        </common:Annotation>
                    </common:Annotations>
                    <common:Name xml:lang="en">Non-OECD Asia</common:Name>
                    <common:Name xml:lang="fr">Asie non-OCDE</common:Name>
                </structure:Code>
                <structure:Code id="EXOECD">
                    <common:Annotations>
                        <common:Annotation>
                            <common:AnnotationType>ORDER</common:AnnotationType>
                            <common:AnnotationText xml:lang="en">1160</common:AnnotationText>
                            <common:AnnotationText xml:lang="fr">1160</common:AnnotationText>
                        </common:Annotation>
                    </common:Annotations>
                    <common:Name xml:lang="en">Non-OECD Europe</common:Name>
                    <common:Name xml:lang="fr">Europe non-OCDE</common:Name>
                </structure:Code>
                <structure:Code id="BRIC">
                    <common:Annotations>
                        <common:Annotation>
                            <common:AnnotationTitle>BRA+RUS+IND+CHN</common:AnnotationTitle>
                            <common:AnnotationType>COMP_RULE</common:AnnotationType>
                        </common:Annotation>
                        <common:Annotation>
                            <common:AnnotationType>ORDER</common:AnnotationType>
                            <common:AnnotationText xml:lang="en">1170</common:AnnotationText>
                            <common:AnnotationText xml:lang="fr">1170</common:AnnotationText>
                        </common:Annotation>
                    </common:Annotations>
                    <common:Name xml:lang="en">BRICs economies</common:Name>
                    <common:Name xml:lang="fr">BRIC économies</common:Name>
                </structure:Code>
                <structure:Code id="BRIICS">
                    <common:Annotations>
                        <common:Annotation>
                            <common:AnnotationTitle>BRA+RUS+IDN+IND+CHN+ZAF</common:AnnotationTitle>
                            <common:AnnotationType>COMP_RULE</common:AnnotationType>
                        </common:Annotation>
                        <common:Annotation>
                            <common:AnnotationType>ORDER</common:AnnotationType>
                            <common:AnnotationText xml:lang="en">1180</common:AnnotationText>
                            <common:AnnotationText xml:lang="fr">1180</common:AnnotationText>
                        </common:Annotation>
                    </common:Annotations>
                    <common:Name xml:lang="en">BRIICS economies</common:Name>
                    <common:Name xml:lang="fr">BRIICS économies</common:Name>
                </structure:Code>
                <structure:Code id="BRA">
                    <common:Annotations>
                        <common:Annotation>
                            <common:AnnotationType>ORDER</common:AnnotationType>
                            <common:AnnotationText xml:lang="en">1190</common:AnnotationText>
                            <common:AnnotationText xml:lang="fr">1190</common:AnnotationText>
                        </common:Annotation>
                    </common:Annotations>
                    <common:Name xml:lang="en">Brazil</common:Name>
                    <common:Name xml:lang="fr">Brésil</common:Name>
                    <structure:Parent>
                        <Ref id="WXOECD"/>
                    </structure:Parent>
                </structure:Code>
                <structure:Code id="CHN">
                    <common:Annotations>
                        <common:Annotation>
                            <common:AnnotationType>ORDER</common:AnnotationType>
                            <common:AnnotationText xml:lang="en">1200</common:AnnotationText>
                            <common:AnnotationText xml:lang="fr">1200</common:AnnotationText>
                        </common:Annotation>
                    </common:Annotations>
                    <common:Name xml:lang="en">China (People’s Republic of)</common:Name>
                    <common:Name xml:lang="fr">Chine (République populaire de)</common:Name>
                    <structure:Parent>
                        <Ref id="WXOECD"/>
                    </structure:Parent>
                </structure:Code>
                <structure:Code id="IND">
                    <common:Annotations>
                        <common:Annotation>
                            <common:AnnotationType>ORDER</common:AnnotationType>
                            <common:AnnotationText xml:lang="en">1210</common:AnnotationText>
                            <common:AnnotationText xml:lang="fr">1210</common:AnnotationText>
                        </common:Annotation>
                    </common:Annotations>
                    <common:Name xml:lang="en">India</common:Name>
                    <common:Name xml:lang="fr">Inde</common:Name>
                    <structure:Parent>
                        <Ref id="WXOECD"/>
                    </structure:Parent>
                </structure:Code>
                <structure:Code id="IDN">
                    <common:Annotations>
                        <common:Annotation>
                            <common:AnnotationType>ORDER</common:AnnotationType>
                            <common:AnnotationText xml:lang="en">1220</common:AnnotationText>
                            <common:AnnotationText xml:lang="fr">1220</common:AnnotationText>
                        </common:Annotation>
                    </common:Annotations>
                    <common:Name xml:lang="en">Indonesia</common:Name>
                    <common:Name xml:lang="fr">Indonésie</common:Name>
                    <structure:Parent>
                        <Ref id="WXOECD"/>
                    </structure:Parent>
                </structure:Code>
                <structure:Code id="RUS">
                    <common:Annotations>
                        <common:Annotation>
                            <common:AnnotationType>ORDER</common:AnnotationType>
                            <common:AnnotationText xml:lang="en">1230</common:AnnotationText>
                            <common:AnnotationText xml:lang="fr">1230</common:AnnotationText>
                        </common:Annotation>
                    </common:Annotations>
                    <common:Name xml:lang="en">Russia</common:Name>
                    <common:Name xml:lang="fr">Russie</common:Name>
                    <structure:Parent>
                        <Ref id="WXOECD"/>
                    </structure:Parent>
                </structure:Code>
                <structure:Code id="ZAF">
                    <common:Annotations>
                        <common:Annotation>
                            <common:AnnotationType>ORDER</common:AnnotationType>
                            <common:AnnotationText xml:lang="en">1240</common:AnnotationText>
                            <common:AnnotationText xml:lang="fr">1240</common:AnnotationText>
                        </common:Annotation>
                    </common:Annotations>
                    <common:Name xml:lang="en">South Africa</common:Name>
                    <common:Name xml:lang="fr">Afrique du Sud</common:Name>
                    <structure:Parent>
                        <Ref id="WXOECD"/>
                    </structure:Parent>
                </structure:Code>
                <structure:Code id="AFG">
                    <common:Annotations>
                        <common:Annotation>
                            <common:AnnotationType>ORDER</common:AnnotationType>
                            <common:AnnotationText xml:lang="en">1250</common:AnnotationText>
                            <common:AnnotationText xml:lang="fr">1250</common:AnnotationText>
                        </common:Annotation>
                    </common:Annotations>
                    <common:Name xml:lang="en">Afghanistan</common:Name>
                    <common:Name xml:lang="fr">Afghanistan</common:Name>
                    <structure:Parent>
                        <Ref id="WXOECD"/>
                    </structure:Parent>
                </structure:Code>
                <structure:Code id="ALA">
                    <common:Annotations>
                        <common:Annotation>
                            <common:AnnotationType>ORDER</common:AnnotationType>
                            <common:AnnotationText xml:lang="en">1260</common:AnnotationText>
                            <common:AnnotationText xml:lang="fr">1260</common:AnnotationText>
                        </common:Annotation>
                    </common:Annotations>
                    <common:Name xml:lang="en">Åland</common:Name>
                    <common:Name xml:lang="fr">Åland</common:Name>
                    <structure:Parent>
                        <Ref id="WXOECD"/>
                    </structure:Parent>
                </structure:Code>
                <structure:Code id="ALB">
                    <common:Annotations>
                        <common:Annotation>
                            <common:AnnotationType>ORDER</common:AnnotationType>
                            <common:AnnotationText xml:lang="en">1270</common:AnnotationText>
                            <common:AnnotationText xml:lang="fr">1270</common:AnnotationText>
                        </common:Annotation>
                    </common:Annotations>
                    <common:Name xml:lang="en">Albania</common:Name>
                    <common:Name xml:lang="fr">Albanie</common:Name>
                    <structure:Parent>
                        <Ref id="WXOECD"/>
                    </structure:Parent>
                </structure:Code>
                <structure:Code id="DZA">
                    <common:Annotations>
                        <common:Annotation>
                            <common:AnnotationType>ORDER</common:AnnotationType>
                            <common:AnnotationText xml:lang="en">1280</common:AnnotationText>
                            <common:AnnotationText xml:lang="fr">1280</common:AnnotationText>
                        </common:Annotation>
                    </common:Annotations>
                    <common:Name xml:lang="en">Algeria</common:Name>
                    <common:Name xml:lang="fr">Algérie</common:Name>
                    <structure:Parent>
                        <Ref id="WXOECD"/>
                    </structure:Parent>
                </structure:Code>
                <structure:Code id="ASM">
                    <common:Annotations>
                        <common:Annotation>
                            <common:AnnotationType>ORDER</common:AnnotationType>
                            <common:AnnotationText xml:lang="en">1290</common:AnnotationText>
                            <common:AnnotationText xml:lang="fr">1290</common:AnnotationText>
                        </common:Annotation>
                    </common:Annotations>
                    <common:Name xml:lang="en">American Samoa</common:Name>
                    <common:Name xml:lang="fr">Samoa américaines</common:Name>
                    <structure:Parent>
                        <Ref id="WXOECD"/>
                    </structure:Parent>
                </structure:Code>
                <structure:Code id="AGO">
                    <common:Annotations>
                        <common:Annotation>
                            <common:AnnotationType>ORDER</common:AnnotationType>
                            <common:AnnotationText xml:lang="en">1300</common:AnnotationText>
                            <common:AnnotationText xml:lang="fr">1300</common:AnnotationText>
                        </common:Annotation>
                    </common:Annotations>
                    <common:Name xml:lang="en">Angola</common:Name>
                    <common:Name xml:lang="fr">Angola</common:Name>
                    <structure:Parent>
                        <Ref id="WXOECD"/>
                    </structure:Parent>
                </structure:Code>
                <structure:Code id="AND">
                    <common:Annotations>
                        <common:Annotation>
                            <common:AnnotationType>ORDER</common:AnnotationType>
                            <common:AnnotationText xml:lang="en">1310</common:AnnotationText>
                            <common:AnnotationText xml:lang="fr">1310</common:AnnotationText>
                        </common:Annotation>
                    </common:Annotations>
                    <common:Name xml:lang="en">Andorra</common:Name>
                    <common:Name xml:lang="fr">Andorre</common:Name>
                    <structure:Parent>
                        <Ref id="WXOECD"/>
                    </structure:Parent>
                </structure:Code>
                <structure:Code id="ATA">
                    <common:Annotations>
                        <common:Annotation>
                            <common:AnnotationType>ORDER</common:AnnotationType>
                            <common:AnnotationText xml:lang="en">1320</common:AnnotationText>
                            <common:AnnotationText xml:lang="fr">1320</common:AnnotationText>
                        </common:Annotation>
                    </common:Annotations>
                    <common:Name xml:lang="en">Antarctica</common:Name>
                    <common:Name xml:lang="fr">Antarctique</common:Name>
                    <structure:Parent>
                        <Ref id="WXOECD"/>
                    </structure:Parent>
                </structure:Code>
                <structure:Code id="AIA">
                    <common:Annotations>
                        <common:Annotation>
                            <common:AnnotationType>ORDER</common:AnnotationType>
                            <common:AnnotationText xml:lang="en">1330</common:AnnotationText>
                            <common:AnnotationText xml:lang="fr">1330</common:AnnotationText>
                        </common:Annotation>
                    </common:Annotations>
                    <common:Name xml:lang="en">Anguilla</common:Name>
                    <common:Name xml:lang="fr">Anguilla</common:Name>
                    <structure:Parent>
                        <Ref id="WXOECD"/>
                    </structure:Parent>
                </structure:Code>
                <structure:Code id="ATG">
                    <common:Annotations>
                        <common:Annotation>
                            <common:AnnotationType>ORDER</common:AnnotationType>
                            <common:AnnotationText xml:lang="en">1340</common:AnnotationText>
                            <common:AnnotationText xml:lang="fr">1340</common:AnnotationText>
                        </common:Annotation>
                    </common:Annotations>
                    <common:Name xml:lang="en">Antigua and Barbuda</common:Name>
                    <common:Name xml:lang="fr">Antigua-et-Barbuda</common:Name>
                    <structure:Parent>
                        <Ref id="WXOECD"/>
                    </structure:Parent>
                </structure:Code>
                <structure:Code id="ARG">
                    <common:Annotations>
                        <common:Annotation>
                            <common:AnnotationType>ORDER</common:AnnotationType>
                            <common:AnnotationText xml:lang="en">1350</common:AnnotationText>
                            <common:AnnotationText xml:lang="fr">1350</common:AnnotationText>
                        </common:Annotation>
                    </common:Annotations>
                    <common:Name xml:lang="en">Argentina</common:Name>
                    <common:Name xml:lang="fr">Argentine</common:Name>
                    <structure:Parent>
                        <Ref id="WXOECD"/>
                    </structure:Parent>
                </structure:Code>
                <structure:Code id="ARM">
                    <common:Annotations>
                        <common:Annotation>
                            <common:AnnotationType>ORDER</common:AnnotationType>
                            <common:AnnotationText xml:lang="en">1360</common:AnnotationText>
                            <common:AnnotationText xml:lang="fr">1360</common:AnnotationText>
                        </common:Annotation>
                    </common:Annotations>
                    <common:Name xml:lang="en">Armenia</common:Name>
                    <common:Name xml:lang="fr">Arménie</common:Name>
                    <structure:Parent>
                        <Ref id="WXOECD"/>
                    </structure:Parent>
                </structure:Code>
                <structure:Code id="ABW">
                    <common:Annotations>
                        <common:Annotation>
                            <common:AnnotationType>ORDER</common:AnnotationType>
                            <common:AnnotationText xml:lang="en">1370</common:AnnotationText>
                            <common:AnnotationText xml:lang="fr">1370</common:AnnotationText>
                        </common:Annotation>
                    </common:Annotations>
                    <common:Name xml:lang="en">Aruba</common:Name>
                    <common:Name xml:lang="fr">Aruba</common:Name>
                    <structure:Parent>
                        <Ref id="WXOECD"/>
                    </structure:Parent>
                </structure:Code>
                <structure:Code id="AZE">
                    <common:Annotations>
                        <common:Annotation>
                            <common:AnnotationType>ORDER</common:AnnotationType>
                            <common:AnnotationText xml:lang="en">1380</common:AnnotationText>
                            <common:AnnotationText xml:lang="fr">1380</common:AnnotationText>
                        </common:Annotation>
                    </common:Annotations>
                    <common:Name xml:lang="en">Azerbaijan</common:Name>
                    <common:Name xml:lang="fr">Azerbaïdjan</common:Name>
                    <structure:Parent>
                        <Ref id="WXOECD"/>
                    </structure:Parent>
                </structure:Code>
                <structure:Code id="BHS">
                    <common:Annotations>
                        <common:Annotation>
                            <common:AnnotationType>ORDER</common:AnnotationType>
                            <common:AnnotationText xml:lang="en">1390</common:AnnotationText>
                            <common:AnnotationText xml:lang="fr">1390</common:AnnotationText>
                        </common:Annotation>
                    </common:Annotations>
                    <common:Name xml:lang="en">Bahamas</common:Name>
                    <common:Name xml:lang="fr">Bahamas</common:Name>
                    <structure:Parent>
                        <Ref id="WXOECD"/>
                    </structure:Parent>
                </structure:Code>
                <structure:Code id="BHR">
                    <common:Annotations>
                        <common:Annotation>
                            <common:AnnotationType>ORDER</common:AnnotationType>
                            <common:AnnotationText xml:lang="en">1400</common:AnnotationText>
                            <common:AnnotationText xml:lang="fr">1400</common:AnnotationText>
                        </common:Annotation>
                    </common:Annotations>
                    <common:Name xml:lang="en">Bahrain</common:Name>
                    <common:Name xml:lang="fr">Bahreïn</common:Name>
                    <structure:Parent>
                        <Ref id="WXOECD"/>
                    </structure:Parent>
                </structure:Code>
                <structure:Code id="GGY">
                    <common:Annotations>
                        <common:Annotation>
                            <common:AnnotationType>ORDER</common:AnnotationType>
                            <common:AnnotationText xml:lang="en">1410</common:AnnotationText>
                            <common:AnnotationText xml:lang="fr">1410</common:AnnotationText>
                        </common:Annotation>
                    </common:Annotations>
                    <common:Name xml:lang="en">Bailiwick of Guernsey</common:Name>
                    <common:Name xml:lang="fr">Bailliage de Guernesey</common:Name>
                    <structure:Parent>
                        <Ref id="WXOECD"/>
                    </structure:Parent>
                </structure:Code>
                <structure:Code id="BGD">
                    <common:Annotations>
                        <common:Annotation>
                            <common:AnnotationType>ORDER</common:AnnotationType>
                            <common:AnnotationText xml:lang="en">1420</common:AnnotationText>
                            <common:AnnotationText xml:lang="fr">1420</common:AnnotationText>
                        </common:Annotation>
                    </common:Annotations>
                    <common:Name xml:lang="en">Bangladesh</common:Name>
                    <common:Name xml:lang="fr">Bangladesh</common:Name>
                    <structure:Parent>
                        <Ref id="WXOECD"/>
                    </structure:Parent>
                </structure:Code>
                <structure:Code id="BRB">
                    <common:Annotations>
                        <common:Annotation>
                            <common:AnnotationType>ORDER</common:AnnotationType>
                            <common:AnnotationText xml:lang="en">1430</common:AnnotationText>
                            <common:AnnotationText xml:lang="fr">1430</common:AnnotationText>
                        </common:Annotation>
                    </common:Annotations>
                    <common:Name xml:lang="en">Barbados</common:Name>
                    <common:Name xml:lang="fr">Barbade</common:Name>
                    <structure:Parent>
                        <Ref id="WXOECD"/>
                    </structure:Parent>
                </structure:Code>
                <structure:Code id="BLR">
                    <common:Annotations>
                        <common:Annotation>
                            <common:AnnotationType>ORDER</common:AnnotationType>
                            <common:AnnotationText xml:lang="en">1440</common:AnnotationText>
                            <common:AnnotationText xml:lang="fr">1440</common:AnnotationText>
                        </common:Annotation>
                    </common:Annotations>
                    <common:Name xml:lang="en">Belarus</common:Name>
                    <common:Name xml:lang="fr">Bélarus</common:Name>
                    <structure:Parent>
                        <Ref id="WXOECD"/>
                    </structure:Parent>
                </structure:Code>
                <structure:Code id="BLZ">
                    <common:Annotations>
                        <common:Annotation>
                            <common:AnnotationType>ORDER</common:AnnotationType>
                            <common:AnnotationText xml:lang="en">1450</common:AnnotationText>
                            <common:AnnotationText xml:lang="fr">1450</common:AnnotationText>
                        </common:Annotation>
                    </common:Annotations>
                    <common:Name xml:lang="en">Belize</common:Name>
                    <common:Name xml:lang="fr">Belize</common:Name>
                    <structure:Parent>
                        <Ref id="WXOECD"/>
                    </structure:Parent>
                </structure:Code>
                <structure:Code id="BEN">
                    <common:Annotations>
                        <common:Annotation>
                            <common:AnnotationType>ORDER</common:AnnotationType>
                            <common:AnnotationText xml:lang="en">1460</common:AnnotationText>
                            <common:AnnotationText xml:lang="fr">1460</common:AnnotationText>
                        </common:Annotation>
                    </common:Annotations>
                    <common:Name xml:lang="en">Benin</common:Name>
                    <common:Name xml:lang="fr">Bénin</common:Name>
                    <structure:Parent>
                        <Ref id="WXOECD"/>
                    </structure:Parent>
                </structure:Code>
                <structure:Code id="BMU">
                    <common:Annotations>
                        <common:Annotation>
                            <common:AnnotationType>ORDER</common:AnnotationType>
                            <common:AnnotationText xml:lang="en">1470</common:AnnotationText>
                            <common:AnnotationText xml:lang="fr">1470</common:AnnotationText>
                        </common:Annotation>
                    </common:Annotations>
                    <common:Name xml:lang="en">Bermuda</common:Name>
                    <common:Name xml:lang="fr">Bermudes</common:Name>
                    <structure:Parent>
                        <Ref id="WXOECD"/>
                    </structure:Parent>
                </structure:Code>
                <structure:Code id="BTN">
                    <common:Annotations>
                        <common:Annotation>
                            <common:AnnotationType>ORDER</common:AnnotationType>
                            <common:AnnotationText xml:lang="en">1480</common:AnnotationText>
                            <common:AnnotationText xml:lang="fr">1480</common:AnnotationText>
                        </common:Annotation>
                    </common:Annotations>
                    <common:Name xml:lang="en">Bhutan</common:Name>
                    <common:Name xml:lang="fr">Bhoutan</common:Name>
                    <structure:Parent>
                        <Ref id="WXOECD"/>
                    </structure:Parent>
                </structure:Code>
                <structure:Code id="BOL">
                    <common:Annotations>
                        <common:Annotation>
                            <common:AnnotationType>ORDER</common:AnnotationType>
                            <common:AnnotationText xml:lang="en">1490</common:AnnotationText>
                            <common:AnnotationText xml:lang="fr">1490</common:AnnotationText>
                        </common:Annotation>
                    </common:Annotations>
                    <common:Name xml:lang="en">Bolivia</common:Name>
                    <common:Name xml:lang="fr">Bolivie</common:Name>
                    <structure:Parent>
                        <Ref id="WXOECD"/>
                    </structure:Parent>
                </structure:Code>
                <structure:Code id="BES">
                    <common:Annotations>
                        <common:Annotation>
                            <common:AnnotationType>ORDER</common:AnnotationType>
                            <common:AnnotationText xml:lang="en">1500</common:AnnotationText>
                            <common:AnnotationText xml:lang="fr">1500</common:AnnotationText>
                        </common:Annotation>
                    </common:Annotations>
                    <common:Name xml:lang="en">Bonaire, Saba, Saint Eustatius</common:Name>
                    <common:Name xml:lang="fr">Bonaire, Saba, Saint-Eustache</common:Name>
                    <structure:Parent>
                        <Ref id="WXOECD"/>
                    </structure:Parent>
                </structure:Code>
                <structure:Code id="BIH">
                    <common:Annotations>
                        <common:Annotation>
                            <common:AnnotationType>ORDER</common:AnnotationType>
                            <common:AnnotationText xml:lang="en">1510</common:AnnotationText>
                            <common:AnnotationText xml:lang="fr">1510</common:AnnotationText>
                        </common:Annotation>
                    </common:Annotations>
                    <common:Name xml:lang="en">Bosnia and Herzegovina</common:Name>
                    <common:Name xml:lang="fr">Bosnie-Herzégovine</common:Name>
                    <structure:Parent>
                        <Ref id="WXOECD"/>
                    </structure:Parent>
                </structure:Code>
                <structure:Code id="BWA">
                    <common:Annotations>
                        <common:Annotation>
                            <common:AnnotationType>ORDER</common:AnnotationType>
                            <common:AnnotationText xml:lang="en">1520</common:AnnotationText>
                            <common:AnnotationText xml:lang="fr">1520</common:AnnotationText>
                        </common:Annotation>
                    </common:Annotations>
                    <common:Name xml:lang="en">Botswana</common:Name>
                    <common:Name xml:lang="fr">Botswana</common:Name>
                    <structure:Parent>
                        <Ref id="WXOECD"/>
                    </structure:Parent>
                </structure:Code>
                <structure:Code id="BVT">
                    <common:Annotations>
                        <common:Annotation>
                            <common:AnnotationType>ORDER</common:AnnotationType>
                            <common:AnnotationText xml:lang="en">1530</common:AnnotationText>
                            <common:AnnotationText xml:lang="fr">1530</common:AnnotationText>
                        </common:Annotation>
                    </common:Annotations>
                    <common:Name xml:lang="en">Bouvet Island</common:Name>
                    <common:Name xml:lang="fr">Île Bouvet</common:Name>
                    <structure:Parent>
                        <Ref id="WXOECD"/>
                    </structure:Parent>
                </structure:Code>
                <structure:Code id="IOT">
                    <common:Annotations>
                        <common:Annotation>
                            <common:AnnotationType>ORDER</common:AnnotationType>
                            <common:AnnotationText xml:lang="en">1540</common:AnnotationText>
                            <common:AnnotationText xml:lang="fr">1540</common:AnnotationText>
                        </common:Annotation>
                    </common:Annotations>
                    <common:Name xml:lang="en">British Indian Ocean Territory</common:Name>
                    <common:Name xml:lang="fr">Territoire britannique de l’océan Indien</common:Name>
                    <structure:Parent>
                        <Ref id="WXOECD"/>
                    </structure:Parent>
                </structure:Code>
                <structure:Code id="VGB">
                    <common:Annotations>
                        <common:Annotation>
                            <common:AnnotationType>ORDER</common:AnnotationType>
                            <common:AnnotationText xml:lang="en">1550</common:AnnotationText>
                            <common:AnnotationText xml:lang="fr">1550</common:AnnotationText>
                        </common:Annotation>
                    </common:Annotations>
                    <common:Name xml:lang="en">British Virgin Islands</common:Name>
                    <common:Name xml:lang="fr">Îles Vierges britanniques</common:Name>
                    <structure:Parent>
                        <Ref id="WXOECD"/>
                    </structure:Parent>
                </structure:Code>
                <structure:Code id="BRN">
                    <common:Annotations>
                        <common:Annotation>
                            <common:AnnotationType>ORDER</common:AnnotationType>
                            <common:AnnotationText xml:lang="en">1560</common:AnnotationText>
                            <common:AnnotationText xml:lang="fr">1560</common:AnnotationText>
                        </common:Annotation>
                    </common:Annotations>
                    <common:Name xml:lang="en">Brunei Darussalam</common:Name>
                    <common:Name xml:lang="fr">Brunei Darussalam</common:Name>
                    <structure:Parent>
                        <Ref id="WXOECD"/>
                    </structure:Parent>
                </structure:Code>
                <structure:Code id="BGR">
                    <common:Annotations>
                        <common:Annotation>
                            <common:AnnotationType>ORDER</common:AnnotationType>
                            <common:AnnotationText xml:lang="en">1570</common:AnnotationText>
                            <common:AnnotationText xml:lang="fr">1570</common:AnnotationText>
                        </common:Annotation>
                    </common:Annotations>
                    <common:Name xml:lang="en">Bulgaria</common:Name>
                    <common:Name xml:lang="fr">Bulgarie</common:Name>
                    <structure:Parent>
                        <Ref id="WXOECD"/>
                    </structure:Parent>
                </structure:Code>
                <structure:Code id="BFA">
                    <common:Annotations>
                        <common:Annotation>
                            <common:AnnotationType>ORDER</common:AnnotationType>
                            <common:AnnotationText xml:lang="en">1580</common:AnnotationText>
                            <common:AnnotationText xml:lang="fr">1580</common:AnnotationText>
                        </common:Annotation>
                    </common:Annotations>
                    <common:Name xml:lang="en">Burkina Faso</common:Name>
                    <common:Name xml:lang="fr">Burkina Faso</common:Name>
                    <structure:Parent>
                        <Ref id="WXOECD"/>
                    </structure:Parent>
                </structure:Code>
                <structure:Code id="BDI">
                    <common:Annotations>
                        <common:Annotation>
                            <common:AnnotationType>ORDER</common:AnnotationType>
                            <common:AnnotationText xml:lang="en">1590</common:AnnotationText>
                            <common:AnnotationText xml:lang="fr">1590</common:AnnotationText>
                        </common:Annotation>
                    </common:Annotations>
                    <common:Name xml:lang="en">Burundi</common:Name>
                    <common:Name xml:lang="fr">Burundi</common:Name>
                    <structure:Parent>
                        <Ref id="WXOECD"/>
                    </structure:Parent>
                </structure:Code>
                <structure:Code id="CPV">
                    <common:Annotations>
                        <common:Annotation>
                            <common:AnnotationType>ORDER</common:AnnotationType>
                            <common:AnnotationText xml:lang="en">1600</common:AnnotationText>
                            <common:AnnotationText xml:lang="fr">1600</common:AnnotationText>
                        </common:Annotation>
                    </common:Annotations>
                    <common:Name xml:lang="en">Cabo Verde</common:Name>
                    <common:Name xml:lang="fr">Cabo Verde</common:Name>
                    <structure:Parent>
                        <Ref id="WXOECD"/>
                    </structure:Parent>
                </structure:Code>
                <structure:Code id="KHM">
                    <common:Annotations>
                        <common:Annotation>
                            <common:AnnotationType>ORDER</common:AnnotationType>
                            <common:AnnotationText xml:lang="en">1610</common:AnnotationText>
                            <common:AnnotationText xml:lang="fr">1610</common:AnnotationText>
                        </common:Annotation>
                    </common:Annotations>
                    <common:Name xml:lang="en">Cambodia</common:Name>
                    <common:Name xml:lang="fr">Cambodge</common:Name>
                    <structure:Parent>
                        <Ref id="WXOECD"/>
                    </structure:Parent>
                </structure:Code>
                <structure:Code id="CMR">
                    <common:Annotations>
                        <common:Annotation>
                            <common:AnnotationType>ORDER</common:AnnotationType>
                            <common:AnnotationText xml:lang="en">1620</common:AnnotationText>
                            <common:AnnotationText xml:lang="fr">1620</common:AnnotationText>
                        </common:Annotation>
                    </common:Annotations>
                    <common:Name xml:lang="en">Cameroon</common:Name>
                    <common:Name xml:lang="fr">Cameroun</common:Name>
                    <structure:Parent>
                        <Ref id="WXOECD"/>
                    </structure:Parent>
                </structure:Code>
                <structure:Code id="CYM">
                    <common:Annotations>
                        <common:Annotation>
                            <common:AnnotationType>ORDER</common:AnnotationType>
                            <common:AnnotationText xml:lang="en">1630</common:AnnotationText>
                            <common:AnnotationText xml:lang="fr">1630</common:AnnotationText>
                        </common:Annotation>
                    </common:Annotations>
                    <common:Name xml:lang="en">Cayman Islands</common:Name>
                    <common:Name xml:lang="fr">Îles Caïmanes</common:Name>
                    <structure:Parent>
                        <Ref id="WXOECD"/>
                    </structure:Parent>
                </structure:Code>
                <structure:Code id="CAF">
                    <common:Annotations>
                        <common:Annotation>
                            <common:AnnotationType>ORDER</common:AnnotationType>
                            <common:AnnotationText xml:lang="en">1640</common:AnnotationText>
                            <common:AnnotationText xml:lang="fr">1640</common:AnnotationText>
                        </common:Annotation>
                    </common:Annotations>
                    <common:Name xml:lang="en">Central African Republic</common:Name>
                    <common:Name xml:lang="fr">République centrafricaine</common:Name>
                    <structure:Parent>
                        <Ref id="WXOECD"/>
                    </structure:Parent>
                </structure:Code>
                <structure:Code id="TCD">
                    <common:Annotations>
                        <common:Annotation>
                            <common:AnnotationType>ORDER</common:AnnotationType>
                            <common:AnnotationText xml:lang="en">1650</common:AnnotationText>
                            <common:AnnotationText xml:lang="fr">1650</common:AnnotationText>
                        </common:Annotation>
                    </common:Annotations>
                    <common:Name xml:lang="en">Chad</common:Name>
                    <common:Name xml:lang="fr">Tchad</common:Name>
                    <structure:Parent>
                        <Ref id="WXOECD"/>
                    </structure:Parent>
                </structure:Code>
                <structure:Code id="CXR">
                    <common:Annotations>
                        <common:Annotation>
                            <common:AnnotationType>ORDER</common:AnnotationType>
                            <common:AnnotationText xml:lang="en">1660</common:AnnotationText>
                            <common:AnnotationText xml:lang="fr">1660</common:AnnotationText>
                        </common:Annotation>
                    </common:Annotations>
                    <common:Name xml:lang="en">Christmas Island</common:Name>
                    <common:Name xml:lang="fr">Île Christmas</common:Name>
                    <structure:Parent>
                        <Ref id="WXOECD"/>
                    </structure:Parent>
                </structure:Code>
                <structure:Code id="COM">
                    <common:Annotations>
                        <common:Annotation>
                            <common:AnnotationType>ORDER</common:AnnotationType>
                            <common:AnnotationText xml:lang="en">1670</common:AnnotationText>
                            <common:AnnotationText xml:lang="fr">1670</common:AnnotationText>
                        </common:Annotation>
                    </common:Annotations>
                    <common:Name xml:lang="en">Comoros</common:Name>
                    <common:Name xml:lang="fr">Comores</common:Name>
                    <structure:Parent>
                        <Ref id="WXOECD"/>
                    </structure:Parent>
                </structure:Code>
                <structure:Code id="CCK">
                    <common:Annotations>
                        <common:Annotation>
                            <common:AnnotationType>ORDER</common:AnnotationType>
                            <common:AnnotationText xml:lang="en">1680</common:AnnotationText>
                            <common:AnnotationText xml:lang="fr">1680</common:AnnotationText>
                        </common:Annotation>
                    </common:Annotations>
                    <common:Name xml:lang="en">Cocos (Keeling) Islands</common:Name>
                    <common:Name xml:lang="fr">Îles Cocos</common:Name>
                    <structure:Parent>
                        <Ref id="WXOECD"/>
                    </structure:Parent>
                </structure:Code>
                <structure:Code id="COG">
                    <common:Annotations>
                        <common:Annotation>
                            <common:AnnotationType>ORDER</common:AnnotationType>
                            <common:AnnotationText xml:lang="en">1690</common:AnnotationText>
                            <common:AnnotationText xml:lang="fr">1690</common:AnnotationText>
                        </common:Annotation>
                    </common:Annotations>
                    <common:Name xml:lang="en">Congo</common:Name>
                    <common:Name xml:lang="fr">Congo</common:Name>
                    <structure:Parent>
                        <Ref id="WXOECD"/>
                    </structure:Parent>
                </structure:Code>
                <structure:Code id="COK">
                    <common:Annotations>
                        <common:Annotation>
                            <common:AnnotationType>ORDER</common:AnnotationType>
                            <common:AnnotationText xml:lang="en">1700</common:AnnotationText>
                            <common:AnnotationText xml:lang="fr">1700</common:AnnotationText>
                        </common:Annotation>
                    </common:Annotations>
                    <common:Name xml:lang="en">Cook Islands</common:Name>
                    <common:Name xml:lang="fr">Îles Cook</common:Name>
                    <structure:Parent>
                        <Ref id="WXOECD"/>
                    </structure:Parent>
                </structure:Code>
                <structure:Code id="CIV">
                    <common:Annotations>
                        <common:Annotation>
                            <common:AnnotationType>ORDER</common:AnnotationType>
                            <common:AnnotationText xml:lang="en">1710</common:AnnotationText>
                            <common:AnnotationText xml:lang="fr">1710</common:AnnotationText>
                        </common:Annotation>
                    </common:Annotations>
                    <common:Name xml:lang="en">Côte d’Ivoire</common:Name>
                    <common:Name xml:lang="fr">Côte d’Ivoire</common:Name>
                    <structure:Parent>
                        <Ref id="WXOECD"/>
                    </structure:Parent>
                </structure:Code>
                <structure:Code id="HRV">
                    <common:Annotations>
                        <common:Annotation>
                            <common:AnnotationType>ORDER</common:AnnotationType>
                            <common:AnnotationText xml:lang="en">1720</common:AnnotationText>
                            <common:AnnotationText xml:lang="fr">1720</common:AnnotationText>
                        </common:Annotation>
                    </common:Annotations>
                    <common:Name xml:lang="en">Croatia</common:Name>
                    <common:Name xml:lang="fr">Croatie</common:Name>
                    <structure:Parent>
                        <Ref id="WXOECD"/>
                    </structure:Parent>
                </structure:Code>
                <structure:Code id="CUB">
                    <common:Annotations>
                        <common:Annotation>
                            <common:AnnotationType>ORDER</common:AnnotationType>
                            <common:AnnotationText xml:lang="en">1730</common:AnnotationText>
                            <common:AnnotationText xml:lang="fr">1730</common:AnnotationText>
                        </common:Annotation>
                    </common:Annotations>
                    <common:Name xml:lang="en">Cuba</common:Name>
                    <common:Name xml:lang="fr">Cuba</common:Name>
                    <structure:Parent>
                        <Ref id="WXOECD"/>
                    </structure:Parent>
                </structure:Code>
                <structure:Code id="CUW">
                    <common:Annotations>
                        <common:Annotation>
                            <common:AnnotationType>ORDER</common:AnnotationType>
                            <common:AnnotationText xml:lang="en">1740</common:AnnotationText>
                            <common:AnnotationText xml:lang="fr">1740</common:AnnotationText>
                        </common:Annotation>
                    </common:Annotations>
                    <common:Name xml:lang="en">Curaçao</common:Name>
                    <common:Name xml:lang="fr">Curaçao</common:Name>
                    <structure:Parent>
                        <Ref id="WXOECD"/>
                    </structure:Parent>
                </structure:Code>
                <structure:Code id="CYP">
                    <common:Annotations>
                        <common:Annotation>
                            <common:AnnotationType>ORDER</common:AnnotationType>
                            <common:AnnotationText xml:lang="en">1750</common:AnnotationText>
                            <common:AnnotationText xml:lang="fr">1750</common:AnnotationText>
                        </common:Annotation>
                    </common:Annotations>
                    <common:Name xml:lang="en">Cyprus</common:Name>
                    <common:Name xml:lang="fr">Chypre</common:Name>
                    <structure:Parent>
                        <Ref id="WXOECD"/>
                    </structure:Parent>
                </structure:Code>
                <structure:Code id="PRK">
                    <common:Annotations>
                        <common:Annotation>
                            <common:AnnotationType>ORDER</common:AnnotationType>
                            <common:AnnotationText xml:lang="en">1760</common:AnnotationText>
                            <common:AnnotationText xml:lang="fr">1760</common:AnnotationText>
                        </common:Annotation>
                    </common:Annotations>
                    <common:Name xml:lang="en">Democratic People’s Republic of Korea</common:Name>
                    <common:Name xml:lang="fr">République populaire démocratique de Corée</common:Name>
                    <structure:Parent>
                        <Ref id="WXOECD"/>
                    </structure:Parent>
                </structure:Code>
                <structure:Code id="COD">
                    <common:Annotations>
                        <common:Annotation>
                            <common:AnnotationType>ORDER</common:AnnotationType>
                            <common:AnnotationText xml:lang="en">1770</common:AnnotationText>
                            <common:AnnotationText xml:lang="fr">1770</common:AnnotationText>
                        </common:Annotation>
                    </common:Annotations>
                    <common:Name xml:lang="en">Democratic Republic of the Congo</common:Name>
                    <common:Name xml:lang="fr">République démocratique du Congo</common:Name>
                    <structure:Parent>
                        <Ref id="WXOECD"/>
                    </structure:Parent>
                </structure:Code>
                <structure:Code id="DJI">
                    <common:Annotations>
                        <common:Annotation>
                            <common:AnnotationType>ORDER</common:AnnotationType>
                            <common:AnnotationText xml:lang="en">1780</common:AnnotationText>
                            <common:AnnotationText xml:lang="fr">1780</common:AnnotationText>
                        </common:Annotation>
                    </common:Annotations>
                    <common:Name xml:lang="en">Djibouti</common:Name>
                    <common:Name xml:lang="fr">Djibouti</common:Name>
                    <structure:Parent>
                        <Ref id="WXOECD"/>
                    </structure:Parent>
                </structure:Code>
                <structure:Code id="DMA">
                    <common:Annotations>
                        <common:Annotation>
                            <common:AnnotationType>ORDER</common:AnnotationType>
                            <common:AnnotationText xml:lang="en">1790</common:AnnotationText>
                            <common:AnnotationText xml:lang="fr">1790</common:AnnotationText>
                        </common:Annotation>
                    </common:Annotations>
                    <common:Name xml:lang="en">Dominica</common:Name>
                    <common:Name xml:lang="fr">Dominique</common:Name>
                    <structure:Parent>
                        <Ref id="WXOECD"/>
                    </structure:Parent>
                </structure:Code>
                <structure:Code id="DOM">
                    <common:Annotations>
                        <common:Annotation>
                            <common:AnnotationType>ORDER</common:AnnotationType>
                            <common:AnnotationText xml:lang="en">1800</common:AnnotationText>
                            <common:AnnotationText xml:lang="fr">1800</common:AnnotationText>
                        </common:Annotation>
                    </common:Annotations>
                    <common:Name xml:lang="en">Dominican Republic</common:Name>
                    <common:Name xml:lang="fr">République dominicaine</common:Name>
                    <structure:Parent>
                        <Ref id="WXOECD"/>
                    </structure:Parent>
                </structure:Code>
                <structure:Code id="ECU">
                    <common:Annotations>
                        <common:Annotation>
                            <common:AnnotationType>ORDER</common:AnnotationType>
                            <common:AnnotationText xml:lang="en">1810</common:AnnotationText>
                            <common:AnnotationText xml:lang="fr">1810</common:AnnotationText>
                        </common:Annotation>
                    </common:Annotations>
                    <common:Name xml:lang="en">Ecuador</common:Name>
                    <common:Name xml:lang="fr">Équateur</common:Name>
                    <structure:Parent>
                        <Ref id="WXOECD"/>
                    </structure:Parent>
                </structure:Code>
                <structure:Code id="EGY">
                    <common:Annotations>
                        <common:Annotation>
                            <common:AnnotationType>ORDER</common:AnnotationType>
                            <common:AnnotationText xml:lang="en">1820</common:AnnotationText>
                            <common:AnnotationText xml:lang="fr">1820</common:AnnotationText>
                        </common:Annotation>
                    </common:Annotations>
                    <common:Name xml:lang="en">Egypt</common:Name>
                    <common:Name xml:lang="fr">Égypte</common:Name>
                    <structure:Parent>
                        <Ref id="WXOECD"/>
                    </structure:Parent>
                </structure:Code>
                <structure:Code id="SLV">
                    <common:Annotations>
                        <common:Annotation>
                            <common:AnnotationType>ORDER</common:AnnotationType>
                            <common:AnnotationText xml:lang="en">1830</common:AnnotationText>
                            <common:AnnotationText xml:lang="fr">1830</common:AnnotationText>
                        </common:Annotation>
                    </common:Annotations>
                    <common:Name xml:lang="en">El Salvador</common:Name>
                    <common:Name xml:lang="fr">El Salvador</common:Name>
                    <structure:Parent>
                        <Ref id="WXOECD"/>
                    </structure:Parent>
                </structure:Code>
                <structure:Code id="GNQ">
                    <common:Annotations>
                        <common:Annotation>
                            <common:AnnotationType>ORDER</common:AnnotationType>
                            <common:AnnotationText xml:lang="en">1840</common:AnnotationText>
                            <common:AnnotationText xml:lang="fr">1840</common:AnnotationText>
                        </common:Annotation>
                    </common:Annotations>
                    <common:Name xml:lang="en">Equatorial Guinea</common:Name>
                    <common:Name xml:lang="fr">Guinée équatoriale</common:Name>
                    <structure:Parent>
                        <Ref id="WXOECD"/>
                    </structure:Parent>
                </structure:Code>
                <structure:Code id="ERI">
                    <common:Annotations>
                        <common:Annotation>
                            <common:AnnotationType>ORDER</common:AnnotationType>
                            <common:AnnotationText xml:lang="en">1850</common:AnnotationText>
                            <common:AnnotationText xml:lang="fr">1850</common:AnnotationText>
                        </common:Annotation>
                    </common:Annotations>
                    <common:Name xml:lang="en">Eritrea</common:Name>
                    <common:Name xml:lang="fr">Érythrée</common:Name>
                    <structure:Parent>
                        <Ref id="WXOECD"/>
                    </structure:Parent>
                </structure:Code>
                <structure:Code id="SWZ">
                    <common:Annotations>
                        <common:Annotation>
                            <common:AnnotationType>ORDER</common:AnnotationType>
                            <common:AnnotationText xml:lang="en">1860</common:AnnotationText>
                            <common:AnnotationText xml:lang="fr">1860</common:AnnotationText>
                        </common:Annotation>
                    </common:Annotations>
                    <common:Name xml:lang="en">Eswatini</common:Name>
                    <common:Name xml:lang="fr">Eswatini</common:Name>
                    <structure:Parent>
                        <Ref id="WXOECD"/>
                    </structure:Parent>
                </structure:Code>
                <structure:Code id="ETH">
                    <common:Annotations>
                        <common:Annotation>
                            <common:AnnotationType>ORDER</common:AnnotationType>
                            <common:AnnotationText xml:lang="en">1870</common:AnnotationText>
                            <common:AnnotationText xml:lang="fr">1870</common:AnnotationText>
                        </common:Annotation>
                    </common:Annotations>
                    <common:Name xml:lang="en">Ethiopia</common:Name>
                    <common:Name xml:lang="fr">Éthiopie</common:Name>
                    <structure:Parent>
                        <Ref id="WXOECD"/>
                    </structure:Parent>
                </structure:Code>
                <structure:Code id="FLK">
                    <common:Annotations>
                        <common:Annotation>
                            <common:AnnotationType>ORDER</common:AnnotationType>
                            <common:AnnotationText xml:lang="en">1880</common:AnnotationText>
                            <common:AnnotationText xml:lang="fr">1880</common:AnnotationText>
                        </common:Annotation>
                    </common:Annotations>
                    <common:Name xml:lang="en">Falkland Islands (Malvinas)</common:Name>
                    <common:Name xml:lang="fr">Îles Falkland (Malouines)</common:Name>
                    <structure:Parent>
                        <Ref id="WXOECD"/>
                    </structure:Parent>
                </structure:Code>
                <structure:Code id="FRO">
                    <common:Annotations>
                        <common:Annotation>
                            <common:AnnotationType>ORDER</common:AnnotationType>
                            <common:AnnotationText xml:lang="en">1890</common:AnnotationText>
                            <common:AnnotationText xml:lang="fr">1890</common:AnnotationText>
                        </common:Annotation>
                    </common:Annotations>
                    <common:Name xml:lang="en">Faroe Islands</common:Name>
                    <common:Name xml:lang="fr">Îles Féroé</common:Name>
                    <structure:Parent>
                        <Ref id="WXOECD"/>
                    </structure:Parent>
                </structure:Code>
                <structure:Code id="FJI">
                    <common:Annotations>
                        <common:Annotation>
                            <common:AnnotationType>ORDER</common:AnnotationType>
                            <common:AnnotationText xml:lang="en">1900</common:AnnotationText>
                            <common:AnnotationText xml:lang="fr">1900</common:AnnotationText>
                        </common:Annotation>
                    </common:Annotations>
                    <common:Name xml:lang="en">Fiji</common:Name>
                    <common:Name xml:lang="fr">Fidji</common:Name>
                    <structure:Parent>
                        <Ref id="WXOECD"/>
                    </structure:Parent>
                </structure:Code>
                <structure:Code id="GUF">
                    <common:Annotations>
                        <common:Annotation>
                            <common:AnnotationType>ORDER</common:AnnotationType>
                            <common:AnnotationText xml:lang="en">1910</common:AnnotationText>
                            <common:AnnotationText xml:lang="fr">1910</common:AnnotationText>
                        </common:Annotation>
                    </common:Annotations>
                    <common:Name xml:lang="en">French Guiana</common:Name>
                    <common:Name xml:lang="fr">Guyane française</common:Name>
                    <structure:Parent>
                        <Ref id="WXOECD"/>
                    </structure:Parent>
                </structure:Code>
                <structure:Code id="PYF">
                    <common:Annotations>
                        <common:Annotation>
                            <common:AnnotationType>ORDER</common:AnnotationType>
                            <common:AnnotationText xml:lang="en">1920</common:AnnotationText>
                            <common:AnnotationText xml:lang="fr">1920</common:AnnotationText>
                        </common:Annotation>
                    </common:Annotations>
                    <common:Name xml:lang="en">French Polynesia</common:Name>
                    <common:Name xml:lang="fr">Polynésie française</common:Name>
                    <structure:Parent>
                        <Ref id="WXOECD"/>
                    </structure:Parent>
                </structure:Code>
                <structure:Code id="ATF">
                    <common:Annotations>
                        <common:Annotation>
                            <common:AnnotationType>ORDER</common:AnnotationType>
                            <common:AnnotationText xml:lang="en">1930</common:AnnotationText>
                            <common:AnnotationText xml:lang="fr">1930</common:AnnotationText>
                        </common:Annotation>
                    </common:Annotations>
                    <common:Name xml:lang="en">French Southern and Antarctic Lands</common:Name>
                    <common:Name xml:lang="fr">Terres australes et antarctiques françaises</common:Name>
                    <structure:Parent>
                        <Ref id="WXOECD"/>
                    </structure:Parent>
                </structure:Code>
                <structure:Code id="GAB">
                    <common:Annotations>
                        <common:Annotation>
                            <common:AnnotationType>ORDER</common:AnnotationType>
                            <common:AnnotationText xml:lang="en">1940</common:AnnotationText>
                            <common:AnnotationText xml:lang="fr">1940</common:AnnotationText>
                        </common:Annotation>
                    </common:Annotations>
                    <common:Name xml:lang="en">Gabon</common:Name>
                    <common:Name xml:lang="fr">Gabon</common:Name>
                    <structure:Parent>
                        <Ref id="WXOECD"/>
                    </structure:Parent>
                </structure:Code>
                <structure:Code id="GMB">
                    <common:Annotations>
                        <common:Annotation>
                            <common:AnnotationType>ORDER</common:AnnotationType>
                            <common:AnnotationText xml:lang="en">1950</common:AnnotationText>
                            <common:AnnotationText xml:lang="fr">1950</common:AnnotationText>
                        </common:Annotation>
                    </common:Annotations>
                    <common:Name xml:lang="en">Gambia</common:Name>
                    <common:Name xml:lang="fr">Gambie</common:Name>
                    <structure:Parent>
                        <Ref id="WXOECD"/>
                    </structure:Parent>
                </structure:Code>
                <structure:Code id="GEO">
                    <common:Annotations>
                        <common:Annotation>
                            <common:AnnotationType>ORDER</common:AnnotationType>
                            <common:AnnotationText xml:lang="en">1960</common:AnnotationText>
                            <common:AnnotationText xml:lang="fr">1960</common:AnnotationText>
                        </common:Annotation>
                    </common:Annotations>
                    <common:Name xml:lang="en">Georgia</common:Name>
                    <common:Name xml:lang="fr">Géorgie</common:Name>
                    <structure:Parent>
                        <Ref id="WXOECD"/>
                    </structure:Parent>
                </structure:Code>
                <structure:Code id="GHA">
                    <common:Annotations>
                        <common:Annotation>
                            <common:AnnotationType>ORDER</common:AnnotationType>
                            <common:AnnotationText xml:lang="en">1970</common:AnnotationText>
                            <common:AnnotationText xml:lang="fr">1970</common:AnnotationText>
                        </common:Annotation>
                    </common:Annotations>
                    <common:Name xml:lang="en">Ghana</common:Name>
                    <common:Name xml:lang="fr">Ghana</common:Name>
                    <structure:Parent>
                        <Ref id="WXOECD"/>
                    </structure:Parent>
                </structure:Code>
                <structure:Code id="GIB">
                    <common:Annotations>
                        <common:Annotation>
                            <common:AnnotationType>ORDER</common:AnnotationType>
                            <common:AnnotationText xml:lang="en">1980</common:AnnotationText>
                            <common:AnnotationText xml:lang="fr">1980</common:AnnotationText>
                        </common:Annotation>
                    </common:Annotations>
                    <common:Name xml:lang="en">Gibraltar</common:Name>
                    <common:Name xml:lang="fr">Gibraltar</common:Name>
                    <structure:Parent>
                        <Ref id="WXOECD"/>
                    </structure:Parent>
                </structure:Code>
                <structure:Code id="GRL">
                    <common:Annotations>
                        <common:Annotation>
                            <common:AnnotationType>ORDER</common:AnnotationType>
                            <common:AnnotationText xml:lang="en">1990</common:AnnotationText>
                            <common:AnnotationText xml:lang="fr">1990</common:AnnotationText>
                        </common:Annotation>
                    </common:Annotations>
                    <common:Name xml:lang="en">Greenland</common:Name>
                    <common:Name xml:lang="fr">Groenland</common:Name>
                    <structure:Parent>
                        <Ref id="WXOECD"/>
                    </structure:Parent>
                </structure:Code>
                <structure:Code id="GRD">
                    <common:Annotations>
                        <common:Annotation>
                            <common:AnnotationType>ORDER</common:AnnotationType>
                            <common:AnnotationText xml:lang="en">2000</common:AnnotationText>
                            <common:AnnotationText xml:lang="fr">2000</common:AnnotationText>
                        </common:Annotation>
                    </common:Annotations>
                    <common:Name xml:lang="en">Grenada</common:Name>
                    <common:Name xml:lang="fr">Grenade</common:Name>
                    <structure:Parent>
                        <Ref id="WXOECD"/>
                    </structure:Parent>
                </structure:Code>
                <structure:Code id="GLP">
                    <common:Annotations>
                        <common:Annotation>
                            <common:AnnotationType>ORDER</common:AnnotationType>
                            <common:AnnotationText xml:lang="en">2010</common:AnnotationText>
                            <common:AnnotationText xml:lang="fr">2010</common:AnnotationText>
                        </common:Annotation>
                    </common:Annotations>
                    <common:Name xml:lang="en">Guadeloupe</common:Name>
                    <common:Name xml:lang="fr">Guadeloupe</common:Name>
                    <structure:Parent>
                        <Ref id="WXOECD"/>
                    </structure:Parent>
                </structure:Code>
                <structure:Code id="GUM">
                    <common:Annotations>
                        <common:Annotation>
                            <common:AnnotationType>ORDER</common:AnnotationType>
                            <common:AnnotationText xml:lang="en">2020</common:AnnotationText>
                            <common:AnnotationText xml:lang="fr">2020</common:AnnotationText>
                        </common:Annotation>
                    </common:Annotations>
                    <common:Name xml:lang="en">Guam</common:Name>
                    <common:Name xml:lang="fr">Guam</common:Name>
                    <structure:Parent>
                        <Ref id="WXOECD"/>
                    </structure:Parent>
                </structure:Code>
                <structure:Code id="GTM">
                    <common:Annotations>
                        <common:Annotation>
                            <common:AnnotationType>ORDER</common:AnnotationType>
                            <common:AnnotationText xml:lang="en">2030</common:AnnotationText>
                            <common:AnnotationText xml:lang="fr">2030</common:AnnotationText>
                        </common:Annotation>
                    </common:Annotations>
                    <common:Name xml:lang="en">Guatemala</common:Name>
                    <common:Name xml:lang="fr">Guatemala</common:Name>
                    <structure:Parent>
                        <Ref id="WXOECD"/>
                    </structure:Parent>
                </structure:Code>
                <structure:Code id="GIN">
                    <common:Annotations>
                        <common:Annotation>
                            <common:AnnotationType>ORDER</common:AnnotationType>
                            <common:AnnotationText xml:lang="en">2040</common:AnnotationText>
                            <common:AnnotationText xml:lang="fr">2040</common:AnnotationText>
                        </common:Annotation>
                    </common:Annotations>
                    <common:Name xml:lang="en">Guinea</common:Name>
                    <common:Name xml:lang="fr">Guinée</common:Name>
                    <structure:Parent>
                        <Ref id="WXOECD"/>
                    </structure:Parent>
                </structure:Code>
                <structure:Code id="GNB">
                    <common:Annotations>
                        <common:Annotation>
                            <common:AnnotationType>ORDER</common:AnnotationType>
                            <common:AnnotationText xml:lang="en">2050</common:AnnotationText>
                            <common:AnnotationText xml:lang="fr">2050</common:AnnotationText>
                        </common:Annotation>
                    </common:Annotations>
                    <common:Name xml:lang="en">Guinea-Bissau</common:Name>
                    <common:Name xml:lang="fr">Guinée-Bissau</common:Name>
                    <structure:Parent>
                        <Ref id="WXOECD"/>
                    </structure:Parent>
                </structure:Code>
                <structure:Code id="GUY">
                    <common:Annotations>
                        <common:Annotation>
                            <common:AnnotationType>ORDER</common:AnnotationType>
                            <common:AnnotationText xml:lang="en">2060</common:AnnotationText>
                            <common:AnnotationText xml:lang="fr">2060</common:AnnotationText>
                        </common:Annotation>
                    </common:Annotations>
                    <common:Name xml:lang="en">Guyana</common:Name>
                    <common:Name xml:lang="fr">Guyana</common:Name>
                    <structure:Parent>
                        <Ref id="WXOECD"/>
                    </structure:Parent>
                </structure:Code>
                <structure:Code id="HTI">
                    <common:Annotations>
                        <common:Annotation>
                            <common:AnnotationType>ORDER</common:AnnotationType>
                            <common:AnnotationText xml:lang="en">2070</common:AnnotationText>
                            <common:AnnotationText xml:lang="fr">2070</common:AnnotationText>
                        </common:Annotation>
                    </common:Annotations>
                    <common:Name xml:lang="en">Haiti</common:Name>
                    <common:Name xml:lang="fr">Haïti</common:Name>
                    <structure:Parent>
                        <Ref id="WXOECD"/>
                    </structure:Parent>
                </structure:Code>
                <structure:Code id="HMD">
                    <common:Annotations>
                        <common:Annotation>
                            <common:AnnotationType>ORDER</common:AnnotationType>
                            <common:AnnotationText xml:lang="en">2080</common:AnnotationText>
                            <common:AnnotationText xml:lang="fr">2080</common:AnnotationText>
                        </common:Annotation>
                    </common:Annotations>
                    <common:Name xml:lang="en">Heard Island and McDonald Islands</common:Name>
                    <common:Name xml:lang="fr">Îles Heard et McDonald</common:Name>
                    <structure:Parent>
                        <Ref id="WXOECD"/>
                    </structure:Parent>
                </structure:Code>
                <structure:Code id="VAT">
                    <common:Annotations>
                        <common:Annotation>
                            <common:AnnotationType>ORDER</common:AnnotationType>
                            <common:AnnotationText xml:lang="en">2090</common:AnnotationText>
                            <common:AnnotationText xml:lang="fr">2090</common:AnnotationText>
                        </common:Annotation>
                    </common:Annotations>
                    <common:Name xml:lang="en">Holy See</common:Name>
                    <common:Name xml:lang="fr">Saint-Siège</common:Name>
                    <structure:Parent>
                        <Ref id="WXOECD"/>
                    </structure:Parent>
                </structure:Code>
                <structure:Code id="HND">
                    <common:Annotations>
                        <common:Annotation>
                            <common:AnnotationType>ORDER</common:AnnotationType>
                            <common:AnnotationText xml:lang="en">2100</common:AnnotationText>
                            <common:AnnotationText xml:lang="fr">2100</common:AnnotationText>
                        </common:Annotation>
                    </common:Annotations>
                    <common:Name xml:lang="en">Honduras</common:Name>
                    <common:Name xml:lang="fr">Honduras</common:Name>
                    <structure:Parent>
                        <Ref id="WXOECD"/>
                    </structure:Parent>
                </structure:Code>
                <structure:Code id="HKG">
                    <common:Annotations>
                        <common:Annotation>
                            <common:AnnotationType>ORDER</common:AnnotationType>
                            <common:AnnotationText xml:lang="en">2110</common:AnnotationText>
                            <common:AnnotationText xml:lang="fr">2110</common:AnnotationText>
                        </common:Annotation>
                    </common:Annotations>
                    <common:Name xml:lang="en">Hong Kong (China)</common:Name>
                    <common:Name xml:lang="fr">Hong Kong (Chine)</common:Name>
                    <structure:Parent>
                        <Ref id="WXOECD"/>
                    </structure:Parent>
                </structure:Code>
                <structure:Code id="IRN">
                    <common:Annotations>
                        <common:Annotation>
                            <common:AnnotationType>ORDER</common:AnnotationType>
                            <common:AnnotationText xml:lang="en">2120</common:AnnotationText>
                            <common:AnnotationText xml:lang="fr">2120</common:AnnotationText>
                        </common:Annotation>
                    </common:Annotations>
                    <common:Name xml:lang="en">Iran</common:Name>
                    <common:Name xml:lang="fr">Iran</common:Name>
                    <structure:Parent>
                        <Ref id="WXOECD"/>
                    </structure:Parent>
                </structure:Code>
                <structure:Code id="IRQ">
                    <common:Annotations>
                        <common:Annotation>
                            <common:AnnotationType>ORDER</common:AnnotationType>
                            <common:AnnotationText xml:lang="en">2130</common:AnnotationText>
                            <common:AnnotationText xml:lang="fr">2130</common:AnnotationText>
                        </common:Annotation>
                    </common:Annotations>
                    <common:Name xml:lang="en">Iraq</common:Name>
                    <common:Name xml:lang="fr">Iraq</common:Name>
                    <structure:Parent>
                        <Ref id="WXOECD"/>
                    </structure:Parent>
                </structure:Code>
                <structure:Code id="IMN">
                    <common:Annotations>
                        <common:Annotation>
                            <common:AnnotationType>ORDER</common:AnnotationType>
                            <common:AnnotationText xml:lang="en">2140</common:AnnotationText>
                            <common:AnnotationText xml:lang="fr">2140</common:AnnotationText>
                        </common:Annotation>
                    </common:Annotations>
                    <common:Name xml:lang="en">Isle of Man</common:Name>
                    <common:Name xml:lang="fr">Île de Man</common:Name>
                    <structure:Parent>
                        <Ref id="WXOECD"/>
                    </structure:Parent>
                </structure:Code>
                <structure:Code id="JAM">
                    <common:Annotations>
                        <common:Annotation>
                            <common:AnnotationType>ORDER</common:AnnotationType>
                            <common:AnnotationText xml:lang="en">2150</common:AnnotationText>
                            <common:AnnotationText xml:lang="fr">2150</common:AnnotationText>
                        </common:Annotation>
                    </common:Annotations>
                    <common:Name xml:lang="en">Jamaica</common:Name>
                    <common:Name xml:lang="fr">Jamaïque</common:Name>
                    <structure:Parent>
                        <Ref id="WXOECD"/>
                    </structure:Parent>
                </structure:Code>
                <structure:Code id="JEY">
                    <common:Annotations>
                        <common:Annotation>
                            <common:AnnotationType>ORDER</common:AnnotationType>
                            <common:AnnotationText xml:lang="en">2160</common:AnnotationText>
                            <common:AnnotationText xml:lang="fr">2160</common:AnnotationText>
                        </common:Annotation>
                    </common:Annotations>
                    <common:Name xml:lang="en">Jersey</common:Name>
                    <common:Name xml:lang="fr">Jersey</common:Name>
                    <structure:Parent>
                        <Ref id="WXOECD"/>
                    </structure:Parent>
                </structure:Code>
                <structure:Code id="JOR">
                    <common:Annotations>
                        <common:Annotation>
                            <common:AnnotationType>ORDER</common:AnnotationType>
                            <common:AnnotationText xml:lang="en">2170</common:AnnotationText>
                            <common:AnnotationText xml:lang="fr">2170</common:AnnotationText>
                        </common:Annotation>
                    </common:Annotations>
                    <common:Name xml:lang="en">Jordan</common:Name>
                    <common:Name xml:lang="fr">Jordanie</common:Name>
                    <structure:Parent>
                        <Ref id="WXOECD"/>
                    </structure:Parent>
                </structure:Code>
                <structure:Code id="KAZ">
                    <common:Annotations>
                        <common:Annotation>
                            <common:AnnotationType>ORDER</common:AnnotationType>
                            <common:AnnotationText xml:lang="en">2180</common:AnnotationText>
                            <common:AnnotationText xml:lang="fr">2180</common:AnnotationText>
                        </common:Annotation>
                    </common:Annotations>
                    <common:Name xml:lang="en">Kazakhstan</common:Name>
                    <common:Name xml:lang="fr">Kazakhstan</common:Name>
                    <structure:Parent>
                        <Ref id="WXOECD"/>
                    </structure:Parent>
                </structure:Code>
                <structure:Code id="KEN">
                    <common:Annotations>
                        <common:Annotation>
                            <common:AnnotationType>ORDER</common:AnnotationType>
                            <common:AnnotationText xml:lang="en">2190</common:AnnotationText>
                            <common:AnnotationText xml:lang="fr">2190</common:AnnotationText>
                        </common:Annotation>
                    </common:Annotations>
                    <common:Name xml:lang="en">Kenya</common:Name>
                    <common:Name xml:lang="fr">Kenya</common:Name>
                    <structure:Parent>
                        <Ref id="WXOECD"/>
                    </structure:Parent>
                </structure:Code>
                <structure:Code id="KIR">
                    <common:Annotations>
                        <common:Annotation>
                            <common:AnnotationType>ORDER</common:AnnotationType>
                            <common:AnnotationText xml:lang="en">2200</common:AnnotationText>
                            <common:AnnotationText xml:lang="fr">2200</common:AnnotationText>
                        </common:Annotation>
                    </common:Annotations>
                    <common:Name xml:lang="en">Kiribati</common:Name>
                    <common:Name xml:lang="fr">Kiribati</common:Name>
                    <structure:Parent>
                        <Ref id="WXOECD"/>
                    </structure:Parent>
                </structure:Code>
                <structure:Code id="XKV">
                    <common:Annotations>
                        <common:Annotation>
                            <common:AnnotationType>ORDER</common:AnnotationType>
                            <common:AnnotationText xml:lang="en">2210</common:AnnotationText>
                            <common:AnnotationText xml:lang="fr">2210</common:AnnotationText>
                        </common:Annotation>
                    </common:Annotations>
                    <common:Name xml:lang="en">Kosovo</common:Name>
                    <common:Name xml:lang="fr">Kosovo</common:Name>
                    <structure:Parent>
                        <Ref id="WXOECD"/>
                    </structure:Parent>
                </structure:Code>
                <structure:Code id="KWT">
                    <common:Annotations>
                        <common:Annotation>
                            <common:AnnotationType>ORDER</common:AnnotationType>
                            <common:AnnotationText xml:lang="en">2220</common:AnnotationText>
                            <common:AnnotationText xml:lang="fr">2220</common:AnnotationText>
                        </common:Annotation>
                    </common:Annotations>
                    <common:Name xml:lang="en">Kuwait</common:Name>
                    <common:Name xml:lang="fr">Koweït</common:Name>
                    <structure:Parent>
                        <Ref id="WXOECD"/>
                    </structure:Parent>
                </structure:Code>
                <structure:Code id="KGZ">
                    <common:Annotations>
                        <common:Annotation>
                            <common:AnnotationType>ORDER</common:AnnotationType>
                            <common:AnnotationText xml:lang="en">2230</common:AnnotationText>
                            <common:AnnotationText xml:lang="fr">2230</common:AnnotationText>
                        </common:Annotation>
                    </common:Annotations>
                    <common:Name xml:lang="en">Kyrgyzstan</common:Name>
                    <common:Name xml:lang="fr">Kirghizistan</common:Name>
                    <structure:Parent>
                        <Ref id="WXOECD"/>
                    </structure:Parent>
                </structure:Code>
                <structure:Code id="LAO">
                    <common:Annotations>
                        <common:Annotation>
                            <common:AnnotationType>ORDER</common:AnnotationType>
                            <common:AnnotationText xml:lang="en">2240</common:AnnotationText>
                            <common:AnnotationText xml:lang="fr">2240</common:AnnotationText>
                        </common:Annotation>
                    </common:Annotations>
                    <common:Name xml:lang="en">Lao People’s Democratic Republic</common:Name>
                    <common:Name xml:lang="fr">République démocratique populaire lao</common:Name>
                    <structure:Parent>
                        <Ref id="WXOECD"/>
                    </structure:Parent>
                </structure:Code>
                <structure:Code id="LBN">
                    <common:Annotations>
                        <common:Annotation>
                            <common:AnnotationType>ORDER</common:AnnotationType>
                            <common:AnnotationText xml:lang="en">2250</common:AnnotationText>
                            <common:AnnotationText xml:lang="fr">2250</common:AnnotationText>
                        </common:Annotation>
                    </common:Annotations>
                    <common:Name xml:lang="en">Lebanon</common:Name>
                    <common:Name xml:lang="fr">Liban</common:Name>
                    <structure:Parent>
                        <Ref id="WXOECD"/>
                    </structure:Parent>
                </structure:Code>
                <structure:Code id="LSO">
                    <common:Annotations>
                        <common:Annotation>
                            <common:AnnotationType>ORDER</common:AnnotationType>
                            <common:AnnotationText xml:lang="en">2260</common:AnnotationText>
                            <common:AnnotationText xml:lang="fr">2260</common:AnnotationText>
                        </common:Annotation>
                    </common:Annotations>
                    <common:Name xml:lang="en">Lesotho</common:Name>
                    <common:Name xml:lang="fr">Lesotho</common:Name>
                    <structure:Parent>
                        <Ref id="WXOECD"/>
                    </structure:Parent>
                </structure:Code>
                <structure:Code id="LBR">
                    <common:Annotations>
                        <common:Annotation>
                            <common:AnnotationType>ORDER</common:AnnotationType>
                            <common:AnnotationText xml:lang="en">2270</common:AnnotationText>
                            <common:AnnotationText xml:lang="fr">2270</common:AnnotationText>
                        </common:Annotation>
                    </common:Annotations>
                    <common:Name xml:lang="en">Liberia</common:Name>
                    <common:Name xml:lang="fr">Libéria</common:Name>
                    <structure:Parent>
                        <Ref id="WXOECD"/>
                    </structure:Parent>
                </structure:Code>
                <structure:Code id="LBY">
                    <common:Annotations>
                        <common:Annotation>
                            <common:AnnotationType>ORDER</common:AnnotationType>
                            <common:AnnotationText xml:lang="en">2280</common:AnnotationText>
                            <common:AnnotationText xml:lang="fr">2280</common:AnnotationText>
                        </common:Annotation>
                    </common:Annotations>
                    <common:Name xml:lang="en">Libya</common:Name>
                    <common:Name xml:lang="fr">Libye</common:Name>
                    <structure:Parent>
                        <Ref id="WXOECD"/>
                    </structure:Parent>
                </structure:Code>
                <structure:Code id="LIE">
                    <common:Annotations>
                        <common:Annotation>
                            <common:AnnotationType>ORDER</common:AnnotationType>
                            <common:AnnotationText xml:lang="en">2290</common:AnnotationText>
                            <common:AnnotationText xml:lang="fr">2290</common:AnnotationText>
                        </common:Annotation>
                    </common:Annotations>
                    <common:Name xml:lang="en">Liechtenstein</common:Name>
                    <common:Name xml:lang="fr">Liechtenstein</common:Name>
                    <structure:Parent>
                        <Ref id="WXOECD"/>
                    </structure:Parent>
                </structure:Code>
                <structure:Code id="MAC">
                    <common:Annotations>
                        <common:Annotation>
                            <common:AnnotationType>ORDER</common:AnnotationType>
                            <common:AnnotationText xml:lang="en">2300</common:AnnotationText>
                            <common:AnnotationText xml:lang="fr">2300</common:AnnotationText>
                        </common:Annotation>
                    </common:Annotations>
                    <common:Name xml:lang="en">Macau (China)</common:Name>
                    <common:Name xml:lang="fr">Macao (Chine)</common:Name>
                    <structure:Parent>
                        <Ref id="WXOECD"/>
                    </structure:Parent>
                </structure:Code>
                <structure:Code id="MDG">
                    <common:Annotations>
                        <common:Annotation>
                            <common:AnnotationType>ORDER</common:AnnotationType>
                            <common:AnnotationText xml:lang="en">2310</common:AnnotationText>
                            <common:AnnotationText xml:lang="fr">2310</common:AnnotationText>
                        </common:Annotation>
                    </common:Annotations>
                    <common:Name xml:lang="en">Madagascar</common:Name>
                    <common:Name xml:lang="fr">Madagascar</common:Name>
                    <structure:Parent>
                        <Ref id="WXOECD"/>
                    </structure:Parent>
                </structure:Code>
                <structure:Code id="MWI">
                    <common:Annotations>
                        <common:Annotation>
                            <common:AnnotationType>ORDER</common:AnnotationType>
                            <common:AnnotationText xml:lang="en">2320</common:AnnotationText>
                            <common:AnnotationText xml:lang="fr">2320</common:AnnotationText>
                        </common:Annotation>
                    </common:Annotations>
                    <common:Name xml:lang="en">Malawi</common:Name>
                    <common:Name xml:lang="fr">Malawi</common:Name>
                    <structure:Parent>
                        <Ref id="WXOECD"/>
                    </structure:Parent>
                </structure:Code>
                <structure:Code id="MYS">
                    <common:Annotations>
                        <common:Annotation>
                            <common:AnnotationType>ORDER</common:AnnotationType>
                            <common:AnnotationText xml:lang="en">2330</common:AnnotationText>
                            <common:AnnotationText xml:lang="fr">2330</common:AnnotationText>
                        </common:Annotation>
                    </common:Annotations>
                    <common:Name xml:lang="en">Malaysia</common:Name>
                    <common:Name xml:lang="fr">Malaisie</common:Name>
                    <structure:Parent>
                        <Ref id="WXOECD"/>
                    </structure:Parent>
                </structure:Code>
                <structure:Code id="MDV">
                    <common:Annotations>
                        <common:Annotation>
                            <common:AnnotationType>ORDER</common:AnnotationType>
                            <common:AnnotationText xml:lang="en">2340</common:AnnotationText>
                            <common:AnnotationText xml:lang="fr">2340</common:AnnotationText>
                        </common:Annotation>
                    </common:Annotations>
                    <common:Name xml:lang="en">Maldives</common:Name>
                    <common:Name xml:lang="fr">Maldives</common:Name>
                    <structure:Parent>
                        <Ref id="WXOECD"/>
                    </structure:Parent>
                </structure:Code>
                <structure:Code id="MLI">
                    <common:Annotations>
                        <common:Annotation>
                            <common:AnnotationType>ORDER</common:AnnotationType>
                            <common:AnnotationText xml:lang="en">2350</common:AnnotationText>
                            <common:AnnotationText xml:lang="fr">2350</common:AnnotationText>
                        </common:Annotation>
                    </common:Annotations>
                    <common:Name xml:lang="en">Mali</common:Name>
                    <common:Name xml:lang="fr">Mali</common:Name>
                    <structure:Parent>
                        <Ref id="WXOECD"/>
                    </structure:Parent>
                </structure:Code>
                <structure:Code id="MLT">
                    <common:Annotations>
                        <common:Annotation>
                            <common:AnnotationType>ORDER</common:AnnotationType>
                            <common:AnnotationText xml:lang="en">2360</common:AnnotationText>
                            <common:AnnotationText xml:lang="fr">2360</common:AnnotationText>
                        </common:Annotation>
                    </common:Annotations>
                    <common:Name xml:lang="en">Malta</common:Name>
                    <common:Name xml:lang="fr">Malte</common:Name>
                    <structure:Parent>
                        <Ref id="WXOECD"/>
                    </structure:Parent>
                </structure:Code>
                <structure:Code id="MHL">
                    <common:Annotations>
                        <common:Annotation>
                            <common:AnnotationType>ORDER</common:AnnotationType>
                            <common:AnnotationText xml:lang="en">2370</common:AnnotationText>
                            <common:AnnotationText xml:lang="fr">2370</common:AnnotationText>
                        </common:Annotation>
                    </common:Annotations>
                    <common:Name xml:lang="en">Marshall Islands</common:Name>
                    <common:Name xml:lang="fr">Îles Marshall</common:Name>
                    <structure:Parent>
                        <Ref id="WXOECD"/>
                    </structure:Parent>
                </structure:Code>
                <structure:Code id="MTQ">
                    <common:Annotations>
                        <common:Annotation>
                            <common:AnnotationType>ORDER</common:AnnotationType>
                            <common:AnnotationText xml:lang="en">2380</common:AnnotationText>
                            <common:AnnotationText xml:lang="fr">2380</common:AnnotationText>
                        </common:Annotation>
                    </common:Annotations>
                    <common:Name xml:lang="en">Martinique</common:Name>
                    <common:Name xml:lang="fr">Martinique</common:Name>
                    <structure:Parent>
                        <Ref id="WXOECD"/>
                    </structure:Parent>
                </structure:Code>
                <structure:Code id="MRT">
                    <common:Annotations>
                        <common:Annotation>
                            <common:AnnotationType>ORDER</common:AnnotationType>
                            <common:AnnotationText xml:lang="en">2390</common:AnnotationText>
                            <common:AnnotationText xml:lang="fr">2390</common:AnnotationText>
                        </common:Annotation>
                    </common:Annotations>
                    <common:Name xml:lang="en">Mauritania</common:Name>
                    <common:Name xml:lang="fr">Mauritanie</common:Name>
                    <structure:Parent>
                        <Ref id="WXOECD"/>
                    </structure:Parent>
                </structure:Code>
                <structure:Code id="MUS">
                    <common:Annotations>
                        <common:Annotation>
                            <common:AnnotationType>ORDER</common:AnnotationType>
                            <common:AnnotationText xml:lang="en">2400</common:AnnotationText>
                            <common:AnnotationText xml:lang="fr">2400</common:AnnotationText>
                        </common:Annotation>
                    </common:Annotations>
                    <common:Name xml:lang="en">Mauritius</common:Name>
                    <common:Name xml:lang="fr">Maurice</common:Name>
                    <structure:Parent>
                        <Ref id="WXOECD"/>
                    </structure:Parent>
                </structure:Code>
                <structure:Code id="MYT">
                    <common:Annotations>
                        <common:Annotation>
                            <common:AnnotationType>ORDER</common:AnnotationType>
                            <common:AnnotationText xml:lang="en">2410</common:AnnotationText>
                            <common:AnnotationText xml:lang="fr">2410</common:AnnotationText>
                        </common:Annotation>
                    </common:Annotations>
                    <common:Name xml:lang="en">Mayotte</common:Name>
                    <common:Name xml:lang="fr">Mayotte</common:Name>
                    <structure:Parent>
                        <Ref id="WXOECD"/>
                    </structure:Parent>
                </structure:Code>
                <structure:Code id="FSM">
                    <common:Annotations>
                        <common:Annotation>
                            <common:AnnotationType>ORDER</common:AnnotationType>
                            <common:AnnotationText xml:lang="en">2420</common:AnnotationText>
                            <common:AnnotationText xml:lang="fr">2420</common:AnnotationText>
                        </common:Annotation>
                    </common:Annotations>
                    <common:Name xml:lang="en">Micronesia</common:Name>
                    <common:Name xml:lang="fr">Micronésie</common:Name>
                    <structure:Parent>
                        <Ref id="WXOECD"/>
                    </structure:Parent>
                </structure:Code>
                <structure:Code id="MDA">
                    <common:Annotations>
                        <common:Annotation>
                            <common:AnnotationType>ORDER</common:AnnotationType>
                            <common:AnnotationText xml:lang="en">2430</common:AnnotationText>
                            <common:AnnotationText xml:lang="fr">2430</common:AnnotationText>
                        </common:Annotation>
                    </common:Annotations>
                    <common:Name xml:lang="en">Moldova</common:Name>
                    <common:Name xml:lang="fr">Moldova</common:Name>
                    <structure:Parent>
                        <Ref id="WXOECD"/>
                    </structure:Parent>
                </structure:Code>
                <structure:Code id="MCO">
                    <common:Annotations>
                        <common:Annotation>
                            <common:AnnotationType>ORDER</common:AnnotationType>
                            <common:AnnotationText xml:lang="en">2440</common:AnnotationText>
                            <common:AnnotationText xml:lang="fr">2440</common:AnnotationText>
                        </common:Annotation>
                    </common:Annotations>
                    <common:Name xml:lang="en">Monaco</common:Name>
                    <common:Name xml:lang="fr">Monaco</common:Name>
                    <structure:Parent>
                        <Ref id="WXOECD"/>
                    </structure:Parent>
                </structure:Code>
                <structure:Code id="MNG">
                    <common:Annotations>
                        <common:Annotation>
                            <common:AnnotationType>ORDER</common:AnnotationType>
                            <common:AnnotationText xml:lang="en">2450</common:AnnotationText>
                            <common:AnnotationText xml:lang="fr">2450</common:AnnotationText>
                        </common:Annotation>
                    </common:Annotations>
                    <common:Name xml:lang="en">Mongolia</common:Name>
                    <common:Name xml:lang="fr">Mongolie</common:Name>
                    <structure:Parent>
                        <Ref id="WXOECD"/>
                    </structure:Parent>
                </structure:Code>
                <structure:Code id="MNE">
                    <common:Annotations>
                        <common:Annotation>
                            <common:AnnotationType>ORDER</common:AnnotationType>
                            <common:AnnotationText xml:lang="en">2460</common:AnnotationText>
                            <common:AnnotationText xml:lang="fr">2460</common:AnnotationText>
                        </common:Annotation>
                    </common:Annotations>
                    <common:Name xml:lang="en">Montenegro</common:Name>
                    <common:Name xml:lang="fr">Monténégro</common:Name>
                    <structure:Parent>
                        <Ref id="WXOECD"/>
                    </structure:Parent>
                </structure:Code>
                <structure:Code id="MSR">
                    <common:Annotations>
                        <common:Annotation>
                            <common:AnnotationType>ORDER</common:AnnotationType>
                            <common:AnnotationText xml:lang="en">2470</common:AnnotationText>
                            <common:AnnotationText xml:lang="fr">2470</common:AnnotationText>
                        </common:Annotation>
                    </common:Annotations>
                    <common:Name xml:lang="en">Montserrat</common:Name>
                    <common:Name xml:lang="fr">Montserrat</common:Name>
                    <structure:Parent>
                        <Ref id="WXOECD"/>
                    </structure:Parent>
                </structure:Code>
                <structure:Code id="MAR">
                    <common:Annotations>
                        <common:Annotation>
                            <common:AnnotationType>ORDER</common:AnnotationType>
                            <common:AnnotationText xml:lang="en">2480</common:AnnotationText>
                            <common:AnnotationText xml:lang="fr">2480</common:AnnotationText>
                        </common:Annotation>
                    </common:Annotations>
                    <common:Name xml:lang="en">Morocco</common:Name>
                    <common:Name xml:lang="fr">Maroc</common:Name>
                    <structure:Parent>
                        <Ref id="WXOECD"/>
                    </structure:Parent>
                </structure:Code>
                <structure:Code id="MOZ">
                    <common:Annotations>
                        <common:Annotation>
                            <common:AnnotationType>ORDER</common:AnnotationType>
                            <common:AnnotationText xml:lang="en">2490</common:AnnotationText>
                            <common:AnnotationText xml:lang="fr">2490</common:AnnotationText>
                        </common:Annotation>
                    </common:Annotations>
                    <common:Name xml:lang="en">Mozambique</common:Name>
                    <common:Name xml:lang="fr">Mozambique</common:Name>
                    <structure:Parent>
                        <Ref id="WXOECD"/>
                    </structure:Parent>
                </structure:Code>
                <structure:Code id="MMR">
                    <common:Annotations>
                        <common:Annotation>
                            <common:AnnotationType>ORDER</common:AnnotationType>
                            <common:AnnotationText xml:lang="en">2500</common:AnnotationText>
                            <common:AnnotationText xml:lang="fr">2500</common:AnnotationText>
                        </common:Annotation>
                    </common:Annotations>
                    <common:Name xml:lang="en">Myanmar</common:Name>
                    <common:Name xml:lang="fr">Myanmar</common:Name>
                    <structure:Parent>
                        <Ref id="WXOECD"/>
                    </structure:Parent>
                </structure:Code>
                <structure:Code id="NAM">
                    <common:Annotations>
                        <common:Annotation>
                            <common:AnnotationType>ORDER</common:AnnotationType>
                            <common:AnnotationText xml:lang="en">2510</common:AnnotationText>
                            <common:AnnotationText xml:lang="fr">2510</common:AnnotationText>
                        </common:Annotation>
                    </common:Annotations>
                    <common:Name xml:lang="en">Namibia</common:Name>
                    <common:Name xml:lang="fr">Namibie</common:Name>
                    <structure:Parent>
                        <Ref id="WXOECD"/>
                    </structure:Parent>
                </structure:Code>
                <structure:Code id="NRU">
                    <common:Annotations>
                        <common:Annotation>
                            <common:AnnotationType>ORDER</common:AnnotationType>
                            <common:AnnotationText xml:lang="en">2520</common:AnnotationText>
                            <common:AnnotationText xml:lang="fr">2520</common:AnnotationText>
                        </common:Annotation>
                    </common:Annotations>
                    <common:Name xml:lang="en">Nauru</common:Name>
                    <common:Name xml:lang="fr">Nauru</common:Name>
                    <structure:Parent>
                        <Ref id="WXOECD"/>
                    </structure:Parent>
                </structure:Code>
                <structure:Code id="NPL">
                    <common:Annotations>
                        <common:Annotation>
                            <common:AnnotationType>ORDER</common:AnnotationType>
                            <common:AnnotationText xml:lang="en">2530</common:AnnotationText>
                            <common:AnnotationText xml:lang="fr">2530</common:AnnotationText>
                        </common:Annotation>
                    </common:Annotations>
                    <common:Name xml:lang="en">Nepal</common:Name>
                    <common:Name xml:lang="fr">Népal</common:Name>
                    <structure:Parent>
                        <Ref id="WXOECD"/>
                    </structure:Parent>
                </structure:Code>
                <structure:Code id="NCL">
                    <common:Annotations>
                        <common:Annotation>
                            <common:AnnotationType>ORDER</common:AnnotationType>
                            <common:AnnotationText xml:lang="en">2540</common:AnnotationText>
                            <common:AnnotationText xml:lang="fr">2540</common:AnnotationText>
                        </common:Annotation>
                    </common:Annotations>
                    <common:Name xml:lang="en">New Caledonia</common:Name>
                    <common:Name xml:lang="fr">Nouvelle-Calédonie</common:Name>
                    <structure:Parent>
                        <Ref id="WXOECD"/>
                    </structure:Parent>
                </structure:Code>
                <structure:Code id="NIC">
                    <common:Annotations>
                        <common:Annotation>
                            <common:AnnotationType>ORDER</common:AnnotationType>
                            <common:AnnotationText xml:lang="en">2550</common:AnnotationText>
                            <common:AnnotationText xml:lang="fr">2550</common:AnnotationText>
                        </common:Annotation>
                    </common:Annotations>
                    <common:Name xml:lang="en">Nicaragua</common:Name>
                    <common:Name xml:lang="fr">Nicaragua</common:Name>
                    <structure:Parent>
                        <Ref id="WXOECD"/>
                    </structure:Parent>
                </structure:Code>
                <structure:Code id="NER">
                    <common:Annotations>
                        <common:Annotation>
                            <common:AnnotationType>ORDER</common:AnnotationType>
                            <common:AnnotationText xml:lang="en">2560</common:AnnotationText>
                            <common:AnnotationText xml:lang="fr">2560</common:AnnotationText>
                        </common:Annotation>
                    </common:Annotations>
                    <common:Name xml:lang="en">Niger</common:Name>
                    <common:Name xml:lang="fr">Niger</common:Name>
                    <structure:Parent>
                        <Ref id="WXOECD"/>
                    </structure:Parent>
                </structure:Code>
                <structure:Code id="NGA">
                    <common:Annotations>
                        <common:Annotation>
                            <common:AnnotationType>ORDER</common:AnnotationType>
                            <common:AnnotationText xml:lang="en">2570</common:AnnotationText>
                            <common:AnnotationText xml:lang="fr">2570</common:AnnotationText>
                        </common:Annotation>
                    </common:Annotations>
                    <common:Name xml:lang="en">Nigeria</common:Name>
                    <common:Name xml:lang="fr">Nigéria</common:Name>
                    <structure:Parent>
                        <Ref id="WXOECD"/>
                    </structure:Parent>
                </structure:Code>
                <structure:Code id="NIU">
                    <common:Annotations>
                        <common:Annotation>
                            <common:AnnotationType>ORDER</common:AnnotationType>
                            <common:AnnotationText xml:lang="en">2580</common:AnnotationText>
                            <common:AnnotationText xml:lang="fr">2580</common:AnnotationText>
                        </common:Annotation>
                    </common:Annotations>
                    <common:Name xml:lang="en">Niue</common:Name>
                    <common:Name xml:lang="fr">Niue</common:Name>
                    <structure:Parent>
                        <Ref id="WXOECD"/>
                    </structure:Parent>
                </structure:Code>
                <structure:Code id="NFK">
                    <common:Annotations>
                        <common:Annotation>
                            <common:AnnotationType>ORDER</common:AnnotationType>
                            <common:AnnotationText xml:lang="en">2590</common:AnnotationText>
                            <common:AnnotationText xml:lang="fr">2590</common:AnnotationText>
                        </common:Annotation>
                    </common:Annotations>
                    <common:Name xml:lang="en">Norfolk Island</common:Name>
                    <common:Name xml:lang="fr">Île Norfolk</common:Name>
                    <structure:Parent>
                        <Ref id="WXOECD"/>
                    </structure:Parent>
                </structure:Code>
                <structure:Code id="MKD">
                    <common:Annotations>
                        <common:Annotation>
                            <common:AnnotationType>ORDER</common:AnnotationType>
                            <common:AnnotationText xml:lang="en">2600</common:AnnotationText>
                            <common:AnnotationText xml:lang="fr">2600</common:AnnotationText>
                        </common:Annotation>
                    </common:Annotations>
                    <common:Name xml:lang="en">North Macedonia</common:Name>
                    <common:Name xml:lang="fr">Macédoine du Nord</common:Name>
                    <structure:Parent>
                        <Ref id="WXOECD"/>
                    </structure:Parent>
                </structure:Code>
                <structure:Code id="MNP">
                    <common:Annotations>
                        <common:Annotation>
                            <common:AnnotationType>ORDER</common:AnnotationType>
                            <common:AnnotationText xml:lang="en">2610</common:AnnotationText>
                            <common:AnnotationText xml:lang="fr">2610</common:AnnotationText>
                        </common:Annotation>
                    </common:Annotations>
                    <common:Name xml:lang="en">Northern Mariana Islands</common:Name>
                    <common:Name xml:lang="fr">Îles Mariannes du Nord</common:Name>
                    <structure:Parent>
                        <Ref id="WXOECD"/>
                    </structure:Parent>
                </structure:Code>
                <structure:Code id="OMN">
                    <common:Annotations>
                        <common:Annotation>
                            <common:AnnotationType>ORDER</common:AnnotationType>
                            <common:AnnotationText xml:lang="en">2620</common:AnnotationText>
                            <common:AnnotationText xml:lang="fr">2620</common:AnnotationText>
                        </common:Annotation>
                    </common:Annotations>
                    <common:Name xml:lang="en">Oman</common:Name>
                    <common:Name xml:lang="fr">Oman</common:Name>
                    <structure:Parent>
                        <Ref id="WXOECD"/>
                    </structure:Parent>
                </structure:Code>
                <structure:Code id="PAK">
                    <common:Annotations>
                        <common:Annotation>
                            <common:AnnotationType>ORDER</common:AnnotationType>
                            <common:AnnotationText xml:lang="en">2630</common:AnnotationText>
                            <common:AnnotationText xml:lang="fr">2630</common:AnnotationText>
                        </common:Annotation>
                    </common:Annotations>
                    <common:Name xml:lang="en">Pakistan</common:Name>
                    <common:Name xml:lang="fr">Pakistan</common:Name>
                    <structure:Parent>
                        <Ref id="WXOECD"/>
                    </structure:Parent>
                </structure:Code>
                <structure:Code id="PLW">
                    <common:Annotations>
                        <common:Annotation>
                            <common:AnnotationType>ORDER</common:AnnotationType>
                            <common:AnnotationText xml:lang="en">2640</common:AnnotationText>
                            <common:AnnotationText xml:lang="fr">2640</common:AnnotationText>
                        </common:Annotation>
                    </common:Annotations>
                    <common:Name xml:lang="en">Palau</common:Name>
                    <common:Name xml:lang="fr">Palaos</common:Name>
                    <structure:Parent>
                        <Ref id="WXOECD"/>
                    </structure:Parent>
                </structure:Code>
                <structure:Code id="PSE">
                    <common:Annotations>
                        <common:Annotation>
                            <common:AnnotationType>ORDER</common:AnnotationType>
                            <common:AnnotationText xml:lang="en">2650</common:AnnotationText>
                            <common:AnnotationText xml:lang="fr">2650</common:AnnotationText>
                        </common:Annotation>
                    </common:Annotations>
                    <common:Name xml:lang="en">Palestinian Authority or West Bank and Gaza Strip</common:Name>
                    <common:Name xml:lang="fr">Autorité palestinienne ou Cisjordanie et bande de Gaza</common:Name>
                    <structure:Parent>
                        <Ref id="WXOECD"/>
                    </structure:Parent>
                </structure:Code>
                <structure:Code id="PAN">
                    <common:Annotations>
                        <common:Annotation>
                            <common:AnnotationType>ORDER</common:AnnotationType>
                            <common:AnnotationText xml:lang="en">2660</common:AnnotationText>
                            <common:AnnotationText xml:lang="fr">2660</common:AnnotationText>
                        </common:Annotation>
                    </common:Annotations>
                    <common:Name xml:lang="en">Panama</common:Name>
                    <common:Name xml:lang="fr">Panama</common:Name>
                    <structure:Parent>
                        <Ref id="WXOECD"/>
                    </structure:Parent>
                </structure:Code>
                <structure:Code id="PNG">
                    <common:Annotations>
                        <common:Annotation>
                            <common:AnnotationType>ORDER</common:AnnotationType>
                            <common:AnnotationText xml:lang="en">2670</common:AnnotationText>
                            <common:AnnotationText xml:lang="fr">2670</common:AnnotationText>
                        </common:Annotation>
                    </common:Annotations>
                    <common:Name xml:lang="en">Papua New Guinea</common:Name>
                    <common:Name xml:lang="fr">Papouasie-Nouvelle-Guinée</common:Name>
                    <structure:Parent>
                        <Ref id="WXOECD"/>
                    </structure:Parent>
                </structure:Code>
                <structure:Code id="PRY">
                    <common:Annotations>
                        <common:Annotation>
                            <common:AnnotationType>ORDER</common:AnnotationType>
                            <common:AnnotationText xml:lang="en">2680</common:AnnotationText>
                            <common:AnnotationText xml:lang="fr">2680</common:AnnotationText>
                        </common:Annotation>
                    </common:Annotations>
                    <common:Name xml:lang="en">Paraguay</common:Name>
                    <common:Name xml:lang="fr">Paraguay</common:Name>
                    <structure:Parent>
                        <Ref id="WXOECD"/>
                    </structure:Parent>
                </structure:Code>
                <structure:Code id="PER">
                    <common:Annotations>
                        <common:Annotation>
                            <common:AnnotationType>ORDER</common:AnnotationType>
                            <common:AnnotationText xml:lang="en">2690</common:AnnotationText>
                            <common:AnnotationText xml:lang="fr">2690</common:AnnotationText>
                        </common:Annotation>
                    </common:Annotations>
                    <common:Name xml:lang="en">Peru</common:Name>
                    <common:Name xml:lang="fr">Pérou</common:Name>
                    <structure:Parent>
                        <Ref id="WXOECD"/>
                    </structure:Parent>
                </structure:Code>
                <structure:Code id="PHL">
                    <common:Annotations>
                        <common:Annotation>
                            <common:AnnotationType>ORDER</common:AnnotationType>
                            <common:AnnotationText xml:lang="en">2700</common:AnnotationText>
                            <common:AnnotationText xml:lang="fr">2700</common:AnnotationText>
                        </common:Annotation>
                    </common:Annotations>
                    <common:Name xml:lang="en">Philippines</common:Name>
                    <common:Name xml:lang="fr">Philippines</common:Name>
                    <structure:Parent>
                        <Ref id="WXOECD"/>
                    </structure:Parent>
                </structure:Code>
                <structure:Code id="PCN">
                    <common:Annotations>
                        <common:Annotation>
                            <common:AnnotationType>ORDER</common:AnnotationType>
                            <common:AnnotationText xml:lang="en">2710</common:AnnotationText>
                            <common:AnnotationText xml:lang="fr">2710</common:AnnotationText>
                        </common:Annotation>
                    </common:Annotations>
                    <common:Name xml:lang="en">Pitcairn</common:Name>
                    <common:Name xml:lang="fr">Pitcairn</common:Name>
                    <structure:Parent>
                        <Ref id="WXOECD"/>
                    </structure:Parent>
                </structure:Code>
                <structure:Code id="PRI">
                    <common:Annotations>
                        <common:Annotation>
                            <common:AnnotationType>ORDER</common:AnnotationType>
                            <common:AnnotationText xml:lang="en">2720</common:AnnotationText>
                            <common:AnnotationText xml:lang="fr">2720</common:AnnotationText>
                        </common:Annotation>
                    </common:Annotations>
                    <common:Name xml:lang="en">Puerto Rico</common:Name>
                    <common:Name xml:lang="fr">Porto Rico</common:Name>
                    <structure:Parent>
                        <Ref id="WXOECD"/>
                    </structure:Parent>
                </structure:Code>
                <structure:Code id="QAT">
                    <common:Annotations>
                        <common:Annotation>
                            <common:AnnotationType>ORDER</common:AnnotationType>
                            <common:AnnotationText xml:lang="en">2730</common:AnnotationText>
                            <common:AnnotationText xml:lang="fr">2730</common:AnnotationText>
                        </common:Annotation>
                    </common:Annotations>
                    <common:Name xml:lang="en">Qatar</common:Name>
                    <common:Name xml:lang="fr">Qatar</common:Name>
                    <structure:Parent>
                        <Ref id="WXOECD"/>
                    </structure:Parent>
                </structure:Code>
                <structure:Code id="REU">
                    <common:Annotations>
                        <common:Annotation>
                            <common:AnnotationType>ORDER</common:AnnotationType>
                            <common:AnnotationText xml:lang="en">2740</common:AnnotationText>
                            <common:AnnotationText xml:lang="fr">2740</common:AnnotationText>
                        </common:Annotation>
                    </common:Annotations>
                    <common:Name xml:lang="en">Réunion</common:Name>
                    <common:Name xml:lang="fr">La Réunion</common:Name>
                    <structure:Parent>
                        <Ref id="WXOECD"/>
                    </structure:Parent>
                </structure:Code>
                <structure:Code id="ROU">
                    <common:Annotations>
                        <common:Annotation>
                            <common:AnnotationType>ORDER</common:AnnotationType>
                            <common:AnnotationText xml:lang="en">2750</common:AnnotationText>
                            <common:AnnotationText xml:lang="fr">2750</common:AnnotationText>
                        </common:Annotation>
                    </common:Annotations>
                    <common:Name xml:lang="en">Romania</common:Name>
                    <common:Name xml:lang="fr">Roumanie</common:Name>
                    <structure:Parent>
                        <Ref id="WXOECD"/>
                    </structure:Parent>
                </structure:Code>
                <structure:Code id="RWA">
                    <common:Annotations>
                        <common:Annotation>
                            <common:AnnotationType>ORDER</common:AnnotationType>
                            <common:AnnotationText xml:lang="en">2760</common:AnnotationText>
                            <common:AnnotationText xml:lang="fr">2760</common:AnnotationText>
                        </common:Annotation>
                    </common:Annotations>
                    <common:Name xml:lang="en">Rwanda</common:Name>
                    <common:Name xml:lang="fr">Rwanda</common:Name>
                    <structure:Parent>
                        <Ref id="WXOECD"/>
                    </structure:Parent>
                </structure:Code>
                <structure:Code id="BLM">
                    <common:Annotations>
                        <common:Annotation>
                            <common:AnnotationType>ORDER</common:AnnotationType>
                            <common:AnnotationText xml:lang="en">2770</common:AnnotationText>
                            <common:AnnotationText xml:lang="fr">2770</common:AnnotationText>
                        </common:Annotation>
                    </common:Annotations>
                    <common:Name xml:lang="en">Saint Barthélemy</common:Name>
                    <common:Name xml:lang="fr">Saint-Barthélemy</common:Name>
                    <structure:Parent>
                        <Ref id="WXOECD"/>
                    </structure:Parent>
                </structure:Code>
                <structure:Code id="SHN">
                    <common:Annotations>
                        <common:Annotation>
                            <common:AnnotationType>ORDER</common:AnnotationType>
                            <common:AnnotationText xml:lang="en">2780</common:AnnotationText>
                            <common:AnnotationText xml:lang="fr">2780</common:AnnotationText>
                        </common:Annotation>
                    </common:Annotations>
                    <common:Name xml:lang="en">Saint Helena</common:Name>
                    <common:Name xml:lang="fr">Sainte-Hélène</common:Name>
                    <structure:Parent>
                        <Ref id="WXOECD"/>
                    </structure:Parent>
                </structure:Code>
                <structure:Code id="KNA">
                    <common:Annotations>
                        <common:Annotation>
                            <common:AnnotationType>ORDER</common:AnnotationType>
                            <common:AnnotationText xml:lang="en">2790</common:AnnotationText>
                            <common:AnnotationText xml:lang="fr">2790</common:AnnotationText>
                        </common:Annotation>
                    </common:Annotations>
                    <common:Name xml:lang="en">Saint Kitts and Nevis</common:Name>
                    <common:Name xml:lang="fr">Saint-Kitts-et-Nevis</common:Name>
                    <structure:Parent>
                        <Ref id="WXOECD"/>
                    </structure:Parent>
                </structure:Code>
                <structure:Code id="MAF">
                    <common:Annotations>
                        <common:Annotation>
                            <common:AnnotationType>ORDER</common:AnnotationType>
                            <common:AnnotationText xml:lang="en">2800</common:AnnotationText>
                            <common:AnnotationText xml:lang="fr">2800</common:AnnotationText>
                        </common:Annotation>
                    </common:Annotations>
                    <common:Name xml:lang="en">Saint Martin</common:Name>
                    <common:Name xml:lang="fr">Saint-Martin</common:Name>
                    <structure:Parent>
                        <Ref id="WXOECD"/>
                    </structure:Parent>
                </structure:Code>
                <structure:Code id="LCA">
                    <common:Annotations>
                        <common:Annotation>
                            <common:AnnotationType>ORDER</common:AnnotationType>
                            <common:AnnotationText xml:lang="en">2810</common:AnnotationText>
                            <common:AnnotationText xml:lang="fr">2810</common:AnnotationText>
                        </common:Annotation>
                    </common:Annotations>
                    <common:Name xml:lang="en">Saint Lucia</common:Name>
                    <common:Name xml:lang="fr">Sainte-Lucie</common:Name>
                    <structure:Parent>
                        <Ref id="WXOECD"/>
                    </structure:Parent>
                </structure:Code>
                <structure:Code id="SPM">
                    <common:Annotations>
                        <common:Annotation>
                            <common:AnnotationType>ORDER</common:AnnotationType>
                            <common:AnnotationText xml:lang="en">2820</common:AnnotationText>
                            <common:AnnotationText xml:lang="fr">2820</common:AnnotationText>
                        </common:Annotation>
                    </common:Annotations>
                    <common:Name xml:lang="en">Saint Pierre and Miquelon</common:Name>
                    <common:Name xml:lang="fr">Saint-Pierre-et-Miquelon</common:Name>
                    <structure:Parent>
                        <Ref id="WXOECD"/>
                    </structure:Parent>
                </structure:Code>
                <structure:Code id="VCT">
                    <common:Annotations>
                        <common:Annotation>
                            <common:AnnotationType>ORDER</common:AnnotationType>
                            <common:AnnotationText xml:lang="en">2830</common:AnnotationText>
                            <common:AnnotationText xml:lang="fr">2830</common:AnnotationText>
                        </common:Annotation>
                    </common:Annotations>
                    <common:Name xml:lang="en">Saint Vincent and the Grenadines</common:Name>
                    <common:Name xml:lang="fr">Saint-Vincent-et-les-Grenadines</common:Name>
                    <structure:Parent>
                        <Ref id="WXOECD"/>
                    </structure:Parent>
                </structure:Code>
                <structure:Code id="WSM">
                    <common:Annotations>
                        <common:Annotation>
                            <common:AnnotationType>ORDER</common:AnnotationType>
                            <common:AnnotationText xml:lang="en">2840</common:AnnotationText>
                            <common:AnnotationText xml:lang="fr">2840</common:AnnotationText>
                        </common:Annotation>
                    </common:Annotations>
                    <common:Name xml:lang="en">Samoa</common:Name>
                    <common:Name xml:lang="fr">Samoa</common:Name>
                    <structure:Parent>
                        <Ref id="WXOECD"/>
                    </structure:Parent>
                </structure:Code>
                <structure:Code id="SMR">
                    <common:Annotations>
                        <common:Annotation>
                            <common:AnnotationType>ORDER</common:AnnotationType>
                            <common:AnnotationText xml:lang="en">2850</common:AnnotationText>
                            <common:AnnotationText xml:lang="fr">2850</common:AnnotationText>
                        </common:Annotation>
                    </common:Annotations>
                    <common:Name xml:lang="en">San Marino</common:Name>
                    <common:Name xml:lang="fr">Saint-Marin</common:Name>
                    <structure:Parent>
                        <Ref id="WXOECD"/>
                    </structure:Parent>
                </structure:Code>
                <structure:Code id="STP">
                    <common:Annotations>
                        <common:Annotation>
                            <common:AnnotationType>ORDER</common:AnnotationType>
                            <common:AnnotationText xml:lang="en">2860</common:AnnotationText>
                            <common:AnnotationText xml:lang="fr">2860</common:AnnotationText>
                        </common:Annotation>
                    </common:Annotations>
                    <common:Name xml:lang="en">Sao Tome and Principe</common:Name>
                    <common:Name xml:lang="fr">Sao Tomé-et-Principe</common:Name>
                    <structure:Parent>
                        <Ref id="WXOECD"/>
                    </structure:Parent>
                </structure:Code>
                <structure:Code id="SAU">
                    <common:Annotations>
                        <common:Annotation>
                            <common:AnnotationType>ORDER</common:AnnotationType>
                            <common:AnnotationText xml:lang="en">2870</common:AnnotationText>
                            <common:AnnotationText xml:lang="fr">2870</common:AnnotationText>
                        </common:Annotation>
                    </common:Annotations>
                    <common:Name xml:lang="en">Saudi Arabia</common:Name>
                    <common:Name xml:lang="fr">Arabie saoudite</common:Name>
                    <structure:Parent>
                        <Ref id="WXOECD"/>
                    </structure:Parent>
                </structure:Code>
                <structure:Code id="SEN">
                    <common:Annotations>
                        <common:Annotation>
                            <common:AnnotationType>ORDER</common:AnnotationType>
                            <common:AnnotationText xml:lang="en">2880</common:AnnotationText>
                            <common:AnnotationText xml:lang="fr">2880</common:AnnotationText>
                        </common:Annotation>
                    </common:Annotations>
                    <common:Name xml:lang="en">Senegal</common:Name>
                    <common:Name xml:lang="fr">Sénégal</common:Name>
                    <structure:Parent>
                        <Ref id="WXOECD"/>
                    </structure:Parent>
                </structure:Code>
                <structure:Code id="SRB">
                    <common:Annotations>
                        <common:Annotation>
                            <common:AnnotationType>ORDER</common:AnnotationType>
                            <common:AnnotationText xml:lang="en">2890</common:AnnotationText>
                            <common:AnnotationText xml:lang="fr">2890</common:AnnotationText>
                        </common:Annotation>
                    </common:Annotations>
                    <common:Name xml:lang="en">Serbia</common:Name>
                    <common:Name xml:lang="fr">Serbie</common:Name>
                    <structure:Parent>
                        <Ref id="WXOECD"/>
                    </structure:Parent>
                </structure:Code>
                <structure:Code id="SYC">
                    <common:Annotations>
                        <common:Annotation>
                            <common:AnnotationType>ORDER</common:AnnotationType>
                            <common:AnnotationText xml:lang="en">2900</common:AnnotationText>
                            <common:AnnotationText xml:lang="fr">2900</common:AnnotationText>
                        </common:Annotation>
                    </common:Annotations>
                    <common:Name xml:lang="en">Seychelles</common:Name>
                    <common:Name xml:lang="fr">Seychelles</common:Name>
                    <structure:Parent>
                        <Ref id="WXOECD"/>
                    </structure:Parent>
                </structure:Code>
                <structure:Code id="SLE">
                    <common:Annotations>
                        <common:Annotation>
                            <common:AnnotationType>ORDER</common:AnnotationType>
                            <common:AnnotationText xml:lang="en">2910</common:AnnotationText>
                            <common:AnnotationText xml:lang="fr">2910</common:AnnotationText>
                        </common:Annotation>
                    </common:Annotations>
                    <common:Name xml:lang="en">Sierra Leone</common:Name>
                    <common:Name xml:lang="fr">Sierra Leone</common:Name>
                    <structure:Parent>
                        <Ref id="WXOECD"/>
                    </structure:Parent>
                </structure:Code>
                <structure:Code id="SGP">
                    <common:Annotations>
                        <common:Annotation>
                            <common:AnnotationType>ORDER</common:AnnotationType>
                            <common:AnnotationText xml:lang="en">2920</common:AnnotationText>
                            <common:AnnotationText xml:lang="fr">2920</common:AnnotationText>
                        </common:Annotation>
                    </common:Annotations>
                    <common:Name xml:lang="en">Singapore</common:Name>
                    <common:Name xml:lang="fr">Singapour</common:Name>
                    <structure:Parent>
                        <Ref id="WXOECD"/>
                    </structure:Parent>
                </structure:Code>
                <structure:Code id="SXM">
                    <common:Annotations>
                        <common:Annotation>
                            <common:AnnotationType>ORDER</common:AnnotationType>
                            <common:AnnotationText xml:lang="en">2930</common:AnnotationText>
                            <common:AnnotationText xml:lang="fr">2930</common:AnnotationText>
                        </common:Annotation>
                    </common:Annotations>
                    <common:Name xml:lang="en">Sint Maarten</common:Name>
                    <common:Name xml:lang="fr">Sint-Maarten</common:Name>
                    <structure:Parent>
                        <Ref id="WXOECD"/>
                    </structure:Parent>
                </structure:Code>
                <structure:Code id="SLB">
                    <common:Annotations>
                        <common:Annotation>
                            <common:AnnotationType>ORDER</common:AnnotationType>
                            <common:AnnotationText xml:lang="en">2940</common:AnnotationText>
                            <common:AnnotationText xml:lang="fr">2940</common:AnnotationText>
                        </common:Annotation>
                    </common:Annotations>
                    <common:Name xml:lang="en">Solomon Islands</common:Name>
                    <common:Name xml:lang="fr">Îles Salomon</common:Name>
                    <structure:Parent>
                        <Ref id="WXOECD"/>
                    </structure:Parent>
                </structure:Code>
                <structure:Code id="SOM">
                    <common:Annotations>
                        <common:Annotation>
                            <common:AnnotationType>ORDER</common:AnnotationType>
                            <common:AnnotationText xml:lang="en">2950</common:AnnotationText>
                            <common:AnnotationText xml:lang="fr">2950</common:AnnotationText>
                        </common:Annotation>
                    </common:Annotations>
                    <common:Name xml:lang="en">Somalia</common:Name>
                    <common:Name xml:lang="fr">Somalie</common:Name>
                    <structure:Parent>
                        <Ref id="WXOECD"/>
                    </structure:Parent>
                </structure:Code>
                <structure:Code id="SGS">
                    <common:Annotations>
                        <common:Annotation>
                            <common:AnnotationType>ORDER</common:AnnotationType>
                            <common:AnnotationText xml:lang="en">2960</common:AnnotationText>
                            <common:AnnotationText xml:lang="fr">2960</common:AnnotationText>
                        </common:Annotation>
                    </common:Annotations>
                    <common:Name xml:lang="en">South Georgia and the South Sandwich Islands</common:Name>
                    <common:Name xml:lang="fr">Îles Géorgie du Sud et Sandwich du Sud</common:Name>
                    <structure:Parent>
                        <Ref id="WXOECD"/>
                    </structure:Parent>
                </structure:Code>
                <structure:Code id="SSD">
                    <common:Annotations>
                        <common:Annotation>
                            <common:AnnotationType>ORDER</common:AnnotationType>
                            <common:AnnotationText xml:lang="en">2970</common:AnnotationText>
                            <common:AnnotationText xml:lang="fr">2970</common:AnnotationText>
                        </common:Annotation>
                    </common:Annotations>
                    <common:Name xml:lang="en">South Sudan</common:Name>
                    <common:Name xml:lang="fr">Soudan du Sud</common:Name>
                    <structure:Parent>
                        <Ref id="WXOECD"/>
                    </structure:Parent>
                </structure:Code>
                <structure:Code id="LKA">
                    <common:Annotations>
                        <common:Annotation>
                            <common:AnnotationType>ORDER</common:AnnotationType>
                            <common:AnnotationText xml:lang="en">2980</common:AnnotationText>
                            <common:AnnotationText xml:lang="fr">2980</common:AnnotationText>
                        </common:Annotation>
                    </common:Annotations>
                    <common:Name xml:lang="en">Sri Lanka</common:Name>
                    <common:Name xml:lang="fr">Sri Lanka</common:Name>
                    <structure:Parent>
                        <Ref id="WXOECD"/>
                    </structure:Parent>
                </structure:Code>
                <structure:Code id="SDN">
                    <common:Annotations>
                        <common:Annotation>
                            <common:AnnotationType>ORDER</common:AnnotationType>
                            <common:AnnotationText xml:lang="en">2990</common:AnnotationText>
                            <common:AnnotationText xml:lang="fr">2990</common:AnnotationText>
                        </common:Annotation>
                    </common:Annotations>
                    <common:Name xml:lang="en">Sudan</common:Name>
                    <common:Name xml:lang="fr">Soudan</common:Name>
                    <structure:Parent>
                        <Ref id="WXOECD"/>
                    </structure:Parent>
                </structure:Code>
                <structure:Code id="SUR">
                    <common:Annotations>
                        <common:Annotation>
                            <common:AnnotationType>ORDER</common:AnnotationType>
                            <common:AnnotationText xml:lang="en">3000</common:AnnotationText>
                            <common:AnnotationText xml:lang="fr">3000</common:AnnotationText>
                        </common:Annotation>
                    </common:Annotations>
                    <common:Name xml:lang="en">Suriname</common:Name>
                    <common:Name xml:lang="fr">Suriname</common:Name>
                    <structure:Parent>
                        <Ref id="WXOECD"/>
                    </structure:Parent>
                </structure:Code>
                <structure:Code id="SJM">
                    <common:Annotations>
                        <common:Annotation>
                            <common:AnnotationType>ORDER</common:AnnotationType>
                            <common:AnnotationText xml:lang="en">3010</common:AnnotationText>
                            <common:AnnotationText xml:lang="fr">3010</common:AnnotationText>
                        </common:Annotation>
                    </common:Annotations>
                    <common:Name xml:lang="en">Svalbard and Jan Mayen</common:Name>
                    <common:Name xml:lang="fr">Svalbard et Jan Mayen</common:Name>
                    <structure:Parent>
                        <Ref id="WXOECD"/>
                    </structure:Parent>
                </structure:Code>
                <structure:Code id="SYR">
                    <common:Annotations>
                        <common:Annotation>
                            <common:AnnotationType>ORDER</common:AnnotationType>
                            <common:AnnotationText xml:lang="en">3020</common:AnnotationText>
                            <common:AnnotationText xml:lang="fr">3020</common:AnnotationText>
                        </common:Annotation>
                    </common:Annotations>
                    <common:Name xml:lang="en">Syrian Arab Republic</common:Name>
                    <common:Name xml:lang="fr">République arabe syrienne</common:Name>
                    <structure:Parent>
                        <Ref id="WXOECD"/>
                    </structure:Parent>
                </structure:Code>
                <structure:Code id="TWN">
                    <common:Annotations>
                        <common:Annotation>
                            <common:AnnotationType>ORDER</common:AnnotationType>
                            <common:AnnotationText xml:lang="en">3030</common:AnnotationText>
                            <common:AnnotationText xml:lang="fr">3030</common:AnnotationText>
                        </common:Annotation>
                    </common:Annotations>
                    <common:Name xml:lang="en">Chinese Taipei</common:Name>
                    <common:Name xml:lang="fr">Taipei chinois</common:Name>
                    <structure:Parent>
                        <Ref id="WXOECD"/>
                    </structure:Parent>
                </structure:Code>
                <structure:Code id="TJK">
                    <common:Annotations>
                        <common:Annotation>
                            <common:AnnotationType>ORDER</common:AnnotationType>
                            <common:AnnotationText xml:lang="en">3040</common:AnnotationText>
                            <common:AnnotationText xml:lang="fr">3040</common:AnnotationText>
                        </common:Annotation>
                    </common:Annotations>
                    <common:Name xml:lang="en">Tajikistan</common:Name>
                    <common:Name xml:lang="fr">Tadjikistan</common:Name>
                    <structure:Parent>
                        <Ref id="WXOECD"/>
                    </structure:Parent>
                </structure:Code>
                <structure:Code id="TZA">
                    <common:Annotations>
                        <common:Annotation>
                            <common:AnnotationType>ORDER</common:AnnotationType>
                            <common:AnnotationText xml:lang="en">3050</common:AnnotationText>
                            <common:AnnotationText xml:lang="fr">3050</common:AnnotationText>
                        </common:Annotation>
                    </common:Annotations>
                    <common:Name xml:lang="en">Tanzania</common:Name>
                    <common:Name xml:lang="fr">Tanzanie</common:Name>
                    <structure:Parent>
                        <Ref id="WXOECD"/>
                    </structure:Parent>
                </structure:Code>
                <structure:Code id="THA">
                    <common:Annotations>
                        <common:Annotation>
                            <common:AnnotationType>ORDER</common:AnnotationType>
                            <common:AnnotationText xml:lang="en">3060</common:AnnotationText>
                            <common:AnnotationText xml:lang="fr">3060</common:AnnotationText>
                        </common:Annotation>
                    </common:Annotations>
                    <common:Name xml:lang="en">Thailand</common:Name>
                    <common:Name xml:lang="fr">Thaïlande</common:Name>
                    <structure:Parent>
                        <Ref id="WXOECD"/>
                    </structure:Parent>
                </structure:Code>
                <structure:Code id="TLS">
                    <common:Annotations>
                        <common:Annotation>
                            <common:AnnotationType>ORDER</common:AnnotationType>
                            <common:AnnotationText xml:lang="en">3070</common:AnnotationText>
                            <common:AnnotationText xml:lang="fr">3070</common:AnnotationText>
                        </common:Annotation>
                    </common:Annotations>
                    <common:Name xml:lang="en">Timor-Leste</common:Name>
                    <common:Name xml:lang="fr">Timor-Leste</common:Name>
                    <structure:Parent>
                        <Ref id="WXOECD"/>
                    </structure:Parent>
                </structure:Code>
                <structure:Code id="TGO">
                    <common:Annotations>
                        <common:Annotation>
                            <common:AnnotationType>ORDER</common:AnnotationType>
                            <common:AnnotationText xml:lang="en">3080</common:AnnotationText>
                            <common:AnnotationText xml:lang="fr">3080</common:AnnotationText>
                        </common:Annotation>
                    </common:Annotations>
                    <common:Name xml:lang="en">Togo</common:Name>
                    <common:Name xml:lang="fr">Togo</common:Name>
                    <structure:Parent>
                        <Ref id="WXOECD"/>
                    </structure:Parent>
                </structure:Code>
                <structure:Code id="TKL">
                    <common:Annotations>
                        <common:Annotation>
                            <common:AnnotationType>ORDER</common:AnnotationType>
                            <common:AnnotationText xml:lang="en">3090</common:AnnotationText>
                            <common:AnnotationText xml:lang="fr">3090</common:AnnotationText>
                        </common:Annotation>
                    </common:Annotations>
                    <common:Name xml:lang="en">Tokelau</common:Name>
                    <common:Name xml:lang="fr">Tokélaou</common:Name>
                    <structure:Parent>
                        <Ref id="WXOECD"/>
                    </structure:Parent>
                </structure:Code>
                <structure:Code id="TON">
                    <common:Annotations>
                        <common:Annotation>
                            <common:AnnotationType>ORDER</common:AnnotationType>
                            <common:AnnotationText xml:lang="en">3100</common:AnnotationText>
                            <common:AnnotationText xml:lang="fr">3100</common:AnnotationText>
                        </common:Annotation>
                    </common:Annotations>
                    <common:Name xml:lang="en">Tonga</common:Name>
                    <common:Name xml:lang="fr">Tonga</common:Name>
                    <structure:Parent>
                        <Ref id="WXOECD"/>
                    </structure:Parent>
                </structure:Code>
                <structure:Code id="TTO">
                    <common:Annotations>
                        <common:Annotation>
                            <common:AnnotationType>ORDER</common:AnnotationType>
                            <common:AnnotationText xml:lang="en">3110</common:AnnotationText>
                            <common:AnnotationText xml:lang="fr">3110</common:AnnotationText>
                        </common:Annotation>
                    </common:Annotations>
                    <common:Name xml:lang="en">Trinidad and Tobago</common:Name>
                    <common:Name xml:lang="fr">Trinité-et-Tobago</common:Name>
                    <structure:Parent>
                        <Ref id="WXOECD"/>
                    </structure:Parent>
                </structure:Code>
                <structure:Code id="TUN">
                    <common:Annotations>
                        <common:Annotation>
                            <common:AnnotationType>ORDER</common:AnnotationType>
                            <common:AnnotationText xml:lang="en">3120</common:AnnotationText>
                            <common:AnnotationText xml:lang="fr">3120</common:AnnotationText>
                        </common:Annotation>
                    </common:Annotations>
                    <common:Name xml:lang="en">Tunisia</common:Name>
                    <common:Name xml:lang="fr">Tunisie</common:Name>
                    <structure:Parent>
                        <Ref id="WXOECD"/>
                    </structure:Parent>
                </structure:Code>
                <structure:Code id="TKM">
                    <common:Annotations>
                        <common:Annotation>
                            <common:AnnotationType>ORDER</common:AnnotationType>
                            <common:AnnotationText xml:lang="en">3130</common:AnnotationText>
                            <common:AnnotationText xml:lang="fr">3130</common:AnnotationText>
                        </common:Annotation>
                    </common:Annotations>
                    <common:Name xml:lang="en">Turkmenistan</common:Name>
                    <common:Name xml:lang="fr">Turkménistan</common:Name>
                    <structure:Parent>
                        <Ref id="WXOECD"/>
                    </structure:Parent>
                </structure:Code>
                <structure:Code id="TCA">
                    <common:Annotations>
                        <common:Annotation>
                            <common:AnnotationType>ORDER</common:AnnotationType>
                            <common:AnnotationText xml:lang="en">3140</common:AnnotationText>
                            <common:AnnotationText xml:lang="fr">3140</common:AnnotationText>
                        </common:Annotation>
                    </common:Annotations>
                    <common:Name xml:lang="en">Turks and Caicos Islands</common:Name>
                    <common:Name xml:lang="fr">Îles Turques et Caïques</common:Name>
                    <structure:Parent>
                        <Ref id="WXOECD"/>
                    </structure:Parent>
                </structure:Code>
                <structure:Code id="TUV">
                    <common:Annotations>
                        <common:Annotation>
                            <common:AnnotationType>ORDER</common:AnnotationType>
                            <common:AnnotationText xml:lang="en">3150</common:AnnotationText>
                            <common:AnnotationText xml:lang="fr">3150</common:AnnotationText>
                        </common:Annotation>
                    </common:Annotations>
                    <common:Name xml:lang="en">Tuvalu</common:Name>
                    <common:Name xml:lang="fr">Tuvalu</common:Name>
                    <structure:Parent>
                        <Ref id="WXOECD"/>
                    </structure:Parent>
                </structure:Code>
                <structure:Code id="UGA">
                    <common:Annotations>
                        <common:Annotation>
                            <common:AnnotationType>ORDER</common:AnnotationType>
                            <common:AnnotationText xml:lang="en">3160</common:AnnotationText>
                            <common:AnnotationText xml:lang="fr">3160</common:AnnotationText>
                        </common:Annotation>
                    </common:Annotations>
                    <common:Name xml:lang="en">Uganda</common:Name>
                    <common:Name xml:lang="fr">Ouganda</common:Name>
                    <structure:Parent>
                        <Ref id="WXOECD"/>
                    </structure:Parent>
                </structure:Code>
                <structure:Code id="UKR">
                    <common:Annotations>
                        <common:Annotation>
                            <common:AnnotationType>ORDER</common:AnnotationType>
                            <common:AnnotationText xml:lang="en">3170</common:AnnotationText>
                            <common:AnnotationText xml:lang="fr">3170</common:AnnotationText>
                        </common:Annotation>
                    </common:Annotations>
                    <common:Name xml:lang="en">Ukraine</common:Name>
                    <common:Name xml:lang="fr">Ukraine</common:Name>
                    <structure:Parent>
                        <Ref id="WXOECD"/>
                    </structure:Parent>
                </structure:Code>
                <structure:Code id="ARE">
                    <common:Annotations>
                        <common:Annotation>
                            <common:AnnotationType>ORDER</common:AnnotationType>
                            <common:AnnotationText xml:lang="en">3180</common:AnnotationText>
                            <common:AnnotationText xml:lang="fr">3180</common:AnnotationText>
                        </common:Annotation>
                    </common:Annotations>
                    <common:Name xml:lang="en">United Arab Emirates</common:Name>
                    <common:Name xml:lang="fr">Émirats arabes unis</common:Name>
                    <structure:Parent>
                        <Ref id="WXOECD"/>
                    </structure:Parent>
                </structure:Code>
                <structure:Code id="UMI">
                    <common:Annotations>
                        <common:Annotation>
                            <common:AnnotationType>ORDER</common:AnnotationType>
                            <common:AnnotationText xml:lang="en">3190</common:AnnotationText>
                            <common:AnnotationText xml:lang="fr">3190</common:AnnotationText>
                        </common:Annotation>
                    </common:Annotations>
                    <common:Name xml:lang="en">United States Minor Outlying Islands</common:Name>
                    <common:Name xml:lang="fr">Îles mineures éloignées des États-Unis</common:Name>
                    <structure:Parent>
                        <Ref id="WXOECD"/>
                    </structure:Parent>
                </structure:Code>
                <structure:Code id="VIR">
                    <common:Annotations>
                        <common:Annotation>
                            <common:AnnotationType>ORDER</common:AnnotationType>
                            <common:AnnotationText xml:lang="en">3200</common:AnnotationText>
                            <common:AnnotationText xml:lang="fr">3200</common:AnnotationText>
                        </common:Annotation>
                    </common:Annotations>
                    <common:Name xml:lang="en">United States Virgin Islands</common:Name>
                    <common:Name xml:lang="fr">Îles Vierges des États-Unis</common:Name>
                    <structure:Parent>
                        <Ref id="WXOECD"/>
                    </structure:Parent>
                </structure:Code>
                <structure:Code id="URY">
                    <common:Annotations>
                        <common:Annotation>
                            <common:AnnotationType>ORDER</common:AnnotationType>
                            <common:AnnotationText xml:lang="en">3210</common:AnnotationText>
                            <common:AnnotationText xml:lang="fr">3210</common:AnnotationText>
                        </common:Annotation>
                    </common:Annotations>
                    <common:Name xml:lang="en">Uruguay</common:Name>
                    <common:Name xml:lang="fr">Uruguay</common:Name>
                    <structure:Parent>
                        <Ref id="WXOECD"/>
                    </structure:Parent>
                </structure:Code>
                <structure:Code id="UZB">
                    <common:Annotations>
                        <common:Annotation>
                            <common:AnnotationType>ORDER</common:AnnotationType>
                            <common:AnnotationText xml:lang="en">3220</common:AnnotationText>
                            <common:AnnotationText xml:lang="fr">3220</common:AnnotationText>
                        </common:Annotation>
                    </common:Annotations>
                    <common:Name xml:lang="en">Uzbekistan</common:Name>
                    <common:Name xml:lang="fr">Ouzbékistan</common:Name>
                    <structure:Parent>
                        <Ref id="WXOECD"/>
                    </structure:Parent>
                </structure:Code>
                <structure:Code id="VUT">
                    <common:Annotations>
                        <common:Annotation>
                            <common:AnnotationType>ORDER</common:AnnotationType>
                            <common:AnnotationText xml:lang="en">3230</common:AnnotationText>
                            <common:AnnotationText xml:lang="fr">3230</common:AnnotationText>
                        </common:Annotation>
                    </common:Annotations>
                    <common:Name xml:lang="en">Vanuatu</common:Name>
                    <common:Name xml:lang="fr">Vanuatu</common:Name>
                    <structure:Parent>
                        <Ref id="WXOECD"/>
                    </structure:Parent>
                </structure:Code>
                <structure:Code id="VEN">
                    <common:Annotations>
                        <common:Annotation>
                            <common:AnnotationType>ORDER</common:AnnotationType>
                            <common:AnnotationText xml:lang="en">3240</common:AnnotationText>
                            <common:AnnotationText xml:lang="fr">3240</common:AnnotationText>
                        </common:Annotation>
                    </common:Annotations>
                    <common:Name xml:lang="en">Venezuela</common:Name>
                    <common:Name xml:lang="fr">Venezuela</common:Name>
                    <structure:Parent>
                        <Ref id="WXOECD"/>
                    </structure:Parent>
                </structure:Code>
                <structure:Code id="VNM">
                    <common:Annotations>
                        <common:Annotation>
                            <common:AnnotationType>ORDER</common:AnnotationType>
                            <common:AnnotationText xml:lang="en">3250</common:AnnotationText>
                            <common:AnnotationText xml:lang="fr">3250</common:AnnotationText>
                        </common:Annotation>
                    </common:Annotations>
                    <common:Name xml:lang="en">Viet Nam</common:Name>
                    <common:Name xml:lang="fr">Viet Nam</common:Name>
                    <structure:Parent>
                        <Ref id="WXOECD"/>
                    </structure:Parent>
                </structure:Code>
                <structure:Code id="WLF">
                    <common:Annotations>
                        <common:Annotation>
                            <common:AnnotationType>ORDER</common:AnnotationType>
                            <common:AnnotationText xml:lang="en">3260</common:AnnotationText>
                            <common:AnnotationText xml:lang="fr">3260</common:AnnotationText>
                        </common:Annotation>
                    </common:Annotations>
                    <common:Name xml:lang="en">Wallis and Futuna</common:Name>
                    <common:Name xml:lang="fr">Wallis-et-Futuna</common:Name>
                    <structure:Parent>
                        <Ref id="WXOECD"/>
                    </structure:Parent>
                </structure:Code>
                <structure:Code id="ESH">
                    <common:Annotations>
                        <common:Annotation>
                            <common:AnnotationType>ORDER</common:AnnotationType>
                            <common:AnnotationText xml:lang="en">3270</common:AnnotationText>
                            <common:AnnotationText xml:lang="fr">3270</common:AnnotationText>
                        </common:Annotation>
                    </common:Annotations>
                    <common:Name xml:lang="en">Western Sahara</common:Name>
                    <common:Name xml:lang="fr">Sahara occidental</common:Name>
                    <structure:Parent>
                        <Ref id="WXOECD"/>
                    </structure:Parent>
                </structure:Code>
                <structure:Code id="YEM">
                    <common:Annotations>
                        <common:Annotation>
                            <common:AnnotationType>ORDER</common:AnnotationType>
                            <common:AnnotationText xml:lang="en">3280</common:AnnotationText>
                            <common:AnnotationText xml:lang="fr">3280</common:AnnotationText>
                        </common:Annotation>
                    </common:Annotations>
                    <common:Name xml:lang="en">Yemen</common:Name>
                    <common:Name xml:lang="fr">Yémen</common:Name>
                    <structure:Parent>
                        <Ref id="WXOECD"/>
                    </structure:Parent>
                </structure:Code>
                <structure:Code id="ZMB">
                    <common:Annotations>
                        <common:Annotation>
                            <common:AnnotationType>ORDER</common:AnnotationType>
                            <common:AnnotationText xml:lang="en">3290</common:AnnotationText>
                            <common:AnnotationText xml:lang="fr">3290</common:AnnotationText>
                        </common:Annotation>
                    </common:Annotations>
                    <common:Name xml:lang="en">Zambia</common:Name>
                    <common:Name xml:lang="fr">Zambie</common:Name>
                    <structure:Parent>
                        <Ref id="WXOECD"/>
                    </structure:Parent>
                </structure:Code>
                <structure:Code id="ZWE">
                    <common:Annotations>
                        <common:Annotation>
                            <common:AnnotationType>ORDER</common:AnnotationType>
                            <common:AnnotationText xml:lang="en">3300</common:AnnotationText>
                            <common:AnnotationText xml:lang="fr">3300</common:AnnotationText>
                        </common:Annotation>
                    </common:Annotations>
                    <common:Name xml:lang="en">Zimbabwe</common:Name>
                    <common:Name xml:lang="fr">Zimbabwe</common:Name>
                    <structure:Parent>
                        <Ref id="WXOECD"/>
                    </structure:Parent>
                </structure:Code>
                <structure:Code id="YAR_F">
                    <common:Annotations>
                        <common:Annotation>
                            <common:AnnotationType>ORDER</common:AnnotationType>
                            <common:AnnotationText xml:lang="en">3310</common:AnnotationText>
                            <common:AnnotationText xml:lang="fr">3310</common:AnnotationText>
                        </common:Annotation>
                    </common:Annotations>
                    <common:Name xml:lang="en">Former Arab Republic of Yemen</common:Name>
                    <common:Name xml:lang="fr">Ex-République arabe du Yemen</common:Name>
                </structure:Code>
                <structure:Code id="BEL_LUX">
                    <common:Annotations>
                        <common:Annotation>
                            <common:AnnotationTitle>BEL+LUX</common:AnnotationTitle>
                            <common:AnnotationType>COMP_RULE</common:AnnotationType>
                        </common:Annotation>
                        <common:Annotation>
                            <common:AnnotationType>ORDER</common:AnnotationType>
                            <common:AnnotationText xml:lang="en">3320</common:AnnotationText>
                            <common:AnnotationText xml:lang="fr">3320</common:AnnotationText>
                        </common:Annotation>
                    </common:Annotations>
                    <common:Name xml:lang="en">Belgo-Luxembourg Economic Union countries</common:Name>
                    <common:Name xml:lang="fr">Union Économique Belgo-Luxembourgoise</common:Name>
                </structure:Code>
                <structure:Code id="CSK_F">
                    <common:Annotations>
                        <common:Annotation>
                            <common:AnnotationType>ORDER</common:AnnotationType>
                            <common:AnnotationText xml:lang="en">3330</common:AnnotationText>
                            <common:AnnotationText xml:lang="fr">3330</common:AnnotationText>
                        </common:Annotation>
                    </common:Annotations>
                    <common:Name xml:lang="en">Former Czechoslovakia</common:Name>
                    <common:Name xml:lang="fr">Ex-Tchécoslovaquie</common:Name>
                </structure:Code>
                <structure:Code id="DDR_F">
                    <common:Annotations>
                        <common:Annotation>
                            <common:AnnotationType>ORDER</common:AnnotationType>
                            <common:AnnotationText xml:lang="en">3340</common:AnnotationText>
                            <common:AnnotationText xml:lang="fr">3340</common:AnnotationText>
                        </common:Annotation>
                    </common:Annotations>
                    <common:Name xml:lang="en">Former Democratic Republic of Germany</common:Name>
                    <common:Name xml:lang="fr">Ex-République démocratique d'Allemagne</common:Name>
                </structure:Code>
                <structure:Code id="VDR_F">
                    <common:Annotations>
                        <common:Annotation>
                            <common:AnnotationType>ORDER</common:AnnotationType>
                            <common:AnnotationText xml:lang="en">3350</common:AnnotationText>
                            <common:AnnotationText xml:lang="fr">3350</common:AnnotationText>
                        </common:Annotation>
                    </common:Annotations>
                    <common:Name xml:lang="en">Former Democratic Republic of Viet Nam</common:Name>
                    <common:Name xml:lang="fr">Ex-République démocratique du Viet Nam</common:Name>
                </structure:Code>
                <structure:Code id="YMD_F">
                    <common:Annotations>
                        <common:Annotation>
                            <common:AnnotationType>ORDER</common:AnnotationType>
                            <common:AnnotationText xml:lang="en">3360</common:AnnotationText>
                            <common:AnnotationText xml:lang="fr">3360</common:AnnotationText>
                        </common:Annotation>
                    </common:Annotations>
                    <common:Name xml:lang="en">Former Democratic Yemen</common:Name>
                    <common:Name xml:lang="fr">Ex-Yémen démocratique</common:Name>
                </structure:Code>
                <structure:Code id="ETH_F">
                    <common:Annotations>
                        <common:Annotation>
                            <common:AnnotationType>ORDER</common:AnnotationType>
                            <common:AnnotationText xml:lang="en">3370</common:AnnotationText>
                            <common:AnnotationText xml:lang="fr">3370</common:AnnotationText>
                        </common:Annotation>
                    </common:Annotations>
                    <common:Name xml:lang="en">Former Ethiopia</common:Name>
                    <common:Name xml:lang="fr">Ex-Éthiopie</common:Name>
                </structure:Code>
                <structure:Code id="DEU_F">
                    <common:Annotations>
                        <common:Annotation>
                            <common:AnnotationType>ORDER</common:AnnotationType>
                            <common:AnnotationText xml:lang="en">3380</common:AnnotationText>
                            <common:AnnotationText xml:lang="fr">3380</common:AnnotationText>
                        </common:Annotation>
                    </common:Annotations>
                    <common:Name xml:lang="en">Former Federal Republic of Germany</common:Name>
                    <common:Name xml:lang="fr">Ex-République fédérale d'Allemagne</common:Name>
                </structure:Code>
                <structure:Code id="ANT_F">
                    <common:Annotations>
                        <common:Annotation>
                            <common:AnnotationType>ORDER</common:AnnotationType>
                            <common:AnnotationText xml:lang="en">3390</common:AnnotationText>
                            <common:AnnotationText xml:lang="fr">3390</common:AnnotationText>
                        </common:Annotation>
                    </common:Annotations>
                    <common:Name xml:lang="en">Former Netherlands Antilles</common:Name>
                    <common:Name xml:lang="fr">Ex-Antilles néerlandaises</common:Name>
                </structure:Code>
                <structure:Code id="ANT_F_ABW">
                    <common:Annotations>
                        <common:Annotation>
                            <common:AnnotationType>ORDER</common:AnnotationType>
                            <common:AnnotationText xml:lang="en">3400</common:AnnotationText>
                            <common:AnnotationText xml:lang="fr">3400</common:AnnotationText>
                        </common:Annotation>
                    </common:Annotations>
                    <common:Name xml:lang="en">Former Netherlands Antilles and Aruba</common:Name>
                    <common:Name xml:lang="fr">Ex-Antilles néerlandaises et Aruba</common:Name>
                </structure:Code>
                <structure:Code id="PCI_F">
                    <common:Annotations>
                        <common:Annotation>
                            <common:AnnotationType>ORDER</common:AnnotationType>
                            <common:AnnotationText xml:lang="en">3410</common:AnnotationText>
                            <common:AnnotationText xml:lang="fr">3410</common:AnnotationText>
                        </common:Annotation>
                    </common:Annotations>
                    <common:Name xml:lang="en">Former Pacific Islands (Trust Territory)</common:Name>
                    <common:Name xml:lang="fr">Territoire sous tutelle des Îles du Pacifique</common:Name>
                </structure:Code>
                <structure:Code id="PCZ_F">
                    <common:Annotations>
                        <common:Annotation>
                            <common:AnnotationType>ORDER</common:AnnotationType>
                            <common:AnnotationText xml:lang="en">3420</common:AnnotationText>
                            <common:AnnotationText xml:lang="fr">3420</common:AnnotationText>
                        </common:Annotation>
                    </common:Annotations>
                    <common:Name xml:lang="en">Former Panama Canal Zone</common:Name>
                    <common:Name xml:lang="fr">Ex-Panama, zone du canal</common:Name>
                </structure:Code>
                <structure:Code id="RNY_F">
                    <common:Annotations>
                        <common:Annotation>
                            <common:AnnotationType>ORDER</common:AnnotationType>
                            <common:AnnotationText xml:lang="en">3430</common:AnnotationText>
                            <common:AnnotationText xml:lang="fr">3430</common:AnnotationText>
                        </common:Annotation>
                    </common:Annotations>
                    <common:Name xml:lang="en">Former Rhodesia Nyas</common:Name>
                    <common:Name xml:lang="fr">Ex-Rhodésie et Nyas</common:Name>
                </structure:Code>
                <structure:Code id="SCG_F">
                    <common:Annotations>
                        <common:Annotation>
                            <common:AnnotationType>ORDER</common:AnnotationType>
                            <common:AnnotationText xml:lang="en">3440</common:AnnotationText>
                            <common:AnnotationText xml:lang="fr">3440</common:AnnotationText>
                        </common:Annotation>
                    </common:Annotations>
                    <common:Name xml:lang="en">Former Serbia and Montenegro</common:Name>
                    <common:Name xml:lang="fr">Ex-Serbie-et-Monténégro</common:Name>
                </structure:Code>
                <structure:Code id="TZA_F">
                    <common:Annotations>
                        <common:Annotation>
                            <common:AnnotationType>ORDER</common:AnnotationType>
                            <common:AnnotationText xml:lang="en">3450</common:AnnotationText>
                            <common:AnnotationText xml:lang="fr">3450</common:AnnotationText>
                        </common:Annotation>
                    </common:Annotations>
                    <common:Name xml:lang="en">Former Tanganyika</common:Name>
                    <common:Name xml:lang="fr">Ex-Tanganyika</common:Name>
                </structure:Code>
                <structure:Code id="SUN_F">
                    <common:Annotations>
                        <common:Annotation>
                            <common:AnnotationType>ORDER</common:AnnotationType>
                            <common:AnnotationText xml:lang="en">3460</common:AnnotationText>
                            <common:AnnotationText xml:lang="fr">3460</common:AnnotationText>
                        </common:Annotation>
                    </common:Annotations>
                    <common:Name xml:lang="en">Former USSR</common:Name>
                    <common:Name xml:lang="fr">Ex-URSS</common:Name>
                </structure:Code>
                <structure:Code id="YUG_F">
                    <common:Annotations>
                        <common:Annotation>
                            <common:AnnotationType>ORDER</common:AnnotationType>
                            <common:AnnotationText xml:lang="en">3470</common:AnnotationText>
                            <common:AnnotationText xml:lang="fr">3470</common:AnnotationText>
                        </common:Annotation>
                    </common:Annotations>
                    <common:Name xml:lang="en">Former Yugoslavia</common:Name>
                    <common:Name xml:lang="fr">Ex-Yougoslavie</common:Name>
                </structure:Code>
                <structure:Code id="ACP">
                    <common:Annotations>
                        <common:Annotation>
                            <common:AnnotationTitle>AGO+ATG+BHS+BRB+BLZ+BEN+BWA+BFA+BDI+CMR+CPV+CAF+TCD+COM+COG+COD+COK+CIV+CUB+DJI+DMA+DOM+TLS+GNQ+ERI+ETH+FJI+GAB+GMB+GHA+GRD+GIN+GNB+GUY+HTI+JAM+KEN+KIR+LSO+LBR+MDG+MWI+MLI+MHL+MRT+MUS+FSM+MOZ+NAM+NRU+NER+NGA+NIU+PLW+PNG+RWA+KNA+LCA+VCT+WSM+STP+SEN+SYC+SLE+SLB+SOM+SDN+SUR+SWZ+TZA+TGO+TON+TTO+TUV+UGA+VUT+ZMB+ZWE</common:AnnotationTitle>
                            <common:AnnotationType>COMP_RULE</common:AnnotationType>
                        </common:Annotation>
                        <common:Annotation>
                            <common:AnnotationType>ORDER</common:AnnotationType>
                            <common:AnnotationText xml:lang="en">3480</common:AnnotationText>
                            <common:AnnotationText xml:lang="fr">3480</common:AnnotationText>
                        </common:Annotation>
                    </common:Annotations>
                    <common:Name xml:lang="en">ACP countries</common:Name>
                    <common:Name xml:lang="fr">Pays du ACP</common:Name>
                </structure:Code>
                <structure:Code id="AES">
                    <common:Annotations>
                        <common:Annotation>
                            <common:AnnotationType>ORDER</common:AnnotationType>
                            <common:AnnotationText xml:lang="en">3490</common:AnnotationText>
                            <common:AnnotationText xml:lang="fr">3490</common:AnnotationText>
                        </common:Annotation>
                    </common:Annotations>
                    <common:Name xml:lang="en">Advanced economies</common:Name>
                    <common:Name xml:lang="fr">Économies avancées</common:Name>
                </structure:Code>
                <structure:Code id="APEC">
                    <common:Annotations>
                        <common:Annotation>
                            <common:AnnotationTitle>AUS+BRN+CAN+CHL+CHN+HKG+IDN+JPN+KOR+MYS+MEX+NZL+PNG+PER+PHL+RUS+SGP+TWN+THA+USA+VNM</common:AnnotationTitle>
                            <common:AnnotationType>COMP_RULE</common:AnnotationType>
                        </common:Annotation>
                        <common:Annotation>
                            <common:AnnotationType>ORDER</common:AnnotationType>
                            <common:AnnotationText xml:lang="en">3500</common:AnnotationText>
                            <common:AnnotationText xml:lang="fr">3500</common:AnnotationText>
                        </common:Annotation>
                    </common:Annotations>
                    <common:Name xml:lang="en">APEC countries</common:Name>
                    <common:Name xml:lang="fr">Pays du APEC</common:Name>
                </structure:Code>
                <structure:Code id="ASEAN">
                    <common:Annotations>
                        <common:Annotation>
                            <common:AnnotationTitle>BRN+KHM+IDN+LAO+MYS+MMR+PHL+SGP+THA+VNM</common:AnnotationTitle>
                            <common:AnnotationType>COMP_RULE</common:AnnotationType>
                        </common:Annotation>
                        <common:Annotation>
                            <common:AnnotationType>ORDER</common:AnnotationType>
                            <common:AnnotationText xml:lang="en">3510</common:AnnotationText>
                            <common:AnnotationText xml:lang="fr">3510</common:AnnotationText>
                        </common:Annotation>
                    </common:Annotations>
                    <common:Name xml:lang="en">ASEAN countries</common:Name>
                    <common:Name xml:lang="fr">Pays du ANASE</common:Name>
                </structure:Code>
                <structure:Code id="CEEC">
                    <common:Annotations>
                        <common:Annotation>
                            <common:AnnotationTitle>BGR+CZE+EST+HUN+LTU+LVA+POL+ROU+SVN+SVK</common:AnnotationTitle>
                            <common:AnnotationType>COMP_RULE</common:AnnotationType>
                        </common:Annotation>
                        <common:Annotation>
                            <common:AnnotationType>ORDER</common:AnnotationType>
                            <common:AnnotationText xml:lang="en">3520</common:AnnotationText>
                            <common:AnnotationText xml:lang="fr">3520</common:AnnotationText>
                        </common:Annotation>
                    </common:Annotations>
                    <common:Name xml:lang="en">CEEC countries</common:Name>
                    <common:Name xml:lang="fr">Pays du PECO</common:Name>
                </structure:Code>
                <structure:Code id="CIS">
                    <common:Annotations>
                        <common:Annotation>
                            <common:AnnotationTitle>AZE+ARM+BLR+GEO+KAZ+KGZ+MDA+RUS+TJK+TKM+UZB+UKR</common:AnnotationTitle>
                            <common:AnnotationType>COMP_RULE</common:AnnotationType>
                        </common:Annotation>
                        <common:Annotation>
                            <common:AnnotationType>ORDER</common:AnnotationType>
                            <common:AnnotationText xml:lang="en">3530</common:AnnotationText>
                            <common:AnnotationText xml:lang="fr">3530</common:AnnotationText>
                        </common:Annotation>
                    </common:Annotations>
                    <common:Name xml:lang="en">CIS countries</common:Name>
                    <common:Name xml:lang="fr">Pays du CEI</common:Name>
                </structure:Code>
                <structure:Code id="DAE">
                    <common:Annotations>
                        <common:Annotation>
                            <common:AnnotationTitle>TWN+HKG+IDN+MYS+PHL+SGP+THA</common:AnnotationTitle>
                            <common:AnnotationType>COMP_RULE</common:AnnotationType>
                        </common:Annotation>
                        <common:Annotation>
                            <common:AnnotationType>ORDER</common:AnnotationType>
                            <common:AnnotationText xml:lang="en">3540</common:AnnotationText>
                            <common:AnnotationText xml:lang="fr">3540</common:AnnotationText>
                        </common:Annotation>
                    </common:Annotations>
                    <common:Name xml:lang="en">Dynamic Asian Economies</common:Name>
                    <common:Name xml:lang="fr">Économies asiatiques dynamiques</common:Name>
                </structure:Code>
                <structure:Code id="EMES">
                    <common:Annotations>
                        <common:Annotation>
                            <common:AnnotationType>ORDER</common:AnnotationType>
                            <common:AnnotationText xml:lang="en">3550</common:AnnotationText>
                            <common:AnnotationText xml:lang="fr">3550</common:AnnotationText>
                        </common:Annotation>
                    </common:Annotations>
                    <common:Name xml:lang="en">Emerging market economies</common:Name>
                    <common:Name xml:lang="fr">Économies émergentes de marché</common:Name>
                </structure:Code>
                <structure:Code id="EEA">
                    <common:Annotations>
                        <common:Annotation>
                            <common:AnnotationTitle>AUT+BEL+BGR+HRV+CYP+CZE+DNK+EST+FIN+FRA+DEU+GRC+HUN+IRL+ITA+LVA+LTU+LUX+MLT+NLD+POL+PRT+ROM+SVK+SVN+ESP+SWE</common:AnnotationTitle>
                            <common:AnnotationType>COMP_RULE</common:AnnotationType>
                        </common:Annotation>
                        <common:Annotation>
                            <common:AnnotationType>ORDER</common:AnnotationType>
                            <common:AnnotationText xml:lang="en">3560</common:AnnotationText>
                            <common:AnnotationText xml:lang="fr">3560</common:AnnotationText>
                        </common:Annotation>
                    </common:Annotations>
                    <common:Name xml:lang="en">European Economic Area</common:Name>
                    <common:Name xml:lang="fr">Espace Economique Européen</common:Name>
                </structure:Code>
                <structure:Code id="GULF">
                    <common:Annotations>
                        <common:Annotation>
                            <common:AnnotationTitle>SAU+KWT+ARE+QAT+BHR+OMN</common:AnnotationTitle>
                            <common:AnnotationType>COMP_RULE</common:AnnotationType>
                        </common:Annotation>
                        <common:Annotation>
                            <common:AnnotationType>ORDER</common:AnnotationType>
                            <common:AnnotationText xml:lang="en">3570</common:AnnotationText>
                            <common:AnnotationText xml:lang="fr">3570</common:AnnotationText>
                        </common:Annotation>
                    </common:Annotations>
                    <common:Name xml:lang="en">Gulf Arabian countries</common:Name>
                    <common:Name xml:lang="fr">Pays arabes du Golfe</common:Name>
                </structure:Code>
                <structure:Code id="DAE_IND_IDN">
                    <common:Annotations>
                        <common:Annotation>
                            <common:AnnotationTitle>DAE+IND+IDN</common:AnnotationTitle>
                            <common:AnnotationType>COMP_RULE</common:AnnotationType>
                        </common:Annotation>
                        <common:Annotation>
                            <common:AnnotationType>ORDER</common:AnnotationType>
                            <common:AnnotationText xml:lang="en">3580</common:AnnotationText>
                            <common:AnnotationText xml:lang="fr">3580</common:AnnotationText>
                        </common:Annotation>
                    </common:Annotations>
                    <common:Name xml:lang="en">Main industrialised Asia</common:Name>
                    <common:Name xml:lang="fr">Principale Asie industrialisée</common:Name>
                </structure:Code>
                <structure:Code id="A5M">
                    <common:Annotations>
                        <common:Annotation>
                            <common:AnnotationTitle>CHN+IND+IDN+JPN+KOR</common:AnnotationTitle>
                            <common:AnnotationType>COMP_RULE</common:AnnotationType>
                        </common:Annotation>
                        <common:Annotation>
                            <common:AnnotationType>ORDER</common:AnnotationType>
                            <common:AnnotationText xml:lang="en">3590</common:AnnotationText>
                            <common:AnnotationText xml:lang="fr">3590</common:AnnotationText>
                        </common:Annotation>
                    </common:Annotations>
                    <common:Name xml:lang="en">Major Five Asia Economies</common:Name>
                    <common:Name xml:lang="fr">Cinq Grands Économies d'Asie</common:Name>
                </structure:Code>
                <structure:Code id="MERCOSUR">
                    <common:Annotations>
                        <common:Annotation>
                            <common:AnnotationTitle>ARG+BRA+PRY+URY+VEN</common:AnnotationTitle>
                            <common:AnnotationType>COMP_RULE</common:AnnotationType>
                        </common:Annotation>
                        <common:Annotation>
                            <common:AnnotationType>ORDER</common:AnnotationType>
                            <common:AnnotationText xml:lang="en">3600</common:AnnotationText>
                            <common:AnnotationText xml:lang="fr">3600</common:AnnotationText>
                        </common:Annotation>
                    </common:Annotations>
                    <common:Name xml:lang="en">MERCOSUR countries</common:Name>
                    <common:Name xml:lang="fr">Pays du MERCOSUR</common:Name>
                </structure:Code>
                <structure:Code id="NAFTA">
                    <common:Annotations>
                        <common:Annotation>
                            <common:AnnotationTitle>CAN+MEX+USA</common:AnnotationTitle>
                            <common:AnnotationType>COMP_RULE</common:AnnotationType>
                        </common:Annotation>
                        <common:Annotation>
                            <common:AnnotationType>ORDER</common:AnnotationType>
                            <common:AnnotationText xml:lang="en">3610</common:AnnotationText>
                            <common:AnnotationText xml:lang="fr">3610</common:AnnotationText>
                        </common:Annotation>
                    </common:Annotations>
                    <common:Name xml:lang="en">NAFTA countries</common:Name>
                    <common:Name xml:lang="fr">Pays du ALENA</common:Name>
                </structure:Code>
                <structure:Code id="OPEC">
                    <common:Annotations>
                        <common:Annotation>
                            <common:AnnotationTitle>DZA+AGO+GNQ+GAB+IRN+IRG+KWT+LBY+NGA+COG+SAU+ARE+VEN</common:AnnotationTitle>
                            <common:AnnotationType>COMP_RULE</common:AnnotationType>
                        </common:Annotation>
                        <common:Annotation>
                            <common:AnnotationType>ORDER</common:AnnotationType>
                            <common:AnnotationText xml:lang="en">3620</common:AnnotationText>
                            <common:AnnotationText xml:lang="fr">3620</common:AnnotationText>
                        </common:Annotation>
                    </common:Annotations>
                    <common:Name xml:lang="en">OPEC countries</common:Name>
                    <common:Name xml:lang="fr">Pays du OPEP</common:Name>
                </structure:Code>
                <structure:Code id="OIL_O">
                    <common:Annotations>
                        <common:Annotation>
                            <common:AnnotationTitle>DZA+AGO+AZE+BHR+BRN+TCD+COG+ECU+GNQ+GAB+IRN+IRQ+KAZ+KWT+LBY+NGA+OMN+QAT+SDN+TLS+TTO+TKM+ARE+VEN+YEM</common:AnnotationTitle>
                            <common:AnnotationType>COMP_RULE</common:AnnotationType>
                        </common:Annotation>
                        <common:Annotation>
                            <common:AnnotationType>ORDER</common:AnnotationType>
                            <common:AnnotationText xml:lang="en">3630</common:AnnotationText>
                            <common:AnnotationText xml:lang="fr">3630</common:AnnotationText>
                        </common:Annotation>
                    </common:Annotations>
                    <common:Name xml:lang="en">Other major oil producers</common:Name>
                    <common:Name xml:lang="fr">Autres producteurs de pétrole</common:Name>
                </structure:Code>
                <structure:Code id="OIL_SAU_O">
                    <common:Annotations>
                        <common:Annotation>
                            <common:AnnotationTitle>DZA+AGO+AZE+BHR+BRN+TCD+COG+ECU+GNQ+GAB+IRN+IRQ+KAZ+KWT+LBY+NGA+OMN+QAT+SAU+SDN+TLS+TTO+TKM+ARE+VEN+YEM</common:AnnotationTitle>
                            <common:AnnotationType>COMP_RULE</common:AnnotationType>
                        </common:Annotation>
                        <common:Annotation>
                            <common:AnnotationType>ORDER</common:AnnotationType>
                            <common:AnnotationText xml:lang="en">3640</common:AnnotationText>
                            <common:AnnotationText xml:lang="fr">3640</common:AnnotationText>
                        </common:Annotation>
                    </common:Annotations>
                    <common:Name xml:lang="en">Other oil producers</common:Name>
                    <common:Name xml:lang="fr">Autres pays producteurs de pétrole</common:Name>
                </structure:Code>
                <structure:Code id="SAARC">
                    <common:Annotations>
                        <common:Annotation>
                            <common:AnnotationTitle>AFG+BGD+BTN+IND+MDV+NPL+PAK+LKA</common:AnnotationTitle>
                            <common:AnnotationType>COMP_RULE</common:AnnotationType>
                        </common:Annotation>
                        <common:Annotation>
                            <common:AnnotationType>ORDER</common:AnnotationType>
                            <common:AnnotationText xml:lang="en">3650</common:AnnotationText>
                            <common:AnnotationText xml:lang="fr">3650</common:AnnotationText>
                        </common:Annotation>
                    </common:Annotations>
                    <common:Name xml:lang="en">SAARC countries</common:Name>
                    <common:Name xml:lang="fr">Pays du SAARC</common:Name>
                </structure:Code>
                <structure:Code id="SDR">
                    <common:Annotations>
                        <common:Annotation>
                            <common:AnnotationTitle>AFG+ALB+DZA+AND+AGO+AIA+ATG+ARG+ARM+ABW+AUS+AUT+AZE+BHS+BHR+BGD+BRB+BLR+BEL+BLZ+BEN+BTN+BOL+BIH+BWA+BRA+BRN+BGR+BFA+BDI+CPV+KHM+CMR+CAN+CAF+TCD+CHL+CHN+COL+COM+COG+COD+CRI+CIV+HRV+CUW+CYP+CZE+DNK+DJI+DMA+DOM+ECU+EGY+SLV+GNQ+ERI+EST+SWZ+ETH+FJI+FIN+FRA+GAB+GMB+GEO+DEU+GHA+GRC+GRD+GTM+GIN+GNB+GUY+HTI+HND+HKG+HUN+ISL+IND+IDN+IRN+IRQ+IRL+ISR+ITA+JAM+JPN+JOR+KAZ+KEN+KIR+KOR+XKV+KWT+KGZ+LAO+LVA+LBN+LSO+LBR+LBY+LTU+LUX+MAC+MDG+MWI+MYS+MDV+MLI+MLT+MHL+MUS+MEX+FSM+MDA+MNG+MNE+MSR+MAR+MOZ+MMR+NAM+NRU+NPL+NLD+NZL+NIC+NER+NGA+MKD+NOR+OMN+PAK+PLW+PAN+PNG+PRY+PER+PHL+POL+PRT+QAT+ROU+RUS+RWA+WSM+SMR+STP+SAU+SEN+SRB+SYC+SLE+SGP+SXM+SVK+SVN+SLB+SOM+ZAF+SSD+ESP+LKA+KNA+LCA+VCT+SDN+SUR+SWE+CHE+SYR+TJK+TZA+THA+TLS+TGO+TON+TTO+TUN+TUR+TKM+TUV+UGA+UKR+ARE+GBR+USA+URY+UZB+VUT+VEN+VNM+YEM+ZMB+ZWE</common:AnnotationTitle>
                            <common:AnnotationType>COMP_RULE</common:AnnotationType>
                        </common:Annotation>
                        <common:Annotation>
                            <common:AnnotationType>ORDER</common:AnnotationType>
                            <common:AnnotationText xml:lang="en">3660</common:AnnotationText>
                            <common:AnnotationText xml:lang="fr">3660</common:AnnotationText>
                        </common:Annotation>
                    </common:Annotations>
                    <common:Name xml:lang="en">SDR countries</common:Name>
                    <common:Name xml:lang="fr">Pays du DTS</common:Name>
                </structure:Code>
                <structure:Code id="DAC">
                    <common:Annotations>
                        <common:Annotation>
                            <common:AnnotationType>ORDER</common:AnnotationType>
                            <common:AnnotationText xml:lang="en">3670</common:AnnotationText>
                            <common:AnnotationText xml:lang="fr">3670</common:AnnotationText>
                        </common:Annotation>
                    </common:Annotations>
                    <common:Name xml:lang="en">DAC countries</common:Name>
                    <common:Name xml:lang="fr">Pays du CAD</common:Name>
                </structure:Code>
                <structure:Code id="ODA">
                    <common:Annotations>
                        <common:Annotation>
                            <common:AnnotationType>ORDER</common:AnnotationType>
                            <common:AnnotationText xml:lang="en">3680</common:AnnotationText>
                            <common:AnnotationText xml:lang="fr">3680</common:AnnotationText>
                        </common:Annotation>
                    </common:Annotations>
                    <common:Name xml:lang="en">ODA recipient countries</common:Name>
                    <common:Name xml:lang="fr">Pays bénéficiaires d'APD</common:Name>
                </structure:Code>
                <structure:Code id="ODAA">
                    <common:Annotations>
                        <common:Annotation>
                            <common:AnnotationType>ORDER</common:AnnotationType>
                            <common:AnnotationText xml:lang="en">3690</common:AnnotationText>
                            <common:AnnotationText xml:lang="fr">3690</common:AnnotationText>
                        </common:Annotation>
                    </common:Annotations>
                    <common:Name xml:lang="en">ODA recipient countries - America</common:Name>
                    <common:Name xml:lang="fr">Pays bénéficiaires d'APD - Amérique</common:Name>
                </structure:Code>
                <structure:Code id="ODAF">
                    <common:Annotations>
                        <common:Annotation>
                            <common:AnnotationType>ORDER</common:AnnotationType>
                            <common:AnnotationText xml:lang="en">3700</common:AnnotationText>
                            <common:AnnotationText xml:lang="fr">3700</common:AnnotationText>
                        </common:Annotation>
                    </common:Annotations>
                    <common:Name xml:lang="en">ODA recipient countries - Africa</common:Name>
                    <common:Name xml:lang="fr">Pays bénéficiaires d'APD - Afrique</common:Name>
                </structure:Code>
                <structure:Code id="ODAE">
                    <common:Annotations>
                        <common:Annotation>
                            <common:AnnotationType>ORDER</common:AnnotationType>
                            <common:AnnotationText xml:lang="en">3710</common:AnnotationText>
                            <common:AnnotationText xml:lang="fr">3710</common:AnnotationText>
                        </common:Annotation>
                    </common:Annotations>
                    <common:Name xml:lang="en">ODA recipient countries - Europe</common:Name>
                    <common:Name xml:lang="fr">Pays bénéficiaires d'APD - Europe</common:Name>
                </structure:Code>
                <structure:Code id="ODAO">
                    <common:Annotations>
                        <common:Annotation>
                            <common:AnnotationType>ORDER</common:AnnotationType>
                            <common:AnnotationText xml:lang="en">3720</common:AnnotationText>
                            <common:AnnotationText xml:lang="fr">3720</common:AnnotationText>
                        </common:Annotation>
                    </common:Annotations>
                    <common:Name xml:lang="en">ODA recipient countries - Oceania</common:Name>
                    <common:Name xml:lang="fr">Pays bénéficiaires d'APD - Océanie</common:Name>
                </structure:Code>
                <structure:Code id="ODAS">
                    <common:Annotations>
                        <common:Annotation>
                            <common:AnnotationType>ORDER</common:AnnotationType>
                            <common:AnnotationText xml:lang="en">3730</common:AnnotationText>
                            <common:AnnotationText xml:lang="fr">3730</common:AnnotationText>
                        </common:Annotation>
                    </common:Annotations>
                    <common:Name xml:lang="en">ODA recipients countries - Asia</common:Name>
                    <common:Name xml:lang="fr">Pays bénéficiaires d'APD - Asie</common:Name>
                </structure:Code>
                <structure:Code id="LDC">
                    <common:Annotations>
                        <common:Annotation>
                            <common:AnnotationType>ORDER</common:AnnotationType>
                            <common:AnnotationText xml:lang="en">3740</common:AnnotationText>
                            <common:AnnotationText xml:lang="fr">3740</common:AnnotationText>
                        </common:Annotation>
                    </common:Annotations>
                    <common:Name xml:lang="en">Least developed countries</common:Name>
                    <common:Name xml:lang="fr">Pays les moins développés</common:Name>
                </structure:Code>
                <structure:Code id="LLDC">
                    <common:Annotations>
                        <common:Annotation>
                            <common:AnnotationType>ORDER</common:AnnotationType>
                            <common:AnnotationText xml:lang="en">3750</common:AnnotationText>
                            <common:AnnotationText xml:lang="fr">3750</common:AnnotationText>
                        </common:Annotation>
                    </common:Annotations>
                    <common:Name xml:lang="en">Land locked developing countries</common:Name>
                    <common:Name xml:lang="fr">Pays sans littoral</common:Name>
                </structure:Code>
                <structure:Code id="SIDS">
                    <common:Annotations>
                        <common:Annotation>
                            <common:AnnotationType>ORDER</common:AnnotationType>
                            <common:AnnotationText xml:lang="en">3760</common:AnnotationText>
                            <common:AnnotationText xml:lang="fr">3760</common:AnnotationText>
                        </common:Annotation>
                    </common:Annotations>
                    <common:Name xml:lang="en">Small island developing states</common:Name>
                    <common:Name xml:lang="fr">Petits etats insulaires</common:Name>
                </structure:Code>
                <structure:Code id="DPGC">
                    <common:Annotations>
                        <common:Annotation>
                            <common:AnnotationType>ORDER</common:AnnotationType>
                            <common:AnnotationText xml:lang="en">3770</common:AnnotationText>
                            <common:AnnotationText xml:lang="fr">3770</common:AnnotationText>
                        </common:Annotation>
                    </common:Annotations>
                    <common:Name xml:lang="en">Developing countries</common:Name>
                    <common:Name xml:lang="fr">Pays en developpement</common:Name>
                </structure:Code>
                <structure:Code id="DPDC">
                    <common:Annotations>
                        <common:Annotation>
                            <common:AnnotationType>ORDER</common:AnnotationType>
                            <common:AnnotationText xml:lang="en">3780</common:AnnotationText>
                            <common:AnnotationText xml:lang="fr">3780</common:AnnotationText>
                        </common:Annotation>
                    </common:Annotations>
                    <common:Name xml:lang="en">Developed countries</common:Name>
                    <common:Name xml:lang="fr">Pays développés</common:Name>
                </structure:Code>
                <structure:Code id="MADCT">
                    <common:Annotations>
                        <common:Annotation>
                            <common:AnnotationType>ORDER</common:AnnotationType>
                            <common:AnnotationText xml:lang="en">3790</common:AnnotationText>
                            <common:AnnotationText xml:lang="fr">3790</common:AnnotationText>
                        </common:Annotation>
                    </common:Annotations>
                    <common:Name xml:lang="en">More advanced developed countries and territories</common:Name>
                    <common:Name xml:lang="fr">Pays et territoires développés plus avancés</common:Name>
                </structure:Code>
                <structure:Code id="HICS">
                    <common:Annotations>
                        <common:Annotation>
                            <common:AnnotationType>ORDER</common:AnnotationType>
                            <common:AnnotationText xml:lang="en">3800</common:AnnotationText>
                            <common:AnnotationText xml:lang="fr">3800</common:AnnotationText>
                        </common:Annotation>
                    </common:Annotations>
                    <common:Name xml:lang="en">High income countries</common:Name>
                    <common:Name xml:lang="fr">Pays à haut revenu</common:Name>
                </structure:Code>
                <structure:Code id="UMIC">
                    <common:Annotations>
                        <common:Annotation>
                            <common:AnnotationType>ORDER</common:AnnotationType>
                            <common:AnnotationText xml:lang="en">3810</common:AnnotationText>
                            <common:AnnotationText xml:lang="fr">3810</common:AnnotationText>
                        </common:Annotation>
                    </common:Annotations>
                    <common:Name xml:lang="en">Upper-middle income countries</common:Name>
                    <common:Name xml:lang="fr">Pays à revenu moyen haut</common:Name>
                </structure:Code>
                <structure:Code id="LMIC">
                    <common:Annotations>
                        <common:Annotation>
                            <common:AnnotationType>ORDER</common:AnnotationType>
                            <common:AnnotationText xml:lang="en">3820</common:AnnotationText>
                            <common:AnnotationText xml:lang="fr">3820</common:AnnotationText>
                        </common:Annotation>
                    </common:Annotations>
                    <common:Name xml:lang="en">Lower-middle income countries</common:Name>
                    <common:Name xml:lang="fr">Pays à revenu moyen bas</common:Name>
                </structure:Code>
                <structure:Code id="OLIC">
                    <common:Annotations>
                        <common:Annotation>
                            <common:AnnotationType>ORDER</common:AnnotationType>
                            <common:AnnotationText xml:lang="en">3830</common:AnnotationText>
                            <common:AnnotationText xml:lang="fr">3830</common:AnnotationText>
                        </common:Annotation>
                    </common:Annotations>
                    <common:Name xml:lang="en">Other low income countries</common:Name>
                    <common:Name xml:lang="fr">Autres pays à faible revenu</common:Name>
                </structure:Code>
                <structure:Code id="INC_X">
                    <common:Annotations>
                        <common:Annotation>
                            <common:AnnotationType>ORDER</common:AnnotationType>
                            <common:AnnotationText xml:lang="en">3840</common:AnnotationText>
                            <common:AnnotationText xml:lang="fr">3840</common:AnnotationText>
                        </common:Annotation>
                    </common:Annotations>
                    <common:Name xml:lang="en">Countries unallocated by income</common:Name>
                    <common:Name xml:lang="fr">Pays non specifie par revenue</common:Name>
                </structure:Code>
                <structure:Code id="HICSWB">
                    <common:Annotations>
                        <common:Annotation>
                            <common:AnnotationType>ORDER</common:AnnotationType>
                            <common:AnnotationText xml:lang="en">3850</common:AnnotationText>
                            <common:AnnotationText xml:lang="fr">3850</common:AnnotationText>
                        </common:Annotation>
                    </common:Annotations>
                    <common:Name xml:lang="en">High income countries (World Bank)</common:Name>
                    <common:Name xml:lang="fr">Pays à haut revenu (World Bank)</common:Name>
                </structure:Code>
                <structure:Code id="UMICWB">
                    <common:Annotations>
                        <common:Annotation>
                            <common:AnnotationType>ORDER</common:AnnotationType>
                            <common:AnnotationText xml:lang="en">3860</common:AnnotationText>
                            <common:AnnotationText xml:lang="fr">3860</common:AnnotationText>
                        </common:Annotation>
                    </common:Annotations>
                    <common:Name xml:lang="en">Upper-middle income countries (World Bank)</common:Name>
                    <common:Name xml:lang="fr">Pays à revenu moyen haut (World Bank)</common:Name>
                </structure:Code>
                <structure:Code id="LMICWB">
                    <common:Annotations>
                        <common:Annotation>
                            <common:AnnotationType>ORDER</common:AnnotationType>
                            <common:AnnotationText xml:lang="en">3870</common:AnnotationText>
                            <common:AnnotationText xml:lang="fr">3870</common:AnnotationText>
                        </common:Annotation>
                    </common:Annotations>
                    <common:Name xml:lang="en">Lower-middle income countries (World Bank )</common:Name>
                    <common:Name xml:lang="fr">Pays à revenu moyen bas (World Bank)</common:Name>
                </structure:Code>
                <structure:Code id="OLICWB">
                    <common:Annotations>
                        <common:Annotation>
                            <common:AnnotationType>ORDER</common:AnnotationType>
                            <common:AnnotationText xml:lang="en">3880</common:AnnotationText>
                            <common:AnnotationText xml:lang="fr">3880</common:AnnotationText>
                        </common:Annotation>
                    </common:Annotations>
                    <common:Name xml:lang="en">Low income countries (World Bank )</common:Name>
                    <common:Name xml:lang="fr">Pays à faible revenu (World Bank)</common:Name>
                </structure:Code>
                <structure:Code id="INCWB_X">
                    <common:Annotations>
                        <common:Annotation>
                            <common:AnnotationType>ORDER</common:AnnotationType>
                            <common:AnnotationText xml:lang="en">3890</common:AnnotationText>
                            <common:AnnotationText xml:lang="fr">3890</common:AnnotationText>
                        </common:Annotation>
                    </common:Annotations>
                    <common:Name xml:lang="en">Countries not classified by the World Bank</common:Name>
                    <common:Name xml:lang="fr">Pays non specifie par revenue (World Bank)</common:Name>
                </structure:Code>
                <structure:Code id="HIPC">
                    <common:Annotations>
                        <common:Annotation>
                            <common:AnnotationType>ORDER</common:AnnotationType>
                            <common:AnnotationText xml:lang="en">3900</common:AnnotationText>
                            <common:AnnotationText xml:lang="fr">3900</common:AnnotationText>
                        </common:Annotation>
                    </common:Annotations>
                    <common:Name xml:lang="en">Heavily-indebted poor countries</common:Name>
                    <common:Name xml:lang="fr">Pays pauvres très endettés</common:Name>
                </structure:Code>
                <structure:Code id="FSCAC">
                    <common:Annotations>
                        <common:Annotation>
                            <common:AnnotationType>ORDER</common:AnnotationType>
                            <common:AnnotationText xml:lang="en">3910</common:AnnotationText>
                            <common:AnnotationText xml:lang="fr">3910</common:AnnotationText>
                        </common:Annotation>
                    </common:Annotations>
                    <common:Name xml:lang="en">Fragile states and Conflict-affected countries</common:Name>
                    <common:Name xml:lang="fr">Pays fragiles ou touchés par des conflits</common:Name>
                </structure:Code>
                <structure:Code id="WBA">
                    <common:Annotations>
                        <common:Annotation>
                            <common:AnnotationType>ORDER</common:AnnotationType>
                            <common:AnnotationText xml:lang="en">3920</common:AnnotationText>
                            <common:AnnotationText xml:lang="fr">3920</common:AnnotationText>
                        </common:Annotation>
                    </common:Annotations>
                    <common:Name xml:lang="en">World aviation bunkers</common:Name>
                    <common:Name xml:lang="fr">Soutes aériennes</common:Name>
                </structure:Code>
                <structure:Code id="WBM">
                    <common:Annotations>
                        <common:Annotation>
                            <common:AnnotationType>ORDER</common:AnnotationType>
                            <common:AnnotationText xml:lang="en">3930</common:AnnotationText>
                            <common:AnnotationText xml:lang="fr">3930</common:AnnotationText>
                        </common:Annotation>
                    </common:Annotations>
                    <common:Name xml:lang="en">World marine bunkers</common:Name>
                    <common:Name xml:lang="fr">Soutes maritimes</common:Name>
                </structure:Code>
                <structure:Code id="WB">
                    <common:Annotations>
                        <common:Annotation>
                            <common:AnnotationType>ORDER</common:AnnotationType>
                            <common:AnnotationText xml:lang="en">3940</common:AnnotationText>
                            <common:AnnotationText xml:lang="fr">3940</common:AnnotationText>
                        </common:Annotation>
                    </common:Annotations>
                    <common:Name xml:lang="en">World marine and aviation bunkers</common:Name>
                    <common:Name xml:lang="fr">Soutes maritimes et aériennes</common:Name>
                </structure:Code>
                <structure:Code id="FZ">
                    <common:Annotations>
                        <common:Annotation>
                            <common:AnnotationType>ORDER</common:AnnotationType>
                            <common:AnnotationText xml:lang="en">3950</common:AnnotationText>
                            <common:AnnotationText xml:lang="fr">3950</common:AnnotationText>
                        </common:Annotation>
                    </common:Annotations>
                    <common:Name xml:lang="en">Free zones</common:Name>
                    <common:Name xml:lang="fr">Zones franches</common:Name>
                </structure:Code>
                <structure:Code id="IEA">
                    <common:Annotations>
                        <common:Annotation>
                            <common:AnnotationType>ORDER</common:AnnotationType>
                            <common:AnnotationText xml:lang="en">3960</common:AnnotationText>
                            <common:AnnotationText xml:lang="fr">3960</common:AnnotationText>
                        </common:Annotation>
                    </common:Annotations>
                    <common:Name xml:lang="en">IEA Total</common:Name>
                    <common:Name xml:lang="fr">Total AIE</common:Name>
                </structure:Code>
                <structure:Code id="IEAA">
                    <common:Annotations>
                        <common:Annotation>
                            <common:AnnotationType>ORDER</common:AnnotationType>
                            <common:AnnotationText xml:lang="en">3970</common:AnnotationText>
                            <common:AnnotationText xml:lang="fr">3970</common:AnnotationText>
                        </common:Annotation>
                    </common:Annotations>
                    <common:Name xml:lang="en">IEA Americas</common:Name>
                    <common:Name xml:lang="fr">AIE Amériques</common:Name>
                </structure:Code>
                <structure:Code id="IEAOS">
                    <common:Annotations>
                        <common:Annotation>
                            <common:AnnotationType>ORDER</common:AnnotationType>
                            <common:AnnotationText xml:lang="en">3980</common:AnnotationText>
                            <common:AnnotationText xml:lang="fr">3980</common:AnnotationText>
                        </common:Annotation>
                    </common:Annotations>
                    <common:Name xml:lang="en">IEA Asia Oceania</common:Name>
                    <common:Name xml:lang="fr">AIE Asie Océanie</common:Name>
                </structure:Code>
                <structure:Code id="IEAXMEX">
                    <common:Annotations>
                        <common:Annotation>
                            <common:AnnotationType>ORDER</common:AnnotationType>
                            <common:AnnotationText xml:lang="en">3990</common:AnnotationText>
                            <common:AnnotationText xml:lang="fr">3990</common:AnnotationText>
                        </common:Annotation>
                    </common:Annotations>
                    <common:Name xml:lang="en">IEA Total (excl. Mexico)</common:Name>
                    <common:Name xml:lang="fr">Total AIE (hors Mexique)</common:Name>
                </structure:Code>
                <structure:Code id="IEAE">
                    <common:Annotations>
                        <common:Annotation>
                            <common:AnnotationType>ORDER</common:AnnotationType>
                            <common:AnnotationText xml:lang="en">4000</common:AnnotationText>
                            <common:AnnotationText xml:lang="fr">4000</common:AnnotationText>
                        </common:Annotation>
                    </common:Annotations>
                    <common:Name xml:lang="en">IEA Europe</common:Name>
                    <common:Name xml:lang="fr">AIE Europe</common:Name>
                </structure:Code>
                <structure:Code id="IEA_ACC">
                    <common:Annotations>
                        <common:Annotation>
                            <common:AnnotationType>ORDER</common:AnnotationType>
                            <common:AnnotationText xml:lang="en">4010</common:AnnotationText>
                            <common:AnnotationText xml:lang="fr">4010</common:AnnotationText>
                        </common:Annotation>
                    </common:Annotations>
                    <common:Name xml:lang="en">IEA and Accession/Association countries</common:Name>
                    <common:Name xml:lang="fr">AIE et pays d'adhésion/association</common:Name>
                </structure:Code>
                <structure:Code id="ANNEX1">
                    <common:Annotations>
                        <common:Annotation>
                            <common:AnnotationType>ORDER</common:AnnotationType>
                            <common:AnnotationText xml:lang="en">4020</common:AnnotationText>
                            <common:AnnotationText xml:lang="fr">4020</common:AnnotationText>
                        </common:Annotation>
                    </common:Annotations>
                    <common:Name xml:lang="en">Annex I of the United Nations Framework Convention on Climate Change Parties</common:Name>
                    <common:Name xml:lang="fr">Parties de l'Annexe I de la Convention-cadre des Nations Unies sur le changement climatique</common:Name>
                </structure:Code>
                <structure:Code id="WXANNEX1">
                    <common:Annotations>
                        <common:Annotation>
                            <common:AnnotationType>ORDER</common:AnnotationType>
                            <common:AnnotationText xml:lang="en">4030</common:AnnotationText>
                            <common:AnnotationText xml:lang="fr">4030</common:AnnotationText>
                        </common:Annotation>
                    </common:Annotations>
                    <common:Name xml:lang="en">Non-Annex I of the United Nations Framework Convention on Climate Change Parties</common:Name>
                    <common:Name xml:lang="fr">Parties ne figurant pas à l'Annexe I de la Convention-cadre des Nations Unies sur le changement climatique</common:Name>
                </structure:Code>
                <structure:Code id="ANNEX2">
                    <common:Annotations>
                        <common:Annotation>
                            <common:AnnotationType>ORDER</common:AnnotationType>
                            <common:AnnotationText xml:lang="en">4040</common:AnnotationText>
                            <common:AnnotationText xml:lang="fr">4040</common:AnnotationText>
                        </common:Annotation>
                    </common:Annotations>
                    <common:Name xml:lang="en">Annex II of the United Nations Framework Convention on Climate Change Parties</common:Name>
                    <common:Name xml:lang="fr">Parties de l'Annexe II de la Convention-cadre des Nations Unies sur le changement climatique</common:Name>
                </structure:Code>
                <structure:Code id="ANNEX2A2">
                    <common:Annotations>
                        <common:Annotation>
                            <common:AnnotationType>ORDER</common:AnnotationType>
                            <common:AnnotationText xml:lang="en">4050</common:AnnotationText>
                            <common:AnnotationText xml:lang="fr">4050</common:AnnotationText>
                        </common:Annotation>
                    </common:Annotations>
                    <common:Name xml:lang="en">Annex II of the United Nations Framework Convention on Climate Change North America</common:Name>
                    <common:Name xml:lang="fr">Amérique du Nord (Annexe II de la Convention-cadre des Nations Unies sur le changement climatique)</common:Name>
                </structure:Code>
                <structure:Code id="ANNEX2E">
                    <common:Annotations>
                        <common:Annotation>
                            <common:AnnotationType>ORDER</common:AnnotationType>
                            <common:AnnotationText xml:lang="en">4060</common:AnnotationText>
                            <common:AnnotationText xml:lang="fr">4060</common:AnnotationText>
                        </common:Annotation>
                    </common:Annotations>
                    <common:Name xml:lang="en">Annex II of the United Nations Framework Convention on Climate Change Europe</common:Name>
                    <common:Name xml:lang="fr">Europe (Annexe II de la Convention-cadre des Nations Unies sur le changement climatique)</common:Name>
                </structure:Code>
                <structure:Code id="ANNEX2OS">
                    <common:Annotations>
                        <common:Annotation>
                            <common:AnnotationType>ORDER</common:AnnotationType>
                            <common:AnnotationText xml:lang="en">4070</common:AnnotationText>
                            <common:AnnotationText xml:lang="fr">4070</common:AnnotationText>
                        </common:Annotation>
                    </common:Annotations>
                    <common:Name xml:lang="en">Annex II of the United Nations Framework Convention on Climate Change Asia Oceania</common:Name>
                    <common:Name xml:lang="fr">Asie Océanie (Annexe II de la Convention-cadre des Nations Unies sur le changement climatique)</common:Name>
                </structure:Code>
                <structure:Code id="A">
                    <common:Annotations>
                        <common:Annotation>
                            <common:AnnotationTitle>A2+A3+A4+A7+A_X+A_O</common:AnnotationTitle>
                            <common:AnnotationType>COMP_RULE</common:AnnotationType>
                        </common:Annotation>
                        <common:Annotation>
                            <common:AnnotationType>ORDER</common:AnnotationType>
                            <common:AnnotationText xml:lang="en">4080</common:AnnotationText>
                            <common:AnnotationText xml:lang="fr">4080</common:AnnotationText>
                        </common:Annotation>
                    </common:Annotations>
                    <common:Name xml:lang="en">America</common:Name>
                    <common:Name xml:lang="fr">Amérique</common:Name>
                </structure:Code>
                <structure:Code id="A2">
                    <common:Annotations>
                        <common:Annotation>
                            <common:AnnotationType>ORDER</common:AnnotationType>
                            <common:AnnotationText xml:lang="en">4090</common:AnnotationText>
                            <common:AnnotationText xml:lang="fr">4090</common:AnnotationText>
                        </common:Annotation>
                    </common:Annotations>
                    <common:Name xml:lang="en">Northern America</common:Name>
                    <common:Name xml:lang="fr">Amérique du Nord</common:Name>
                </structure:Code>
                <structure:Code id="A3">
                    <common:Annotations>
                        <common:Annotation>
                            <common:AnnotationType>ORDER</common:AnnotationType>
                            <common:AnnotationText xml:lang="en">4100</common:AnnotationText>
                            <common:AnnotationText xml:lang="fr">4100</common:AnnotationText>
                        </common:Annotation>
                    </common:Annotations>
                    <common:Name xml:lang="en">Central America</common:Name>
                    <common:Name xml:lang="fr">Amérique Centrale</common:Name>
                </structure:Code>
                <structure:Code id="A4">
                    <common:Annotations>
                        <common:Annotation>
                            <common:AnnotationType>ORDER</common:AnnotationType>
                            <common:AnnotationText xml:lang="en">4110</common:AnnotationText>
                            <common:AnnotationText xml:lang="fr">4110</common:AnnotationText>
                        </common:Annotation>
                    </common:Annotations>
                    <common:Name xml:lang="en">Caribbean</common:Name>
                    <common:Name xml:lang="fr">Caraïbes</common:Name>
                </structure:Code>
                <structure:Code id="A5">
                    <common:Annotations>
                        <common:Annotation>
                            <common:AnnotationType>ORDER</common:AnnotationType>
                            <common:AnnotationText xml:lang="en">4120</common:AnnotationText>
                            <common:AnnotationText xml:lang="fr">4120</common:AnnotationText>
                        </common:Annotation>
                    </common:Annotations>
                    <common:Name xml:lang="en">Central America and the Caribbean</common:Name>
                    <common:Name xml:lang="fr">Amérique Centrale et Caraïbes</common:Name>
                </structure:Code>
                <structure:Code id="A7">
                    <common:Annotations>
                        <common:Annotation>
                            <common:AnnotationType>ORDER</common:AnnotationType>
                            <common:AnnotationText xml:lang="en">4130</common:AnnotationText>
                            <common:AnnotationText xml:lang="fr">4130</common:AnnotationText>
                        </common:Annotation>
                    </common:Annotations>
                    <common:Name xml:lang="en">South America</common:Name>
                    <common:Name xml:lang="fr">Amérique du Sud</common:Name>
                </structure:Code>
                <structure:Code id="A8">
                    <common:Annotations>
                        <common:Annotation>
                            <common:AnnotationType>ORDER</common:AnnotationType>
                            <common:AnnotationText xml:lang="en">4140</common:AnnotationText>
                            <common:AnnotationText xml:lang="fr">4140</common:AnnotationText>
                        </common:Annotation>
                    </common:Annotations>
                    <common:Name xml:lang="en">Latin America</common:Name>
                    <common:Name xml:lang="fr">Amérique latine</common:Name>
                </structure:Code>
                <structure:Code id="A8_M">
                    <common:Annotations>
                        <common:Annotation>
                            <common:AnnotationTitle>ARG+BRA+CHL+COL+CRI</common:AnnotationTitle>
                            <common:AnnotationType>COMP_RULE</common:AnnotationType>
                        </common:Annotation>
                        <common:Annotation>
                            <common:AnnotationType>ORDER</common:AnnotationType>
                            <common:AnnotationText xml:lang="en">4150</common:AnnotationText>
                            <common:AnnotationText xml:lang="fr">4150</common:AnnotationText>
                        </common:Annotation>
                    </common:Annotations>
                    <common:Name xml:lang="en">Main Latin American countries</common:Name>
                    <common:Name xml:lang="fr">Principaux pays d'Amérique Latine</common:Name>
                </structure:Code>
                <structure:Code id="A9">
                    <common:Annotations>
                        <common:Annotation>
                            <common:AnnotationType>ORDER</common:AnnotationType>
                            <common:AnnotationText xml:lang="en">4160</common:AnnotationText>
                            <common:AnnotationText xml:lang="fr">4160</common:AnnotationText>
                        </common:Annotation>
                    </common:Annotations>
                    <common:Name xml:lang="en">Latin America and the Caribbean</common:Name>
                    <common:Name xml:lang="fr">Amérique latine et Caraïbes</common:Name>
                </structure:Code>
                <structure:Code id="A_X">
                    <common:Annotations>
                        <common:Annotation>
                            <common:AnnotationType>ORDER</common:AnnotationType>
                            <common:AnnotationText xml:lang="en">4170</common:AnnotationText>
                            <common:AnnotationText xml:lang="fr">4170</common:AnnotationText>
                        </common:Annotation>
                    </common:Annotations>
                    <common:Name xml:lang="en">America unspecified</common:Name>
                    <common:Name xml:lang="fr">Amérique non spécifié</common:Name>
                </structure:Code>
                <structure:Code id="A_O">
                    <common:Annotations>
                        <common:Annotation>
                            <common:AnnotationType>ORDER</common:AnnotationType>
                            <common:AnnotationText xml:lang="en">4180</common:AnnotationText>
                            <common:AnnotationText xml:lang="fr">4180</common:AnnotationText>
                        </common:Annotation>
                    </common:Annotations>
                    <common:Name xml:lang="en">Other America</common:Name>
                    <common:Name xml:lang="fr">Autre Amérique</common:Name>
                </structure:Code>
                <structure:Code id="E">
                    <common:Annotations>
                        <common:Annotation>
                            <common:AnnotationTitle>E2+E3+E4+E5+E_X+E_O</common:AnnotationTitle>
                            <common:AnnotationType>COMP_RULE</common:AnnotationType>
                        </common:Annotation>
                        <common:Annotation>
                            <common:AnnotationType>ORDER</common:AnnotationType>
                            <common:AnnotationText xml:lang="en">4190</common:AnnotationText>
                            <common:AnnotationText xml:lang="fr">4190</common:AnnotationText>
                        </common:Annotation>
                    </common:Annotations>
                    <common:Name xml:lang="en">Europe</common:Name>
                    <common:Name xml:lang="fr">Europe</common:Name>
                </structure:Code>
                <structure:Code id="E2">
                    <common:Annotations>
                        <common:Annotation>
                            <common:AnnotationType>ORDER</common:AnnotationType>
                            <common:AnnotationText xml:lang="en">4200</common:AnnotationText>
                            <common:AnnotationText xml:lang="fr">4200</common:AnnotationText>
                        </common:Annotation>
                    </common:Annotations>
                    <common:Name xml:lang="en">Eastern Europe</common:Name>
                    <common:Name xml:lang="fr">Europe orientale</common:Name>
                </structure:Code>
                <structure:Code id="E3">
                    <common:Annotations>
                        <common:Annotation>
                            <common:AnnotationType>ORDER</common:AnnotationType>
                            <common:AnnotationText xml:lang="en">4210</common:AnnotationText>
                            <common:AnnotationText xml:lang="fr">4210</common:AnnotationText>
                        </common:Annotation>
                    </common:Annotations>
                    <common:Name xml:lang="en">Northern Europe</common:Name>
                    <common:Name xml:lang="fr">Europe septentrionale</common:Name>
                </structure:Code>
                <structure:Code id="E4">
                    <common:Annotations>
                        <common:Annotation>
                            <common:AnnotationType>ORDER</common:AnnotationType>
                            <common:AnnotationText xml:lang="en">4220</common:AnnotationText>
                            <common:AnnotationText xml:lang="fr">4220</common:AnnotationText>
                        </common:Annotation>
                    </common:Annotations>
                    <common:Name xml:lang="en">Southern Europe</common:Name>
                    <common:Name xml:lang="fr">Europe méridionale</common:Name>
                </structure:Code>
                <structure:Code id="E5">
                    <common:Annotations>
                        <common:Annotation>
                            <common:AnnotationType>ORDER</common:AnnotationType>
                            <common:AnnotationText xml:lang="en">4230</common:AnnotationText>
                            <common:AnnotationText xml:lang="fr">4230</common:AnnotationText>
                        </common:Annotation>
                    </common:Annotations>
                    <common:Name xml:lang="en">Western Europe</common:Name>
                    <common:Name xml:lang="fr">Europe occidentale</common:Name>
                </structure:Code>
                <structure:Code id="E_X">
                    <common:Annotations>
                        <common:Annotation>
                            <common:AnnotationType>ORDER</common:AnnotationType>
                            <common:AnnotationText xml:lang="en">4240</common:AnnotationText>
                            <common:AnnotationText xml:lang="fr">4240</common:AnnotationText>
                        </common:Annotation>
                    </common:Annotations>
                    <common:Name xml:lang="en">Europe unspecified</common:Name>
                    <common:Name xml:lang="fr">Europe non spécifié</common:Name>
                </structure:Code>
                <structure:Code id="E_O">
                    <common:Annotations>
                        <common:Annotation>
                            <common:AnnotationType>ORDER</common:AnnotationType>
                            <common:AnnotationText xml:lang="en">4250</common:AnnotationText>
                            <common:AnnotationText xml:lang="fr">4250</common:AnnotationText>
                        </common:Annotation>
                    </common:Annotations>
                    <common:Name xml:lang="en">Other Europe</common:Name>
                    <common:Name xml:lang="fr">Autre Europe</common:Name>
                </structure:Code>
                <structure:Code id="F">
                    <common:Annotations>
                        <common:Annotation>
                            <common:AnnotationTitle>F3+F4+F5+F6+F7+F8+F_X+F_O</common:AnnotationTitle>
                            <common:AnnotationType>COMP_RULE</common:AnnotationType>
                        </common:Annotation>
                        <common:Annotation>
                            <common:AnnotationType>ORDER</common:AnnotationType>
                            <common:AnnotationText xml:lang="en">4260</common:AnnotationText>
                            <common:AnnotationText xml:lang="fr">4260</common:AnnotationText>
                        </common:Annotation>
                    </common:Annotations>
                    <common:Name xml:lang="en">Africa</common:Name>
                    <common:Name xml:lang="fr">Afrique</common:Name>
                </structure:Code>
                <structure:Code id="F3">
                    <common:Annotations>
                        <common:Annotation>
                            <common:AnnotationType>ORDER</common:AnnotationType>
                            <common:AnnotationText xml:lang="en">4270</common:AnnotationText>
                            <common:AnnotationText xml:lang="fr">4270</common:AnnotationText>
                        </common:Annotation>
                    </common:Annotations>
                    <common:Name xml:lang="en">Eastern Africa</common:Name>
                    <common:Name xml:lang="fr">Afrique orientale</common:Name>
                </structure:Code>
                <structure:Code id="F4">
                    <common:Annotations>
                        <common:Annotation>
                            <common:AnnotationType>ORDER</common:AnnotationType>
                            <common:AnnotationText xml:lang="en">4280</common:AnnotationText>
                            <common:AnnotationText xml:lang="fr">4280</common:AnnotationText>
                        </common:Annotation>
                    </common:Annotations>
                    <common:Name xml:lang="en">Northern Africa</common:Name>
                    <common:Name xml:lang="fr">Afrique septentrionale</common:Name>
                </structure:Code>
                <structure:Code id="F5">
                    <common:Annotations>
                        <common:Annotation>
                            <common:AnnotationType>ORDER</common:AnnotationType>
                            <common:AnnotationText xml:lang="en">4290</common:AnnotationText>
                            <common:AnnotationText xml:lang="fr">4290</common:AnnotationText>
                        </common:Annotation>
                    </common:Annotations>
                    <common:Name xml:lang="en">Middle Africa</common:Name>
                    <common:Name xml:lang="fr">Afrique centrale</common:Name>
                </structure:Code>
                <structure:Code id="F6">
                    <common:Annotations>
                        <common:Annotation>
                            <common:AnnotationType>ORDER</common:AnnotationType>
                            <common:AnnotationText xml:lang="en">4300</common:AnnotationText>
                            <common:AnnotationText xml:lang="fr">4300</common:AnnotationText>
                        </common:Annotation>
                    </common:Annotations>
                    <common:Name xml:lang="en">Sub-Saharan Africa</common:Name>
                    <common:Name xml:lang="fr">Afrique sub-saharienne</common:Name>
                </structure:Code>
                <structure:Code id="F7">
                    <common:Annotations>
                        <common:Annotation>
                            <common:AnnotationType>ORDER</common:AnnotationType>
                            <common:AnnotationText xml:lang="en">4310</common:AnnotationText>
                            <common:AnnotationText xml:lang="fr">4310</common:AnnotationText>
                        </common:Annotation>
                    </common:Annotations>
                    <common:Name xml:lang="en">Southern Africa</common:Name>
                    <common:Name xml:lang="fr">Afrique australe</common:Name>
                </structure:Code>
                <structure:Code id="F8">
                    <common:Annotations>
                        <common:Annotation>
                            <common:AnnotationType>ORDER</common:AnnotationType>
                            <common:AnnotationText xml:lang="en">4320</common:AnnotationText>
                            <common:AnnotationText xml:lang="fr">4320</common:AnnotationText>
                        </common:Annotation>
                    </common:Annotations>
                    <common:Name xml:lang="en">Western Africa</common:Name>
                    <common:Name xml:lang="fr">Afrique occidentale</common:Name>
                </structure:Code>
                <structure:Code id="F97">
                    <common:Annotations>
                        <common:Annotation>
                            <common:AnnotationType>ORDER</common:AnnotationType>
                            <common:AnnotationText xml:lang="en">4330</common:AnnotationText>
                            <common:AnnotationText xml:lang="fr">4330</common:AnnotationText>
                        </common:Annotation>
                    </common:Annotations>
                    <common:Name xml:lang="en">Middle East</common:Name>
                    <common:Name xml:lang="fr">Moyen-Orient</common:Name>
                </structure:Code>
                <structure:Code id="F98">
                    <common:Annotations>
                        <common:Annotation>
                            <common:AnnotationType>ORDER</common:AnnotationType>
                            <common:AnnotationText xml:lang="en">4340</common:AnnotationText>
                            <common:AnnotationText xml:lang="fr">4340</common:AnnotationText>
                        </common:Annotation>
                    </common:Annotations>
                    <common:Name xml:lang="en">Middle East and North Africa</common:Name>
                    <common:Name xml:lang="fr">Moyen-Orient et Afrique du Nord</common:Name>
                </structure:Code>
                <structure:Code id="F_X">
                    <common:Annotations>
                        <common:Annotation>
                            <common:AnnotationType>ORDER</common:AnnotationType>
                            <common:AnnotationText xml:lang="en">4350</common:AnnotationText>
                            <common:AnnotationText xml:lang="fr">4350</common:AnnotationText>
                        </common:Annotation>
                    </common:Annotations>
                    <common:Name xml:lang="en">Africa unspecified</common:Name>
                    <common:Name xml:lang="fr">Afrique non spécifié</common:Name>
                </structure:Code>
                <structure:Code id="F_O">
                    <common:Annotations>
                        <common:Annotation>
                            <common:AnnotationType>ORDER</common:AnnotationType>
                            <common:AnnotationText xml:lang="en">4360</common:AnnotationText>
                            <common:AnnotationText xml:lang="fr">4360</common:AnnotationText>
                        </common:Annotation>
                    </common:Annotations>
                    <common:Name xml:lang="en">Other Africa</common:Name>
                    <common:Name xml:lang="fr">Autre Afrique</common:Name>
                </structure:Code>
                <structure:Code id="O">
                    <common:Annotations>
                        <common:Annotation>
                            <common:AnnotationTitle>O6+O7+O8+O9+O_X+O_O</common:AnnotationTitle>
                            <common:AnnotationType>COMP_RULE</common:AnnotationType>
                        </common:Annotation>
                        <common:Annotation>
                            <common:AnnotationType>ORDER</common:AnnotationType>
                            <common:AnnotationText xml:lang="en">4370</common:AnnotationText>
                            <common:AnnotationText xml:lang="fr">4370</common:AnnotationText>
                        </common:Annotation>
                    </common:Annotations>
                    <common:Name xml:lang="en">Oceania</common:Name>
                    <common:Name xml:lang="fr">Océanie</common:Name>
                </structure:Code>
                <structure:Code id="O6">
                    <common:Annotations>
                        <common:Annotation>
                            <common:AnnotationType>ORDER</common:AnnotationType>
                            <common:AnnotationText xml:lang="en">4380</common:AnnotationText>
                            <common:AnnotationText xml:lang="fr">4380</common:AnnotationText>
                        </common:Annotation>
                    </common:Annotations>
                    <common:Name xml:lang="en">Australia and New Zealand</common:Name>
                    <common:Name xml:lang="fr">Australie et Nouvelle-Zélande</common:Name>
                </structure:Code>
                <structure:Code id="O7">
                    <common:Annotations>
                        <common:Annotation>
                            <common:AnnotationType>ORDER</common:AnnotationType>
                            <common:AnnotationText xml:lang="en">4390</common:AnnotationText>
                            <common:AnnotationText xml:lang="fr">4390</common:AnnotationText>
                        </common:Annotation>
                    </common:Annotations>
                    <common:Name xml:lang="en">Melanesia</common:Name>
                    <common:Name xml:lang="fr">Mélanésie</common:Name>
                </structure:Code>
                <structure:Code id="O8">
                    <common:Annotations>
                        <common:Annotation>
                            <common:AnnotationType>ORDER</common:AnnotationType>
                            <common:AnnotationText xml:lang="en">4400</common:AnnotationText>
                            <common:AnnotationText xml:lang="fr">4400</common:AnnotationText>
                        </common:Annotation>
                    </common:Annotations>
                    <common:Name xml:lang="en">Micronesia</common:Name>
                    <common:Name xml:lang="fr">Micronésie</common:Name>
                </structure:Code>
                <structure:Code id="O9">
                    <common:Annotations>
                        <common:Annotation>
                            <common:AnnotationType>ORDER</common:AnnotationType>
                            <common:AnnotationText xml:lang="en">4410</common:AnnotationText>
                            <common:AnnotationText xml:lang="fr">4410</common:AnnotationText>
                        </common:Annotation>
                    </common:Annotations>
                    <common:Name xml:lang="en">Polynesia</common:Name>
                    <common:Name xml:lang="fr">Polynésie</common:Name>
                </structure:Code>
                <structure:Code id="O_X">
                    <common:Annotations>
                        <common:Annotation>
                            <common:AnnotationType>ORDER</common:AnnotationType>
                            <common:AnnotationText xml:lang="en">4420</common:AnnotationText>
                            <common:AnnotationText xml:lang="fr">4420</common:AnnotationText>
                        </common:Annotation>
                    </common:Annotations>
                    <common:Name xml:lang="en">Oceania unspecified</common:Name>
                    <common:Name xml:lang="fr">Océanie non specifié</common:Name>
                </structure:Code>
                <structure:Code id="O_O">
                    <common:Annotations>
                        <common:Annotation>
                            <common:AnnotationType>ORDER</common:AnnotationType>
                            <common:AnnotationText xml:lang="en">4430</common:AnnotationText>
                            <common:AnnotationText xml:lang="fr">4430</common:AnnotationText>
                        </common:Annotation>
                    </common:Annotations>
                    <common:Name xml:lang="en">Other Oceania</common:Name>
                    <common:Name xml:lang="fr">Autre Océanie</common:Name>
                </structure:Code>
                <structure:Code id="S">
                    <common:Annotations>
                        <common:Annotation>
                            <common:AnnotationTitle>S2+S3+S4+S7+S8+S_X+S_O</common:AnnotationTitle>
                            <common:AnnotationType>COMP_RULE</common:AnnotationType>
                        </common:Annotation>
                        <common:Annotation>
                            <common:AnnotationType>ORDER</common:AnnotationType>
                            <common:AnnotationText xml:lang="en">4440</common:AnnotationText>
                            <common:AnnotationText xml:lang="fr">4440</common:AnnotationText>
                        </common:Annotation>
                    </common:Annotations>
                    <common:Name xml:lang="en">Asia</common:Name>
                    <common:Name xml:lang="fr">Asie</common:Name>
                </structure:Code>
                <structure:Code id="S2">
                    <common:Annotations>
                        <common:Annotation>
                            <common:AnnotationType>ORDER</common:AnnotationType>
                            <common:AnnotationText xml:lang="en">4450</common:AnnotationText>
                            <common:AnnotationText xml:lang="fr">4450</common:AnnotationText>
                        </common:Annotation>
                    </common:Annotations>
                    <common:Name xml:lang="en">Eastern Asia</common:Name>
                    <common:Name xml:lang="fr">Asie orientale</common:Name>
                </structure:Code>
                <structure:Code id="S3">
                    <common:Annotations>
                        <common:Annotation>
                            <common:AnnotationType>ORDER</common:AnnotationType>
                            <common:AnnotationText xml:lang="en">4460</common:AnnotationText>
                            <common:AnnotationText xml:lang="fr">4460</common:AnnotationText>
                        </common:Annotation>
                    </common:Annotations>
                    <common:Name xml:lang="en">Western Asia / Near and Middle East countries</common:Name>
                    <common:Name xml:lang="fr">Asie occidentale / Pays du Proche et Moyen-Orient</common:Name>
                </structure:Code>
                <structure:Code id="S4">
                    <common:Annotations>
                        <common:Annotation>
                            <common:AnnotationType>ORDER</common:AnnotationType>
                            <common:AnnotationText xml:lang="en">4470</common:AnnotationText>
                            <common:AnnotationText xml:lang="fr">4470</common:AnnotationText>
                        </common:Annotation>
                    </common:Annotations>
                    <common:Name xml:lang="en">Central Asia</common:Name>
                    <common:Name xml:lang="fr">Asie centrale</common:Name>
                </structure:Code>
                <structure:Code id="S7">
                    <common:Annotations>
                        <common:Annotation>
                            <common:AnnotationType>ORDER</common:AnnotationType>
                            <common:AnnotationText xml:lang="en">4480</common:AnnotationText>
                            <common:AnnotationText xml:lang="fr">4480</common:AnnotationText>
                        </common:Annotation>
                    </common:Annotations>
                    <common:Name xml:lang="en">Southern Asia</common:Name>
                    <common:Name xml:lang="fr">Asie du Sud</common:Name>
                </structure:Code>
                <structure:Code id="S8">
                    <common:Annotations>
                        <common:Annotation>
                            <common:AnnotationType>ORDER</common:AnnotationType>
                            <common:AnnotationText xml:lang="en">4490</common:AnnotationText>
                            <common:AnnotationText xml:lang="fr">4490</common:AnnotationText>
                        </common:Annotation>
                    </common:Annotations>
                    <common:Name xml:lang="en">South-eastern Asia</common:Name>
                    <common:Name xml:lang="fr">Asie du Sud-Est</common:Name>
                </structure:Code>
                <structure:Code id="S_X">
                    <common:Annotations>
                        <common:Annotation>
                            <common:AnnotationType>ORDER</common:AnnotationType>
                            <common:AnnotationText xml:lang="en">4500</common:AnnotationText>
                            <common:AnnotationText xml:lang="fr">4500</common:AnnotationText>
                        </common:Annotation>
                    </common:Annotations>
                    <common:Name xml:lang="en">Asia unspecified</common:Name>
                    <common:Name xml:lang="fr">Asie non spécifié</common:Name>
                </structure:Code>
                <structure:Code id="S_O">
                    <common:Annotations>
                        <common:Annotation>
                            <common:AnnotationType>ORDER</common:AnnotationType>
                            <common:AnnotationText xml:lang="en">4510</common:AnnotationText>
                            <common:AnnotationText xml:lang="fr">4510</common:AnnotationText>
                        </common:Annotation>
                    </common:Annotations>
                    <common:Name xml:lang="en">Other Asia</common:Name>
                    <common:Name xml:lang="fr">Autre Asie</common:Name>
                </structure:Code>
                <structure:Code id="W_O">
                    <common:Annotations>
                        <common:Annotation>
                            <common:AnnotationType>ORDER</common:AnnotationType>
                            <common:AnnotationText xml:lang="en">4520</common:AnnotationText>
                            <common:AnnotationText xml:lang="fr">4520</common:AnnotationText>
                        </common:Annotation>
                    </common:Annotations>
                    <common:Name xml:lang="en">Other countries</common:Name>
                    <common:Name xml:lang="fr">Autres pays</common:Name>
                </structure:Code>
                <structure:Code id="W">
                    <common:Annotations>
                        <common:Annotation>
                            <common:AnnotationTitle>A+F+E+O+S+ATA+W_X+W_O</common:AnnotationTitle>
                            <common:AnnotationType>COMP_RULE</common:AnnotationType>
                        </common:Annotation>
                        <common:Annotation>
                            <common:AnnotationType>ORDER</common:AnnotationType>
                            <common:AnnotationText xml:lang="en">4530</common:AnnotationText>
                            <common:AnnotationText xml:lang="fr">4530</common:AnnotationText>
                        </common:Annotation>
                    </common:Annotations>
                    <common:Name xml:lang="en">World</common:Name>
                    <common:Name xml:lang="fr">Monde</common:Name>
                </structure:Code>
                <structure:Code id="WXEU15">
                    <common:Annotations>
                        <common:Annotation>
                            <common:AnnotationType>ORDER</common:AnnotationType>
                            <common:AnnotationText xml:lang="en">4540</common:AnnotationText>
                            <common:AnnotationText xml:lang="fr">4540</common:AnnotationText>
                        </common:Annotation>
                    </common:Annotations>
                    <common:Name xml:lang="en">World excluding EU15</common:Name>
                    <common:Name xml:lang="fr">Monde hors UE15</common:Name>
                </structure:Code>
                <structure:Code id="WXEU25">
                    <common:Annotations>
                        <common:Annotation>
                            <common:AnnotationType>ORDER</common:AnnotationType>
                            <common:AnnotationText xml:lang="en">4550</common:AnnotationText>
                            <common:AnnotationText xml:lang="fr">4550</common:AnnotationText>
                        </common:Annotation>
                    </common:Annotations>
                    <common:Name xml:lang="en">World excluding EU25</common:Name>
                    <common:Name xml:lang="fr">Monde hors UE25</common:Name>
                </structure:Code>
                <structure:Code id="WXEU27">
                    <common:Annotations>
                        <common:Annotation>
                            <common:AnnotationType>ORDER</common:AnnotationType>
                            <common:AnnotationText xml:lang="en">4560</common:AnnotationText>
                            <common:AnnotationText xml:lang="fr">4560</common:AnnotationText>
                        </common:Annotation>
                    </common:Annotations>
                    <common:Name xml:lang="en">World excluding EU27</common:Name>
                    <common:Name xml:lang="fr">Monde hors UE27</common:Name>
                </structure:Code>
                <structure:Code id="WXEU27_2020">
                    <common:Annotations>
                        <common:Annotation>
                            <common:AnnotationType>ORDER</common:AnnotationType>
                            <common:AnnotationText xml:lang="en">4570</common:AnnotationText>
                            <common:AnnotationText xml:lang="fr">4570</common:AnnotationText>
                        </common:Annotation>
                    </common:Annotations>
                    <common:Name xml:lang="en">World excluding EU27 (from 01/02/2020)</common:Name>
                    <common:Name xml:lang="fr">Monde hors UE27 (à partir du 01/02/2020)</common:Name>
                </structure:Code>
                <structure:Code id="WXEU19OECD">
                    <common:Annotations>
                        <common:Annotation>
                            <common:AnnotationType>ORDER</common:AnnotationType>
                            <common:AnnotationText xml:lang="en">4580</common:AnnotationText>
                            <common:AnnotationText xml:lang="fr">4580</common:AnnotationText>
                        </common:Annotation>
                    </common:Annotations>
                    <common:Name xml:lang="en">World excluding EU19 countries in OECD</common:Name>
                    <common:Name xml:lang="fr">Monde hors 19 membres de l'Union européenne et de l'OCDE</common:Name>
                </structure:Code>
                <structure:Code id="W_IO">
                    <common:Annotations>
                        <common:Annotation>
                            <common:AnnotationTitle>W+IO</common:AnnotationTitle>
                            <common:AnnotationType>COMP_RULE</common:AnnotationType>
                        </common:Annotation>
                        <common:Annotation>
                            <common:AnnotationType>ORDER</common:AnnotationType>
                            <common:AnnotationText xml:lang="en">4590</common:AnnotationText>
                            <common:AnnotationText xml:lang="fr">4590</common:AnnotationText>
                        </common:Annotation>
                    </common:Annotations>
                    <common:Name xml:lang="en">World and international organsations</common:Name>
                    <common:Name xml:lang="fr">Monde et organisations internationales</common:Name>
                </structure:Code>
                <structure:Code id="W_X">
                    <common:Annotations>
                        <common:Annotation>
                            <common:AnnotationType>ORDER</common:AnnotationType>
                            <common:AnnotationText xml:lang="en">4600</common:AnnotationText>
                            <common:AnnotationText xml:lang="fr">4600</common:AnnotationText>
                        </common:Annotation>
                    </common:Annotations>
                    <common:Name xml:lang="en">World unspecified</common:Name>
                    <common:Name xml:lang="fr">Monde non specifié</common:Name>
                </structure:Code>
                <structure:Code id="IO">
                    <common:Annotations>
                        <common:Annotation>
                            <common:AnnotationType>ORDER</common:AnnotationType>
                            <common:AnnotationText xml:lang="en">4610</common:AnnotationText>
                            <common:AnnotationText xml:lang="fr">4610</common:AnnotationText>
                        </common:Annotation>
                    </common:Annotations>
                    <common:Name xml:lang="en">International organisations</common:Name>
                    <common:Name xml:lang="fr">Organisations internationales</common:Name>
                </structure:Code>
                <structure:Code id="D">
                    <common:Annotations>
                        <common:Annotation>
                            <common:AnnotationType>ORDER</common:AnnotationType>
                            <common:AnnotationText xml:lang="en">4620</common:AnnotationText>
                            <common:AnnotationText xml:lang="fr">4620</common:AnnotationText>
                        </common:Annotation>
                    </common:Annotations>
                    <common:Name xml:lang="en">Domestic (home or reference area)</common:Name>
                    <common:Name xml:lang="fr">Domestique (domicile ou zone de référence)</common:Name>
                </structure:Code>
                <structure:Code id="WXD">
                    <common:Annotations>
                        <common:Annotation>
                            <common:AnnotationType>ORDER</common:AnnotationType>
                            <common:AnnotationText xml:lang="en">4630</common:AnnotationText>
                            <common:AnnotationText xml:lang="fr">4630</common:AnnotationText>
                        </common:Annotation>
                    </common:Annotations>
                    <common:Name xml:lang="en">Rest of the world</common:Name>
                    <common:Name xml:lang="fr">Reste du monde</common:Name>
                </structure:Code>
                <structure:Code id="_Z">
                    <common:Annotations>
                        <common:Annotation>
                            <common:AnnotationType>ORDER</common:AnnotationType>
                            <common:AnnotationText xml:lang="en">4640</common:AnnotationText>
                            <common:AnnotationText xml:lang="fr">4640</common:AnnotationText>
                        </common:Annotation>
                    </common:Annotations>
                    <common:Name xml:lang="en">Not applicable</common:Name>
                    <common:Name xml:lang="fr">N'est pas applicable</common:Name>
                </structure:Code>
            </structure:Codelist>
            <structure:Codelist id="CL_DEG_URB" agencyID="TEST" version="1.0" isFinal="false">
                <common:Name xml:lang="en">Code list for degrees of urbanisation</common:Name>
                <structure:Code id="_T">
                    <common:Name xml:lang="en">Total</common:Name>
                    <common:Name xml:lang="fr">Total</common:Name>
                </structure:Code>
                <structure:Code id="URB">
                    <common:Name xml:lang="en">Urban area</common:Name>
                    <common:Name xml:lang="fr">Zone urbaine</common:Name>
                </structure:Code>
                <structure:Code id="CITY">
                    <common:Name xml:lang="en">City</common:Name>
                    <common:Name xml:lang="fr">Ville</common:Name>
                    <structure:Parent>
                        <Ref id="URB"/>
                    </structure:Parent>
                </structure:Code>
                <structure:Code id="TSUB">
                    <common:Name xml:lang="en">Town and semi-dense area</common:Name>
                    <common:Name xml:lang="fr">Ville et zone semi-dense</common:Name>
                    <structure:Parent>
                        <Ref id="URB"/>
                    </structure:Parent>
                </structure:Code>
                <structure:Code id="DTOW">
                    <common:Name xml:lang="en">Dense town</common:Name>
                    <common:Name xml:lang="fr">Ville dense</common:Name>
                    <structure:Parent>
                        <Ref id="TSUB"/>
                    </structure:Parent>
                </structure:Code>
                <structure:Code id="STOW">
                    <common:Name xml:lang="en">Semi-dense town</common:Name>
                    <common:Name xml:lang="fr">Ville semi-dense</common:Name>
                    <structure:Parent>
                        <Ref id="TSUB"/>
                    </structure:Parent>
                </structure:Code>
                <structure:Code id="SUBU">
                    <common:Name xml:lang="en">Suburban or peri-urban area</common:Name>
                    <common:Name xml:lang="fr">Zone suburbaine ou périurbaine</common:Name>
                    <structure:Parent>
                        <Ref id="TSUB"/>
                    </structure:Parent>
                </structure:Code>
                <structure:Code id="RUR">
                    <common:Name xml:lang="en">Rural area</common:Name>
                    <common:Name xml:lang="fr">Zone rurale</common:Name>
                </structure:Code>
                <structure:Code id="VILL">
                    <common:Name xml:lang="en">Village</common:Name>
                    <common:Name xml:lang="fr">Village</common:Name>
                    <structure:Parent>
                        <Ref id="RUR"/>
                    </structure:Parent>
                </structure:Code>
                <structure:Code id="DISP">
                    <common:Name xml:lang="en">Dispersed rural area</common:Name>
                    <common:Name xml:lang="fr">Zone rurale dispersée</common:Name>
                    <structure:Parent>
                        <Ref id="RUR"/>
                    </structure:Parent>
                </structure:Code>
                <structure:Code id="UNIN">
                    <common:Name xml:lang="en">Mostly uninhabited area</common:Name>
                    <common:Name xml:lang="fr">Zone essentiellement inhabitée</common:Name>
                    <structure:Parent>
                        <Ref id="RUR"/>
                    </structure:Parent>
                </structure:Code>
                <structure:Code id="_O">
                    <common:Name xml:lang="en">Other</common:Name>
                    <common:Name xml:lang="fr">Autre</common:Name>
                </structure:Code>
                <structure:Code id="_U">
                    <common:Name xml:lang="en">No data/unknown</common:Name>
                    <common:Name xml:lang="fr">Aucune donnée / inconnu</common:Name>
                </structure:Code>
                <structure:Code id="_Z">
                    <common:Name xml:lang="en">Not applicable</common:Name>
                    <common:Name xml:lang="fr">N'est pas applicable</common:Name>
                </structure:Code>
            </structure:Codelist>
            <structure:Codelist id="CL_FUA" agencyID="TEST" version="1.0" isFinal="false">
                <common:Name xml:lang="en">Code list for functional urban areas</common:Name>
                <structure:Code id="AUS">
                    <common:Annotations>
                        <common:Annotation>
                            <common:AnnotationType>ORDER</common:AnnotationType>
                            <common:AnnotationText xml:lang="en">100</common:AnnotationText>
                            <common:AnnotationText xml:lang="fr">100</common:AnnotationText>
                        </common:Annotation>
                    </common:Annotations>
                    <common:Name xml:lang="en">Australia</common:Name>
                    <common:Name xml:lang="fr">Australie</common:Name>
                </structure:Code>
                <structure:Code id="AUS01">
                    <common:Annotations>
                        <common:Annotation>
                            <common:AnnotationType>ORDER</common:AnnotationType>
                            <common:AnnotationText xml:lang="en">10</common:AnnotationText>
                            <common:AnnotationText xml:lang="fr">10</common:AnnotationText>
                        </common:Annotation>
                    </common:Annotations>
                    <common:Name xml:lang="en">Greater Sydney</common:Name>
                    <common:Name xml:lang="fr">Greater Sydney</common:Name>
                    <structure:Parent>
                        <Ref id="AUS"/>
                    </structure:Parent>
                </structure:Code>
                <structure:Code id="AUS02">
                    <common:Annotations>
                        <common:Annotation>
                            <common:AnnotationType>ORDER</common:AnnotationType>
                            <common:AnnotationText xml:lang="en">20</common:AnnotationText>
                            <common:AnnotationText xml:lang="fr">20</common:AnnotationText>
                        </common:Annotation>
                    </common:Annotations>
                    <common:Name xml:lang="en">Greater Melbourne</common:Name>
                    <common:Name xml:lang="fr">Greater Melbourne</common:Name>
                    <structure:Parent>
                        <Ref id="AUS"/>
                    </structure:Parent>
                </structure:Code>
                <structure:Code id="AUS03">
                    <common:Annotations>
                        <common:Annotation>
                            <common:AnnotationType>ORDER</common:AnnotationType>
                            <common:AnnotationText xml:lang="en">30</common:AnnotationText>
                            <common:AnnotationText xml:lang="fr">30</common:AnnotationText>
                        </common:Annotation>
                    </common:Annotations>
                    <common:Name xml:lang="en">Greater Brisbane</common:Name>
                    <common:Name xml:lang="fr">Greater Brisbane</common:Name>
                    <structure:Parent>
                        <Ref id="AUS"/>
                    </structure:Parent>
                </structure:Code>
                <structure:Code id="AUS04">
                    <common:Annotations>
                        <common:Annotation>
                            <common:AnnotationType>ORDER</common:AnnotationType>
                            <common:AnnotationText xml:lang="en">40</common:AnnotationText>
                            <common:AnnotationText xml:lang="fr">40</common:AnnotationText>
                        </common:Annotation>
                    </common:Annotations>
                    <common:Name xml:lang="en">Greater Perth</common:Name>
                    <common:Name xml:lang="fr">Greater Perth</common:Name>
                    <structure:Parent>
                        <Ref id="AUS"/>
                    </structure:Parent>
                </structure:Code>
                <structure:Code id="AUS05">
                    <common:Annotations>
                        <common:Annotation>
                            <common:AnnotationType>ORDER</common:AnnotationType>
                            <common:AnnotationText xml:lang="en">50</common:AnnotationText>
                            <common:AnnotationText xml:lang="fr">50</common:AnnotationText>
                        </common:Annotation>
                    </common:Annotations>
                    <common:Name xml:lang="en">Greater Adelaide</common:Name>
                    <common:Name xml:lang="fr">Greater Adelaide</common:Name>
                    <structure:Parent>
                        <Ref id="AUS"/>
                    </structure:Parent>
                </structure:Code>
                <structure:Code id="AUS06">
                    <common:Annotations>
                        <common:Annotation>
                            <common:AnnotationType>ORDER</common:AnnotationType>
                            <common:AnnotationText xml:lang="en">60</common:AnnotationText>
                            <common:AnnotationText xml:lang="fr">60</common:AnnotationText>
                        </common:Annotation>
                    </common:Annotations>
                    <common:Name xml:lang="en">Gold Coast</common:Name>
                    <common:Name xml:lang="fr">Gold Coast</common:Name>
                    <structure:Parent>
                        <Ref id="AUS"/>
                    </structure:Parent>
                </structure:Code>
                <structure:Code id="AUS07">
                    <common:Annotations>
                        <common:Annotation>
                            <common:AnnotationType>ORDER</common:AnnotationType>
                            <common:AnnotationText xml:lang="en">70</common:AnnotationText>
                            <common:AnnotationText xml:lang="fr">70</common:AnnotationText>
                        </common:Annotation>
                    </common:Annotations>
                    <common:Name xml:lang="en">Canberra</common:Name>
                    <common:Name xml:lang="fr">Canberra</common:Name>
                    <structure:Parent>
                        <Ref id="AUS"/>
                    </structure:Parent>
                </structure:Code>
                <structure:Code id="AUS08">
                    <common:Annotations>
                        <common:Annotation>
                            <common:AnnotationType>ORDER</common:AnnotationType>
                            <common:AnnotationText xml:lang="en">80</common:AnnotationText>
                            <common:AnnotationText xml:lang="fr">80</common:AnnotationText>
                        </common:Annotation>
                    </common:Annotations>
                    <common:Name xml:lang="en">Newcastle</common:Name>
                    <common:Name xml:lang="fr">Newcastle</common:Name>
                    <structure:Parent>
                        <Ref id="AUS"/>
                    </structure:Parent>
                </structure:Code>
                <structure:Code id="AUS10">
                    <common:Annotations>
                        <common:Annotation>
                            <common:AnnotationType>ORDER</common:AnnotationType>
                            <common:AnnotationText xml:lang="en">90</common:AnnotationText>
                            <common:AnnotationText xml:lang="fr">90</common:AnnotationText>
                        </common:Annotation>
                    </common:Annotations>
                    <common:Name xml:lang="en">Wollongong</common:Name>
                    <common:Name xml:lang="fr">Wollongong</common:Name>
                    <structure:Parent>
                        <Ref id="AUS"/>
                    </structure:Parent>
                </structure:Code>
                <structure:Code id="AUS11">
                    <common:Annotations>
                        <common:Annotation>
                            <common:AnnotationType>ORDER</common:AnnotationType>
                            <common:AnnotationText xml:lang="en">100</common:AnnotationText>
                            <common:AnnotationText xml:lang="fr">100</common:AnnotationText>
                        </common:Annotation>
                    </common:Annotations>
                    <common:Name xml:lang="en">Sunshine Coast</common:Name>
                    <common:Name xml:lang="fr">Sunshine Coast</common:Name>
                    <structure:Parent>
                        <Ref id="AUS"/>
                    </structure:Parent>
                </structure:Code>
                <structure:Code id="AUS12">
                    <common:Annotations>
                        <common:Annotation>
                            <common:AnnotationType>ORDER</common:AnnotationType>
                            <common:AnnotationText xml:lang="en">110</common:AnnotationText>
                            <common:AnnotationText xml:lang="fr">110</common:AnnotationText>
                        </common:Annotation>
                    </common:Annotations>
                    <common:Name xml:lang="en">Greater Hobart</common:Name>
                    <common:Name xml:lang="fr">Greater Hobart</common:Name>
                    <structure:Parent>
                        <Ref id="AUS"/>
                    </structure:Parent>
                </structure:Code>
                <structure:Code id="AUS13">
                    <common:Annotations>
                        <common:Annotation>
                            <common:AnnotationType>ORDER</common:AnnotationType>
                            <common:AnnotationText xml:lang="en">120</common:AnnotationText>
                            <common:AnnotationText xml:lang="fr">120</common:AnnotationText>
                        </common:Annotation>
                    </common:Annotations>
                    <common:Name xml:lang="en">Townsville</common:Name>
                    <common:Name xml:lang="fr">Townsville</common:Name>
                    <structure:Parent>
                        <Ref id="AUS"/>
                    </structure:Parent>
                </structure:Code>
                <structure:Code id="AUS14">
                    <common:Annotations>
                        <common:Annotation>
                            <common:AnnotationType>ORDER</common:AnnotationType>
                            <common:AnnotationText xml:lang="en">130</common:AnnotationText>
                            <common:AnnotationText xml:lang="fr">130</common:AnnotationText>
                        </common:Annotation>
                    </common:Annotations>
                    <common:Name xml:lang="en">Geelong</common:Name>
                    <common:Name xml:lang="fr">Geelong</common:Name>
                    <structure:Parent>
                        <Ref id="AUS"/>
                    </structure:Parent>
                </structure:Code>
                <structure:Code id="AUS15">
                    <common:Annotations>
                        <common:Annotation>
                            <common:AnnotationType>ORDER</common:AnnotationType>
                            <common:AnnotationText xml:lang="en">140</common:AnnotationText>
                            <common:AnnotationText xml:lang="fr">140</common:AnnotationText>
                        </common:Annotation>
                    </common:Annotations>
                    <common:Name xml:lang="en">Cairns</common:Name>
                    <common:Name xml:lang="fr">Cairns</common:Name>
                    <structure:Parent>
                        <Ref id="AUS"/>
                    </structure:Parent>
                </structure:Code>
                <structure:Code id="AUS16">
                    <common:Annotations>
                        <common:Annotation>
                            <common:AnnotationType>ORDER</common:AnnotationType>
                            <common:AnnotationText xml:lang="en">150</common:AnnotationText>
                            <common:AnnotationText xml:lang="fr">150</common:AnnotationText>
                        </common:Annotation>
                    </common:Annotations>
                    <common:Name xml:lang="en">Greater Darwin</common:Name>
                    <common:Name xml:lang="fr">Greater Darwin</common:Name>
                    <structure:Parent>
                        <Ref id="AUS"/>
                    </structure:Parent>
                </structure:Code>
                <structure:Code id="AUS17">
                    <common:Annotations>
                        <common:Annotation>
                            <common:AnnotationType>ORDER</common:AnnotationType>
                            <common:AnnotationText xml:lang="en">160</common:AnnotationText>
                            <common:AnnotationText xml:lang="fr">160</common:AnnotationText>
                        </common:Annotation>
                    </common:Annotations>
                    <common:Name xml:lang="en">Toowoomba</common:Name>
                    <common:Name xml:lang="fr">Toowoomba</common:Name>
                    <structure:Parent>
                        <Ref id="AUS"/>
                    </structure:Parent>
                </structure:Code>
                <structure:Code id="AUS18">
                    <common:Annotations>
                        <common:Annotation>
                            <common:AnnotationType>ORDER</common:AnnotationType>
                            <common:AnnotationText xml:lang="en">170</common:AnnotationText>
                            <common:AnnotationText xml:lang="fr">170</common:AnnotationText>
                        </common:Annotation>
                    </common:Annotations>
                    <common:Name xml:lang="en">Ballarat</common:Name>
                    <common:Name xml:lang="fr">Ballarat</common:Name>
                    <structure:Parent>
                        <Ref id="AUS"/>
                    </structure:Parent>
                </structure:Code>
                <structure:Code id="AUS19">
                    <common:Annotations>
                        <common:Annotation>
                            <common:AnnotationType>ORDER</common:AnnotationType>
                            <common:AnnotationText xml:lang="en">180</common:AnnotationText>
                            <common:AnnotationText xml:lang="fr">180</common:AnnotationText>
                        </common:Annotation>
                    </common:Annotations>
                    <common:Name xml:lang="en">Bendigo</common:Name>
                    <common:Name xml:lang="fr">Bendigo</common:Name>
                    <structure:Parent>
                        <Ref id="AUS"/>
                    </structure:Parent>
                </structure:Code>
                <structure:Code id="AUT">
                    <common:Annotations>
                        <common:Annotation>
                            <common:AnnotationType>ORDER</common:AnnotationType>
                            <common:AnnotationText xml:lang="en">110</common:AnnotationText>
                            <common:AnnotationText xml:lang="fr">110</common:AnnotationText>
                        </common:Annotation>
                    </common:Annotations>
                    <common:Name xml:lang="en">Austria</common:Name>
                    <common:Name xml:lang="fr">Autriche</common:Name>
                </structure:Code>
                <structure:Code id="AT001">
                    <common:Annotations>
                        <common:Annotation>
                            <common:AnnotationType>ORDER</common:AnnotationType>
                            <common:AnnotationText xml:lang="en">10</common:AnnotationText>
                            <common:AnnotationText xml:lang="fr">10</common:AnnotationText>
                        </common:Annotation>
                    </common:Annotations>
                    <common:Name xml:lang="en">Vienna</common:Name>
                    <common:Name xml:lang="fr">Vienna</common:Name>
                    <structure:Parent>
                        <Ref id="AUT"/>
                    </structure:Parent>
                </structure:Code>
                <structure:Code id="AT002">
                    <common:Annotations>
                        <common:Annotation>
                            <common:AnnotationType>ORDER</common:AnnotationType>
                            <common:AnnotationText xml:lang="en">20</common:AnnotationText>
                            <common:AnnotationText xml:lang="fr">20</common:AnnotationText>
                        </common:Annotation>
                    </common:Annotations>
                    <common:Name xml:lang="en">Graz</common:Name>
                    <common:Name xml:lang="fr">Graz</common:Name>
                    <structure:Parent>
                        <Ref id="AUT"/>
                    </structure:Parent>
                </structure:Code>
                <structure:Code id="AT003">
                    <common:Annotations>
                        <common:Annotation>
                            <common:AnnotationType>ORDER</common:AnnotationType>
                            <common:AnnotationText xml:lang="en">30</common:AnnotationText>
                            <common:AnnotationText xml:lang="fr">30</common:AnnotationText>
                        </common:Annotation>
                    </common:Annotations>
                    <common:Name xml:lang="en">Linz</common:Name>
                    <common:Name xml:lang="fr">Linz</common:Name>
                    <structure:Parent>
                        <Ref id="AUT"/>
                    </structure:Parent>
                </structure:Code>
                <structure:Code id="AT004">
                    <common:Annotations>
                        <common:Annotation>
                            <common:AnnotationType>ORDER</common:AnnotationType>
                            <common:AnnotationText xml:lang="en">40</common:AnnotationText>
                            <common:AnnotationText xml:lang="fr">40</common:AnnotationText>
                        </common:Annotation>
                    </common:Annotations>
                    <common:Name xml:lang="en">Salzburg</common:Name>
                    <common:Name xml:lang="fr">Salzburg</common:Name>
                    <structure:Parent>
                        <Ref id="AUT"/>
                    </structure:Parent>
                </structure:Code>
                <structure:Code id="AT005">
                    <common:Annotations>
                        <common:Annotation>
                            <common:AnnotationType>ORDER</common:AnnotationType>
                            <common:AnnotationText xml:lang="en">50</common:AnnotationText>
                            <common:AnnotationText xml:lang="fr">50</common:AnnotationText>
                        </common:Annotation>
                    </common:Annotations>
                    <common:Name xml:lang="en">Innsbruck</common:Name>
                    <common:Name xml:lang="fr">Innsbruck</common:Name>
                    <structure:Parent>
                        <Ref id="AUT"/>
                    </structure:Parent>
                </structure:Code>
                <structure:Code id="AT006">
                    <common:Annotations>
                        <common:Annotation>
                            <common:AnnotationType>ORDER</common:AnnotationType>
                            <common:AnnotationText xml:lang="en">60</common:AnnotationText>
                            <common:AnnotationText xml:lang="fr">60</common:AnnotationText>
                        </common:Annotation>
                    </common:Annotations>
                    <common:Name xml:lang="en">Klagenfurt</common:Name>
                    <common:Name xml:lang="fr">Klagenfurt</common:Name>
                    <structure:Parent>
                        <Ref id="AUT"/>
                    </structure:Parent>
                </structure:Code>
                <structure:Code id="BEL">
                    <common:Annotations>
                        <common:Annotation>
                            <common:AnnotationType>ORDER</common:AnnotationType>
                            <common:AnnotationText xml:lang="en">120</common:AnnotationText>
                            <common:AnnotationText xml:lang="fr">120</common:AnnotationText>
                        </common:Annotation>
                    </common:Annotations>
                    <common:Name xml:lang="en">Belgium</common:Name>
                    <common:Name xml:lang="fr">Belgique</common:Name>
                </structure:Code>
                <structure:Code id="BE001">
                    <common:Annotations>
                        <common:Annotation>
                            <common:AnnotationType>ORDER</common:AnnotationType>
                            <common:AnnotationText xml:lang="en">10</common:AnnotationText>
                            <common:AnnotationText xml:lang="fr">10</common:AnnotationText>
                        </common:Annotation>
                    </common:Annotations>
                    <common:Name xml:lang="en">Brussels</common:Name>
                    <common:Name xml:lang="fr">Brussels</common:Name>
                    <structure:Parent>
                        <Ref id="BEL"/>
                    </structure:Parent>
                </structure:Code>
                <structure:Code id="BE002">
                    <common:Annotations>
                        <common:Annotation>
                            <common:AnnotationType>ORDER</common:AnnotationType>
                            <common:AnnotationText xml:lang="en">20</common:AnnotationText>
                            <common:AnnotationText xml:lang="fr">20</common:AnnotationText>
                        </common:Annotation>
                    </common:Annotations>
                    <common:Name xml:lang="en">Antwerp</common:Name>
                    <common:Name xml:lang="fr">Antwerp</common:Name>
                    <structure:Parent>
                        <Ref id="BEL"/>
                    </structure:Parent>
                </structure:Code>
                <structure:Code id="BE003">
                    <common:Annotations>
                        <common:Annotation>
                            <common:AnnotationType>ORDER</common:AnnotationType>
                            <common:AnnotationText xml:lang="en">30</common:AnnotationText>
                            <common:AnnotationText xml:lang="fr">30</common:AnnotationText>
                        </common:Annotation>
                    </common:Annotations>
                    <common:Name xml:lang="en">Gent</common:Name>
                    <common:Name xml:lang="fr">Gent</common:Name>
                    <structure:Parent>
                        <Ref id="BEL"/>
                    </structure:Parent>
                </structure:Code>
                <structure:Code id="BE004">
                    <common:Annotations>
                        <common:Annotation>
                            <common:AnnotationType>ORDER</common:AnnotationType>
                            <common:AnnotationText xml:lang="en">40</common:AnnotationText>
                            <common:AnnotationText xml:lang="fr">40</common:AnnotationText>
                        </common:Annotation>
                    </common:Annotations>
                    <common:Name xml:lang="en">Charleroi</common:Name>
                    <common:Name xml:lang="fr">Charleroi</common:Name>
                    <structure:Parent>
                        <Ref id="BEL"/>
                    </structure:Parent>
                </structure:Code>
                <structure:Code id="BE005">
                    <common:Annotations>
                        <common:Annotation>
                            <common:AnnotationType>ORDER</common:AnnotationType>
                            <common:AnnotationText xml:lang="en">50</common:AnnotationText>
                            <common:AnnotationText xml:lang="fr">50</common:AnnotationText>
                        </common:Annotation>
                    </common:Annotations>
                    <common:Name xml:lang="en">Liege</common:Name>
                    <common:Name xml:lang="fr">Liege</common:Name>
                    <structure:Parent>
                        <Ref id="BEL"/>
                    </structure:Parent>
                </structure:Code>
                <structure:Code id="BE006">
                    <common:Annotations>
                        <common:Annotation>
                            <common:AnnotationType>ORDER</common:AnnotationType>
                            <common:AnnotationText xml:lang="en">60</common:AnnotationText>
                            <common:AnnotationText xml:lang="fr">60</common:AnnotationText>
                        </common:Annotation>
                    </common:Annotations>
                    <common:Name xml:lang="en">Bruges</common:Name>
                    <common:Name xml:lang="fr">Bruges</common:Name>
                    <structure:Parent>
                        <Ref id="BEL"/>
                    </structure:Parent>
                </structure:Code>
                <structure:Code id="BE007">
                    <common:Annotations>
                        <common:Annotation>
                            <common:AnnotationType>ORDER</common:AnnotationType>
                            <common:AnnotationText xml:lang="en">70</common:AnnotationText>
                            <common:AnnotationText xml:lang="fr">70</common:AnnotationText>
                        </common:Annotation>
                    </common:Annotations>
                    <common:Name xml:lang="en">Namur</common:Name>
                    <common:Name xml:lang="fr">Namur</common:Name>
                    <structure:Parent>
                        <Ref id="BEL"/>
                    </structure:Parent>
                </structure:Code>
                <structure:Code id="BE008">
                    <common:Annotations>
                        <common:Annotation>
                            <common:AnnotationType>ORDER</common:AnnotationType>
                            <common:AnnotationText xml:lang="en">80</common:AnnotationText>
                            <common:AnnotationText xml:lang="fr">80</common:AnnotationText>
                        </common:Annotation>
                    </common:Annotations>
                    <common:Name xml:lang="en">Leuven</common:Name>
                    <common:Name xml:lang="fr">Leuven</common:Name>
                    <structure:Parent>
                        <Ref id="BEL"/>
                    </structure:Parent>
                </structure:Code>
                <structure:Code id="BE009">
                    <common:Annotations>
                        <common:Annotation>
                            <common:AnnotationType>ORDER</common:AnnotationType>
                            <common:AnnotationText xml:lang="en">90</common:AnnotationText>
                            <common:AnnotationText xml:lang="fr">90</common:AnnotationText>
                        </common:Annotation>
                    </common:Annotations>
                    <common:Name xml:lang="en">Mons</common:Name>
                    <common:Name xml:lang="fr">Mons</common:Name>
                    <structure:Parent>
                        <Ref id="BEL"/>
                    </structure:Parent>
                </structure:Code>
                <structure:Code id="BE010">
                    <common:Annotations>
                        <common:Annotation>
                            <common:AnnotationType>ORDER</common:AnnotationType>
                            <common:AnnotationText xml:lang="en">100</common:AnnotationText>
                            <common:AnnotationText xml:lang="fr">100</common:AnnotationText>
                        </common:Annotation>
                    </common:Annotations>
                    <common:Name xml:lang="en">Kortrijk</common:Name>
                    <common:Name xml:lang="fr">Kortrijk</common:Name>
                    <structure:Parent>
                        <Ref id="BEL"/>
                    </structure:Parent>
                </structure:Code>
                <structure:Code id="BE011">
                    <common:Annotations>
                        <common:Annotation>
                            <common:AnnotationType>ORDER</common:AnnotationType>
                            <common:AnnotationText xml:lang="en">110</common:AnnotationText>
                            <common:AnnotationText xml:lang="fr">110</common:AnnotationText>
                        </common:Annotation>
                    </common:Annotations>
                    <common:Name xml:lang="en">Ostend</common:Name>
                    <common:Name xml:lang="fr">Ostend</common:Name>
                    <structure:Parent>
                        <Ref id="BEL"/>
                    </structure:Parent>
                </structure:Code>
                <structure:Code id="BE012">
                    <common:Annotations>
                        <common:Annotation>
                            <common:AnnotationType>ORDER</common:AnnotationType>
                            <common:AnnotationText xml:lang="en">120</common:AnnotationText>
                            <common:AnnotationText xml:lang="fr">120</common:AnnotationText>
                        </common:Annotation>
                    </common:Annotations>
                    <common:Name xml:lang="en">Mechelen</common:Name>
                    <common:Name xml:lang="fr">Mechelen</common:Name>
                    <structure:Parent>
                        <Ref id="BEL"/>
                    </structure:Parent>
                </structure:Code>
                <structure:Code id="BE013">
                    <common:Annotations>
                        <common:Annotation>
                            <common:AnnotationType>ORDER</common:AnnotationType>
                            <common:AnnotationText xml:lang="en">130</common:AnnotationText>
                            <common:AnnotationText xml:lang="fr">130</common:AnnotationText>
                        </common:Annotation>
                    </common:Annotations>
                    <common:Name xml:lang="en">Mouscron</common:Name>
                    <common:Name xml:lang="fr">Mouscron</common:Name>
                    <structure:Parent>
                        <Ref id="BEL"/>
                    </structure:Parent>
                </structure:Code>
                <structure:Code id="BE015">
                    <common:Annotations>
                        <common:Annotation>
                            <common:AnnotationType>ORDER</common:AnnotationType>
                            <common:AnnotationText xml:lang="en">140</common:AnnotationText>
                            <common:AnnotationText xml:lang="fr">140</common:AnnotationText>
                        </common:Annotation>
                    </common:Annotations>
                    <common:Name xml:lang="en">Verviers (greater city)</common:Name>
                    <common:Name xml:lang="fr">Verviers (greater city)</common:Name>
                    <structure:Parent>
                        <Ref id="BEL"/>
                    </structure:Parent>
                </structure:Code>
                <structure:Code id="CAN">
                    <common:Annotations>
                        <common:Annotation>
                            <common:AnnotationType>ORDER</common:AnnotationType>
                            <common:AnnotationText xml:lang="en">130</common:AnnotationText>
                            <common:AnnotationText xml:lang="fr">130</common:AnnotationText>
                        </common:Annotation>
                    </common:Annotations>
                    <common:Name xml:lang="en">Canada</common:Name>
                    <common:Name xml:lang="fr">Canada</common:Name>
                </structure:Code>
                <structure:Code id="CAN01">
                    <common:Annotations>
                        <common:Annotation>
                            <common:AnnotationType>ORDER</common:AnnotationType>
                            <common:AnnotationText xml:lang="en">10</common:AnnotationText>
                            <common:AnnotationText xml:lang="fr">10</common:AnnotationText>
                        </common:Annotation>
                    </common:Annotations>
                    <common:Name xml:lang="en">Toronto</common:Name>
                    <common:Name xml:lang="fr">Toronto</common:Name>
                    <structure:Parent>
                        <Ref id="CAN"/>
                    </structure:Parent>
                </structure:Code>
                <structure:Code id="CAN02">
                    <common:Annotations>
                        <common:Annotation>
                            <common:AnnotationType>ORDER</common:AnnotationType>
                            <common:AnnotationText xml:lang="en">20</common:AnnotationText>
                            <common:AnnotationText xml:lang="fr">20</common:AnnotationText>
                        </common:Annotation>
                    </common:Annotations>
                    <common:Name xml:lang="en">Montreal</common:Name>
                    <common:Name xml:lang="fr">Montreal</common:Name>
                    <structure:Parent>
                        <Ref id="CAN"/>
                    </structure:Parent>
                </structure:Code>
                <structure:Code id="CAN03">
                    <common:Annotations>
                        <common:Annotation>
                            <common:AnnotationType>ORDER</common:AnnotationType>
                            <common:AnnotationText xml:lang="en">30</common:AnnotationText>
                            <common:AnnotationText xml:lang="fr">30</common:AnnotationText>
                        </common:Annotation>
                    </common:Annotations>
                    <common:Name xml:lang="en">Vancouver</common:Name>
                    <common:Name xml:lang="fr">Vancouver</common:Name>
                    <structure:Parent>
                        <Ref id="CAN"/>
                    </structure:Parent>
                </structure:Code>
                <structure:Code id="CAN04">
                    <common:Annotations>
                        <common:Annotation>
                            <common:AnnotationType>ORDER</common:AnnotationType>
                            <common:AnnotationText xml:lang="en">40</common:AnnotationText>
                            <common:AnnotationText xml:lang="fr">40</common:AnnotationText>
                        </common:Annotation>
                    </common:Annotations>
                    <common:Name xml:lang="en">Ottawa</common:Name>
                    <common:Name xml:lang="fr">Ottawa</common:Name>
                    <structure:Parent>
                        <Ref id="CAN"/>
                    </structure:Parent>
                </structure:Code>
                <structure:Code id="CAN05">
                    <common:Annotations>
                        <common:Annotation>
                            <common:AnnotationType>ORDER</common:AnnotationType>
                            <common:AnnotationText xml:lang="en">50</common:AnnotationText>
                            <common:AnnotationText xml:lang="fr">50</common:AnnotationText>
                        </common:Annotation>
                    </common:Annotations>
                    <common:Name xml:lang="en">Calgary</common:Name>
                    <common:Name xml:lang="fr">Calgary</common:Name>
                    <structure:Parent>
                        <Ref id="CAN"/>
                    </structure:Parent>
                </structure:Code>
                <structure:Code id="CAN06">
                    <common:Annotations>
                        <common:Annotation>
                            <common:AnnotationType>ORDER</common:AnnotationType>
                            <common:AnnotationText xml:lang="en">60</common:AnnotationText>
                            <common:AnnotationText xml:lang="fr">60</common:AnnotationText>
                        </common:Annotation>
                    </common:Annotations>
                    <common:Name xml:lang="en">Edmonton</common:Name>
                    <common:Name xml:lang="fr">Edmonton</common:Name>
                    <structure:Parent>
                        <Ref id="CAN"/>
                    </structure:Parent>
                </structure:Code>
                <structure:Code id="CAN07">
                    <common:Annotations>
                        <common:Annotation>
                            <common:AnnotationType>ORDER</common:AnnotationType>
                            <common:AnnotationText xml:lang="en">70</common:AnnotationText>
                            <common:AnnotationText xml:lang="fr">70</common:AnnotationText>
                        </common:Annotation>
                    </common:Annotations>
                    <common:Name xml:lang="en">Quebec</common:Name>
                    <common:Name xml:lang="fr">Quebec</common:Name>
                    <structure:Parent>
                        <Ref id="CAN"/>
                    </structure:Parent>
                </structure:Code>
                <structure:Code id="CAN08">
                    <common:Annotations>
                        <common:Annotation>
                            <common:AnnotationType>ORDER</common:AnnotationType>
                            <common:AnnotationText xml:lang="en">80</common:AnnotationText>
                            <common:AnnotationText xml:lang="fr">80</common:AnnotationText>
                        </common:Annotation>
                    </common:Annotations>
                    <common:Name xml:lang="en">Winnipeg</common:Name>
                    <common:Name xml:lang="fr">Winnipeg</common:Name>
                    <structure:Parent>
                        <Ref id="CAN"/>
                    </structure:Parent>
                </structure:Code>
                <structure:Code id="CAN09">
                    <common:Annotations>
                        <common:Annotation>
                            <common:AnnotationType>ORDER</common:AnnotationType>
                            <common:AnnotationText xml:lang="en">90</common:AnnotationText>
                            <common:AnnotationText xml:lang="fr">90</common:AnnotationText>
                        </common:Annotation>
                    </common:Annotations>
                    <common:Name xml:lang="en">Hamilton</common:Name>
                    <common:Name xml:lang="fr">Hamilton</common:Name>
                    <structure:Parent>
                        <Ref id="CAN"/>
                    </structure:Parent>
                </structure:Code>
                <structure:Code id="CAN10">
                    <common:Annotations>
                        <common:Annotation>
                            <common:AnnotationType>ORDER</common:AnnotationType>
                            <common:AnnotationText xml:lang="en">100</common:AnnotationText>
                            <common:AnnotationText xml:lang="fr">100</common:AnnotationText>
                        </common:Annotation>
                    </common:Annotations>
                    <common:Name xml:lang="en">London</common:Name>
                    <common:Name xml:lang="fr">London</common:Name>
                    <structure:Parent>
                        <Ref id="CAN"/>
                    </structure:Parent>
                </structure:Code>
                <structure:Code id="CAN11">
                    <common:Annotations>
                        <common:Annotation>
                            <common:AnnotationType>ORDER</common:AnnotationType>
                            <common:AnnotationText xml:lang="en">110</common:AnnotationText>
                            <common:AnnotationText xml:lang="fr">110</common:AnnotationText>
                        </common:Annotation>
                    </common:Annotations>
                    <common:Name xml:lang="en">Kitchener</common:Name>
                    <common:Name xml:lang="fr">Kitchener</common:Name>
                    <structure:Parent>
                        <Ref id="CAN"/>
                    </structure:Parent>
                </structure:Code>
                <structure:Code id="CAN12">
                    <common:Annotations>
                        <common:Annotation>
                            <common:AnnotationType>ORDER</common:AnnotationType>
                            <common:AnnotationText xml:lang="en">120</common:AnnotationText>
                            <common:AnnotationText xml:lang="fr">120</common:AnnotationText>
                        </common:Annotation>
                    </common:Annotations>
                    <common:Name xml:lang="en">Halifax</common:Name>
                    <common:Name xml:lang="fr">Halifax</common:Name>
                    <structure:Parent>
                        <Ref id="CAN"/>
                    </structure:Parent>
                </structure:Code>
                <structure:Code id="CAN13">
                    <common:Annotations>
                        <common:Annotation>
                            <common:AnnotationType>ORDER</common:AnnotationType>
                            <common:AnnotationText xml:lang="en">130</common:AnnotationText>
                            <common:AnnotationText xml:lang="fr">130</common:AnnotationText>
                        </common:Annotation>
                    </common:Annotations>
                    <common:Name xml:lang="en">Victoria</common:Name>
                    <common:Name xml:lang="fr">Victoria</common:Name>
                    <structure:Parent>
                        <Ref id="CAN"/>
                    </structure:Parent>
                </structure:Code>
                <structure:Code id="CAN14">
                    <common:Annotations>
                        <common:Annotation>
                            <common:AnnotationType>ORDER</common:AnnotationType>
                            <common:AnnotationText xml:lang="en">140</common:AnnotationText>
                            <common:AnnotationText xml:lang="fr">140</common:AnnotationText>
                        </common:Annotation>
                    </common:Annotations>
                    <common:Name xml:lang="en">Windsor</common:Name>
                    <common:Name xml:lang="fr">Windsor</common:Name>
                    <structure:Parent>
                        <Ref id="CAN"/>
                    </structure:Parent>
                </structure:Code>
                <structure:Code id="CAN15">
                    <common:Annotations>
                        <common:Annotation>
                            <common:AnnotationType>ORDER</common:AnnotationType>
                            <common:AnnotationText xml:lang="en">150</common:AnnotationText>
                            <common:AnnotationText xml:lang="fr">150</common:AnnotationText>
                        </common:Annotation>
                    </common:Annotations>
                    <common:Name xml:lang="en">Saskatoon</common:Name>
                    <common:Name xml:lang="fr">Saskatoon</common:Name>
                    <structure:Parent>
                        <Ref id="CAN"/>
                    </structure:Parent>
                </structure:Code>
                <structure:Code id="CAN16">
                    <common:Annotations>
                        <common:Annotation>
                            <common:AnnotationType>ORDER</common:AnnotationType>
                            <common:AnnotationText xml:lang="en">160</common:AnnotationText>
                            <common:AnnotationText xml:lang="fr">160</common:AnnotationText>
                        </common:Annotation>
                    </common:Annotations>
                    <common:Name xml:lang="en">Sherbrooke</common:Name>
                    <common:Name xml:lang="fr">Sherbrooke</common:Name>
                    <structure:Parent>
                        <Ref id="CAN"/>
                    </structure:Parent>
                </structure:Code>
                <structure:Code id="CAN17">
                    <common:Annotations>
                        <common:Annotation>
                            <common:AnnotationType>ORDER</common:AnnotationType>
                            <common:AnnotationText xml:lang="en">170</common:AnnotationText>
                            <common:AnnotationText xml:lang="fr">170</common:AnnotationText>
                        </common:Annotation>
                    </common:Annotations>
                    <common:Name xml:lang="en">St Catharines</common:Name>
                    <common:Name xml:lang="fr">St Catharines</common:Name>
                    <structure:Parent>
                        <Ref id="CAN"/>
                    </structure:Parent>
                </structure:Code>
                <structure:Code id="CAN18">
                    <common:Annotations>
                        <common:Annotation>
                            <common:AnnotationType>ORDER</common:AnnotationType>
                            <common:AnnotationText xml:lang="en">180</common:AnnotationText>
                            <common:AnnotationText xml:lang="fr">180</common:AnnotationText>
                        </common:Annotation>
                    </common:Annotations>
                    <common:Name xml:lang="en">Trois Rivieres</common:Name>
                    <common:Name xml:lang="fr">Trois Rivieres</common:Name>
                    <structure:Parent>
                        <Ref id="CAN"/>
                    </structure:Parent>
                </structure:Code>
                <structure:Code id="CAN19">
                    <common:Annotations>
                        <common:Annotation>
                            <common:AnnotationType>ORDER</common:AnnotationType>
                            <common:AnnotationText xml:lang="en">190</common:AnnotationText>
                            <common:AnnotationText xml:lang="fr">190</common:AnnotationText>
                        </common:Annotation>
                    </common:Annotations>
                    <common:Name xml:lang="en">St Johns</common:Name>
                    <common:Name xml:lang="fr">St Johns</common:Name>
                    <structure:Parent>
                        <Ref id="CAN"/>
                    </structure:Parent>
                </structure:Code>
                <structure:Code id="CAN20">
                    <common:Annotations>
                        <common:Annotation>
                            <common:AnnotationType>ORDER</common:AnnotationType>
                            <common:AnnotationText xml:lang="en">200</common:AnnotationText>
                            <common:AnnotationText xml:lang="fr">200</common:AnnotationText>
                        </common:Annotation>
                    </common:Annotations>
                    <common:Name xml:lang="en">Regina</common:Name>
                    <common:Name xml:lang="fr">Regina</common:Name>
                    <structure:Parent>
                        <Ref id="CAN"/>
                    </structure:Parent>
                </structure:Code>
                <structure:Code id="CAN21">
                    <common:Annotations>
                        <common:Annotation>
                            <common:AnnotationType>ORDER</common:AnnotationType>
                            <common:AnnotationText xml:lang="en">210</common:AnnotationText>
                            <common:AnnotationText xml:lang="fr">210</common:AnnotationText>
                        </common:Annotation>
                    </common:Annotations>
                    <common:Name xml:lang="en">Abbotsford</common:Name>
                    <common:Name xml:lang="fr">Abbotsford</common:Name>
                    <structure:Parent>
                        <Ref id="CAN"/>
                    </structure:Parent>
                </structure:Code>
                <structure:Code id="CAN22">
                    <common:Annotations>
                        <common:Annotation>
                            <common:AnnotationType>ORDER</common:AnnotationType>
                            <common:AnnotationText xml:lang="en">220</common:AnnotationText>
                            <common:AnnotationText xml:lang="fr">220</common:AnnotationText>
                        </common:Annotation>
                    </common:Annotations>
                    <common:Name xml:lang="en">Guelph</common:Name>
                    <common:Name xml:lang="fr">Guelph</common:Name>
                    <structure:Parent>
                        <Ref id="CAN"/>
                    </structure:Parent>
                </structure:Code>
                <structure:Code id="CAN23">
                    <common:Annotations>
                        <common:Annotation>
                            <common:AnnotationType>ORDER</common:AnnotationType>
                            <common:AnnotationText xml:lang="en">230</common:AnnotationText>
                            <common:AnnotationText xml:lang="fr">230</common:AnnotationText>
                        </common:Annotation>
                    </common:Annotations>
                    <common:Name xml:lang="en">Red Deer</common:Name>
                    <common:Name xml:lang="fr">Red Deer</common:Name>
                    <structure:Parent>
                        <Ref id="CAN"/>
                    </structure:Parent>
                </structure:Code>
                <structure:Code id="CAN24">
                    <common:Annotations>
                        <common:Annotation>
                            <common:AnnotationType>ORDER</common:AnnotationType>
                            <common:AnnotationText xml:lang="en">240</common:AnnotationText>
                            <common:AnnotationText xml:lang="fr">240</common:AnnotationText>
                        </common:Annotation>
                    </common:Annotations>
                    <common:Name xml:lang="en">Brantford</common:Name>
                    <common:Name xml:lang="fr">Brantford</common:Name>
                    <structure:Parent>
                        <Ref id="CAN"/>
                    </structure:Parent>
                </structure:Code>
                <structure:Code id="CAN25">
                    <common:Annotations>
                        <common:Annotation>
                            <common:AnnotationType>ORDER</common:AnnotationType>
                            <common:AnnotationText xml:lang="en">250</common:AnnotationText>
                            <common:AnnotationText xml:lang="fr">250</common:AnnotationText>
                        </common:Annotation>
                    </common:Annotations>
                    <common:Name xml:lang="en">Peterborough</common:Name>
                    <common:Name xml:lang="fr">Peterborough</common:Name>
                    <structure:Parent>
                        <Ref id="CAN"/>
                    </structure:Parent>
                </structure:Code>
                <structure:Code id="CAN26">
                    <common:Annotations>
                        <common:Annotation>
                            <common:AnnotationType>ORDER</common:AnnotationType>
                            <common:AnnotationText xml:lang="en">260</common:AnnotationText>
                            <common:AnnotationText xml:lang="fr">260</common:AnnotationText>
                        </common:Annotation>
                    </common:Annotations>
                    <common:Name xml:lang="en">Niagara Falls</common:Name>
                    <common:Name xml:lang="fr">Niagara Falls</common:Name>
                    <structure:Parent>
                        <Ref id="CAN"/>
                    </structure:Parent>
                </structure:Code>
                <structure:Code id="CHL">
                    <common:Annotations>
                        <common:Annotation>
                            <common:AnnotationType>ORDER</common:AnnotationType>
                            <common:AnnotationText xml:lang="en">140</common:AnnotationText>
                            <common:AnnotationText xml:lang="fr">140</common:AnnotationText>
                        </common:Annotation>
                    </common:Annotations>
                    <common:Name xml:lang="en">Chile</common:Name>
                    <common:Name xml:lang="fr">Chili</common:Name>
                </structure:Code>
                <structure:Code id="CL001">
                    <common:Annotations>
                        <common:Annotation>
                            <common:AnnotationType>ORDER</common:AnnotationType>
                            <common:AnnotationText xml:lang="en">10</common:AnnotationText>
                            <common:AnnotationText xml:lang="fr">10</common:AnnotationText>
                        </common:Annotation>
                    </common:Annotations>
                    <common:Name xml:lang="en">Arica</common:Name>
                    <common:Name xml:lang="fr">Arica</common:Name>
                    <structure:Parent>
                        <Ref id="CHL"/>
                    </structure:Parent>
                </structure:Code>
                <structure:Code id="CL002">
                    <common:Annotations>
                        <common:Annotation>
                            <common:AnnotationType>ORDER</common:AnnotationType>
                            <common:AnnotationText xml:lang="en">20</common:AnnotationText>
                            <common:AnnotationText xml:lang="fr">20</common:AnnotationText>
                        </common:Annotation>
                    </common:Annotations>
                    <common:Name xml:lang="en">Iquique</common:Name>
                    <common:Name xml:lang="fr">Iquique</common:Name>
                    <structure:Parent>
                        <Ref id="CHL"/>
                    </structure:Parent>
                </structure:Code>
                <structure:Code id="CL003">
                    <common:Annotations>
                        <common:Annotation>
                            <common:AnnotationType>ORDER</common:AnnotationType>
                            <common:AnnotationText xml:lang="en">30</common:AnnotationText>
                            <common:AnnotationText xml:lang="fr">30</common:AnnotationText>
                        </common:Annotation>
                    </common:Annotations>
                    <common:Name xml:lang="en">Calama</common:Name>
                    <common:Name xml:lang="fr">Calama</common:Name>
                    <structure:Parent>
                        <Ref id="CHL"/>
                    </structure:Parent>
                </structure:Code>
                <structure:Code id="CL004">
                    <common:Annotations>
                        <common:Annotation>
                            <common:AnnotationType>ORDER</common:AnnotationType>
                            <common:AnnotationText xml:lang="en">40</common:AnnotationText>
                            <common:AnnotationText xml:lang="fr">40</common:AnnotationText>
                        </common:Annotation>
                    </common:Annotations>
                    <common:Name xml:lang="en">Antofagasta</common:Name>
                    <common:Name xml:lang="fr">Antofagasta</common:Name>
                    <structure:Parent>
                        <Ref id="CHL"/>
                    </structure:Parent>
                </structure:Code>
                <structure:Code id="CL005">
                    <common:Annotations>
                        <common:Annotation>
                            <common:AnnotationType>ORDER</common:AnnotationType>
                            <common:AnnotationText xml:lang="en">50</common:AnnotationText>
                            <common:AnnotationText xml:lang="fr">50</common:AnnotationText>
                        </common:Annotation>
                    </common:Annotations>
                    <common:Name xml:lang="en">Copiapo</common:Name>
                    <common:Name xml:lang="fr">Copiapo</common:Name>
                    <structure:Parent>
                        <Ref id="CHL"/>
                    </structure:Parent>
                </structure:Code>
                <structure:Code id="CL006">
                    <common:Annotations>
                        <common:Annotation>
                            <common:AnnotationType>ORDER</common:AnnotationType>
                            <common:AnnotationText xml:lang="en">60</common:AnnotationText>
                            <common:AnnotationText xml:lang="fr">60</common:AnnotationText>
                        </common:Annotation>
                    </common:Annotations>
                    <common:Name xml:lang="en">Coquimbo-La Serena</common:Name>
                    <common:Name xml:lang="fr">Coquimbo-La Serena</common:Name>
                    <structure:Parent>
                        <Ref id="CHL"/>
                    </structure:Parent>
                </structure:Code>
                <structure:Code id="CL007">
                    <common:Annotations>
                        <common:Annotation>
                            <common:AnnotationType>ORDER</common:AnnotationType>
                            <common:AnnotationText xml:lang="en">70</common:AnnotationText>
                            <common:AnnotationText xml:lang="fr">70</common:AnnotationText>
                        </common:Annotation>
                    </common:Annotations>
                    <common:Name xml:lang="en">Ovalle</common:Name>
                    <common:Name xml:lang="fr">Ovalle</common:Name>
                    <structure:Parent>
                        <Ref id="CHL"/>
                    </structure:Parent>
                </structure:Code>
                <structure:Code id="CL008">
                    <common:Annotations>
                        <common:Annotation>
                            <common:AnnotationType>ORDER</common:AnnotationType>
                            <common:AnnotationText xml:lang="en">80</common:AnnotationText>
                            <common:AnnotationText xml:lang="fr">80</common:AnnotationText>
                        </common:Annotation>
                    </common:Annotations>
                    <common:Name xml:lang="en">Calera</common:Name>
                    <common:Name xml:lang="fr">Calera</common:Name>
                    <structure:Parent>
                        <Ref id="CHL"/>
                    </structure:Parent>
                </structure:Code>
                <structure:Code id="CL009">
                    <common:Annotations>
                        <common:Annotation>
                            <common:AnnotationType>ORDER</common:AnnotationType>
                            <common:AnnotationText xml:lang="en">90</common:AnnotationText>
                            <common:AnnotationText xml:lang="fr">90</common:AnnotationText>
                        </common:Annotation>
                    </common:Annotations>
                    <common:Name xml:lang="en">Quillota</common:Name>
                    <common:Name xml:lang="fr">Quillota</common:Name>
                    <structure:Parent>
                        <Ref id="CHL"/>
                    </structure:Parent>
                </structure:Code>
                <structure:Code id="CL010">
                    <common:Annotations>
                        <common:Annotation>
                            <common:AnnotationType>ORDER</common:AnnotationType>
                            <common:AnnotationText xml:lang="en">100</common:AnnotationText>
                            <common:AnnotationText xml:lang="fr">100</common:AnnotationText>
                        </common:Annotation>
                    </common:Annotations>
                    <common:Name xml:lang="en">Valparaiso</common:Name>
                    <common:Name xml:lang="fr">Valparaiso</common:Name>
                    <structure:Parent>
                        <Ref id="CHL"/>
                    </structure:Parent>
                </structure:Code>
                <structure:Code id="CL011">
                    <common:Annotations>
                        <common:Annotation>
                            <common:AnnotationType>ORDER</common:AnnotationType>
                            <common:AnnotationText xml:lang="en">110</common:AnnotationText>
                            <common:AnnotationText xml:lang="fr">110</common:AnnotationText>
                        </common:Annotation>
                    </common:Annotations>
                    <common:Name xml:lang="en">Santiago</common:Name>
                    <common:Name xml:lang="fr">Santiago</common:Name>
                    <structure:Parent>
                        <Ref id="CHL"/>
                    </structure:Parent>
                </structure:Code>
                <structure:Code id="CL012">
                    <common:Annotations>
                        <common:Annotation>
                            <common:AnnotationType>ORDER</common:AnnotationType>
                            <common:AnnotationText xml:lang="en">120</common:AnnotationText>
                            <common:AnnotationText xml:lang="fr">120</common:AnnotationText>
                        </common:Annotation>
                    </common:Annotations>
                    <common:Name xml:lang="en">San Antonio</common:Name>
                    <common:Name xml:lang="fr">San Antonio</common:Name>
                    <structure:Parent>
                        <Ref id="CHL"/>
                    </structure:Parent>
                </structure:Code>
                <structure:Code id="CL013">
                    <common:Annotations>
                        <common:Annotation>
                            <common:AnnotationType>ORDER</common:AnnotationType>
                            <common:AnnotationText xml:lang="en">130</common:AnnotationText>
                            <common:AnnotationText xml:lang="fr">130</common:AnnotationText>
                        </common:Annotation>
                    </common:Annotations>
                    <common:Name xml:lang="en">Melipilla</common:Name>
                    <common:Name xml:lang="fr">Melipilla</common:Name>
                    <structure:Parent>
                        <Ref id="CHL"/>
                    </structure:Parent>
                </structure:Code>
                <structure:Code id="CL014">
                    <common:Annotations>
                        <common:Annotation>
                            <common:AnnotationType>ORDER</common:AnnotationType>
                            <common:AnnotationText xml:lang="en">140</common:AnnotationText>
                            <common:AnnotationText xml:lang="fr">140</common:AnnotationText>
                        </common:Annotation>
                    </common:Annotations>
                    <common:Name xml:lang="en">Rancagua</common:Name>
                    <common:Name xml:lang="fr">Rancagua</common:Name>
                    <structure:Parent>
                        <Ref id="CHL"/>
                    </structure:Parent>
                </structure:Code>
                <structure:Code id="CL015">
                    <common:Annotations>
                        <common:Annotation>
                            <common:AnnotationType>ORDER</common:AnnotationType>
                            <common:AnnotationText xml:lang="en">150</common:AnnotationText>
                            <common:AnnotationText xml:lang="fr">150</common:AnnotationText>
                        </common:Annotation>
                    </common:Annotations>
                    <common:Name xml:lang="en">San Fernando</common:Name>
                    <common:Name xml:lang="fr">San Fernando</common:Name>
                    <structure:Parent>
                        <Ref id="CHL"/>
                    </structure:Parent>
                </structure:Code>
                <structure:Code id="CL016">
                    <common:Annotations>
                        <common:Annotation>
                            <common:AnnotationType>ORDER</common:AnnotationType>
                            <common:AnnotationText xml:lang="en">160</common:AnnotationText>
                            <common:AnnotationText xml:lang="fr">160</common:AnnotationText>
                        </common:Annotation>
                    </common:Annotations>
                    <common:Name xml:lang="en">Curico</common:Name>
                    <common:Name xml:lang="fr">Curico</common:Name>
                    <structure:Parent>
                        <Ref id="CHL"/>
                    </structure:Parent>
                </structure:Code>
                <structure:Code id="CL017">
                    <common:Annotations>
                        <common:Annotation>
                            <common:AnnotationType>ORDER</common:AnnotationType>
                            <common:AnnotationText xml:lang="en">170</common:AnnotationText>
                            <common:AnnotationText xml:lang="fr">170</common:AnnotationText>
                        </common:Annotation>
                    </common:Annotations>
                    <common:Name xml:lang="en">Talca</common:Name>
                    <common:Name xml:lang="fr">Talca</common:Name>
                    <structure:Parent>
                        <Ref id="CHL"/>
                    </structure:Parent>
                </structure:Code>
                <structure:Code id="CL018">
                    <common:Annotations>
                        <common:Annotation>
                            <common:AnnotationType>ORDER</common:AnnotationType>
                            <common:AnnotationText xml:lang="en">180</common:AnnotationText>
                            <common:AnnotationText xml:lang="fr">180</common:AnnotationText>
                        </common:Annotation>
                    </common:Annotations>
                    <common:Name xml:lang="en">Linares</common:Name>
                    <common:Name xml:lang="fr">Linares</common:Name>
                    <structure:Parent>
                        <Ref id="CHL"/>
                    </structure:Parent>
                </structure:Code>
                <structure:Code id="CL019">
                    <common:Annotations>
                        <common:Annotation>
                            <common:AnnotationType>ORDER</common:AnnotationType>
                            <common:AnnotationText xml:lang="en">190</common:AnnotationText>
                            <common:AnnotationText xml:lang="fr">190</common:AnnotationText>
                        </common:Annotation>
                    </common:Annotations>
                    <common:Name xml:lang="en">Chillan</common:Name>
                    <common:Name xml:lang="fr">Chillan</common:Name>
                    <structure:Parent>
                        <Ref id="CHL"/>
                    </structure:Parent>
                </structure:Code>
                <structure:Code id="CL020">
                    <common:Annotations>
                        <common:Annotation>
                            <common:AnnotationType>ORDER</common:AnnotationType>
                            <common:AnnotationText xml:lang="en">200</common:AnnotationText>
                            <common:AnnotationText xml:lang="fr">200</common:AnnotationText>
                        </common:Annotation>
                    </common:Annotations>
                    <common:Name xml:lang="en">Concepcion</common:Name>
                    <common:Name xml:lang="fr">Concepcion</common:Name>
                    <structure:Parent>
                        <Ref id="CHL"/>
                    </structure:Parent>
                </structure:Code>
                <structure:Code id="CL021">
                    <common:Annotations>
                        <common:Annotation>
                            <common:AnnotationType>ORDER</common:AnnotationType>
                            <common:AnnotationText xml:lang="en">210</common:AnnotationText>
                            <common:AnnotationText xml:lang="fr">210</common:AnnotationText>
                        </common:Annotation>
                    </common:Annotations>
                    <common:Name xml:lang="en">Los Angeles</common:Name>
                    <common:Name xml:lang="fr">Los Angeles</common:Name>
                    <structure:Parent>
                        <Ref id="CHL"/>
                    </structure:Parent>
                </structure:Code>
                <structure:Code id="CL022">
                    <common:Annotations>
                        <common:Annotation>
                            <common:AnnotationType>ORDER</common:AnnotationType>
                            <common:AnnotationText xml:lang="en">220</common:AnnotationText>
                            <common:AnnotationText xml:lang="fr">220</common:AnnotationText>
                        </common:Annotation>
                    </common:Annotations>
                    <common:Name xml:lang="en">Temuco</common:Name>
                    <common:Name xml:lang="fr">Temuco</common:Name>
                    <structure:Parent>
                        <Ref id="CHL"/>
                    </structure:Parent>
                </structure:Code>
                <structure:Code id="CL023">
                    <common:Annotations>
                        <common:Annotation>
                            <common:AnnotationType>ORDER</common:AnnotationType>
                            <common:AnnotationText xml:lang="en">230</common:AnnotationText>
                            <common:AnnotationText xml:lang="fr">230</common:AnnotationText>
                        </common:Annotation>
                    </common:Annotations>
                    <common:Name xml:lang="en">Valdivia</common:Name>
                    <common:Name xml:lang="fr">Valdivia</common:Name>
                    <structure:Parent>
                        <Ref id="CHL"/>
                    </structure:Parent>
                </structure:Code>
                <structure:Code id="CL024">
                    <common:Annotations>
                        <common:Annotation>
                            <common:AnnotationType>ORDER</common:AnnotationType>
                            <common:AnnotationText xml:lang="en">240</common:AnnotationText>
                            <common:AnnotationText xml:lang="fr">240</common:AnnotationText>
                        </common:Annotation>
                    </common:Annotations>
                    <common:Name xml:lang="en">Osorno</common:Name>
                    <common:Name xml:lang="fr">Osorno</common:Name>
                    <structure:Parent>
                        <Ref id="CHL"/>
                    </structure:Parent>
                </structure:Code>
                <structure:Code id="CL025">
                    <common:Annotations>
                        <common:Annotation>
                            <common:AnnotationType>ORDER</common:AnnotationType>
                            <common:AnnotationText xml:lang="en">250</common:AnnotationText>
                            <common:AnnotationText xml:lang="fr">250</common:AnnotationText>
                        </common:Annotation>
                    </common:Annotations>
                    <common:Name xml:lang="en">Puerto Montt</common:Name>
                    <common:Name xml:lang="fr">Puerto Montt</common:Name>
                    <structure:Parent>
                        <Ref id="CHL"/>
                    </structure:Parent>
                </structure:Code>
                <structure:Code id="CL026">
                    <common:Annotations>
                        <common:Annotation>
                            <common:AnnotationType>ORDER</common:AnnotationType>
                            <common:AnnotationText xml:lang="en">260</common:AnnotationText>
                            <common:AnnotationText xml:lang="fr">260</common:AnnotationText>
                        </common:Annotation>
                    </common:Annotations>
                    <common:Name xml:lang="en">Punta Arenas</common:Name>
                    <common:Name xml:lang="fr">Punta Arenas</common:Name>
                    <structure:Parent>
                        <Ref id="CHL"/>
                    </structure:Parent>
                </structure:Code>
                <structure:Code id="COL">
                    <common:Annotations>
                        <common:Annotation>
                            <common:AnnotationType>ORDER</common:AnnotationType>
                            <common:AnnotationText xml:lang="en">150</common:AnnotationText>
                            <common:AnnotationText xml:lang="fr">150</common:AnnotationText>
                        </common:Annotation>
                    </common:Annotations>
                    <common:Name xml:lang="en">Colombia</common:Name>
                    <common:Name xml:lang="fr">Colombie</common:Name>
                </structure:Code>
                <structure:Code id="COL01">
                    <common:Annotations>
                        <common:Annotation>
                            <common:AnnotationType>ORDER</common:AnnotationType>
                            <common:AnnotationText xml:lang="en">10</common:AnnotationText>
                            <common:AnnotationText xml:lang="fr">10</common:AnnotationText>
                        </common:Annotation>
                    </common:Annotations>
                    <common:Name xml:lang="en">Bogota D.C.</common:Name>
                    <common:Name xml:lang="fr">Bogota D.C.</common:Name>
                    <structure:Parent>
                        <Ref id="COL"/>
                    </structure:Parent>
                </structure:Code>
                <structure:Code id="COL02">
                    <common:Annotations>
                        <common:Annotation>
                            <common:AnnotationType>ORDER</common:AnnotationType>
                            <common:AnnotationText xml:lang="en">20</common:AnnotationText>
                            <common:AnnotationText xml:lang="fr">20</common:AnnotationText>
                        </common:Annotation>
                    </common:Annotations>
                    <common:Name xml:lang="en">Medellin</common:Name>
                    <common:Name xml:lang="fr">Medellin</common:Name>
                    <structure:Parent>
                        <Ref id="COL"/>
                    </structure:Parent>
                </structure:Code>
                <structure:Code id="COL03">
                    <common:Annotations>
                        <common:Annotation>
                            <common:AnnotationType>ORDER</common:AnnotationType>
                            <common:AnnotationText xml:lang="en">30</common:AnnotationText>
                            <common:AnnotationText xml:lang="fr">30</common:AnnotationText>
                        </common:Annotation>
                    </common:Annotations>
                    <common:Name xml:lang="en">Cali</common:Name>
                    <common:Name xml:lang="fr">Cali</common:Name>
                    <structure:Parent>
                        <Ref id="COL"/>
                    </structure:Parent>
                </structure:Code>
                <structure:Code id="COL04">
                    <common:Annotations>
                        <common:Annotation>
                            <common:AnnotationType>ORDER</common:AnnotationType>
                            <common:AnnotationText xml:lang="en">40</common:AnnotationText>
                            <common:AnnotationText xml:lang="fr">40</common:AnnotationText>
                        </common:Annotation>
                    </common:Annotations>
                    <common:Name xml:lang="en">Barranquilla</common:Name>
                    <common:Name xml:lang="fr">Barranquilla</common:Name>
                    <structure:Parent>
                        <Ref id="COL"/>
                    </structure:Parent>
                </structure:Code>
                <structure:Code id="COL05">
                    <common:Annotations>
                        <common:Annotation>
                            <common:AnnotationType>ORDER</common:AnnotationType>
                            <common:AnnotationText xml:lang="en">50</common:AnnotationText>
                            <common:AnnotationText xml:lang="fr">50</common:AnnotationText>
                        </common:Annotation>
                    </common:Annotations>
                    <common:Name xml:lang="en">Cartagena</common:Name>
                    <common:Name xml:lang="fr">Cartagena</common:Name>
                    <structure:Parent>
                        <Ref id="COL"/>
                    </structure:Parent>
                </structure:Code>
                <structure:Code id="COL06">
                    <common:Annotations>
                        <common:Annotation>
                            <common:AnnotationType>ORDER</common:AnnotationType>
                            <common:AnnotationText xml:lang="en">60</common:AnnotationText>
                            <common:AnnotationText xml:lang="fr">60</common:AnnotationText>
                        </common:Annotation>
                    </common:Annotations>
                    <common:Name xml:lang="en">Bucaramanga</common:Name>
                    <common:Name xml:lang="fr">Bucaramanga</common:Name>
                    <structure:Parent>
                        <Ref id="COL"/>
                    </structure:Parent>
                </structure:Code>
                <structure:Code id="COL07">
                    <common:Annotations>
                        <common:Annotation>
                            <common:AnnotationType>ORDER</common:AnnotationType>
                            <common:AnnotationText xml:lang="en">70</common:AnnotationText>
                            <common:AnnotationText xml:lang="fr">70</common:AnnotationText>
                        </common:Annotation>
                    </common:Annotations>
                    <common:Name xml:lang="en">Cucuta</common:Name>
                    <common:Name xml:lang="fr">Cucuta</common:Name>
                    <structure:Parent>
                        <Ref id="COL"/>
                    </structure:Parent>
                </structure:Code>
                <structure:Code id="COL08">
                    <common:Annotations>
                        <common:Annotation>
                            <common:AnnotationType>ORDER</common:AnnotationType>
                            <common:AnnotationText xml:lang="en">80</common:AnnotationText>
                            <common:AnnotationText xml:lang="fr">80</common:AnnotationText>
                        </common:Annotation>
                    </common:Annotations>
                    <common:Name xml:lang="en">Pereira</common:Name>
                    <common:Name xml:lang="fr">Pereira</common:Name>
                    <structure:Parent>
                        <Ref id="COL"/>
                    </structure:Parent>
                </structure:Code>
                <structure:Code id="COL09">
                    <common:Annotations>
                        <common:Annotation>
                            <common:AnnotationType>ORDER</common:AnnotationType>
                            <common:AnnotationText xml:lang="en">90</common:AnnotationText>
                            <common:AnnotationText xml:lang="fr">90</common:AnnotationText>
                        </common:Annotation>
                    </common:Annotations>
                    <common:Name xml:lang="en">Ibague</common:Name>
                    <common:Name xml:lang="fr">Ibague</common:Name>
                    <structure:Parent>
                        <Ref id="COL"/>
                    </structure:Parent>
                </structure:Code>
                <structure:Code id="COL10">
                    <common:Annotations>
                        <common:Annotation>
                            <common:AnnotationType>ORDER</common:AnnotationType>
                            <common:AnnotationText xml:lang="en">100</common:AnnotationText>
                            <common:AnnotationText xml:lang="fr">100</common:AnnotationText>
                        </common:Annotation>
                    </common:Annotations>
                    <common:Name xml:lang="en">Manizales</common:Name>
                    <common:Name xml:lang="fr">Manizales</common:Name>
                    <structure:Parent>
                        <Ref id="COL"/>
                    </structure:Parent>
                </structure:Code>
                <structure:Code id="COL11">
                    <common:Annotations>
                        <common:Annotation>
                            <common:AnnotationType>ORDER</common:AnnotationType>
                            <common:AnnotationText xml:lang="en">110</common:AnnotationText>
                            <common:AnnotationText xml:lang="fr">110</common:AnnotationText>
                        </common:Annotation>
                    </common:Annotations>
                    <common:Name xml:lang="en">Santa Marta</common:Name>
                    <common:Name xml:lang="fr">Santa Marta</common:Name>
                    <structure:Parent>
                        <Ref id="COL"/>
                    </structure:Parent>
                </structure:Code>
                <structure:Code id="COL12">
                    <common:Annotations>
                        <common:Annotation>
                            <common:AnnotationType>ORDER</common:AnnotationType>
                            <common:AnnotationText xml:lang="en">120</common:AnnotationText>
                            <common:AnnotationText xml:lang="fr">120</common:AnnotationText>
                        </common:Annotation>
                    </common:Annotations>
                    <common:Name xml:lang="en">Pasto</common:Name>
                    <common:Name xml:lang="fr">Pasto</common:Name>
                    <structure:Parent>
                        <Ref id="COL"/>
                    </structure:Parent>
                </structure:Code>
                <structure:Code id="COL13">
                    <common:Annotations>
                        <common:Annotation>
                            <common:AnnotationType>ORDER</common:AnnotationType>
                            <common:AnnotationText xml:lang="en">130</common:AnnotationText>
                            <common:AnnotationText xml:lang="fr">130</common:AnnotationText>
                        </common:Annotation>
                    </common:Annotations>
                    <common:Name xml:lang="en">Armenia</common:Name>
                    <common:Name xml:lang="fr">Armenia</common:Name>
                    <structure:Parent>
                        <Ref id="COL"/>
                    </structure:Parent>
                </structure:Code>
                <structure:Code id="COL14">
                    <common:Annotations>
                        <common:Annotation>
                            <common:AnnotationType>ORDER</common:AnnotationType>
                            <common:AnnotationText xml:lang="en">140</common:AnnotationText>
                            <common:AnnotationText xml:lang="fr">140</common:AnnotationText>
                        </common:Annotation>
                    </common:Annotations>
                    <common:Name xml:lang="en">Villavicencio</common:Name>
                    <common:Name xml:lang="fr">Villavicencio</common:Name>
                    <structure:Parent>
                        <Ref id="COL"/>
                    </structure:Parent>
                </structure:Code>
                <structure:Code id="COL15">
                    <common:Annotations>
                        <common:Annotation>
                            <common:AnnotationType>ORDER</common:AnnotationType>
                            <common:AnnotationText xml:lang="en">150</common:AnnotationText>
                            <common:AnnotationText xml:lang="fr">150</common:AnnotationText>
                        </common:Annotation>
                    </common:Annotations>
                    <common:Name xml:lang="en">Monteria</common:Name>
                    <common:Name xml:lang="fr">Monteria</common:Name>
                    <structure:Parent>
                        <Ref id="COL"/>
                    </structure:Parent>
                </structure:Code>
                <structure:Code id="COL16">
                    <common:Annotations>
                        <common:Annotation>
                            <common:AnnotationType>ORDER</common:AnnotationType>
                            <common:AnnotationText xml:lang="en">160</common:AnnotationText>
                            <common:AnnotationText xml:lang="fr">160</common:AnnotationText>
                        </common:Annotation>
                    </common:Annotations>
                    <common:Name xml:lang="en">Valledupar</common:Name>
                    <common:Name xml:lang="fr">Valledupar</common:Name>
                    <structure:Parent>
                        <Ref id="COL"/>
                    </structure:Parent>
                </structure:Code>
                <structure:Code id="COL17">
                    <common:Annotations>
                        <common:Annotation>
                            <common:AnnotationType>ORDER</common:AnnotationType>
                            <common:AnnotationText xml:lang="en">170</common:AnnotationText>
                            <common:AnnotationText xml:lang="fr">170</common:AnnotationText>
                        </common:Annotation>
                    </common:Annotations>
                    <common:Name xml:lang="en">Buenaventura</common:Name>
                    <common:Name xml:lang="fr">Buenaventura</common:Name>
                    <structure:Parent>
                        <Ref id="COL"/>
                    </structure:Parent>
                </structure:Code>
                <structure:Code id="COL18">
                    <common:Annotations>
                        <common:Annotation>
                            <common:AnnotationType>ORDER</common:AnnotationType>
                            <common:AnnotationText xml:lang="en">180</common:AnnotationText>
                            <common:AnnotationText xml:lang="fr">180</common:AnnotationText>
                        </common:Annotation>
                    </common:Annotations>
                    <common:Name xml:lang="en">Neiva</common:Name>
                    <common:Name xml:lang="fr">Neiva</common:Name>
                    <structure:Parent>
                        <Ref id="COL"/>
                    </structure:Parent>
                </structure:Code>
                <structure:Code id="COL19">
                    <common:Annotations>
                        <common:Annotation>
                            <common:AnnotationType>ORDER</common:AnnotationType>
                            <common:AnnotationText xml:lang="en">190</common:AnnotationText>
                            <common:AnnotationText xml:lang="fr">190</common:AnnotationText>
                        </common:Annotation>
                    </common:Annotations>
                    <common:Name xml:lang="en">Palmira</common:Name>
                    <common:Name xml:lang="fr">Palmira</common:Name>
                    <structure:Parent>
                        <Ref id="COL"/>
                    </structure:Parent>
                </structure:Code>
                <structure:Code id="COL20">
                    <common:Annotations>
                        <common:Annotation>
                            <common:AnnotationType>ORDER</common:AnnotationType>
                            <common:AnnotationText xml:lang="en">200</common:AnnotationText>
                            <common:AnnotationText xml:lang="fr">200</common:AnnotationText>
                        </common:Annotation>
                    </common:Annotations>
                    <common:Name xml:lang="en">Popayan</common:Name>
                    <common:Name xml:lang="fr">Popayan</common:Name>
                    <structure:Parent>
                        <Ref id="COL"/>
                    </structure:Parent>
                </structure:Code>
                <structure:Code id="COL21">
                    <common:Annotations>
                        <common:Annotation>
                            <common:AnnotationType>ORDER</common:AnnotationType>
                            <common:AnnotationText xml:lang="en">210</common:AnnotationText>
                            <common:AnnotationText xml:lang="fr">210</common:AnnotationText>
                        </common:Annotation>
                    </common:Annotations>
                    <common:Name xml:lang="en">Sincelejo</common:Name>
                    <common:Name xml:lang="fr">Sincelejo</common:Name>
                    <structure:Parent>
                        <Ref id="COL"/>
                    </structure:Parent>
                </structure:Code>
                <structure:Code id="COL22">
                    <common:Annotations>
                        <common:Annotation>
                            <common:AnnotationType>ORDER</common:AnnotationType>
                            <common:AnnotationText xml:lang="en">220</common:AnnotationText>
                            <common:AnnotationText xml:lang="fr">220</common:AnnotationText>
                        </common:Annotation>
                    </common:Annotations>
                    <common:Name xml:lang="en">Barrancabermeja</common:Name>
                    <common:Name xml:lang="fr">Barrancabermeja</common:Name>
                    <structure:Parent>
                        <Ref id="COL"/>
                    </structure:Parent>
                </structure:Code>
                <structure:Code id="COL23">
                    <common:Annotations>
                        <common:Annotation>
                            <common:AnnotationType>ORDER</common:AnnotationType>
                            <common:AnnotationText xml:lang="en">230</common:AnnotationText>
                            <common:AnnotationText xml:lang="fr">230</common:AnnotationText>
                        </common:Annotation>
                    </common:Annotations>
                    <common:Name xml:lang="en">Tulua</common:Name>
                    <common:Name xml:lang="fr">Tulua</common:Name>
                    <structure:Parent>
                        <Ref id="COL"/>
                    </structure:Parent>
                </structure:Code>
                <structure:Code id="COL24">
                    <common:Annotations>
                        <common:Annotation>
                            <common:AnnotationType>ORDER</common:AnnotationType>
                            <common:AnnotationText xml:lang="en">240</common:AnnotationText>
                            <common:AnnotationText xml:lang="fr">240</common:AnnotationText>
                        </common:Annotation>
                    </common:Annotations>
                    <common:Name xml:lang="en">Tunja</common:Name>
                    <common:Name xml:lang="fr">Tunja</common:Name>
                    <structure:Parent>
                        <Ref id="COL"/>
                    </structure:Parent>
                </structure:Code>
                <structure:Code id="COL25">
                    <common:Annotations>
                        <common:Annotation>
                            <common:AnnotationType>ORDER</common:AnnotationType>
                            <common:AnnotationText xml:lang="en">250</common:AnnotationText>
                            <common:AnnotationText xml:lang="fr">250</common:AnnotationText>
                        </common:Annotation>
                    </common:Annotations>
                    <common:Name xml:lang="en">Riohacha</common:Name>
                    <common:Name xml:lang="fr">Riohacha</common:Name>
                    <structure:Parent>
                        <Ref id="COL"/>
                    </structure:Parent>
                </structure:Code>
                <structure:Code id="COL26">
                    <common:Annotations>
                        <common:Annotation>
                            <common:AnnotationType>ORDER</common:AnnotationType>
                            <common:AnnotationText xml:lang="en">260</common:AnnotationText>
                            <common:AnnotationText xml:lang="fr">260</common:AnnotationText>
                        </common:Annotation>
                    </common:Annotations>
                    <common:Name xml:lang="en">San Andres de Tumaco</common:Name>
                    <common:Name xml:lang="fr">San Andres de Tumaco</common:Name>
                    <structure:Parent>
                        <Ref id="COL"/>
                    </structure:Parent>
                </structure:Code>
                <structure:Code id="COL27">
                    <common:Annotations>
                        <common:Annotation>
                            <common:AnnotationType>ORDER</common:AnnotationType>
                            <common:AnnotationText xml:lang="en">270</common:AnnotationText>
                            <common:AnnotationText xml:lang="fr">270</common:AnnotationText>
                        </common:Annotation>
                    </common:Annotations>
                    <common:Name xml:lang="en">Florence</common:Name>
                    <common:Name xml:lang="fr">Florence</common:Name>
                    <structure:Parent>
                        <Ref id="COL"/>
                    </structure:Parent>
                </structure:Code>
                <structure:Code id="COL28">
                    <common:Annotations>
                        <common:Annotation>
                            <common:AnnotationType>ORDER</common:AnnotationType>
                            <common:AnnotationText xml:lang="en">280</common:AnnotationText>
                            <common:AnnotationText xml:lang="fr">280</common:AnnotationText>
                        </common:Annotation>
                    </common:Annotations>
                    <common:Name xml:lang="en">Apartado</common:Name>
                    <common:Name xml:lang="fr">Apartado</common:Name>
                    <structure:Parent>
                        <Ref id="COL"/>
                    </structure:Parent>
                </structure:Code>
                <structure:Code id="COL29">
                    <common:Annotations>
                        <common:Annotation>
                            <common:AnnotationType>ORDER</common:AnnotationType>
                            <common:AnnotationText xml:lang="en">290</common:AnnotationText>
                            <common:AnnotationText xml:lang="fr">290</common:AnnotationText>
                        </common:Annotation>
                    </common:Annotations>
                    <common:Name xml:lang="en">Girardot</common:Name>
                    <common:Name xml:lang="fr">Girardot</common:Name>
                    <structure:Parent>
                        <Ref id="COL"/>
                    </structure:Parent>
                </structure:Code>
                <structure:Code id="COL30">
                    <common:Annotations>
                        <common:Annotation>
                            <common:AnnotationType>ORDER</common:AnnotationType>
                            <common:AnnotationText xml:lang="en">300</common:AnnotationText>
                            <common:AnnotationText xml:lang="fr">300</common:AnnotationText>
                        </common:Annotation>
                    </common:Annotations>
                    <common:Name xml:lang="en">Cartago</common:Name>
                    <common:Name xml:lang="fr">Cartago</common:Name>
                    <structure:Parent>
                        <Ref id="COL"/>
                    </structure:Parent>
                </structure:Code>
                <structure:Code id="COL31">
                    <common:Annotations>
                        <common:Annotation>
                            <common:AnnotationType>ORDER</common:AnnotationType>
                            <common:AnnotationText xml:lang="en">310</common:AnnotationText>
                            <common:AnnotationText xml:lang="fr">310</common:AnnotationText>
                        </common:Annotation>
                    </common:Annotations>
                    <common:Name xml:lang="en">Maicao</common:Name>
                    <common:Name xml:lang="fr">Maicao</common:Name>
                    <structure:Parent>
                        <Ref id="COL"/>
                    </structure:Parent>
                </structure:Code>
                <structure:Code id="COL32">
                    <common:Annotations>
                        <common:Annotation>
                            <common:AnnotationType>ORDER</common:AnnotationType>
                            <common:AnnotationText xml:lang="en">320</common:AnnotationText>
                            <common:AnnotationText xml:lang="fr">320</common:AnnotationText>
                        </common:Annotation>
                    </common:Annotations>
                    <common:Name xml:lang="en">Magangue</common:Name>
                    <common:Name xml:lang="fr">Magangue</common:Name>
                    <structure:Parent>
                        <Ref id="COL"/>
                    </structure:Parent>
                </structure:Code>
                <structure:Code id="COL33">
                    <common:Annotations>
                        <common:Annotation>
                            <common:AnnotationType>ORDER</common:AnnotationType>
                            <common:AnnotationText xml:lang="en">330</common:AnnotationText>
                            <common:AnnotationText xml:lang="fr">330</common:AnnotationText>
                        </common:Annotation>
                    </common:Annotations>
                    <common:Name xml:lang="en">Sogamoso</common:Name>
                    <common:Name xml:lang="fr">Sogamoso</common:Name>
                    <structure:Parent>
                        <Ref id="COL"/>
                    </structure:Parent>
                </structure:Code>
                <structure:Code id="COL34">
                    <common:Annotations>
                        <common:Annotation>
                            <common:AnnotationType>ORDER</common:AnnotationType>
                            <common:AnnotationText xml:lang="en">340</common:AnnotationText>
                            <common:AnnotationText xml:lang="fr">340</common:AnnotationText>
                        </common:Annotation>
                    </common:Annotations>
                    <common:Name xml:lang="en">Guadalajara de Buga</common:Name>
                    <common:Name xml:lang="fr">Guadalajara de Buga</common:Name>
                    <structure:Parent>
                        <Ref id="COL"/>
                    </structure:Parent>
                </structure:Code>
                <structure:Code id="COL35">
                    <common:Annotations>
                        <common:Annotation>
                            <common:AnnotationType>ORDER</common:AnnotationType>
                            <common:AnnotationText xml:lang="en">350</common:AnnotationText>
                            <common:AnnotationText xml:lang="fr">350</common:AnnotationText>
                        </common:Annotation>
                    </common:Annotations>
                    <common:Name xml:lang="en">Ipiales</common:Name>
                    <common:Name xml:lang="fr">Ipiales</common:Name>
                    <structure:Parent>
                        <Ref id="COL"/>
                    </structure:Parent>
                </structure:Code>
                <structure:Code id="COL36">
                    <common:Annotations>
                        <common:Annotation>
                            <common:AnnotationType>ORDER</common:AnnotationType>
                            <common:AnnotationText xml:lang="en">360</common:AnnotationText>
                            <common:AnnotationText xml:lang="fr">360</common:AnnotationText>
                        </common:Annotation>
                    </common:Annotations>
                    <common:Name xml:lang="en">Quibdo</common:Name>
                    <common:Name xml:lang="fr">Quibdo</common:Name>
                    <structure:Parent>
                        <Ref id="COL"/>
                    </structure:Parent>
                </structure:Code>
                <structure:Code id="COL37">
                    <common:Annotations>
                        <common:Annotation>
                            <common:AnnotationType>ORDER</common:AnnotationType>
                            <common:AnnotationText xml:lang="en">370</common:AnnotationText>
                            <common:AnnotationText xml:lang="fr">370</common:AnnotationText>
                        </common:Annotation>
                    </common:Annotations>
                    <common:Name xml:lang="en">Fusagasuga</common:Name>
                    <common:Name xml:lang="fr">Fusagasuga</common:Name>
                    <structure:Parent>
                        <Ref id="COL"/>
                    </structure:Parent>
                </structure:Code>
                <structure:Code id="COL38">
                    <common:Annotations>
                        <common:Annotation>
                            <common:AnnotationType>ORDER</common:AnnotationType>
                            <common:AnnotationText xml:lang="en">380</common:AnnotationText>
                            <common:AnnotationText xml:lang="fr">380</common:AnnotationText>
                        </common:Annotation>
                    </common:Annotations>
                    <common:Name xml:lang="en">Facatativa</common:Name>
                    <common:Name xml:lang="fr">Facatativa</common:Name>
                    <structure:Parent>
                        <Ref id="COL"/>
                    </structure:Parent>
                </structure:Code>
                <structure:Code id="COL39">
                    <common:Annotations>
                        <common:Annotation>
                            <common:AnnotationType>ORDER</common:AnnotationType>
                            <common:AnnotationText xml:lang="en">390</common:AnnotationText>
                            <common:AnnotationText xml:lang="fr">390</common:AnnotationText>
                        </common:Annotation>
                    </common:Annotations>
                    <common:Name xml:lang="en">Duitama</common:Name>
                    <common:Name xml:lang="fr">Duitama</common:Name>
                    <structure:Parent>
                        <Ref id="COL"/>
                    </structure:Parent>
                </structure:Code>
                <structure:Code id="COL40">
                    <common:Annotations>
                        <common:Annotation>
                            <common:AnnotationType>ORDER</common:AnnotationType>
                            <common:AnnotationText xml:lang="en">400</common:AnnotationText>
                            <common:AnnotationText xml:lang="fr">400</common:AnnotationText>
                        </common:Annotation>
                    </common:Annotations>
                    <common:Name xml:lang="en">Yopal</common:Name>
                    <common:Name xml:lang="fr">Yopal</common:Name>
                    <structure:Parent>
                        <Ref id="COL"/>
                    </structure:Parent>
                </structure:Code>
                <structure:Code id="COL41">
                    <common:Annotations>
                        <common:Annotation>
                            <common:AnnotationType>ORDER</common:AnnotationType>
                            <common:AnnotationText xml:lang="en">410</common:AnnotationText>
                            <common:AnnotationText xml:lang="fr">410</common:AnnotationText>
                        </common:Annotation>
                    </common:Annotations>
                    <common:Name xml:lang="en">Cienaga</common:Name>
                    <common:Name xml:lang="fr">Cienaga</common:Name>
                    <structure:Parent>
                        <Ref id="COL"/>
                    </structure:Parent>
                </structure:Code>
                <structure:Code id="COL42">
                    <common:Annotations>
                        <common:Annotation>
                            <common:AnnotationType>ORDER</common:AnnotationType>
                            <common:AnnotationText xml:lang="en">420</common:AnnotationText>
                            <common:AnnotationText xml:lang="fr">420</common:AnnotationText>
                        </common:Annotation>
                    </common:Annotations>
                    <common:Name xml:lang="en">Zipaquira</common:Name>
                    <common:Name xml:lang="fr">Zipaquira</common:Name>
                    <structure:Parent>
                        <Ref id="COL"/>
                    </structure:Parent>
                </structure:Code>
                <structure:Code id="COL43">
                    <common:Annotations>
                        <common:Annotation>
                            <common:AnnotationType>ORDER</common:AnnotationType>
                            <common:AnnotationText xml:lang="en">430</common:AnnotationText>
                            <common:AnnotationText xml:lang="fr">430</common:AnnotationText>
                        </common:Annotation>
                    </common:Annotations>
                    <common:Name xml:lang="en">Rionegro</common:Name>
                    <common:Name xml:lang="fr">Rionegro</common:Name>
                    <structure:Parent>
                        <Ref id="COL"/>
                    </structure:Parent>
                </structure:Code>
                <structure:Code id="COL44">
                    <common:Annotations>
                        <common:Annotation>
                            <common:AnnotationType>ORDER</common:AnnotationType>
                            <common:AnnotationText xml:lang="en">440</common:AnnotationText>
                            <common:AnnotationText xml:lang="fr">440</common:AnnotationText>
                        </common:Annotation>
                    </common:Annotations>
                    <common:Name xml:lang="en">Ocana</common:Name>
                    <common:Name xml:lang="fr">Ocana</common:Name>
                    <structure:Parent>
                        <Ref id="COL"/>
                    </structure:Parent>
                </structure:Code>
                <structure:Code id="COL45">
                    <common:Annotations>
                        <common:Annotation>
                            <common:AnnotationType>ORDER</common:AnnotationType>
                            <common:AnnotationText xml:lang="en">450</common:AnnotationText>
                            <common:AnnotationText xml:lang="fr">450</common:AnnotationText>
                        </common:Annotation>
                    </common:Annotations>
                    <common:Name xml:lang="en">La Dorada</common:Name>
                    <common:Name xml:lang="fr">La Dorada</common:Name>
                    <structure:Parent>
                        <Ref id="COL"/>
                    </structure:Parent>
                </structure:Code>
                <structure:Code id="COL46">
                    <common:Annotations>
                        <common:Annotation>
                            <common:AnnotationType>ORDER</common:AnnotationType>
                            <common:AnnotationText xml:lang="en">460</common:AnnotationText>
                            <common:AnnotationText xml:lang="fr">460</common:AnnotationText>
                        </common:Annotation>
                    </common:Annotations>
                    <common:Name xml:lang="en">Caucasia</common:Name>
                    <common:Name xml:lang="fr">Caucasia</common:Name>
                    <structure:Parent>
                        <Ref id="COL"/>
                    </structure:Parent>
                </structure:Code>
                <structure:Code id="COL47">
                    <common:Annotations>
                        <common:Annotation>
                            <common:AnnotationType>ORDER</common:AnnotationType>
                            <common:AnnotationText xml:lang="en">470</common:AnnotationText>
                            <common:AnnotationText xml:lang="fr">470</common:AnnotationText>
                        </common:Annotation>
                    </common:Annotations>
                    <common:Name xml:lang="en">Sabanalarga</common:Name>
                    <common:Name xml:lang="fr">Sabanalarga</common:Name>
                    <structure:Parent>
                        <Ref id="COL"/>
                    </structure:Parent>
                </structure:Code>
                <structure:Code id="COL48">
                    <common:Annotations>
                        <common:Annotation>
                            <common:AnnotationType>ORDER</common:AnnotationType>
                            <common:AnnotationText xml:lang="en">480</common:AnnotationText>
                            <common:AnnotationText xml:lang="fr">480</common:AnnotationText>
                        </common:Annotation>
                    </common:Annotations>
                    <common:Name xml:lang="en">Aguachica</common:Name>
                    <common:Name xml:lang="fr">Aguachica</common:Name>
                    <structure:Parent>
                        <Ref id="COL"/>
                    </structure:Parent>
                </structure:Code>
                <structure:Code id="COL49">
                    <common:Annotations>
                        <common:Annotation>
                            <common:AnnotationType>ORDER</common:AnnotationType>
                            <common:AnnotationText xml:lang="en">490</common:AnnotationText>
                            <common:AnnotationText xml:lang="fr">490</common:AnnotationText>
                        </common:Annotation>
                    </common:Annotations>
                    <common:Name xml:lang="en">Espinal</common:Name>
                    <common:Name xml:lang="fr">Espinal</common:Name>
                    <structure:Parent>
                        <Ref id="COL"/>
                    </structure:Parent>
                </structure:Code>
                <structure:Code id="COL50">
                    <common:Annotations>
                        <common:Annotation>
                            <common:AnnotationType>ORDER</common:AnnotationType>
                            <common:AnnotationText xml:lang="en">500</common:AnnotationText>
                            <common:AnnotationText xml:lang="fr">500</common:AnnotationText>
                        </common:Annotation>
                    </common:Annotations>
                    <common:Name xml:lang="en">Arauca</common:Name>
                    <common:Name xml:lang="fr">Arauca</common:Name>
                    <structure:Parent>
                        <Ref id="COL"/>
                    </structure:Parent>
                </structure:Code>
                <structure:Code id="COL51">
                    <common:Annotations>
                        <common:Annotation>
                            <common:AnnotationType>ORDER</common:AnnotationType>
                            <common:AnnotationText xml:lang="en">510</common:AnnotationText>
                            <common:AnnotationText xml:lang="fr">510</common:AnnotationText>
                        </common:Annotation>
                    </common:Annotations>
                    <common:Name xml:lang="en">Santa Rosa de Cabal</common:Name>
                    <common:Name xml:lang="fr">Santa Rosa de Cabal</common:Name>
                    <structure:Parent>
                        <Ref id="COL"/>
                    </structure:Parent>
                </structure:Code>
                <structure:Code id="COL52">
                    <common:Annotations>
                        <common:Annotation>
                            <common:AnnotationType>ORDER</common:AnnotationType>
                            <common:AnnotationText xml:lang="en">520</common:AnnotationText>
                            <common:AnnotationText xml:lang="fr">520</common:AnnotationText>
                        </common:Annotation>
                    </common:Annotations>
                    <common:Name xml:lang="en">El Carmen de Bolivar</common:Name>
                    <common:Name xml:lang="fr">El Carmen de Bolivar</common:Name>
                    <structure:Parent>
                        <Ref id="COL"/>
                    </structure:Parent>
                </structure:Code>
                <structure:Code id="COL53">
                    <common:Annotations>
                        <common:Annotation>
                            <common:AnnotationType>ORDER</common:AnnotationType>
                            <common:AnnotationText xml:lang="en">530</common:AnnotationText>
                            <common:AnnotationText xml:lang="fr">530</common:AnnotationText>
                        </common:Annotation>
                    </common:Annotations>
                    <common:Name xml:lang="en">Fundacion</common:Name>
                    <common:Name xml:lang="fr">Fundacion</common:Name>
                    <structure:Parent>
                        <Ref id="COL"/>
                    </structure:Parent>
                </structure:Code>
                <structure:Code id="CZE">
                    <common:Annotations>
                        <common:Annotation>
                            <common:AnnotationType>ORDER</common:AnnotationType>
                            <common:AnnotationText xml:lang="en">170</common:AnnotationText>
                            <common:AnnotationText xml:lang="fr">170</common:AnnotationText>
                        </common:Annotation>
                    </common:Annotations>
                    <common:Name xml:lang="en">Czech Republic</common:Name>
                    <common:Name xml:lang="fr">République tchèque</common:Name>
                </structure:Code>
                <structure:Code id="CZ001">
                    <common:Annotations>
                        <common:Annotation>
                            <common:AnnotationType>ORDER</common:AnnotationType>
                            <common:AnnotationText xml:lang="en">10</common:AnnotationText>
                            <common:AnnotationText xml:lang="fr">10</common:AnnotationText>
                        </common:Annotation>
                    </common:Annotations>
                    <common:Name xml:lang="en">Prague</common:Name>
                    <common:Name xml:lang="fr">Prague</common:Name>
                    <structure:Parent>
                        <Ref id="CZE"/>
                    </structure:Parent>
                </structure:Code>
                <structure:Code id="CZ002">
                    <common:Annotations>
                        <common:Annotation>
                            <common:AnnotationType>ORDER</common:AnnotationType>
                            <common:AnnotationText xml:lang="en">20</common:AnnotationText>
                            <common:AnnotationText xml:lang="fr">20</common:AnnotationText>
                        </common:Annotation>
                    </common:Annotations>
                    <common:Name xml:lang="en">Brno</common:Name>
                    <common:Name xml:lang="fr">Brno</common:Name>
                    <structure:Parent>
                        <Ref id="CZE"/>
                    </structure:Parent>
                </structure:Code>
                <structure:Code id="CZ003">
                    <common:Annotations>
                        <common:Annotation>
                            <common:AnnotationType>ORDER</common:AnnotationType>
                            <common:AnnotationText xml:lang="en">30</common:AnnotationText>
                            <common:AnnotationText xml:lang="fr">30</common:AnnotationText>
                        </common:Annotation>
                    </common:Annotations>
                    <common:Name xml:lang="en">Ostrava</common:Name>
                    <common:Name xml:lang="fr">Ostrava</common:Name>
                    <structure:Parent>
                        <Ref id="CZE"/>
                    </structure:Parent>
                </structure:Code>
                <structure:Code id="CZ004">
                    <common:Annotations>
                        <common:Annotation>
                            <common:AnnotationType>ORDER</common:AnnotationType>
                            <common:AnnotationText xml:lang="en">40</common:AnnotationText>
                            <common:AnnotationText xml:lang="fr">40</common:AnnotationText>
                        </common:Annotation>
                    </common:Annotations>
                    <common:Name xml:lang="en">Plzen</common:Name>
                    <common:Name xml:lang="fr">Plzen</common:Name>
                    <structure:Parent>
                        <Ref id="CZE"/>
                    </structure:Parent>
                </structure:Code>
                <structure:Code id="CZ005">
                    <common:Annotations>
                        <common:Annotation>
                            <common:AnnotationType>ORDER</common:AnnotationType>
                            <common:AnnotationText xml:lang="en">50</common:AnnotationText>
                            <common:AnnotationText xml:lang="fr">50</common:AnnotationText>
                        </common:Annotation>
                    </common:Annotations>
                    <common:Name xml:lang="en">Usti nad Labem</common:Name>
                    <common:Name xml:lang="fr">Usti nad Labem</common:Name>
                    <structure:Parent>
                        <Ref id="CZE"/>
                    </structure:Parent>
                </structure:Code>
                <structure:Code id="CZ006">
                    <common:Annotations>
                        <common:Annotation>
                            <common:AnnotationType>ORDER</common:AnnotationType>
                            <common:AnnotationText xml:lang="en">60</common:AnnotationText>
                            <common:AnnotationText xml:lang="fr">60</common:AnnotationText>
                        </common:Annotation>
                    </common:Annotations>
                    <common:Name xml:lang="en">Olomouc</common:Name>
                    <common:Name xml:lang="fr">Olomouc</common:Name>
                    <structure:Parent>
                        <Ref id="CZE"/>
                    </structure:Parent>
                </structure:Code>
                <structure:Code id="CZ007">
                    <common:Annotations>
                        <common:Annotation>
                            <common:AnnotationType>ORDER</common:AnnotationType>
                            <common:AnnotationText xml:lang="en">70</common:AnnotationText>
                            <common:AnnotationText xml:lang="fr">70</common:AnnotationText>
                        </common:Annotation>
                    </common:Annotations>
                    <common:Name xml:lang="en">Liberec</common:Name>
                    <common:Name xml:lang="fr">Liberec</common:Name>
                    <structure:Parent>
                        <Ref id="CZE"/>
                    </structure:Parent>
                </structure:Code>
                <structure:Code id="CZ008">
                    <common:Annotations>
                        <common:Annotation>
                            <common:AnnotationType>ORDER</common:AnnotationType>
                            <common:AnnotationText xml:lang="en">80</common:AnnotationText>
                            <common:AnnotationText xml:lang="fr">80</common:AnnotationText>
                        </common:Annotation>
                    </common:Annotations>
                    <common:Name xml:lang="en">Ceske Budejovice</common:Name>
                    <common:Name xml:lang="fr">Ceske Budejovice</common:Name>
                    <structure:Parent>
                        <Ref id="CZE"/>
                    </structure:Parent>
                </structure:Code>
                <structure:Code id="CZ009">
                    <common:Annotations>
                        <common:Annotation>
                            <common:AnnotationType>ORDER</common:AnnotationType>
                            <common:AnnotationText xml:lang="en">90</common:AnnotationText>
                            <common:AnnotationText xml:lang="fr">90</common:AnnotationText>
                        </common:Annotation>
                    </common:Annotations>
                    <common:Name xml:lang="en">Hradec Kralove</common:Name>
                    <common:Name xml:lang="fr">Hradec Kralove</common:Name>
                    <structure:Parent>
                        <Ref id="CZE"/>
                    </structure:Parent>
                </structure:Code>
                <structure:Code id="CZ010">
                    <common:Annotations>
                        <common:Annotation>
                            <common:AnnotationType>ORDER</common:AnnotationType>
                            <common:AnnotationText xml:lang="en">100</common:AnnotationText>
                            <common:AnnotationText xml:lang="fr">100</common:AnnotationText>
                        </common:Annotation>
                    </common:Annotations>
                    <common:Name xml:lang="en">Pardubice</common:Name>
                    <common:Name xml:lang="fr">Pardubice</common:Name>
                    <structure:Parent>
                        <Ref id="CZE"/>
                    </structure:Parent>
                </structure:Code>
                <structure:Code id="CZ011">
                    <common:Annotations>
                        <common:Annotation>
                            <common:AnnotationType>ORDER</common:AnnotationType>
                            <common:AnnotationText xml:lang="en">110</common:AnnotationText>
                            <common:AnnotationText xml:lang="fr">110</common:AnnotationText>
                        </common:Annotation>
                    </common:Annotations>
                    <common:Name xml:lang="en">Zlin</common:Name>
                    <common:Name xml:lang="fr">Zlin</common:Name>
                    <structure:Parent>
                        <Ref id="CZE"/>
                    </structure:Parent>
                </structure:Code>
                <structure:Code id="CZ013">
                    <common:Annotations>
                        <common:Annotation>
                            <common:AnnotationType>ORDER</common:AnnotationType>
                            <common:AnnotationText xml:lang="en">120</common:AnnotationText>
                            <common:AnnotationText xml:lang="fr">120</common:AnnotationText>
                        </common:Annotation>
                    </common:Annotations>
                    <common:Name xml:lang="en">Carlsbad</common:Name>
                    <common:Name xml:lang="fr">Carlsbad</common:Name>
                    <structure:Parent>
                        <Ref id="CZE"/>
                    </structure:Parent>
                </structure:Code>
                <structure:Code id="CZ014">
                    <common:Annotations>
                        <common:Annotation>
                            <common:AnnotationType>ORDER</common:AnnotationType>
                            <common:AnnotationText xml:lang="en">130</common:AnnotationText>
                            <common:AnnotationText xml:lang="fr">130</common:AnnotationText>
                        </common:Annotation>
                    </common:Annotations>
                    <common:Name xml:lang="en">Jihlava</common:Name>
                    <common:Name xml:lang="fr">Jihlava</common:Name>
                    <structure:Parent>
                        <Ref id="CZE"/>
                    </structure:Parent>
                </structure:Code>
                <structure:Code id="CZ016">
                    <common:Annotations>
                        <common:Annotation>
                            <common:AnnotationType>ORDER</common:AnnotationType>
                            <common:AnnotationText xml:lang="en">140</common:AnnotationText>
                            <common:AnnotationText xml:lang="fr">140</common:AnnotationText>
                        </common:Annotation>
                    </common:Annotations>
                    <common:Name xml:lang="en">Most</common:Name>
                    <common:Name xml:lang="fr">Most</common:Name>
                    <structure:Parent>
                        <Ref id="CZE"/>
                    </structure:Parent>
                </structure:Code>
                <structure:Code id="CZ018">
                    <common:Annotations>
                        <common:Annotation>
                            <common:AnnotationType>ORDER</common:AnnotationType>
                            <common:AnnotationText xml:lang="en">150</common:AnnotationText>
                            <common:AnnotationText xml:lang="fr">150</common:AnnotationText>
                        </common:Annotation>
                    </common:Annotations>
                    <common:Name xml:lang="en">Chomutov</common:Name>
                    <common:Name xml:lang="fr">Chomutov</common:Name>
                    <structure:Parent>
                        <Ref id="CZE"/>
                    </structure:Parent>
                </structure:Code>
                <structure:Code id="DNK">
                    <common:Annotations>
                        <common:Annotation>
                            <common:AnnotationType>ORDER</common:AnnotationType>
                            <common:AnnotationText xml:lang="en">180</common:AnnotationText>
                            <common:AnnotationText xml:lang="fr">180</common:AnnotationText>
                        </common:Annotation>
                    </common:Annotations>
                    <common:Name xml:lang="en">Denmark</common:Name>
                    <common:Name xml:lang="fr">Danemark</common:Name>
                </structure:Code>
                <structure:Code id="DK001">
                    <common:Annotations>
                        <common:Annotation>
                            <common:AnnotationType>ORDER</common:AnnotationType>
                            <common:AnnotationText xml:lang="en">10</common:AnnotationText>
                            <common:AnnotationText xml:lang="fr">10</common:AnnotationText>
                        </common:Annotation>
                    </common:Annotations>
                    <common:Name xml:lang="en">Copenhagen</common:Name>
                    <common:Name xml:lang="fr">Copenhagen</common:Name>
                    <structure:Parent>
                        <Ref id="DNK"/>
                    </structure:Parent>
                </structure:Code>
                <structure:Code id="DK002">
                    <common:Annotations>
                        <common:Annotation>
                            <common:AnnotationType>ORDER</common:AnnotationType>
                            <common:AnnotationText xml:lang="en">20</common:AnnotationText>
                            <common:AnnotationText xml:lang="fr">20</common:AnnotationText>
                        </common:Annotation>
                    </common:Annotations>
                    <common:Name xml:lang="en">Aarhus</common:Name>
                    <common:Name xml:lang="fr">Aarhus</common:Name>
                    <structure:Parent>
                        <Ref id="DNK"/>
                    </structure:Parent>
                </structure:Code>
                <structure:Code id="DK003">
                    <common:Annotations>
                        <common:Annotation>
                            <common:AnnotationType>ORDER</common:AnnotationType>
                            <common:AnnotationText xml:lang="en">30</common:AnnotationText>
                            <common:AnnotationText xml:lang="fr">30</common:AnnotationText>
                        </common:Annotation>
                    </common:Annotations>
                    <common:Name xml:lang="en">Odense</common:Name>
                    <common:Name xml:lang="fr">Odense</common:Name>
                    <structure:Parent>
                        <Ref id="DNK"/>
                    </structure:Parent>
                </structure:Code>
                <structure:Code id="DK004">
                    <common:Annotations>
                        <common:Annotation>
                            <common:AnnotationType>ORDER</common:AnnotationType>
                            <common:AnnotationText xml:lang="en">40</common:AnnotationText>
                            <common:AnnotationText xml:lang="fr">40</common:AnnotationText>
                        </common:Annotation>
                    </common:Annotations>
                    <common:Name xml:lang="en">Aalborg</common:Name>
                    <common:Name xml:lang="fr">Aalborg</common:Name>
                    <structure:Parent>
                        <Ref id="DNK"/>
                    </structure:Parent>
                </structure:Code>
                <structure:Code id="EST">
                    <common:Annotations>
                        <common:Annotation>
                            <common:AnnotationType>ORDER</common:AnnotationType>
                            <common:AnnotationText xml:lang="en">190</common:AnnotationText>
                            <common:AnnotationText xml:lang="fr">190</common:AnnotationText>
                        </common:Annotation>
                    </common:Annotations>
                    <common:Name xml:lang="en">Estonia</common:Name>
                    <common:Name xml:lang="fr">Estonie</common:Name>
                </structure:Code>
                <structure:Code id="EE001">
                    <common:Annotations>
                        <common:Annotation>
                            <common:AnnotationType>ORDER</common:AnnotationType>
                            <common:AnnotationText xml:lang="en">10</common:AnnotationText>
                            <common:AnnotationText xml:lang="fr">10</common:AnnotationText>
                        </common:Annotation>
                    </common:Annotations>
                    <common:Name xml:lang="en">Tallinn</common:Name>
                    <common:Name xml:lang="fr">Tallinn</common:Name>
                    <structure:Parent>
                        <Ref id="EST"/>
                    </structure:Parent>
                </structure:Code>
                <structure:Code id="EE002">
                    <common:Annotations>
                        <common:Annotation>
                            <common:AnnotationType>ORDER</common:AnnotationType>
                            <common:AnnotationText xml:lang="en">20</common:AnnotationText>
                            <common:AnnotationText xml:lang="fr">20</common:AnnotationText>
                        </common:Annotation>
                    </common:Annotations>
                    <common:Name xml:lang="en">Tartu</common:Name>
                    <common:Name xml:lang="fr">Tartu</common:Name>
                    <structure:Parent>
                        <Ref id="EST"/>
                    </structure:Parent>
                </structure:Code>
                <structure:Code id="EE003">
                    <common:Annotations>
                        <common:Annotation>
                            <common:AnnotationType>ORDER</common:AnnotationType>
                            <common:AnnotationText xml:lang="en">30</common:AnnotationText>
                            <common:AnnotationText xml:lang="fr">30</common:AnnotationText>
                        </common:Annotation>
                    </common:Annotations>
                    <common:Name xml:lang="en">Narva</common:Name>
                    <common:Name xml:lang="fr">Narva</common:Name>
                    <structure:Parent>
                        <Ref id="EST"/>
                    </structure:Parent>
                </structure:Code>
                <structure:Code id="FIN">
                    <common:Annotations>
                        <common:Annotation>
                            <common:AnnotationType>ORDER</common:AnnotationType>
                            <common:AnnotationText xml:lang="en">200</common:AnnotationText>
                            <common:AnnotationText xml:lang="fr">200</common:AnnotationText>
                        </common:Annotation>
                    </common:Annotations>
                    <common:Name xml:lang="en">Finland</common:Name>
                    <common:Name xml:lang="fr">Finlande</common:Name>
                </structure:Code>
                <structure:Code id="FI001">
                    <common:Annotations>
                        <common:Annotation>
                            <common:AnnotationType>ORDER</common:AnnotationType>
                            <common:AnnotationText xml:lang="en">10</common:AnnotationText>
                            <common:AnnotationText xml:lang="fr">10</common:AnnotationText>
                        </common:Annotation>
                    </common:Annotations>
                    <common:Name xml:lang="en">Helsinki</common:Name>
                    <common:Name xml:lang="fr">Helsinki</common:Name>
                    <structure:Parent>
                        <Ref id="FIN"/>
                    </structure:Parent>
                </structure:Code>
                <structure:Code id="FI002">
                    <common:Annotations>
                        <common:Annotation>
                            <common:AnnotationType>ORDER</common:AnnotationType>
                            <common:AnnotationText xml:lang="en">20</common:AnnotationText>
                            <common:AnnotationText xml:lang="fr">20</common:AnnotationText>
                        </common:Annotation>
                    </common:Annotations>
                    <common:Name xml:lang="en">Tampere</common:Name>
                    <common:Name xml:lang="fr">Tampere</common:Name>
                    <structure:Parent>
                        <Ref id="FIN"/>
                    </structure:Parent>
                </structure:Code>
                <structure:Code id="FI003">
                    <common:Annotations>
                        <common:Annotation>
                            <common:AnnotationType>ORDER</common:AnnotationType>
                            <common:AnnotationText xml:lang="en">30</common:AnnotationText>
                            <common:AnnotationText xml:lang="fr">30</common:AnnotationText>
                        </common:Annotation>
                    </common:Annotations>
                    <common:Name xml:lang="en">Turku</common:Name>
                    <common:Name xml:lang="fr">Turku</common:Name>
                    <structure:Parent>
                        <Ref id="FIN"/>
                    </structure:Parent>
                </structure:Code>
                <structure:Code id="FI004">
                    <common:Annotations>
                        <common:Annotation>
                            <common:AnnotationType>ORDER</common:AnnotationType>
                            <common:AnnotationText xml:lang="en">40</common:AnnotationText>
                            <common:AnnotationText xml:lang="fr">40</common:AnnotationText>
                        </common:Annotation>
                    </common:Annotations>
                    <common:Name xml:lang="en">Oulu</common:Name>
                    <common:Name xml:lang="fr">Oulu</common:Name>
                    <structure:Parent>
                        <Ref id="FIN"/>
                    </structure:Parent>
                </structure:Code>
                <structure:Code id="FI007">
                    <common:Annotations>
                        <common:Annotation>
                            <common:AnnotationType>ORDER</common:AnnotationType>
                            <common:AnnotationText xml:lang="en">50</common:AnnotationText>
                            <common:AnnotationText xml:lang="fr">50</common:AnnotationText>
                        </common:Annotation>
                    </common:Annotations>
                    <common:Name xml:lang="en">Lahti</common:Name>
                    <common:Name xml:lang="fr">Lahti</common:Name>
                    <structure:Parent>
                        <Ref id="FIN"/>
                    </structure:Parent>
                </structure:Code>
                <structure:Code id="FI008">
                    <common:Annotations>
                        <common:Annotation>
                            <common:AnnotationType>ORDER</common:AnnotationType>
                            <common:AnnotationText xml:lang="en">60</common:AnnotationText>
                            <common:AnnotationText xml:lang="fr">60</common:AnnotationText>
                        </common:Annotation>
                    </common:Annotations>
                    <common:Name xml:lang="en">Kuopio</common:Name>
                    <common:Name xml:lang="fr">Kuopio</common:Name>
                    <structure:Parent>
                        <Ref id="FIN"/>
                    </structure:Parent>
                </structure:Code>
                <structure:Code id="FI009">
                    <common:Annotations>
                        <common:Annotation>
                            <common:AnnotationType>ORDER</common:AnnotationType>
                            <common:AnnotationText xml:lang="en">70</common:AnnotationText>
                            <common:AnnotationText xml:lang="fr">70</common:AnnotationText>
                        </common:Annotation>
                    </common:Annotations>
                    <common:Name xml:lang="en">Jyvaskyla</common:Name>
                    <common:Name xml:lang="fr">Jyvaskyla</common:Name>
                    <structure:Parent>
                        <Ref id="FIN"/>
                    </structure:Parent>
                </structure:Code>
                <structure:Code id="FRA">
                    <common:Annotations>
                        <common:Annotation>
                            <common:AnnotationType>ORDER</common:AnnotationType>
                            <common:AnnotationText xml:lang="en">210</common:AnnotationText>
                            <common:AnnotationText xml:lang="fr">210</common:AnnotationText>
                        </common:Annotation>
                    </common:Annotations>
                    <common:Name xml:lang="en">France</common:Name>
                    <common:Name xml:lang="fr">France</common:Name>
                </structure:Code>
                <structure:Code id="FR001">
                    <common:Annotations>
                        <common:Annotation>
                            <common:AnnotationType>ORDER</common:AnnotationType>
                            <common:AnnotationText xml:lang="en">10</common:AnnotationText>
                            <common:AnnotationText xml:lang="fr">10</common:AnnotationText>
                        </common:Annotation>
                    </common:Annotations>
                    <common:Name xml:lang="en">Paris</common:Name>
                    <common:Name xml:lang="fr">Paris</common:Name>
                    <structure:Parent>
                        <Ref id="FRA"/>
                    </structure:Parent>
                </structure:Code>
                <structure:Code id="FR003">
                    <common:Annotations>
                        <common:Annotation>
                            <common:AnnotationType>ORDER</common:AnnotationType>
                            <common:AnnotationText xml:lang="en">20</common:AnnotationText>
                            <common:AnnotationText xml:lang="fr">20</common:AnnotationText>
                        </common:Annotation>
                    </common:Annotations>
                    <common:Name xml:lang="en">Lyon</common:Name>
                    <common:Name xml:lang="fr">Lyon</common:Name>
                    <structure:Parent>
                        <Ref id="FRA"/>
                    </structure:Parent>
                </structure:Code>
                <structure:Code id="FR004">
                    <common:Annotations>
                        <common:Annotation>
                            <common:AnnotationType>ORDER</common:AnnotationType>
                            <common:AnnotationText xml:lang="en">30</common:AnnotationText>
                            <common:AnnotationText xml:lang="fr">30</common:AnnotationText>
                        </common:Annotation>
                    </common:Annotations>
                    <common:Name xml:lang="en">Toulouse</common:Name>
                    <common:Name xml:lang="fr">Toulouse</common:Name>
                    <structure:Parent>
                        <Ref id="FRA"/>
                    </structure:Parent>
                </structure:Code>
                <structure:Code id="FR006">
                    <common:Annotations>
                        <common:Annotation>
                            <common:AnnotationType>ORDER</common:AnnotationType>
                            <common:AnnotationText xml:lang="en">40</common:AnnotationText>
                            <common:AnnotationText xml:lang="fr">40</common:AnnotationText>
                        </common:Annotation>
                    </common:Annotations>
                    <common:Name xml:lang="en">Strasbourg</common:Name>
                    <common:Name xml:lang="fr">Strasbourg</common:Name>
                    <structure:Parent>
                        <Ref id="FRA"/>
                    </structure:Parent>
                </structure:Code>
                <structure:Code id="FR007">
                    <common:Annotations>
                        <common:Annotation>
                            <common:AnnotationType>ORDER</common:AnnotationType>
                            <common:AnnotationText xml:lang="en">50</common:AnnotationText>
                            <common:AnnotationText xml:lang="fr">50</common:AnnotationText>
                        </common:Annotation>
                    </common:Annotations>
                    <common:Name xml:lang="en">Bordeaux</common:Name>
                    <common:Name xml:lang="fr">Bordeaux</common:Name>
                    <structure:Parent>
                        <Ref id="FRA"/>
                    </structure:Parent>
                </structure:Code>
                <structure:Code id="FR008">
                    <common:Annotations>
                        <common:Annotation>
                            <common:AnnotationType>ORDER</common:AnnotationType>
                            <common:AnnotationText xml:lang="en">60</common:AnnotationText>
                            <common:AnnotationText xml:lang="fr">60</common:AnnotationText>
                        </common:Annotation>
                    </common:Annotations>
                    <common:Name xml:lang="en">Nantes</common:Name>
                    <common:Name xml:lang="fr">Nantes</common:Name>
                    <structure:Parent>
                        <Ref id="FRA"/>
                    </structure:Parent>
                </structure:Code>
                <structure:Code id="FR009">
                    <common:Annotations>
                        <common:Annotation>
                            <common:AnnotationType>ORDER</common:AnnotationType>
                            <common:AnnotationText xml:lang="en">70</common:AnnotationText>
                            <common:AnnotationText xml:lang="fr">70</common:AnnotationText>
                        </common:Annotation>
                    </common:Annotations>
                    <common:Name xml:lang="en">Lille</common:Name>
                    <common:Name xml:lang="fr">Lille</common:Name>
                    <structure:Parent>
                        <Ref id="FRA"/>
                    </structure:Parent>
                </structure:Code>
                <structure:Code id="FR010">
                    <common:Annotations>
                        <common:Annotation>
                            <common:AnnotationType>ORDER</common:AnnotationType>
                            <common:AnnotationText xml:lang="en">80</common:AnnotationText>
                            <common:AnnotationText xml:lang="fr">80</common:AnnotationText>
                        </common:Annotation>
                    </common:Annotations>
                    <common:Name xml:lang="en">Montpellier</common:Name>
                    <common:Name xml:lang="fr">Montpellier</common:Name>
                    <structure:Parent>
                        <Ref id="FRA"/>
                    </structure:Parent>
                </structure:Code>
                <structure:Code id="FR011">
                    <common:Annotations>
                        <common:Annotation>
                            <common:AnnotationType>ORDER</common:AnnotationType>
                            <common:AnnotationText xml:lang="en">90</common:AnnotationText>
                            <common:AnnotationText xml:lang="fr">90</common:AnnotationText>
                        </common:Annotation>
                    </common:Annotations>
                    <common:Name xml:lang="en">Saint-Etienne</common:Name>
                    <common:Name xml:lang="fr">Saint-Etienne</common:Name>
                    <structure:Parent>
                        <Ref id="FRA"/>
                    </structure:Parent>
                </structure:Code>
                <structure:Code id="FR012">
                    <common:Annotations>
                        <common:Annotation>
                            <common:AnnotationType>ORDER</common:AnnotationType>
                            <common:AnnotationText xml:lang="en">100</common:AnnotationText>
                            <common:AnnotationText xml:lang="fr">100</common:AnnotationText>
                        </common:Annotation>
                    </common:Annotations>
                    <common:Name xml:lang="en">Le Havre</common:Name>
                    <common:Name xml:lang="fr">Le Havre</common:Name>
                    <structure:Parent>
                        <Ref id="FRA"/>
                    </structure:Parent>
                </structure:Code>
                <structure:Code id="FR013">
                    <common:Annotations>
                        <common:Annotation>
                            <common:AnnotationType>ORDER</common:AnnotationType>
                            <common:AnnotationText xml:lang="en">110</common:AnnotationText>
                            <common:AnnotationText xml:lang="fr">110</common:AnnotationText>
                        </common:Annotation>
                    </common:Annotations>
                    <common:Name xml:lang="en">Rennes</common:Name>
                    <common:Name xml:lang="fr">Rennes</common:Name>
                    <structure:Parent>
                        <Ref id="FRA"/>
                    </structure:Parent>
                </structure:Code>
                <structure:Code id="FR014">
                    <common:Annotations>
                        <common:Annotation>
                            <common:AnnotationType>ORDER</common:AnnotationType>
                            <common:AnnotationText xml:lang="en">120</common:AnnotationText>
                            <common:AnnotationText xml:lang="fr">120</common:AnnotationText>
                        </common:Annotation>
                    </common:Annotations>
                    <common:Name xml:lang="en">Amiens</common:Name>
                    <common:Name xml:lang="fr">Amiens</common:Name>
                    <structure:Parent>
                        <Ref id="FRA"/>
                    </structure:Parent>
                </structure:Code>
                <structure:Code id="FR016">
                    <common:Annotations>
                        <common:Annotation>
                            <common:AnnotationType>ORDER</common:AnnotationType>
                            <common:AnnotationText xml:lang="en">130</common:AnnotationText>
                            <common:AnnotationText xml:lang="fr">130</common:AnnotationText>
                        </common:Annotation>
                    </common:Annotations>
                    <common:Name xml:lang="en">Nancy</common:Name>
                    <common:Name xml:lang="fr">Nancy</common:Name>
                    <structure:Parent>
                        <Ref id="FRA"/>
                    </structure:Parent>
                </structure:Code>
                <structure:Code id="FR017">
                    <common:Annotations>
                        <common:Annotation>
                            <common:AnnotationType>ORDER</common:AnnotationType>
                            <common:AnnotationText xml:lang="en">140</common:AnnotationText>
                            <common:AnnotationText xml:lang="fr">140</common:AnnotationText>
                        </common:Annotation>
                    </common:Annotations>
                    <common:Name xml:lang="en">Metz</common:Name>
                    <common:Name xml:lang="fr">Metz</common:Name>
                    <structure:Parent>
                        <Ref id="FRA"/>
                    </structure:Parent>
                </structure:Code>
                <structure:Code id="FR018">
                    <common:Annotations>
                        <common:Annotation>
                            <common:AnnotationType>ORDER</common:AnnotationType>
                            <common:AnnotationText xml:lang="en">150</common:AnnotationText>
                            <common:AnnotationText xml:lang="fr">150</common:AnnotationText>
                        </common:Annotation>
                    </common:Annotations>
                    <common:Name xml:lang="en">Reims</common:Name>
                    <common:Name xml:lang="fr">Reims</common:Name>
                    <structure:Parent>
                        <Ref id="FRA"/>
                    </structure:Parent>
                </structure:Code>
                <structure:Code id="FR019">
                    <common:Annotations>
                        <common:Annotation>
                            <common:AnnotationType>ORDER</common:AnnotationType>
                            <common:AnnotationText xml:lang="en">160</common:AnnotationText>
                            <common:AnnotationText xml:lang="fr">160</common:AnnotationText>
                        </common:Annotation>
                    </common:Annotations>
                    <common:Name xml:lang="en">Orleans</common:Name>
                    <common:Name xml:lang="fr">Orleans</common:Name>
                    <structure:Parent>
                        <Ref id="FRA"/>
                    </structure:Parent>
                </structure:Code>
                <structure:Code id="FR020">
                    <common:Annotations>
                        <common:Annotation>
                            <common:AnnotationType>ORDER</common:AnnotationType>
                            <common:AnnotationText xml:lang="en">170</common:AnnotationText>
                            <common:AnnotationText xml:lang="fr">170</common:AnnotationText>
                        </common:Annotation>
                    </common:Annotations>
                    <common:Name xml:lang="en">Dijon</common:Name>
                    <common:Name xml:lang="fr">Dijon</common:Name>
                    <structure:Parent>
                        <Ref id="FRA"/>
                    </structure:Parent>
                </structure:Code>
                <structure:Code id="FR021">
                    <common:Annotations>
                        <common:Annotation>
                            <common:AnnotationType>ORDER</common:AnnotationType>
                            <common:AnnotationText xml:lang="en">180</common:AnnotationText>
                            <common:AnnotationText xml:lang="fr">180</common:AnnotationText>
                        </common:Annotation>
                    </common:Annotations>
                    <common:Name xml:lang="en">Poitiers</common:Name>
                    <common:Name xml:lang="fr">Poitiers</common:Name>
                    <structure:Parent>
                        <Ref id="FRA"/>
                    </structure:Parent>
                </structure:Code>
                <structure:Code id="FR022">
                    <common:Annotations>
                        <common:Annotation>
                            <common:AnnotationType>ORDER</common:AnnotationType>
                            <common:AnnotationText xml:lang="en">190</common:AnnotationText>
                            <common:AnnotationText xml:lang="fr">190</common:AnnotationText>
                        </common:Annotation>
                    </common:Annotations>
                    <common:Name xml:lang="en">Clermont-Ferrand</common:Name>
                    <common:Name xml:lang="fr">Clermont-Ferrand</common:Name>
                    <structure:Parent>
                        <Ref id="FRA"/>
                    </structure:Parent>
                </structure:Code>
                <structure:Code id="FR023">
                    <common:Annotations>
                        <common:Annotation>
                            <common:AnnotationType>ORDER</common:AnnotationType>
                            <common:AnnotationText xml:lang="en">200</common:AnnotationText>
                            <common:AnnotationText xml:lang="fr">200</common:AnnotationText>
                        </common:Annotation>
                    </common:Annotations>
                    <common:Name xml:lang="en">Caen</common:Name>
                    <common:Name xml:lang="fr">Caen</common:Name>
                    <structure:Parent>
                        <Ref id="FRA"/>
                    </structure:Parent>
                </structure:Code>
                <structure:Code id="FR024">
                    <common:Annotations>
                        <common:Annotation>
                            <common:AnnotationType>ORDER</common:AnnotationType>
                            <common:AnnotationText xml:lang="en">210</common:AnnotationText>
                            <common:AnnotationText xml:lang="fr">210</common:AnnotationText>
                        </common:Annotation>
                    </common:Annotations>
                    <common:Name xml:lang="en">Limoges</common:Name>
                    <common:Name xml:lang="fr">Limoges</common:Name>
                    <structure:Parent>
                        <Ref id="FRA"/>
                    </structure:Parent>
                </structure:Code>
                <structure:Code id="FR025">
                    <common:Annotations>
                        <common:Annotation>
                            <common:AnnotationType>ORDER</common:AnnotationType>
                            <common:AnnotationText xml:lang="en">220</common:AnnotationText>
                            <common:AnnotationText xml:lang="fr">220</common:AnnotationText>
                        </common:Annotation>
                    </common:Annotations>
                    <common:Name xml:lang="en">Besancon</common:Name>
                    <common:Name xml:lang="fr">Besancon</common:Name>
                    <structure:Parent>
                        <Ref id="FRA"/>
                    </structure:Parent>
                </structure:Code>
                <structure:Code id="FR026">
                    <common:Annotations>
                        <common:Annotation>
                            <common:AnnotationType>ORDER</common:AnnotationType>
                            <common:AnnotationText xml:lang="en">230</common:AnnotationText>
                            <common:AnnotationText xml:lang="fr">230</common:AnnotationText>
                        </common:Annotation>
                    </common:Annotations>
                    <common:Name xml:lang="en">Grenoble</common:Name>
                    <common:Name xml:lang="fr">Grenoble</common:Name>
                    <structure:Parent>
                        <Ref id="FRA"/>
                    </structure:Parent>
                </structure:Code>
                <structure:Code id="FR027">
                    <common:Annotations>
                        <common:Annotation>
                            <common:AnnotationType>ORDER</common:AnnotationType>
                            <common:AnnotationText xml:lang="en">240</common:AnnotationText>
                            <common:AnnotationText xml:lang="fr">240</common:AnnotationText>
                        </common:Annotation>
                    </common:Annotations>
                    <common:Name xml:lang="en">Ajaccio</common:Name>
                    <common:Name xml:lang="fr">Ajaccio</common:Name>
                    <structure:Parent>
                        <Ref id="FRA"/>
                    </structure:Parent>
                </structure:Code>
                <structure:Code id="FR028">
                    <common:Annotations>
                        <common:Annotation>
                            <common:AnnotationType>ORDER</common:AnnotationType>
                            <common:AnnotationText xml:lang="en">250</common:AnnotationText>
                            <common:AnnotationText xml:lang="fr">250</common:AnnotationText>
                        </common:Annotation>
                    </common:Annotations>
                    <common:Name xml:lang="en">Saint Denis</common:Name>
                    <common:Name xml:lang="fr">Saint Denis</common:Name>
                    <structure:Parent>
                        <Ref id="FRA"/>
                    </structure:Parent>
                </structure:Code>
                <structure:Code id="FR030">
                    <common:Annotations>
                        <common:Annotation>
                            <common:AnnotationType>ORDER</common:AnnotationType>
                            <common:AnnotationText xml:lang="en">260</common:AnnotationText>
                            <common:AnnotationText xml:lang="fr">260</common:AnnotationText>
                        </common:Annotation>
                    </common:Annotations>
                    <common:Name xml:lang="en">Fort-de-France</common:Name>
                    <common:Name xml:lang="fr">Fort-de-France</common:Name>
                    <structure:Parent>
                        <Ref id="FRA"/>
                    </structure:Parent>
                </structure:Code>
                <structure:Code id="FR032">
                    <common:Annotations>
                        <common:Annotation>
                            <common:AnnotationType>ORDER</common:AnnotationType>
                            <common:AnnotationText xml:lang="en">270</common:AnnotationText>
                            <common:AnnotationText xml:lang="fr">270</common:AnnotationText>
                        </common:Annotation>
                    </common:Annotations>
                    <common:Name xml:lang="en">Toulon</common:Name>
                    <common:Name xml:lang="fr">Toulon</common:Name>
                    <structure:Parent>
                        <Ref id="FRA"/>
                    </structure:Parent>
                </structure:Code>
                <structure:Code id="FR034">
                    <common:Annotations>
                        <common:Annotation>
                            <common:AnnotationType>ORDER</common:AnnotationType>
                            <common:AnnotationText xml:lang="en">280</common:AnnotationText>
                            <common:AnnotationText xml:lang="fr">280</common:AnnotationText>
                        </common:Annotation>
                    </common:Annotations>
                    <common:Name xml:lang="en">Valenciennes</common:Name>
                    <common:Name xml:lang="fr">Valenciennes</common:Name>
                    <structure:Parent>
                        <Ref id="FRA"/>
                    </structure:Parent>
                </structure:Code>
                <structure:Code id="FR035">
                    <common:Annotations>
                        <common:Annotation>
                            <common:AnnotationType>ORDER</common:AnnotationType>
                            <common:AnnotationText xml:lang="en">290</common:AnnotationText>
                            <common:AnnotationText xml:lang="fr">290</common:AnnotationText>
                        </common:Annotation>
                    </common:Annotations>
                    <common:Name xml:lang="en">Tours</common:Name>
                    <common:Name xml:lang="fr">Tours</common:Name>
                    <structure:Parent>
                        <Ref id="FRA"/>
                    </structure:Parent>
                </structure:Code>
                <structure:Code id="FR036">
                    <common:Annotations>
                        <common:Annotation>
                            <common:AnnotationType>ORDER</common:AnnotationType>
                            <common:AnnotationText xml:lang="en">300</common:AnnotationText>
                            <common:AnnotationText xml:lang="fr">300</common:AnnotationText>
                        </common:Annotation>
                    </common:Annotations>
                    <common:Name xml:lang="en">Angers</common:Name>
                    <common:Name xml:lang="fr">Angers</common:Name>
                    <structure:Parent>
                        <Ref id="FRA"/>
                    </structure:Parent>
                </structure:Code>
                <structure:Code id="FR037">
                    <common:Annotations>
                        <common:Annotation>
                            <common:AnnotationType>ORDER</common:AnnotationType>
                            <common:AnnotationText xml:lang="en">310</common:AnnotationText>
                            <common:AnnotationText xml:lang="fr">310</common:AnnotationText>
                        </common:Annotation>
                    </common:Annotations>
                    <common:Name xml:lang="en">Brest</common:Name>
                    <common:Name xml:lang="fr">Brest</common:Name>
                    <structure:Parent>
                        <Ref id="FRA"/>
                    </structure:Parent>
                </structure:Code>
                <structure:Code id="FR038">
                    <common:Annotations>
                        <common:Annotation>
                            <common:AnnotationType>ORDER</common:AnnotationType>
                            <common:AnnotationText xml:lang="en">320</common:AnnotationText>
                            <common:AnnotationText xml:lang="fr">320</common:AnnotationText>
                        </common:Annotation>
                    </common:Annotations>
                    <common:Name xml:lang="en">Le Mans</common:Name>
                    <common:Name xml:lang="fr">Le Mans</common:Name>
                    <structure:Parent>
                        <Ref id="FRA"/>
                    </structure:Parent>
                </structure:Code>
                <structure:Code id="FR039">
                    <common:Annotations>
                        <common:Annotation>
                            <common:AnnotationType>ORDER</common:AnnotationType>
                            <common:AnnotationText xml:lang="en">330</common:AnnotationText>
                            <common:AnnotationText xml:lang="fr">330</common:AnnotationText>
                        </common:Annotation>
                    </common:Annotations>
                    <common:Name xml:lang="en">Avignon</common:Name>
                    <common:Name xml:lang="fr">Avignon</common:Name>
                    <structure:Parent>
                        <Ref id="FRA"/>
                    </structure:Parent>
                </structure:Code>
                <structure:Code id="FR040">
                    <common:Annotations>
                        <common:Annotation>
                            <common:AnnotationType>ORDER</common:AnnotationType>
                            <common:AnnotationText xml:lang="en">340</common:AnnotationText>
                            <common:AnnotationText xml:lang="fr">340</common:AnnotationText>
                        </common:Annotation>
                    </common:Annotations>
                    <common:Name xml:lang="en">Mulhouse</common:Name>
                    <common:Name xml:lang="fr">Mulhouse</common:Name>
                    <structure:Parent>
                        <Ref id="FRA"/>
                    </structure:Parent>
                </structure:Code>
                <structure:Code id="FR042">
                    <common:Annotations>
                        <common:Annotation>
                            <common:AnnotationType>ORDER</common:AnnotationType>
                            <common:AnnotationText xml:lang="en">350</common:AnnotationText>
                            <common:AnnotationText xml:lang="fr">350</common:AnnotationText>
                        </common:Annotation>
                    </common:Annotations>
                    <common:Name xml:lang="en">Dunkerque</common:Name>
                    <common:Name xml:lang="fr">Dunkerque</common:Name>
                    <structure:Parent>
                        <Ref id="FRA"/>
                    </structure:Parent>
                </structure:Code>
                <structure:Code id="FR043">
                    <common:Annotations>
                        <common:Annotation>
                            <common:AnnotationType>ORDER</common:AnnotationType>
                            <common:AnnotationText xml:lang="en">360</common:AnnotationText>
                            <common:AnnotationText xml:lang="fr">360</common:AnnotationText>
                        </common:Annotation>
                    </common:Annotations>
                    <common:Name xml:lang="en">Perpignan</common:Name>
                    <common:Name xml:lang="fr">Perpignan</common:Name>
                    <structure:Parent>
                        <Ref id="FRA"/>
                    </structure:Parent>
                </structure:Code>
                <structure:Code id="FR044">
                    <common:Annotations>
                        <common:Annotation>
                            <common:AnnotationType>ORDER</common:AnnotationType>
                            <common:AnnotationText xml:lang="en">370</common:AnnotationText>
                            <common:AnnotationText xml:lang="fr">370</common:AnnotationText>
                        </common:Annotation>
                    </common:Annotations>
                    <common:Name xml:lang="en">Nimes</common:Name>
                    <common:Name xml:lang="fr">Nimes</common:Name>
                    <structure:Parent>
                        <Ref id="FRA"/>
                    </structure:Parent>
                </structure:Code>
                <structure:Code id="FR045">
                    <common:Annotations>
                        <common:Annotation>
                            <common:AnnotationType>ORDER</common:AnnotationType>
                            <common:AnnotationText xml:lang="en">380</common:AnnotationText>
                            <common:AnnotationText xml:lang="fr">380</common:AnnotationText>
                        </common:Annotation>
                    </common:Annotations>
                    <common:Name xml:lang="en">Pau</common:Name>
                    <common:Name xml:lang="fr">Pau</common:Name>
                    <structure:Parent>
                        <Ref id="FRA"/>
                    </structure:Parent>
                </structure:Code>
                <structure:Code id="FR046">
                    <common:Annotations>
                        <common:Annotation>
                            <common:AnnotationType>ORDER</common:AnnotationType>
                            <common:AnnotationText xml:lang="en">390</common:AnnotationText>
                            <common:AnnotationText xml:lang="fr">390</common:AnnotationText>
                        </common:Annotation>
                    </common:Annotations>
                    <common:Name xml:lang="en">Bayonne</common:Name>
                    <common:Name xml:lang="fr">Bayonne</common:Name>
                    <structure:Parent>
                        <Ref id="FRA"/>
                    </structure:Parent>
                </structure:Code>
                <structure:Code id="FR047">
                    <common:Annotations>
                        <common:Annotation>
                            <common:AnnotationType>ORDER</common:AnnotationType>
                            <common:AnnotationText xml:lang="en">400</common:AnnotationText>
                            <common:AnnotationText xml:lang="fr">400</common:AnnotationText>
                        </common:Annotation>
                    </common:Annotations>
                    <common:Name xml:lang="en">Annemasse</common:Name>
                    <common:Name xml:lang="fr">Annemasse</common:Name>
                    <structure:Parent>
                        <Ref id="FRA"/>
                    </structure:Parent>
                </structure:Code>
                <structure:Code id="FR048">
                    <common:Annotations>
                        <common:Annotation>
                            <common:AnnotationType>ORDER</common:AnnotationType>
                            <common:AnnotationText xml:lang="en">410</common:AnnotationText>
                            <common:AnnotationText xml:lang="fr">410</common:AnnotationText>
                        </common:Annotation>
                    </common:Annotations>
                    <common:Name xml:lang="en">Annecy</common:Name>
                    <common:Name xml:lang="fr">Annecy</common:Name>
                    <structure:Parent>
                        <Ref id="FRA"/>
                    </structure:Parent>
                </structure:Code>
                <structure:Code id="FR049">
                    <common:Annotations>
                        <common:Annotation>
                            <common:AnnotationType>ORDER</common:AnnotationType>
                            <common:AnnotationText xml:lang="en">420</common:AnnotationText>
                            <common:AnnotationText xml:lang="fr">420</common:AnnotationText>
                        </common:Annotation>
                    </common:Annotations>
                    <common:Name xml:lang="en">Lorient</common:Name>
                    <common:Name xml:lang="fr">Lorient</common:Name>
                    <structure:Parent>
                        <Ref id="FRA"/>
                    </structure:Parent>
                </structure:Code>
                <structure:Code id="FR050">
                    <common:Annotations>
                        <common:Annotation>
                            <common:AnnotationType>ORDER</common:AnnotationType>
                            <common:AnnotationText xml:lang="en">430</common:AnnotationText>
                            <common:AnnotationText xml:lang="fr">430</common:AnnotationText>
                        </common:Annotation>
                    </common:Annotations>
                    <common:Name xml:lang="en">Montbeliard</common:Name>
                    <common:Name xml:lang="fr">Montbeliard</common:Name>
                    <structure:Parent>
                        <Ref id="FRA"/>
                    </structure:Parent>
                </structure:Code>
                <structure:Code id="FR051">
                    <common:Annotations>
                        <common:Annotation>
                            <common:AnnotationType>ORDER</common:AnnotationType>
                            <common:AnnotationText xml:lang="en">440</common:AnnotationText>
                            <common:AnnotationText xml:lang="fr">440</common:AnnotationText>
                        </common:Annotation>
                    </common:Annotations>
                    <common:Name xml:lang="en">Troyes</common:Name>
                    <common:Name xml:lang="fr">Troyes</common:Name>
                    <structure:Parent>
                        <Ref id="FRA"/>
                    </structure:Parent>
                </structure:Code>
                <structure:Code id="FR052">
                    <common:Annotations>
                        <common:Annotation>
                            <common:AnnotationType>ORDER</common:AnnotationType>
                            <common:AnnotationText xml:lang="en">450</common:AnnotationText>
                            <common:AnnotationText xml:lang="fr">450</common:AnnotationText>
                        </common:Annotation>
                    </common:Annotations>
                    <common:Name xml:lang="en">Saint-Nazaire</common:Name>
                    <common:Name xml:lang="fr">Saint-Nazaire</common:Name>
                    <structure:Parent>
                        <Ref id="FRA"/>
                    </structure:Parent>
                </structure:Code>
                <structure:Code id="FR053">
                    <common:Annotations>
                        <common:Annotation>
                            <common:AnnotationType>ORDER</common:AnnotationType>
                            <common:AnnotationText xml:lang="en">460</common:AnnotationText>
                            <common:AnnotationText xml:lang="fr">460</common:AnnotationText>
                        </common:Annotation>
                    </common:Annotations>
                    <common:Name xml:lang="en">La Rochelle</common:Name>
                    <common:Name xml:lang="fr">La Rochelle</common:Name>
                    <structure:Parent>
                        <Ref id="FRA"/>
                    </structure:Parent>
                </structure:Code>
                <structure:Code id="FR056">
                    <common:Annotations>
                        <common:Annotation>
                            <common:AnnotationType>ORDER</common:AnnotationType>
                            <common:AnnotationText xml:lang="en">470</common:AnnotationText>
                            <common:AnnotationText xml:lang="fr">470</common:AnnotationText>
                        </common:Annotation>
                    </common:Annotations>
                    <common:Name xml:lang="en">Angouleme</common:Name>
                    <common:Name xml:lang="fr">Angouleme</common:Name>
                    <structure:Parent>
                        <Ref id="FRA"/>
                    </structure:Parent>
                </structure:Code>
                <structure:Code id="FR057">
                    <common:Annotations>
                        <common:Annotation>
                            <common:AnnotationType>ORDER</common:AnnotationType>
                            <common:AnnotationText xml:lang="en">480</common:AnnotationText>
                            <common:AnnotationText xml:lang="fr">480</common:AnnotationText>
                        </common:Annotation>
                    </common:Annotations>
                    <common:Name xml:lang="en">Boulogne-sur-Mer</common:Name>
                    <common:Name xml:lang="fr">Boulogne-sur-Mer</common:Name>
                    <structure:Parent>
                        <Ref id="FRA"/>
                    </structure:Parent>
                </structure:Code>
                <structure:Code id="FR058">
                    <common:Annotations>
                        <common:Annotation>
                            <common:AnnotationType>ORDER</common:AnnotationType>
                            <common:AnnotationText xml:lang="en">490</common:AnnotationText>
                            <common:AnnotationText xml:lang="fr">490</common:AnnotationText>
                        </common:Annotation>
                    </common:Annotations>
                    <common:Name xml:lang="en">Chambery</common:Name>
                    <common:Name xml:lang="fr">Chambery</common:Name>
                    <structure:Parent>
                        <Ref id="FRA"/>
                    </structure:Parent>
                </structure:Code>
                <structure:Code id="FR059">
                    <common:Annotations>
                        <common:Annotation>
                            <common:AnnotationType>ORDER</common:AnnotationType>
                            <common:AnnotationText xml:lang="en">500</common:AnnotationText>
                            <common:AnnotationText xml:lang="fr">500</common:AnnotationText>
                        </common:Annotation>
                    </common:Annotations>
                    <common:Name xml:lang="en">Chalon-sur-Saone</common:Name>
                    <common:Name xml:lang="fr">Chalon-sur-Saone</common:Name>
                    <structure:Parent>
                        <Ref id="FRA"/>
                    </structure:Parent>
                </structure:Code>
                <structure:Code id="FR060">
                    <common:Annotations>
                        <common:Annotation>
                            <common:AnnotationType>ORDER</common:AnnotationType>
                            <common:AnnotationText xml:lang="en">510</common:AnnotationText>
                            <common:AnnotationText xml:lang="fr">510</common:AnnotationText>
                        </common:Annotation>
                    </common:Annotations>
                    <common:Name xml:lang="en">Chartres</common:Name>
                    <common:Name xml:lang="fr">Chartres</common:Name>
                    <structure:Parent>
                        <Ref id="FRA"/>
                    </structure:Parent>
                </structure:Code>
                <structure:Code id="FR061">
                    <common:Annotations>
                        <common:Annotation>
                            <common:AnnotationType>ORDER</common:AnnotationType>
                            <common:AnnotationText xml:lang="en">520</common:AnnotationText>
                            <common:AnnotationText xml:lang="fr">520</common:AnnotationText>
                        </common:Annotation>
                    </common:Annotations>
                    <common:Name xml:lang="en">Niort</common:Name>
                    <common:Name xml:lang="fr">Niort</common:Name>
                    <structure:Parent>
                        <Ref id="FRA"/>
                    </structure:Parent>
                </structure:Code>
                <structure:Code id="FR062">
                    <common:Annotations>
                        <common:Annotation>
                            <common:AnnotationType>ORDER</common:AnnotationType>
                            <common:AnnotationText xml:lang="en">530</common:AnnotationText>
                            <common:AnnotationText xml:lang="fr">530</common:AnnotationText>
                        </common:Annotation>
                    </common:Annotations>
                    <common:Name xml:lang="en">Calais</common:Name>
                    <common:Name xml:lang="fr">Calais</common:Name>
                    <structure:Parent>
                        <Ref id="FRA"/>
                    </structure:Parent>
                </structure:Code>
                <structure:Code id="FR063">
                    <common:Annotations>
                        <common:Annotation>
                            <common:AnnotationType>ORDER</common:AnnotationType>
                            <common:AnnotationText xml:lang="en">540</common:AnnotationText>
                            <common:AnnotationText xml:lang="fr">540</common:AnnotationText>
                        </common:Annotation>
                    </common:Annotations>
                    <common:Name xml:lang="en">Beziers</common:Name>
                    <common:Name xml:lang="fr">Beziers</common:Name>
                    <structure:Parent>
                        <Ref id="FRA"/>
                    </structure:Parent>
                </structure:Code>
                <structure:Code id="FR064">
                    <common:Annotations>
                        <common:Annotation>
                            <common:AnnotationType>ORDER</common:AnnotationType>
                            <common:AnnotationText xml:lang="en">550</common:AnnotationText>
                            <common:AnnotationText xml:lang="fr">550</common:AnnotationText>
                        </common:Annotation>
                    </common:Annotations>
                    <common:Name xml:lang="en">Arras</common:Name>
                    <common:Name xml:lang="fr">Arras</common:Name>
                    <structure:Parent>
                        <Ref id="FRA"/>
                    </structure:Parent>
                </structure:Code>
                <structure:Code id="FR065">
                    <common:Annotations>
                        <common:Annotation>
                            <common:AnnotationType>ORDER</common:AnnotationType>
                            <common:AnnotationText xml:lang="en">560</common:AnnotationText>
                            <common:AnnotationText xml:lang="fr">560</common:AnnotationText>
                        </common:Annotation>
                    </common:Annotations>
                    <common:Name xml:lang="en">Bourges</common:Name>
                    <common:Name xml:lang="fr">Bourges</common:Name>
                    <structure:Parent>
                        <Ref id="FRA"/>
                    </structure:Parent>
                </structure:Code>
                <structure:Code id="FR066">
                    <common:Annotations>
                        <common:Annotation>
                            <common:AnnotationType>ORDER</common:AnnotationType>
                            <common:AnnotationText xml:lang="en">570</common:AnnotationText>
                            <common:AnnotationText xml:lang="fr">570</common:AnnotationText>
                        </common:Annotation>
                    </common:Annotations>
                    <common:Name xml:lang="en">Saint-Brieuc</common:Name>
                    <common:Name xml:lang="fr">Saint-Brieuc</common:Name>
                    <structure:Parent>
                        <Ref id="FRA"/>
                    </structure:Parent>
                </structure:Code>
                <structure:Code id="FR067">
                    <common:Annotations>
                        <common:Annotation>
                            <common:AnnotationType>ORDER</common:AnnotationType>
                            <common:AnnotationText xml:lang="en">580</common:AnnotationText>
                            <common:AnnotationText xml:lang="fr">580</common:AnnotationText>
                        </common:Annotation>
                    </common:Annotations>
                    <common:Name xml:lang="en">Quimper</common:Name>
                    <common:Name xml:lang="fr">Quimper</common:Name>
                    <structure:Parent>
                        <Ref id="FRA"/>
                    </structure:Parent>
                </structure:Code>
                <structure:Code id="FR068">
                    <common:Annotations>
                        <common:Annotation>
                            <common:AnnotationType>ORDER</common:AnnotationType>
                            <common:AnnotationText xml:lang="en">590</common:AnnotationText>
                            <common:AnnotationText xml:lang="fr">590</common:AnnotationText>
                        </common:Annotation>
                    </common:Annotations>
                    <common:Name xml:lang="en">Vannes</common:Name>
                    <common:Name xml:lang="fr">Vannes</common:Name>
                    <structure:Parent>
                        <Ref id="FRA"/>
                    </structure:Parent>
                </structure:Code>
                <structure:Code id="FR069">
                    <common:Annotations>
                        <common:Annotation>
                            <common:AnnotationType>ORDER</common:AnnotationType>
                            <common:AnnotationText xml:lang="en">600</common:AnnotationText>
                            <common:AnnotationText xml:lang="fr">600</common:AnnotationText>
                        </common:Annotation>
                    </common:Annotations>
                    <common:Name xml:lang="en">Cherbourg</common:Name>
                    <common:Name xml:lang="fr">Cherbourg</common:Name>
                    <structure:Parent>
                        <Ref id="FRA"/>
                    </structure:Parent>
                </structure:Code>
                <structure:Code id="FR073">
                    <common:Annotations>
                        <common:Annotation>
                            <common:AnnotationType>ORDER</common:AnnotationType>
                            <common:AnnotationText xml:lang="en">610</common:AnnotationText>
                            <common:AnnotationText xml:lang="fr">610</common:AnnotationText>
                        </common:Annotation>
                    </common:Annotations>
                    <common:Name xml:lang="en">Tarbes</common:Name>
                    <common:Name xml:lang="fr">Tarbes</common:Name>
                    <structure:Parent>
                        <Ref id="FRA"/>
                    </structure:Parent>
                </structure:Code>
                <structure:Code id="FR074">
                    <common:Annotations>
                        <common:Annotation>
                            <common:AnnotationType>ORDER</common:AnnotationType>
                            <common:AnnotationText xml:lang="en">620</common:AnnotationText>
                            <common:AnnotationText xml:lang="fr">620</common:AnnotationText>
                        </common:Annotation>
                    </common:Annotations>
                    <common:Name xml:lang="en">Compiegne</common:Name>
                    <common:Name xml:lang="fr">Compiegne</common:Name>
                    <structure:Parent>
                        <Ref id="FRA"/>
                    </structure:Parent>
                </structure:Code>
                <structure:Code id="FR076">
                    <common:Annotations>
                        <common:Annotation>
                            <common:AnnotationType>ORDER</common:AnnotationType>
                            <common:AnnotationText xml:lang="en">630</common:AnnotationText>
                            <common:AnnotationText xml:lang="fr">630</common:AnnotationText>
                        </common:Annotation>
                    </common:Annotations>
                    <common:Name xml:lang="en">Belfort</common:Name>
                    <common:Name xml:lang="fr">Belfort</common:Name>
                    <structure:Parent>
                        <Ref id="FRA"/>
                    </structure:Parent>
                </structure:Code>
                <structure:Code id="FR077">
                    <common:Annotations>
                        <common:Annotation>
                            <common:AnnotationType>ORDER</common:AnnotationType>
                            <common:AnnotationText xml:lang="en">640</common:AnnotationText>
                            <common:AnnotationText xml:lang="fr">640</common:AnnotationText>
                        </common:Annotation>
                    </common:Annotations>
                    <common:Name xml:lang="en">Roanne</common:Name>
                    <common:Name xml:lang="fr">Roanne</common:Name>
                    <structure:Parent>
                        <Ref id="FRA"/>
                    </structure:Parent>
                </structure:Code>
                <structure:Code id="FR079">
                    <common:Annotations>
                        <common:Annotation>
                            <common:AnnotationType>ORDER</common:AnnotationType>
                            <common:AnnotationText xml:lang="en">650</common:AnnotationText>
                            <common:AnnotationText xml:lang="fr">650</common:AnnotationText>
                        </common:Annotation>
                    </common:Annotations>
                    <common:Name xml:lang="en">Saint-Quentin</common:Name>
                    <common:Name xml:lang="fr">Saint-Quentin</common:Name>
                    <structure:Parent>
                        <Ref id="FRA"/>
                    </structure:Parent>
                </structure:Code>
                <structure:Code id="FR082">
                    <common:Annotations>
                        <common:Annotation>
                            <common:AnnotationType>ORDER</common:AnnotationType>
                            <common:AnnotationText xml:lang="en">660</common:AnnotationText>
                            <common:AnnotationText xml:lang="fr">660</common:AnnotationText>
                        </common:Annotation>
                    </common:Annotations>
                    <common:Name xml:lang="en">Beauvais</common:Name>
                    <common:Name xml:lang="fr">Beauvais</common:Name>
                    <structure:Parent>
                        <Ref id="FRA"/>
                    </structure:Parent>
                </structure:Code>
                <structure:Code id="FR084">
                    <common:Annotations>
                        <common:Annotation>
                            <common:AnnotationType>ORDER</common:AnnotationType>
                            <common:AnnotationText xml:lang="en">670</common:AnnotationText>
                            <common:AnnotationText xml:lang="fr">670</common:AnnotationText>
                        </common:Annotation>
                    </common:Annotations>
                    <common:Name xml:lang="en">Creil</common:Name>
                    <common:Name xml:lang="fr">Creil</common:Name>
                    <structure:Parent>
                        <Ref id="FRA"/>
                    </structure:Parent>
                </structure:Code>
                <structure:Code id="FR086">
                    <common:Annotations>
                        <common:Annotation>
                            <common:AnnotationType>ORDER</common:AnnotationType>
                            <common:AnnotationText xml:lang="en">680</common:AnnotationText>
                            <common:AnnotationText xml:lang="fr">680</common:AnnotationText>
                        </common:Annotation>
                    </common:Annotations>
                    <common:Name xml:lang="en">Evreux</common:Name>
                    <common:Name xml:lang="fr">Evreux</common:Name>
                    <structure:Parent>
                        <Ref id="FRA"/>
                    </structure:Parent>
                </structure:Code>
                <structure:Code id="FR090">
                    <common:Annotations>
                        <common:Annotation>
                            <common:AnnotationType>ORDER</common:AnnotationType>
                            <common:AnnotationText xml:lang="en">690</common:AnnotationText>
                            <common:AnnotationText xml:lang="fr">690</common:AnnotationText>
                        </common:Annotation>
                    </common:Annotations>
                    <common:Name xml:lang="en">Chateauroux</common:Name>
                    <common:Name xml:lang="fr">Chateauroux</common:Name>
                    <structure:Parent>
                        <Ref id="FRA"/>
                    </structure:Parent>
                </structure:Code>
                <structure:Code id="FR093">
                    <common:Annotations>
                        <common:Annotation>
                            <common:AnnotationType>ORDER</common:AnnotationType>
                            <common:AnnotationText xml:lang="en">700</common:AnnotationText>
                            <common:AnnotationText xml:lang="fr">700</common:AnnotationText>
                        </common:Annotation>
                    </common:Annotations>
                    <common:Name xml:lang="en">Brive-la-Gaillarde</common:Name>
                    <common:Name xml:lang="fr">Brive-la-Gaillarde</common:Name>
                    <structure:Parent>
                        <Ref id="FRA"/>
                    </structure:Parent>
                </structure:Code>
                <structure:Code id="FR096">
                    <common:Annotations>
                        <common:Annotation>
                            <common:AnnotationType>ORDER</common:AnnotationType>
                            <common:AnnotationText xml:lang="en">710</common:AnnotationText>
                            <common:AnnotationText xml:lang="fr">710</common:AnnotationText>
                        </common:Annotation>
                    </common:Annotations>
                    <common:Name xml:lang="en">Albi</common:Name>
                    <common:Name xml:lang="fr">Albi</common:Name>
                    <structure:Parent>
                        <Ref id="FRA"/>
                    </structure:Parent>
                </structure:Code>
                <structure:Code id="FR099">
                    <common:Annotations>
                        <common:Annotation>
                            <common:AnnotationType>ORDER</common:AnnotationType>
                            <common:AnnotationText xml:lang="en">720</common:AnnotationText>
                            <common:AnnotationText xml:lang="fr">720</common:AnnotationText>
                        </common:Annotation>
                    </common:Annotations>
                    <common:Name xml:lang="en">Frejus</common:Name>
                    <common:Name xml:lang="fr">Frejus</common:Name>
                    <structure:Parent>
                        <Ref id="FRA"/>
                    </structure:Parent>
                </structure:Code>
                <structure:Code id="FR104">
                    <common:Annotations>
                        <common:Annotation>
                            <common:AnnotationType>ORDER</common:AnnotationType>
                            <common:AnnotationText xml:lang="en">730</common:AnnotationText>
                            <common:AnnotationText xml:lang="fr">730</common:AnnotationText>
                        </common:Annotation>
                    </common:Annotations>
                    <common:Name xml:lang="en">Chalons-en-Champagne</common:Name>
                    <common:Name xml:lang="fr">Chalons-en-Champagne</common:Name>
                    <structure:Parent>
                        <Ref id="FRA"/>
                    </structure:Parent>
                </structure:Code>
                <structure:Code id="FR202">
                    <common:Annotations>
                        <common:Annotation>
                            <common:AnnotationType>ORDER</common:AnnotationType>
                            <common:AnnotationText xml:lang="en">740</common:AnnotationText>
                            <common:AnnotationText xml:lang="fr">740</common:AnnotationText>
                        </common:Annotation>
                    </common:Annotations>
                    <common:Name xml:lang="en">Aix-en-Provence</common:Name>
                    <common:Name xml:lang="fr">Aix-en-Provence</common:Name>
                    <structure:Parent>
                        <Ref id="FRA"/>
                    </structure:Parent>
                </structure:Code>
                <structure:Code id="FR203">
                    <common:Annotations>
                        <common:Annotation>
                            <common:AnnotationType>ORDER</common:AnnotationType>
                            <common:AnnotationText xml:lang="en">750</common:AnnotationText>
                            <common:AnnotationText xml:lang="fr">750</common:AnnotationText>
                        </common:Annotation>
                    </common:Annotations>
                    <common:Name xml:lang="en">Marseille</common:Name>
                    <common:Name xml:lang="fr">Marseille</common:Name>
                    <structure:Parent>
                        <Ref id="FRA"/>
                    </structure:Parent>
                </structure:Code>
                <structure:Code id="FR205">
                    <common:Annotations>
                        <common:Annotation>
                            <common:AnnotationType>ORDER</common:AnnotationType>
                            <common:AnnotationText xml:lang="en">760</common:AnnotationText>
                            <common:AnnotationText xml:lang="fr">760</common:AnnotationText>
                        </common:Annotation>
                    </common:Annotations>
                    <common:Name xml:lang="en">Nice</common:Name>
                    <common:Name xml:lang="fr">Nice</common:Name>
                    <structure:Parent>
                        <Ref id="FRA"/>
                    </structure:Parent>
                </structure:Code>
                <structure:Code id="FR207">
                    <common:Annotations>
                        <common:Annotation>
                            <common:AnnotationType>ORDER</common:AnnotationType>
                            <common:AnnotationText xml:lang="en">770</common:AnnotationText>
                            <common:AnnotationText xml:lang="fr">770</common:AnnotationText>
                        </common:Annotation>
                    </common:Annotations>
                    <common:Name xml:lang="en">Lens - Lievin</common:Name>
                    <common:Name xml:lang="fr">Lens - Lievin</common:Name>
                    <structure:Parent>
                        <Ref id="FRA"/>
                    </structure:Parent>
                </structure:Code>
                <structure:Code id="FR208">
                    <common:Annotations>
                        <common:Annotation>
                            <common:AnnotationType>ORDER</common:AnnotationType>
                            <common:AnnotationText xml:lang="en">780</common:AnnotationText>
                            <common:AnnotationText xml:lang="fr">780</common:AnnotationText>
                        </common:Annotation>
                    </common:Annotations>
                    <common:Name xml:lang="en">Henin - Carvin</common:Name>
                    <common:Name xml:lang="fr">Henin - Carvin</common:Name>
                    <structure:Parent>
                        <Ref id="FRA"/>
                    </structure:Parent>
                </structure:Code>
                <structure:Code id="FR209">
                    <common:Annotations>
                        <common:Annotation>
                            <common:AnnotationType>ORDER</common:AnnotationType>
                            <common:AnnotationText xml:lang="en">790</common:AnnotationText>
                            <common:AnnotationText xml:lang="fr">790</common:AnnotationText>
                        </common:Annotation>
                    </common:Annotations>
                    <common:Name xml:lang="en">Douai</common:Name>
                    <common:Name xml:lang="fr">Douai</common:Name>
                    <structure:Parent>
                        <Ref id="FRA"/>
                    </structure:Parent>
                </structure:Code>
                <structure:Code id="FR214">
                    <common:Annotations>
                        <common:Annotation>
                            <common:AnnotationType>ORDER</common:AnnotationType>
                            <common:AnnotationText xml:lang="en">800</common:AnnotationText>
                            <common:AnnotationText xml:lang="fr">800</common:AnnotationText>
                        </common:Annotation>
                    </common:Annotations>
                    <common:Name xml:lang="en">Valence</common:Name>
                    <common:Name xml:lang="fr">Valence</common:Name>
                    <structure:Parent>
                        <Ref id="FRA"/>
                    </structure:Parent>
                </structure:Code>
                <structure:Code id="FR215">
                    <common:Annotations>
                        <common:Annotation>
                            <common:AnnotationType>ORDER</common:AnnotationType>
                            <common:AnnotationText xml:lang="en">810</common:AnnotationText>
                            <common:AnnotationText xml:lang="fr">810</common:AnnotationText>
                        </common:Annotation>
                    </common:Annotations>
                    <common:Name xml:lang="en">Rouen</common:Name>
                    <common:Name xml:lang="fr">Rouen</common:Name>
                    <structure:Parent>
                        <Ref id="FRA"/>
                    </structure:Parent>
                </structure:Code>
                <structure:Code id="FR324">
                    <common:Annotations>
                        <common:Annotation>
                            <common:AnnotationType>ORDER</common:AnnotationType>
                            <common:AnnotationText xml:lang="en">820</common:AnnotationText>
                            <common:AnnotationText xml:lang="fr">820</common:AnnotationText>
                        </common:Annotation>
                    </common:Annotations>
                    <common:Name xml:lang="en">Martigues</common:Name>
                    <common:Name xml:lang="fr">Martigues</common:Name>
                    <structure:Parent>
                        <Ref id="FRA"/>
                    </structure:Parent>
                </structure:Code>
                <structure:Code id="FR505">
                    <common:Annotations>
                        <common:Annotation>
                            <common:AnnotationType>ORDER</common:AnnotationType>
                            <common:AnnotationText xml:lang="en">830</common:AnnotationText>
                            <common:AnnotationText xml:lang="fr">830</common:AnnotationText>
                        </common:Annotation>
                    </common:Annotations>
                    <common:Name xml:lang="en">Charleville-Mezieres</common:Name>
                    <common:Name xml:lang="fr">Charleville-Mezieres</common:Name>
                    <structure:Parent>
                        <Ref id="FRA"/>
                    </structure:Parent>
                </structure:Code>
                <structure:Code id="FR506">
                    <common:Annotations>
                        <common:Annotation>
                            <common:AnnotationType>ORDER</common:AnnotationType>
                            <common:AnnotationText xml:lang="en">840</common:AnnotationText>
                            <common:AnnotationText xml:lang="fr">840</common:AnnotationText>
                        </common:Annotation>
                    </common:Annotations>
                    <common:Name xml:lang="en">Colmar</common:Name>
                    <common:Name xml:lang="fr">Colmar</common:Name>
                    <structure:Parent>
                        <Ref id="FRA"/>
                    </structure:Parent>
                </structure:Code>
                <structure:Code id="FR519">
                    <common:Annotations>
                        <common:Annotation>
                            <common:AnnotationType>ORDER</common:AnnotationType>
                            <common:AnnotationText xml:lang="en">850</common:AnnotationText>
                            <common:AnnotationText xml:lang="fr">850</common:AnnotationText>
                        </common:Annotation>
                    </common:Annotations>
                    <common:Name xml:lang="en">Cannes</common:Name>
                    <common:Name xml:lang="fr">Cannes</common:Name>
                    <structure:Parent>
                        <Ref id="FRA"/>
                    </structure:Parent>
                </structure:Code>
                <structure:Code id="FR520">
                    <common:Annotations>
                        <common:Annotation>
                            <common:AnnotationType>ORDER</common:AnnotationType>
                            <common:AnnotationText xml:lang="en">860</common:AnnotationText>
                            <common:AnnotationText xml:lang="fr">860</common:AnnotationText>
                        </common:Annotation>
                    </common:Annotations>
                    <common:Name xml:lang="en">Les Abymes</common:Name>
                    <common:Name xml:lang="fr">Les Abymes</common:Name>
                    <structure:Parent>
                        <Ref id="FRA"/>
                    </structure:Parent>
                </structure:Code>
                <structure:Code id="FR521">
                    <common:Annotations>
                        <common:Annotation>
                            <common:AnnotationType>ORDER</common:AnnotationType>
                            <common:AnnotationText xml:lang="en">870</common:AnnotationText>
                            <common:AnnotationText xml:lang="fr">870</common:AnnotationText>
                        </common:Annotation>
                    </common:Annotations>
                    <common:Name xml:lang="en">Cayenne</common:Name>
                    <common:Name xml:lang="fr">Cayenne</common:Name>
                    <structure:Parent>
                        <Ref id="FRA"/>
                    </structure:Parent>
                </structure:Code>
                <structure:Code id="FR522">
                    <common:Annotations>
                        <common:Annotation>
                            <common:AnnotationType>ORDER</common:AnnotationType>
                            <common:AnnotationText xml:lang="en">880</common:AnnotationText>
                            <common:AnnotationText xml:lang="fr">880</common:AnnotationText>
                        </common:Annotation>
                    </common:Annotations>
                    <common:Name xml:lang="en">Mamoudzou</common:Name>
                    <common:Name xml:lang="fr">Mamoudzou</common:Name>
                    <structure:Parent>
                        <Ref id="FRA"/>
                    </structure:Parent>
                </structure:Code>
                <structure:Code id="DEU">
                    <common:Annotations>
                        <common:Annotation>
                            <common:AnnotationType>ORDER</common:AnnotationType>
                            <common:AnnotationText xml:lang="en">220</common:AnnotationText>
                            <common:AnnotationText xml:lang="fr">220</common:AnnotationText>
                        </common:Annotation>
                    </common:Annotations>
                    <common:Name xml:lang="en">Germany</common:Name>
                    <common:Name xml:lang="fr">Allemagne</common:Name>
                </structure:Code>
                <structure:Code id="DE001">
                    <common:Annotations>
                        <common:Annotation>
                            <common:AnnotationType>ORDER</common:AnnotationType>
                            <common:AnnotationText xml:lang="en">10</common:AnnotationText>
                            <common:AnnotationText xml:lang="fr">10</common:AnnotationText>
                        </common:Annotation>
                    </common:Annotations>
                    <common:Name xml:lang="en">Berlin</common:Name>
                    <common:Name xml:lang="fr">Berlin</common:Name>
                    <structure:Parent>
                        <Ref id="DEU"/>
                    </structure:Parent>
                </structure:Code>
                <structure:Code id="DE002">
                    <common:Annotations>
                        <common:Annotation>
                            <common:AnnotationType>ORDER</common:AnnotationType>
                            <common:AnnotationText xml:lang="en">20</common:AnnotationText>
                            <common:AnnotationText xml:lang="fr">20</common:AnnotationText>
                        </common:Annotation>
                    </common:Annotations>
                    <common:Name xml:lang="en">Hamburg</common:Name>
                    <common:Name xml:lang="fr">Hamburg</common:Name>
                    <structure:Parent>
                        <Ref id="DEU"/>
                    </structure:Parent>
                </structure:Code>
                <structure:Code id="DE003">
                    <common:Annotations>
                        <common:Annotation>
                            <common:AnnotationType>ORDER</common:AnnotationType>
                            <common:AnnotationText xml:lang="en">30</common:AnnotationText>
                            <common:AnnotationText xml:lang="fr">30</common:AnnotationText>
                        </common:Annotation>
                    </common:Annotations>
                    <common:Name xml:lang="en">Munich</common:Name>
                    <common:Name xml:lang="fr">Munich</common:Name>
                    <structure:Parent>
                        <Ref id="DEU"/>
                    </structure:Parent>
                </structure:Code>
                <structure:Code id="DE004">
                    <common:Annotations>
                        <common:Annotation>
                            <common:AnnotationType>ORDER</common:AnnotationType>
                            <common:AnnotationText xml:lang="en">40</common:AnnotationText>
                            <common:AnnotationText xml:lang="fr">40</common:AnnotationText>
                        </common:Annotation>
                    </common:Annotations>
                    <common:Name xml:lang="en">Cologne</common:Name>
                    <common:Name xml:lang="fr">Cologne</common:Name>
                    <structure:Parent>
                        <Ref id="DEU"/>
                    </structure:Parent>
                </structure:Code>
                <structure:Code id="DE005">
                    <common:Annotations>
                        <common:Annotation>
                            <common:AnnotationType>ORDER</common:AnnotationType>
                            <common:AnnotationText xml:lang="en">50</common:AnnotationText>
                            <common:AnnotationText xml:lang="fr">50</common:AnnotationText>
                        </common:Annotation>
                    </common:Annotations>
                    <common:Name xml:lang="en">Frankfurt am Main</common:Name>
                    <common:Name xml:lang="fr">Frankfurt am Main</common:Name>
                    <structure:Parent>
                        <Ref id="DEU"/>
                    </structure:Parent>
                </structure:Code>
                <structure:Code id="DE007">
                    <common:Annotations>
                        <common:Annotation>
                            <common:AnnotationType>ORDER</common:AnnotationType>
                            <common:AnnotationText xml:lang="en">60</common:AnnotationText>
                            <common:AnnotationText xml:lang="fr">60</common:AnnotationText>
                        </common:Annotation>
                    </common:Annotations>
                    <common:Name xml:lang="en">Stuttgart</common:Name>
                    <common:Name xml:lang="fr">Stuttgart</common:Name>
                    <structure:Parent>
                        <Ref id="DEU"/>
                    </structure:Parent>
                </structure:Code>
                <structure:Code id="DE008">
                    <common:Annotations>
                        <common:Annotation>
                            <common:AnnotationType>ORDER</common:AnnotationType>
                            <common:AnnotationText xml:lang="en">70</common:AnnotationText>
                            <common:AnnotationText xml:lang="fr">70</common:AnnotationText>
                        </common:Annotation>
                    </common:Annotations>
                    <common:Name xml:lang="en">Leipzig</common:Name>
                    <common:Name xml:lang="fr">Leipzig</common:Name>
                    <structure:Parent>
                        <Ref id="DEU"/>
                    </structure:Parent>
                </structure:Code>
                <structure:Code id="DE009">
                    <common:Annotations>
                        <common:Annotation>
                            <common:AnnotationType>ORDER</common:AnnotationType>
                            <common:AnnotationText xml:lang="en">80</common:AnnotationText>
                            <common:AnnotationText xml:lang="fr">80</common:AnnotationText>
                        </common:Annotation>
                    </common:Annotations>
                    <common:Name xml:lang="en">Dresden</common:Name>
                    <common:Name xml:lang="fr">Dresden</common:Name>
                    <structure:Parent>
                        <Ref id="DEU"/>
                    </structure:Parent>
                </structure:Code>
                <structure:Code id="DE011">
                    <common:Annotations>
                        <common:Annotation>
                            <common:AnnotationType>ORDER</common:AnnotationType>
                            <common:AnnotationText xml:lang="en">90</common:AnnotationText>
                            <common:AnnotationText xml:lang="fr">90</common:AnnotationText>
                        </common:Annotation>
                    </common:Annotations>
                    <common:Name xml:lang="en">Dusseldorf</common:Name>
                    <common:Name xml:lang="fr">Dusseldorf</common:Name>
                    <structure:Parent>
                        <Ref id="DEU"/>
                    </structure:Parent>
                </structure:Code>
                <structure:Code id="DE012">
                    <common:Annotations>
                        <common:Annotation>
                            <common:AnnotationType>ORDER</common:AnnotationType>
                            <common:AnnotationText xml:lang="en">100</common:AnnotationText>
                            <common:AnnotationText xml:lang="fr">100</common:AnnotationText>
                        </common:Annotation>
                    </common:Annotations>
                    <common:Name xml:lang="en">Bremen</common:Name>
                    <common:Name xml:lang="fr">Bremen</common:Name>
                    <structure:Parent>
                        <Ref id="DEU"/>
                    </structure:Parent>
                </structure:Code>
                <structure:Code id="DE013">
                    <common:Annotations>
                        <common:Annotation>
                            <common:AnnotationType>ORDER</common:AnnotationType>
                            <common:AnnotationText xml:lang="en">110</common:AnnotationText>
                            <common:AnnotationText xml:lang="fr">110</common:AnnotationText>
                        </common:Annotation>
                    </common:Annotations>
                    <common:Name xml:lang="en">Hanover</common:Name>
                    <common:Name xml:lang="fr">Hanover</common:Name>
                    <structure:Parent>
                        <Ref id="DEU"/>
                    </structure:Parent>
                </structure:Code>
                <structure:Code id="DE014">
                    <common:Annotations>
                        <common:Annotation>
                            <common:AnnotationType>ORDER</common:AnnotationType>
                            <common:AnnotationText xml:lang="en">120</common:AnnotationText>
                            <common:AnnotationText xml:lang="fr">120</common:AnnotationText>
                        </common:Annotation>
                    </common:Annotations>
                    <common:Name xml:lang="en">Nuremberg</common:Name>
                    <common:Name xml:lang="fr">Nuremberg</common:Name>
                    <structure:Parent>
                        <Ref id="DEU"/>
                    </structure:Parent>
                </structure:Code>
                <structure:Code id="DE017">
                    <common:Annotations>
                        <common:Annotation>
                            <common:AnnotationType>ORDER</common:AnnotationType>
                            <common:AnnotationText xml:lang="en">130</common:AnnotationText>
                            <common:AnnotationText xml:lang="fr">130</common:AnnotationText>
                        </common:Annotation>
                    </common:Annotations>
                    <common:Name xml:lang="en">Bielefeld</common:Name>
                    <common:Name xml:lang="fr">Bielefeld</common:Name>
                    <structure:Parent>
                        <Ref id="DEU"/>
                    </structure:Parent>
                </structure:Code>
                <structure:Code id="DE018">
                    <common:Annotations>
                        <common:Annotation>
                            <common:AnnotationType>ORDER</common:AnnotationType>
                            <common:AnnotationText xml:lang="en">140</common:AnnotationText>
                            <common:AnnotationText xml:lang="fr">140</common:AnnotationText>
                        </common:Annotation>
                    </common:Annotations>
                    <common:Name xml:lang="en">Halle an der Saale</common:Name>
                    <common:Name xml:lang="fr">Halle an der Saale</common:Name>
                    <structure:Parent>
                        <Ref id="DEU"/>
                    </structure:Parent>
                </structure:Code>
                <structure:Code id="DE019">
                    <common:Annotations>
                        <common:Annotation>
                            <common:AnnotationType>ORDER</common:AnnotationType>
                            <common:AnnotationText xml:lang="en">150</common:AnnotationText>
                            <common:AnnotationText xml:lang="fr">150</common:AnnotationText>
                        </common:Annotation>
                    </common:Annotations>
                    <common:Name xml:lang="en">Magdeburg</common:Name>
                    <common:Name xml:lang="fr">Magdeburg</common:Name>
                    <structure:Parent>
                        <Ref id="DEU"/>
                    </structure:Parent>
                </structure:Code>
                <structure:Code id="DE020">
                    <common:Annotations>
                        <common:Annotation>
                            <common:AnnotationType>ORDER</common:AnnotationType>
                            <common:AnnotationText xml:lang="en">160</common:AnnotationText>
                            <common:AnnotationText xml:lang="fr">160</common:AnnotationText>
                        </common:Annotation>
                    </common:Annotations>
                    <common:Name xml:lang="en">Wiesbaden</common:Name>
                    <common:Name xml:lang="fr">Wiesbaden</common:Name>
                    <structure:Parent>
                        <Ref id="DEU"/>
                    </structure:Parent>
                </structure:Code>
                <structure:Code id="DE021">
                    <common:Annotations>
                        <common:Annotation>
                            <common:AnnotationType>ORDER</common:AnnotationType>
                            <common:AnnotationText xml:lang="en">170</common:AnnotationText>
                            <common:AnnotationText xml:lang="fr">170</common:AnnotationText>
                        </common:Annotation>
                    </common:Annotations>
                    <common:Name xml:lang="en">Gottingen</common:Name>
                    <common:Name xml:lang="fr">Gottingen</common:Name>
                    <structure:Parent>
                        <Ref id="DEU"/>
                    </structure:Parent>
                </structure:Code>
                <structure:Code id="DE025">
                    <common:Annotations>
                        <common:Annotation>
                            <common:AnnotationType>ORDER</common:AnnotationType>
                            <common:AnnotationText xml:lang="en">180</common:AnnotationText>
                            <common:AnnotationText xml:lang="fr">180</common:AnnotationText>
                        </common:Annotation>
                    </common:Annotations>
                    <common:Name xml:lang="en">Darmstadt</common:Name>
                    <common:Name xml:lang="fr">Darmstadt</common:Name>
                    <structure:Parent>
                        <Ref id="DEU"/>
                    </structure:Parent>
                </structure:Code>
                <structure:Code id="DE026">
                    <common:Annotations>
                        <common:Annotation>
                            <common:AnnotationType>ORDER</common:AnnotationType>
                            <common:AnnotationText xml:lang="en">190</common:AnnotationText>
                            <common:AnnotationText xml:lang="fr">190</common:AnnotationText>
                        </common:Annotation>
                    </common:Annotations>
                    <common:Name xml:lang="en">Trier</common:Name>
                    <common:Name xml:lang="fr">Trier</common:Name>
                    <structure:Parent>
                        <Ref id="DEU"/>
                    </structure:Parent>
                </structure:Code>
                <structure:Code id="DE027">
                    <common:Annotations>
                        <common:Annotation>
                            <common:AnnotationType>ORDER</common:AnnotationType>
                            <common:AnnotationText xml:lang="en">200</common:AnnotationText>
                            <common:AnnotationText xml:lang="fr">200</common:AnnotationText>
                        </common:Annotation>
                    </common:Annotations>
                    <common:Name xml:lang="en">Freiburg im Breisgau</common:Name>
                    <common:Name xml:lang="fr">Freiburg im Breisgau</common:Name>
                    <structure:Parent>
                        <Ref id="DEU"/>
                    </structure:Parent>
                </structure:Code>
                <structure:Code id="DE028">
                    <common:Annotations>
                        <common:Annotation>
                            <common:AnnotationType>ORDER</common:AnnotationType>
                            <common:AnnotationText xml:lang="en">210</common:AnnotationText>
                            <common:AnnotationText xml:lang="fr">210</common:AnnotationText>
                        </common:Annotation>
                    </common:Annotations>
                    <common:Name xml:lang="en">Regensburg</common:Name>
                    <common:Name xml:lang="fr">Regensburg</common:Name>
                    <structure:Parent>
                        <Ref id="DEU"/>
                    </structure:Parent>
                </structure:Code>
                <structure:Code id="DE029">
                    <common:Annotations>
                        <common:Annotation>
                            <common:AnnotationType>ORDER</common:AnnotationType>
                            <common:AnnotationText xml:lang="en">220</common:AnnotationText>
                            <common:AnnotationText xml:lang="fr">220</common:AnnotationText>
                        </common:Annotation>
                    </common:Annotations>
                    <common:Name xml:lang="en">Frankfurt</common:Name>
                    <common:Name xml:lang="fr">Frankfurt</common:Name>
                    <structure:Parent>
                        <Ref id="DEU"/>
                    </structure:Parent>
                </structure:Code>
                <structure:Code id="DE030">
                    <common:Annotations>
                        <common:Annotation>
                            <common:AnnotationType>ORDER</common:AnnotationType>
                            <common:AnnotationText xml:lang="en">230</common:AnnotationText>
                            <common:AnnotationText xml:lang="fr">230</common:AnnotationText>
                        </common:Annotation>
                    </common:Annotations>
                    <common:Name xml:lang="en">Weimar</common:Name>
                    <common:Name xml:lang="fr">Weimar</common:Name>
                    <structure:Parent>
                        <Ref id="DEU"/>
                    </structure:Parent>
                </structure:Code>
                <structure:Code id="DE031">
                    <common:Annotations>
                        <common:Annotation>
                            <common:AnnotationType>ORDER</common:AnnotationType>
                            <common:AnnotationText xml:lang="en">240</common:AnnotationText>
                            <common:AnnotationText xml:lang="fr">240</common:AnnotationText>
                        </common:Annotation>
                    </common:Annotations>
                    <common:Name xml:lang="en">Schwerin</common:Name>
                    <common:Name xml:lang="fr">Schwerin</common:Name>
                    <structure:Parent>
                        <Ref id="DEU"/>
                    </structure:Parent>
                </structure:Code>
                <structure:Code id="DE032">
                    <common:Annotations>
                        <common:Annotation>
                            <common:AnnotationType>ORDER</common:AnnotationType>
                            <common:AnnotationText xml:lang="en">250</common:AnnotationText>
                            <common:AnnotationText xml:lang="fr">250</common:AnnotationText>
                        </common:Annotation>
                    </common:Annotations>
                    <common:Name xml:lang="en">Erfurt</common:Name>
                    <common:Name xml:lang="fr">Erfurt</common:Name>
                    <structure:Parent>
                        <Ref id="DEU"/>
                    </structure:Parent>
                </structure:Code>
                <structure:Code id="DE033">
                    <common:Annotations>
                        <common:Annotation>
                            <common:AnnotationType>ORDER</common:AnnotationType>
                            <common:AnnotationText xml:lang="en">260</common:AnnotationText>
                            <common:AnnotationText xml:lang="fr">260</common:AnnotationText>
                        </common:Annotation>
                    </common:Annotations>
                    <common:Name xml:lang="en">Augsburg</common:Name>
                    <common:Name xml:lang="fr">Augsburg</common:Name>
                    <structure:Parent>
                        <Ref id="DEU"/>
                    </structure:Parent>
                </structure:Code>
                <structure:Code id="DE034">
                    <common:Annotations>
                        <common:Annotation>
                            <common:AnnotationType>ORDER</common:AnnotationType>
                            <common:AnnotationText xml:lang="en">270</common:AnnotationText>
                            <common:AnnotationText xml:lang="fr">270</common:AnnotationText>
                        </common:Annotation>
                    </common:Annotations>
                    <common:Name xml:lang="en">Bonn</common:Name>
                    <common:Name xml:lang="fr">Bonn</common:Name>
                    <structure:Parent>
                        <Ref id="DEU"/>
                    </structure:Parent>
                </structure:Code>
                <structure:Code id="DE035">
                    <common:Annotations>
                        <common:Annotation>
                            <common:AnnotationType>ORDER</common:AnnotationType>
                            <common:AnnotationText xml:lang="en">280</common:AnnotationText>
                            <common:AnnotationText xml:lang="fr">280</common:AnnotationText>
                        </common:Annotation>
                    </common:Annotations>
                    <common:Name xml:lang="en">Karlsruhe</common:Name>
                    <common:Name xml:lang="fr">Karlsruhe</common:Name>
                    <structure:Parent>
                        <Ref id="DEU"/>
                    </structure:Parent>
                </structure:Code>
                <structure:Code id="DE036">
                    <common:Annotations>
                        <common:Annotation>
                            <common:AnnotationType>ORDER</common:AnnotationType>
                            <common:AnnotationText xml:lang="en">290</common:AnnotationText>
                            <common:AnnotationText xml:lang="fr">290</common:AnnotationText>
                        </common:Annotation>
                    </common:Annotations>
                    <common:Name xml:lang="en">Monchengladbach</common:Name>
                    <common:Name xml:lang="fr">Monchengladbach</common:Name>
                    <structure:Parent>
                        <Ref id="DEU"/>
                    </structure:Parent>
                </structure:Code>
                <structure:Code id="DE037">
                    <common:Annotations>
                        <common:Annotation>
                            <common:AnnotationType>ORDER</common:AnnotationType>
                            <common:AnnotationText xml:lang="en">300</common:AnnotationText>
                            <common:AnnotationText xml:lang="fr">300</common:AnnotationText>
                        </common:Annotation>
                    </common:Annotations>
                    <common:Name xml:lang="en">Mainz</common:Name>
                    <common:Name xml:lang="fr">Mainz</common:Name>
                    <structure:Parent>
                        <Ref id="DEU"/>
                    </structure:Parent>
                </structure:Code>
                <structure:Code id="DE038">
                    <common:Annotations>
                        <common:Annotation>
                            <common:AnnotationType>ORDER</common:AnnotationType>
                            <common:AnnotationText xml:lang="en">310</common:AnnotationText>
                            <common:AnnotationText xml:lang="fr">310</common:AnnotationText>
                        </common:Annotation>
                    </common:Annotations>
                    <common:Name xml:lang="en">Ruhr</common:Name>
                    <common:Name xml:lang="fr">Ruhr</common:Name>
                    <structure:Parent>
                        <Ref id="DEU"/>
                    </structure:Parent>
                </structure:Code>
                <structure:Code id="DE039">
                    <common:Annotations>
                        <common:Annotation>
                            <common:AnnotationType>ORDER</common:AnnotationType>
                            <common:AnnotationText xml:lang="en">320</common:AnnotationText>
                            <common:AnnotationText xml:lang="fr">320</common:AnnotationText>
                        </common:Annotation>
                    </common:Annotations>
                    <common:Name xml:lang="en">Kiel</common:Name>
                    <common:Name xml:lang="fr">Kiel</common:Name>
                    <structure:Parent>
                        <Ref id="DEU"/>
                    </structure:Parent>
                </structure:Code>
                <structure:Code id="DE040">
                    <common:Annotations>
                        <common:Annotation>
                            <common:AnnotationType>ORDER</common:AnnotationType>
                            <common:AnnotationText xml:lang="en">330</common:AnnotationText>
                            <common:AnnotationText xml:lang="fr">330</common:AnnotationText>
                        </common:Annotation>
                    </common:Annotations>
                    <common:Name xml:lang="en">Saarbrucken</common:Name>
                    <common:Name xml:lang="fr">Saarbrucken</common:Name>
                    <structure:Parent>
                        <Ref id="DEU"/>
                    </structure:Parent>
                </structure:Code>
                <structure:Code id="DE042">
                    <common:Annotations>
                        <common:Annotation>
                            <common:AnnotationType>ORDER</common:AnnotationType>
                            <common:AnnotationText xml:lang="en">340</common:AnnotationText>
                            <common:AnnotationText xml:lang="fr">340</common:AnnotationText>
                        </common:Annotation>
                    </common:Annotations>
                    <common:Name xml:lang="en">Koblenz</common:Name>
                    <common:Name xml:lang="fr">Koblenz</common:Name>
                    <structure:Parent>
                        <Ref id="DEU"/>
                    </structure:Parent>
                </structure:Code>
                <structure:Code id="DE043">
                    <common:Annotations>
                        <common:Annotation>
                            <common:AnnotationType>ORDER</common:AnnotationType>
                            <common:AnnotationText xml:lang="en">350</common:AnnotationText>
                            <common:AnnotationText xml:lang="fr">350</common:AnnotationText>
                        </common:Annotation>
                    </common:Annotations>
                    <common:Name xml:lang="en">Rostock</common:Name>
                    <common:Name xml:lang="fr">Rostock</common:Name>
                    <structure:Parent>
                        <Ref id="DEU"/>
                    </structure:Parent>
                </structure:Code>
                <structure:Code id="DE044">
                    <common:Annotations>
                        <common:Annotation>
                            <common:AnnotationType>ORDER</common:AnnotationType>
                            <common:AnnotationText xml:lang="en">360</common:AnnotationText>
                            <common:AnnotationText xml:lang="fr">360</common:AnnotationText>
                        </common:Annotation>
                    </common:Annotations>
                    <common:Name xml:lang="en">Kaiserslautern</common:Name>
                    <common:Name xml:lang="fr">Kaiserslautern</common:Name>
                    <structure:Parent>
                        <Ref id="DEU"/>
                    </structure:Parent>
                </structure:Code>
                <structure:Code id="DE045">
                    <common:Annotations>
                        <common:Annotation>
                            <common:AnnotationType>ORDER</common:AnnotationType>
                            <common:AnnotationText xml:lang="en">370</common:AnnotationText>
                            <common:AnnotationText xml:lang="fr">370</common:AnnotationText>
                        </common:Annotation>
                    </common:Annotations>
                    <common:Name xml:lang="en">Iserlohn</common:Name>
                    <common:Name xml:lang="fr">Iserlohn</common:Name>
                    <structure:Parent>
                        <Ref id="DEU"/>
                    </structure:Parent>
                </structure:Code>
                <structure:Code id="DE048">
                    <common:Annotations>
                        <common:Annotation>
                            <common:AnnotationType>ORDER</common:AnnotationType>
                            <common:AnnotationText xml:lang="en">380</common:AnnotationText>
                            <common:AnnotationText xml:lang="fr">380</common:AnnotationText>
                        </common:Annotation>
                    </common:Annotations>
                    <common:Name xml:lang="en">Wilhelmshaven</common:Name>
                    <common:Name xml:lang="fr">Wilhelmshaven</common:Name>
                    <structure:Parent>
                        <Ref id="DEU"/>
                    </structure:Parent>
                </structure:Code>
                <structure:Code id="DE050">
                    <common:Annotations>
                        <common:Annotation>
                            <common:AnnotationType>ORDER</common:AnnotationType>
                            <common:AnnotationText xml:lang="en">390</common:AnnotationText>
                            <common:AnnotationText xml:lang="fr">390</common:AnnotationText>
                        </common:Annotation>
                    </common:Annotations>
                    <common:Name xml:lang="en">Tubingen</common:Name>
                    <common:Name xml:lang="fr">Tubingen</common:Name>
                    <structure:Parent>
                        <Ref id="DEU"/>
                    </structure:Parent>
                </structure:Code>
                <structure:Code id="DE051">
                    <common:Annotations>
                        <common:Annotation>
                            <common:AnnotationType>ORDER</common:AnnotationType>
                            <common:AnnotationText xml:lang="en">400</common:AnnotationText>
                            <common:AnnotationText xml:lang="fr">400</common:AnnotationText>
                        </common:Annotation>
                    </common:Annotations>
                    <common:Name xml:lang="en">Villingen-Schwenningen</common:Name>
                    <common:Name xml:lang="fr">Villingen-Schwenningen</common:Name>
                    <structure:Parent>
                        <Ref id="DEU"/>
                    </structure:Parent>
                </structure:Code>
                <structure:Code id="DE052">
                    <common:Annotations>
                        <common:Annotation>
                            <common:AnnotationType>ORDER</common:AnnotationType>
                            <common:AnnotationText xml:lang="en">410</common:AnnotationText>
                            <common:AnnotationText xml:lang="fr">410</common:AnnotationText>
                        </common:Annotation>
                    </common:Annotations>
                    <common:Name xml:lang="en">Flensburg</common:Name>
                    <common:Name xml:lang="fr">Flensburg</common:Name>
                    <structure:Parent>
                        <Ref id="DEU"/>
                    </structure:Parent>
                </structure:Code>
                <structure:Code id="DE053">
                    <common:Annotations>
                        <common:Annotation>
                            <common:AnnotationType>ORDER</common:AnnotationType>
                            <common:AnnotationText xml:lang="en">420</common:AnnotationText>
                            <common:AnnotationText xml:lang="fr">420</common:AnnotationText>
                        </common:Annotation>
                    </common:Annotations>
                    <common:Name xml:lang="en">Marburg</common:Name>
                    <common:Name xml:lang="fr">Marburg</common:Name>
                    <structure:Parent>
                        <Ref id="DEU"/>
                    </structure:Parent>
                </structure:Code>
                <structure:Code id="DE054">
                    <common:Annotations>
                        <common:Annotation>
                            <common:AnnotationType>ORDER</common:AnnotationType>
                            <common:AnnotationText xml:lang="en">430</common:AnnotationText>
                            <common:AnnotationText xml:lang="fr">430</common:AnnotationText>
                        </common:Annotation>
                    </common:Annotations>
                    <common:Name xml:lang="en">Constance</common:Name>
                    <common:Name xml:lang="fr">Constance</common:Name>
                    <structure:Parent>
                        <Ref id="DEU"/>
                    </structure:Parent>
                </structure:Code>
                <structure:Code id="DE055">
                    <common:Annotations>
                        <common:Annotation>
                            <common:AnnotationType>ORDER</common:AnnotationType>
                            <common:AnnotationText xml:lang="en">440</common:AnnotationText>
                            <common:AnnotationText xml:lang="fr">440</common:AnnotationText>
                        </common:Annotation>
                    </common:Annotations>
                    <common:Name xml:lang="en">Neumunster</common:Name>
                    <common:Name xml:lang="fr">Neumunster</common:Name>
                    <structure:Parent>
                        <Ref id="DEU"/>
                    </structure:Parent>
                </structure:Code>
                <structure:Code id="DE056">
                    <common:Annotations>
                        <common:Annotation>
                            <common:AnnotationType>ORDER</common:AnnotationType>
                            <common:AnnotationText xml:lang="en">450</common:AnnotationText>
                            <common:AnnotationText xml:lang="fr">450</common:AnnotationText>
                        </common:Annotation>
                    </common:Annotations>
                    <common:Name xml:lang="en">Brandenburg an der Havel</common:Name>
                    <common:Name xml:lang="fr">Brandenburg an der Havel</common:Name>
                    <structure:Parent>
                        <Ref id="DEU"/>
                    </structure:Parent>
                </structure:Code>
                <structure:Code id="DE057">
                    <common:Annotations>
                        <common:Annotation>
                            <common:AnnotationType>ORDER</common:AnnotationType>
                            <common:AnnotationText xml:lang="en">460</common:AnnotationText>
                            <common:AnnotationText xml:lang="fr">460</common:AnnotationText>
                        </common:Annotation>
                    </common:Annotations>
                    <common:Name xml:lang="en">Giessen</common:Name>
                    <common:Name xml:lang="fr">Giessen</common:Name>
                    <structure:Parent>
                        <Ref id="DEU"/>
                    </structure:Parent>
                </structure:Code>
                <structure:Code id="DE058">
                    <common:Annotations>
                        <common:Annotation>
                            <common:AnnotationType>ORDER</common:AnnotationType>
                            <common:AnnotationText xml:lang="en">470</common:AnnotationText>
                            <common:AnnotationText xml:lang="fr">470</common:AnnotationText>
                        </common:Annotation>
                    </common:Annotations>
                    <common:Name xml:lang="en">Luneburg</common:Name>
                    <common:Name xml:lang="fr">Luneburg</common:Name>
                    <structure:Parent>
                        <Ref id="DEU"/>
                    </structure:Parent>
                </structure:Code>
                <structure:Code id="DE059">
                    <common:Annotations>
                        <common:Annotation>
                            <common:AnnotationType>ORDER</common:AnnotationType>
                            <common:AnnotationText xml:lang="en">480</common:AnnotationText>
                            <common:AnnotationText xml:lang="fr">480</common:AnnotationText>
                        </common:Annotation>
                    </common:Annotations>
                    <common:Name xml:lang="en">Bayreuth</common:Name>
                    <common:Name xml:lang="fr">Bayreuth</common:Name>
                    <structure:Parent>
                        <Ref id="DEU"/>
                    </structure:Parent>
                </structure:Code>
                <structure:Code id="DE060">
                    <common:Annotations>
                        <common:Annotation>
                            <common:AnnotationType>ORDER</common:AnnotationType>
                            <common:AnnotationText xml:lang="en">490</common:AnnotationText>
                            <common:AnnotationText xml:lang="fr">490</common:AnnotationText>
                        </common:Annotation>
                    </common:Annotations>
                    <common:Name xml:lang="en">Celle</common:Name>
                    <common:Name xml:lang="fr">Celle</common:Name>
                    <structure:Parent>
                        <Ref id="DEU"/>
                    </structure:Parent>
                </structure:Code>
                <structure:Code id="DE061">
                    <common:Annotations>
                        <common:Annotation>
                            <common:AnnotationType>ORDER</common:AnnotationType>
                            <common:AnnotationText xml:lang="en">500</common:AnnotationText>
                            <common:AnnotationText xml:lang="fr">500</common:AnnotationText>
                        </common:Annotation>
                    </common:Annotations>
                    <common:Name xml:lang="en">Aschaffenburg</common:Name>
                    <common:Name xml:lang="fr">Aschaffenburg</common:Name>
                    <structure:Parent>
                        <Ref id="DEU"/>
                    </structure:Parent>
                </structure:Code>
                <structure:Code id="DE062">
                    <common:Annotations>
                        <common:Annotation>
                            <common:AnnotationType>ORDER</common:AnnotationType>
                            <common:AnnotationText xml:lang="en">510</common:AnnotationText>
                            <common:AnnotationText xml:lang="fr">510</common:AnnotationText>
                        </common:Annotation>
                    </common:Annotations>
                    <common:Name xml:lang="en">Bamberg</common:Name>
                    <common:Name xml:lang="fr">Bamberg</common:Name>
                    <structure:Parent>
                        <Ref id="DEU"/>
                    </structure:Parent>
                </structure:Code>
                <structure:Code id="DE063">
                    <common:Annotations>
                        <common:Annotation>
                            <common:AnnotationType>ORDER</common:AnnotationType>
                            <common:AnnotationText xml:lang="en">520</common:AnnotationText>
                            <common:AnnotationText xml:lang="fr">520</common:AnnotationText>
                        </common:Annotation>
                    </common:Annotations>
                    <common:Name xml:lang="en">Plauen</common:Name>
                    <common:Name xml:lang="fr">Plauen</common:Name>
                    <structure:Parent>
                        <Ref id="DEU"/>
                    </structure:Parent>
                </structure:Code>
                <structure:Code id="DE064">
                    <common:Annotations>
                        <common:Annotation>
                            <common:AnnotationType>ORDER</common:AnnotationType>
                            <common:AnnotationText xml:lang="en">530</common:AnnotationText>
                            <common:AnnotationText xml:lang="fr">530</common:AnnotationText>
                        </common:Annotation>
                    </common:Annotations>
                    <common:Name xml:lang="en">Neubrandenburg</common:Name>
                    <common:Name xml:lang="fr">Neubrandenburg</common:Name>
                    <structure:Parent>
                        <Ref id="DEU"/>
                    </structure:Parent>
                </structure:Code>
                <structure:Code id="DE065">
                    <common:Annotations>
                        <common:Annotation>
                            <common:AnnotationType>ORDER</common:AnnotationType>
                            <common:AnnotationText xml:lang="en">540</common:AnnotationText>
                            <common:AnnotationText xml:lang="fr">540</common:AnnotationText>
                        </common:Annotation>
                    </common:Annotations>
                    <common:Name xml:lang="en">Fulda</common:Name>
                    <common:Name xml:lang="fr">Fulda</common:Name>
                    <structure:Parent>
                        <Ref id="DEU"/>
                    </structure:Parent>
                </structure:Code>
                <structure:Code id="DE066">
                    <common:Annotations>
                        <common:Annotation>
                            <common:AnnotationType>ORDER</common:AnnotationType>
                            <common:AnnotationText xml:lang="en">550</common:AnnotationText>
                            <common:AnnotationText xml:lang="fr">550</common:AnnotationText>
                        </common:Annotation>
                    </common:Annotations>
                    <common:Name xml:lang="en">Kempten (Allgau)</common:Name>
                    <common:Name xml:lang="fr">Kempten (Allgau)</common:Name>
                    <structure:Parent>
                        <Ref id="DEU"/>
                    </structure:Parent>
                </structure:Code>
                <structure:Code id="DE067">
                    <common:Annotations>
                        <common:Annotation>
                            <common:AnnotationType>ORDER</common:AnnotationType>
                            <common:AnnotationText xml:lang="en">560</common:AnnotationText>
                            <common:AnnotationText xml:lang="fr">560</common:AnnotationText>
                        </common:Annotation>
                    </common:Annotations>
                    <common:Name xml:lang="en">Landshut</common:Name>
                    <common:Name xml:lang="fr">Landshut</common:Name>
                    <structure:Parent>
                        <Ref id="DEU"/>
                    </structure:Parent>
                </structure:Code>
                <structure:Code id="DE069">
                    <common:Annotations>
                        <common:Annotation>
                            <common:AnnotationType>ORDER</common:AnnotationType>
                            <common:AnnotationText xml:lang="en">570</common:AnnotationText>
                            <common:AnnotationText xml:lang="fr">570</common:AnnotationText>
                        </common:Annotation>
                    </common:Annotations>
                    <common:Name xml:lang="en">Rosenheim</common:Name>
                    <common:Name xml:lang="fr">Rosenheim</common:Name>
                    <structure:Parent>
                        <Ref id="DEU"/>
                    </structure:Parent>
                </structure:Code>
                <structure:Code id="DE071">
                    <common:Annotations>
                        <common:Annotation>
                            <common:AnnotationType>ORDER</common:AnnotationType>
                            <common:AnnotationText xml:lang="en">580</common:AnnotationText>
                            <common:AnnotationText xml:lang="fr">580</common:AnnotationText>
                        </common:Annotation>
                    </common:Annotations>
                    <common:Name xml:lang="en">Stralsund</common:Name>
                    <common:Name xml:lang="fr">Stralsund</common:Name>
                    <structure:Parent>
                        <Ref id="DEU"/>
                    </structure:Parent>
                </structure:Code>
                <structure:Code id="DE072">
                    <common:Annotations>
                        <common:Annotation>
                            <common:AnnotationType>ORDER</common:AnnotationType>
                            <common:AnnotationText xml:lang="en">590</common:AnnotationText>
                            <common:AnnotationText xml:lang="fr">590</common:AnnotationText>
                        </common:Annotation>
                    </common:Annotations>
                    <common:Name xml:lang="en">Friedrichshafen</common:Name>
                    <common:Name xml:lang="fr">Friedrichshafen</common:Name>
                    <structure:Parent>
                        <Ref id="DEU"/>
                    </structure:Parent>
                </structure:Code>
                <structure:Code id="DE073">
                    <common:Annotations>
                        <common:Annotation>
                            <common:AnnotationType>ORDER</common:AnnotationType>
                            <common:AnnotationText xml:lang="en">600</common:AnnotationText>
                            <common:AnnotationText xml:lang="fr">600</common:AnnotationText>
                        </common:Annotation>
                    </common:Annotations>
                    <common:Name xml:lang="en">Offenburg</common:Name>
                    <common:Name xml:lang="fr">Offenburg</common:Name>
                    <structure:Parent>
                        <Ref id="DEU"/>
                    </structure:Parent>
                </structure:Code>
                <structure:Code id="DE074">
                    <common:Annotations>
                        <common:Annotation>
                            <common:AnnotationType>ORDER</common:AnnotationType>
                            <common:AnnotationText xml:lang="en">610</common:AnnotationText>
                            <common:AnnotationText xml:lang="fr">610</common:AnnotationText>
                        </common:Annotation>
                    </common:Annotations>
                    <common:Name xml:lang="en">Gorlitz</common:Name>
                    <common:Name xml:lang="fr">Gorlitz</common:Name>
                    <structure:Parent>
                        <Ref id="DEU"/>
                    </structure:Parent>
                </structure:Code>
                <structure:Code id="DE077">
                    <common:Annotations>
                        <common:Annotation>
                            <common:AnnotationType>ORDER</common:AnnotationType>
                            <common:AnnotationText xml:lang="en">620</common:AnnotationText>
                            <common:AnnotationText xml:lang="fr">620</common:AnnotationText>
                        </common:Annotation>
                    </common:Annotations>
                    <common:Name xml:lang="en">Schweinfurt</common:Name>
                    <common:Name xml:lang="fr">Schweinfurt</common:Name>
                    <structure:Parent>
                        <Ref id="DEU"/>
                    </structure:Parent>
                </structure:Code>
                <structure:Code id="DE078">
                    <common:Annotations>
                        <common:Annotation>
                            <common:AnnotationType>ORDER</common:AnnotationType>
                            <common:AnnotationText xml:lang="en">630</common:AnnotationText>
                            <common:AnnotationText xml:lang="fr">630</common:AnnotationText>
                        </common:Annotation>
                    </common:Annotations>
                    <common:Name xml:lang="en">Greifswald</common:Name>
                    <common:Name xml:lang="fr">Greifswald</common:Name>
                    <structure:Parent>
                        <Ref id="DEU"/>
                    </structure:Parent>
                </structure:Code>
                <structure:Code id="DE079">
                    <common:Annotations>
                        <common:Annotation>
                            <common:AnnotationType>ORDER</common:AnnotationType>
                            <common:AnnotationText xml:lang="en">640</common:AnnotationText>
                            <common:AnnotationText xml:lang="fr">640</common:AnnotationText>
                        </common:Annotation>
                    </common:Annotations>
                    <common:Name xml:lang="en">Wetzlar</common:Name>
                    <common:Name xml:lang="fr">Wetzlar</common:Name>
                    <structure:Parent>
                        <Ref id="DEU"/>
                    </structure:Parent>
                </structure:Code>
                <structure:Code id="DE081">
                    <common:Annotations>
                        <common:Annotation>
                            <common:AnnotationType>ORDER</common:AnnotationType>
                            <common:AnnotationText xml:lang="en">650</common:AnnotationText>
                            <common:AnnotationText xml:lang="fr">650</common:AnnotationText>
                        </common:Annotation>
                    </common:Annotations>
                    <common:Name xml:lang="en">Passau</common:Name>
                    <common:Name xml:lang="fr">Passau</common:Name>
                    <structure:Parent>
                        <Ref id="DEU"/>
                    </structure:Parent>
                </structure:Code>
                <structure:Code id="DE082">
                    <common:Annotations>
                        <common:Annotation>
                            <common:AnnotationType>ORDER</common:AnnotationType>
                            <common:AnnotationText xml:lang="en">660</common:AnnotationText>
                            <common:AnnotationText xml:lang="fr">660</common:AnnotationText>
                        </common:Annotation>
                    </common:Annotations>
                    <common:Name xml:lang="en">Dessau</common:Name>
                    <common:Name xml:lang="fr">Dessau</common:Name>
                    <structure:Parent>
                        <Ref id="DEU"/>
                    </structure:Parent>
                </structure:Code>
                <structure:Code id="DE083">
                    <common:Annotations>
                        <common:Annotation>
                            <common:AnnotationType>ORDER</common:AnnotationType>
                            <common:AnnotationText xml:lang="en">670</common:AnnotationText>
                            <common:AnnotationText xml:lang="fr">670</common:AnnotationText>
                        </common:Annotation>
                    </common:Annotations>
                    <common:Name xml:lang="en">Braunschweig-Salzgitter Wolfsburg</common:Name>
                    <common:Name xml:lang="fr">Braunschweig-Salzgitter Wolfsburg</common:Name>
                    <structure:Parent>
                        <Ref id="DEU"/>
                    </structure:Parent>
                </structure:Code>
                <structure:Code id="DE084">
                    <common:Annotations>
                        <common:Annotation>
                            <common:AnnotationType>ORDER</common:AnnotationType>
                            <common:AnnotationText xml:lang="en">680</common:AnnotationText>
                            <common:AnnotationText xml:lang="fr">680</common:AnnotationText>
                        </common:Annotation>
                    </common:Annotations>
                    <common:Name xml:lang="en">Mannheim-Ludwigshafen</common:Name>
                    <common:Name xml:lang="fr">Mannheim-Ludwigshafen</common:Name>
                    <structure:Parent>
                        <Ref id="DEU"/>
                    </structure:Parent>
                </structure:Code>
                <structure:Code id="DE504">
                    <common:Annotations>
                        <common:Annotation>
                            <common:AnnotationType>ORDER</common:AnnotationType>
                            <common:AnnotationText xml:lang="en">690</common:AnnotationText>
                            <common:AnnotationText xml:lang="fr">690</common:AnnotationText>
                        </common:Annotation>
                    </common:Annotations>
                    <common:Name xml:lang="en">Muenster</common:Name>
                    <common:Name xml:lang="fr">Muenster</common:Name>
                    <structure:Parent>
                        <Ref id="DEU"/>
                    </structure:Parent>
                </structure:Code>
                <structure:Code id="DE505">
                    <common:Annotations>
                        <common:Annotation>
                            <common:AnnotationType>ORDER</common:AnnotationType>
                            <common:AnnotationText xml:lang="en">700</common:AnnotationText>
                            <common:AnnotationText xml:lang="fr">700</common:AnnotationText>
                        </common:Annotation>
                    </common:Annotations>
                    <common:Name xml:lang="en">Chemnitz</common:Name>
                    <common:Name xml:lang="fr">Chemnitz</common:Name>
                    <structure:Parent>
                        <Ref id="DEU"/>
                    </structure:Parent>
                </structure:Code>
                <structure:Code id="DE507">
                    <common:Annotations>
                        <common:Annotation>
                            <common:AnnotationType>ORDER</common:AnnotationType>
                            <common:AnnotationText xml:lang="en">710</common:AnnotationText>
                            <common:AnnotationText xml:lang="fr">710</common:AnnotationText>
                        </common:Annotation>
                    </common:Annotations>
                    <common:Name xml:lang="en">Aachen</common:Name>
                    <common:Name xml:lang="fr">Aachen</common:Name>
                    <structure:Parent>
                        <Ref id="DEU"/>
                    </structure:Parent>
                </structure:Code>
                <structure:Code id="DE508">
                    <common:Annotations>
                        <common:Annotation>
                            <common:AnnotationType>ORDER</common:AnnotationType>
                            <common:AnnotationText xml:lang="en">720</common:AnnotationText>
                            <common:AnnotationText xml:lang="fr">720</common:AnnotationText>
                        </common:Annotation>
                    </common:Annotations>
                    <common:Name xml:lang="en">Krefeld</common:Name>
                    <common:Name xml:lang="fr">Krefeld</common:Name>
                    <structure:Parent>
                        <Ref id="DEU"/>
                    </structure:Parent>
                </structure:Code>
                <structure:Code id="DE510">
                    <common:Annotations>
                        <common:Annotation>
                            <common:AnnotationType>ORDER</common:AnnotationType>
                            <common:AnnotationText xml:lang="en">730</common:AnnotationText>
                            <common:AnnotationText xml:lang="fr">730</common:AnnotationText>
                        </common:Annotation>
                    </common:Annotations>
                    <common:Name xml:lang="en">Lubeck</common:Name>
                    <common:Name xml:lang="fr">Lubeck</common:Name>
                    <structure:Parent>
                        <Ref id="DEU"/>
                    </structure:Parent>
                </structure:Code>
                <structure:Code id="DE513">
                    <common:Annotations>
                        <common:Annotation>
                            <common:AnnotationType>ORDER</common:AnnotationType>
                            <common:AnnotationText xml:lang="en">740</common:AnnotationText>
                            <common:AnnotationText xml:lang="fr">740</common:AnnotationText>
                        </common:Annotation>
                    </common:Annotations>
                    <common:Name xml:lang="en">Kassel</common:Name>
                    <common:Name xml:lang="fr">Kassel</common:Name>
                    <structure:Parent>
                        <Ref id="DEU"/>
                    </structure:Parent>
                </structure:Code>
                <structure:Code id="DE516">
                    <common:Annotations>
                        <common:Annotation>
                            <common:AnnotationType>ORDER</common:AnnotationType>
                            <common:AnnotationText xml:lang="en">750</common:AnnotationText>
                            <common:AnnotationText xml:lang="fr">750</common:AnnotationText>
                        </common:Annotation>
                    </common:Annotations>
                    <common:Name xml:lang="en">Solingen</common:Name>
                    <common:Name xml:lang="fr">Solingen</common:Name>
                    <structure:Parent>
                        <Ref id="DEU"/>
                    </structure:Parent>
                </structure:Code>
                <structure:Code id="DE517">
                    <common:Annotations>
                        <common:Annotation>
                            <common:AnnotationType>ORDER</common:AnnotationType>
                            <common:AnnotationText xml:lang="en">760</common:AnnotationText>
                            <common:AnnotationText xml:lang="fr">760</common:AnnotationText>
                        </common:Annotation>
                    </common:Annotations>
                    <common:Name xml:lang="en">Osnabruck</common:Name>
                    <common:Name xml:lang="fr">Osnabruck</common:Name>
                    <structure:Parent>
                        <Ref id="DEU"/>
                    </structure:Parent>
                </structure:Code>
                <structure:Code id="DE520">
                    <common:Annotations>
                        <common:Annotation>
                            <common:AnnotationType>ORDER</common:AnnotationType>
                            <common:AnnotationText xml:lang="en">770</common:AnnotationText>
                            <common:AnnotationText xml:lang="fr">770</common:AnnotationText>
                        </common:Annotation>
                    </common:Annotations>
                    <common:Name xml:lang="en">Oldenburg (Oldenburg)</common:Name>
                    <common:Name xml:lang="fr">Oldenburg (Oldenburg)</common:Name>
                    <structure:Parent>
                        <Ref id="DEU"/>
                    </structure:Parent>
                </structure:Code>
                <structure:Code id="DE522">
                    <common:Annotations>
                        <common:Annotation>
                            <common:AnnotationType>ORDER</common:AnnotationType>
                            <common:AnnotationText xml:lang="en">780</common:AnnotationText>
                            <common:AnnotationText xml:lang="fr">780</common:AnnotationText>
                        </common:Annotation>
                    </common:Annotations>
                    <common:Name xml:lang="en">Heidelberg</common:Name>
                    <common:Name xml:lang="fr">Heidelberg</common:Name>
                    <structure:Parent>
                        <Ref id="DEU"/>
                    </structure:Parent>
                </structure:Code>
                <structure:Code id="DE523">
                    <common:Annotations>
                        <common:Annotation>
                            <common:AnnotationType>ORDER</common:AnnotationType>
                            <common:AnnotationText xml:lang="en">790</common:AnnotationText>
                            <common:AnnotationText xml:lang="fr">790</common:AnnotationText>
                        </common:Annotation>
                    </common:Annotations>
                    <common:Name xml:lang="en">Paderborn</common:Name>
                    <common:Name xml:lang="fr">Paderborn</common:Name>
                    <structure:Parent>
                        <Ref id="DEU"/>
                    </structure:Parent>
                </structure:Code>
                <structure:Code id="DE524">
                    <common:Annotations>
                        <common:Annotation>
                            <common:AnnotationType>ORDER</common:AnnotationType>
                            <common:AnnotationText xml:lang="en">800</common:AnnotationText>
                            <common:AnnotationText xml:lang="fr">800</common:AnnotationText>
                        </common:Annotation>
                    </common:Annotations>
                    <common:Name xml:lang="en">Wurzburg</common:Name>
                    <common:Name xml:lang="fr">Wurzburg</common:Name>
                    <structure:Parent>
                        <Ref id="DEU"/>
                    </structure:Parent>
                </structure:Code>
                <structure:Code id="DE527">
                    <common:Annotations>
                        <common:Annotation>
                            <common:AnnotationType>ORDER</common:AnnotationType>
                            <common:AnnotationText xml:lang="en">810</common:AnnotationText>
                            <common:AnnotationText xml:lang="fr">810</common:AnnotationText>
                        </common:Annotation>
                    </common:Annotations>
                    <common:Name xml:lang="en">Bremerhaven</common:Name>
                    <common:Name xml:lang="fr">Bremerhaven</common:Name>
                    <structure:Parent>
                        <Ref id="DEU"/>
                    </structure:Parent>
                </structure:Code>
                <structure:Code id="DE529">
                    <common:Annotations>
                        <common:Annotation>
                            <common:AnnotationType>ORDER</common:AnnotationType>
                            <common:AnnotationText xml:lang="en">820</common:AnnotationText>
                            <common:AnnotationText xml:lang="fr">820</common:AnnotationText>
                        </common:Annotation>
                    </common:Annotations>
                    <common:Name xml:lang="en">Heilbronn</common:Name>
                    <common:Name xml:lang="fr">Heilbronn</common:Name>
                    <structure:Parent>
                        <Ref id="DEU"/>
                    </structure:Parent>
                </structure:Code>
                <structure:Code id="DE530">
                    <common:Annotations>
                        <common:Annotation>
                            <common:AnnotationType>ORDER</common:AnnotationType>
                            <common:AnnotationText xml:lang="en">830</common:AnnotationText>
                            <common:AnnotationText xml:lang="fr">830</common:AnnotationText>
                        </common:Annotation>
                    </common:Annotations>
                    <common:Name xml:lang="en">Remscheid</common:Name>
                    <common:Name xml:lang="fr">Remscheid</common:Name>
                    <structure:Parent>
                        <Ref id="DEU"/>
                    </structure:Parent>
                </structure:Code>
                <structure:Code id="DE532">
                    <common:Annotations>
                        <common:Annotation>
                            <common:AnnotationType>ORDER</common:AnnotationType>
                            <common:AnnotationText xml:lang="en">840</common:AnnotationText>
                            <common:AnnotationText xml:lang="fr">840</common:AnnotationText>
                        </common:Annotation>
                    </common:Annotations>
                    <common:Name xml:lang="en">Ulm</common:Name>
                    <common:Name xml:lang="fr">Ulm</common:Name>
                    <structure:Parent>
                        <Ref id="DEU"/>
                    </structure:Parent>
                </structure:Code>
                <structure:Code id="DE533">
                    <common:Annotations>
                        <common:Annotation>
                            <common:AnnotationType>ORDER</common:AnnotationType>
                            <common:AnnotationText xml:lang="en">850</common:AnnotationText>
                            <common:AnnotationText xml:lang="fr">850</common:AnnotationText>
                        </common:Annotation>
                    </common:Annotations>
                    <common:Name xml:lang="en">Pforzheim</common:Name>
                    <common:Name xml:lang="fr">Pforzheim</common:Name>
                    <structure:Parent>
                        <Ref id="DEU"/>
                    </structure:Parent>
                </structure:Code>
                <structure:Code id="DE534">
                    <common:Annotations>
                        <common:Annotation>
                            <common:AnnotationType>ORDER</common:AnnotationType>
                            <common:AnnotationText xml:lang="en">860</common:AnnotationText>
                            <common:AnnotationText xml:lang="fr">860</common:AnnotationText>
                        </common:Annotation>
                    </common:Annotations>
                    <common:Name xml:lang="en">Ingolstadt</common:Name>
                    <common:Name xml:lang="fr">Ingolstadt</common:Name>
                    <structure:Parent>
                        <Ref id="DEU"/>
                    </structure:Parent>
                </structure:Code>
                <structure:Code id="DE535">
                    <common:Annotations>
                        <common:Annotation>
                            <common:AnnotationType>ORDER</common:AnnotationType>
                            <common:AnnotationText xml:lang="en">870</common:AnnotationText>
                            <common:AnnotationText xml:lang="fr">870</common:AnnotationText>
                        </common:Annotation>
                    </common:Annotations>
                    <common:Name xml:lang="en">Gera</common:Name>
                    <common:Name xml:lang="fr">Gera</common:Name>
                    <structure:Parent>
                        <Ref id="DEU"/>
                    </structure:Parent>
                </structure:Code>
                <structure:Code id="DE537">
                    <common:Annotations>
                        <common:Annotation>
                            <common:AnnotationType>ORDER</common:AnnotationType>
                            <common:AnnotationText xml:lang="en">880</common:AnnotationText>
                            <common:AnnotationText xml:lang="fr">880</common:AnnotationText>
                        </common:Annotation>
                    </common:Annotations>
                    <common:Name xml:lang="en">Reutlingen</common:Name>
                    <common:Name xml:lang="fr">Reutlingen</common:Name>
                    <structure:Parent>
                        <Ref id="DEU"/>
                    </structure:Parent>
                </structure:Code>
                <structure:Code id="DE539">
                    <common:Annotations>
                        <common:Annotation>
                            <common:AnnotationType>ORDER</common:AnnotationType>
                            <common:AnnotationText xml:lang="en">890</common:AnnotationText>
                            <common:AnnotationText xml:lang="fr">890</common:AnnotationText>
                        </common:Annotation>
                    </common:Annotations>
                    <common:Name xml:lang="en">Cottbus</common:Name>
                    <common:Name xml:lang="fr">Cottbus</common:Name>
                    <structure:Parent>
                        <Ref id="DEU"/>
                    </structure:Parent>
                </structure:Code>
                <structure:Code id="DE540">
                    <common:Annotations>
                        <common:Annotation>
                            <common:AnnotationType>ORDER</common:AnnotationType>
                            <common:AnnotationText xml:lang="en">900</common:AnnotationText>
                            <common:AnnotationText xml:lang="fr">900</common:AnnotationText>
                        </common:Annotation>
                    </common:Annotations>
                    <common:Name xml:lang="en">Siegen</common:Name>
                    <common:Name xml:lang="fr">Siegen</common:Name>
                    <structure:Parent>
                        <Ref id="DEU"/>
                    </structure:Parent>
                </structure:Code>
                <structure:Code id="DE542">
                    <common:Annotations>
                        <common:Annotation>
                            <common:AnnotationType>ORDER</common:AnnotationType>
                            <common:AnnotationText xml:lang="en">910</common:AnnotationText>
                            <common:AnnotationText xml:lang="fr">910</common:AnnotationText>
                        </common:Annotation>
                    </common:Annotations>
                    <common:Name xml:lang="en">Hildesheim</common:Name>
                    <common:Name xml:lang="fr">Hildesheim</common:Name>
                    <structure:Parent>
                        <Ref id="DEU"/>
                    </structure:Parent>
                </structure:Code>
                <structure:Code id="DE544">
                    <common:Annotations>
                        <common:Annotation>
                            <common:AnnotationType>ORDER</common:AnnotationType>
                            <common:AnnotationText xml:lang="en">920</common:AnnotationText>
                            <common:AnnotationText xml:lang="fr">920</common:AnnotationText>
                        </common:Annotation>
                    </common:Annotations>
                    <common:Name xml:lang="en">Zwickau</common:Name>
                    <common:Name xml:lang="fr">Zwickau</common:Name>
                    <structure:Parent>
                        <Ref id="DEU"/>
                    </structure:Parent>
                </structure:Code>
                <structure:Code id="DE546">
                    <common:Annotations>
                        <common:Annotation>
                            <common:AnnotationType>ORDER</common:AnnotationType>
                            <common:AnnotationText xml:lang="en">930</common:AnnotationText>
                            <common:AnnotationText xml:lang="fr">930</common:AnnotationText>
                        </common:Annotation>
                    </common:Annotations>
                    <common:Name xml:lang="en">Wuppertal</common:Name>
                    <common:Name xml:lang="fr">Wuppertal</common:Name>
                    <structure:Parent>
                        <Ref id="DEU"/>
                    </structure:Parent>
                </structure:Code>
                <structure:Code id="DE547">
                    <common:Annotations>
                        <common:Annotation>
                            <common:AnnotationType>ORDER</common:AnnotationType>
                            <common:AnnotationText xml:lang="en">940</common:AnnotationText>
                            <common:AnnotationText xml:lang="fr">940</common:AnnotationText>
                        </common:Annotation>
                    </common:Annotations>
                    <common:Name xml:lang="en">Jena</common:Name>
                    <common:Name xml:lang="fr">Jena</common:Name>
                    <structure:Parent>
                        <Ref id="DEU"/>
                    </structure:Parent>
                </structure:Code>
                <structure:Code id="DE548">
                    <common:Annotations>
                        <common:Annotation>
                            <common:AnnotationType>ORDER</common:AnnotationType>
                            <common:AnnotationText xml:lang="en">950</common:AnnotationText>
                            <common:AnnotationText xml:lang="fr">950</common:AnnotationText>
                        </common:Annotation>
                    </common:Annotations>
                    <common:Name xml:lang="en">Duren, Stadt</common:Name>
                    <common:Name xml:lang="fr">Duren, Stadt</common:Name>
                    <structure:Parent>
                        <Ref id="DEU"/>
                    </structure:Parent>
                </structure:Code>
                <structure:Code id="DE549">
                    <common:Annotations>
                        <common:Annotation>
                            <common:AnnotationType>ORDER</common:AnnotationType>
                            <common:AnnotationText xml:lang="en">960</common:AnnotationText>
                            <common:AnnotationText xml:lang="fr">960</common:AnnotationText>
                        </common:Annotation>
                    </common:Annotations>
                    <common:Name xml:lang="en">Bocholt, Stadt</common:Name>
                    <common:Name xml:lang="fr">Bocholt, Stadt</common:Name>
                    <structure:Parent>
                        <Ref id="DEU"/>
                    </structure:Parent>
                </structure:Code>
                <structure:Code id="GRC">
                    <common:Annotations>
                        <common:Annotation>
                            <common:AnnotationType>ORDER</common:AnnotationType>
                            <common:AnnotationText xml:lang="en">230</common:AnnotationText>
                            <common:AnnotationText xml:lang="fr">230</common:AnnotationText>
                        </common:Annotation>
                    </common:Annotations>
                    <common:Name xml:lang="en">Greece</common:Name>
                    <common:Name xml:lang="fr">Grèce</common:Name>
                </structure:Code>
                <structure:Code id="EL001">
                    <common:Annotations>
                        <common:Annotation>
                            <common:AnnotationType>ORDER</common:AnnotationType>
                            <common:AnnotationText xml:lang="en">10</common:AnnotationText>
                            <common:AnnotationText xml:lang="fr">10</common:AnnotationText>
                        </common:Annotation>
                    </common:Annotations>
                    <common:Name xml:lang="en">Athens</common:Name>
                    <common:Name xml:lang="fr">Athens</common:Name>
                    <structure:Parent>
                        <Ref id="GRC"/>
                    </structure:Parent>
                </structure:Code>
                <structure:Code id="EL002">
                    <common:Annotations>
                        <common:Annotation>
                            <common:AnnotationType>ORDER</common:AnnotationType>
                            <common:AnnotationText xml:lang="en">20</common:AnnotationText>
                            <common:AnnotationText xml:lang="fr">20</common:AnnotationText>
                        </common:Annotation>
                    </common:Annotations>
                    <common:Name xml:lang="en">Thessaloniki</common:Name>
                    <common:Name xml:lang="fr">Thessaloniki</common:Name>
                    <structure:Parent>
                        <Ref id="GRC"/>
                    </structure:Parent>
                </structure:Code>
                <structure:Code id="EL003">
                    <common:Annotations>
                        <common:Annotation>
                            <common:AnnotationType>ORDER</common:AnnotationType>
                            <common:AnnotationText xml:lang="en">30</common:AnnotationText>
                            <common:AnnotationText xml:lang="fr">30</common:AnnotationText>
                        </common:Annotation>
                    </common:Annotations>
                    <common:Name xml:lang="en">Patras</common:Name>
                    <common:Name xml:lang="fr">Patras</common:Name>
                    <structure:Parent>
                        <Ref id="GRC"/>
                    </structure:Parent>
                </structure:Code>
                <structure:Code id="EL004">
                    <common:Annotations>
                        <common:Annotation>
                            <common:AnnotationType>ORDER</common:AnnotationType>
                            <common:AnnotationText xml:lang="en">40</common:AnnotationText>
                            <common:AnnotationText xml:lang="fr">40</common:AnnotationText>
                        </common:Annotation>
                    </common:Annotations>
                    <common:Name xml:lang="en">Irakleio</common:Name>
                    <common:Name xml:lang="fr">Irakleio</common:Name>
                    <structure:Parent>
                        <Ref id="GRC"/>
                    </structure:Parent>
                </structure:Code>
                <structure:Code id="EL005">
                    <common:Annotations>
                        <common:Annotation>
                            <common:AnnotationType>ORDER</common:AnnotationType>
                            <common:AnnotationText xml:lang="en">50</common:AnnotationText>
                            <common:AnnotationText xml:lang="fr">50</common:AnnotationText>
                        </common:Annotation>
                    </common:Annotations>
                    <common:Name xml:lang="en">Larisa</common:Name>
                    <common:Name xml:lang="fr">Larisa</common:Name>
                    <structure:Parent>
                        <Ref id="GRC"/>
                    </structure:Parent>
                </structure:Code>
                <structure:Code id="EL006">
                    <common:Annotations>
                        <common:Annotation>
                            <common:AnnotationType>ORDER</common:AnnotationType>
                            <common:AnnotationText xml:lang="en">60</common:AnnotationText>
                            <common:AnnotationText xml:lang="fr">60</common:AnnotationText>
                        </common:Annotation>
                    </common:Annotations>
                    <common:Name xml:lang="en">Volos</common:Name>
                    <common:Name xml:lang="fr">Volos</common:Name>
                    <structure:Parent>
                        <Ref id="GRC"/>
                    </structure:Parent>
                </structure:Code>
                <structure:Code id="EL007">
                    <common:Annotations>
                        <common:Annotation>
                            <common:AnnotationType>ORDER</common:AnnotationType>
                            <common:AnnotationText xml:lang="en">70</common:AnnotationText>
                            <common:AnnotationText xml:lang="fr">70</common:AnnotationText>
                        </common:Annotation>
                    </common:Annotations>
                    <common:Name xml:lang="en">Ioannina</common:Name>
                    <common:Name xml:lang="fr">Ioannina</common:Name>
                    <structure:Parent>
                        <Ref id="GRC"/>
                    </structure:Parent>
                </structure:Code>
                <structure:Code id="EL008">
                    <common:Annotations>
                        <common:Annotation>
                            <common:AnnotationType>ORDER</common:AnnotationType>
                            <common:AnnotationText xml:lang="en">80</common:AnnotationText>
                            <common:AnnotationText xml:lang="fr">80</common:AnnotationText>
                        </common:Annotation>
                    </common:Annotations>
                    <common:Name xml:lang="en">Kavala</common:Name>
                    <common:Name xml:lang="fr">Kavala</common:Name>
                    <structure:Parent>
                        <Ref id="GRC"/>
                    </structure:Parent>
                </structure:Code>
                <structure:Code id="EL009">
                    <common:Annotations>
                        <common:Annotation>
                            <common:AnnotationType>ORDER</common:AnnotationType>
                            <common:AnnotationText xml:lang="en">90</common:AnnotationText>
                            <common:AnnotationText xml:lang="fr">90</common:AnnotationText>
                        </common:Annotation>
                    </common:Annotations>
                    <common:Name xml:lang="en">Kalamata</common:Name>
                    <common:Name xml:lang="fr">Kalamata</common:Name>
                    <structure:Parent>
                        <Ref id="GRC"/>
                    </structure:Parent>
                </structure:Code>
                <structure:Code id="EL010">
                    <common:Annotations>
                        <common:Annotation>
                            <common:AnnotationType>ORDER</common:AnnotationType>
                            <common:AnnotationText xml:lang="en">100</common:AnnotationText>
                            <common:AnnotationText xml:lang="fr">100</common:AnnotationText>
                        </common:Annotation>
                    </common:Annotations>
                    <common:Name xml:lang="en">Chania</common:Name>
                    <common:Name xml:lang="fr">Chania</common:Name>
                    <structure:Parent>
                        <Ref id="GRC"/>
                    </structure:Parent>
                </structure:Code>
                <structure:Code id="EL011">
                    <common:Annotations>
                        <common:Annotation>
                            <common:AnnotationType>ORDER</common:AnnotationType>
                            <common:AnnotationText xml:lang="en">110</common:AnnotationText>
                            <common:AnnotationText xml:lang="fr">110</common:AnnotationText>
                        </common:Annotation>
                    </common:Annotations>
                    <common:Name xml:lang="en">Xanthi</common:Name>
                    <common:Name xml:lang="fr">Xanthi</common:Name>
                    <structure:Parent>
                        <Ref id="GRC"/>
                    </structure:Parent>
                </structure:Code>
                <structure:Code id="EL012">
                    <common:Annotations>
                        <common:Annotation>
                            <common:AnnotationType>ORDER</common:AnnotationType>
                            <common:AnnotationText xml:lang="en">120</common:AnnotationText>
                            <common:AnnotationText xml:lang="fr">120</common:AnnotationText>
                        </common:Annotation>
                    </common:Annotations>
                    <common:Name xml:lang="en">Katerini</common:Name>
                    <common:Name xml:lang="fr">Katerini</common:Name>
                    <structure:Parent>
                        <Ref id="GRC"/>
                    </structure:Parent>
                </structure:Code>
                <structure:Code id="EL013">
                    <common:Annotations>
                        <common:Annotation>
                            <common:AnnotationType>ORDER</common:AnnotationType>
                            <common:AnnotationText xml:lang="en">130</common:AnnotationText>
                            <common:AnnotationText xml:lang="fr">130</common:AnnotationText>
                        </common:Annotation>
                    </common:Annotations>
                    <common:Name xml:lang="en">Serres</common:Name>
                    <common:Name xml:lang="fr">Serres</common:Name>
                    <structure:Parent>
                        <Ref id="GRC"/>
                    </structure:Parent>
                </structure:Code>
                <structure:Code id="EL014">
                    <common:Annotations>
                        <common:Annotation>
                            <common:AnnotationType>ORDER</common:AnnotationType>
                            <common:AnnotationText xml:lang="en">140</common:AnnotationText>
                            <common:AnnotationText xml:lang="fr">140</common:AnnotationText>
                        </common:Annotation>
                    </common:Annotations>
                    <common:Name xml:lang="en">Trikala</common:Name>
                    <common:Name xml:lang="fr">Trikala</common:Name>
                    <structure:Parent>
                        <Ref id="GRC"/>
                    </structure:Parent>
                </structure:Code>
                <structure:Code id="HUN">
                    <common:Annotations>
                        <common:Annotation>
                            <common:AnnotationType>ORDER</common:AnnotationType>
                            <common:AnnotationText xml:lang="en">240</common:AnnotationText>
                            <common:AnnotationText xml:lang="fr">240</common:AnnotationText>
                        </common:Annotation>
                    </common:Annotations>
                    <common:Name xml:lang="en">Hungary</common:Name>
                    <common:Name xml:lang="fr">Hongrie</common:Name>
                </structure:Code>
                <structure:Code id="HU001">
                    <common:Annotations>
                        <common:Annotation>
                            <common:AnnotationType>ORDER</common:AnnotationType>
                            <common:AnnotationText xml:lang="en">10</common:AnnotationText>
                            <common:AnnotationText xml:lang="fr">10</common:AnnotationText>
                        </common:Annotation>
                    </common:Annotations>
                    <common:Name xml:lang="en">Budapest</common:Name>
                    <common:Name xml:lang="fr">Budapest</common:Name>
                    <structure:Parent>
                        <Ref id="HUN"/>
                    </structure:Parent>
                </structure:Code>
                <structure:Code id="HU002">
                    <common:Annotations>
                        <common:Annotation>
                            <common:AnnotationType>ORDER</common:AnnotationType>
                            <common:AnnotationText xml:lang="en">20</common:AnnotationText>
                            <common:AnnotationText xml:lang="fr">20</common:AnnotationText>
                        </common:Annotation>
                    </common:Annotations>
                    <common:Name xml:lang="en">Miskolc</common:Name>
                    <common:Name xml:lang="fr">Miskolc</common:Name>
                    <structure:Parent>
                        <Ref id="HUN"/>
                    </structure:Parent>
                </structure:Code>
                <structure:Code id="HU003">
                    <common:Annotations>
                        <common:Annotation>
                            <common:AnnotationType>ORDER</common:AnnotationType>
                            <common:AnnotationText xml:lang="en">30</common:AnnotationText>
                            <common:AnnotationText xml:lang="fr">30</common:AnnotationText>
                        </common:Annotation>
                    </common:Annotations>
                    <common:Name xml:lang="en">Nyiregyhaza</common:Name>
                    <common:Name xml:lang="fr">Nyiregyhaza</common:Name>
                    <structure:Parent>
                        <Ref id="HUN"/>
                    </structure:Parent>
                </structure:Code>
                <structure:Code id="HU004">
                    <common:Annotations>
                        <common:Annotation>
                            <common:AnnotationType>ORDER</common:AnnotationType>
                            <common:AnnotationText xml:lang="en">40</common:AnnotationText>
                            <common:AnnotationText xml:lang="fr">40</common:AnnotationText>
                        </common:Annotation>
                    </common:Annotations>
                    <common:Name xml:lang="en">Pecs</common:Name>
                    <common:Name xml:lang="fr">Pecs</common:Name>
                    <structure:Parent>
                        <Ref id="HUN"/>
                    </structure:Parent>
                </structure:Code>
                <structure:Code id="HU005">
                    <common:Annotations>
                        <common:Annotation>
                            <common:AnnotationType>ORDER</common:AnnotationType>
                            <common:AnnotationText xml:lang="en">50</common:AnnotationText>
                            <common:AnnotationText xml:lang="fr">50</common:AnnotationText>
                        </common:Annotation>
                    </common:Annotations>
                    <common:Name xml:lang="en">Debrecen</common:Name>
                    <common:Name xml:lang="fr">Debrecen</common:Name>
                    <structure:Parent>
                        <Ref id="HUN"/>
                    </structure:Parent>
                </structure:Code>
                <structure:Code id="HU006">
                    <common:Annotations>
                        <common:Annotation>
                            <common:AnnotationType>ORDER</common:AnnotationType>
                            <common:AnnotationText xml:lang="en">60</common:AnnotationText>
                            <common:AnnotationText xml:lang="fr">60</common:AnnotationText>
                        </common:Annotation>
                    </common:Annotations>
                    <common:Name xml:lang="en">Szeged</common:Name>
                    <common:Name xml:lang="fr">Szeged</common:Name>
                    <structure:Parent>
                        <Ref id="HUN"/>
                    </structure:Parent>
                </structure:Code>
                <structure:Code id="HU007">
                    <common:Annotations>
                        <common:Annotation>
                            <common:AnnotationType>ORDER</common:AnnotationType>
                            <common:AnnotationText xml:lang="en">70</common:AnnotationText>
                            <common:AnnotationText xml:lang="fr">70</common:AnnotationText>
                        </common:Annotation>
                    </common:Annotations>
                    <common:Name xml:lang="en">Gyor</common:Name>
                    <common:Name xml:lang="fr">Gyor</common:Name>
                    <structure:Parent>
                        <Ref id="HUN"/>
                    </structure:Parent>
                </structure:Code>
                <structure:Code id="HU008">
                    <common:Annotations>
                        <common:Annotation>
                            <common:AnnotationType>ORDER</common:AnnotationType>
                            <common:AnnotationText xml:lang="en">80</common:AnnotationText>
                            <common:AnnotationText xml:lang="fr">80</common:AnnotationText>
                        </common:Annotation>
                    </common:Annotations>
                    <common:Name xml:lang="en">Kecskemet</common:Name>
                    <common:Name xml:lang="fr">Kecskemet</common:Name>
                    <structure:Parent>
                        <Ref id="HUN"/>
                    </structure:Parent>
                </structure:Code>
                <structure:Code id="HU009">
                    <common:Annotations>
                        <common:Annotation>
                            <common:AnnotationType>ORDER</common:AnnotationType>
                            <common:AnnotationText xml:lang="en">90</common:AnnotationText>
                            <common:AnnotationText xml:lang="fr">90</common:AnnotationText>
                        </common:Annotation>
                    </common:Annotations>
                    <common:Name xml:lang="en">Szekesfehervar</common:Name>
                    <common:Name xml:lang="fr">Szekesfehervar</common:Name>
                    <structure:Parent>
                        <Ref id="HUN"/>
                    </structure:Parent>
                </structure:Code>
                <structure:Code id="HU010">
                    <common:Annotations>
                        <common:Annotation>
                            <common:AnnotationType>ORDER</common:AnnotationType>
                            <common:AnnotationText xml:lang="en">100</common:AnnotationText>
                            <common:AnnotationText xml:lang="fr">100</common:AnnotationText>
                        </common:Annotation>
                    </common:Annotations>
                    <common:Name xml:lang="en">Szombathely</common:Name>
                    <common:Name xml:lang="fr">Szombathely</common:Name>
                    <structure:Parent>
                        <Ref id="HUN"/>
                    </structure:Parent>
                </structure:Code>
                <structure:Code id="HU011">
                    <common:Annotations>
                        <common:Annotation>
                            <common:AnnotationType>ORDER</common:AnnotationType>
                            <common:AnnotationText xml:lang="en">110</common:AnnotationText>
                            <common:AnnotationText xml:lang="fr">110</common:AnnotationText>
                        </common:Annotation>
                    </common:Annotations>
                    <common:Name xml:lang="en">Szolnok</common:Name>
                    <common:Name xml:lang="fr">Szolnok</common:Name>
                    <structure:Parent>
                        <Ref id="HUN"/>
                    </structure:Parent>
                </structure:Code>
                <structure:Code id="HU012">
                    <common:Annotations>
                        <common:Annotation>
                            <common:AnnotationType>ORDER</common:AnnotationType>
                            <common:AnnotationText xml:lang="en">120</common:AnnotationText>
                            <common:AnnotationText xml:lang="fr">120</common:AnnotationText>
                        </common:Annotation>
                    </common:Annotations>
                    <common:Name xml:lang="en">Tatabanya</common:Name>
                    <common:Name xml:lang="fr">Tatabanya</common:Name>
                    <structure:Parent>
                        <Ref id="HUN"/>
                    </structure:Parent>
                </structure:Code>
                <structure:Code id="HU013">
                    <common:Annotations>
                        <common:Annotation>
                            <common:AnnotationType>ORDER</common:AnnotationType>
                            <common:AnnotationText xml:lang="en">130</common:AnnotationText>
                            <common:AnnotationText xml:lang="fr">130</common:AnnotationText>
                        </common:Annotation>
                    </common:Annotations>
                    <common:Name xml:lang="en">Veszprem</common:Name>
                    <common:Name xml:lang="fr">Veszprem</common:Name>
                    <structure:Parent>
                        <Ref id="HUN"/>
                    </structure:Parent>
                </structure:Code>
                <structure:Code id="HU014">
                    <common:Annotations>
                        <common:Annotation>
                            <common:AnnotationType>ORDER</common:AnnotationType>
                            <common:AnnotationText xml:lang="en">140</common:AnnotationText>
                            <common:AnnotationText xml:lang="fr">140</common:AnnotationText>
                        </common:Annotation>
                    </common:Annotations>
                    <common:Name xml:lang="en">Bekescsaba</common:Name>
                    <common:Name xml:lang="fr">Bekescsaba</common:Name>
                    <structure:Parent>
                        <Ref id="HUN"/>
                    </structure:Parent>
                </structure:Code>
                <structure:Code id="HU015">
                    <common:Annotations>
                        <common:Annotation>
                            <common:AnnotationType>ORDER</common:AnnotationType>
                            <common:AnnotationText xml:lang="en">150</common:AnnotationText>
                            <common:AnnotationText xml:lang="fr">150</common:AnnotationText>
                        </common:Annotation>
                    </common:Annotations>
                    <common:Name xml:lang="en">Kaposvar</common:Name>
                    <common:Name xml:lang="fr">Kaposvar</common:Name>
                    <structure:Parent>
                        <Ref id="HUN"/>
                    </structure:Parent>
                </structure:Code>
                <structure:Code id="HU016">
                    <common:Annotations>
                        <common:Annotation>
                            <common:AnnotationType>ORDER</common:AnnotationType>
                            <common:AnnotationText xml:lang="en">160</common:AnnotationText>
                            <common:AnnotationText xml:lang="fr">160</common:AnnotationText>
                        </common:Annotation>
                    </common:Annotations>
                    <common:Name xml:lang="en">Eger</common:Name>
                    <common:Name xml:lang="fr">Eger</common:Name>
                    <structure:Parent>
                        <Ref id="HUN"/>
                    </structure:Parent>
                </structure:Code>
                <structure:Code id="HU017">
                    <common:Annotations>
                        <common:Annotation>
                            <common:AnnotationType>ORDER</common:AnnotationType>
                            <common:AnnotationText xml:lang="en">170</common:AnnotationText>
                            <common:AnnotationText xml:lang="fr">170</common:AnnotationText>
                        </common:Annotation>
                    </common:Annotations>
                    <common:Name xml:lang="en">Dunaujvaros</common:Name>
                    <common:Name xml:lang="fr">Dunaujvaros</common:Name>
                    <structure:Parent>
                        <Ref id="HUN"/>
                    </structure:Parent>
                </structure:Code>
                <structure:Code id="HU018">
                    <common:Annotations>
                        <common:Annotation>
                            <common:AnnotationType>ORDER</common:AnnotationType>
                            <common:AnnotationText xml:lang="en">180</common:AnnotationText>
                            <common:AnnotationText xml:lang="fr">180</common:AnnotationText>
                        </common:Annotation>
                    </common:Annotations>
                    <common:Name xml:lang="en">Zalaegerszeg</common:Name>
                    <common:Name xml:lang="fr">Zalaegerszeg</common:Name>
                    <structure:Parent>
                        <Ref id="HUN"/>
                    </structure:Parent>
                </structure:Code>
                <structure:Code id="HU019">
                    <common:Annotations>
                        <common:Annotation>
                            <common:AnnotationType>ORDER</common:AnnotationType>
                            <common:AnnotationText xml:lang="en">190</common:AnnotationText>
                            <common:AnnotationText xml:lang="fr">190</common:AnnotationText>
                        </common:Annotation>
                    </common:Annotations>
                    <common:Name xml:lang="en">Sopron</common:Name>
                    <common:Name xml:lang="fr">Sopron</common:Name>
                    <structure:Parent>
                        <Ref id="HUN"/>
                    </structure:Parent>
                </structure:Code>
                <structure:Code id="ISL">
                    <common:Annotations>
                        <common:Annotation>
                            <common:AnnotationType>ORDER</common:AnnotationType>
                            <common:AnnotationText xml:lang="en">250</common:AnnotationText>
                            <common:AnnotationText xml:lang="fr">250</common:AnnotationText>
                        </common:Annotation>
                    </common:Annotations>
                    <common:Name xml:lang="en">Iceland</common:Name>
                    <common:Name xml:lang="fr">Islande</common:Name>
                </structure:Code>
                <structure:Code id="IS001">
                    <common:Annotations>
                        <common:Annotation>
                            <common:AnnotationType>ORDER</common:AnnotationType>
                            <common:AnnotationText xml:lang="en">10</common:AnnotationText>
                            <common:AnnotationText xml:lang="fr">10</common:AnnotationText>
                        </common:Annotation>
                    </common:Annotations>
                    <common:Name xml:lang="en">Reykjavik</common:Name>
                    <common:Name xml:lang="fr">Reykjavik</common:Name>
                    <structure:Parent>
                        <Ref id="ISL"/>
                    </structure:Parent>
                </structure:Code>
                <structure:Code id="IRL">
                    <common:Annotations>
                        <common:Annotation>
                            <common:AnnotationType>ORDER</common:AnnotationType>
                            <common:AnnotationText xml:lang="en">260</common:AnnotationText>
                            <common:AnnotationText xml:lang="fr">260</common:AnnotationText>
                        </common:Annotation>
                    </common:Annotations>
                    <common:Name xml:lang="en">Ireland</common:Name>
                    <common:Name xml:lang="fr">Irlande</common:Name>
                </structure:Code>
                <structure:Code id="IE001">
                    <common:Annotations>
                        <common:Annotation>
                            <common:AnnotationType>ORDER</common:AnnotationType>
                            <common:AnnotationText xml:lang="en">10</common:AnnotationText>
                            <common:AnnotationText xml:lang="fr">10</common:AnnotationText>
                        </common:Annotation>
                    </common:Annotations>
                    <common:Name xml:lang="en">Dublin</common:Name>
                    <common:Name xml:lang="fr">Dublin</common:Name>
                    <structure:Parent>
                        <Ref id="IRL"/>
                    </structure:Parent>
                </structure:Code>
                <structure:Code id="IE002">
                    <common:Annotations>
                        <common:Annotation>
                            <common:AnnotationType>ORDER</common:AnnotationType>
                            <common:AnnotationText xml:lang="en">20</common:AnnotationText>
                            <common:AnnotationText xml:lang="fr">20</common:AnnotationText>
                        </common:Annotation>
                    </common:Annotations>
                    <common:Name xml:lang="en">Cork</common:Name>
                    <common:Name xml:lang="fr">Cork</common:Name>
                    <structure:Parent>
                        <Ref id="IRL"/>
                    </structure:Parent>
                </structure:Code>
                <structure:Code id="IE003">
                    <common:Annotations>
                        <common:Annotation>
                            <common:AnnotationType>ORDER</common:AnnotationType>
                            <common:AnnotationText xml:lang="en">30</common:AnnotationText>
                            <common:AnnotationText xml:lang="fr">30</common:AnnotationText>
                        </common:Annotation>
                    </common:Annotations>
                    <common:Name xml:lang="en">Limerick</common:Name>
                    <common:Name xml:lang="fr">Limerick</common:Name>
                    <structure:Parent>
                        <Ref id="IRL"/>
                    </structure:Parent>
                </structure:Code>
                <structure:Code id="IE004">
                    <common:Annotations>
                        <common:Annotation>
                            <common:AnnotationType>ORDER</common:AnnotationType>
                            <common:AnnotationText xml:lang="en">40</common:AnnotationText>
                            <common:AnnotationText xml:lang="fr">40</common:AnnotationText>
                        </common:Annotation>
                    </common:Annotations>
                    <common:Name xml:lang="en">Galway</common:Name>
                    <common:Name xml:lang="fr">Galway</common:Name>
                    <structure:Parent>
                        <Ref id="IRL"/>
                    </structure:Parent>
                </structure:Code>
                <structure:Code id="IE005">
                    <common:Annotations>
                        <common:Annotation>
                            <common:AnnotationType>ORDER</common:AnnotationType>
                            <common:AnnotationText xml:lang="en">50</common:AnnotationText>
                            <common:AnnotationText xml:lang="fr">50</common:AnnotationText>
                        </common:Annotation>
                    </common:Annotations>
                    <common:Name xml:lang="en">Waterford</common:Name>
                    <common:Name xml:lang="fr">Waterford</common:Name>
                    <structure:Parent>
                        <Ref id="IRL"/>
                    </structure:Parent>
                </structure:Code>
                <structure:Code id="ITA">
                    <common:Annotations>
                        <common:Annotation>
                            <common:AnnotationType>ORDER</common:AnnotationType>
                            <common:AnnotationText xml:lang="en">280</common:AnnotationText>
                            <common:AnnotationText xml:lang="fr">280</common:AnnotationText>
                        </common:Annotation>
                    </common:Annotations>
                    <common:Name xml:lang="en">Italy</common:Name>
                    <common:Name xml:lang="fr">Italie</common:Name>
                </structure:Code>
                <structure:Code id="IT001">
                    <common:Annotations>
                        <common:Annotation>
                            <common:AnnotationType>ORDER</common:AnnotationType>
                            <common:AnnotationText xml:lang="en">10</common:AnnotationText>
                            <common:AnnotationText xml:lang="fr">10</common:AnnotationText>
                        </common:Annotation>
                    </common:Annotations>
                    <common:Name xml:lang="en">Rome</common:Name>
                    <common:Name xml:lang="fr">Rome</common:Name>
                    <structure:Parent>
                        <Ref id="ITA"/>
                    </structure:Parent>
                </structure:Code>
                <structure:Code id="IT002">
                    <common:Annotations>
                        <common:Annotation>
                            <common:AnnotationType>ORDER</common:AnnotationType>
                            <common:AnnotationText xml:lang="en">20</common:AnnotationText>
                            <common:AnnotationText xml:lang="fr">20</common:AnnotationText>
                        </common:Annotation>
                    </common:Annotations>
                    <common:Name xml:lang="en">Milan</common:Name>
                    <common:Name xml:lang="fr">Milan</common:Name>
                    <structure:Parent>
                        <Ref id="ITA"/>
                    </structure:Parent>
                </structure:Code>
                <structure:Code id="IT003">
                    <common:Annotations>
                        <common:Annotation>
                            <common:AnnotationType>ORDER</common:AnnotationType>
                            <common:AnnotationText xml:lang="en">30</common:AnnotationText>
                            <common:AnnotationText xml:lang="fr">30</common:AnnotationText>
                        </common:Annotation>
                    </common:Annotations>
                    <common:Name xml:lang="en">Naples</common:Name>
                    <common:Name xml:lang="fr">Naples</common:Name>
                    <structure:Parent>
                        <Ref id="ITA"/>
                    </structure:Parent>
                </structure:Code>
                <structure:Code id="IT004">
                    <common:Annotations>
                        <common:Annotation>
                            <common:AnnotationType>ORDER</common:AnnotationType>
                            <common:AnnotationText xml:lang="en">40</common:AnnotationText>
                            <common:AnnotationText xml:lang="fr">40</common:AnnotationText>
                        </common:Annotation>
                    </common:Annotations>
                    <common:Name xml:lang="en">Turin</common:Name>
                    <common:Name xml:lang="fr">Turin</common:Name>
                    <structure:Parent>
                        <Ref id="ITA"/>
                    </structure:Parent>
                </structure:Code>
                <structure:Code id="IT005">
                    <common:Annotations>
                        <common:Annotation>
                            <common:AnnotationType>ORDER</common:AnnotationType>
                            <common:AnnotationText xml:lang="en">50</common:AnnotationText>
                            <common:AnnotationText xml:lang="fr">50</common:AnnotationText>
                        </common:Annotation>
                    </common:Annotations>
                    <common:Name xml:lang="en">Palermo</common:Name>
                    <common:Name xml:lang="fr">Palermo</common:Name>
                    <structure:Parent>
                        <Ref id="ITA"/>
                    </structure:Parent>
                </structure:Code>
                <structure:Code id="IT006">
                    <common:Annotations>
                        <common:Annotation>
                            <common:AnnotationType>ORDER</common:AnnotationType>
                            <common:AnnotationText xml:lang="en">60</common:AnnotationText>
                            <common:AnnotationText xml:lang="fr">60</common:AnnotationText>
                        </common:Annotation>
                    </common:Annotations>
                    <common:Name xml:lang="en">Genoa</common:Name>
                    <common:Name xml:lang="fr">Genoa</common:Name>
                    <structure:Parent>
                        <Ref id="ITA"/>
                    </structure:Parent>
                </structure:Code>
                <structure:Code id="IT007">
                    <common:Annotations>
                        <common:Annotation>
                            <common:AnnotationType>ORDER</common:AnnotationType>
                            <common:AnnotationText xml:lang="en">70</common:AnnotationText>
                            <common:AnnotationText xml:lang="fr">70</common:AnnotationText>
                        </common:Annotation>
                    </common:Annotations>
                    <common:Name xml:lang="en">Florence</common:Name>
                    <common:Name xml:lang="fr">Florence</common:Name>
                    <structure:Parent>
                        <Ref id="ITA"/>
                    </structure:Parent>
                </structure:Code>
                <structure:Code id="IT008">
                    <common:Annotations>
                        <common:Annotation>
                            <common:AnnotationType>ORDER</common:AnnotationType>
                            <common:AnnotationText xml:lang="en">80</common:AnnotationText>
                            <common:AnnotationText xml:lang="fr">80</common:AnnotationText>
                        </common:Annotation>
                    </common:Annotations>
                    <common:Name xml:lang="en">Bari</common:Name>
                    <common:Name xml:lang="fr">Bari</common:Name>
                    <structure:Parent>
                        <Ref id="ITA"/>
                    </structure:Parent>
                </structure:Code>
                <structure:Code id="IT009">
                    <common:Annotations>
                        <common:Annotation>
                            <common:AnnotationType>ORDER</common:AnnotationType>
                            <common:AnnotationText xml:lang="en">90</common:AnnotationText>
                            <common:AnnotationText xml:lang="fr">90</common:AnnotationText>
                        </common:Annotation>
                    </common:Annotations>
                    <common:Name xml:lang="en">Bologna</common:Name>
                    <common:Name xml:lang="fr">Bologna</common:Name>
                    <structure:Parent>
                        <Ref id="ITA"/>
                    </structure:Parent>
                </structure:Code>
                <structure:Code id="IT010">
                    <common:Annotations>
                        <common:Annotation>
                            <common:AnnotationType>ORDER</common:AnnotationType>
                            <common:AnnotationText xml:lang="en">100</common:AnnotationText>
                            <common:AnnotationText xml:lang="fr">100</common:AnnotationText>
                        </common:Annotation>
                    </common:Annotations>
                    <common:Name xml:lang="en">Catania</common:Name>
                    <common:Name xml:lang="fr">Catania</common:Name>
                    <structure:Parent>
                        <Ref id="ITA"/>
                    </structure:Parent>
                </structure:Code>
                <structure:Code id="IT011">
                    <common:Annotations>
                        <common:Annotation>
                            <common:AnnotationType>ORDER</common:AnnotationType>
                            <common:AnnotationText xml:lang="en">110</common:AnnotationText>
                            <common:AnnotationText xml:lang="fr">110</common:AnnotationText>
                        </common:Annotation>
                    </common:Annotations>
                    <common:Name xml:lang="en">Venice</common:Name>
                    <common:Name xml:lang="fr">Venice</common:Name>
                    <structure:Parent>
                        <Ref id="ITA"/>
                    </structure:Parent>
                </structure:Code>
                <structure:Code id="IT012">
                    <common:Annotations>
                        <common:Annotation>
                            <common:AnnotationType>ORDER</common:AnnotationType>
                            <common:AnnotationText xml:lang="en">120</common:AnnotationText>
                            <common:AnnotationText xml:lang="fr">120</common:AnnotationText>
                        </common:Annotation>
                    </common:Annotations>
                    <common:Name xml:lang="en">Verona</common:Name>
                    <common:Name xml:lang="fr">Verona</common:Name>
                    <structure:Parent>
                        <Ref id="ITA"/>
                    </structure:Parent>
                </structure:Code>
                <structure:Code id="IT013">
                    <common:Annotations>
                        <common:Annotation>
                            <common:AnnotationType>ORDER</common:AnnotationType>
                            <common:AnnotationText xml:lang="en">130</common:AnnotationText>
                            <common:AnnotationText xml:lang="fr">130</common:AnnotationText>
                        </common:Annotation>
                    </common:Annotations>
                    <common:Name xml:lang="en">Cremona</common:Name>
                    <common:Name xml:lang="fr">Cremona</common:Name>
                    <structure:Parent>
                        <Ref id="ITA"/>
                    </structure:Parent>
                </structure:Code>
                <structure:Code id="IT014">
                    <common:Annotations>
                        <common:Annotation>
                            <common:AnnotationType>ORDER</common:AnnotationType>
                            <common:AnnotationText xml:lang="en">140</common:AnnotationText>
                            <common:AnnotationText xml:lang="fr">140</common:AnnotationText>
                        </common:Annotation>
                    </common:Annotations>
                    <common:Name xml:lang="en">Trent</common:Name>
                    <common:Name xml:lang="fr">Trent</common:Name>
                    <structure:Parent>
                        <Ref id="ITA"/>
                    </structure:Parent>
                </structure:Code>
                <structure:Code id="IT015">
                    <common:Annotations>
                        <common:Annotation>
                            <common:AnnotationType>ORDER</common:AnnotationType>
                            <common:AnnotationText xml:lang="en">150</common:AnnotationText>
                            <common:AnnotationText xml:lang="fr">150</common:AnnotationText>
                        </common:Annotation>
                    </common:Annotations>
                    <common:Name xml:lang="en">Trieste</common:Name>
                    <common:Name xml:lang="fr">Trieste</common:Name>
                    <structure:Parent>
                        <Ref id="ITA"/>
                    </structure:Parent>
                </structure:Code>
                <structure:Code id="IT016">
                    <common:Annotations>
                        <common:Annotation>
                            <common:AnnotationType>ORDER</common:AnnotationType>
                            <common:AnnotationText xml:lang="en">160</common:AnnotationText>
                            <common:AnnotationText xml:lang="fr">160</common:AnnotationText>
                        </common:Annotation>
                    </common:Annotations>
                    <common:Name xml:lang="en">Perugia</common:Name>
                    <common:Name xml:lang="fr">Perugia</common:Name>
                    <structure:Parent>
                        <Ref id="ITA"/>
                    </structure:Parent>
                </structure:Code>
                <structure:Code id="IT017">
                    <common:Annotations>
                        <common:Annotation>
                            <common:AnnotationType>ORDER</common:AnnotationType>
                            <common:AnnotationText xml:lang="en">170</common:AnnotationText>
                            <common:AnnotationText xml:lang="fr">170</common:AnnotationText>
                        </common:Annotation>
                    </common:Annotations>
                    <common:Name xml:lang="en">Ancona</common:Name>
                    <common:Name xml:lang="fr">Ancona</common:Name>
                    <structure:Parent>
                        <Ref id="ITA"/>
                    </structure:Parent>
                </structure:Code>
                <structure:Code id="IT019">
                    <common:Annotations>
                        <common:Annotation>
                            <common:AnnotationType>ORDER</common:AnnotationType>
                            <common:AnnotationText xml:lang="en">180</common:AnnotationText>
                            <common:AnnotationText xml:lang="fr">180</common:AnnotationText>
                        </common:Annotation>
                    </common:Annotations>
                    <common:Name xml:lang="en">Pescara</common:Name>
                    <common:Name xml:lang="fr">Pescara</common:Name>
                    <structure:Parent>
                        <Ref id="ITA"/>
                    </structure:Parent>
                </structure:Code>
                <structure:Code id="IT020">
                    <common:Annotations>
                        <common:Annotation>
                            <common:AnnotationType>ORDER</common:AnnotationType>
                            <common:AnnotationText xml:lang="en">190</common:AnnotationText>
                            <common:AnnotationText xml:lang="fr">190</common:AnnotationText>
                        </common:Annotation>
                    </common:Annotations>
                    <common:Name xml:lang="en">Campobasso</common:Name>
                    <common:Name xml:lang="fr">Campobasso</common:Name>
                    <structure:Parent>
                        <Ref id="ITA"/>
                    </structure:Parent>
                </structure:Code>
                <structure:Code id="IT021">
                    <common:Annotations>
                        <common:Annotation>
                            <common:AnnotationType>ORDER</common:AnnotationType>
                            <common:AnnotationText xml:lang="en">200</common:AnnotationText>
                            <common:AnnotationText xml:lang="fr">200</common:AnnotationText>
                        </common:Annotation>
                    </common:Annotations>
                    <common:Name xml:lang="en">Caserta</common:Name>
                    <common:Name xml:lang="fr">Caserta</common:Name>
                    <structure:Parent>
                        <Ref id="ITA"/>
                    </structure:Parent>
                </structure:Code>
                <structure:Code id="IT022">
                    <common:Annotations>
                        <common:Annotation>
                            <common:AnnotationType>ORDER</common:AnnotationType>
                            <common:AnnotationText xml:lang="en">210</common:AnnotationText>
                            <common:AnnotationText xml:lang="fr">210</common:AnnotationText>
                        </common:Annotation>
                    </common:Annotations>
                    <common:Name xml:lang="en">Taranto</common:Name>
                    <common:Name xml:lang="fr">Taranto</common:Name>
                    <structure:Parent>
                        <Ref id="ITA"/>
                    </structure:Parent>
                </structure:Code>
                <structure:Code id="IT023">
                    <common:Annotations>
                        <common:Annotation>
                            <common:AnnotationType>ORDER</common:AnnotationType>
                            <common:AnnotationText xml:lang="en">220</common:AnnotationText>
                            <common:AnnotationText xml:lang="fr">220</common:AnnotationText>
                        </common:Annotation>
                    </common:Annotations>
                    <common:Name xml:lang="en">Potenza</common:Name>
                    <common:Name xml:lang="fr">Potenza</common:Name>
                    <structure:Parent>
                        <Ref id="ITA"/>
                    </structure:Parent>
                </structure:Code>
                <structure:Code id="IT024">
                    <common:Annotations>
                        <common:Annotation>
                            <common:AnnotationType>ORDER</common:AnnotationType>
                            <common:AnnotationText xml:lang="en">230</common:AnnotationText>
                            <common:AnnotationText xml:lang="fr">230</common:AnnotationText>
                        </common:Annotation>
                    </common:Annotations>
                    <common:Name xml:lang="en">Catanzaro</common:Name>
                    <common:Name xml:lang="fr">Catanzaro</common:Name>
                    <structure:Parent>
                        <Ref id="ITA"/>
                    </structure:Parent>
                </structure:Code>
                <structure:Code id="IT025">
                    <common:Annotations>
                        <common:Annotation>
                            <common:AnnotationType>ORDER</common:AnnotationType>
                            <common:AnnotationText xml:lang="en">240</common:AnnotationText>
                            <common:AnnotationText xml:lang="fr">240</common:AnnotationText>
                        </common:Annotation>
                    </common:Annotations>
                    <common:Name xml:lang="en">Reggio di Calabria</common:Name>
                    <common:Name xml:lang="fr">Reggio di Calabria</common:Name>
                    <structure:Parent>
                        <Ref id="ITA"/>
                    </structure:Parent>
                </structure:Code>
                <structure:Code id="IT026">
                    <common:Annotations>
                        <common:Annotation>
                            <common:AnnotationType>ORDER</common:AnnotationType>
                            <common:AnnotationText xml:lang="en">250</common:AnnotationText>
                            <common:AnnotationText xml:lang="fr">250</common:AnnotationText>
                        </common:Annotation>
                    </common:Annotations>
                    <common:Name xml:lang="en">Sassari</common:Name>
                    <common:Name xml:lang="fr">Sassari</common:Name>
                    <structure:Parent>
                        <Ref id="ITA"/>
                    </structure:Parent>
                </structure:Code>
                <structure:Code id="IT027">
                    <common:Annotations>
                        <common:Annotation>
                            <common:AnnotationType>ORDER</common:AnnotationType>
                            <common:AnnotationText xml:lang="en">260</common:AnnotationText>
                            <common:AnnotationText xml:lang="fr">260</common:AnnotationText>
                        </common:Annotation>
                    </common:Annotations>
                    <common:Name xml:lang="en">Cagliari</common:Name>
                    <common:Name xml:lang="fr">Cagliari</common:Name>
                    <structure:Parent>
                        <Ref id="ITA"/>
                    </structure:Parent>
                </structure:Code>
                <structure:Code id="IT028">
                    <common:Annotations>
                        <common:Annotation>
                            <common:AnnotationType>ORDER</common:AnnotationType>
                            <common:AnnotationText xml:lang="en">270</common:AnnotationText>
                            <common:AnnotationText xml:lang="fr">270</common:AnnotationText>
                        </common:Annotation>
                    </common:Annotations>
                    <common:Name xml:lang="en">Padua</common:Name>
                    <common:Name xml:lang="fr">Padua</common:Name>
                    <structure:Parent>
                        <Ref id="ITA"/>
                    </structure:Parent>
                </structure:Code>
                <structure:Code id="IT029">
                    <common:Annotations>
                        <common:Annotation>
                            <common:AnnotationType>ORDER</common:AnnotationType>
                            <common:AnnotationText xml:lang="en">280</common:AnnotationText>
                            <common:AnnotationText xml:lang="fr">280</common:AnnotationText>
                        </common:Annotation>
                    </common:Annotations>
                    <common:Name xml:lang="en">Brescia</common:Name>
                    <common:Name xml:lang="fr">Brescia</common:Name>
                    <structure:Parent>
                        <Ref id="ITA"/>
                    </structure:Parent>
                </structure:Code>
                <structure:Code id="IT030">
                    <common:Annotations>
                        <common:Annotation>
                            <common:AnnotationType>ORDER</common:AnnotationType>
                            <common:AnnotationText xml:lang="en">290</common:AnnotationText>
                            <common:AnnotationText xml:lang="fr">290</common:AnnotationText>
                        </common:Annotation>
                    </common:Annotations>
                    <common:Name xml:lang="en">Modena</common:Name>
                    <common:Name xml:lang="fr">Modena</common:Name>
                    <structure:Parent>
                        <Ref id="ITA"/>
                    </structure:Parent>
                </structure:Code>
                <structure:Code id="IT031">
                    <common:Annotations>
                        <common:Annotation>
                            <common:AnnotationType>ORDER</common:AnnotationType>
                            <common:AnnotationText xml:lang="en">300</common:AnnotationText>
                            <common:AnnotationText xml:lang="fr">300</common:AnnotationText>
                        </common:Annotation>
                    </common:Annotations>
                    <common:Name xml:lang="en">Foggia</common:Name>
                    <common:Name xml:lang="fr">Foggia</common:Name>
                    <structure:Parent>
                        <Ref id="ITA"/>
                    </structure:Parent>
                </structure:Code>
                <structure:Code id="IT032">
                    <common:Annotations>
                        <common:Annotation>
                            <common:AnnotationType>ORDER</common:AnnotationType>
                            <common:AnnotationText xml:lang="en">310</common:AnnotationText>
                            <common:AnnotationText xml:lang="fr">310</common:AnnotationText>
                        </common:Annotation>
                    </common:Annotations>
                    <common:Name xml:lang="en">Salerno</common:Name>
                    <common:Name xml:lang="fr">Salerno</common:Name>
                    <structure:Parent>
                        <Ref id="ITA"/>
                    </structure:Parent>
                </structure:Code>
                <structure:Code id="IT033">
                    <common:Annotations>
                        <common:Annotation>
                            <common:AnnotationType>ORDER</common:AnnotationType>
                            <common:AnnotationText xml:lang="en">320</common:AnnotationText>
                            <common:AnnotationText xml:lang="fr">320</common:AnnotationText>
                        </common:Annotation>
                    </common:Annotations>
                    <common:Name xml:lang="en">Piacenza</common:Name>
                    <common:Name xml:lang="fr">Piacenza</common:Name>
                    <structure:Parent>
                        <Ref id="ITA"/>
                    </structure:Parent>
                </structure:Code>
                <structure:Code id="IT034">
                    <common:Annotations>
                        <common:Annotation>
                            <common:AnnotationType>ORDER</common:AnnotationType>
                            <common:AnnotationText xml:lang="en">330</common:AnnotationText>
                            <common:AnnotationText xml:lang="fr">330</common:AnnotationText>
                        </common:Annotation>
                    </common:Annotations>
                    <common:Name xml:lang="en">Bolzano</common:Name>
                    <common:Name xml:lang="fr">Bolzano</common:Name>
                    <structure:Parent>
                        <Ref id="ITA"/>
                    </structure:Parent>
                </structure:Code>
                <structure:Code id="IT035">
                    <common:Annotations>
                        <common:Annotation>
                            <common:AnnotationType>ORDER</common:AnnotationType>
                            <common:AnnotationText xml:lang="en">340</common:AnnotationText>
                            <common:AnnotationText xml:lang="fr">340</common:AnnotationText>
                        </common:Annotation>
                    </common:Annotations>
                    <common:Name xml:lang="en">Udine</common:Name>
                    <common:Name xml:lang="fr">Udine</common:Name>
                    <structure:Parent>
                        <Ref id="ITA"/>
                    </structure:Parent>
                </structure:Code>
                <structure:Code id="IT036">
                    <common:Annotations>
                        <common:Annotation>
                            <common:AnnotationType>ORDER</common:AnnotationType>
                            <common:AnnotationText xml:lang="en">350</common:AnnotationText>
                            <common:AnnotationText xml:lang="fr">350</common:AnnotationText>
                        </common:Annotation>
                    </common:Annotations>
                    <common:Name xml:lang="en">La Spezia</common:Name>
                    <common:Name xml:lang="fr">La Spezia</common:Name>
                    <structure:Parent>
                        <Ref id="ITA"/>
                    </structure:Parent>
                </structure:Code>
                <structure:Code id="IT037">
                    <common:Annotations>
                        <common:Annotation>
                            <common:AnnotationType>ORDER</common:AnnotationType>
                            <common:AnnotationText xml:lang="en">360</common:AnnotationText>
                            <common:AnnotationText xml:lang="fr">360</common:AnnotationText>
                        </common:Annotation>
                    </common:Annotations>
                    <common:Name xml:lang="en">Lecce</common:Name>
                    <common:Name xml:lang="fr">Lecce</common:Name>
                    <structure:Parent>
                        <Ref id="ITA"/>
                    </structure:Parent>
                </structure:Code>
                <structure:Code id="IT038">
                    <common:Annotations>
                        <common:Annotation>
                            <common:AnnotationType>ORDER</common:AnnotationType>
                            <common:AnnotationText xml:lang="en">370</common:AnnotationText>
                            <common:AnnotationText xml:lang="fr">370</common:AnnotationText>
                        </common:Annotation>
                    </common:Annotations>
                    <common:Name xml:lang="en">Barletta</common:Name>
                    <common:Name xml:lang="fr">Barletta</common:Name>
                    <structure:Parent>
                        <Ref id="ITA"/>
                    </structure:Parent>
                </structure:Code>
                <structure:Code id="IT039">
                    <common:Annotations>
                        <common:Annotation>
                            <common:AnnotationType>ORDER</common:AnnotationType>
                            <common:AnnotationText xml:lang="en">380</common:AnnotationText>
                            <common:AnnotationText xml:lang="fr">380</common:AnnotationText>
                        </common:Annotation>
                    </common:Annotations>
                    <common:Name xml:lang="en">Pesaro</common:Name>
                    <common:Name xml:lang="fr">Pesaro</common:Name>
                    <structure:Parent>
                        <Ref id="ITA"/>
                    </structure:Parent>
                </structure:Code>
                <structure:Code id="IT040">
                    <common:Annotations>
                        <common:Annotation>
                            <common:AnnotationType>ORDER</common:AnnotationType>
                            <common:AnnotationText xml:lang="en">390</common:AnnotationText>
                            <common:AnnotationText xml:lang="fr">390</common:AnnotationText>
                        </common:Annotation>
                    </common:Annotations>
                    <common:Name xml:lang="en">Como</common:Name>
                    <common:Name xml:lang="fr">Como</common:Name>
                    <structure:Parent>
                        <Ref id="ITA"/>
                    </structure:Parent>
                </structure:Code>
                <structure:Code id="IT041">
                    <common:Annotations>
                        <common:Annotation>
                            <common:AnnotationType>ORDER</common:AnnotationType>
                            <common:AnnotationText xml:lang="en">400</common:AnnotationText>
                            <common:AnnotationText xml:lang="fr">400</common:AnnotationText>
                        </common:Annotation>
                    </common:Annotations>
                    <common:Name xml:lang="en">Pisa</common:Name>
                    <common:Name xml:lang="fr">Pisa</common:Name>
                    <structure:Parent>
                        <Ref id="ITA"/>
                    </structure:Parent>
                </structure:Code>
                <structure:Code id="IT042">
                    <common:Annotations>
                        <common:Annotation>
                            <common:AnnotationType>ORDER</common:AnnotationType>
                            <common:AnnotationText xml:lang="en">410</common:AnnotationText>
                            <common:AnnotationText xml:lang="fr">410</common:AnnotationText>
                        </common:Annotation>
                    </common:Annotations>
                    <common:Name xml:lang="en">Treviso</common:Name>
                    <common:Name xml:lang="fr">Treviso</common:Name>
                    <structure:Parent>
                        <Ref id="ITA"/>
                    </structure:Parent>
                </structure:Code>
                <structure:Code id="IT043">
                    <common:Annotations>
                        <common:Annotation>
                            <common:AnnotationType>ORDER</common:AnnotationType>
                            <common:AnnotationText xml:lang="en">420</common:AnnotationText>
                            <common:AnnotationText xml:lang="fr">420</common:AnnotationText>
                        </common:Annotation>
                    </common:Annotations>
                    <common:Name xml:lang="en">Varese</common:Name>
                    <common:Name xml:lang="fr">Varese</common:Name>
                    <structure:Parent>
                        <Ref id="ITA"/>
                    </structure:Parent>
                </structure:Code>
                <structure:Code id="IT045">
                    <common:Annotations>
                        <common:Annotation>
                            <common:AnnotationType>ORDER</common:AnnotationType>
                            <common:AnnotationText xml:lang="en">430</common:AnnotationText>
                            <common:AnnotationText xml:lang="fr">430</common:AnnotationText>
                        </common:Annotation>
                    </common:Annotations>
                    <common:Name xml:lang="en">Asti</common:Name>
                    <common:Name xml:lang="fr">Asti</common:Name>
                    <structure:Parent>
                        <Ref id="ITA"/>
                    </structure:Parent>
                </structure:Code>
                <structure:Code id="IT046">
                    <common:Annotations>
                        <common:Annotation>
                            <common:AnnotationType>ORDER</common:AnnotationType>
                            <common:AnnotationText xml:lang="en">440</common:AnnotationText>
                            <common:AnnotationText xml:lang="fr">440</common:AnnotationText>
                        </common:Annotation>
                    </common:Annotations>
                    <common:Name xml:lang="en">Pavia</common:Name>
                    <common:Name xml:lang="fr">Pavia</common:Name>
                    <structure:Parent>
                        <Ref id="ITA"/>
                    </structure:Parent>
                </structure:Code>
                <structure:Code id="IT047">
                    <common:Annotations>
                        <common:Annotation>
                            <common:AnnotationType>ORDER</common:AnnotationType>
                            <common:AnnotationText xml:lang="en">450</common:AnnotationText>
                            <common:AnnotationText xml:lang="fr">450</common:AnnotationText>
                        </common:Annotation>
                    </common:Annotations>
                    <common:Name xml:lang="en">Massa</common:Name>
                    <common:Name xml:lang="fr">Massa</common:Name>
                    <structure:Parent>
                        <Ref id="ITA"/>
                    </structure:Parent>
                </structure:Code>
                <structure:Code id="IT048">
                    <common:Annotations>
                        <common:Annotation>
                            <common:AnnotationType>ORDER</common:AnnotationType>
                            <common:AnnotationText xml:lang="en">460</common:AnnotationText>
                            <common:AnnotationText xml:lang="fr">460</common:AnnotationText>
                        </common:Annotation>
                    </common:Annotations>
                    <common:Name xml:lang="en">Cosenza</common:Name>
                    <common:Name xml:lang="fr">Cosenza</common:Name>
                    <structure:Parent>
                        <Ref id="ITA"/>
                    </structure:Parent>
                </structure:Code>
                <structure:Code id="IT052">
                    <common:Annotations>
                        <common:Annotation>
                            <common:AnnotationType>ORDER</common:AnnotationType>
                            <common:AnnotationText xml:lang="en">470</common:AnnotationText>
                            <common:AnnotationText xml:lang="fr">470</common:AnnotationText>
                        </common:Annotation>
                    </common:Annotations>
                    <common:Name xml:lang="en">Savona</common:Name>
                    <common:Name xml:lang="fr">Savona</common:Name>
                    <structure:Parent>
                        <Ref id="ITA"/>
                    </structure:Parent>
                </structure:Code>
                <structure:Code id="IT054">
                    <common:Annotations>
                        <common:Annotation>
                            <common:AnnotationType>ORDER</common:AnnotationType>
                            <common:AnnotationText xml:lang="en">480</common:AnnotationText>
                            <common:AnnotationText xml:lang="fr">480</common:AnnotationText>
                        </common:Annotation>
                    </common:Annotations>
                    <common:Name xml:lang="en">Matera</common:Name>
                    <common:Name xml:lang="fr">Matera</common:Name>
                    <structure:Parent>
                        <Ref id="ITA"/>
                    </structure:Parent>
                </structure:Code>
                <structure:Code id="IT056">
                    <common:Annotations>
                        <common:Annotation>
                            <common:AnnotationType>ORDER</common:AnnotationType>
                            <common:AnnotationText xml:lang="en">490</common:AnnotationText>
                            <common:AnnotationText xml:lang="fr">490</common:AnnotationText>
                        </common:Annotation>
                    </common:Annotations>
                    <common:Name xml:lang="en">Acireale</common:Name>
                    <common:Name xml:lang="fr">Acireale</common:Name>
                    <structure:Parent>
                        <Ref id="ITA"/>
                    </structure:Parent>
                </structure:Code>
                <structure:Code id="IT057">
                    <common:Annotations>
                        <common:Annotation>
                            <common:AnnotationType>ORDER</common:AnnotationType>
                            <common:AnnotationText xml:lang="en">500</common:AnnotationText>
                            <common:AnnotationText xml:lang="fr">500</common:AnnotationText>
                        </common:Annotation>
                    </common:Annotations>
                    <common:Name xml:lang="en">Avellino</common:Name>
                    <common:Name xml:lang="fr">Avellino</common:Name>
                    <structure:Parent>
                        <Ref id="ITA"/>
                    </structure:Parent>
                </structure:Code>
                <structure:Code id="IT058">
                    <common:Annotations>
                        <common:Annotation>
                            <common:AnnotationType>ORDER</common:AnnotationType>
                            <common:AnnotationText xml:lang="en">510</common:AnnotationText>
                            <common:AnnotationText xml:lang="fr">510</common:AnnotationText>
                        </common:Annotation>
                    </common:Annotations>
                    <common:Name xml:lang="en">Pordenone</common:Name>
                    <common:Name xml:lang="fr">Pordenone</common:Name>
                    <structure:Parent>
                        <Ref id="ITA"/>
                    </structure:Parent>
                </structure:Code>
                <structure:Code id="IT060">
                    <common:Annotations>
                        <common:Annotation>
                            <common:AnnotationType>ORDER</common:AnnotationType>
                            <common:AnnotationText xml:lang="en">520</common:AnnotationText>
                            <common:AnnotationText xml:lang="fr">520</common:AnnotationText>
                        </common:Annotation>
                    </common:Annotations>
                    <common:Name xml:lang="en">Lecco</common:Name>
                    <common:Name xml:lang="fr">Lecco</common:Name>
                    <structure:Parent>
                        <Ref id="ITA"/>
                    </structure:Parent>
                </structure:Code>
                <structure:Code id="IT061">
                    <common:Annotations>
                        <common:Annotation>
                            <common:AnnotationType>ORDER</common:AnnotationType>
                            <common:AnnotationText xml:lang="en">530</common:AnnotationText>
                            <common:AnnotationText xml:lang="fr">530</common:AnnotationText>
                        </common:Annotation>
                    </common:Annotations>
                    <common:Name xml:lang="en">Altamura</common:Name>
                    <common:Name xml:lang="fr">Altamura</common:Name>
                    <structure:Parent>
                        <Ref id="ITA"/>
                    </structure:Parent>
                </structure:Code>
                <structure:Code id="IT064">
                    <common:Annotations>
                        <common:Annotation>
                            <common:AnnotationType>ORDER</common:AnnotationType>
                            <common:AnnotationText xml:lang="en">540</common:AnnotationText>
                            <common:AnnotationText xml:lang="fr">540</common:AnnotationText>
                        </common:Annotation>
                    </common:Annotations>
                    <common:Name xml:lang="en">Battipaglia</common:Name>
                    <common:Name xml:lang="fr">Battipaglia</common:Name>
                    <structure:Parent>
                        <Ref id="ITA"/>
                    </structure:Parent>
                </structure:Code>
                <structure:Code id="IT065">
                    <common:Annotations>
                        <common:Annotation>
                            <common:AnnotationType>ORDER</common:AnnotationType>
                            <common:AnnotationText xml:lang="en">550</common:AnnotationText>
                            <common:AnnotationText xml:lang="fr">550</common:AnnotationText>
                        </common:Annotation>
                    </common:Annotations>
                    <common:Name xml:lang="en">Bisceglie</common:Name>
                    <common:Name xml:lang="fr">Bisceglie</common:Name>
                    <structure:Parent>
                        <Ref id="ITA"/>
                    </structure:Parent>
                </structure:Code>
                <structure:Code id="IT066">
                    <common:Annotations>
                        <common:Annotation>
                            <common:AnnotationType>ORDER</common:AnnotationType>
                            <common:AnnotationText xml:lang="en">560</common:AnnotationText>
                            <common:AnnotationText xml:lang="fr">560</common:AnnotationText>
                        </common:Annotation>
                    </common:Annotations>
                    <common:Name xml:lang="en">Carpi</common:Name>
                    <common:Name xml:lang="fr">Carpi</common:Name>
                    <structure:Parent>
                        <Ref id="ITA"/>
                    </structure:Parent>
                </structure:Code>
                <structure:Code id="IT067">
                    <common:Annotations>
                        <common:Annotation>
                            <common:AnnotationType>ORDER</common:AnnotationType>
                            <common:AnnotationText xml:lang="en">570</common:AnnotationText>
                            <common:AnnotationText xml:lang="fr">570</common:AnnotationText>
                        </common:Annotation>
                    </common:Annotations>
                    <common:Name xml:lang="en">Cerignola</common:Name>
                    <common:Name xml:lang="fr">Cerignola</common:Name>
                    <structure:Parent>
                        <Ref id="ITA"/>
                    </structure:Parent>
                </structure:Code>
                <structure:Code id="IT068">
                    <common:Annotations>
                        <common:Annotation>
                            <common:AnnotationType>ORDER</common:AnnotationType>
                            <common:AnnotationText xml:lang="en">580</common:AnnotationText>
                            <common:AnnotationText xml:lang="fr">580</common:AnnotationText>
                        </common:Annotation>
                    </common:Annotations>
                    <common:Name xml:lang="en">Gallarate</common:Name>
                    <common:Name xml:lang="fr">Gallarate</common:Name>
                    <structure:Parent>
                        <Ref id="ITA"/>
                    </structure:Parent>
                </structure:Code>
                <structure:Code id="IT069">
                    <common:Annotations>
                        <common:Annotation>
                            <common:AnnotationType>ORDER</common:AnnotationType>
                            <common:AnnotationText xml:lang="en">590</common:AnnotationText>
                            <common:AnnotationText xml:lang="fr">590</common:AnnotationText>
                        </common:Annotation>
                    </common:Annotations>
                    <common:Name xml:lang="en">Gela</common:Name>
                    <common:Name xml:lang="fr">Gela</common:Name>
                    <structure:Parent>
                        <Ref id="ITA"/>
                    </structure:Parent>
                </structure:Code>
                <structure:Code id="IT073">
                    <common:Annotations>
                        <common:Annotation>
                            <common:AnnotationType>ORDER</common:AnnotationType>
                            <common:AnnotationText xml:lang="en">600</common:AnnotationText>
                            <common:AnnotationText xml:lang="fr">600</common:AnnotationText>
                        </common:Annotation>
                    </common:Annotations>
                    <common:Name xml:lang="en">Sassuolo</common:Name>
                    <common:Name xml:lang="fr">Sassuolo</common:Name>
                    <structure:Parent>
                        <Ref id="ITA"/>
                    </structure:Parent>
                </structure:Code>
                <structure:Code id="IT501">
                    <common:Annotations>
                        <common:Annotation>
                            <common:AnnotationType>ORDER</common:AnnotationType>
                            <common:AnnotationText xml:lang="en">610</common:AnnotationText>
                            <common:AnnotationText xml:lang="fr">610</common:AnnotationText>
                        </common:Annotation>
                    </common:Annotations>
                    <common:Name xml:lang="en">Messina</common:Name>
                    <common:Name xml:lang="fr">Messina</common:Name>
                    <structure:Parent>
                        <Ref id="ITA"/>
                    </structure:Parent>
                </structure:Code>
                <structure:Code id="IT502">
                    <common:Annotations>
                        <common:Annotation>
                            <common:AnnotationType>ORDER</common:AnnotationType>
                            <common:AnnotationText xml:lang="en">620</common:AnnotationText>
                            <common:AnnotationText xml:lang="fr">620</common:AnnotationText>
                        </common:Annotation>
                    </common:Annotations>
                    <common:Name xml:lang="en">Prato</common:Name>
                    <common:Name xml:lang="fr">Prato</common:Name>
                    <structure:Parent>
                        <Ref id="ITA"/>
                    </structure:Parent>
                </structure:Code>
                <structure:Code id="IT503">
                    <common:Annotations>
                        <common:Annotation>
                            <common:AnnotationType>ORDER</common:AnnotationType>
                            <common:AnnotationText xml:lang="en">630</common:AnnotationText>
                            <common:AnnotationText xml:lang="fr">630</common:AnnotationText>
                        </common:Annotation>
                    </common:Annotations>
                    <common:Name xml:lang="en">Parma</common:Name>
                    <common:Name xml:lang="fr">Parma</common:Name>
                    <structure:Parent>
                        <Ref id="ITA"/>
                    </structure:Parent>
                </structure:Code>
                <structure:Code id="IT504">
                    <common:Annotations>
                        <common:Annotation>
                            <common:AnnotationType>ORDER</common:AnnotationType>
                            <common:AnnotationText xml:lang="en">640</common:AnnotationText>
                            <common:AnnotationText xml:lang="fr">640</common:AnnotationText>
                        </common:Annotation>
                    </common:Annotations>
                    <common:Name xml:lang="en">Livorno</common:Name>
                    <common:Name xml:lang="fr">Livorno</common:Name>
                    <structure:Parent>
                        <Ref id="ITA"/>
                    </structure:Parent>
                </structure:Code>
                <structure:Code id="IT505">
                    <common:Annotations>
                        <common:Annotation>
                            <common:AnnotationType>ORDER</common:AnnotationType>
                            <common:AnnotationText xml:lang="en">650</common:AnnotationText>
                            <common:AnnotationText xml:lang="fr">650</common:AnnotationText>
                        </common:Annotation>
                    </common:Annotations>
                    <common:Name xml:lang="en">Reggio nell'Emilia</common:Name>
                    <common:Name xml:lang="fr">Reggio nell'Emilia</common:Name>
                    <structure:Parent>
                        <Ref id="ITA"/>
                    </structure:Parent>
                </structure:Code>
                <structure:Code id="IT506">
                    <common:Annotations>
                        <common:Annotation>
                            <common:AnnotationType>ORDER</common:AnnotationType>
                            <common:AnnotationText xml:lang="en">660</common:AnnotationText>
                            <common:AnnotationText xml:lang="fr">660</common:AnnotationText>
                        </common:Annotation>
                    </common:Annotations>
                    <common:Name xml:lang="en">Ravenna</common:Name>
                    <common:Name xml:lang="fr">Ravenna</common:Name>
                    <structure:Parent>
                        <Ref id="ITA"/>
                    </structure:Parent>
                </structure:Code>
                <structure:Code id="IT507">
                    <common:Annotations>
                        <common:Annotation>
                            <common:AnnotationType>ORDER</common:AnnotationType>
                            <common:AnnotationText xml:lang="en">670</common:AnnotationText>
                            <common:AnnotationText xml:lang="fr">670</common:AnnotationText>
                        </common:Annotation>
                    </common:Annotations>
                    <common:Name xml:lang="en">Ferrara</common:Name>
                    <common:Name xml:lang="fr">Ferrara</common:Name>
                    <structure:Parent>
                        <Ref id="ITA"/>
                    </structure:Parent>
                </structure:Code>
                <structure:Code id="IT508">
                    <common:Annotations>
                        <common:Annotation>
                            <common:AnnotationType>ORDER</common:AnnotationType>
                            <common:AnnotationText xml:lang="en">680</common:AnnotationText>
                            <common:AnnotationText xml:lang="fr">680</common:AnnotationText>
                        </common:Annotation>
                    </common:Annotations>
                    <common:Name xml:lang="en">Rimini</common:Name>
                    <common:Name xml:lang="fr">Rimini</common:Name>
                    <structure:Parent>
                        <Ref id="ITA"/>
                    </structure:Parent>
                </structure:Code>
                <structure:Code id="IT509">
                    <common:Annotations>
                        <common:Annotation>
                            <common:AnnotationType>ORDER</common:AnnotationType>
                            <common:AnnotationText xml:lang="en">690</common:AnnotationText>
                            <common:AnnotationText xml:lang="fr">690</common:AnnotationText>
                        </common:Annotation>
                    </common:Annotations>
                    <common:Name xml:lang="en">Siracusa</common:Name>
                    <common:Name xml:lang="fr">Siracusa</common:Name>
                    <structure:Parent>
                        <Ref id="ITA"/>
                    </structure:Parent>
                </structure:Code>
                <structure:Code id="IT511">
                    <common:Annotations>
                        <common:Annotation>
                            <common:AnnotationType>ORDER</common:AnnotationType>
                            <common:AnnotationText xml:lang="en">700</common:AnnotationText>
                            <common:AnnotationText xml:lang="fr">700</common:AnnotationText>
                        </common:Annotation>
                    </common:Annotations>
                    <common:Name xml:lang="en">Bergamo</common:Name>
                    <common:Name xml:lang="fr">Bergamo</common:Name>
                    <structure:Parent>
                        <Ref id="ITA"/>
                    </structure:Parent>
                </structure:Code>
                <structure:Code id="IT512">
                    <common:Annotations>
                        <common:Annotation>
                            <common:AnnotationType>ORDER</common:AnnotationType>
                            <common:AnnotationText xml:lang="en">710</common:AnnotationText>
                            <common:AnnotationText xml:lang="fr">710</common:AnnotationText>
                        </common:Annotation>
                    </common:Annotations>
                    <common:Name xml:lang="en">Forli</common:Name>
                    <common:Name xml:lang="fr">Forli</common:Name>
                    <structure:Parent>
                        <Ref id="ITA"/>
                    </structure:Parent>
                </structure:Code>
                <structure:Code id="IT513">
                    <common:Annotations>
                        <common:Annotation>
                            <common:AnnotationType>ORDER</common:AnnotationType>
                            <common:AnnotationText xml:lang="en">720</common:AnnotationText>
                            <common:AnnotationText xml:lang="fr">720</common:AnnotationText>
                        </common:Annotation>
                    </common:Annotations>
                    <common:Name xml:lang="en">Latina</common:Name>
                    <common:Name xml:lang="fr">Latina</common:Name>
                    <structure:Parent>
                        <Ref id="ITA"/>
                    </structure:Parent>
                </structure:Code>
                <structure:Code id="IT514">
                    <common:Annotations>
                        <common:Annotation>
                            <common:AnnotationType>ORDER</common:AnnotationType>
                            <common:AnnotationText xml:lang="en">730</common:AnnotationText>
                            <common:AnnotationText xml:lang="fr">730</common:AnnotationText>
                        </common:Annotation>
                    </common:Annotations>
                    <common:Name xml:lang="en">Vicenza</common:Name>
                    <common:Name xml:lang="fr">Vicenza</common:Name>
                    <structure:Parent>
                        <Ref id="ITA"/>
                    </structure:Parent>
                </structure:Code>
                <structure:Code id="IT515">
                    <common:Annotations>
                        <common:Annotation>
                            <common:AnnotationType>ORDER</common:AnnotationType>
                            <common:AnnotationText xml:lang="en">740</common:AnnotationText>
                            <common:AnnotationText xml:lang="fr">740</common:AnnotationText>
                        </common:Annotation>
                    </common:Annotations>
                    <common:Name xml:lang="en">Terni</common:Name>
                    <common:Name xml:lang="fr">Terni</common:Name>
                    <structure:Parent>
                        <Ref id="ITA"/>
                    </structure:Parent>
                </structure:Code>
                <structure:Code id="IT516">
                    <common:Annotations>
                        <common:Annotation>
                            <common:AnnotationType>ORDER</common:AnnotationType>
                            <common:AnnotationText xml:lang="en">750</common:AnnotationText>
                            <common:AnnotationText xml:lang="fr">750</common:AnnotationText>
                        </common:Annotation>
                    </common:Annotations>
                    <common:Name xml:lang="en">Novara</common:Name>
                    <common:Name xml:lang="fr">Novara</common:Name>
                    <structure:Parent>
                        <Ref id="ITA"/>
                    </structure:Parent>
                </structure:Code>
                <structure:Code id="IT518">
                    <common:Annotations>
                        <common:Annotation>
                            <common:AnnotationType>ORDER</common:AnnotationType>
                            <common:AnnotationText xml:lang="en">760</common:AnnotationText>
                            <common:AnnotationText xml:lang="fr">760</common:AnnotationText>
                        </common:Annotation>
                    </common:Annotations>
                    <common:Name xml:lang="en">Alexandria</common:Name>
                    <common:Name xml:lang="fr">Alexandria</common:Name>
                    <structure:Parent>
                        <Ref id="ITA"/>
                    </structure:Parent>
                </structure:Code>
                <structure:Code id="IT519">
                    <common:Annotations>
                        <common:Annotation>
                            <common:AnnotationType>ORDER</common:AnnotationType>
                            <common:AnnotationText xml:lang="en">770</common:AnnotationText>
                            <common:AnnotationText xml:lang="fr">770</common:AnnotationText>
                        </common:Annotation>
                    </common:Annotations>
                    <common:Name xml:lang="en">Arezzo</common:Name>
                    <common:Name xml:lang="fr">Arezzo</common:Name>
                    <structure:Parent>
                        <Ref id="ITA"/>
                    </structure:Parent>
                </structure:Code>
                <structure:Code id="IT520">
                    <common:Annotations>
                        <common:Annotation>
                            <common:AnnotationType>ORDER</common:AnnotationType>
                            <common:AnnotationText xml:lang="en">780</common:AnnotationText>
                            <common:AnnotationText xml:lang="fr">780</common:AnnotationText>
                        </common:Annotation>
                    </common:Annotations>
                    <common:Name xml:lang="en">Grosseto</common:Name>
                    <common:Name xml:lang="fr">Grosseto</common:Name>
                    <structure:Parent>
                        <Ref id="ITA"/>
                    </structure:Parent>
                </structure:Code>
                <structure:Code id="IT521">
                    <common:Annotations>
                        <common:Annotation>
                            <common:AnnotationType>ORDER</common:AnnotationType>
                            <common:AnnotationText xml:lang="en">790</common:AnnotationText>
                            <common:AnnotationText xml:lang="fr">790</common:AnnotationText>
                        </common:Annotation>
                    </common:Annotations>
                    <common:Name xml:lang="en">Toast</common:Name>
                    <common:Name xml:lang="fr">Toast</common:Name>
                    <structure:Parent>
                        <Ref id="ITA"/>
                    </structure:Parent>
                </structure:Code>
                <structure:Code id="IT522">
                    <common:Annotations>
                        <common:Annotation>
                            <common:AnnotationType>ORDER</common:AnnotationType>
                            <common:AnnotationText xml:lang="en">800</common:AnnotationText>
                            <common:AnnotationText xml:lang="fr">800</common:AnnotationText>
                        </common:Annotation>
                    </common:Annotations>
                    <common:Name xml:lang="en">Trapani</common:Name>
                    <common:Name xml:lang="fr">Trapani</common:Name>
                    <structure:Parent>
                        <Ref id="ITA"/>
                    </structure:Parent>
                </structure:Code>
                <structure:Code id="IT523">
                    <common:Annotations>
                        <common:Annotation>
                            <common:AnnotationType>ORDER</common:AnnotationType>
                            <common:AnnotationText xml:lang="en">810</common:AnnotationText>
                            <common:AnnotationText xml:lang="fr">810</common:AnnotationText>
                        </common:Annotation>
                    </common:Annotations>
                    <common:Name xml:lang="en">Ragusa</common:Name>
                    <common:Name xml:lang="fr">Ragusa</common:Name>
                    <structure:Parent>
                        <Ref id="ITA"/>
                    </structure:Parent>
                </structure:Code>
                <structure:Code id="IT524">
                    <common:Annotations>
                        <common:Annotation>
                            <common:AnnotationType>ORDER</common:AnnotationType>
                            <common:AnnotationText xml:lang="en">820</common:AnnotationText>
                            <common:AnnotationText xml:lang="fr">820</common:AnnotationText>
                        </common:Annotation>
                    </common:Annotations>
                    <common:Name xml:lang="en">Andria</common:Name>
                    <common:Name xml:lang="fr">Andria</common:Name>
                    <structure:Parent>
                        <Ref id="ITA"/>
                    </structure:Parent>
                </structure:Code>
                <structure:Code id="IT525">
                    <common:Annotations>
                        <common:Annotation>
                            <common:AnnotationType>ORDER</common:AnnotationType>
                            <common:AnnotationText xml:lang="en">830</common:AnnotationText>
                            <common:AnnotationText xml:lang="fr">830</common:AnnotationText>
                        </common:Annotation>
                    </common:Annotations>
                    <common:Name xml:lang="en">Trani</common:Name>
                    <common:Name xml:lang="fr">Trani</common:Name>
                    <structure:Parent>
                        <Ref id="ITA"/>
                    </structure:Parent>
                </structure:Code>
                <structure:Code id="IT526">
                    <common:Annotations>
                        <common:Annotation>
                            <common:AnnotationType>ORDER</common:AnnotationType>
                            <common:AnnotationText xml:lang="en">840</common:AnnotationText>
                            <common:AnnotationText xml:lang="fr">840</common:AnnotationText>
                        </common:Annotation>
                    </common:Annotations>
                    <common:Name xml:lang="en">L'Aquila</common:Name>
                    <common:Name xml:lang="fr">L'Aquila</common:Name>
                    <structure:Parent>
                        <Ref id="ITA"/>
                    </structure:Parent>
                </structure:Code>
                <structure:Code id="JPN">
                    <common:Annotations>
                        <common:Annotation>
                            <common:AnnotationType>ORDER</common:AnnotationType>
                            <common:AnnotationText xml:lang="en">290</common:AnnotationText>
                            <common:AnnotationText xml:lang="fr">290</common:AnnotationText>
                        </common:Annotation>
                    </common:Annotations>
                    <common:Name xml:lang="en">Japan</common:Name>
                    <common:Name xml:lang="fr">Japon</common:Name>
                </structure:Code>
                <structure:Code id="JPN01">
                    <common:Annotations>
                        <common:Annotation>
                            <common:AnnotationType>ORDER</common:AnnotationType>
                            <common:AnnotationText xml:lang="en">10</common:AnnotationText>
                            <common:AnnotationText xml:lang="fr">10</common:AnnotationText>
                        </common:Annotation>
                    </common:Annotations>
                    <common:Name xml:lang="en">Tokyo</common:Name>
                    <common:Name xml:lang="fr">Tokyo</common:Name>
                    <structure:Parent>
                        <Ref id="JPN"/>
                    </structure:Parent>
                </structure:Code>
                <structure:Code id="JPN02">
                    <common:Annotations>
                        <common:Annotation>
                            <common:AnnotationType>ORDER</common:AnnotationType>
                            <common:AnnotationText xml:lang="en">20</common:AnnotationText>
                            <common:AnnotationText xml:lang="fr">20</common:AnnotationText>
                        </common:Annotation>
                    </common:Annotations>
                    <common:Name xml:lang="en">Osaka</common:Name>
                    <common:Name xml:lang="fr">Osaka</common:Name>
                    <structure:Parent>
                        <Ref id="JPN"/>
                    </structure:Parent>
                </structure:Code>
                <structure:Code id="JPN03">
                    <common:Annotations>
                        <common:Annotation>
                            <common:AnnotationType>ORDER</common:AnnotationType>
                            <common:AnnotationText xml:lang="en">30</common:AnnotationText>
                            <common:AnnotationText xml:lang="fr">30</common:AnnotationText>
                        </common:Annotation>
                    </common:Annotations>
                    <common:Name xml:lang="en">Nagoya</common:Name>
                    <common:Name xml:lang="fr">Nagoya</common:Name>
                    <structure:Parent>
                        <Ref id="JPN"/>
                    </structure:Parent>
                </structure:Code>
                <structure:Code id="JPN04">
                    <common:Annotations>
                        <common:Annotation>
                            <common:AnnotationType>ORDER</common:AnnotationType>
                            <common:AnnotationText xml:lang="en">40</common:AnnotationText>
                            <common:AnnotationText xml:lang="fr">40</common:AnnotationText>
                        </common:Annotation>
                    </common:Annotations>
                    <common:Name xml:lang="en">Fukuoka</common:Name>
                    <common:Name xml:lang="fr">Fukuoka</common:Name>
                    <structure:Parent>
                        <Ref id="JPN"/>
                    </structure:Parent>
                </structure:Code>
                <structure:Code id="JPN05">
                    <common:Annotations>
                        <common:Annotation>
                            <common:AnnotationType>ORDER</common:AnnotationType>
                            <common:AnnotationText xml:lang="en">50</common:AnnotationText>
                            <common:AnnotationText xml:lang="fr">50</common:AnnotationText>
                        </common:Annotation>
                    </common:Annotations>
                    <common:Name xml:lang="en">Sapporo</common:Name>
                    <common:Name xml:lang="fr">Sapporo</common:Name>
                    <structure:Parent>
                        <Ref id="JPN"/>
                    </structure:Parent>
                </structure:Code>
                <structure:Code id="JPN06">
                    <common:Annotations>
                        <common:Annotation>
                            <common:AnnotationType>ORDER</common:AnnotationType>
                            <common:AnnotationText xml:lang="en">60</common:AnnotationText>
                            <common:AnnotationText xml:lang="fr">60</common:AnnotationText>
                        </common:Annotation>
                    </common:Annotations>
                    <common:Name xml:lang="en">Sendai</common:Name>
                    <common:Name xml:lang="fr">Sendai</common:Name>
                    <structure:Parent>
                        <Ref id="JPN"/>
                    </structure:Parent>
                </structure:Code>
                <structure:Code id="JPN07">
                    <common:Annotations>
                        <common:Annotation>
                            <common:AnnotationType>ORDER</common:AnnotationType>
                            <common:AnnotationText xml:lang="en">70</common:AnnotationText>
                            <common:AnnotationText xml:lang="fr">70</common:AnnotationText>
                        </common:Annotation>
                    </common:Annotations>
                    <common:Name xml:lang="en">Okayama</common:Name>
                    <common:Name xml:lang="fr">Okayama</common:Name>
                    <structure:Parent>
                        <Ref id="JPN"/>
                    </structure:Parent>
                </structure:Code>
                <structure:Code id="JPN08">
                    <common:Annotations>
                        <common:Annotation>
                            <common:AnnotationType>ORDER</common:AnnotationType>
                            <common:AnnotationText xml:lang="en">80</common:AnnotationText>
                            <common:AnnotationText xml:lang="fr">80</common:AnnotationText>
                        </common:Annotation>
                    </common:Annotations>
                    <common:Name xml:lang="en">Hiroshima</common:Name>
                    <common:Name xml:lang="fr">Hiroshima</common:Name>
                    <structure:Parent>
                        <Ref id="JPN"/>
                    </structure:Parent>
                </structure:Code>
                <structure:Code id="JPN09">
                    <common:Annotations>
                        <common:Annotation>
                            <common:AnnotationType>ORDER</common:AnnotationType>
                            <common:AnnotationText xml:lang="en">90</common:AnnotationText>
                            <common:AnnotationText xml:lang="fr">90</common:AnnotationText>
                        </common:Annotation>
                    </common:Annotations>
                    <common:Name xml:lang="en">Kitakyushu</common:Name>
                    <common:Name xml:lang="fr">Kitakyushu</common:Name>
                    <structure:Parent>
                        <Ref id="JPN"/>
                    </structure:Parent>
                </structure:Code>
                <structure:Code id="JPN10">
                    <common:Annotations>
                        <common:Annotation>
                            <common:AnnotationType>ORDER</common:AnnotationType>
                            <common:AnnotationText xml:lang="en">100</common:AnnotationText>
                            <common:AnnotationText xml:lang="fr">100</common:AnnotationText>
                        </common:Annotation>
                    </common:Annotations>
                    <common:Name xml:lang="en">Naha</common:Name>
                    <common:Name xml:lang="fr">Naha</common:Name>
                    <structure:Parent>
                        <Ref id="JPN"/>
                    </structure:Parent>
                </structure:Code>
                <structure:Code id="JPN11">
                    <common:Annotations>
                        <common:Annotation>
                            <common:AnnotationType>ORDER</common:AnnotationType>
                            <common:AnnotationText xml:lang="en">110</common:AnnotationText>
                            <common:AnnotationText xml:lang="fr">110</common:AnnotationText>
                        </common:Annotation>
                    </common:Annotations>
                    <common:Name xml:lang="en">Kumamoto</common:Name>
                    <common:Name xml:lang="fr">Kumamoto</common:Name>
                    <structure:Parent>
                        <Ref id="JPN"/>
                    </structure:Parent>
                </structure:Code>
                <structure:Code id="JPN12">
                    <common:Annotations>
                        <common:Annotation>
                            <common:AnnotationType>ORDER</common:AnnotationType>
                            <common:AnnotationText xml:lang="en">120</common:AnnotationText>
                            <common:AnnotationText xml:lang="fr">120</common:AnnotationText>
                        </common:Annotation>
                    </common:Annotations>
                    <common:Name xml:lang="en">Yokkaichi</common:Name>
                    <common:Name xml:lang="fr">Yokkaichi</common:Name>
                    <structure:Parent>
                        <Ref id="JPN"/>
                    </structure:Parent>
                </structure:Code>
                <structure:Code id="JPN13">
                    <common:Annotations>
                        <common:Annotation>
                            <common:AnnotationType>ORDER</common:AnnotationType>
                            <common:AnnotationText xml:lang="en">130</common:AnnotationText>
                            <common:AnnotationText xml:lang="fr">130</common:AnnotationText>
                        </common:Annotation>
                    </common:Annotations>
                    <common:Name xml:lang="en">Takasaki</common:Name>
                    <common:Name xml:lang="fr">Takasaki</common:Name>
                    <structure:Parent>
                        <Ref id="JPN"/>
                    </structure:Parent>
                </structure:Code>
                <structure:Code id="JPN14">
                    <common:Annotations>
                        <common:Annotation>
                            <common:AnnotationType>ORDER</common:AnnotationType>
                            <common:AnnotationText xml:lang="en">140</common:AnnotationText>
                            <common:AnnotationText xml:lang="fr">140</common:AnnotationText>
                        </common:Annotation>
                    </common:Annotations>
                    <common:Name xml:lang="en">Hamamatsu</common:Name>
                    <common:Name xml:lang="fr">Hamamatsu</common:Name>
                    <structure:Parent>
                        <Ref id="JPN"/>
                    </structure:Parent>
                </structure:Code>
                <structure:Code id="JPN15">
                    <common:Annotations>
                        <common:Annotation>
                            <common:AnnotationType>ORDER</common:AnnotationType>
                            <common:AnnotationText xml:lang="en">150</common:AnnotationText>
                            <common:AnnotationText xml:lang="fr">150</common:AnnotationText>
                        </common:Annotation>
                    </common:Annotations>
                    <common:Name xml:lang="en">Niigata</common:Name>
                    <common:Name xml:lang="fr">Niigata</common:Name>
                    <structure:Parent>
                        <Ref id="JPN"/>
                    </structure:Parent>
                </structure:Code>
                <structure:Code id="JPN16">
                    <common:Annotations>
                        <common:Annotation>
                            <common:AnnotationType>ORDER</common:AnnotationType>
                            <common:AnnotationText xml:lang="en">160</common:AnnotationText>
                            <common:AnnotationText xml:lang="fr">160</common:AnnotationText>
                        </common:Annotation>
                    </common:Annotations>
                    <common:Name xml:lang="en">Utsunomiya</common:Name>
                    <common:Name xml:lang="fr">Utsunomiya</common:Name>
                    <structure:Parent>
                        <Ref id="JPN"/>
                    </structure:Parent>
                </structure:Code>
                <structure:Code id="JPN17">
                    <common:Annotations>
                        <common:Annotation>
                            <common:AnnotationType>ORDER</common:AnnotationType>
                            <common:AnnotationText xml:lang="en">170</common:AnnotationText>
                            <common:AnnotationText xml:lang="fr">170</common:AnnotationText>
                        </common:Annotation>
                    </common:Annotations>
                    <common:Name xml:lang="en">Kanazawa</common:Name>
                    <common:Name xml:lang="fr">Kanazawa</common:Name>
                    <structure:Parent>
                        <Ref id="JPN"/>
                    </structure:Parent>
                </structure:Code>
                <structure:Code id="JPN18">
                    <common:Annotations>
                        <common:Annotation>
                            <common:AnnotationType>ORDER</common:AnnotationType>
                            <common:AnnotationText xml:lang="en">180</common:AnnotationText>
                            <common:AnnotationText xml:lang="fr">180</common:AnnotationText>
                        </common:Annotation>
                    </common:Annotations>
                    <common:Name xml:lang="en">Oita</common:Name>
                    <common:Name xml:lang="fr">Oita</common:Name>
                    <structure:Parent>
                        <Ref id="JPN"/>
                    </structure:Parent>
                </structure:Code>
                <structure:Code id="JPN19">
                    <common:Annotations>
                        <common:Annotation>
                            <common:AnnotationType>ORDER</common:AnnotationType>
                            <common:AnnotationText xml:lang="en">190</common:AnnotationText>
                            <common:AnnotationText xml:lang="fr">190</common:AnnotationText>
                        </common:Annotation>
                    </common:Annotations>
                    <common:Name xml:lang="en">Kagoshima</common:Name>
                    <common:Name xml:lang="fr">Kagoshima</common:Name>
                    <structure:Parent>
                        <Ref id="JPN"/>
                    </structure:Parent>
                </structure:Code>
                <structure:Code id="JPN20">
                    <common:Annotations>
                        <common:Annotation>
                            <common:AnnotationType>ORDER</common:AnnotationType>
                            <common:AnnotationText xml:lang="en">200</common:AnnotationText>
                            <common:AnnotationText xml:lang="fr">200</common:AnnotationText>
                        </common:Annotation>
                    </common:Annotations>
                    <common:Name xml:lang="en">Himeji</common:Name>
                    <common:Name xml:lang="fr">Himeji</common:Name>
                    <structure:Parent>
                        <Ref id="JPN"/>
                    </structure:Parent>
                </structure:Code>
                <structure:Code id="JPN21">
                    <common:Annotations>
                        <common:Annotation>
                            <common:AnnotationType>ORDER</common:AnnotationType>
                            <common:AnnotationText xml:lang="en">210</common:AnnotationText>
                            <common:AnnotationText xml:lang="fr">210</common:AnnotationText>
                        </common:Annotation>
                    </common:Annotations>
                    <common:Name xml:lang="en">Mito</common:Name>
                    <common:Name xml:lang="fr">Mito</common:Name>
                    <structure:Parent>
                        <Ref id="JPN"/>
                    </structure:Parent>
                </structure:Code>
                <structure:Code id="JPN22">
                    <common:Annotations>
                        <common:Annotation>
                            <common:AnnotationType>ORDER</common:AnnotationType>
                            <common:AnnotationText xml:lang="en">220</common:AnnotationText>
                            <common:AnnotationText xml:lang="fr">220</common:AnnotationText>
                        </common:Annotation>
                    </common:Annotations>
                    <common:Name xml:lang="en">Shizuoka</common:Name>
                    <common:Name xml:lang="fr">Shizuoka</common:Name>
                    <structure:Parent>
                        <Ref id="JPN"/>
                    </structure:Parent>
                </structure:Code>
                <structure:Code id="JPN23">
                    <common:Annotations>
                        <common:Annotation>
                            <common:AnnotationType>ORDER</common:AnnotationType>
                            <common:AnnotationText xml:lang="en">230</common:AnnotationText>
                            <common:AnnotationText xml:lang="fr">230</common:AnnotationText>
                        </common:Annotation>
                    </common:Annotations>
                    <common:Name xml:lang="en">Toyohashi</common:Name>
                    <common:Name xml:lang="fr">Toyohashi</common:Name>
                    <structure:Parent>
                        <Ref id="JPN"/>
                    </structure:Parent>
                </structure:Code>
                <structure:Code id="JPN24">
                    <common:Annotations>
                        <common:Annotation>
                            <common:AnnotationType>ORDER</common:AnnotationType>
                            <common:AnnotationText xml:lang="en">240</common:AnnotationText>
                            <common:AnnotationText xml:lang="fr">240</common:AnnotationText>
                        </common:Annotation>
                    </common:Annotations>
                    <common:Name xml:lang="en">Nagasaki</common:Name>
                    <common:Name xml:lang="fr">Nagasaki</common:Name>
                    <structure:Parent>
                        <Ref id="JPN"/>
                    </structure:Parent>
                </structure:Code>
                <structure:Code id="JPN25">
                    <common:Annotations>
                        <common:Annotation>
                            <common:AnnotationType>ORDER</common:AnnotationType>
                            <common:AnnotationText xml:lang="en">250</common:AnnotationText>
                            <common:AnnotationText xml:lang="fr">250</common:AnnotationText>
                        </common:Annotation>
                    </common:Annotations>
                    <common:Name xml:lang="en">Matsuyama</common:Name>
                    <common:Name xml:lang="fr">Matsuyama</common:Name>
                    <structure:Parent>
                        <Ref id="JPN"/>
                    </structure:Parent>
                </structure:Code>
                <structure:Code id="JPN26">
                    <common:Annotations>
                        <common:Annotation>
                            <common:AnnotationType>ORDER</common:AnnotationType>
                            <common:AnnotationText xml:lang="en">260</common:AnnotationText>
                            <common:AnnotationText xml:lang="fr">260</common:AnnotationText>
                        </common:Annotation>
                    </common:Annotations>
                    <common:Name xml:lang="en">Toyama</common:Name>
                    <common:Name xml:lang="fr">Toyama</common:Name>
                    <structure:Parent>
                        <Ref id="JPN"/>
                    </structure:Parent>
                </structure:Code>
                <structure:Code id="JPN27">
                    <common:Annotations>
                        <common:Annotation>
                            <common:AnnotationType>ORDER</common:AnnotationType>
                            <common:AnnotationText xml:lang="en">270</common:AnnotationText>
                            <common:AnnotationText xml:lang="fr">270</common:AnnotationText>
                        </common:Annotation>
                    </common:Annotations>
                    <common:Name xml:lang="en">Kofu</common:Name>
                    <common:Name xml:lang="fr">Kofu</common:Name>
                    <structure:Parent>
                        <Ref id="JPN"/>
                    </structure:Parent>
                </structure:Code>
                <structure:Code id="JPN28">
                    <common:Annotations>
                        <common:Annotation>
                            <common:AnnotationType>ORDER</common:AnnotationType>
                            <common:AnnotationText xml:lang="en">280</common:AnnotationText>
                            <common:AnnotationText xml:lang="fr">280</common:AnnotationText>
                        </common:Annotation>
                    </common:Annotations>
                    <common:Name xml:lang="en">Takamatsu</common:Name>
                    <common:Name xml:lang="fr">Takamatsu</common:Name>
                    <structure:Parent>
                        <Ref id="JPN"/>
                    </structure:Parent>
                </structure:Code>
                <structure:Code id="JPN29">
                    <common:Annotations>
                        <common:Annotation>
                            <common:AnnotationType>ORDER</common:AnnotationType>
                            <common:AnnotationText xml:lang="en">290</common:AnnotationText>
                            <common:AnnotationText xml:lang="fr">290</common:AnnotationText>
                        </common:Annotation>
                    </common:Annotations>
                    <common:Name xml:lang="en">Nagano</common:Name>
                    <common:Name xml:lang="fr">Nagano</common:Name>
                    <structure:Parent>
                        <Ref id="JPN"/>
                    </structure:Parent>
                </structure:Code>
                <structure:Code id="JPN30">
                    <common:Annotations>
                        <common:Annotation>
                            <common:AnnotationType>ORDER</common:AnnotationType>
                            <common:AnnotationText xml:lang="en">300</common:AnnotationText>
                            <common:AnnotationText xml:lang="fr">300</common:AnnotationText>
                        </common:Annotation>
                    </common:Annotations>
                    <common:Name xml:lang="en">Tokushima</common:Name>
                    <common:Name xml:lang="fr">Tokushima</common:Name>
                    <structure:Parent>
                        <Ref id="JPN"/>
                    </structure:Parent>
                </structure:Code>
                <structure:Code id="JPN31">
                    <common:Annotations>
                        <common:Annotation>
                            <common:AnnotationType>ORDER</common:AnnotationType>
                            <common:AnnotationText xml:lang="en">310</common:AnnotationText>
                            <common:AnnotationText xml:lang="fr">310</common:AnnotationText>
                        </common:Annotation>
                    </common:Annotations>
                    <common:Name xml:lang="en">Numazu</common:Name>
                    <common:Name xml:lang="fr">Numazu</common:Name>
                    <structure:Parent>
                        <Ref id="JPN"/>
                    </structure:Parent>
                </structure:Code>
                <structure:Code id="JPN32">
                    <common:Annotations>
                        <common:Annotation>
                            <common:AnnotationType>ORDER</common:AnnotationType>
                            <common:AnnotationText xml:lang="en">320</common:AnnotationText>
                            <common:AnnotationText xml:lang="fr">320</common:AnnotationText>
                        </common:Annotation>
                    </common:Annotations>
                    <common:Name xml:lang="en">Fukui</common:Name>
                    <common:Name xml:lang="fr">Fukui</common:Name>
                    <structure:Parent>
                        <Ref id="JPN"/>
                    </structure:Parent>
                </structure:Code>
                <structure:Code id="JPN33">
                    <common:Annotations>
                        <common:Annotation>
                            <common:AnnotationType>ORDER</common:AnnotationType>
                            <common:AnnotationText xml:lang="en">330</common:AnnotationText>
                            <common:AnnotationText xml:lang="fr">330</common:AnnotationText>
                        </common:Annotation>
                    </common:Annotations>
                    <common:Name xml:lang="en">Wakayama</common:Name>
                    <common:Name xml:lang="fr">Wakayama</common:Name>
                    <structure:Parent>
                        <Ref id="JPN"/>
                    </structure:Parent>
                </structure:Code>
                <structure:Code id="JPN34">
                    <common:Annotations>
                        <common:Annotation>
                            <common:AnnotationType>ORDER</common:AnnotationType>
                            <common:AnnotationText xml:lang="en">340</common:AnnotationText>
                            <common:AnnotationText xml:lang="fr">340</common:AnnotationText>
                        </common:Annotation>
                    </common:Annotations>
                    <common:Name xml:lang="en">Koriyama</common:Name>
                    <common:Name xml:lang="fr">Koriyama</common:Name>
                    <structure:Parent>
                        <Ref id="JPN"/>
                    </structure:Parent>
                </structure:Code>
                <structure:Code id="JPN35">
                    <common:Annotations>
                        <common:Annotation>
                            <common:AnnotationType>ORDER</common:AnnotationType>
                            <common:AnnotationText xml:lang="en">350</common:AnnotationText>
                            <common:AnnotationText xml:lang="fr">350</common:AnnotationText>
                        </common:Annotation>
                    </common:Annotations>
                    <common:Name xml:lang="en">Kochi</common:Name>
                    <common:Name xml:lang="fr">Kochi</common:Name>
                    <structure:Parent>
                        <Ref id="JPN"/>
                    </structure:Parent>
                </structure:Code>
                <structure:Code id="JPN36">
                    <common:Annotations>
                        <common:Annotation>
                            <common:AnnotationType>ORDER</common:AnnotationType>
                            <common:AnnotationText xml:lang="en">360</common:AnnotationText>
                            <common:AnnotationText xml:lang="fr">360</common:AnnotationText>
                        </common:Annotation>
                    </common:Annotations>
                    <common:Name xml:lang="en">Miyazaki</common:Name>
                    <common:Name xml:lang="fr">Miyazaki</common:Name>
                    <structure:Parent>
                        <Ref id="JPN"/>
                    </structure:Parent>
                </structure:Code>
                <structure:Code id="JPN37">
                    <common:Annotations>
                        <common:Annotation>
                            <common:AnnotationType>ORDER</common:AnnotationType>
                            <common:AnnotationText xml:lang="en">370</common:AnnotationText>
                            <common:AnnotationText xml:lang="fr">370</common:AnnotationText>
                        </common:Annotation>
                    </common:Annotations>
                    <common:Name xml:lang="en">Morioka</common:Name>
                    <common:Name xml:lang="fr">Morioka</common:Name>
                    <structure:Parent>
                        <Ref id="JPN"/>
                    </structure:Parent>
                </structure:Code>
                <structure:Code id="JPN38">
                    <common:Annotations>
                        <common:Annotation>
                            <common:AnnotationType>ORDER</common:AnnotationType>
                            <common:AnnotationText xml:lang="en">380</common:AnnotationText>
                            <common:AnnotationText xml:lang="fr">380</common:AnnotationText>
                        </common:Annotation>
                    </common:Annotations>
                    <common:Name xml:lang="en">Fujieda</common:Name>
                    <common:Name xml:lang="fr">Fujieda</common:Name>
                    <structure:Parent>
                        <Ref id="JPN"/>
                    </structure:Parent>
                </structure:Code>
                <structure:Code id="JPN39">
                    <common:Annotations>
                        <common:Annotation>
                            <common:AnnotationType>ORDER</common:AnnotationType>
                            <common:AnnotationText xml:lang="en">390</common:AnnotationText>
                            <common:AnnotationText xml:lang="fr">390</common:AnnotationText>
                        </common:Annotation>
                    </common:Annotations>
                    <common:Name xml:lang="en">Fukushima</common:Name>
                    <common:Name xml:lang="fr">Fukushima</common:Name>
                    <structure:Parent>
                        <Ref id="JPN"/>
                    </structure:Parent>
                </structure:Code>
                <structure:Code id="JPN40">
                    <common:Annotations>
                        <common:Annotation>
                            <common:AnnotationType>ORDER</common:AnnotationType>
                            <common:AnnotationText xml:lang="en">400</common:AnnotationText>
                            <common:AnnotationText xml:lang="fr">400</common:AnnotationText>
                        </common:Annotation>
                    </common:Annotations>
                    <common:Name xml:lang="en">Matsumoto</common:Name>
                    <common:Name xml:lang="fr">Matsumoto</common:Name>
                    <structure:Parent>
                        <Ref id="JPN"/>
                    </structure:Parent>
                </structure:Code>
                <structure:Code id="JPN41">
                    <common:Annotations>
                        <common:Annotation>
                            <common:AnnotationType>ORDER</common:AnnotationType>
                            <common:AnnotationText xml:lang="en">410</common:AnnotationText>
                            <common:AnnotationText xml:lang="fr">410</common:AnnotationText>
                        </common:Annotation>
                    </common:Annotations>
                    <common:Name xml:lang="en">Yamagata</common:Name>
                    <common:Name xml:lang="fr">Yamagata</common:Name>
                    <structure:Parent>
                        <Ref id="JPN"/>
                    </structure:Parent>
                </structure:Code>
                <structure:Code id="JPN42">
                    <common:Annotations>
                        <common:Annotation>
                            <common:AnnotationType>ORDER</common:AnnotationType>
                            <common:AnnotationText xml:lang="en">420</common:AnnotationText>
                            <common:AnnotationText xml:lang="fr">420</common:AnnotationText>
                        </common:Annotation>
                    </common:Annotations>
                    <common:Name xml:lang="en">Kurume</common:Name>
                    <common:Name xml:lang="fr">Kurume</common:Name>
                    <structure:Parent>
                        <Ref id="JPN"/>
                    </structure:Parent>
                </structure:Code>
                <structure:Code id="JPN43">
                    <common:Annotations>
                        <common:Annotation>
                            <common:AnnotationType>ORDER</common:AnnotationType>
                            <common:AnnotationText xml:lang="en">430</common:AnnotationText>
                            <common:AnnotationText xml:lang="fr">430</common:AnnotationText>
                        </common:Annotation>
                    </common:Annotations>
                    <common:Name xml:lang="en">Akita</common:Name>
                    <common:Name xml:lang="fr">Akita</common:Name>
                    <structure:Parent>
                        <Ref id="JPN"/>
                    </structure:Parent>
                </structure:Code>
                <structure:Code id="JPN44">
                    <common:Annotations>
                        <common:Annotation>
                            <common:AnnotationType>ORDER</common:AnnotationType>
                            <common:AnnotationText xml:lang="en">440</common:AnnotationText>
                            <common:AnnotationText xml:lang="fr">440</common:AnnotationText>
                        </common:Annotation>
                    </common:Annotations>
                    <common:Name xml:lang="en">Asahikawa</common:Name>
                    <common:Name xml:lang="fr">Asahikawa</common:Name>
                    <structure:Parent>
                        <Ref id="JPN"/>
                    </structure:Parent>
                </structure:Code>
                <structure:Code id="JPN45">
                    <common:Annotations>
                        <common:Annotation>
                            <common:AnnotationType>ORDER</common:AnnotationType>
                            <common:AnnotationText xml:lang="en">450</common:AnnotationText>
                            <common:AnnotationText xml:lang="fr">450</common:AnnotationText>
                        </common:Annotation>
                    </common:Annotations>
                    <common:Name xml:lang="en">Kusatsu</common:Name>
                    <common:Name xml:lang="fr">Kusatsu</common:Name>
                    <structure:Parent>
                        <Ref id="JPN"/>
                    </structure:Parent>
                </structure:Code>
                <structure:Code id="JPN46">
                    <common:Annotations>
                        <common:Annotation>
                            <common:AnnotationType>ORDER</common:AnnotationType>
                            <common:AnnotationText xml:lang="en">460</common:AnnotationText>
                            <common:AnnotationText xml:lang="fr">460</common:AnnotationText>
                        </common:Annotation>
                    </common:Annotations>
                    <common:Name xml:lang="en">Fuji</common:Name>
                    <common:Name xml:lang="fr">Fuji</common:Name>
                    <structure:Parent>
                        <Ref id="JPN"/>
                    </structure:Parent>
                </structure:Code>
                <structure:Code id="JPN47">
                    <common:Annotations>
                        <common:Annotation>
                            <common:AnnotationType>ORDER</common:AnnotationType>
                            <common:AnnotationText xml:lang="en">470</common:AnnotationText>
                            <common:AnnotationText xml:lang="fr">470</common:AnnotationText>
                        </common:Annotation>
                    </common:Annotations>
                    <common:Name xml:lang="en">Isesaki</common:Name>
                    <common:Name xml:lang="fr">Isesaki</common:Name>
                    <structure:Parent>
                        <Ref id="JPN"/>
                    </structure:Parent>
                </structure:Code>
                <structure:Code id="JPN48">
                    <common:Annotations>
                        <common:Annotation>
                            <common:AnnotationType>ORDER</common:AnnotationType>
                            <common:AnnotationText xml:lang="en">480</common:AnnotationText>
                            <common:AnnotationText xml:lang="fr">480</common:AnnotationText>
                        </common:Annotation>
                    </common:Annotations>
                    <common:Name xml:lang="en">Hakodate</common:Name>
                    <common:Name xml:lang="fr">Hakodate</common:Name>
                    <structure:Parent>
                        <Ref id="JPN"/>
                    </structure:Parent>
                </structure:Code>
                <structure:Code id="JPN49">
                    <common:Annotations>
                        <common:Annotation>
                            <common:AnnotationType>ORDER</common:AnnotationType>
                            <common:AnnotationText xml:lang="en">490</common:AnnotationText>
                            <common:AnnotationText xml:lang="fr">490</common:AnnotationText>
                        </common:Annotation>
                    </common:Annotations>
                    <common:Name xml:lang="en">Hachinohe</common:Name>
                    <common:Name xml:lang="fr">Hachinohe</common:Name>
                    <structure:Parent>
                        <Ref id="JPN"/>
                    </structure:Parent>
                </structure:Code>
                <structure:Code id="JPN50">
                    <common:Annotations>
                        <common:Annotation>
                            <common:AnnotationType>ORDER</common:AnnotationType>
                            <common:AnnotationText xml:lang="en">500</common:AnnotationText>
                            <common:AnnotationText xml:lang="fr">500</common:AnnotationText>
                        </common:Annotation>
                    </common:Annotations>
                    <common:Name xml:lang="en">Hitachi</common:Name>
                    <common:Name xml:lang="fr">Hitachi</common:Name>
                    <structure:Parent>
                        <Ref id="JPN"/>
                    </structure:Parent>
                </structure:Code>
                <structure:Code id="JPN51">
                    <common:Annotations>
                        <common:Annotation>
                            <common:AnnotationType>ORDER</common:AnnotationType>
                            <common:AnnotationText xml:lang="en">510</common:AnnotationText>
                            <common:AnnotationText xml:lang="fr">510</common:AnnotationText>
                        </common:Annotation>
                    </common:Annotations>
                    <common:Name xml:lang="en">Aomori</common:Name>
                    <common:Name xml:lang="fr">Aomori</common:Name>
                    <structure:Parent>
                        <Ref id="JPN"/>
                    </structure:Parent>
                </structure:Code>
                <structure:Code id="JPN52">
                    <common:Annotations>
                        <common:Annotation>
                            <common:AnnotationType>ORDER</common:AnnotationType>
                            <common:AnnotationText xml:lang="en">520</common:AnnotationText>
                            <common:AnnotationText xml:lang="fr">520</common:AnnotationText>
                        </common:Annotation>
                    </common:Annotations>
                    <common:Name xml:lang="en">Shimonoseki</common:Name>
                    <common:Name xml:lang="fr">Shimonoseki</common:Name>
                    <structure:Parent>
                        <Ref id="JPN"/>
                    </structure:Parent>
                </structure:Code>
                <structure:Code id="JPN53">
                    <common:Annotations>
                        <common:Annotation>
                            <common:AnnotationType>ORDER</common:AnnotationType>
                            <common:AnnotationText xml:lang="en">530</common:AnnotationText>
                            <common:AnnotationText xml:lang="fr">530</common:AnnotationText>
                        </common:Annotation>
                    </common:Annotations>
                    <common:Name xml:lang="en">Obihiro</common:Name>
                    <common:Name xml:lang="fr">Obihiro</common:Name>
                    <structure:Parent>
                        <Ref id="JPN"/>
                    </structure:Parent>
                </structure:Code>
                <structure:Code id="JPN54">
                    <common:Annotations>
                        <common:Annotation>
                            <common:AnnotationType>ORDER</common:AnnotationType>
                            <common:AnnotationText xml:lang="en">540</common:AnnotationText>
                            <common:AnnotationText xml:lang="fr">540</common:AnnotationText>
                        </common:Annotation>
                    </common:Annotations>
                    <common:Name xml:lang="en">Shunan</common:Name>
                    <common:Name xml:lang="fr">Shunan</common:Name>
                    <structure:Parent>
                        <Ref id="JPN"/>
                    </structure:Parent>
                </structure:Code>
                <structure:Code id="JPN55">
                    <common:Annotations>
                        <common:Annotation>
                            <common:AnnotationType>ORDER</common:AnnotationType>
                            <common:AnnotationText xml:lang="en">550</common:AnnotationText>
                            <common:AnnotationText xml:lang="fr">550</common:AnnotationText>
                        </common:Annotation>
                    </common:Annotations>
                    <common:Name xml:lang="en">Ube</common:Name>
                    <common:Name xml:lang="fr">Ube</common:Name>
                    <structure:Parent>
                        <Ref id="JPN"/>
                    </structure:Parent>
                </structure:Code>
                <structure:Code id="JPN56">
                    <common:Annotations>
                        <common:Annotation>
                            <common:AnnotationType>ORDER</common:AnnotationType>
                            <common:AnnotationText xml:lang="en">560</common:AnnotationText>
                            <common:AnnotationText xml:lang="fr">560</common:AnnotationText>
                        </common:Annotation>
                    </common:Annotations>
                    <common:Name xml:lang="en">Yonago</common:Name>
                    <common:Name xml:lang="fr">Yonago</common:Name>
                    <structure:Parent>
                        <Ref id="JPN"/>
                    </structure:Parent>
                </structure:Code>
                <structure:Code id="JPN57">
                    <common:Annotations>
                        <common:Annotation>
                            <common:AnnotationType>ORDER</common:AnnotationType>
                            <common:AnnotationText xml:lang="en">570</common:AnnotationText>
                            <common:AnnotationText xml:lang="fr">570</common:AnnotationText>
                        </common:Annotation>
                    </common:Annotations>
                    <common:Name xml:lang="en">Ashikaga</common:Name>
                    <common:Name xml:lang="fr">Ashikaga</common:Name>
                    <structure:Parent>
                        <Ref id="JPN"/>
                    </structure:Parent>
                </structure:Code>
                <structure:Code id="JPN58">
                    <common:Annotations>
                        <common:Annotation>
                            <common:AnnotationType>ORDER</common:AnnotationType>
                            <common:AnnotationText xml:lang="en">580</common:AnnotationText>
                            <common:AnnotationText xml:lang="fr">580</common:AnnotationText>
                        </common:Annotation>
                    </common:Annotations>
                    <common:Name xml:lang="en">Omuta</common:Name>
                    <common:Name xml:lang="fr">Omuta</common:Name>
                    <structure:Parent>
                        <Ref id="JPN"/>
                    </structure:Parent>
                </structure:Code>
                <structure:Code id="JPN59">
                    <common:Annotations>
                        <common:Annotation>
                            <common:AnnotationType>ORDER</common:AnnotationType>
                            <common:AnnotationText xml:lang="en">590</common:AnnotationText>
                            <common:AnnotationText xml:lang="fr">590</common:AnnotationText>
                        </common:Annotation>
                    </common:Annotations>
                    <common:Name xml:lang="en">Marugame</common:Name>
                    <common:Name xml:lang="fr">Marugame</common:Name>
                    <structure:Parent>
                        <Ref id="JPN"/>
                    </structure:Parent>
                </structure:Code>
                <structure:Code id="JPN60">
                    <common:Annotations>
                        <common:Annotation>
                            <common:AnnotationType>ORDER</common:AnnotationType>
                            <common:AnnotationText xml:lang="en">600</common:AnnotationText>
                            <common:AnnotationText xml:lang="fr">600</common:AnnotationText>
                        </common:Annotation>
                    </common:Annotations>
                    <common:Name xml:lang="en">Kushiro</common:Name>
                    <common:Name xml:lang="fr">Kushiro</common:Name>
                    <structure:Parent>
                        <Ref id="JPN"/>
                    </structure:Parent>
                </structure:Code>
                <structure:Code id="JPN61">
                    <common:Annotations>
                        <common:Annotation>
                            <common:AnnotationType>ORDER</common:AnnotationType>
                            <common:AnnotationText xml:lang="en">610</common:AnnotationText>
                            <common:AnnotationText xml:lang="fr">610</common:AnnotationText>
                        </common:Annotation>
                    </common:Annotations>
                    <common:Name xml:lang="en">Tomakomai</common:Name>
                    <common:Name xml:lang="fr">Tomakomai</common:Name>
                    <structure:Parent>
                        <Ref id="JPN"/>
                    </structure:Parent>
                </structure:Code>
                <structure:Code id="KOR">
                    <common:Annotations>
                        <common:Annotation>
                            <common:AnnotationType>ORDER</common:AnnotationType>
                            <common:AnnotationText xml:lang="en">300</common:AnnotationText>
                            <common:AnnotationText xml:lang="fr">300</common:AnnotationText>
                        </common:Annotation>
                    </common:Annotations>
                    <common:Name xml:lang="en">Korea</common:Name>
                    <common:Name xml:lang="fr">Corée</common:Name>
                </structure:Code>
                <structure:Code id="KOR01">
                    <common:Annotations>
                        <common:Annotation>
                            <common:AnnotationType>ORDER</common:AnnotationType>
                            <common:AnnotationText xml:lang="en">10</common:AnnotationText>
                            <common:AnnotationText xml:lang="fr">10</common:AnnotationText>
                        </common:Annotation>
                    </common:Annotations>
                    <common:Name xml:lang="en">Seoul</common:Name>
                    <common:Name xml:lang="fr">Seoul</common:Name>
                    <structure:Parent>
                        <Ref id="KOR"/>
                    </structure:Parent>
                </structure:Code>
                <structure:Code id="KOR02">
                    <common:Annotations>
                        <common:Annotation>
                            <common:AnnotationType>ORDER</common:AnnotationType>
                            <common:AnnotationText xml:lang="en">20</common:AnnotationText>
                            <common:AnnotationText xml:lang="fr">20</common:AnnotationText>
                        </common:Annotation>
                    </common:Annotations>
                    <common:Name xml:lang="en">Gimhae</common:Name>
                    <common:Name xml:lang="fr">Gimhae</common:Name>
                    <structure:Parent>
                        <Ref id="KOR"/>
                    </structure:Parent>
                </structure:Code>
                <structure:Code id="KOR03">
                    <common:Annotations>
                        <common:Annotation>
                            <common:AnnotationType>ORDER</common:AnnotationType>
                            <common:AnnotationText xml:lang="en">30</common:AnnotationText>
                            <common:AnnotationText xml:lang="fr">30</common:AnnotationText>
                        </common:Annotation>
                    </common:Annotations>
                    <common:Name xml:lang="en">Dalseong</common:Name>
                    <common:Name xml:lang="fr">Dalseong</common:Name>
                    <structure:Parent>
                        <Ref id="KOR"/>
                    </structure:Parent>
                </structure:Code>
                <structure:Code id="KOR04">
                    <common:Annotations>
                        <common:Annotation>
                            <common:AnnotationType>ORDER</common:AnnotationType>
                            <common:AnnotationText xml:lang="en">40</common:AnnotationText>
                            <common:AnnotationText xml:lang="fr">40</common:AnnotationText>
                        </common:Annotation>
                    </common:Annotations>
                    <common:Name xml:lang="en">Gwangsan</common:Name>
                    <common:Name xml:lang="fr">Gwangsan</common:Name>
                    <structure:Parent>
                        <Ref id="KOR"/>
                    </structure:Parent>
                </structure:Code>
                <structure:Code id="KOR05">
                    <common:Annotations>
                        <common:Annotation>
                            <common:AnnotationType>ORDER</common:AnnotationType>
                            <common:AnnotationText xml:lang="en">50</common:AnnotationText>
                            <common:AnnotationText xml:lang="fr">50</common:AnnotationText>
                        </common:Annotation>
                    </common:Annotations>
                    <common:Name xml:lang="en">Seo</common:Name>
                    <common:Name xml:lang="fr">Seo</common:Name>
                    <structure:Parent>
                        <Ref id="KOR"/>
                    </structure:Parent>
                </structure:Code>
                <structure:Code id="KOR06">
                    <common:Annotations>
                        <common:Annotation>
                            <common:AnnotationType>ORDER</common:AnnotationType>
                            <common:AnnotationText xml:lang="en">60</common:AnnotationText>
                            <common:AnnotationText xml:lang="fr">60</common:AnnotationText>
                        </common:Annotation>
                    </common:Annotations>
                    <common:Name xml:lang="en">Seongsan</common:Name>
                    <common:Name xml:lang="fr">Seongsan</common:Name>
                    <structure:Parent>
                        <Ref id="KOR"/>
                    </structure:Parent>
                </structure:Code>
                <structure:Code id="KOR07">
                    <common:Annotations>
                        <common:Annotation>
                            <common:AnnotationType>ORDER</common:AnnotationType>
                            <common:AnnotationText xml:lang="en">70</common:AnnotationText>
                            <common:AnnotationText xml:lang="fr">70</common:AnnotationText>
                        </common:Annotation>
                    </common:Annotations>
                    <common:Name xml:lang="en">Ulsan</common:Name>
                    <common:Name xml:lang="fr">Ulsan</common:Name>
                    <structure:Parent>
                        <Ref id="KOR"/>
                    </structure:Parent>
                </structure:Code>
                <structure:Code id="KOR08">
                    <common:Annotations>
                        <common:Annotation>
                            <common:AnnotationType>ORDER</common:AnnotationType>
                            <common:AnnotationText xml:lang="en">80</common:AnnotationText>
                            <common:AnnotationText xml:lang="fr">80</common:AnnotationText>
                        </common:Annotation>
                    </common:Annotations>
                    <common:Name xml:lang="en">Heungdeok</common:Name>
                    <common:Name xml:lang="fr">Heungdeok</common:Name>
                    <structure:Parent>
                        <Ref id="KOR"/>
                    </structure:Parent>
                </structure:Code>
                <structure:Code id="KOR09">
                    <common:Annotations>
                        <common:Annotation>
                            <common:AnnotationType>ORDER</common:AnnotationType>
                            <common:AnnotationText xml:lang="en">90</common:AnnotationText>
                            <common:AnnotationText xml:lang="fr">90</common:AnnotationText>
                        </common:Annotation>
                    </common:Annotations>
                    <common:Name xml:lang="en">Deokjin</common:Name>
                    <common:Name xml:lang="fr">Deokjin</common:Name>
                    <structure:Parent>
                        <Ref id="KOR"/>
                    </structure:Parent>
                </structure:Code>
                <structure:Code id="KOR10">
                    <common:Annotations>
                        <common:Annotation>
                            <common:AnnotationType>ORDER</common:AnnotationType>
                            <common:AnnotationText xml:lang="en">100</common:AnnotationText>
                            <common:AnnotationText xml:lang="fr">100</common:AnnotationText>
                        </common:Annotation>
                    </common:Annotations>
                    <common:Name xml:lang="en">Sebuk</common:Name>
                    <common:Name xml:lang="fr">Sebuk</common:Name>
                    <structure:Parent>
                        <Ref id="KOR"/>
                    </structure:Parent>
                </structure:Code>
                <structure:Code id="KOR11">
                    <common:Annotations>
                        <common:Annotation>
                            <common:AnnotationType>ORDER</common:AnnotationType>
                            <common:AnnotationText xml:lang="en">110</common:AnnotationText>
                            <common:AnnotationText xml:lang="fr">110</common:AnnotationText>
                        </common:Annotation>
                    </common:Annotations>
                    <common:Name xml:lang="en">Gyeongsan</common:Name>
                    <common:Name xml:lang="fr">Gyeongsan</common:Name>
                    <structure:Parent>
                        <Ref id="KOR"/>
                    </structure:Parent>
                </structure:Code>
                <structure:Code id="KOR12">
                    <common:Annotations>
                        <common:Annotation>
                            <common:AnnotationType>ORDER</common:AnnotationType>
                            <common:AnnotationText xml:lang="en">120</common:AnnotationText>
                            <common:AnnotationText xml:lang="fr">120</common:AnnotationText>
                        </common:Annotation>
                    </common:Annotations>
                    <common:Name xml:lang="en">Pohan</common:Name>
                    <common:Name xml:lang="fr">Pohan</common:Name>
                    <structure:Parent>
                        <Ref id="KOR"/>
                    </structure:Parent>
                </structure:Code>
                <structure:Code id="KOR13">
                    <common:Annotations>
                        <common:Annotation>
                            <common:AnnotationType>ORDER</common:AnnotationType>
                            <common:AnnotationText xml:lang="en">130</common:AnnotationText>
                            <common:AnnotationText xml:lang="fr">130</common:AnnotationText>
                        </common:Annotation>
                    </common:Annotations>
                    <common:Name xml:lang="en">Gumi</common:Name>
                    <common:Name xml:lang="fr">Gumi</common:Name>
                    <structure:Parent>
                        <Ref id="KOR"/>
                    </structure:Parent>
                </structure:Code>
                <structure:Code id="KOR14">
                    <common:Annotations>
                        <common:Annotation>
                            <common:AnnotationType>ORDER</common:AnnotationType>
                            <common:AnnotationText xml:lang="en">140</common:AnnotationText>
                            <common:AnnotationText xml:lang="fr">140</common:AnnotationText>
                        </common:Annotation>
                    </common:Annotations>
                    <common:Name xml:lang="en">Jeju</common:Name>
                    <common:Name xml:lang="fr">Jeju</common:Name>
                    <structure:Parent>
                        <Ref id="KOR"/>
                    </structure:Parent>
                </structure:Code>
                <structure:Code id="KOR15">
                    <common:Annotations>
                        <common:Annotation>
                            <common:AnnotationType>ORDER</common:AnnotationType>
                            <common:AnnotationText xml:lang="en">150</common:AnnotationText>
                            <common:AnnotationText xml:lang="fr">150</common:AnnotationText>
                        </common:Annotation>
                    </common:Annotations>
                    <common:Name xml:lang="en">Jinju</common:Name>
                    <common:Name xml:lang="fr">Jinju</common:Name>
                    <structure:Parent>
                        <Ref id="KOR"/>
                    </structure:Parent>
                </structure:Code>
                <structure:Code id="KOR16">
                    <common:Annotations>
                        <common:Annotation>
                            <common:AnnotationType>ORDER</common:AnnotationType>
                            <common:AnnotationText xml:lang="en">160</common:AnnotationText>
                            <common:AnnotationText xml:lang="fr">160</common:AnnotationText>
                        </common:Annotation>
                    </common:Annotations>
                    <common:Name xml:lang="en">Wonju</common:Name>
                    <common:Name xml:lang="fr">Wonju</common:Name>
                    <structure:Parent>
                        <Ref id="KOR"/>
                    </structure:Parent>
                </structure:Code>
                <structure:Code id="KOR17">
                    <common:Annotations>
                        <common:Annotation>
                            <common:AnnotationType>ORDER</common:AnnotationType>
                            <common:AnnotationText xml:lang="en">170</common:AnnotationText>
                            <common:AnnotationText xml:lang="fr">170</common:AnnotationText>
                        </common:Annotation>
                    </common:Annotations>
                    <common:Name xml:lang="en">Iksan</common:Name>
                    <common:Name xml:lang="fr">Iksan</common:Name>
                    <structure:Parent>
                        <Ref id="KOR"/>
                    </structure:Parent>
                </structure:Code>
                <structure:Code id="KOR18">
                    <common:Annotations>
                        <common:Annotation>
                            <common:AnnotationType>ORDER</common:AnnotationType>
                            <common:AnnotationText xml:lang="en">180</common:AnnotationText>
                            <common:AnnotationText xml:lang="fr">180</common:AnnotationText>
                        </common:Annotation>
                    </common:Annotations>
                    <common:Name xml:lang="en">Chuncheon</common:Name>
                    <common:Name xml:lang="fr">Chuncheon</common:Name>
                    <structure:Parent>
                        <Ref id="KOR"/>
                    </structure:Parent>
                </structure:Code>
                <structure:Code id="KOR19">
                    <common:Annotations>
                        <common:Annotation>
                            <common:AnnotationType>ORDER</common:AnnotationType>
                            <common:AnnotationText xml:lang="en">190</common:AnnotationText>
                            <common:AnnotationText xml:lang="fr">190</common:AnnotationText>
                        </common:Annotation>
                    </common:Annotations>
                    <common:Name xml:lang="en">Gunsan</common:Name>
                    <common:Name xml:lang="fr">Gunsan</common:Name>
                    <structure:Parent>
                        <Ref id="KOR"/>
                    </structure:Parent>
                </structure:Code>
                <structure:Code id="KOR20">
                    <common:Annotations>
                        <common:Annotation>
                            <common:AnnotationType>ORDER</common:AnnotationType>
                            <common:AnnotationText xml:lang="en">200</common:AnnotationText>
                            <common:AnnotationText xml:lang="fr">200</common:AnnotationText>
                        </common:Annotation>
                    </common:Annotations>
                    <common:Name xml:lang="en">Suncheon</common:Name>
                    <common:Name xml:lang="fr">Suncheon</common:Name>
                    <structure:Parent>
                        <Ref id="KOR"/>
                    </structure:Parent>
                </structure:Code>
                <structure:Code id="KOR21">
                    <common:Annotations>
                        <common:Annotation>
                            <common:AnnotationType>ORDER</common:AnnotationType>
                            <common:AnnotationText xml:lang="en">210</common:AnnotationText>
                            <common:AnnotationText xml:lang="fr">210</common:AnnotationText>
                        </common:Annotation>
                    </common:Annotations>
                    <common:Name xml:lang="en">Gangneung</common:Name>
                    <common:Name xml:lang="fr">Gangneung</common:Name>
                    <structure:Parent>
                        <Ref id="KOR"/>
                    </structure:Parent>
                </structure:Code>
                <structure:Code id="KOR22">
                    <common:Annotations>
                        <common:Annotation>
                            <common:AnnotationType>ORDER</common:AnnotationType>
                            <common:AnnotationText xml:lang="en">220</common:AnnotationText>
                            <common:AnnotationText xml:lang="fr">220</common:AnnotationText>
                        </common:Annotation>
                    </common:Annotations>
                    <common:Name xml:lang="en">Naju</common:Name>
                    <common:Name xml:lang="fr">Naju</common:Name>
                    <structure:Parent>
                        <Ref id="KOR"/>
                    </structure:Parent>
                </structure:Code>
                <structure:Code id="LVA">
                    <common:Annotations>
                        <common:Annotation>
                            <common:AnnotationType>ORDER</common:AnnotationType>
                            <common:AnnotationText xml:lang="en">310</common:AnnotationText>
                            <common:AnnotationText xml:lang="fr">310</common:AnnotationText>
                        </common:Annotation>
                    </common:Annotations>
                    <common:Name xml:lang="en">Latvia</common:Name>
                    <common:Name xml:lang="fr">Lettonie</common:Name>
                </structure:Code>
                <structure:Code id="LV001">
                    <common:Annotations>
                        <common:Annotation>
                            <common:AnnotationType>ORDER</common:AnnotationType>
                            <common:AnnotationText xml:lang="en">10</common:AnnotationText>
                            <common:AnnotationText xml:lang="fr">10</common:AnnotationText>
                        </common:Annotation>
                    </common:Annotations>
                    <common:Name xml:lang="en">Riga</common:Name>
                    <common:Name xml:lang="fr">Riga</common:Name>
                    <structure:Parent>
                        <Ref id="LVA"/>
                    </structure:Parent>
                </structure:Code>
                <structure:Code id="LV002">
                    <common:Annotations>
                        <common:Annotation>
                            <common:AnnotationType>ORDER</common:AnnotationType>
                            <common:AnnotationText xml:lang="en">20</common:AnnotationText>
                            <common:AnnotationText xml:lang="fr">20</common:AnnotationText>
                        </common:Annotation>
                    </common:Annotations>
                    <common:Name xml:lang="en">Liepaja</common:Name>
                    <common:Name xml:lang="fr">Liepaja</common:Name>
                    <structure:Parent>
                        <Ref id="LVA"/>
                    </structure:Parent>
                </structure:Code>
                <structure:Code id="LV003">
                    <common:Annotations>
                        <common:Annotation>
                            <common:AnnotationType>ORDER</common:AnnotationType>
                            <common:AnnotationText xml:lang="en">30</common:AnnotationText>
                            <common:AnnotationText xml:lang="fr">30</common:AnnotationText>
                        </common:Annotation>
                    </common:Annotations>
                    <common:Name xml:lang="en">Jelgava</common:Name>
                    <common:Name xml:lang="fr">Jelgava</common:Name>
                    <structure:Parent>
                        <Ref id="LVA"/>
                    </structure:Parent>
                </structure:Code>
                <structure:Code id="LV501">
                    <common:Annotations>
                        <common:Annotation>
                            <common:AnnotationType>ORDER</common:AnnotationType>
                            <common:AnnotationText xml:lang="en">40</common:AnnotationText>
                            <common:AnnotationText xml:lang="fr">40</common:AnnotationText>
                        </common:Annotation>
                    </common:Annotations>
                    <common:Name xml:lang="en">Daugavpils</common:Name>
                    <common:Name xml:lang="fr">Daugavpils</common:Name>
                    <structure:Parent>
                        <Ref id="LVA"/>
                    </structure:Parent>
                </structure:Code>
                <structure:Code id="LTU">
                    <common:Annotations>
                        <common:Annotation>
                            <common:AnnotationType>ORDER</common:AnnotationType>
                            <common:AnnotationText xml:lang="en">320</common:AnnotationText>
                            <common:AnnotationText xml:lang="fr">320</common:AnnotationText>
                        </common:Annotation>
                    </common:Annotations>
                    <common:Name xml:lang="en">Lithuania</common:Name>
                    <common:Name xml:lang="fr">Lituanie</common:Name>
                </structure:Code>
                <structure:Code id="LT001">
                    <common:Annotations>
                        <common:Annotation>
                            <common:AnnotationType>ORDER</common:AnnotationType>
                            <common:AnnotationText xml:lang="en">10</common:AnnotationText>
                            <common:AnnotationText xml:lang="fr">10</common:AnnotationText>
                        </common:Annotation>
                    </common:Annotations>
                    <common:Name xml:lang="en">Vilnius</common:Name>
                    <common:Name xml:lang="fr">Vilnius</common:Name>
                    <structure:Parent>
                        <Ref id="LTU"/>
                    </structure:Parent>
                </structure:Code>
                <structure:Code id="LT002">
                    <common:Annotations>
                        <common:Annotation>
                            <common:AnnotationType>ORDER</common:AnnotationType>
                            <common:AnnotationText xml:lang="en">20</common:AnnotationText>
                            <common:AnnotationText xml:lang="fr">20</common:AnnotationText>
                        </common:Annotation>
                    </common:Annotations>
                    <common:Name xml:lang="en">Kaunas</common:Name>
                    <common:Name xml:lang="fr">Kaunas</common:Name>
                    <structure:Parent>
                        <Ref id="LTU"/>
                    </structure:Parent>
                </structure:Code>
                <structure:Code id="LT003">
                    <common:Annotations>
                        <common:Annotation>
                            <common:AnnotationType>ORDER</common:AnnotationType>
                            <common:AnnotationText xml:lang="en">30</common:AnnotationText>
                            <common:AnnotationText xml:lang="fr">30</common:AnnotationText>
                        </common:Annotation>
                    </common:Annotations>
                    <common:Name xml:lang="en">Panevezys</common:Name>
                    <common:Name xml:lang="fr">Panevezys</common:Name>
                    <structure:Parent>
                        <Ref id="LTU"/>
                    </structure:Parent>
                </structure:Code>
                <structure:Code id="LT004">
                    <common:Annotations>
                        <common:Annotation>
                            <common:AnnotationType>ORDER</common:AnnotationType>
                            <common:AnnotationText xml:lang="en">40</common:AnnotationText>
                            <common:AnnotationText xml:lang="fr">40</common:AnnotationText>
                        </common:Annotation>
                    </common:Annotations>
                    <common:Name xml:lang="en">Alytus</common:Name>
                    <common:Name xml:lang="fr">Alytus</common:Name>
                    <structure:Parent>
                        <Ref id="LTU"/>
                    </structure:Parent>
                </structure:Code>
                <structure:Code id="LT501">
                    <common:Annotations>
                        <common:Annotation>
                            <common:AnnotationType>ORDER</common:AnnotationType>
                            <common:AnnotationText xml:lang="en">50</common:AnnotationText>
                            <common:AnnotationText xml:lang="fr">50</common:AnnotationText>
                        </common:Annotation>
                    </common:Annotations>
                    <common:Name xml:lang="en">Klaipeda</common:Name>
                    <common:Name xml:lang="fr">Klaipeda</common:Name>
                    <structure:Parent>
                        <Ref id="LTU"/>
                    </structure:Parent>
                </structure:Code>
                <structure:Code id="LT502">
                    <common:Annotations>
                        <common:Annotation>
                            <common:AnnotationType>ORDER</common:AnnotationType>
                            <common:AnnotationText xml:lang="en">60</common:AnnotationText>
                            <common:AnnotationText xml:lang="fr">60</common:AnnotationText>
                        </common:Annotation>
                    </common:Annotations>
                    <common:Name xml:lang="en">Siauliai</common:Name>
                    <common:Name xml:lang="fr">Siauliai</common:Name>
                    <structure:Parent>
                        <Ref id="LTU"/>
                    </structure:Parent>
                </structure:Code>
                <structure:Code id="LUX">
                    <common:Annotations>
                        <common:Annotation>
                            <common:AnnotationType>ORDER</common:AnnotationType>
                            <common:AnnotationText xml:lang="en">330</common:AnnotationText>
                            <common:AnnotationText xml:lang="fr">330</common:AnnotationText>
                        </common:Annotation>
                    </common:Annotations>
                    <common:Name xml:lang="en">Luxembourg</common:Name>
                    <common:Name xml:lang="fr">Luxembourg</common:Name>
                </structure:Code>
                <structure:Code id="LU001">
                    <common:Annotations>
                        <common:Annotation>
                            <common:AnnotationType>ORDER</common:AnnotationType>
                            <common:AnnotationText xml:lang="en">10</common:AnnotationText>
                            <common:AnnotationText xml:lang="fr">10</common:AnnotationText>
                        </common:Annotation>
                    </common:Annotations>
                    <common:Name xml:lang="en">Luxembourg</common:Name>
                    <common:Name xml:lang="fr">Luxembourg</common:Name>
                    <structure:Parent>
                        <Ref id="LUX"/>
                    </structure:Parent>
                </structure:Code>
                <structure:Code id="MEX">
                    <common:Annotations>
                        <common:Annotation>
                            <common:AnnotationType>ORDER</common:AnnotationType>
                            <common:AnnotationText xml:lang="en">340</common:AnnotationText>
                            <common:AnnotationText xml:lang="fr">340</common:AnnotationText>
                        </common:Annotation>
                    </common:Annotations>
                    <common:Name xml:lang="en">Mexico</common:Name>
                    <common:Name xml:lang="fr">Mexique</common:Name>
                </structure:Code>
                <structure:Code id="MEX01">
                    <common:Annotations>
                        <common:Annotation>
                            <common:AnnotationType>ORDER</common:AnnotationType>
                            <common:AnnotationText xml:lang="en">10</common:AnnotationText>
                            <common:AnnotationText xml:lang="fr">10</common:AnnotationText>
                        </common:Annotation>
                    </common:Annotations>
                    <common:Name xml:lang="en">Mexico City</common:Name>
                    <common:Name xml:lang="fr">Mexico City</common:Name>
                    <structure:Parent>
                        <Ref id="MEX"/>
                    </structure:Parent>
                </structure:Code>
                <structure:Code id="MEX02">
                    <common:Annotations>
                        <common:Annotation>
                            <common:AnnotationType>ORDER</common:AnnotationType>
                            <common:AnnotationText xml:lang="en">20</common:AnnotationText>
                            <common:AnnotationText xml:lang="fr">20</common:AnnotationText>
                        </common:Annotation>
                    </common:Annotations>
                    <common:Name xml:lang="en">Guadalajara</common:Name>
                    <common:Name xml:lang="fr">Guadalajara</common:Name>
                    <structure:Parent>
                        <Ref id="MEX"/>
                    </structure:Parent>
                </structure:Code>
                <structure:Code id="MEX03">
                    <common:Annotations>
                        <common:Annotation>
                            <common:AnnotationType>ORDER</common:AnnotationType>
                            <common:AnnotationText xml:lang="en">30</common:AnnotationText>
                            <common:AnnotationText xml:lang="fr">30</common:AnnotationText>
                        </common:Annotation>
                    </common:Annotations>
                    <common:Name xml:lang="en">Monterrey</common:Name>
                    <common:Name xml:lang="fr">Monterrey</common:Name>
                    <structure:Parent>
                        <Ref id="MEX"/>
                    </structure:Parent>
                </structure:Code>
                <structure:Code id="MEX04">
                    <common:Annotations>
                        <common:Annotation>
                            <common:AnnotationType>ORDER</common:AnnotationType>
                            <common:AnnotationText xml:lang="en">40</common:AnnotationText>
                            <common:AnnotationText xml:lang="fr">40</common:AnnotationText>
                        </common:Annotation>
                    </common:Annotations>
                    <common:Name xml:lang="en">Puebla</common:Name>
                    <common:Name xml:lang="fr">Puebla</common:Name>
                    <structure:Parent>
                        <Ref id="MEX"/>
                    </structure:Parent>
                </structure:Code>
                <structure:Code id="MEX05">
                    <common:Annotations>
                        <common:Annotation>
                            <common:AnnotationType>ORDER</common:AnnotationType>
                            <common:AnnotationText xml:lang="en">50</common:AnnotationText>
                            <common:AnnotationText xml:lang="fr">50</common:AnnotationText>
                        </common:Annotation>
                    </common:Annotations>
                    <common:Name xml:lang="en">Toluca</common:Name>
                    <common:Name xml:lang="fr">Toluca</common:Name>
                    <structure:Parent>
                        <Ref id="MEX"/>
                    </structure:Parent>
                </structure:Code>
                <structure:Code id="MEX06">
                    <common:Annotations>
                        <common:Annotation>
                            <common:AnnotationType>ORDER</common:AnnotationType>
                            <common:AnnotationText xml:lang="en">60</common:AnnotationText>
                            <common:AnnotationText xml:lang="fr">60</common:AnnotationText>
                        </common:Annotation>
                    </common:Annotations>
                    <common:Name xml:lang="en">Tijuana</common:Name>
                    <common:Name xml:lang="fr">Tijuana</common:Name>
                    <structure:Parent>
                        <Ref id="MEX"/>
                    </structure:Parent>
                </structure:Code>
                <structure:Code id="MEX07">
                    <common:Annotations>
                        <common:Annotation>
                            <common:AnnotationType>ORDER</common:AnnotationType>
                            <common:AnnotationText xml:lang="en">70</common:AnnotationText>
                            <common:AnnotationText xml:lang="fr">70</common:AnnotationText>
                        </common:Annotation>
                    </common:Annotations>
                    <common:Name xml:lang="en">Leon</common:Name>
                    <common:Name xml:lang="fr">Leon</common:Name>
                    <structure:Parent>
                        <Ref id="MEX"/>
                    </structure:Parent>
                </structure:Code>
                <structure:Code id="MEX08">
                    <common:Annotations>
                        <common:Annotation>
                            <common:AnnotationType>ORDER</common:AnnotationType>
                            <common:AnnotationText xml:lang="en">80</common:AnnotationText>
                            <common:AnnotationText xml:lang="fr">80</common:AnnotationText>
                        </common:Annotation>
                    </common:Annotations>
                    <common:Name xml:lang="en">Queretaro</common:Name>
                    <common:Name xml:lang="fr">Queretaro</common:Name>
                    <structure:Parent>
                        <Ref id="MEX"/>
                    </structure:Parent>
                </structure:Code>
                <structure:Code id="MEX09">
                    <common:Annotations>
                        <common:Annotation>
                            <common:AnnotationType>ORDER</common:AnnotationType>
                            <common:AnnotationText xml:lang="en">90</common:AnnotationText>
                            <common:AnnotationText xml:lang="fr">90</common:AnnotationText>
                        </common:Annotation>
                    </common:Annotations>
                    <common:Name xml:lang="en">Merida</common:Name>
                    <common:Name xml:lang="fr">Merida</common:Name>
                    <structure:Parent>
                        <Ref id="MEX"/>
                    </structure:Parent>
                </structure:Code>
                <structure:Code id="MEX10">
                    <common:Annotations>
                        <common:Annotation>
                            <common:AnnotationType>ORDER</common:AnnotationType>
                            <common:AnnotationText xml:lang="en">100</common:AnnotationText>
                            <common:AnnotationText xml:lang="fr">100</common:AnnotationText>
                        </common:Annotation>
                    </common:Annotations>
                    <common:Name xml:lang="en">Juarez</common:Name>
                    <common:Name xml:lang="fr">Juarez</common:Name>
                    <structure:Parent>
                        <Ref id="MEX"/>
                    </structure:Parent>
                </structure:Code>
                <structure:Code id="MEX11">
                    <common:Annotations>
                        <common:Annotation>
                            <common:AnnotationType>ORDER</common:AnnotationType>
                            <common:AnnotationText xml:lang="en">110</common:AnnotationText>
                            <common:AnnotationText xml:lang="fr">110</common:AnnotationText>
                        </common:Annotation>
                    </common:Annotations>
                    <common:Name xml:lang="en">San Luis Potosi</common:Name>
                    <common:Name xml:lang="fr">San Luis Potosi</common:Name>
                    <structure:Parent>
                        <Ref id="MEX"/>
                    </structure:Parent>
                </structure:Code>
                <structure:Code id="MEX12">
                    <common:Annotations>
                        <common:Annotation>
                            <common:AnnotationType>ORDER</common:AnnotationType>
                            <common:AnnotationText xml:lang="en">120</common:AnnotationText>
                            <common:AnnotationText xml:lang="fr">120</common:AnnotationText>
                        </common:Annotation>
                    </common:Annotations>
                    <common:Name xml:lang="en">Torreon</common:Name>
                    <common:Name xml:lang="fr">Torreon</common:Name>
                    <structure:Parent>
                        <Ref id="MEX"/>
                    </structure:Parent>
                </structure:Code>
                <structure:Code id="MEX13">
                    <common:Annotations>
                        <common:Annotation>
                            <common:AnnotationType>ORDER</common:AnnotationType>
                            <common:AnnotationText xml:lang="en">130</common:AnnotationText>
                            <common:AnnotationText xml:lang="fr">130</common:AnnotationText>
                        </common:Annotation>
                    </common:Annotations>
                    <common:Name xml:lang="en">Mexicali</common:Name>
                    <common:Name xml:lang="fr">Mexicali</common:Name>
                    <structure:Parent>
                        <Ref id="MEX"/>
                    </structure:Parent>
                </structure:Code>
                <structure:Code id="MEX14">
                    <common:Annotations>
                        <common:Annotation>
                            <common:AnnotationType>ORDER</common:AnnotationType>
                            <common:AnnotationText xml:lang="en">140</common:AnnotationText>
                            <common:AnnotationText xml:lang="fr">140</common:AnnotationText>
                        </common:Annotation>
                    </common:Annotations>
                    <common:Name xml:lang="en">Cuernavaca</common:Name>
                    <common:Name xml:lang="fr">Cuernavaca</common:Name>
                    <structure:Parent>
                        <Ref id="MEX"/>
                    </structure:Parent>
                </structure:Code>
                <structure:Code id="MEX15">
                    <common:Annotations>
                        <common:Annotation>
                            <common:AnnotationType>ORDER</common:AnnotationType>
                            <common:AnnotationText xml:lang="en">150</common:AnnotationText>
                            <common:AnnotationText xml:lang="fr">150</common:AnnotationText>
                        </common:Annotation>
                    </common:Annotations>
                    <common:Name xml:lang="en">Villahermosa</common:Name>
                    <common:Name xml:lang="fr">Villahermosa</common:Name>
                    <structure:Parent>
                        <Ref id="MEX"/>
                    </structure:Parent>
                </structure:Code>
                <structure:Code id="MEX16">
                    <common:Annotations>
                        <common:Annotation>
                            <common:AnnotationType>ORDER</common:AnnotationType>
                            <common:AnnotationText xml:lang="en">160</common:AnnotationText>
                            <common:AnnotationText xml:lang="fr">160</common:AnnotationText>
                        </common:Annotation>
                    </common:Annotations>
                    <common:Name xml:lang="en">Culiacan</common:Name>
                    <common:Name xml:lang="fr">Culiacan</common:Name>
                    <structure:Parent>
                        <Ref id="MEX"/>
                    </structure:Parent>
                </structure:Code>
                <structure:Code id="MEX17">
                    <common:Annotations>
                        <common:Annotation>
                            <common:AnnotationType>ORDER</common:AnnotationType>
                            <common:AnnotationText xml:lang="en">170</common:AnnotationText>
                            <common:AnnotationText xml:lang="fr">170</common:AnnotationText>
                        </common:Annotation>
                    </common:Annotations>
                    <common:Name xml:lang="en">Morelia</common:Name>
                    <common:Name xml:lang="fr">Morelia</common:Name>
                    <structure:Parent>
                        <Ref id="MEX"/>
                    </structure:Parent>
                </structure:Code>
                <structure:Code id="MEX18">
                    <common:Annotations>
                        <common:Annotation>
                            <common:AnnotationType>ORDER</common:AnnotationType>
                            <common:AnnotationText xml:lang="en">180</common:AnnotationText>
                            <common:AnnotationText xml:lang="fr">180</common:AnnotationText>
                        </common:Annotation>
                    </common:Annotations>
                    <common:Name xml:lang="en">Chihuahua</common:Name>
                    <common:Name xml:lang="fr">Chihuahua</common:Name>
                    <structure:Parent>
                        <Ref id="MEX"/>
                    </structure:Parent>
                </structure:Code>
                <structure:Code id="MEX19">
                    <common:Annotations>
                        <common:Annotation>
                            <common:AnnotationType>ORDER</common:AnnotationType>
                            <common:AnnotationText xml:lang="en">190</common:AnnotationText>
                            <common:AnnotationText xml:lang="fr">190</common:AnnotationText>
                        </common:Annotation>
                    </common:Annotations>
                    <common:Name xml:lang="en">Veracruz</common:Name>
                    <common:Name xml:lang="fr">Veracruz</common:Name>
                    <structure:Parent>
                        <Ref id="MEX"/>
                    </structure:Parent>
                </structure:Code>
                <structure:Code id="MEX20">
                    <common:Annotations>
                        <common:Annotation>
                            <common:AnnotationType>ORDER</common:AnnotationType>
                            <common:AnnotationText xml:lang="en">200</common:AnnotationText>
                            <common:AnnotationText xml:lang="fr">200</common:AnnotationText>
                        </common:Annotation>
                    </common:Annotations>
                    <common:Name xml:lang="en">Hermosillo</common:Name>
                    <common:Name xml:lang="fr">Hermosillo</common:Name>
                    <structure:Parent>
                        <Ref id="MEX"/>
                    </structure:Parent>
                </structure:Code>
                <structure:Code id="MEX21">
                    <common:Annotations>
                        <common:Annotation>
                            <common:AnnotationType>ORDER</common:AnnotationType>
                            <common:AnnotationText xml:lang="en">210</common:AnnotationText>
                            <common:AnnotationText xml:lang="fr">210</common:AnnotationText>
                        </common:Annotation>
                    </common:Annotations>
                    <common:Name xml:lang="en">Aguascalientes</common:Name>
                    <common:Name xml:lang="fr">Aguascalientes</common:Name>
                    <structure:Parent>
                        <Ref id="MEX"/>
                    </structure:Parent>
                </structure:Code>
                <structure:Code id="MEX22">
                    <common:Annotations>
                        <common:Annotation>
                            <common:AnnotationType>ORDER</common:AnnotationType>
                            <common:AnnotationText xml:lang="en">220</common:AnnotationText>
                            <common:AnnotationText xml:lang="fr">220</common:AnnotationText>
                        </common:Annotation>
                    </common:Annotations>
                    <common:Name xml:lang="en">Acapulco de Juarez</common:Name>
                    <common:Name xml:lang="fr">Acapulco de Juarez</common:Name>
                    <structure:Parent>
                        <Ref id="MEX"/>
                    </structure:Parent>
                </structure:Code>
                <structure:Code id="MEX23">
                    <common:Annotations>
                        <common:Annotation>
                            <common:AnnotationType>ORDER</common:AnnotationType>
                            <common:AnnotationText xml:lang="en">230</common:AnnotationText>
                            <common:AnnotationText xml:lang="fr">230</common:AnnotationText>
                        </common:Annotation>
                    </common:Annotations>
                    <common:Name xml:lang="en">Tampico</common:Name>
                    <common:Name xml:lang="fr">Tampico</common:Name>
                    <structure:Parent>
                        <Ref id="MEX"/>
                    </structure:Parent>
                </structure:Code>
                <structure:Code id="MEX24">
                    <common:Annotations>
                        <common:Annotation>
                            <common:AnnotationType>ORDER</common:AnnotationType>
                            <common:AnnotationText xml:lang="en">240</common:AnnotationText>
                            <common:AnnotationText xml:lang="fr">240</common:AnnotationText>
                        </common:Annotation>
                    </common:Annotations>
                    <common:Name xml:lang="en">Oaxaca de Juarez</common:Name>
                    <common:Name xml:lang="fr">Oaxaca de Juarez</common:Name>
                    <structure:Parent>
                        <Ref id="MEX"/>
                    </structure:Parent>
                </structure:Code>
                <structure:Code id="MEX25">
                    <common:Annotations>
                        <common:Annotation>
                            <common:AnnotationType>ORDER</common:AnnotationType>
                            <common:AnnotationText xml:lang="en">250</common:AnnotationText>
                            <common:AnnotationText xml:lang="fr">250</common:AnnotationText>
                        </common:Annotation>
                    </common:Annotations>
                    <common:Name xml:lang="en">Reynosa</common:Name>
                    <common:Name xml:lang="fr">Reynosa</common:Name>
                    <structure:Parent>
                        <Ref id="MEX"/>
                    </structure:Parent>
                </structure:Code>
                <structure:Code id="MEX26">
                    <common:Annotations>
                        <common:Annotation>
                            <common:AnnotationType>ORDER</common:AnnotationType>
                            <common:AnnotationText xml:lang="en">260</common:AnnotationText>
                            <common:AnnotationText xml:lang="fr">260</common:AnnotationText>
                        </common:Annotation>
                    </common:Annotations>
                    <common:Name xml:lang="en">Xalapa</common:Name>
                    <common:Name xml:lang="fr">Xalapa</common:Name>
                    <structure:Parent>
                        <Ref id="MEX"/>
                    </structure:Parent>
                </structure:Code>
                <structure:Code id="MEX27">
                    <common:Annotations>
                        <common:Annotation>
                            <common:AnnotationType>ORDER</common:AnnotationType>
                            <common:AnnotationText xml:lang="en">270</common:AnnotationText>
                            <common:AnnotationText xml:lang="fr">270</common:AnnotationText>
                        </common:Annotation>
                    </common:Annotations>
                    <common:Name xml:lang="en">Saltillo</common:Name>
                    <common:Name xml:lang="fr">Saltillo</common:Name>
                    <structure:Parent>
                        <Ref id="MEX"/>
                    </structure:Parent>
                </structure:Code>
                <structure:Code id="MEX28">
                    <common:Annotations>
                        <common:Annotation>
                            <common:AnnotationType>ORDER</common:AnnotationType>
                            <common:AnnotationText xml:lang="en">280</common:AnnotationText>
                            <common:AnnotationText xml:lang="fr">280</common:AnnotationText>
                        </common:Annotation>
                    </common:Annotations>
                    <common:Name xml:lang="en">Benito Juarez</common:Name>
                    <common:Name xml:lang="fr">Benito Juarez</common:Name>
                    <structure:Parent>
                        <Ref id="MEX"/>
                    </structure:Parent>
                </structure:Code>
                <structure:Code id="MEX29">
                    <common:Annotations>
                        <common:Annotation>
                            <common:AnnotationType>ORDER</common:AnnotationType>
                            <common:AnnotationText xml:lang="en">290</common:AnnotationText>
                            <common:AnnotationText xml:lang="fr">290</common:AnnotationText>
                        </common:Annotation>
                    </common:Annotations>
                    <common:Name xml:lang="en">Celaya</common:Name>
                    <common:Name xml:lang="fr">Celaya</common:Name>
                    <structure:Parent>
                        <Ref id="MEX"/>
                    </structure:Parent>
                </structure:Code>
                <structure:Code id="MEX30">
                    <common:Annotations>
                        <common:Annotation>
                            <common:AnnotationType>ORDER</common:AnnotationType>
                            <common:AnnotationText xml:lang="en">300</common:AnnotationText>
                            <common:AnnotationText xml:lang="fr">300</common:AnnotationText>
                        </common:Annotation>
                    </common:Annotations>
                    <common:Name xml:lang="en">Durango</common:Name>
                    <common:Name xml:lang="fr">Durango</common:Name>
                    <structure:Parent>
                        <Ref id="MEX"/>
                    </structure:Parent>
                </structure:Code>
                <structure:Code id="MEX31">
                    <common:Annotations>
                        <common:Annotation>
                            <common:AnnotationType>ORDER</common:AnnotationType>
                            <common:AnnotationText xml:lang="en">310</common:AnnotationText>
                            <common:AnnotationText xml:lang="fr">310</common:AnnotationText>
                        </common:Annotation>
                    </common:Annotations>
                    <common:Name xml:lang="en">Tuxtla Gutierrez</common:Name>
                    <common:Name xml:lang="fr">Tuxtla Gutierrez</common:Name>
                    <structure:Parent>
                        <Ref id="MEX"/>
                    </structure:Parent>
                </structure:Code>
                <structure:Code id="MEX32">
                    <common:Annotations>
                        <common:Annotation>
                            <common:AnnotationType>ORDER</common:AnnotationType>
                            <common:AnnotationText xml:lang="en">320</common:AnnotationText>
                            <common:AnnotationText xml:lang="fr">320</common:AnnotationText>
                        </common:Annotation>
                    </common:Annotations>
                    <common:Name xml:lang="en">Pachuca de Soto</common:Name>
                    <common:Name xml:lang="fr">Pachuca de Soto</common:Name>
                    <structure:Parent>
                        <Ref id="MEX"/>
                    </structure:Parent>
                </structure:Code>
                <structure:Code id="MEX33">
                    <common:Annotations>
                        <common:Annotation>
                            <common:AnnotationType>ORDER</common:AnnotationType>
                            <common:AnnotationText xml:lang="en">330</common:AnnotationText>
                            <common:AnnotationText xml:lang="fr">330</common:AnnotationText>
                        </common:Annotation>
                    </common:Annotations>
                    <common:Name xml:lang="en">Irapuato</common:Name>
                    <common:Name xml:lang="fr">Irapuato</common:Name>
                    <structure:Parent>
                        <Ref id="MEX"/>
                    </structure:Parent>
                </structure:Code>
                <structure:Code id="MEX34">
                    <common:Annotations>
                        <common:Annotation>
                            <common:AnnotationType>ORDER</common:AnnotationType>
                            <common:AnnotationText xml:lang="en">340</common:AnnotationText>
                            <common:AnnotationText xml:lang="fr">340</common:AnnotationText>
                        </common:Annotation>
                    </common:Annotations>
                    <common:Name xml:lang="en">Ahome</common:Name>
                    <common:Name xml:lang="fr">Ahome</common:Name>
                    <structure:Parent>
                        <Ref id="MEX"/>
                    </structure:Parent>
                </structure:Code>
                <structure:Code id="MEX35">
                    <common:Annotations>
                        <common:Annotation>
                            <common:AnnotationType>ORDER</common:AnnotationType>
                            <common:AnnotationText xml:lang="en">350</common:AnnotationText>
                            <common:AnnotationText xml:lang="fr">350</common:AnnotationText>
                        </common:Annotation>
                    </common:Annotations>
                    <common:Name xml:lang="en">Matamoros</common:Name>
                    <common:Name xml:lang="fr">Matamoros</common:Name>
                    <structure:Parent>
                        <Ref id="MEX"/>
                    </structure:Parent>
                </structure:Code>
                <structure:Code id="MEX36">
                    <common:Annotations>
                        <common:Annotation>
                            <common:AnnotationType>ORDER</common:AnnotationType>
                            <common:AnnotationText xml:lang="en">360</common:AnnotationText>
                            <common:AnnotationText xml:lang="fr">360</common:AnnotationText>
                        </common:Annotation>
                    </common:Annotations>
                    <common:Name xml:lang="en">Ensenada</common:Name>
                    <common:Name xml:lang="fr">Ensenada</common:Name>
                    <structure:Parent>
                        <Ref id="MEX"/>
                    </structure:Parent>
                </structure:Code>
                <structure:Code id="MEX37">
                    <common:Annotations>
                        <common:Annotation>
                            <common:AnnotationType>ORDER</common:AnnotationType>
                            <common:AnnotationText xml:lang="en">370</common:AnnotationText>
                            <common:AnnotationText xml:lang="fr">370</common:AnnotationText>
                        </common:Annotation>
                    </common:Annotations>
                    <common:Name xml:lang="en">Poza Rica de Hidalgo</common:Name>
                    <common:Name xml:lang="fr">Poza Rica de Hidalgo</common:Name>
                    <structure:Parent>
                        <Ref id="MEX"/>
                    </structure:Parent>
                </structure:Code>
                <structure:Code id="MEX38">
                    <common:Annotations>
                        <common:Annotation>
                            <common:AnnotationType>ORDER</common:AnnotationType>
                            <common:AnnotationText xml:lang="en">380</common:AnnotationText>
                            <common:AnnotationText xml:lang="fr">380</common:AnnotationText>
                        </common:Annotation>
                    </common:Annotations>
                    <common:Name xml:lang="en">Tepic</common:Name>
                    <common:Name xml:lang="fr">Tepic</common:Name>
                    <structure:Parent>
                        <Ref id="MEX"/>
                    </structure:Parent>
                </structure:Code>
                <structure:Code id="MEX39">
                    <common:Annotations>
                        <common:Annotation>
                            <common:AnnotationType>ORDER</common:AnnotationType>
                            <common:AnnotationText xml:lang="en">390</common:AnnotationText>
                            <common:AnnotationText xml:lang="fr">390</common:AnnotationText>
                        </common:Annotation>
                    </common:Annotations>
                    <common:Name xml:lang="en">Orizaba</common:Name>
                    <common:Name xml:lang="fr">Orizaba</common:Name>
                    <structure:Parent>
                        <Ref id="MEX"/>
                    </structure:Parent>
                </structure:Code>
                <structure:Code id="MEX40">
                    <common:Annotations>
                        <common:Annotation>
                            <common:AnnotationType>ORDER</common:AnnotationType>
                            <common:AnnotationText xml:lang="en">400</common:AnnotationText>
                            <common:AnnotationText xml:lang="fr">400</common:AnnotationText>
                        </common:Annotation>
                    </common:Annotations>
                    <common:Name xml:lang="en">Mazatlan</common:Name>
                    <common:Name xml:lang="fr">Mazatlan</common:Name>
                    <structure:Parent>
                        <Ref id="MEX"/>
                    </structure:Parent>
                </structure:Code>
                <structure:Code id="MEX41">
                    <common:Annotations>
                        <common:Annotation>
                            <common:AnnotationType>ORDER</common:AnnotationType>
                            <common:AnnotationText xml:lang="en">410</common:AnnotationText>
                            <common:AnnotationText xml:lang="fr">410</common:AnnotationText>
                        </common:Annotation>
                    </common:Annotations>
                    <common:Name xml:lang="en">Cajeme</common:Name>
                    <common:Name xml:lang="fr">Cajeme</common:Name>
                    <structure:Parent>
                        <Ref id="MEX"/>
                    </structure:Parent>
                </structure:Code>
                <structure:Code id="MEX42">
                    <common:Annotations>
                        <common:Annotation>
                            <common:AnnotationType>ORDER</common:AnnotationType>
                            <common:AnnotationText xml:lang="en">420</common:AnnotationText>
                            <common:AnnotationText xml:lang="fr">420</common:AnnotationText>
                        </common:Annotation>
                    </common:Annotations>
                    <common:Name xml:lang="en">Nuevo Laredo</common:Name>
                    <common:Name xml:lang="fr">Nuevo Laredo</common:Name>
                    <structure:Parent>
                        <Ref id="MEX"/>
                    </structure:Parent>
                </structure:Code>
                <structure:Code id="MEX43">
                    <common:Annotations>
                        <common:Annotation>
                            <common:AnnotationType>ORDER</common:AnnotationType>
                            <common:AnnotationText xml:lang="en">430</common:AnnotationText>
                            <common:AnnotationText xml:lang="fr">430</common:AnnotationText>
                        </common:Annotation>
                    </common:Annotations>
                    <common:Name xml:lang="en">Guadalupe</common:Name>
                    <common:Name xml:lang="fr">Guadalupe</common:Name>
                    <structure:Parent>
                        <Ref id="MEX"/>
                    </structure:Parent>
                </structure:Code>
                <structure:Code id="MEX44">
                    <common:Annotations>
                        <common:Annotation>
                            <common:AnnotationType>ORDER</common:AnnotationType>
                            <common:AnnotationText xml:lang="en">440</common:AnnotationText>
                            <common:AnnotationText xml:lang="fr">440</common:AnnotationText>
                        </common:Annotation>
                    </common:Annotations>
                    <common:Name xml:lang="en">Coatzacoalcos</common:Name>
                    <common:Name xml:lang="fr">Coatzacoalcos</common:Name>
                    <structure:Parent>
                        <Ref id="MEX"/>
                    </structure:Parent>
                </structure:Code>
                <structure:Code id="MEX45">
                    <common:Annotations>
                        <common:Annotation>
                            <common:AnnotationType>ORDER</common:AnnotationType>
                            <common:AnnotationText xml:lang="en">450</common:AnnotationText>
                            <common:AnnotationText xml:lang="fr">450</common:AnnotationText>
                        </common:Annotation>
                    </common:Annotations>
                    <common:Name xml:lang="en">Tapachula</common:Name>
                    <common:Name xml:lang="fr">Tapachula</common:Name>
                    <structure:Parent>
                        <Ref id="MEX"/>
                    </structure:Parent>
                </structure:Code>
                <structure:Code id="MEX46">
                    <common:Annotations>
                        <common:Annotation>
                            <common:AnnotationType>ORDER</common:AnnotationType>
                            <common:AnnotationText xml:lang="en">460</common:AnnotationText>
                            <common:AnnotationText xml:lang="fr">460</common:AnnotationText>
                        </common:Annotation>
                    </common:Annotations>
                    <common:Name xml:lang="en">Victoria</common:Name>
                    <common:Name xml:lang="fr">Victoria</common:Name>
                    <structure:Parent>
                        <Ref id="MEX"/>
                    </structure:Parent>
                </structure:Code>
                <structure:Code id="MEX47">
                    <common:Annotations>
                        <common:Annotation>
                            <common:AnnotationType>ORDER</common:AnnotationType>
                            <common:AnnotationText xml:lang="en">470</common:AnnotationText>
                            <common:AnnotationText xml:lang="fr">470</common:AnnotationText>
                        </common:Annotation>
                    </common:Annotations>
                    <common:Name xml:lang="en">Tlaxcala</common:Name>
                    <common:Name xml:lang="fr">Tlaxcala</common:Name>
                    <structure:Parent>
                        <Ref id="MEX"/>
                    </structure:Parent>
                </structure:Code>
                <structure:Code id="MEX48">
                    <common:Annotations>
                        <common:Annotation>
                            <common:AnnotationType>ORDER</common:AnnotationType>
                            <common:AnnotationText xml:lang="en">480</common:AnnotationText>
                            <common:AnnotationText xml:lang="fr">480</common:AnnotationText>
                        </common:Annotation>
                    </common:Annotations>
                    <common:Name xml:lang="en">Cordoba</common:Name>
                    <common:Name xml:lang="fr">Cordoba</common:Name>
                    <structure:Parent>
                        <Ref id="MEX"/>
                    </structure:Parent>
                </structure:Code>
                <structure:Code id="MEX49">
                    <common:Annotations>
                        <common:Annotation>
                            <common:AnnotationType>ORDER</common:AnnotationType>
                            <common:AnnotationText xml:lang="en">490</common:AnnotationText>
                            <common:AnnotationText xml:lang="fr">490</common:AnnotationText>
                        </common:Annotation>
                    </common:Annotations>
                    <common:Name xml:lang="en">Uruapan</common:Name>
                    <common:Name xml:lang="fr">Uruapan</common:Name>
                    <structure:Parent>
                        <Ref id="MEX"/>
                    </structure:Parent>
                </structure:Code>
                <structure:Code id="MEX50">
                    <common:Annotations>
                        <common:Annotation>
                            <common:AnnotationType>ORDER</common:AnnotationType>
                            <common:AnnotationText xml:lang="en">500</common:AnnotationText>
                            <common:AnnotationText xml:lang="fr">500</common:AnnotationText>
                        </common:Annotation>
                    </common:Annotations>
                    <common:Name xml:lang="en">Tehuacan</common:Name>
                    <common:Name xml:lang="fr">Tehuacan</common:Name>
                    <structure:Parent>
                        <Ref id="MEX"/>
                    </structure:Parent>
                </structure:Code>
                <structure:Code id="MEX51">
                    <common:Annotations>
                        <common:Annotation>
                            <common:AnnotationType>ORDER</common:AnnotationType>
                            <common:AnnotationText xml:lang="en">510</common:AnnotationText>
                            <common:AnnotationText xml:lang="fr">510</common:AnnotationText>
                        </common:Annotation>
                    </common:Annotations>
                    <common:Name xml:lang="en">Minatitlan</common:Name>
                    <common:Name xml:lang="fr">Minatitlan</common:Name>
                    <structure:Parent>
                        <Ref id="MEX"/>
                    </structure:Parent>
                </structure:Code>
                <structure:Code id="MEX52">
                    <common:Annotations>
                        <common:Annotation>
                            <common:AnnotationType>ORDER</common:AnnotationType>
                            <common:AnnotationText xml:lang="en">520</common:AnnotationText>
                            <common:AnnotationText xml:lang="fr">520</common:AnnotationText>
                        </common:Annotation>
                    </common:Annotations>
                    <common:Name xml:lang="en">Cuautla</common:Name>
                    <common:Name xml:lang="fr">Cuautla</common:Name>
                    <structure:Parent>
                        <Ref id="MEX"/>
                    </structure:Parent>
                </structure:Code>
                <structure:Code id="MEX53">
                    <common:Annotations>
                        <common:Annotation>
                            <common:AnnotationType>ORDER</common:AnnotationType>
                            <common:AnnotationText xml:lang="en">530</common:AnnotationText>
                            <common:AnnotationText xml:lang="fr">530</common:AnnotationText>
                        </common:Annotation>
                    </common:Annotations>
                    <common:Name xml:lang="en">Chilpancingo de los Bravo</common:Name>
                    <common:Name xml:lang="fr">Chilpancingo de los Bravo</common:Name>
                    <structure:Parent>
                        <Ref id="MEX"/>
                    </structure:Parent>
                </structure:Code>
                <structure:Code id="MEX54">
                    <common:Annotations>
                        <common:Annotation>
                            <common:AnnotationType>ORDER</common:AnnotationType>
                            <common:AnnotationText xml:lang="en">540</common:AnnotationText>
                            <common:AnnotationText xml:lang="fr">540</common:AnnotationText>
                        </common:Annotation>
                    </common:Annotations>
                    <common:Name xml:lang="en">Monclova</common:Name>
                    <common:Name xml:lang="fr">Monclova</common:Name>
                    <structure:Parent>
                        <Ref id="MEX"/>
                    </structure:Parent>
                </structure:Code>
                <structure:Code id="MEX55">
                    <common:Annotations>
                        <common:Annotation>
                            <common:AnnotationType>ORDER</common:AnnotationType>
                            <common:AnnotationText xml:lang="en">550</common:AnnotationText>
                            <common:AnnotationText xml:lang="fr">550</common:AnnotationText>
                        </common:Annotation>
                    </common:Annotations>
                    <common:Name xml:lang="en">Los Cabos</common:Name>
                    <common:Name xml:lang="fr">Los Cabos</common:Name>
                    <structure:Parent>
                        <Ref id="MEX"/>
                    </structure:Parent>
                </structure:Code>
                <structure:Code id="MEX56">
                    <common:Annotations>
                        <common:Annotation>
                            <common:AnnotationType>ORDER</common:AnnotationType>
                            <common:AnnotationText xml:lang="en">560</common:AnnotationText>
                            <common:AnnotationText xml:lang="fr">560</common:AnnotationText>
                        </common:Annotation>
                    </common:Annotations>
                    <common:Name xml:lang="en">Colima</common:Name>
                    <common:Name xml:lang="fr">Colima</common:Name>
                    <structure:Parent>
                        <Ref id="MEX"/>
                    </structure:Parent>
                </structure:Code>
                <structure:Code id="MEX57">
                    <common:Annotations>
                        <common:Annotation>
                            <common:AnnotationType>ORDER</common:AnnotationType>
                            <common:AnnotationText xml:lang="en">570</common:AnnotationText>
                            <common:AnnotationText xml:lang="fr">570</common:AnnotationText>
                        </common:Annotation>
                    </common:Annotations>
                    <common:Name xml:lang="en">La Paz</common:Name>
                    <common:Name xml:lang="fr">La Paz</common:Name>
                    <structure:Parent>
                        <Ref id="MEX"/>
                    </structure:Parent>
                </structure:Code>
                <structure:Code id="MEX58">
                    <common:Annotations>
                        <common:Annotation>
                            <common:AnnotationType>ORDER</common:AnnotationType>
                            <common:AnnotationText xml:lang="en">580</common:AnnotationText>
                            <common:AnnotationText xml:lang="fr">580</common:AnnotationText>
                        </common:Annotation>
                    </common:Annotations>
                    <common:Name xml:lang="en">Campeche</common:Name>
                    <common:Name xml:lang="fr">Campeche</common:Name>
                    <structure:Parent>
                        <Ref id="MEX"/>
                    </structure:Parent>
                </structure:Code>
                <structure:Code id="MEX59">
                    <common:Annotations>
                        <common:Annotation>
                            <common:AnnotationType>ORDER</common:AnnotationType>
                            <common:AnnotationText xml:lang="en">590</common:AnnotationText>
                            <common:AnnotationText xml:lang="fr">590</common:AnnotationText>
                        </common:Annotation>
                    </common:Annotations>
                    <common:Name xml:lang="en">Puerto Vallarta</common:Name>
                    <common:Name xml:lang="fr">Puerto Vallarta</common:Name>
                    <structure:Parent>
                        <Ref id="MEX"/>
                    </structure:Parent>
                </structure:Code>
                <structure:Code id="MEX60">
                    <common:Annotations>
                        <common:Annotation>
                            <common:AnnotationType>ORDER</common:AnnotationType>
                            <common:AnnotationText xml:lang="en">600</common:AnnotationText>
                            <common:AnnotationText xml:lang="fr">600</common:AnnotationText>
                        </common:Annotation>
                    </common:Annotations>
                    <common:Name xml:lang="en">Salamanca</common:Name>
                    <common:Name xml:lang="fr">Salamanca</common:Name>
                    <structure:Parent>
                        <Ref id="MEX"/>
                    </structure:Parent>
                </structure:Code>
                <structure:Code id="MEX61">
                    <common:Annotations>
                        <common:Annotation>
                            <common:AnnotationType>ORDER</common:AnnotationType>
                            <common:AnnotationText xml:lang="en">610</common:AnnotationText>
                            <common:AnnotationText xml:lang="fr">610</common:AnnotationText>
                        </common:Annotation>
                    </common:Annotations>
                    <common:Name xml:lang="en">San Juan del Rio</common:Name>
                    <common:Name xml:lang="fr">San Juan del Rio</common:Name>
                    <structure:Parent>
                        <Ref id="MEX"/>
                    </structure:Parent>
                </structure:Code>
                <structure:Code id="MEX62">
                    <common:Annotations>
                        <common:Annotation>
                            <common:AnnotationType>ORDER</common:AnnotationType>
                            <common:AnnotationText xml:lang="en">620</common:AnnotationText>
                            <common:AnnotationText xml:lang="fr">620</common:AnnotationText>
                        </common:Annotation>
                    </common:Annotations>
                    <common:Name xml:lang="en">Zamora</common:Name>
                    <common:Name xml:lang="fr">Zamora</common:Name>
                    <structure:Parent>
                        <Ref id="MEX"/>
                    </structure:Parent>
                </structure:Code>
                <structure:Code id="MEX63">
                    <common:Annotations>
                        <common:Annotation>
                            <common:AnnotationType>ORDER</common:AnnotationType>
                            <common:AnnotationText xml:lang="en">630</common:AnnotationText>
                            <common:AnnotationText xml:lang="fr">630</common:AnnotationText>
                        </common:Annotation>
                    </common:Annotations>
                    <common:Name xml:lang="en">Tulancingo de Bravo</common:Name>
                    <common:Name xml:lang="fr">Tulancingo de Bravo</common:Name>
                    <structure:Parent>
                        <Ref id="MEX"/>
                    </structure:Parent>
                </structure:Code>
                <structure:Code id="MEX64">
                    <common:Annotations>
                        <common:Annotation>
                            <common:AnnotationType>ORDER</common:AnnotationType>
                            <common:AnnotationText xml:lang="en">640</common:AnnotationText>
                            <common:AnnotationText xml:lang="fr">640</common:AnnotationText>
                        </common:Annotation>
                    </common:Annotations>
                    <common:Name xml:lang="en">Carmen</common:Name>
                    <common:Name xml:lang="fr">Carmen</common:Name>
                    <structure:Parent>
                        <Ref id="MEX"/>
                    </structure:Parent>
                </structure:Code>
                <structure:Code id="MEX65">
                    <common:Annotations>
                        <common:Annotation>
                            <common:AnnotationType>ORDER</common:AnnotationType>
                            <common:AnnotationText xml:lang="en">650</common:AnnotationText>
                            <common:AnnotationText xml:lang="fr">650</common:AnnotationText>
                        </common:Annotation>
                    </common:Annotations>
                    <common:Name xml:lang="en">Nogales</common:Name>
                    <common:Name xml:lang="fr">Nogales</common:Name>
                    <structure:Parent>
                        <Ref id="MEX"/>
                    </structure:Parent>
                </structure:Code>
                <structure:Code id="MEX66">
                    <common:Annotations>
                        <common:Annotation>
                            <common:AnnotationType>ORDER</common:AnnotationType>
                            <common:AnnotationText xml:lang="en">660</common:AnnotationText>
                            <common:AnnotationText xml:lang="fr">660</common:AnnotationText>
                        </common:Annotation>
                    </common:Annotations>
                    <common:Name xml:lang="en">Othon P. Blanco</common:Name>
                    <common:Name xml:lang="fr">Othon P. Blanco</common:Name>
                    <structure:Parent>
                        <Ref id="MEX"/>
                    </structure:Parent>
                </structure:Code>
                <structure:Code id="MEX67">
                    <common:Annotations>
                        <common:Annotation>
                            <common:AnnotationType>ORDER</common:AnnotationType>
                            <common:AnnotationText xml:lang="en">670</common:AnnotationText>
                            <common:AnnotationText xml:lang="fr">670</common:AnnotationText>
                        </common:Annotation>
                    </common:Annotations>
                    <common:Name xml:lang="en">Fresnillo</common:Name>
                    <common:Name xml:lang="fr">Fresnillo</common:Name>
                    <structure:Parent>
                        <Ref id="MEX"/>
                    </structure:Parent>
                </structure:Code>
                <structure:Code id="MEX68">
                    <common:Annotations>
                        <common:Annotation>
                            <common:AnnotationType>ORDER</common:AnnotationType>
                            <common:AnnotationText xml:lang="en">680</common:AnnotationText>
                            <common:AnnotationText xml:lang="fr">680</common:AnnotationText>
                        </common:Annotation>
                    </common:Annotations>
                    <common:Name xml:lang="en">San Cristobal de las Casas</common:Name>
                    <common:Name xml:lang="fr">San Cristobal de las Casas</common:Name>
                    <structure:Parent>
                        <Ref id="MEX"/>
                    </structure:Parent>
                </structure:Code>
                <structure:Code id="MEX69">
                    <common:Annotations>
                        <common:Annotation>
                            <common:AnnotationType>ORDER</common:AnnotationType>
                            <common:AnnotationText xml:lang="en">690</common:AnnotationText>
                            <common:AnnotationText xml:lang="fr">690</common:AnnotationText>
                        </common:Annotation>
                    </common:Annotations>
                    <common:Name xml:lang="en">Solidaridad</common:Name>
                    <common:Name xml:lang="fr">Solidaridad</common:Name>
                    <structure:Parent>
                        <Ref id="MEX"/>
                    </structure:Parent>
                </structure:Code>
                <structure:Code id="MEX70">
                    <common:Annotations>
                        <common:Annotation>
                            <common:AnnotationType>ORDER</common:AnnotationType>
                            <common:AnnotationText xml:lang="en">700</common:AnnotationText>
                            <common:AnnotationText xml:lang="fr">700</common:AnnotationText>
                        </common:Annotation>
                    </common:Annotations>
                    <common:Name xml:lang="en">Apizaco</common:Name>
                    <common:Name xml:lang="fr">Apizaco</common:Name>
                    <structure:Parent>
                        <Ref id="MEX"/>
                    </structure:Parent>
                </structure:Code>
                <structure:Code id="MEX71">
                    <common:Annotations>
                        <common:Annotation>
                            <common:AnnotationType>ORDER</common:AnnotationType>
                            <common:AnnotationText xml:lang="en">710</common:AnnotationText>
                            <common:AnnotationText xml:lang="fr">710</common:AnnotationText>
                        </common:Annotation>
                    </common:Annotations>
                    <common:Name xml:lang="en">San Luis Rio Colorado</common:Name>
                    <common:Name xml:lang="fr">San Luis Rio Colorado</common:Name>
                    <structure:Parent>
                        <Ref id="MEX"/>
                    </structure:Parent>
                </structure:Code>
                <structure:Code id="MEX72">
                    <common:Annotations>
                        <common:Annotation>
                            <common:AnnotationType>ORDER</common:AnnotationType>
                            <common:AnnotationText xml:lang="en">720</common:AnnotationText>
                            <common:AnnotationText xml:lang="fr">720</common:AnnotationText>
                        </common:Annotation>
                    </common:Annotations>
                    <common:Name xml:lang="en">San Francisco del Rincon</common:Name>
                    <common:Name xml:lang="fr">San Francisco del Rincon</common:Name>
                    <structure:Parent>
                        <Ref id="MEX"/>
                    </structure:Parent>
                </structure:Code>
                <structure:Code id="MEX73">
                    <common:Annotations>
                        <common:Annotation>
                            <common:AnnotationType>ORDER</common:AnnotationType>
                            <common:AnnotationText xml:lang="en">730</common:AnnotationText>
                            <common:AnnotationText xml:lang="fr">730</common:AnnotationText>
                        </common:Annotation>
                    </common:Annotations>
                    <common:Name xml:lang="en">San Martin Texmelucan</common:Name>
                    <common:Name xml:lang="fr">San Martin Texmelucan</common:Name>
                    <structure:Parent>
                        <Ref id="MEX"/>
                    </structure:Parent>
                </structure:Code>
                <structure:Code id="MEX74">
                    <common:Annotations>
                        <common:Annotation>
                            <common:AnnotationType>ORDER</common:AnnotationType>
                            <common:AnnotationText xml:lang="en">740</common:AnnotationText>
                            <common:AnnotationText xml:lang="fr">740</common:AnnotationText>
                        </common:Annotation>
                    </common:Annotations>
                    <common:Name xml:lang="en">Lazaro Cardenas</common:Name>
                    <common:Name xml:lang="fr">Lazaro Cardenas</common:Name>
                    <structure:Parent>
                        <Ref id="MEX"/>
                    </structure:Parent>
                </structure:Code>
                <structure:Code id="MEX75">
                    <common:Annotations>
                        <common:Annotation>
                            <common:AnnotationType>ORDER</common:AnnotationType>
                            <common:AnnotationText xml:lang="en">750</common:AnnotationText>
                            <common:AnnotationText xml:lang="fr">750</common:AnnotationText>
                        </common:Annotation>
                    </common:Annotations>
                    <common:Name xml:lang="en">Ciudad Valles</common:Name>
                    <common:Name xml:lang="fr">Ciudad Valles</common:Name>
                    <structure:Parent>
                        <Ref id="MEX"/>
                    </structure:Parent>
                </structure:Code>
                <structure:Code id="MEX76">
                    <common:Annotations>
                        <common:Annotation>
                            <common:AnnotationType>ORDER</common:AnnotationType>
                            <common:AnnotationText xml:lang="en">760</common:AnnotationText>
                            <common:AnnotationText xml:lang="fr">760</common:AnnotationText>
                        </common:Annotation>
                    </common:Annotations>
                    <common:Name xml:lang="en">Tianguistenco</common:Name>
                    <common:Name xml:lang="fr">Tianguistenco</common:Name>
                    <structure:Parent>
                        <Ref id="MEX"/>
                    </structure:Parent>
                </structure:Code>
                <structure:Code id="MEX77">
                    <common:Annotations>
                        <common:Annotation>
                            <common:AnnotationType>ORDER</common:AnnotationType>
                            <common:AnnotationText xml:lang="en">770</common:AnnotationText>
                            <common:AnnotationText xml:lang="fr">770</common:AnnotationText>
                        </common:Annotation>
                    </common:Annotations>
                    <common:Name xml:lang="en">Cuauhtemoc</common:Name>
                    <common:Name xml:lang="fr">Cuauhtemoc</common:Name>
                    <structure:Parent>
                        <Ref id="MEX"/>
                    </structure:Parent>
                </structure:Code>
                <structure:Code id="MEX78">
                    <common:Annotations>
                        <common:Annotation>
                            <common:AnnotationType>ORDER</common:AnnotationType>
                            <common:AnnotationText xml:lang="en">780</common:AnnotationText>
                            <common:AnnotationText xml:lang="fr">780</common:AnnotationText>
                        </common:Annotation>
                    </common:Annotations>
                    <common:Name xml:lang="en">Navojoa</common:Name>
                    <common:Name xml:lang="fr">Navojoa</common:Name>
                    <structure:Parent>
                        <Ref id="MEX"/>
                    </structure:Parent>
                </structure:Code>
                <structure:Code id="MEX79">
                    <common:Annotations>
                        <common:Annotation>
                            <common:AnnotationType>ORDER</common:AnnotationType>
                            <common:AnnotationText xml:lang="en">790</common:AnnotationText>
                            <common:AnnotationText xml:lang="fr">790</common:AnnotationText>
                        </common:Annotation>
                    </common:Annotations>
                    <common:Name xml:lang="en">Zitacuaro</common:Name>
                    <common:Name xml:lang="fr">Zitacuaro</common:Name>
                    <structure:Parent>
                        <Ref id="MEX"/>
                    </structure:Parent>
                </structure:Code>
                <structure:Code id="MEX80">
                    <common:Annotations>
                        <common:Annotation>
                            <common:AnnotationType>ORDER</common:AnnotationType>
                            <common:AnnotationText xml:lang="en">800</common:AnnotationText>
                            <common:AnnotationText xml:lang="fr">800</common:AnnotationText>
                        </common:Annotation>
                    </common:Annotations>
                    <common:Name xml:lang="en">Lagos de Moreno</common:Name>
                    <common:Name xml:lang="fr">Lagos de Moreno</common:Name>
                    <structure:Parent>
                        <Ref id="MEX"/>
                    </structure:Parent>
                </structure:Code>
                <structure:Code id="MEX81">
                    <common:Annotations>
                        <common:Annotation>
                            <common:AnnotationType>ORDER</common:AnnotationType>
                            <common:AnnotationText xml:lang="en">810</common:AnnotationText>
                            <common:AnnotationText xml:lang="fr">810</common:AnnotationText>
                        </common:Annotation>
                    </common:Annotations>
                    <common:Name xml:lang="en">Piedras Negras</common:Name>
                    <common:Name xml:lang="fr">Piedras Negras</common:Name>
                    <structure:Parent>
                        <Ref id="MEX"/>
                    </structure:Parent>
                </structure:Code>
                <structure:Code id="MEX82">
                    <common:Annotations>
                        <common:Annotation>
                            <common:AnnotationType>ORDER</common:AnnotationType>
                            <common:AnnotationText xml:lang="en">820</common:AnnotationText>
                            <common:AnnotationText xml:lang="fr">820</common:AnnotationText>
                        </common:Annotation>
                    </common:Annotations>
                    <common:Name xml:lang="en">Comitan de Dominguez</common:Name>
                    <common:Name xml:lang="fr">Comitan de Dominguez</common:Name>
                    <structure:Parent>
                        <Ref id="MEX"/>
                    </structure:Parent>
                </structure:Code>
                <structure:Code id="MEX83">
                    <common:Annotations>
                        <common:Annotation>
                            <common:AnnotationType>ORDER</common:AnnotationType>
                            <common:AnnotationText xml:lang="en">830</common:AnnotationText>
                            <common:AnnotationText xml:lang="fr">830</common:AnnotationText>
                        </common:Annotation>
                    </common:Annotations>
                    <common:Name xml:lang="en">Delicias</common:Name>
                    <common:Name xml:lang="fr">Delicias</common:Name>
                    <structure:Parent>
                        <Ref id="MEX"/>
                    </structure:Parent>
                </structure:Code>
                <structure:Code id="MEX84">
                    <common:Annotations>
                        <common:Annotation>
                            <common:AnnotationType>ORDER</common:AnnotationType>
                            <common:AnnotationText xml:lang="en">840</common:AnnotationText>
                            <common:AnnotationText xml:lang="fr">840</common:AnnotationText>
                        </common:Annotation>
                    </common:Annotations>
                    <common:Name xml:lang="en">Tuxpan</common:Name>
                    <common:Name xml:lang="fr">Tuxpan</common:Name>
                    <structure:Parent>
                        <Ref id="MEX"/>
                    </structure:Parent>
                </structure:Code>
                <structure:Code id="MEX85">
                    <common:Annotations>
                        <common:Annotation>
                            <common:AnnotationType>ORDER</common:AnnotationType>
                            <common:AnnotationText xml:lang="en">850</common:AnnotationText>
                            <common:AnnotationText xml:lang="fr">850</common:AnnotationText>
                        </common:Annotation>
                    </common:Annotations>
                    <common:Name xml:lang="en">Iguala de la Independencia</common:Name>
                    <common:Name xml:lang="fr">Iguala de la Independencia</common:Name>
                    <structure:Parent>
                        <Ref id="MEX"/>
                    </structure:Parent>
                </structure:Code>
                <structure:Code id="MEX86">
                    <common:Annotations>
                        <common:Annotation>
                            <common:AnnotationType>ORDER</common:AnnotationType>
                            <common:AnnotationText xml:lang="en">860</common:AnnotationText>
                            <common:AnnotationText xml:lang="fr">860</common:AnnotationText>
                        </common:Annotation>
                    </common:Annotations>
                    <common:Name xml:lang="en">Acuna</common:Name>
                    <common:Name xml:lang="fr">Acuna</common:Name>
                    <structure:Parent>
                        <Ref id="MEX"/>
                    </structure:Parent>
                </structure:Code>
                <structure:Code id="MEX87">
                    <common:Annotations>
                        <common:Annotation>
                            <common:AnnotationType>ORDER</common:AnnotationType>
                            <common:AnnotationText xml:lang="en">870</common:AnnotationText>
                            <common:AnnotationText xml:lang="fr">870</common:AnnotationText>
                        </common:Annotation>
                    </common:Annotations>
                    <common:Name xml:lang="en">Uriangato</common:Name>
                    <common:Name xml:lang="fr">Uriangato</common:Name>
                    <structure:Parent>
                        <Ref id="MEX"/>
                    </structure:Parent>
                </structure:Code>
                <structure:Code id="MEX88">
                    <common:Annotations>
                        <common:Annotation>
                            <common:AnnotationType>ORDER</common:AnnotationType>
                            <common:AnnotationText xml:lang="en">880</common:AnnotationText>
                            <common:AnnotationText xml:lang="fr">880</common:AnnotationText>
                        </common:Annotation>
                    </common:Annotations>
                    <common:Name xml:lang="en">Teziutlan</common:Name>
                    <common:Name xml:lang="fr">Teziutlan</common:Name>
                    <structure:Parent>
                        <Ref id="MEX"/>
                    </structure:Parent>
                </structure:Code>
                <structure:Code id="MEX89">
                    <common:Annotations>
                        <common:Annotation>
                            <common:AnnotationType>ORDER</common:AnnotationType>
                            <common:AnnotationText xml:lang="en">890</common:AnnotationText>
                            <common:AnnotationText xml:lang="fr">890</common:AnnotationText>
                        </common:Annotation>
                    </common:Annotations>
                    <common:Name xml:lang="en">Apatzingan</common:Name>
                    <common:Name xml:lang="fr">Apatzingan</common:Name>
                    <structure:Parent>
                        <Ref id="MEX"/>
                    </structure:Parent>
                </structure:Code>
                <structure:Code id="MEX90">
                    <common:Annotations>
                        <common:Annotation>
                            <common:AnnotationType>ORDER</common:AnnotationType>
                            <common:AnnotationText xml:lang="en">900</common:AnnotationText>
                            <common:AnnotationText xml:lang="fr">900</common:AnnotationText>
                        </common:Annotation>
                    </common:Annotations>
                    <common:Name xml:lang="en">Zapotlan el Grande</common:Name>
                    <common:Name xml:lang="fr">Zapotlan el Grande</common:Name>
                    <structure:Parent>
                        <Ref id="MEX"/>
                    </structure:Parent>
                </structure:Code>
                <structure:Code id="MEX91">
                    <common:Annotations>
                        <common:Annotation>
                            <common:AnnotationType>ORDER</common:AnnotationType>
                            <common:AnnotationText xml:lang="en">910</common:AnnotationText>
                            <common:AnnotationText xml:lang="fr">910</common:AnnotationText>
                        </common:Annotation>
                    </common:Annotations>
                    <common:Name xml:lang="en">Hidalgo del Parral</common:Name>
                    <common:Name xml:lang="fr">Hidalgo del Parral</common:Name>
                    <structure:Parent>
                        <Ref id="MEX"/>
                    </structure:Parent>
                </structure:Code>
                <structure:Code id="MEX92">
                    <common:Annotations>
                        <common:Annotation>
                            <common:AnnotationType>ORDER</common:AnnotationType>
                            <common:AnnotationText xml:lang="en">920</common:AnnotationText>
                            <common:AnnotationText xml:lang="fr">920</common:AnnotationText>
                        </common:Annotation>
                    </common:Annotations>
                    <common:Name xml:lang="en">Chiautla</common:Name>
                    <common:Name xml:lang="fr">Chiautla</common:Name>
                    <structure:Parent>
                        <Ref id="MEX"/>
                    </structure:Parent>
                </structure:Code>
                <structure:Code id="NLD">
                    <common:Annotations>
                        <common:Annotation>
                            <common:AnnotationType>ORDER</common:AnnotationType>
                            <common:AnnotationText xml:lang="en">350</common:AnnotationText>
                            <common:AnnotationText xml:lang="fr">350</common:AnnotationText>
                        </common:Annotation>
                    </common:Annotations>
                    <common:Name xml:lang="en">Netherlands</common:Name>
                    <common:Name xml:lang="fr">Pays-Bas</common:Name>
                </structure:Code>
                <structure:Code id="NL001">
                    <common:Annotations>
                        <common:Annotation>
                            <common:AnnotationType>ORDER</common:AnnotationType>
                            <common:AnnotationText xml:lang="en">10</common:AnnotationText>
                            <common:AnnotationText xml:lang="fr">10</common:AnnotationText>
                        </common:Annotation>
                    </common:Annotations>
                    <common:Name xml:lang="en">The Hague</common:Name>
                    <common:Name xml:lang="fr">The Hague</common:Name>
                    <structure:Parent>
                        <Ref id="NLD"/>
                    </structure:Parent>
                </structure:Code>
                <structure:Code id="NL002">
                    <common:Annotations>
                        <common:Annotation>
                            <common:AnnotationType>ORDER</common:AnnotationType>
                            <common:AnnotationText xml:lang="en">20</common:AnnotationText>
                            <common:AnnotationText xml:lang="fr">20</common:AnnotationText>
                        </common:Annotation>
                    </common:Annotations>
                    <common:Name xml:lang="en">Amsterdam</common:Name>
                    <common:Name xml:lang="fr">Amsterdam</common:Name>
                    <structure:Parent>
                        <Ref id="NLD"/>
                    </structure:Parent>
                </structure:Code>
                <structure:Code id="NL003">
                    <common:Annotations>
                        <common:Annotation>
                            <common:AnnotationType>ORDER</common:AnnotationType>
                            <common:AnnotationText xml:lang="en">30</common:AnnotationText>
                            <common:AnnotationText xml:lang="fr">30</common:AnnotationText>
                        </common:Annotation>
                    </common:Annotations>
                    <common:Name xml:lang="en">Rotterdam</common:Name>
                    <common:Name xml:lang="fr">Rotterdam</common:Name>
                    <structure:Parent>
                        <Ref id="NLD"/>
                    </structure:Parent>
                </structure:Code>
                <structure:Code id="NL004">
                    <common:Annotations>
                        <common:Annotation>
                            <common:AnnotationType>ORDER</common:AnnotationType>
                            <common:AnnotationText xml:lang="en">40</common:AnnotationText>
                            <common:AnnotationText xml:lang="fr">40</common:AnnotationText>
                        </common:Annotation>
                    </common:Annotations>
                    <common:Name xml:lang="en">Utrecht</common:Name>
                    <common:Name xml:lang="fr">Utrecht</common:Name>
                    <structure:Parent>
                        <Ref id="NLD"/>
                    </structure:Parent>
                </structure:Code>
                <structure:Code id="NL005">
                    <common:Annotations>
                        <common:Annotation>
                            <common:AnnotationType>ORDER</common:AnnotationType>
                            <common:AnnotationText xml:lang="en">50</common:AnnotationText>
                            <common:AnnotationText xml:lang="fr">50</common:AnnotationText>
                        </common:Annotation>
                    </common:Annotations>
                    <common:Name xml:lang="en">Eindhoven</common:Name>
                    <common:Name xml:lang="fr">Eindhoven</common:Name>
                    <structure:Parent>
                        <Ref id="NLD"/>
                    </structure:Parent>
                </structure:Code>
                <structure:Code id="NL006">
                    <common:Annotations>
                        <common:Annotation>
                            <common:AnnotationType>ORDER</common:AnnotationType>
                            <common:AnnotationText xml:lang="en">60</common:AnnotationText>
                            <common:AnnotationText xml:lang="fr">60</common:AnnotationText>
                        </common:Annotation>
                    </common:Annotations>
                    <common:Name xml:lang="en">Tilburg</common:Name>
                    <common:Name xml:lang="fr">Tilburg</common:Name>
                    <structure:Parent>
                        <Ref id="NLD"/>
                    </structure:Parent>
                </structure:Code>
                <structure:Code id="NL007">
                    <common:Annotations>
                        <common:Annotation>
                            <common:AnnotationType>ORDER</common:AnnotationType>
                            <common:AnnotationText xml:lang="en">70</common:AnnotationText>
                            <common:AnnotationText xml:lang="fr">70</common:AnnotationText>
                        </common:Annotation>
                    </common:Annotations>
                    <common:Name xml:lang="en">Groningen</common:Name>
                    <common:Name xml:lang="fr">Groningen</common:Name>
                    <structure:Parent>
                        <Ref id="NLD"/>
                    </structure:Parent>
                </structure:Code>
                <structure:Code id="NL008">
                    <common:Annotations>
                        <common:Annotation>
                            <common:AnnotationType>ORDER</common:AnnotationType>
                            <common:AnnotationText xml:lang="en">80</common:AnnotationText>
                            <common:AnnotationText xml:lang="fr">80</common:AnnotationText>
                        </common:Annotation>
                    </common:Annotations>
                    <common:Name xml:lang="en">Enschede</common:Name>
                    <common:Name xml:lang="fr">Enschede</common:Name>
                    <structure:Parent>
                        <Ref id="NLD"/>
                    </structure:Parent>
                </structure:Code>
                <structure:Code id="NL009">
                    <common:Annotations>
                        <common:Annotation>
                            <common:AnnotationType>ORDER</common:AnnotationType>
                            <common:AnnotationText xml:lang="en">90</common:AnnotationText>
                            <common:AnnotationText xml:lang="fr">90</common:AnnotationText>
                        </common:Annotation>
                    </common:Annotations>
                    <common:Name xml:lang="en">Arnhem</common:Name>
                    <common:Name xml:lang="fr">Arnhem</common:Name>
                    <structure:Parent>
                        <Ref id="NLD"/>
                    </structure:Parent>
                </structure:Code>
                <structure:Code id="NL010">
                    <common:Annotations>
                        <common:Annotation>
                            <common:AnnotationType>ORDER</common:AnnotationType>
                            <common:AnnotationText xml:lang="en">100</common:AnnotationText>
                            <common:AnnotationText xml:lang="fr">100</common:AnnotationText>
                        </common:Annotation>
                    </common:Annotations>
                    <common:Name xml:lang="en">Heerlen</common:Name>
                    <common:Name xml:lang="fr">Heerlen</common:Name>
                    <structure:Parent>
                        <Ref id="NLD"/>
                    </structure:Parent>
                </structure:Code>
                <structure:Code id="NL012">
                    <common:Annotations>
                        <common:Annotation>
                            <common:AnnotationType>ORDER</common:AnnotationType>
                            <common:AnnotationText xml:lang="en">110</common:AnnotationText>
                            <common:AnnotationText xml:lang="fr">110</common:AnnotationText>
                        </common:Annotation>
                    </common:Annotations>
                    <common:Name xml:lang="en">Breda</common:Name>
                    <common:Name xml:lang="fr">Breda</common:Name>
                    <structure:Parent>
                        <Ref id="NLD"/>
                    </structure:Parent>
                </structure:Code>
                <structure:Code id="NL013">
                    <common:Annotations>
                        <common:Annotation>
                            <common:AnnotationType>ORDER</common:AnnotationType>
                            <common:AnnotationText xml:lang="en">120</common:AnnotationText>
                            <common:AnnotationText xml:lang="fr">120</common:AnnotationText>
                        </common:Annotation>
                    </common:Annotations>
                    <common:Name xml:lang="en">Nijmegen</common:Name>
                    <common:Name xml:lang="fr">Nijmegen</common:Name>
                    <structure:Parent>
                        <Ref id="NLD"/>
                    </structure:Parent>
                </structure:Code>
                <structure:Code id="NL014">
                    <common:Annotations>
                        <common:Annotation>
                            <common:AnnotationType>ORDER</common:AnnotationType>
                            <common:AnnotationText xml:lang="en">130</common:AnnotationText>
                            <common:AnnotationText xml:lang="fr">130</common:AnnotationText>
                        </common:Annotation>
                    </common:Annotations>
                    <common:Name xml:lang="en">Apeldoorn</common:Name>
                    <common:Name xml:lang="fr">Apeldoorn</common:Name>
                    <structure:Parent>
                        <Ref id="NLD"/>
                    </structure:Parent>
                </structure:Code>
                <structure:Code id="NL015">
                    <common:Annotations>
                        <common:Annotation>
                            <common:AnnotationType>ORDER</common:AnnotationType>
                            <common:AnnotationText xml:lang="en">140</common:AnnotationText>
                            <common:AnnotationText xml:lang="fr">140</common:AnnotationText>
                        </common:Annotation>
                    </common:Annotations>
                    <common:Name xml:lang="en">Leeuwarden</common:Name>
                    <common:Name xml:lang="fr">Leeuwarden</common:Name>
                    <structure:Parent>
                        <Ref id="NLD"/>
                    </structure:Parent>
                </structure:Code>
                <structure:Code id="NL016">
                    <common:Annotations>
                        <common:Annotation>
                            <common:AnnotationType>ORDER</common:AnnotationType>
                            <common:AnnotationText xml:lang="en">150</common:AnnotationText>
                            <common:AnnotationText xml:lang="fr">150</common:AnnotationText>
                        </common:Annotation>
                    </common:Annotations>
                    <common:Name xml:lang="en">Sittard-Geleen</common:Name>
                    <common:Name xml:lang="fr">Sittard-Geleen</common:Name>
                    <structure:Parent>
                        <Ref id="NLD"/>
                    </structure:Parent>
                </structure:Code>
                <structure:Code id="NL020">
                    <common:Annotations>
                        <common:Annotation>
                            <common:AnnotationType>ORDER</common:AnnotationType>
                            <common:AnnotationText xml:lang="en">160</common:AnnotationText>
                            <common:AnnotationText xml:lang="fr">160</common:AnnotationText>
                        </common:Annotation>
                    </common:Annotations>
                    <common:Name xml:lang="en">Roosendaal</common:Name>
                    <common:Name xml:lang="fr">Roosendaal</common:Name>
                    <structure:Parent>
                        <Ref id="NLD"/>
                    </structure:Parent>
                </structure:Code>
                <structure:Code id="NL026">
                    <common:Annotations>
                        <common:Annotation>
                            <common:AnnotationType>ORDER</common:AnnotationType>
                            <common:AnnotationText xml:lang="en">170</common:AnnotationText>
                            <common:AnnotationText xml:lang="fr">170</common:AnnotationText>
                        </common:Annotation>
                    </common:Annotations>
                    <common:Name xml:lang="en">Alphen aan den Rijn</common:Name>
                    <common:Name xml:lang="fr">Alphen aan den Rijn</common:Name>
                    <structure:Parent>
                        <Ref id="NLD"/>
                    </structure:Parent>
                </structure:Code>
                <structure:Code id="NL028">
                    <common:Annotations>
                        <common:Annotation>
                            <common:AnnotationType>ORDER</common:AnnotationType>
                            <common:AnnotationText xml:lang="en">180</common:AnnotationText>
                            <common:AnnotationText xml:lang="fr">180</common:AnnotationText>
                        </common:Annotation>
                    </common:Annotations>
                    <common:Name xml:lang="en">Bergen op Zoom</common:Name>
                    <common:Name xml:lang="fr">Bergen op Zoom</common:Name>
                    <structure:Parent>
                        <Ref id="NLD"/>
                    </structure:Parent>
                </structure:Code>
                <structure:Code id="NL030">
                    <common:Annotations>
                        <common:Annotation>
                            <common:AnnotationType>ORDER</common:AnnotationType>
                            <common:AnnotationText xml:lang="en">190</common:AnnotationText>
                            <common:AnnotationText xml:lang="fr">190</common:AnnotationText>
                        </common:Annotation>
                    </common:Annotations>
                    <common:Name xml:lang="en">Gouda</common:Name>
                    <common:Name xml:lang="fr">Gouda</common:Name>
                    <structure:Parent>
                        <Ref id="NLD"/>
                    </structure:Parent>
                </structure:Code>
                <structure:Code id="NL032">
                    <common:Annotations>
                        <common:Annotation>
                            <common:AnnotationType>ORDER</common:AnnotationType>
                            <common:AnnotationText xml:lang="en">200</common:AnnotationText>
                            <common:AnnotationText xml:lang="fr">200</common:AnnotationText>
                        </common:Annotation>
                    </common:Annotations>
                    <common:Name xml:lang="en">Middelburg</common:Name>
                    <common:Name xml:lang="fr">Middelburg</common:Name>
                    <structure:Parent>
                        <Ref id="NLD"/>
                    </structure:Parent>
                </structure:Code>
                <structure:Code id="NL503">
                    <common:Annotations>
                        <common:Annotation>
                            <common:AnnotationType>ORDER</common:AnnotationType>
                            <common:AnnotationText xml:lang="en">210</common:AnnotationText>
                            <common:AnnotationText xml:lang="fr">210</common:AnnotationText>
                        </common:Annotation>
                    </common:Annotations>
                    <common:Name xml:lang="en">s-Hertogenbosch</common:Name>
                    <common:Name xml:lang="fr">s-Hertogenbosch</common:Name>
                    <structure:Parent>
                        <Ref id="NLD"/>
                    </structure:Parent>
                </structure:Code>
                <structure:Code id="NL504">
                    <common:Annotations>
                        <common:Annotation>
                            <common:AnnotationType>ORDER</common:AnnotationType>
                            <common:AnnotationText xml:lang="en">220</common:AnnotationText>
                            <common:AnnotationText xml:lang="fr">220</common:AnnotationText>
                        </common:Annotation>
                    </common:Annotations>
                    <common:Name xml:lang="en">Amersfoort</common:Name>
                    <common:Name xml:lang="fr">Amersfoort</common:Name>
                    <structure:Parent>
                        <Ref id="NLD"/>
                    </structure:Parent>
                </structure:Code>
                <structure:Code id="NL505">
                    <common:Annotations>
                        <common:Annotation>
                            <common:AnnotationType>ORDER</common:AnnotationType>
                            <common:AnnotationText xml:lang="en">230</common:AnnotationText>
                            <common:AnnotationText xml:lang="fr">230</common:AnnotationText>
                        </common:Annotation>
                    </common:Annotations>
                    <common:Name xml:lang="en">Maastricht</common:Name>
                    <common:Name xml:lang="fr">Maastricht</common:Name>
                    <structure:Parent>
                        <Ref id="NLD"/>
                    </structure:Parent>
                </structure:Code>
                <structure:Code id="NL507">
                    <common:Annotations>
                        <common:Annotation>
                            <common:AnnotationType>ORDER</common:AnnotationType>
                            <common:AnnotationText xml:lang="en">240</common:AnnotationText>
                            <common:AnnotationText xml:lang="fr">240</common:AnnotationText>
                        </common:Annotation>
                    </common:Annotations>
                    <common:Name xml:lang="en">Leiden</common:Name>
                    <common:Name xml:lang="fr">Leiden</common:Name>
                    <structure:Parent>
                        <Ref id="NLD"/>
                    </structure:Parent>
                </structure:Code>
                <structure:Code id="NL511">
                    <common:Annotations>
                        <common:Annotation>
                            <common:AnnotationType>ORDER</common:AnnotationType>
                            <common:AnnotationText xml:lang="en">250</common:AnnotationText>
                            <common:AnnotationText xml:lang="fr">250</common:AnnotationText>
                        </common:Annotation>
                    </common:Annotations>
                    <common:Name xml:lang="en">Zwolle</common:Name>
                    <common:Name xml:lang="fr">Zwolle</common:Name>
                    <structure:Parent>
                        <Ref id="NLD"/>
                    </structure:Parent>
                </structure:Code>
                <structure:Code id="NL512">
                    <common:Annotations>
                        <common:Annotation>
                            <common:AnnotationType>ORDER</common:AnnotationType>
                            <common:AnnotationText xml:lang="en">260</common:AnnotationText>
                            <common:AnnotationText xml:lang="fr">260</common:AnnotationText>
                        </common:Annotation>
                    </common:Annotations>
                    <common:Name xml:lang="en">Ede</common:Name>
                    <common:Name xml:lang="fr">Ede</common:Name>
                    <structure:Parent>
                        <Ref id="NLD"/>
                    </structure:Parent>
                </structure:Code>
                <structure:Code id="NL513">
                    <common:Annotations>
                        <common:Annotation>
                            <common:AnnotationType>ORDER</common:AnnotationType>
                            <common:AnnotationText xml:lang="en">270</common:AnnotationText>
                            <common:AnnotationText xml:lang="fr">270</common:AnnotationText>
                        </common:Annotation>
                    </common:Annotations>
                    <common:Name xml:lang="en">Deventer</common:Name>
                    <common:Name xml:lang="fr">Deventer</common:Name>
                    <structure:Parent>
                        <Ref id="NLD"/>
                    </structure:Parent>
                </structure:Code>
                <structure:Code id="NL514">
                    <common:Annotations>
                        <common:Annotation>
                            <common:AnnotationType>ORDER</common:AnnotationType>
                            <common:AnnotationText xml:lang="en">280</common:AnnotationText>
                            <common:AnnotationText xml:lang="fr">280</common:AnnotationText>
                        </common:Annotation>
                    </common:Annotations>
                    <common:Name xml:lang="en">Alkmaar</common:Name>
                    <common:Name xml:lang="fr">Alkmaar</common:Name>
                    <structure:Parent>
                        <Ref id="NLD"/>
                    </structure:Parent>
                </structure:Code>
                <structure:Code id="NL515">
                    <common:Annotations>
                        <common:Annotation>
                            <common:AnnotationType>ORDER</common:AnnotationType>
                            <common:AnnotationText xml:lang="en">290</common:AnnotationText>
                            <common:AnnotationText xml:lang="fr">290</common:AnnotationText>
                        </common:Annotation>
                    </common:Annotations>
                    <common:Name xml:lang="en">Venlo</common:Name>
                    <common:Name xml:lang="fr">Venlo</common:Name>
                    <structure:Parent>
                        <Ref id="NLD"/>
                    </structure:Parent>
                </structure:Code>
                <structure:Code id="NL519">
                    <common:Annotations>
                        <common:Annotation>
                            <common:AnnotationType>ORDER</common:AnnotationType>
                            <common:AnnotationText xml:lang="en">300</common:AnnotationText>
                            <common:AnnotationText xml:lang="fr">300</common:AnnotationText>
                        </common:Annotation>
                    </common:Annotations>
                    <common:Name xml:lang="en">Almelo</common:Name>
                    <common:Name xml:lang="fr">Almelo</common:Name>
                    <structure:Parent>
                        <Ref id="NLD"/>
                    </structure:Parent>
                </structure:Code>
                <structure:Code id="NL520">
                    <common:Annotations>
                        <common:Annotation>
                            <common:AnnotationType>ORDER</common:AnnotationType>
                            <common:AnnotationText xml:lang="en">310</common:AnnotationText>
                            <common:AnnotationText xml:lang="fr">310</common:AnnotationText>
                        </common:Annotation>
                    </common:Annotations>
                    <common:Name xml:lang="en">Lelystad</common:Name>
                    <common:Name xml:lang="fr">Lelystad</common:Name>
                    <structure:Parent>
                        <Ref id="NLD"/>
                    </structure:Parent>
                </structure:Code>
                <structure:Code id="NL521">
                    <common:Annotations>
                        <common:Annotation>
                            <common:AnnotationType>ORDER</common:AnnotationType>
                            <common:AnnotationText xml:lang="en">320</common:AnnotationText>
                            <common:AnnotationText xml:lang="fr">320</common:AnnotationText>
                        </common:Annotation>
                    </common:Annotations>
                    <common:Name xml:lang="en">Oss</common:Name>
                    <common:Name xml:lang="fr">Oss</common:Name>
                    <structure:Parent>
                        <Ref id="NLD"/>
                    </structure:Parent>
                </structure:Code>
                <structure:Code id="NL522">
                    <common:Annotations>
                        <common:Annotation>
                            <common:AnnotationType>ORDER</common:AnnotationType>
                            <common:AnnotationText xml:lang="en">330</common:AnnotationText>
                            <common:AnnotationText xml:lang="fr">330</common:AnnotationText>
                        </common:Annotation>
                    </common:Annotations>
                    <common:Name xml:lang="en">Assen</common:Name>
                    <common:Name xml:lang="fr">Assen</common:Name>
                    <structure:Parent>
                        <Ref id="NLD"/>
                    </structure:Parent>
                </structure:Code>
                <structure:Code id="NL524">
                    <common:Annotations>
                        <common:Annotation>
                            <common:AnnotationType>ORDER</common:AnnotationType>
                            <common:AnnotationText xml:lang="en">340</common:AnnotationText>
                            <common:AnnotationText xml:lang="fr">340</common:AnnotationText>
                        </common:Annotation>
                    </common:Annotations>
                    <common:Name xml:lang="en">Veenendaal</common:Name>
                    <common:Name xml:lang="fr">Veenendaal</common:Name>
                    <structure:Parent>
                        <Ref id="NLD"/>
                    </structure:Parent>
                </structure:Code>
                <structure:Code id="NL529">
                    <common:Annotations>
                        <common:Annotation>
                            <common:AnnotationType>ORDER</common:AnnotationType>
                            <common:AnnotationText xml:lang="en">350</common:AnnotationText>
                            <common:AnnotationText xml:lang="fr">350</common:AnnotationText>
                        </common:Annotation>
                    </common:Annotations>
                    <common:Name xml:lang="en">Greater Soest</common:Name>
                    <common:Name xml:lang="fr">Greater Soest</common:Name>
                    <structure:Parent>
                        <Ref id="NLD"/>
                    </structure:Parent>
                </structure:Code>
                <structure:Code id="NOR">
                    <common:Annotations>
                        <common:Annotation>
                            <common:AnnotationType>ORDER</common:AnnotationType>
                            <common:AnnotationText xml:lang="en">370</common:AnnotationText>
                            <common:AnnotationText xml:lang="fr">370</common:AnnotationText>
                        </common:Annotation>
                    </common:Annotations>
                    <common:Name xml:lang="en">Norway</common:Name>
                    <common:Name xml:lang="fr">Norvège</common:Name>
                </structure:Code>
                <structure:Code id="NO001">
                    <common:Annotations>
                        <common:Annotation>
                            <common:AnnotationType>ORDER</common:AnnotationType>
                            <common:AnnotationText xml:lang="en">10</common:AnnotationText>
                            <common:AnnotationText xml:lang="fr">10</common:AnnotationText>
                        </common:Annotation>
                    </common:Annotations>
                    <common:Name xml:lang="en">Oslo</common:Name>
                    <common:Name xml:lang="fr">Oslo</common:Name>
                    <structure:Parent>
                        <Ref id="NOR"/>
                    </structure:Parent>
                </structure:Code>
                <structure:Code id="NO002">
                    <common:Annotations>
                        <common:Annotation>
                            <common:AnnotationType>ORDER</common:AnnotationType>
                            <common:AnnotationText xml:lang="en">20</common:AnnotationText>
                            <common:AnnotationText xml:lang="fr">20</common:AnnotationText>
                        </common:Annotation>
                    </common:Annotations>
                    <common:Name xml:lang="en">Bergen</common:Name>
                    <common:Name xml:lang="fr">Bergen</common:Name>
                    <structure:Parent>
                        <Ref id="NOR"/>
                    </structure:Parent>
                </structure:Code>
                <structure:Code id="NO003">
                    <common:Annotations>
                        <common:Annotation>
                            <common:AnnotationType>ORDER</common:AnnotationType>
                            <common:AnnotationText xml:lang="en">30</common:AnnotationText>
                            <common:AnnotationText xml:lang="fr">30</common:AnnotationText>
                        </common:Annotation>
                    </common:Annotations>
                    <common:Name xml:lang="en">Trondheim</common:Name>
                    <common:Name xml:lang="fr">Trondheim</common:Name>
                    <structure:Parent>
                        <Ref id="NOR"/>
                    </structure:Parent>
                </structure:Code>
                <structure:Code id="NO004">
                    <common:Annotations>
                        <common:Annotation>
                            <common:AnnotationType>ORDER</common:AnnotationType>
                            <common:AnnotationText xml:lang="en">40</common:AnnotationText>
                            <common:AnnotationText xml:lang="fr">40</common:AnnotationText>
                        </common:Annotation>
                    </common:Annotations>
                    <common:Name xml:lang="en">Stavanger</common:Name>
                    <common:Name xml:lang="fr">Stavanger</common:Name>
                    <structure:Parent>
                        <Ref id="NOR"/>
                    </structure:Parent>
                </structure:Code>
                <structure:Code id="NO005">
                    <common:Annotations>
                        <common:Annotation>
                            <common:AnnotationType>ORDER</common:AnnotationType>
                            <common:AnnotationText xml:lang="en">50</common:AnnotationText>
                            <common:AnnotationText xml:lang="fr">50</common:AnnotationText>
                        </common:Annotation>
                    </common:Annotations>
                    <common:Name xml:lang="en">Kristiansand</common:Name>
                    <common:Name xml:lang="fr">Kristiansand</common:Name>
                    <structure:Parent>
                        <Ref id="NOR"/>
                    </structure:Parent>
                </structure:Code>
                <structure:Code id="NO006">
                    <common:Annotations>
                        <common:Annotation>
                            <common:AnnotationType>ORDER</common:AnnotationType>
                            <common:AnnotationText xml:lang="en">60</common:AnnotationText>
                            <common:AnnotationText xml:lang="fr">60</common:AnnotationText>
                        </common:Annotation>
                    </common:Annotations>
                    <common:Name xml:lang="en">Tromso</common:Name>
                    <common:Name xml:lang="fr">Tromso</common:Name>
                    <structure:Parent>
                        <Ref id="NOR"/>
                    </structure:Parent>
                </structure:Code>
                <structure:Code id="POL">
                    <common:Annotations>
                        <common:Annotation>
                            <common:AnnotationType>ORDER</common:AnnotationType>
                            <common:AnnotationText xml:lang="en">380</common:AnnotationText>
                            <common:AnnotationText xml:lang="fr">380</common:AnnotationText>
                        </common:Annotation>
                    </common:Annotations>
                    <common:Name xml:lang="en">Poland</common:Name>
                    <common:Name xml:lang="fr">Pologne</common:Name>
                </structure:Code>
                <structure:Code id="PL001">
                    <common:Annotations>
                        <common:Annotation>
                            <common:AnnotationType>ORDER</common:AnnotationType>
                            <common:AnnotationText xml:lang="en">10</common:AnnotationText>
                            <common:AnnotationText xml:lang="fr">10</common:AnnotationText>
                        </common:Annotation>
                    </common:Annotations>
                    <common:Name xml:lang="en">Warsaw</common:Name>
                    <common:Name xml:lang="fr">Warsaw</common:Name>
                    <structure:Parent>
                        <Ref id="POL"/>
                    </structure:Parent>
                </structure:Code>
                <structure:Code id="PL002">
                    <common:Annotations>
                        <common:Annotation>
                            <common:AnnotationType>ORDER</common:AnnotationType>
                            <common:AnnotationText xml:lang="en">20</common:AnnotationText>
                            <common:AnnotationText xml:lang="fr">20</common:AnnotationText>
                        </common:Annotation>
                    </common:Annotations>
                    <common:Name xml:lang="en">Lodz</common:Name>
                    <common:Name xml:lang="fr">Lodz</common:Name>
                    <structure:Parent>
                        <Ref id="POL"/>
                    </structure:Parent>
                </structure:Code>
                <structure:Code id="PL003">
                    <common:Annotations>
                        <common:Annotation>
                            <common:AnnotationType>ORDER</common:AnnotationType>
                            <common:AnnotationText xml:lang="en">30</common:AnnotationText>
                            <common:AnnotationText xml:lang="fr">30</common:AnnotationText>
                        </common:Annotation>
                    </common:Annotations>
                    <common:Name xml:lang="en">Cracow</common:Name>
                    <common:Name xml:lang="fr">Cracow</common:Name>
                    <structure:Parent>
                        <Ref id="POL"/>
                    </structure:Parent>
                </structure:Code>
                <structure:Code id="PL004">
                    <common:Annotations>
                        <common:Annotation>
                            <common:AnnotationType>ORDER</common:AnnotationType>
                            <common:AnnotationText xml:lang="en">40</common:AnnotationText>
                            <common:AnnotationText xml:lang="fr">40</common:AnnotationText>
                        </common:Annotation>
                    </common:Annotations>
                    <common:Name xml:lang="en">Wroclaw</common:Name>
                    <common:Name xml:lang="fr">Wroclaw</common:Name>
                    <structure:Parent>
                        <Ref id="POL"/>
                    </structure:Parent>
                </structure:Code>
                <structure:Code id="PL005">
                    <common:Annotations>
                        <common:Annotation>
                            <common:AnnotationType>ORDER</common:AnnotationType>
                            <common:AnnotationText xml:lang="en">50</common:AnnotationText>
                            <common:AnnotationText xml:lang="fr">50</common:AnnotationText>
                        </common:Annotation>
                    </common:Annotations>
                    <common:Name xml:lang="en">Poznan</common:Name>
                    <common:Name xml:lang="fr">Poznan</common:Name>
                    <structure:Parent>
                        <Ref id="POL"/>
                    </structure:Parent>
                </structure:Code>
                <structure:Code id="PL006">
                    <common:Annotations>
                        <common:Annotation>
                            <common:AnnotationType>ORDER</common:AnnotationType>
                            <common:AnnotationText xml:lang="en">60</common:AnnotationText>
                            <common:AnnotationText xml:lang="fr">60</common:AnnotationText>
                        </common:Annotation>
                    </common:Annotations>
                    <common:Name xml:lang="en">Gdansk</common:Name>
                    <common:Name xml:lang="fr">Gdansk</common:Name>
                    <structure:Parent>
                        <Ref id="POL"/>
                    </structure:Parent>
                </structure:Code>
                <structure:Code id="PL007">
                    <common:Annotations>
                        <common:Annotation>
                            <common:AnnotationType>ORDER</common:AnnotationType>
                            <common:AnnotationText xml:lang="en">70</common:AnnotationText>
                            <common:AnnotationText xml:lang="fr">70</common:AnnotationText>
                        </common:Annotation>
                    </common:Annotations>
                    <common:Name xml:lang="en">Szczecin</common:Name>
                    <common:Name xml:lang="fr">Szczecin</common:Name>
                    <structure:Parent>
                        <Ref id="POL"/>
                    </structure:Parent>
                </structure:Code>
                <structure:Code id="PL008">
                    <common:Annotations>
                        <common:Annotation>
                            <common:AnnotationType>ORDER</common:AnnotationType>
                            <common:AnnotationText xml:lang="en">80</common:AnnotationText>
                            <common:AnnotationText xml:lang="fr">80</common:AnnotationText>
                        </common:Annotation>
                    </common:Annotations>
                    <common:Name xml:lang="en">Bydgoszcz</common:Name>
                    <common:Name xml:lang="fr">Bydgoszcz</common:Name>
                    <structure:Parent>
                        <Ref id="POL"/>
                    </structure:Parent>
                </structure:Code>
                <structure:Code id="PL009">
                    <common:Annotations>
                        <common:Annotation>
                            <common:AnnotationType>ORDER</common:AnnotationType>
                            <common:AnnotationText xml:lang="en">90</common:AnnotationText>
                            <common:AnnotationText xml:lang="fr">90</common:AnnotationText>
                        </common:Annotation>
                    </common:Annotations>
                    <common:Name xml:lang="en">Lublin</common:Name>
                    <common:Name xml:lang="fr">Lublin</common:Name>
                    <structure:Parent>
                        <Ref id="POL"/>
                    </structure:Parent>
                </structure:Code>
                <structure:Code id="PL010">
                    <common:Annotations>
                        <common:Annotation>
                            <common:AnnotationType>ORDER</common:AnnotationType>
                            <common:AnnotationText xml:lang="en">100</common:AnnotationText>
                            <common:AnnotationText xml:lang="fr">100</common:AnnotationText>
                        </common:Annotation>
                    </common:Annotations>
                    <common:Name xml:lang="en">Katowice</common:Name>
                    <common:Name xml:lang="fr">Katowice</common:Name>
                    <structure:Parent>
                        <Ref id="POL"/>
                    </structure:Parent>
                </structure:Code>
                <structure:Code id="PL011">
                    <common:Annotations>
                        <common:Annotation>
                            <common:AnnotationType>ORDER</common:AnnotationType>
                            <common:AnnotationText xml:lang="en">110</common:AnnotationText>
                            <common:AnnotationText xml:lang="fr">110</common:AnnotationText>
                        </common:Annotation>
                    </common:Annotations>
                    <common:Name xml:lang="en">Bialystok</common:Name>
                    <common:Name xml:lang="fr">Bialystok</common:Name>
                    <structure:Parent>
                        <Ref id="POL"/>
                    </structure:Parent>
                </structure:Code>
                <structure:Code id="PL012">
                    <common:Annotations>
                        <common:Annotation>
                            <common:AnnotationType>ORDER</common:AnnotationType>
                            <common:AnnotationText xml:lang="en">120</common:AnnotationText>
                            <common:AnnotationText xml:lang="fr">120</common:AnnotationText>
                        </common:Annotation>
                    </common:Annotations>
                    <common:Name xml:lang="en">Kielce</common:Name>
                    <common:Name xml:lang="fr">Kielce</common:Name>
                    <structure:Parent>
                        <Ref id="POL"/>
                    </structure:Parent>
                </structure:Code>
                <structure:Code id="PL013">
                    <common:Annotations>
                        <common:Annotation>
                            <common:AnnotationType>ORDER</common:AnnotationType>
                            <common:AnnotationText xml:lang="en">130</common:AnnotationText>
                            <common:AnnotationText xml:lang="fr">130</common:AnnotationText>
                        </common:Annotation>
                    </common:Annotations>
                    <common:Name xml:lang="en">Torun</common:Name>
                    <common:Name xml:lang="fr">Torun</common:Name>
                    <structure:Parent>
                        <Ref id="POL"/>
                    </structure:Parent>
                </structure:Code>
                <structure:Code id="PL014">
                    <common:Annotations>
                        <common:Annotation>
                            <common:AnnotationType>ORDER</common:AnnotationType>
                            <common:AnnotationText xml:lang="en">140</common:AnnotationText>
                            <common:AnnotationText xml:lang="fr">140</common:AnnotationText>
                        </common:Annotation>
                    </common:Annotations>
                    <common:Name xml:lang="en">Olsztyn</common:Name>
                    <common:Name xml:lang="fr">Olsztyn</common:Name>
                    <structure:Parent>
                        <Ref id="POL"/>
                    </structure:Parent>
                </structure:Code>
                <structure:Code id="PL015">
                    <common:Annotations>
                        <common:Annotation>
                            <common:AnnotationType>ORDER</common:AnnotationType>
                            <common:AnnotationText xml:lang="en">150</common:AnnotationText>
                            <common:AnnotationText xml:lang="fr">150</common:AnnotationText>
                        </common:Annotation>
                    </common:Annotations>
                    <common:Name xml:lang="en">Rzeszow</common:Name>
                    <common:Name xml:lang="fr">Rzeszow</common:Name>
                    <structure:Parent>
                        <Ref id="POL"/>
                    </structure:Parent>
                </structure:Code>
                <structure:Code id="PL016">
                    <common:Annotations>
                        <common:Annotation>
                            <common:AnnotationType>ORDER</common:AnnotationType>
                            <common:AnnotationText xml:lang="en">160</common:AnnotationText>
                            <common:AnnotationText xml:lang="fr">160</common:AnnotationText>
                        </common:Annotation>
                    </common:Annotations>
                    <common:Name xml:lang="en">Opole</common:Name>
                    <common:Name xml:lang="fr">Opole</common:Name>
                    <structure:Parent>
                        <Ref id="POL"/>
                    </structure:Parent>
                </structure:Code>
                <structure:Code id="PL017">
                    <common:Annotations>
                        <common:Annotation>
                            <common:AnnotationType>ORDER</common:AnnotationType>
                            <common:AnnotationText xml:lang="en">170</common:AnnotationText>
                            <common:AnnotationText xml:lang="fr">170</common:AnnotationText>
                        </common:Annotation>
                    </common:Annotations>
                    <common:Name xml:lang="en">Gorzow Wielkopolski</common:Name>
                    <common:Name xml:lang="fr">Gorzow Wielkopolski</common:Name>
                    <structure:Parent>
                        <Ref id="POL"/>
                    </structure:Parent>
                </structure:Code>
                <structure:Code id="PL018">
                    <common:Annotations>
                        <common:Annotation>
                            <common:AnnotationType>ORDER</common:AnnotationType>
                            <common:AnnotationText xml:lang="en">180</common:AnnotationText>
                            <common:AnnotationText xml:lang="fr">180</common:AnnotationText>
                        </common:Annotation>
                    </common:Annotations>
                    <common:Name xml:lang="en">Zielona Gora</common:Name>
                    <common:Name xml:lang="fr">Zielona Gora</common:Name>
                    <structure:Parent>
                        <Ref id="POL"/>
                    </structure:Parent>
                </structure:Code>
                <structure:Code id="PL019">
                    <common:Annotations>
                        <common:Annotation>
                            <common:AnnotationType>ORDER</common:AnnotationType>
                            <common:AnnotationText xml:lang="en">190</common:AnnotationText>
                            <common:AnnotationText xml:lang="fr">190</common:AnnotationText>
                        </common:Annotation>
                    </common:Annotations>
                    <common:Name xml:lang="en">Jelenia Gora</common:Name>
                    <common:Name xml:lang="fr">Jelenia Gora</common:Name>
                    <structure:Parent>
                        <Ref id="POL"/>
                    </structure:Parent>
                </structure:Code>
                <structure:Code id="PL020">
                    <common:Annotations>
                        <common:Annotation>
                            <common:AnnotationType>ORDER</common:AnnotationType>
                            <common:AnnotationText xml:lang="en">200</common:AnnotationText>
                            <common:AnnotationText xml:lang="fr">200</common:AnnotationText>
                        </common:Annotation>
                    </common:Annotations>
                    <common:Name xml:lang="en">Nowy Sacz</common:Name>
                    <common:Name xml:lang="fr">Nowy Sacz</common:Name>
                    <structure:Parent>
                        <Ref id="POL"/>
                    </structure:Parent>
                </structure:Code>
                <structure:Code id="PL021">
                    <common:Annotations>
                        <common:Annotation>
                            <common:AnnotationType>ORDER</common:AnnotationType>
                            <common:AnnotationText xml:lang="en">210</common:AnnotationText>
                            <common:AnnotationText xml:lang="fr">210</common:AnnotationText>
                        </common:Annotation>
                    </common:Annotations>
                    <common:Name xml:lang="en">Suwalki</common:Name>
                    <common:Name xml:lang="fr">Suwalki</common:Name>
                    <structure:Parent>
                        <Ref id="POL"/>
                    </structure:Parent>
                </structure:Code>
                <structure:Code id="PL022">
                    <common:Annotations>
                        <common:Annotation>
                            <common:AnnotationType>ORDER</common:AnnotationType>
                            <common:AnnotationText xml:lang="en">220</common:AnnotationText>
                            <common:AnnotationText xml:lang="fr">220</common:AnnotationText>
                        </common:Annotation>
                    </common:Annotations>
                    <common:Name xml:lang="en">Konin</common:Name>
                    <common:Name xml:lang="fr">Konin</common:Name>
                    <structure:Parent>
                        <Ref id="POL"/>
                    </structure:Parent>
                </structure:Code>
                <structure:Code id="PL024">
                    <common:Annotations>
                        <common:Annotation>
                            <common:AnnotationType>ORDER</common:AnnotationType>
                            <common:AnnotationText xml:lang="en">230</common:AnnotationText>
                            <common:AnnotationText xml:lang="fr">230</common:AnnotationText>
                        </common:Annotation>
                    </common:Annotations>
                    <common:Name xml:lang="en">Czestochowa</common:Name>
                    <common:Name xml:lang="fr">Czestochowa</common:Name>
                    <structure:Parent>
                        <Ref id="POL"/>
                    </structure:Parent>
                </structure:Code>
                <structure:Code id="PL025">
                    <common:Annotations>
                        <common:Annotation>
                            <common:AnnotationType>ORDER</common:AnnotationType>
                            <common:AnnotationText xml:lang="en">240</common:AnnotationText>
                            <common:AnnotationText xml:lang="fr">240</common:AnnotationText>
                        </common:Annotation>
                    </common:Annotations>
                    <common:Name xml:lang="en">Radom</common:Name>
                    <common:Name xml:lang="fr">Radom</common:Name>
                    <structure:Parent>
                        <Ref id="POL"/>
                    </structure:Parent>
                </structure:Code>
                <structure:Code id="PL026">
                    <common:Annotations>
                        <common:Annotation>
                            <common:AnnotationType>ORDER</common:AnnotationType>
                            <common:AnnotationText xml:lang="en">250</common:AnnotationText>
                            <common:AnnotationText xml:lang="fr">250</common:AnnotationText>
                        </common:Annotation>
                    </common:Annotations>
                    <common:Name xml:lang="en">Plock</common:Name>
                    <common:Name xml:lang="fr">Plock</common:Name>
                    <structure:Parent>
                        <Ref id="POL"/>
                    </structure:Parent>
                </structure:Code>
                <structure:Code id="PL027">
                    <common:Annotations>
                        <common:Annotation>
                            <common:AnnotationType>ORDER</common:AnnotationType>
                            <common:AnnotationText xml:lang="en">260</common:AnnotationText>
                            <common:AnnotationText xml:lang="fr">260</common:AnnotationText>
                        </common:Annotation>
                    </common:Annotations>
                    <common:Name xml:lang="en">Kalisz</common:Name>
                    <common:Name xml:lang="fr">Kalisz</common:Name>
                    <structure:Parent>
                        <Ref id="POL"/>
                    </structure:Parent>
                </structure:Code>
                <structure:Code id="PL028">
                    <common:Annotations>
                        <common:Annotation>
                            <common:AnnotationType>ORDER</common:AnnotationType>
                            <common:AnnotationText xml:lang="en">270</common:AnnotationText>
                            <common:AnnotationText xml:lang="fr">270</common:AnnotationText>
                        </common:Annotation>
                    </common:Annotations>
                    <common:Name xml:lang="en">Koszalin</common:Name>
                    <common:Name xml:lang="fr">Koszalin</common:Name>
                    <structure:Parent>
                        <Ref id="POL"/>
                    </structure:Parent>
                </structure:Code>
                <structure:Code id="PL029">
                    <common:Annotations>
                        <common:Annotation>
                            <common:AnnotationType>ORDER</common:AnnotationType>
                            <common:AnnotationText xml:lang="en">280</common:AnnotationText>
                            <common:AnnotationText xml:lang="fr">280</common:AnnotationText>
                        </common:Annotation>
                    </common:Annotations>
                    <common:Name xml:lang="en">Slupsk</common:Name>
                    <common:Name xml:lang="fr">Slupsk</common:Name>
                    <structure:Parent>
                        <Ref id="POL"/>
                    </structure:Parent>
                </structure:Code>
                <structure:Code id="PL030">
                    <common:Annotations>
                        <common:Annotation>
                            <common:AnnotationType>ORDER</common:AnnotationType>
                            <common:AnnotationText xml:lang="en">290</common:AnnotationText>
                            <common:AnnotationText xml:lang="fr">290</common:AnnotationText>
                        </common:Annotation>
                    </common:Annotations>
                    <common:Name xml:lang="en">Jastrzebie Zdroj</common:Name>
                    <common:Name xml:lang="fr">Jastrzebie Zdroj</common:Name>
                    <structure:Parent>
                        <Ref id="POL"/>
                    </structure:Parent>
                </structure:Code>
                <structure:Code id="PL031">
                    <common:Annotations>
                        <common:Annotation>
                            <common:AnnotationType>ORDER</common:AnnotationType>
                            <common:AnnotationText xml:lang="en">300</common:AnnotationText>
                            <common:AnnotationText xml:lang="fr">300</common:AnnotationText>
                        </common:Annotation>
                    </common:Annotations>
                    <common:Name xml:lang="en">Siedlce</common:Name>
                    <common:Name xml:lang="fr">Siedlce</common:Name>
                    <structure:Parent>
                        <Ref id="POL"/>
                    </structure:Parent>
                </structure:Code>
                <structure:Code id="PL032">
                    <common:Annotations>
                        <common:Annotation>
                            <common:AnnotationType>ORDER</common:AnnotationType>
                            <common:AnnotationText xml:lang="en">310</common:AnnotationText>
                            <common:AnnotationText xml:lang="fr">310</common:AnnotationText>
                        </common:Annotation>
                    </common:Annotations>
                    <common:Name xml:lang="en">Piotrkow Trybunalski</common:Name>
                    <common:Name xml:lang="fr">Piotrkow Trybunalski</common:Name>
                    <structure:Parent>
                        <Ref id="POL"/>
                    </structure:Parent>
                </structure:Code>
                <structure:Code id="PL033">
                    <common:Annotations>
                        <common:Annotation>
                            <common:AnnotationType>ORDER</common:AnnotationType>
                            <common:AnnotationText xml:lang="en">320</common:AnnotationText>
                            <common:AnnotationText xml:lang="fr">320</common:AnnotationText>
                        </common:Annotation>
                    </common:Annotations>
                    <common:Name xml:lang="en">Lubin</common:Name>
                    <common:Name xml:lang="fr">Lubin</common:Name>
                    <structure:Parent>
                        <Ref id="POL"/>
                    </structure:Parent>
                </structure:Code>
                <structure:Code id="PL034">
                    <common:Annotations>
                        <common:Annotation>
                            <common:AnnotationType>ORDER</common:AnnotationType>
                            <common:AnnotationText xml:lang="en">330</common:AnnotationText>
                            <common:AnnotationText xml:lang="fr">330</common:AnnotationText>
                        </common:Annotation>
                    </common:Annotations>
                    <common:Name xml:lang="en">Pila</common:Name>
                    <common:Name xml:lang="fr">Pila</common:Name>
                    <structure:Parent>
                        <Ref id="POL"/>
                    </structure:Parent>
                </structure:Code>
                <structure:Code id="PL035">
                    <common:Annotations>
                        <common:Annotation>
                            <common:AnnotationType>ORDER</common:AnnotationType>
                            <common:AnnotationText xml:lang="en">340</common:AnnotationText>
                            <common:AnnotationText xml:lang="fr">340</common:AnnotationText>
                        </common:Annotation>
                    </common:Annotations>
                    <common:Name xml:lang="en">Inowroclaw</common:Name>
                    <common:Name xml:lang="fr">Inowroclaw</common:Name>
                    <structure:Parent>
                        <Ref id="POL"/>
                    </structure:Parent>
                </structure:Code>
                <structure:Code id="PL036">
                    <common:Annotations>
                        <common:Annotation>
                            <common:AnnotationType>ORDER</common:AnnotationType>
                            <common:AnnotationText xml:lang="en">350</common:AnnotationText>
                            <common:AnnotationText xml:lang="fr">350</common:AnnotationText>
                        </common:Annotation>
                    </common:Annotations>
                    <common:Name xml:lang="en">Ostrowiec Swietokrzyski</common:Name>
                    <common:Name xml:lang="fr">Ostrowiec Swietokrzyski</common:Name>
                    <structure:Parent>
                        <Ref id="POL"/>
                    </structure:Parent>
                </structure:Code>
                <structure:Code id="PL037">
                    <common:Annotations>
                        <common:Annotation>
                            <common:AnnotationType>ORDER</common:AnnotationType>
                            <common:AnnotationText xml:lang="en">360</common:AnnotationText>
                            <common:AnnotationText xml:lang="fr">360</common:AnnotationText>
                        </common:Annotation>
                    </common:Annotations>
                    <common:Name xml:lang="en">Gniezno</common:Name>
                    <common:Name xml:lang="fr">Gniezno</common:Name>
                    <structure:Parent>
                        <Ref id="POL"/>
                    </structure:Parent>
                </structure:Code>
                <structure:Code id="PL038">
                    <common:Annotations>
                        <common:Annotation>
                            <common:AnnotationType>ORDER</common:AnnotationType>
                            <common:AnnotationText xml:lang="en">370</common:AnnotationText>
                            <common:AnnotationText xml:lang="fr">370</common:AnnotationText>
                        </common:Annotation>
                    </common:Annotations>
                    <common:Name xml:lang="en">Stargard Szczecinski</common:Name>
                    <common:Name xml:lang="fr">Stargard Szczecinski</common:Name>
                    <structure:Parent>
                        <Ref id="POL"/>
                    </structure:Parent>
                </structure:Code>
                <structure:Code id="PL039">
                    <common:Annotations>
                        <common:Annotation>
                            <common:AnnotationType>ORDER</common:AnnotationType>
                            <common:AnnotationText xml:lang="en">380</common:AnnotationText>
                            <common:AnnotationText xml:lang="fr">380</common:AnnotationText>
                        </common:Annotation>
                    </common:Annotations>
                    <common:Name xml:lang="en">Ostrow Wielkopolski</common:Name>
                    <common:Name xml:lang="fr">Ostrow Wielkopolski</common:Name>
                    <structure:Parent>
                        <Ref id="POL"/>
                    </structure:Parent>
                </structure:Code>
                <structure:Code id="PL040">
                    <common:Annotations>
                        <common:Annotation>
                            <common:AnnotationType>ORDER</common:AnnotationType>
                            <common:AnnotationText xml:lang="en">390</common:AnnotationText>
                            <common:AnnotationText xml:lang="fr">390</common:AnnotationText>
                        </common:Annotation>
                    </common:Annotations>
                    <common:Name xml:lang="en">Przemysl</common:Name>
                    <common:Name xml:lang="fr">Przemysl</common:Name>
                    <structure:Parent>
                        <Ref id="POL"/>
                    </structure:Parent>
                </structure:Code>
                <structure:Code id="PL041">
                    <common:Annotations>
                        <common:Annotation>
                            <common:AnnotationType>ORDER</common:AnnotationType>
                            <common:AnnotationText xml:lang="en">400</common:AnnotationText>
                            <common:AnnotationText xml:lang="fr">400</common:AnnotationText>
                        </common:Annotation>
                    </common:Annotations>
                    <common:Name xml:lang="en">Zamosc</common:Name>
                    <common:Name xml:lang="fr">Zamosc</common:Name>
                    <structure:Parent>
                        <Ref id="POL"/>
                    </structure:Parent>
                </structure:Code>
                <structure:Code id="PL042">
                    <common:Annotations>
                        <common:Annotation>
                            <common:AnnotationType>ORDER</common:AnnotationType>
                            <common:AnnotationText xml:lang="en">410</common:AnnotationText>
                            <common:AnnotationText xml:lang="fr">410</common:AnnotationText>
                        </common:Annotation>
                    </common:Annotations>
                    <common:Name xml:lang="en">Chelm</common:Name>
                    <common:Name xml:lang="fr">Chelm</common:Name>
                    <structure:Parent>
                        <Ref id="POL"/>
                    </structure:Parent>
                </structure:Code>
                <structure:Code id="PL043">
                    <common:Annotations>
                        <common:Annotation>
                            <common:AnnotationType>ORDER</common:AnnotationType>
                            <common:AnnotationText xml:lang="en">420</common:AnnotationText>
                            <common:AnnotationText xml:lang="fr">420</common:AnnotationText>
                        </common:Annotation>
                    </common:Annotations>
                    <common:Name xml:lang="en">Pabianice</common:Name>
                    <common:Name xml:lang="fr">Pabianice</common:Name>
                    <structure:Parent>
                        <Ref id="POL"/>
                    </structure:Parent>
                </structure:Code>
                <structure:Code id="PL044">
                    <common:Annotations>
                        <common:Annotation>
                            <common:AnnotationType>ORDER</common:AnnotationType>
                            <common:AnnotationText xml:lang="en">430</common:AnnotationText>
                            <common:AnnotationText xml:lang="fr">430</common:AnnotationText>
                        </common:Annotation>
                    </common:Annotations>
                    <common:Name xml:lang="en">Glogow</common:Name>
                    <common:Name xml:lang="fr">Glogow</common:Name>
                    <structure:Parent>
                        <Ref id="POL"/>
                    </structure:Parent>
                </structure:Code>
                <structure:Code id="PL045">
                    <common:Annotations>
                        <common:Annotation>
                            <common:AnnotationType>ORDER</common:AnnotationType>
                            <common:AnnotationText xml:lang="en">440</common:AnnotationText>
                            <common:AnnotationText xml:lang="fr">440</common:AnnotationText>
                        </common:Annotation>
                    </common:Annotations>
                    <common:Name xml:lang="en">Stalowa Wola</common:Name>
                    <common:Name xml:lang="fr">Stalowa Wola</common:Name>
                    <structure:Parent>
                        <Ref id="POL"/>
                    </structure:Parent>
                </structure:Code>
                <structure:Code id="PL046">
                    <common:Annotations>
                        <common:Annotation>
                            <common:AnnotationType>ORDER</common:AnnotationType>
                            <common:AnnotationText xml:lang="en">450</common:AnnotationText>
                            <common:AnnotationText xml:lang="fr">450</common:AnnotationText>
                        </common:Annotation>
                    </common:Annotations>
                    <common:Name xml:lang="en">Tomaszow Mazowiecki</common:Name>
                    <common:Name xml:lang="fr">Tomaszow Mazowiecki</common:Name>
                    <structure:Parent>
                        <Ref id="POL"/>
                    </structure:Parent>
                </structure:Code>
                <structure:Code id="PL047">
                    <common:Annotations>
                        <common:Annotation>
                            <common:AnnotationType>ORDER</common:AnnotationType>
                            <common:AnnotationText xml:lang="en">460</common:AnnotationText>
                            <common:AnnotationText xml:lang="fr">460</common:AnnotationText>
                        </common:Annotation>
                    </common:Annotations>
                    <common:Name xml:lang="en">Lomza</common:Name>
                    <common:Name xml:lang="fr">Lomza</common:Name>
                    <structure:Parent>
                        <Ref id="POL"/>
                    </structure:Parent>
                </structure:Code>
                <structure:Code id="PL048">
                    <common:Annotations>
                        <common:Annotation>
                            <common:AnnotationType>ORDER</common:AnnotationType>
                            <common:AnnotationText xml:lang="en">470</common:AnnotationText>
                            <common:AnnotationText xml:lang="fr">470</common:AnnotationText>
                        </common:Annotation>
                    </common:Annotations>
                    <common:Name xml:lang="en">Leszno</common:Name>
                    <common:Name xml:lang="fr">Leszno</common:Name>
                    <structure:Parent>
                        <Ref id="POL"/>
                    </structure:Parent>
                </structure:Code>
                <structure:Code id="PL049">
                    <common:Annotations>
                        <common:Annotation>
                            <common:AnnotationType>ORDER</common:AnnotationType>
                            <common:AnnotationText xml:lang="en">480</common:AnnotationText>
                            <common:AnnotationText xml:lang="fr">480</common:AnnotationText>
                        </common:Annotation>
                    </common:Annotations>
                    <common:Name xml:lang="en">Swidnica</common:Name>
                    <common:Name xml:lang="fr">Swidnica</common:Name>
                    <structure:Parent>
                        <Ref id="POL"/>
                    </structure:Parent>
                </structure:Code>
                <structure:Code id="PL051">
                    <common:Annotations>
                        <common:Annotation>
                            <common:AnnotationType>ORDER</common:AnnotationType>
                            <common:AnnotationText xml:lang="en">490</common:AnnotationText>
                            <common:AnnotationText xml:lang="fr">490</common:AnnotationText>
                        </common:Annotation>
                    </common:Annotations>
                    <common:Name xml:lang="en">Tczew</common:Name>
                    <common:Name xml:lang="fr">Tczew</common:Name>
                    <structure:Parent>
                        <Ref id="POL"/>
                    </structure:Parent>
                </structure:Code>
                <structure:Code id="PL052">
                    <common:Annotations>
                        <common:Annotation>
                            <common:AnnotationType>ORDER</common:AnnotationType>
                            <common:AnnotationText xml:lang="en">500</common:AnnotationText>
                            <common:AnnotationText xml:lang="fr">500</common:AnnotationText>
                        </common:Annotation>
                    </common:Annotations>
                    <common:Name xml:lang="en">Elk</common:Name>
                    <common:Name xml:lang="fr">Elk</common:Name>
                    <structure:Parent>
                        <Ref id="POL"/>
                    </structure:Parent>
                </structure:Code>
                <structure:Code id="PL506">
                    <common:Annotations>
                        <common:Annotation>
                            <common:AnnotationType>ORDER</common:AnnotationType>
                            <common:AnnotationText xml:lang="en">510</common:AnnotationText>
                            <common:AnnotationText xml:lang="fr">510</common:AnnotationText>
                        </common:Annotation>
                    </common:Annotations>
                    <common:Name xml:lang="en">Bielsko-Biala</common:Name>
                    <common:Name xml:lang="fr">Bielsko-Biala</common:Name>
                    <structure:Parent>
                        <Ref id="POL"/>
                    </structure:Parent>
                </structure:Code>
                <structure:Code id="PL508">
                    <common:Annotations>
                        <common:Annotation>
                            <common:AnnotationType>ORDER</common:AnnotationType>
                            <common:AnnotationText xml:lang="en">520</common:AnnotationText>
                            <common:AnnotationText xml:lang="fr">520</common:AnnotationText>
                        </common:Annotation>
                    </common:Annotations>
                    <common:Name xml:lang="en">Rybnik</common:Name>
                    <common:Name xml:lang="fr">Rybnik</common:Name>
                    <structure:Parent>
                        <Ref id="POL"/>
                    </structure:Parent>
                </structure:Code>
                <structure:Code id="PL511">
                    <common:Annotations>
                        <common:Annotation>
                            <common:AnnotationType>ORDER</common:AnnotationType>
                            <common:AnnotationText xml:lang="en">530</common:AnnotationText>
                            <common:AnnotationText xml:lang="fr">530</common:AnnotationText>
                        </common:Annotation>
                    </common:Annotations>
                    <common:Name xml:lang="en">Walbrzych</common:Name>
                    <common:Name xml:lang="fr">Walbrzych</common:Name>
                    <structure:Parent>
                        <Ref id="POL"/>
                    </structure:Parent>
                </structure:Code>
                <structure:Code id="PL512">
                    <common:Annotations>
                        <common:Annotation>
                            <common:AnnotationType>ORDER</common:AnnotationType>
                            <common:AnnotationText xml:lang="en">540</common:AnnotationText>
                            <common:AnnotationText xml:lang="fr">540</common:AnnotationText>
                        </common:Annotation>
                    </common:Annotations>
                    <common:Name xml:lang="en">Elblag</common:Name>
                    <common:Name xml:lang="fr">Elblag</common:Name>
                    <structure:Parent>
                        <Ref id="POL"/>
                    </structure:Parent>
                </structure:Code>
                <structure:Code id="PL513">
                    <common:Annotations>
                        <common:Annotation>
                            <common:AnnotationType>ORDER</common:AnnotationType>
                            <common:AnnotationText xml:lang="en">550</common:AnnotationText>
                            <common:AnnotationText xml:lang="fr">550</common:AnnotationText>
                        </common:Annotation>
                    </common:Annotations>
                    <common:Name xml:lang="en">Wloclawek</common:Name>
                    <common:Name xml:lang="fr">Wloclawek</common:Name>
                    <structure:Parent>
                        <Ref id="POL"/>
                    </structure:Parent>
                </structure:Code>
                <structure:Code id="PL514">
                    <common:Annotations>
                        <common:Annotation>
                            <common:AnnotationType>ORDER</common:AnnotationType>
                            <common:AnnotationText xml:lang="en">560</common:AnnotationText>
                            <common:AnnotationText xml:lang="fr">560</common:AnnotationText>
                        </common:Annotation>
                    </common:Annotations>
                    <common:Name xml:lang="en">Tarnow</common:Name>
                    <common:Name xml:lang="fr">Tarnow</common:Name>
                    <structure:Parent>
                        <Ref id="POL"/>
                    </structure:Parent>
                </structure:Code>
                <structure:Code id="PL516">
                    <common:Annotations>
                        <common:Annotation>
                            <common:AnnotationType>ORDER</common:AnnotationType>
                            <common:AnnotationText xml:lang="en">570</common:AnnotationText>
                            <common:AnnotationText xml:lang="fr">570</common:AnnotationText>
                        </common:Annotation>
                    </common:Annotations>
                    <common:Name xml:lang="en">Legnica</common:Name>
                    <common:Name xml:lang="fr">Legnica</common:Name>
                    <structure:Parent>
                        <Ref id="POL"/>
                    </structure:Parent>
                </structure:Code>
                <structure:Code id="PL517">
                    <common:Annotations>
                        <common:Annotation>
                            <common:AnnotationType>ORDER</common:AnnotationType>
                            <common:AnnotationText xml:lang="en">580</common:AnnotationText>
                            <common:AnnotationText xml:lang="fr">580</common:AnnotationText>
                        </common:Annotation>
                    </common:Annotations>
                    <common:Name xml:lang="en">Grudziadz</common:Name>
                    <common:Name xml:lang="fr">Grudziadz</common:Name>
                    <structure:Parent>
                        <Ref id="POL"/>
                    </structure:Parent>
                </structure:Code>
                <structure:Code id="PRT">
                    <common:Annotations>
                        <common:Annotation>
                            <common:AnnotationType>ORDER</common:AnnotationType>
                            <common:AnnotationText xml:lang="en">390</common:AnnotationText>
                            <common:AnnotationText xml:lang="fr">390</common:AnnotationText>
                        </common:Annotation>
                    </common:Annotations>
                    <common:Name xml:lang="en">Portugal</common:Name>
                    <common:Name xml:lang="fr">Portugal</common:Name>
                </structure:Code>
                <structure:Code id="PT001">
                    <common:Annotations>
                        <common:Annotation>
                            <common:AnnotationType>ORDER</common:AnnotationType>
                            <common:AnnotationText xml:lang="en">10</common:AnnotationText>
                            <common:AnnotationText xml:lang="fr">10</common:AnnotationText>
                        </common:Annotation>
                    </common:Annotations>
                    <common:Name xml:lang="en">Lisbon</common:Name>
                    <common:Name xml:lang="fr">Lisbon</common:Name>
                    <structure:Parent>
                        <Ref id="PRT"/>
                    </structure:Parent>
                </structure:Code>
                <structure:Code id="PT002">
                    <common:Annotations>
                        <common:Annotation>
                            <common:AnnotationType>ORDER</common:AnnotationType>
                            <common:AnnotationText xml:lang="en">20</common:AnnotationText>
                            <common:AnnotationText xml:lang="fr">20</common:AnnotationText>
                        </common:Annotation>
                    </common:Annotations>
                    <common:Name xml:lang="en">Porto</common:Name>
                    <common:Name xml:lang="fr">Porto</common:Name>
                    <structure:Parent>
                        <Ref id="PRT"/>
                    </structure:Parent>
                </structure:Code>
                <structure:Code id="PT003">
                    <common:Annotations>
                        <common:Annotation>
                            <common:AnnotationType>ORDER</common:AnnotationType>
                            <common:AnnotationText xml:lang="en">30</common:AnnotationText>
                            <common:AnnotationText xml:lang="fr">30</common:AnnotationText>
                        </common:Annotation>
                    </common:Annotations>
                    <common:Name xml:lang="en">Braga</common:Name>
                    <common:Name xml:lang="fr">Braga</common:Name>
                    <structure:Parent>
                        <Ref id="PRT"/>
                    </structure:Parent>
                </structure:Code>
                <structure:Code id="PT005">
                    <common:Annotations>
                        <common:Annotation>
                            <common:AnnotationType>ORDER</common:AnnotationType>
                            <common:AnnotationText xml:lang="en">40</common:AnnotationText>
                            <common:AnnotationText xml:lang="fr">40</common:AnnotationText>
                        </common:Annotation>
                    </common:Annotations>
                    <common:Name xml:lang="en">Coimbra</common:Name>
                    <common:Name xml:lang="fr">Coimbra</common:Name>
                    <structure:Parent>
                        <Ref id="PRT"/>
                    </structure:Parent>
                </structure:Code>
                <structure:Code id="PT008">
                    <common:Annotations>
                        <common:Annotation>
                            <common:AnnotationType>ORDER</common:AnnotationType>
                            <common:AnnotationText xml:lang="en">50</common:AnnotationText>
                            <common:AnnotationText xml:lang="fr">50</common:AnnotationText>
                        </common:Annotation>
                    </common:Annotations>
                    <common:Name xml:lang="en">Aveiro</common:Name>
                    <common:Name xml:lang="fr">Aveiro</common:Name>
                    <structure:Parent>
                        <Ref id="PRT"/>
                    </structure:Parent>
                </structure:Code>
                <structure:Code id="PT009">
                    <common:Annotations>
                        <common:Annotation>
                            <common:AnnotationType>ORDER</common:AnnotationType>
                            <common:AnnotationText xml:lang="en">60</common:AnnotationText>
                            <common:AnnotationText xml:lang="fr">60</common:AnnotationText>
                        </common:Annotation>
                    </common:Annotations>
                    <common:Name xml:lang="en">Faro</common:Name>
                    <common:Name xml:lang="fr">Faro</common:Name>
                    <structure:Parent>
                        <Ref id="PRT"/>
                    </structure:Parent>
                </structure:Code>
                <structure:Code id="PT014">
                    <common:Annotations>
                        <common:Annotation>
                            <common:AnnotationType>ORDER</common:AnnotationType>
                            <common:AnnotationText xml:lang="en">70</common:AnnotationText>
                            <common:AnnotationText xml:lang="fr">70</common:AnnotationText>
                        </common:Annotation>
                    </common:Annotations>
                    <common:Name xml:lang="en">Viseu</common:Name>
                    <common:Name xml:lang="fr">Viseu</common:Name>
                    <structure:Parent>
                        <Ref id="PRT"/>
                    </structure:Parent>
                </structure:Code>
                <structure:Code id="PT016">
                    <common:Annotations>
                        <common:Annotation>
                            <common:AnnotationType>ORDER</common:AnnotationType>
                            <common:AnnotationText xml:lang="en">80</common:AnnotationText>
                            <common:AnnotationText xml:lang="fr">80</common:AnnotationText>
                        </common:Annotation>
                    </common:Annotations>
                    <common:Name xml:lang="en">Viana do Castelo</common:Name>
                    <common:Name xml:lang="fr">Viana do Castelo</common:Name>
                    <structure:Parent>
                        <Ref id="PRT"/>
                    </structure:Parent>
                </structure:Code>
                <structure:Code id="PT019">
                    <common:Annotations>
                        <common:Annotation>
                            <common:AnnotationType>ORDER</common:AnnotationType>
                            <common:AnnotationText xml:lang="en">90</common:AnnotationText>
                            <common:AnnotationText xml:lang="fr">90</common:AnnotationText>
                        </common:Annotation>
                    </common:Annotations>
                    <common:Name xml:lang="en">Povoa de Varzim</common:Name>
                    <common:Name xml:lang="fr">Povoa de Varzim</common:Name>
                    <structure:Parent>
                        <Ref id="PRT"/>
                    </structure:Parent>
                </structure:Code>
                <structure:Code id="PT505">
                    <common:Annotations>
                        <common:Annotation>
                            <common:AnnotationType>ORDER</common:AnnotationType>
                            <common:AnnotationText xml:lang="en">100</common:AnnotationText>
                            <common:AnnotationText xml:lang="fr">100</common:AnnotationText>
                        </common:Annotation>
                    </common:Annotations>
                    <common:Name xml:lang="en">Guimaraes</common:Name>
                    <common:Name xml:lang="fr">Guimaraes</common:Name>
                    <structure:Parent>
                        <Ref id="PRT"/>
                    </structure:Parent>
                </structure:Code>
                <structure:Code id="PT508">
                    <common:Annotations>
                        <common:Annotation>
                            <common:AnnotationType>ORDER</common:AnnotationType>
                            <common:AnnotationText xml:lang="en">110</common:AnnotationText>
                            <common:AnnotationText xml:lang="fr">110</common:AnnotationText>
                        </common:Annotation>
                    </common:Annotations>
                    <common:Name xml:lang="en">Vila Franca de Xira</common:Name>
                    <common:Name xml:lang="fr">Vila Franca de Xira</common:Name>
                    <structure:Parent>
                        <Ref id="PRT"/>
                    </structure:Parent>
                </structure:Code>
                <structure:Code id="SVK">
                    <common:Annotations>
                        <common:Annotation>
                            <common:AnnotationType>ORDER</common:AnnotationType>
                            <common:AnnotationText xml:lang="en">400</common:AnnotationText>
                            <common:AnnotationText xml:lang="fr">400</common:AnnotationText>
                        </common:Annotation>
                    </common:Annotations>
                    <common:Name xml:lang="en">Slovak Republic</common:Name>
                    <common:Name xml:lang="fr">République slovaque</common:Name>
                </structure:Code>
                <structure:Code id="SK001">
                    <common:Annotations>
                        <common:Annotation>
                            <common:AnnotationType>ORDER</common:AnnotationType>
                            <common:AnnotationText xml:lang="en">10</common:AnnotationText>
                            <common:AnnotationText xml:lang="fr">10</common:AnnotationText>
                        </common:Annotation>
                    </common:Annotations>
                    <common:Name xml:lang="en">Bratislava</common:Name>
                    <common:Name xml:lang="fr">Bratislava</common:Name>
                    <structure:Parent>
                        <Ref id="SVK"/>
                    </structure:Parent>
                </structure:Code>
                <structure:Code id="SK002">
                    <common:Annotations>
                        <common:Annotation>
                            <common:AnnotationType>ORDER</common:AnnotationType>
                            <common:AnnotationText xml:lang="en">20</common:AnnotationText>
                            <common:AnnotationText xml:lang="fr">20</common:AnnotationText>
                        </common:Annotation>
                    </common:Annotations>
                    <common:Name xml:lang="en">Kosice</common:Name>
                    <common:Name xml:lang="fr">Kosice</common:Name>
                    <structure:Parent>
                        <Ref id="SVK"/>
                    </structure:Parent>
                </structure:Code>
                <structure:Code id="SK003">
                    <common:Annotations>
                        <common:Annotation>
                            <common:AnnotationType>ORDER</common:AnnotationType>
                            <common:AnnotationText xml:lang="en">30</common:AnnotationText>
                            <common:AnnotationText xml:lang="fr">30</common:AnnotationText>
                        </common:Annotation>
                    </common:Annotations>
                    <common:Name xml:lang="en">Banska Bystrica</common:Name>
                    <common:Name xml:lang="fr">Banska Bystrica</common:Name>
                    <structure:Parent>
                        <Ref id="SVK"/>
                    </structure:Parent>
                </structure:Code>
                <structure:Code id="SK004">
                    <common:Annotations>
                        <common:Annotation>
                            <common:AnnotationType>ORDER</common:AnnotationType>
                            <common:AnnotationText xml:lang="en">40</common:AnnotationText>
                            <common:AnnotationText xml:lang="fr">40</common:AnnotationText>
                        </common:Annotation>
                    </common:Annotations>
                    <common:Name xml:lang="en">Nitra</common:Name>
                    <common:Name xml:lang="fr">Nitra</common:Name>
                    <structure:Parent>
                        <Ref id="SVK"/>
                    </structure:Parent>
                </structure:Code>
                <structure:Code id="SK005">
                    <common:Annotations>
                        <common:Annotation>
                            <common:AnnotationType>ORDER</common:AnnotationType>
                            <common:AnnotationText xml:lang="en">50</common:AnnotationText>
                            <common:AnnotationText xml:lang="fr">50</common:AnnotationText>
                        </common:Annotation>
                    </common:Annotations>
                    <common:Name xml:lang="en">Presov</common:Name>
                    <common:Name xml:lang="fr">Presov</common:Name>
                    <structure:Parent>
                        <Ref id="SVK"/>
                    </structure:Parent>
                </structure:Code>
                <structure:Code id="SK006">
                    <common:Annotations>
                        <common:Annotation>
                            <common:AnnotationType>ORDER</common:AnnotationType>
                            <common:AnnotationText xml:lang="en">60</common:AnnotationText>
                            <common:AnnotationText xml:lang="fr">60</common:AnnotationText>
                        </common:Annotation>
                    </common:Annotations>
                    <common:Name xml:lang="en">Zilina</common:Name>
                    <common:Name xml:lang="fr">Zilina</common:Name>
                    <structure:Parent>
                        <Ref id="SVK"/>
                    </structure:Parent>
                </structure:Code>
                <structure:Code id="SK007">
                    <common:Annotations>
                        <common:Annotation>
                            <common:AnnotationType>ORDER</common:AnnotationType>
                            <common:AnnotationText xml:lang="en">70</common:AnnotationText>
                            <common:AnnotationText xml:lang="fr">70</common:AnnotationText>
                        </common:Annotation>
                    </common:Annotations>
                    <common:Name xml:lang="en">Trnava</common:Name>
                    <common:Name xml:lang="fr">Trnava</common:Name>
                    <structure:Parent>
                        <Ref id="SVK"/>
                    </structure:Parent>
                </structure:Code>
                <structure:Code id="SK008">
                    <common:Annotations>
                        <common:Annotation>
                            <common:AnnotationType>ORDER</common:AnnotationType>
                            <common:AnnotationText xml:lang="en">80</common:AnnotationText>
                            <common:AnnotationText xml:lang="fr">80</common:AnnotationText>
                        </common:Annotation>
                    </common:Annotations>
                    <common:Name xml:lang="en">Trencin</common:Name>
                    <common:Name xml:lang="fr">Trencin</common:Name>
                    <structure:Parent>
                        <Ref id="SVK"/>
                    </structure:Parent>
                </structure:Code>
                <structure:Code id="SVN">
                    <common:Annotations>
                        <common:Annotation>
                            <common:AnnotationType>ORDER</common:AnnotationType>
                            <common:AnnotationText xml:lang="en">410</common:AnnotationText>
                            <common:AnnotationText xml:lang="fr">410</common:AnnotationText>
                        </common:Annotation>
                    </common:Annotations>
                    <common:Name xml:lang="en">Slovenia</common:Name>
                    <common:Name xml:lang="fr">Slovénie</common:Name>
                </structure:Code>
                <structure:Code id="SI001">
                    <common:Annotations>
                        <common:Annotation>
                            <common:AnnotationType>ORDER</common:AnnotationType>
                            <common:AnnotationText xml:lang="en">10</common:AnnotationText>
                            <common:AnnotationText xml:lang="fr">10</common:AnnotationText>
                        </common:Annotation>
                    </common:Annotations>
                    <common:Name xml:lang="en">Ljubljana</common:Name>
                    <common:Name xml:lang="fr">Ljubljana</common:Name>
                    <structure:Parent>
                        <Ref id="SVN"/>
                    </structure:Parent>
                </structure:Code>
                <structure:Code id="SI002">
                    <common:Annotations>
                        <common:Annotation>
                            <common:AnnotationType>ORDER</common:AnnotationType>
                            <common:AnnotationText xml:lang="en">20</common:AnnotationText>
                            <common:AnnotationText xml:lang="fr">2</common:AnnotationText>
                        </common:Annotation>
                    </common:Annotations>
                    <common:Name xml:lang="en">Maribor</common:Name>
                    <common:Name xml:lang="fr">Maribor</common:Name>
                    <structure:Parent>
                        <Ref id="SVN"/>
                    </structure:Parent>
                </structure:Code>
                <structure:Code id="ESP">
                    <common:Annotations>
                        <common:Annotation>
                            <common:AnnotationType>ORDER</common:AnnotationType>
                            <common:AnnotationText xml:lang="en">420</common:AnnotationText>
                            <common:AnnotationText xml:lang="fr">420</common:AnnotationText>
                        </common:Annotation>
                    </common:Annotations>
                    <common:Name xml:lang="en">Spain</common:Name>
                    <common:Name xml:lang="fr">Espagne</common:Name>
                </structure:Code>
                <structure:Code id="ES001">
                    <common:Annotations>
                        <common:Annotation>
                            <common:AnnotationType>ORDER</common:AnnotationType>
                            <common:AnnotationText xml:lang="en">10</common:AnnotationText>
                            <common:AnnotationText xml:lang="fr">10</common:AnnotationText>
                        </common:Annotation>
                    </common:Annotations>
                    <common:Name xml:lang="en">Madrid</common:Name>
                    <common:Name xml:lang="fr">Madrid</common:Name>
                    <structure:Parent>
                        <Ref id="ESP"/>
                    </structure:Parent>
                </structure:Code>
                <structure:Code id="ES002">
                    <common:Annotations>
                        <common:Annotation>
                            <common:AnnotationType>ORDER</common:AnnotationType>
                            <common:AnnotationText xml:lang="en">20</common:AnnotationText>
                            <common:AnnotationText xml:lang="fr">20</common:AnnotationText>
                        </common:Annotation>
                    </common:Annotations>
                    <common:Name xml:lang="en">Barcelona</common:Name>
                    <common:Name xml:lang="fr">Barcelona</common:Name>
                    <structure:Parent>
                        <Ref id="ESP"/>
                    </structure:Parent>
                </structure:Code>
                <structure:Code id="ES003">
                    <common:Annotations>
                        <common:Annotation>
                            <common:AnnotationType>ORDER</common:AnnotationType>
                            <common:AnnotationText xml:lang="en">30</common:AnnotationText>
                            <common:AnnotationText xml:lang="fr">30</common:AnnotationText>
                        </common:Annotation>
                    </common:Annotations>
                    <common:Name xml:lang="en">Valencia</common:Name>
                    <common:Name xml:lang="fr">Valencia</common:Name>
                    <structure:Parent>
                        <Ref id="ESP"/>
                    </structure:Parent>
                </structure:Code>
                <structure:Code id="ES004">
                    <common:Annotations>
                        <common:Annotation>
                            <common:AnnotationType>ORDER</common:AnnotationType>
                            <common:AnnotationText xml:lang="en">40</common:AnnotationText>
                            <common:AnnotationText xml:lang="fr">40</common:AnnotationText>
                        </common:Annotation>
                    </common:Annotations>
                    <common:Name xml:lang="en">Seville</common:Name>
                    <common:Name xml:lang="fr">Seville</common:Name>
                    <structure:Parent>
                        <Ref id="ESP"/>
                    </structure:Parent>
                </structure:Code>
                <structure:Code id="ES005">
                    <common:Annotations>
                        <common:Annotation>
                            <common:AnnotationType>ORDER</common:AnnotationType>
                            <common:AnnotationText xml:lang="en">50</common:AnnotationText>
                            <common:AnnotationText xml:lang="fr">50</common:AnnotationText>
                        </common:Annotation>
                    </common:Annotations>
                    <common:Name xml:lang="en">Saragossa</common:Name>
                    <common:Name xml:lang="fr">Saragossa</common:Name>
                    <structure:Parent>
                        <Ref id="ESP"/>
                    </structure:Parent>
                </structure:Code>
                <structure:Code id="ES006">
                    <common:Annotations>
                        <common:Annotation>
                            <common:AnnotationType>ORDER</common:AnnotationType>
                            <common:AnnotationText xml:lang="en">60</common:AnnotationText>
                            <common:AnnotationText xml:lang="fr">60</common:AnnotationText>
                        </common:Annotation>
                    </common:Annotations>
                    <common:Name xml:lang="en">Malaga</common:Name>
                    <common:Name xml:lang="fr">Malaga</common:Name>
                    <structure:Parent>
                        <Ref id="ESP"/>
                    </structure:Parent>
                </structure:Code>
                <structure:Code id="ES007">
                    <common:Annotations>
                        <common:Annotation>
                            <common:AnnotationType>ORDER</common:AnnotationType>
                            <common:AnnotationText xml:lang="en">70</common:AnnotationText>
                            <common:AnnotationText xml:lang="fr">70</common:AnnotationText>
                        </common:Annotation>
                    </common:Annotations>
                    <common:Name xml:lang="en">Murcia</common:Name>
                    <common:Name xml:lang="fr">Murcia</common:Name>
                    <structure:Parent>
                        <Ref id="ESP"/>
                    </structure:Parent>
                </structure:Code>
                <structure:Code id="ES008">
                    <common:Annotations>
                        <common:Annotation>
                            <common:AnnotationType>ORDER</common:AnnotationType>
                            <common:AnnotationText xml:lang="en">80</common:AnnotationText>
                            <common:AnnotationText xml:lang="fr">80</common:AnnotationText>
                        </common:Annotation>
                    </common:Annotations>
                    <common:Name xml:lang="en">Las Palmas</common:Name>
                    <common:Name xml:lang="fr">Las Palmas</common:Name>
                    <structure:Parent>
                        <Ref id="ESP"/>
                    </structure:Parent>
                </structure:Code>
                <structure:Code id="ES009">
                    <common:Annotations>
                        <common:Annotation>
                            <common:AnnotationType>ORDER</common:AnnotationType>
                            <common:AnnotationText xml:lang="en">90</common:AnnotationText>
                            <common:AnnotationText xml:lang="fr">90</common:AnnotationText>
                        </common:Annotation>
                    </common:Annotations>
                    <common:Name xml:lang="en">Valladolid</common:Name>
                    <common:Name xml:lang="fr">Valladolid</common:Name>
                    <structure:Parent>
                        <Ref id="ESP"/>
                    </structure:Parent>
                </structure:Code>
                <structure:Code id="ES010">
                    <common:Annotations>
                        <common:Annotation>
                            <common:AnnotationType>ORDER</common:AnnotationType>
                            <common:AnnotationText xml:lang="en">100</common:AnnotationText>
                            <common:AnnotationText xml:lang="fr">100</common:AnnotationText>
                        </common:Annotation>
                    </common:Annotations>
                    <common:Name xml:lang="en">Palma de Mallorca</common:Name>
                    <common:Name xml:lang="fr">Palma de Mallorca</common:Name>
                    <structure:Parent>
                        <Ref id="ESP"/>
                    </structure:Parent>
                </structure:Code>
                <structure:Code id="ES011">
                    <common:Annotations>
                        <common:Annotation>
                            <common:AnnotationType>ORDER</common:AnnotationType>
                            <common:AnnotationText xml:lang="en">110</common:AnnotationText>
                            <common:AnnotationText xml:lang="fr">110</common:AnnotationText>
                        </common:Annotation>
                    </common:Annotations>
                    <common:Name xml:lang="en">Santiago de Compostela</common:Name>
                    <common:Name xml:lang="fr">Santiago de Compostela</common:Name>
                    <structure:Parent>
                        <Ref id="ESP"/>
                    </structure:Parent>
                </structure:Code>
                <structure:Code id="ES012">
                    <common:Annotations>
                        <common:Annotation>
                            <common:AnnotationType>ORDER</common:AnnotationType>
                            <common:AnnotationText xml:lang="en">120</common:AnnotationText>
                            <common:AnnotationText xml:lang="fr">120</common:AnnotationText>
                        </common:Annotation>
                    </common:Annotations>
                    <common:Name xml:lang="en">Vitoria</common:Name>
                    <common:Name xml:lang="fr">Vitoria</common:Name>
                    <structure:Parent>
                        <Ref id="ESP"/>
                    </structure:Parent>
                </structure:Code>
                <structure:Code id="ES013">
                    <common:Annotations>
                        <common:Annotation>
                            <common:AnnotationType>ORDER</common:AnnotationType>
                            <common:AnnotationText xml:lang="en">130</common:AnnotationText>
                            <common:AnnotationText xml:lang="fr">130</common:AnnotationText>
                        </common:Annotation>
                    </common:Annotations>
                    <common:Name xml:lang="en">Oviedo</common:Name>
                    <common:Name xml:lang="fr">Oviedo</common:Name>
                    <structure:Parent>
                        <Ref id="ESP"/>
                    </structure:Parent>
                </structure:Code>
                <structure:Code id="ES014">
                    <common:Annotations>
                        <common:Annotation>
                            <common:AnnotationType>ORDER</common:AnnotationType>
                            <common:AnnotationText xml:lang="en">140</common:AnnotationText>
                            <common:AnnotationText xml:lang="fr">140</common:AnnotationText>
                        </common:Annotation>
                    </common:Annotations>
                    <common:Name xml:lang="en">Pamplona</common:Name>
                    <common:Name xml:lang="fr">Pamplona</common:Name>
                    <structure:Parent>
                        <Ref id="ESP"/>
                    </structure:Parent>
                </structure:Code>
                <structure:Code id="ES015">
                    <common:Annotations>
                        <common:Annotation>
                            <common:AnnotationType>ORDER</common:AnnotationType>
                            <common:AnnotationText xml:lang="en">150</common:AnnotationText>
                            <common:AnnotationText xml:lang="fr">150</common:AnnotationText>
                        </common:Annotation>
                    </common:Annotations>
                    <common:Name xml:lang="en">Santander</common:Name>
                    <common:Name xml:lang="fr">Santander</common:Name>
                    <structure:Parent>
                        <Ref id="ESP"/>
                    </structure:Parent>
                </structure:Code>
                <structure:Code id="ES016">
                    <common:Annotations>
                        <common:Annotation>
                            <common:AnnotationType>ORDER</common:AnnotationType>
                            <common:AnnotationText xml:lang="en">160</common:AnnotationText>
                            <common:AnnotationText xml:lang="fr">160</common:AnnotationText>
                        </common:Annotation>
                    </common:Annotations>
                    <common:Name xml:lang="en">Toledo</common:Name>
                    <common:Name xml:lang="fr">Toledo</common:Name>
                    <structure:Parent>
                        <Ref id="ESP"/>
                    </structure:Parent>
                </structure:Code>
                <structure:Code id="ES017">
                    <common:Annotations>
                        <common:Annotation>
                            <common:AnnotationType>ORDER</common:AnnotationType>
                            <common:AnnotationText xml:lang="en">170</common:AnnotationText>
                            <common:AnnotationText xml:lang="fr">170</common:AnnotationText>
                        </common:Annotation>
                    </common:Annotations>
                    <common:Name xml:lang="en">Badajoz</common:Name>
                    <common:Name xml:lang="fr">Badajoz</common:Name>
                    <structure:Parent>
                        <Ref id="ESP"/>
                    </structure:Parent>
                </structure:Code>
                <structure:Code id="ES018">
                    <common:Annotations>
                        <common:Annotation>
                            <common:AnnotationType>ORDER</common:AnnotationType>
                            <common:AnnotationText xml:lang="en">180</common:AnnotationText>
                            <common:AnnotationText xml:lang="fr">180</common:AnnotationText>
                        </common:Annotation>
                    </common:Annotations>
                    <common:Name xml:lang="en">Logrono</common:Name>
                    <common:Name xml:lang="fr">Logrono</common:Name>
                    <structure:Parent>
                        <Ref id="ESP"/>
                    </structure:Parent>
                </structure:Code>
                <structure:Code id="ES019">
                    <common:Annotations>
                        <common:Annotation>
                            <common:AnnotationType>ORDER</common:AnnotationType>
                            <common:AnnotationText xml:lang="en">190</common:AnnotationText>
                            <common:AnnotationText xml:lang="fr">190</common:AnnotationText>
                        </common:Annotation>
                    </common:Annotations>
                    <common:Name xml:lang="en">Bilbao</common:Name>
                    <common:Name xml:lang="fr">Bilbao</common:Name>
                    <structure:Parent>
                        <Ref id="ESP"/>
                    </structure:Parent>
                </structure:Code>
                <structure:Code id="ES020">
                    <common:Annotations>
                        <common:Annotation>
                            <common:AnnotationType>ORDER</common:AnnotationType>
                            <common:AnnotationText xml:lang="en">200</common:AnnotationText>
                            <common:AnnotationText xml:lang="fr">200</common:AnnotationText>
                        </common:Annotation>
                    </common:Annotations>
                    <common:Name xml:lang="en">Cordoba</common:Name>
                    <common:Name xml:lang="fr">Cordoba</common:Name>
                    <structure:Parent>
                        <Ref id="ESP"/>
                    </structure:Parent>
                </structure:Code>
                <structure:Code id="ES021">
                    <common:Annotations>
                        <common:Annotation>
                            <common:AnnotationType>ORDER</common:AnnotationType>
                            <common:AnnotationText xml:lang="en">210</common:AnnotationText>
                            <common:AnnotationText xml:lang="fr">210</common:AnnotationText>
                        </common:Annotation>
                    </common:Annotations>
                    <common:Name xml:lang="en">Alicante</common:Name>
                    <common:Name xml:lang="fr">Alicante</common:Name>
                    <structure:Parent>
                        <Ref id="ESP"/>
                    </structure:Parent>
                </structure:Code>
                <structure:Code id="ES022">
                    <common:Annotations>
                        <common:Annotation>
                            <common:AnnotationType>ORDER</common:AnnotationType>
                            <common:AnnotationText xml:lang="en">220</common:AnnotationText>
                            <common:AnnotationText xml:lang="fr">220</common:AnnotationText>
                        </common:Annotation>
                    </common:Annotations>
                    <common:Name xml:lang="en">Vigo</common:Name>
                    <common:Name xml:lang="fr">Vigo</common:Name>
                    <structure:Parent>
                        <Ref id="ESP"/>
                    </structure:Parent>
                </structure:Code>
                <structure:Code id="ES023">
                    <common:Annotations>
                        <common:Annotation>
                            <common:AnnotationType>ORDER</common:AnnotationType>
                            <common:AnnotationText xml:lang="en">230</common:AnnotationText>
                            <common:AnnotationText xml:lang="fr">230</common:AnnotationText>
                        </common:Annotation>
                    </common:Annotations>
                    <common:Name xml:lang="en">Gijon</common:Name>
                    <common:Name xml:lang="fr">Gijon</common:Name>
                    <structure:Parent>
                        <Ref id="ESP"/>
                    </structure:Parent>
                </structure:Code>
                <structure:Code id="ES025">
                    <common:Annotations>
                        <common:Annotation>
                            <common:AnnotationType>ORDER</common:AnnotationType>
                            <common:AnnotationText xml:lang="en">240</common:AnnotationText>
                            <common:AnnotationText xml:lang="fr">240</common:AnnotationText>
                        </common:Annotation>
                    </common:Annotations>
                    <common:Name xml:lang="en">Santa Cruz de Tenerife</common:Name>
                    <common:Name xml:lang="fr">Santa Cruz de Tenerife</common:Name>
                    <structure:Parent>
                        <Ref id="ESP"/>
                    </structure:Parent>
                </structure:Code>
                <structure:Code id="ES026">
                    <common:Annotations>
                        <common:Annotation>
                            <common:AnnotationType>ORDER</common:AnnotationType>
                            <common:AnnotationText xml:lang="en">250</common:AnnotationText>
                            <common:AnnotationText xml:lang="fr">250</common:AnnotationText>
                        </common:Annotation>
                    </common:Annotations>
                    <common:Name xml:lang="en">Coruna (A)</common:Name>
                    <common:Name xml:lang="fr">Coruna (A)</common:Name>
                    <structure:Parent>
                        <Ref id="ESP"/>
                    </structure:Parent>
                </structure:Code>
                <structure:Code id="ES028">
                    <common:Annotations>
                        <common:Annotation>
                            <common:AnnotationType>ORDER</common:AnnotationType>
                            <common:AnnotationText xml:lang="en">260</common:AnnotationText>
                            <common:AnnotationText xml:lang="fr">260</common:AnnotationText>
                        </common:Annotation>
                    </common:Annotations>
                    <common:Name xml:lang="en">Reus</common:Name>
                    <common:Name xml:lang="fr">Reus</common:Name>
                    <structure:Parent>
                        <Ref id="ESP"/>
                    </structure:Parent>
                </structure:Code>
                <structure:Code id="ES031">
                    <common:Annotations>
                        <common:Annotation>
                            <common:AnnotationType>ORDER</common:AnnotationType>
                            <common:AnnotationText xml:lang="en">270</common:AnnotationText>
                            <common:AnnotationText xml:lang="fr">270</common:AnnotationText>
                        </common:Annotation>
                    </common:Annotations>
                    <common:Name xml:lang="en">Lugo</common:Name>
                    <common:Name xml:lang="fr">Lugo</common:Name>
                    <structure:Parent>
                        <Ref id="ESP"/>
                    </structure:Parent>
                </structure:Code>
                <structure:Code id="ES033">
                    <common:Annotations>
                        <common:Annotation>
                            <common:AnnotationType>ORDER</common:AnnotationType>
                            <common:AnnotationText xml:lang="en">280</common:AnnotationText>
                            <common:AnnotationText xml:lang="fr">280</common:AnnotationText>
                        </common:Annotation>
                    </common:Annotations>
                    <common:Name xml:lang="en">Girona</common:Name>
                    <common:Name xml:lang="fr">Girona</common:Name>
                    <structure:Parent>
                        <Ref id="ESP"/>
                    </structure:Parent>
                </structure:Code>
                <structure:Code id="ES034">
                    <common:Annotations>
                        <common:Annotation>
                            <common:AnnotationType>ORDER</common:AnnotationType>
                            <common:AnnotationText xml:lang="en">290</common:AnnotationText>
                            <common:AnnotationText xml:lang="fr">290</common:AnnotationText>
                        </common:Annotation>
                    </common:Annotations>
                    <common:Name xml:lang="en">Caceres</common:Name>
                    <common:Name xml:lang="fr">Caceres</common:Name>
                    <structure:Parent>
                        <Ref id="ESP"/>
                    </structure:Parent>
                </structure:Code>
                <structure:Code id="ES035">
                    <common:Annotations>
                        <common:Annotation>
                            <common:AnnotationType>ORDER</common:AnnotationType>
                            <common:AnnotationText xml:lang="en">300</common:AnnotationText>
                            <common:AnnotationText xml:lang="fr">300</common:AnnotationText>
                        </common:Annotation>
                    </common:Annotations>
                    <common:Name xml:lang="en">Torrevieja</common:Name>
                    <common:Name xml:lang="fr">Torrevieja</common:Name>
                    <structure:Parent>
                        <Ref id="ESP"/>
                    </structure:Parent>
                </structure:Code>
                <structure:Code id="ES037">
                    <common:Annotations>
                        <common:Annotation>
                            <common:AnnotationType>ORDER</common:AnnotationType>
                            <common:AnnotationText xml:lang="en">310</common:AnnotationText>
                            <common:AnnotationText xml:lang="fr">310</common:AnnotationText>
                        </common:Annotation>
                    </common:Annotations>
                    <common:Name xml:lang="en">Puerto de Santa Maria, El</common:Name>
                    <common:Name xml:lang="fr">Puerto de Santa Maria, El</common:Name>
                    <structure:Parent>
                        <Ref id="ESP"/>
                    </structure:Parent>
                </structure:Code>
                <structure:Code id="ES039">
                    <common:Annotations>
                        <common:Annotation>
                            <common:AnnotationType>ORDER</common:AnnotationType>
                            <common:AnnotationText xml:lang="en">320</common:AnnotationText>
                            <common:AnnotationText xml:lang="fr">320</common:AnnotationText>
                        </common:Annotation>
                    </common:Annotations>
                    <common:Name xml:lang="en">Aviles</common:Name>
                    <common:Name xml:lang="fr">Aviles</common:Name>
                    <structure:Parent>
                        <Ref id="ESP"/>
                    </structure:Parent>
                </structure:Code>
                <structure:Code id="ES040">
                    <common:Annotations>
                        <common:Annotation>
                            <common:AnnotationType>ORDER</common:AnnotationType>
                            <common:AnnotationText xml:lang="en">330</common:AnnotationText>
                            <common:AnnotationText xml:lang="fr">330</common:AnnotationText>
                        </common:Annotation>
                    </common:Annotations>
                    <common:Name xml:lang="en">Talavera de la Reina</common:Name>
                    <common:Name xml:lang="fr">Talavera de la Reina</common:Name>
                    <structure:Parent>
                        <Ref id="ESP"/>
                    </structure:Parent>
                </structure:Code>
                <structure:Code id="ES041">
                    <common:Annotations>
                        <common:Annotation>
                            <common:AnnotationType>ORDER</common:AnnotationType>
                            <common:AnnotationText xml:lang="en">340</common:AnnotationText>
                            <common:AnnotationText xml:lang="fr">340</common:AnnotationText>
                        </common:Annotation>
                    </common:Annotations>
                    <common:Name xml:lang="en">Palencia</common:Name>
                    <common:Name xml:lang="fr">Palencia</common:Name>
                    <structure:Parent>
                        <Ref id="ESP"/>
                    </structure:Parent>
                </structure:Code>
                <structure:Code id="ES043">
                    <common:Annotations>
                        <common:Annotation>
                            <common:AnnotationType>ORDER</common:AnnotationType>
                            <common:AnnotationText xml:lang="en">350</common:AnnotationText>
                            <common:AnnotationText xml:lang="fr">350</common:AnnotationText>
                        </common:Annotation>
                    </common:Annotations>
                    <common:Name xml:lang="en">Ferrol</common:Name>
                    <common:Name xml:lang="fr">Ferrol</common:Name>
                    <structure:Parent>
                        <Ref id="ESP"/>
                    </structure:Parent>
                </structure:Code>
                <structure:Code id="ES044">
                    <common:Annotations>
                        <common:Annotation>
                            <common:AnnotationType>ORDER</common:AnnotationType>
                            <common:AnnotationText xml:lang="en">360</common:AnnotationText>
                            <common:AnnotationText xml:lang="fr">360</common:AnnotationText>
                        </common:Annotation>
                    </common:Annotations>
                    <common:Name xml:lang="en">Pontevedra</common:Name>
                    <common:Name xml:lang="fr">Pontevedra</common:Name>
                    <structure:Parent>
                        <Ref id="ESP"/>
                    </structure:Parent>
                </structure:Code>
                <structure:Code id="ES045">
                    <common:Annotations>
                        <common:Annotation>
                            <common:AnnotationType>ORDER</common:AnnotationType>
                            <common:AnnotationText xml:lang="en">370</common:AnnotationText>
                            <common:AnnotationText xml:lang="fr">370</common:AnnotationText>
                        </common:Annotation>
                    </common:Annotations>
                    <common:Name xml:lang="en">Ceuta</common:Name>
                    <common:Name xml:lang="fr">Ceuta</common:Name>
                    <structure:Parent>
                        <Ref id="ESP"/>
                    </structure:Parent>
                </structure:Code>
                <structure:Code id="ES046">
                    <common:Annotations>
                        <common:Annotation>
                            <common:AnnotationType>ORDER</common:AnnotationType>
                            <common:AnnotationText xml:lang="en">380</common:AnnotationText>
                            <common:AnnotationText xml:lang="fr">380</common:AnnotationText>
                        </common:Annotation>
                    </common:Annotations>
                    <common:Name xml:lang="en">Gandia</common:Name>
                    <common:Name xml:lang="fr">Gandia</common:Name>
                    <structure:Parent>
                        <Ref id="ESP"/>
                    </structure:Parent>
                </structure:Code>
                <structure:Code id="ES048">
                    <common:Annotations>
                        <common:Annotation>
                            <common:AnnotationType>ORDER</common:AnnotationType>
                            <common:AnnotationText xml:lang="en">390</common:AnnotationText>
                            <common:AnnotationText xml:lang="fr">390</common:AnnotationText>
                        </common:Annotation>
                    </common:Annotations>
                    <common:Name xml:lang="en">Guadalajara</common:Name>
                    <common:Name xml:lang="fr">Guadalajara</common:Name>
                    <structure:Parent>
                        <Ref id="ESP"/>
                    </structure:Parent>
                </structure:Code>
                <structure:Code id="ES050">
                    <common:Annotations>
                        <common:Annotation>
                            <common:AnnotationType>ORDER</common:AnnotationType>
                            <common:AnnotationText xml:lang="en">400</common:AnnotationText>
                            <common:AnnotationText xml:lang="fr">400</common:AnnotationText>
                        </common:Annotation>
                    </common:Annotations>
                    <common:Name xml:lang="en">Manresa</common:Name>
                    <common:Name xml:lang="fr">Manresa</common:Name>
                    <structure:Parent>
                        <Ref id="ESP"/>
                    </structure:Parent>
                </structure:Code>
                <structure:Code id="ES053">
                    <common:Annotations>
                        <common:Annotation>
                            <common:AnnotationType>ORDER</common:AnnotationType>
                            <common:AnnotationText xml:lang="en">410</common:AnnotationText>
                            <common:AnnotationText xml:lang="fr">410</common:AnnotationText>
                        </common:Annotation>
                    </common:Annotations>
                    <common:Name xml:lang="en">Ciudad Real</common:Name>
                    <common:Name xml:lang="fr">Ciudad Real</common:Name>
                    <structure:Parent>
                        <Ref id="ESP"/>
                    </structure:Parent>
                </structure:Code>
                <structure:Code id="ES054">
                    <common:Annotations>
                        <common:Annotation>
                            <common:AnnotationType>ORDER</common:AnnotationType>
                            <common:AnnotationText xml:lang="en">420</common:AnnotationText>
                            <common:AnnotationText xml:lang="fr">420</common:AnnotationText>
                        </common:Annotation>
                    </common:Annotations>
                    <common:Name xml:lang="en">Benidorm</common:Name>
                    <common:Name xml:lang="fr">Benidorm</common:Name>
                    <structure:Parent>
                        <Ref id="ESP"/>
                    </structure:Parent>
                </structure:Code>
                <structure:Code id="ES055">
                    <common:Annotations>
                        <common:Annotation>
                            <common:AnnotationType>ORDER</common:AnnotationType>
                            <common:AnnotationText xml:lang="en">430</common:AnnotationText>
                            <common:AnnotationText xml:lang="fr">430</common:AnnotationText>
                        </common:Annotation>
                    </common:Annotations>
                    <common:Name xml:lang="en">Melilla</common:Name>
                    <common:Name xml:lang="fr">Melilla</common:Name>
                    <structure:Parent>
                        <Ref id="ESP"/>
                    </structure:Parent>
                </structure:Code>
                <structure:Code id="ES057">
                    <common:Annotations>
                        <common:Annotation>
                            <common:AnnotationType>ORDER</common:AnnotationType>
                            <common:AnnotationText xml:lang="en">440</common:AnnotationText>
                            <common:AnnotationText xml:lang="fr">440</common:AnnotationText>
                        </common:Annotation>
                    </common:Annotations>
                    <common:Name xml:lang="en">Ponferrada</common:Name>
                    <common:Name xml:lang="fr">Ponferrada</common:Name>
                    <structure:Parent>
                        <Ref id="ESP"/>
                    </structure:Parent>
                </structure:Code>
                <structure:Code id="ES059">
                    <common:Annotations>
                        <common:Annotation>
                            <common:AnnotationType>ORDER</common:AnnotationType>
                            <common:AnnotationText xml:lang="en">450</common:AnnotationText>
                            <common:AnnotationText xml:lang="fr">450</common:AnnotationText>
                        </common:Annotation>
                    </common:Annotations>
                    <common:Name xml:lang="en">Zamora</common:Name>
                    <common:Name xml:lang="fr">Zamora</common:Name>
                    <structure:Parent>
                        <Ref id="ESP"/>
                    </structure:Parent>
                </structure:Code>
                <structure:Code id="ES062">
                    <common:Annotations>
                        <common:Annotation>
                            <common:AnnotationType>ORDER</common:AnnotationType>
                            <common:AnnotationText xml:lang="en">460</common:AnnotationText>
                            <common:AnnotationText xml:lang="fr">460</common:AnnotationText>
                        </common:Annotation>
                    </common:Annotations>
                    <common:Name xml:lang="en">Sanlucar de Barrameda</common:Name>
                    <common:Name xml:lang="fr">Sanlucar de Barrameda</common:Name>
                    <structure:Parent>
                        <Ref id="ESP"/>
                    </structure:Parent>
                </structure:Code>
                <structure:Code id="ES065">
                    <common:Annotations>
                        <common:Annotation>
                            <common:AnnotationType>ORDER</common:AnnotationType>
                            <common:AnnotationText xml:lang="en">470</common:AnnotationText>
                            <common:AnnotationText xml:lang="fr">470</common:AnnotationText>
                        </common:Annotation>
                    </common:Annotations>
                    <common:Name xml:lang="en">Linea de la Concepcion, La</common:Name>
                    <common:Name xml:lang="fr">Linea de la Concepcion, La</common:Name>
                    <structure:Parent>
                        <Ref id="ESP"/>
                    </structure:Parent>
                </structure:Code>
                <structure:Code id="ES070">
                    <common:Annotations>
                        <common:Annotation>
                            <common:AnnotationType>ORDER</common:AnnotationType>
                            <common:AnnotationText xml:lang="en">480</common:AnnotationText>
                            <common:AnnotationText xml:lang="fr">480</common:AnnotationText>
                        </common:Annotation>
                    </common:Annotations>
                    <common:Name xml:lang="en">Irun</common:Name>
                    <common:Name xml:lang="fr">Irun</common:Name>
                    <structure:Parent>
                        <Ref id="ESP"/>
                    </structure:Parent>
                </structure:Code>
                <structure:Code id="ES072">
                    <common:Annotations>
                        <common:Annotation>
                            <common:AnnotationType>ORDER</common:AnnotationType>
                            <common:AnnotationText xml:lang="en">490</common:AnnotationText>
                            <common:AnnotationText xml:lang="fr">490</common:AnnotationText>
                        </common:Annotation>
                    </common:Annotations>
                    <common:Name xml:lang="en">Arrecife</common:Name>
                    <common:Name xml:lang="fr">Arrecife</common:Name>
                    <structure:Parent>
                        <Ref id="ESP"/>
                    </structure:Parent>
                </structure:Code>
                <structure:Code id="ES073">
                    <common:Annotations>
                        <common:Annotation>
                            <common:AnnotationType>ORDER</common:AnnotationType>
                            <common:AnnotationText xml:lang="en">500</common:AnnotationText>
                            <common:AnnotationText xml:lang="fr">500</common:AnnotationText>
                        </common:Annotation>
                    </common:Annotations>
                    <common:Name xml:lang="en">Elda</common:Name>
                    <common:Name xml:lang="fr">Elda</common:Name>
                    <structure:Parent>
                        <Ref id="ESP"/>
                    </structure:Parent>
                </structure:Code>
                <structure:Code id="ES074">
                    <common:Annotations>
                        <common:Annotation>
                            <common:AnnotationType>ORDER</common:AnnotationType>
                            <common:AnnotationText xml:lang="en">510</common:AnnotationText>
                            <common:AnnotationText xml:lang="fr">510</common:AnnotationText>
                        </common:Annotation>
                    </common:Annotations>
                    <common:Name xml:lang="en">Santa Lucia de Tirajana</common:Name>
                    <common:Name xml:lang="fr">Santa Lucia de Tirajana</common:Name>
                    <structure:Parent>
                        <Ref id="ESP"/>
                    </structure:Parent>
                </structure:Code>
                <structure:Code id="ES501">
                    <common:Annotations>
                        <common:Annotation>
                            <common:AnnotationType>ORDER</common:AnnotationType>
                            <common:AnnotationText xml:lang="en">520</common:AnnotationText>
                            <common:AnnotationText xml:lang="fr">520</common:AnnotationText>
                        </common:Annotation>
                    </common:Annotations>
                    <common:Name xml:lang="en">Granada</common:Name>
                    <common:Name xml:lang="fr">Granada</common:Name>
                    <structure:Parent>
                        <Ref id="ESP"/>
                    </structure:Parent>
                </structure:Code>
                <structure:Code id="ES505">
                    <common:Annotations>
                        <common:Annotation>
                            <common:AnnotationType>ORDER</common:AnnotationType>
                            <common:AnnotationText xml:lang="en">530</common:AnnotationText>
                            <common:AnnotationText xml:lang="fr">530</common:AnnotationText>
                        </common:Annotation>
                    </common:Annotations>
                    <common:Name xml:lang="en">Elche/Elx</common:Name>
                    <common:Name xml:lang="fr">Elche/Elx</common:Name>
                    <structure:Parent>
                        <Ref id="ESP"/>
                    </structure:Parent>
                </structure:Code>
                <structure:Code id="ES506">
                    <common:Annotations>
                        <common:Annotation>
                            <common:AnnotationType>ORDER</common:AnnotationType>
                            <common:AnnotationText xml:lang="en">540</common:AnnotationText>
                            <common:AnnotationText xml:lang="fr">540</common:AnnotationText>
                        </common:Annotation>
                    </common:Annotations>
                    <common:Name xml:lang="en">Cartagena</common:Name>
                    <common:Name xml:lang="fr">Cartagena</common:Name>
                    <structure:Parent>
                        <Ref id="ESP"/>
                    </structure:Parent>
                </structure:Code>
                <structure:Code id="ES508">
                    <common:Annotations>
                        <common:Annotation>
                            <common:AnnotationType>ORDER</common:AnnotationType>
                            <common:AnnotationText xml:lang="en">550</common:AnnotationText>
                            <common:AnnotationText xml:lang="fr">550</common:AnnotationText>
                        </common:Annotation>
                    </common:Annotations>
                    <common:Name xml:lang="en">Jerez de la Frontera</common:Name>
                    <common:Name xml:lang="fr">Jerez de la Frontera</common:Name>
                    <structure:Parent>
                        <Ref id="ESP"/>
                    </structure:Parent>
                </structure:Code>
                <structure:Code id="ES510">
                    <common:Annotations>
                        <common:Annotation>
                            <common:AnnotationType>ORDER</common:AnnotationType>
                            <common:AnnotationText xml:lang="en">560</common:AnnotationText>
                            <common:AnnotationText xml:lang="fr">560</common:AnnotationText>
                        </common:Annotation>
                    </common:Annotations>
                    <common:Name xml:lang="en">Donostia-San Sebastian</common:Name>
                    <common:Name xml:lang="fr">Donostia-San Sebastian</common:Name>
                    <structure:Parent>
                        <Ref id="ESP"/>
                    </structure:Parent>
                </structure:Code>
                <structure:Code id="ES514">
                    <common:Annotations>
                        <common:Annotation>
                            <common:AnnotationType>ORDER</common:AnnotationType>
                            <common:AnnotationText xml:lang="en">570</common:AnnotationText>
                            <common:AnnotationText xml:lang="fr">570</common:AnnotationText>
                        </common:Annotation>
                    </common:Annotations>
                    <common:Name xml:lang="en">Almeria</common:Name>
                    <common:Name xml:lang="fr">Almeria</common:Name>
                    <structure:Parent>
                        <Ref id="ESP"/>
                    </structure:Parent>
                </structure:Code>
                <structure:Code id="ES515">
                    <common:Annotations>
                        <common:Annotation>
                            <common:AnnotationType>ORDER</common:AnnotationType>
                            <common:AnnotationText xml:lang="en">580</common:AnnotationText>
                            <common:AnnotationText xml:lang="fr">580</common:AnnotationText>
                        </common:Annotation>
                    </common:Annotations>
                    <common:Name xml:lang="en">Burgos</common:Name>
                    <common:Name xml:lang="fr">Burgos</common:Name>
                    <structure:Parent>
                        <Ref id="ESP"/>
                    </structure:Parent>
                </structure:Code>
                <structure:Code id="ES516">
                    <common:Annotations>
                        <common:Annotation>
                            <common:AnnotationType>ORDER</common:AnnotationType>
                            <common:AnnotationText xml:lang="en">590</common:AnnotationText>
                            <common:AnnotationText xml:lang="fr">590</common:AnnotationText>
                        </common:Annotation>
                    </common:Annotations>
                    <common:Name xml:lang="en">Salamanca</common:Name>
                    <common:Name xml:lang="fr">Salamanca</common:Name>
                    <structure:Parent>
                        <Ref id="ESP"/>
                    </structure:Parent>
                </structure:Code>
                <structure:Code id="ES519">
                    <common:Annotations>
                        <common:Annotation>
                            <common:AnnotationType>ORDER</common:AnnotationType>
                            <common:AnnotationText xml:lang="en">600</common:AnnotationText>
                            <common:AnnotationText xml:lang="fr">600</common:AnnotationText>
                        </common:Annotation>
                    </common:Annotations>
                    <common:Name xml:lang="en">Albacete</common:Name>
                    <common:Name xml:lang="fr">Albacete</common:Name>
                    <structure:Parent>
                        <Ref id="ESP"/>
                    </structure:Parent>
                </structure:Code>
                <structure:Code id="ES520">
                    <common:Annotations>
                        <common:Annotation>
                            <common:AnnotationType>ORDER</common:AnnotationType>
                            <common:AnnotationText xml:lang="en">610</common:AnnotationText>
                            <common:AnnotationText xml:lang="fr">610</common:AnnotationText>
                        </common:Annotation>
                    </common:Annotations>
                    <common:Name xml:lang="en">Castellon de la Plana/Castello de la Plana</common:Name>
                    <common:Name xml:lang="fr">Castellon de la Plana/Castello de la Plana</common:Name>
                    <structure:Parent>
                        <Ref id="ESP"/>
                    </structure:Parent>
                </structure:Code>
                <structure:Code id="ES521">
                    <common:Annotations>
                        <common:Annotation>
                            <common:AnnotationType>ORDER</common:AnnotationType>
                            <common:AnnotationText xml:lang="en">620</common:AnnotationText>
                            <common:AnnotationText xml:lang="fr">620</common:AnnotationText>
                        </common:Annotation>
                    </common:Annotations>
                    <common:Name xml:lang="en">Huelva</common:Name>
                    <common:Name xml:lang="fr">Huelva</common:Name>
                    <structure:Parent>
                        <Ref id="ESP"/>
                    </structure:Parent>
                </structure:Code>
                <structure:Code id="ES522">
                    <common:Annotations>
                        <common:Annotation>
                            <common:AnnotationType>ORDER</common:AnnotationType>
                            <common:AnnotationText xml:lang="en">630</common:AnnotationText>
                            <common:AnnotationText xml:lang="fr">630</common:AnnotationText>
                        </common:Annotation>
                    </common:Annotations>
                    <common:Name xml:lang="en">Cadiz</common:Name>
                    <common:Name xml:lang="fr">Cadiz</common:Name>
                    <structure:Parent>
                        <Ref id="ESP"/>
                    </structure:Parent>
                </structure:Code>
                <structure:Code id="ES523">
                    <common:Annotations>
                        <common:Annotation>
                            <common:AnnotationType>ORDER</common:AnnotationType>
                            <common:AnnotationText xml:lang="en">640</common:AnnotationText>
                            <common:AnnotationText xml:lang="fr">640</common:AnnotationText>
                        </common:Annotation>
                    </common:Annotations>
                    <common:Name xml:lang="en">Leon</common:Name>
                    <common:Name xml:lang="fr">Leon</common:Name>
                    <structure:Parent>
                        <Ref id="ESP"/>
                    </structure:Parent>
                </structure:Code>
                <structure:Code id="ES525">
                    <common:Annotations>
                        <common:Annotation>
                            <common:AnnotationType>ORDER</common:AnnotationType>
                            <common:AnnotationText xml:lang="en">650</common:AnnotationText>
                            <common:AnnotationText xml:lang="fr">650</common:AnnotationText>
                        </common:Annotation>
                    </common:Annotations>
                    <common:Name xml:lang="en">Tarragona</common:Name>
                    <common:Name xml:lang="fr">Tarragona</common:Name>
                    <structure:Parent>
                        <Ref id="ESP"/>
                    </structure:Parent>
                </structure:Code>
                <structure:Code id="ES527">
                    <common:Annotations>
                        <common:Annotation>
                            <common:AnnotationType>ORDER</common:AnnotationType>
                            <common:AnnotationText xml:lang="en">660</common:AnnotationText>
                            <common:AnnotationText xml:lang="fr">660</common:AnnotationText>
                        </common:Annotation>
                    </common:Annotations>
                    <common:Name xml:lang="en">Jaen</common:Name>
                    <common:Name xml:lang="fr">Jaen</common:Name>
                    <structure:Parent>
                        <Ref id="ESP"/>
                    </structure:Parent>
                </structure:Code>
                <structure:Code id="ES528">
                    <common:Annotations>
                        <common:Annotation>
                            <common:AnnotationType>ORDER</common:AnnotationType>
                            <common:AnnotationText xml:lang="en">670</common:AnnotationText>
                            <common:AnnotationText xml:lang="fr">670</common:AnnotationText>
                        </common:Annotation>
                    </common:Annotations>
                    <common:Name xml:lang="en">Lleida</common:Name>
                    <common:Name xml:lang="fr">Lleida</common:Name>
                    <structure:Parent>
                        <Ref id="ESP"/>
                    </structure:Parent>
                </structure:Code>
                <structure:Code id="ES529">
                    <common:Annotations>
                        <common:Annotation>
                            <common:AnnotationType>ORDER</common:AnnotationType>
                            <common:AnnotationText xml:lang="en">680</common:AnnotationText>
                            <common:AnnotationText xml:lang="fr">680</common:AnnotationText>
                        </common:Annotation>
                    </common:Annotations>
                    <common:Name xml:lang="en">Ourense</common:Name>
                    <common:Name xml:lang="fr">Ourense</common:Name>
                    <structure:Parent>
                        <Ref id="ESP"/>
                    </structure:Parent>
                </structure:Code>
                <structure:Code id="ES532">
                    <common:Annotations>
                        <common:Annotation>
                            <common:AnnotationType>ORDER</common:AnnotationType>
                            <common:AnnotationText xml:lang="en">690</common:AnnotationText>
                            <common:AnnotationText xml:lang="fr">690</common:AnnotationText>
                        </common:Annotation>
                    </common:Annotations>
                    <common:Name xml:lang="en">Algeciras</common:Name>
                    <common:Name xml:lang="fr">Algeciras</common:Name>
                    <structure:Parent>
                        <Ref id="ESP"/>
                    </structure:Parent>
                </structure:Code>
                <structure:Code id="ES533">
                    <common:Annotations>
                        <common:Annotation>
                            <common:AnnotationType>ORDER</common:AnnotationType>
                            <common:AnnotationText xml:lang="en">700</common:AnnotationText>
                            <common:AnnotationText xml:lang="fr">700</common:AnnotationText>
                        </common:Annotation>
                    </common:Annotations>
                    <common:Name xml:lang="en">Marbella</common:Name>
                    <common:Name xml:lang="fr">Marbella</common:Name>
                    <structure:Parent>
                        <Ref id="ESP"/>
                    </structure:Parent>
                </structure:Code>
                <structure:Code id="ES537">
                    <common:Annotations>
                        <common:Annotation>
                            <common:AnnotationType>ORDER</common:AnnotationType>
                            <common:AnnotationText xml:lang="en">710</common:AnnotationText>
                            <common:AnnotationText xml:lang="fr">710</common:AnnotationText>
                        </common:Annotation>
                    </common:Annotations>
                    <common:Name xml:lang="en">Alcoy</common:Name>
                    <common:Name xml:lang="fr">Alcoy</common:Name>
                    <structure:Parent>
                        <Ref id="ESP"/>
                    </structure:Parent>
                </structure:Code>
                <structure:Code id="ES538">
                    <common:Annotations>
                        <common:Annotation>
                            <common:AnnotationType>ORDER</common:AnnotationType>
                            <common:AnnotationText xml:lang="en">720</common:AnnotationText>
                            <common:AnnotationText xml:lang="fr">720</common:AnnotationText>
                        </common:Annotation>
                    </common:Annotations>
                    <common:Name xml:lang="en">Avila</common:Name>
                    <common:Name xml:lang="fr">Avila</common:Name>
                    <structure:Parent>
                        <Ref id="ESP"/>
                    </structure:Parent>
                </structure:Code>
                <structure:Code id="ES540">
                    <common:Annotations>
                        <common:Annotation>
                            <common:AnnotationType>ORDER</common:AnnotationType>
                            <common:AnnotationText xml:lang="en">730</common:AnnotationText>
                            <common:AnnotationText xml:lang="fr">730</common:AnnotationText>
                        </common:Annotation>
                    </common:Annotations>
                    <common:Name xml:lang="en">Chiclana de la Frontera</common:Name>
                    <common:Name xml:lang="fr">Chiclana de la Frontera</common:Name>
                    <structure:Parent>
                        <Ref id="ESP"/>
                    </structure:Parent>
                </structure:Code>
                <structure:Code id="ES542">
                    <common:Annotations>
                        <common:Annotation>
                            <common:AnnotationType>ORDER</common:AnnotationType>
                            <common:AnnotationText xml:lang="en">740</common:AnnotationText>
                            <common:AnnotationText xml:lang="fr">740</common:AnnotationText>
                        </common:Annotation>
                    </common:Annotations>
                    <common:Name xml:lang="en">Basin</common:Name>
                    <common:Name xml:lang="fr">Basin</common:Name>
                    <structure:Parent>
                        <Ref id="ESP"/>
                    </structure:Parent>
                </structure:Code>
                <structure:Code id="ES543">
                    <common:Annotations>
                        <common:Annotation>
                            <common:AnnotationType>ORDER</common:AnnotationType>
                            <common:AnnotationText xml:lang="en">750</common:AnnotationText>
                            <common:AnnotationText xml:lang="fr">750</common:AnnotationText>
                        </common:Annotation>
                    </common:Annotations>
                    <common:Name xml:lang="en">Eivissa</common:Name>
                    <common:Name xml:lang="fr">Eivissa</common:Name>
                    <structure:Parent>
                        <Ref id="ESP"/>
                    </structure:Parent>
                </structure:Code>
                <structure:Code id="ES544">
                    <common:Annotations>
                        <common:Annotation>
                            <common:AnnotationType>ORDER</common:AnnotationType>
                            <common:AnnotationText xml:lang="en">760</common:AnnotationText>
                            <common:AnnotationText xml:lang="fr">760</common:AnnotationText>
                        </common:Annotation>
                    </common:Annotations>
                    <common:Name xml:lang="en">Linares</common:Name>
                    <common:Name xml:lang="fr">Linares</common:Name>
                    <structure:Parent>
                        <Ref id="ESP"/>
                    </structure:Parent>
                </structure:Code>
                <structure:Code id="ES545">
                    <common:Annotations>
                        <common:Annotation>
                            <common:AnnotationType>ORDER</common:AnnotationType>
                            <common:AnnotationText xml:lang="en">770</common:AnnotationText>
                            <common:AnnotationText xml:lang="fr">770</common:AnnotationText>
                        </common:Annotation>
                    </common:Annotations>
                    <common:Name xml:lang="en">Lorca</common:Name>
                    <common:Name xml:lang="fr">Lorca</common:Name>
                    <structure:Parent>
                        <Ref id="ESP"/>
                    </structure:Parent>
                </structure:Code>
                <structure:Code id="ES546">
                    <common:Annotations>
                        <common:Annotation>
                            <common:AnnotationType>ORDER</common:AnnotationType>
                            <common:AnnotationText xml:lang="en">780</common:AnnotationText>
                            <common:AnnotationText xml:lang="fr">780</common:AnnotationText>
                        </common:Annotation>
                    </common:Annotations>
                    <common:Name xml:lang="en">Merida</common:Name>
                    <common:Name xml:lang="fr">Merida</common:Name>
                    <structure:Parent>
                        <Ref id="ESP"/>
                    </structure:Parent>
                </structure:Code>
                <structure:Code id="ES547">
                    <common:Annotations>
                        <common:Annotation>
                            <common:AnnotationType>ORDER</common:AnnotationType>
                            <common:AnnotationText xml:lang="en">790</common:AnnotationText>
                            <common:AnnotationText xml:lang="fr">790</common:AnnotationText>
                        </common:Annotation>
                    </common:Annotations>
                    <common:Name xml:lang="en">Sagunto</common:Name>
                    <common:Name xml:lang="fr">Sagunto</common:Name>
                    <structure:Parent>
                        <Ref id="ESP"/>
                    </structure:Parent>
                </structure:Code>
                <structure:Code id="ES550">
                    <common:Annotations>
                        <common:Annotation>
                            <common:AnnotationType>ORDER</common:AnnotationType>
                            <common:AnnotationText xml:lang="en">800</common:AnnotationText>
                            <common:AnnotationText xml:lang="fr">800</common:AnnotationText>
                        </common:Annotation>
                    </common:Annotations>
                    <common:Name xml:lang="en">Puerto de la Cruz</common:Name>
                    <common:Name xml:lang="fr">Puerto de la Cruz</common:Name>
                    <structure:Parent>
                        <Ref id="ESP"/>
                    </structure:Parent>
                </structure:Code>
                <structure:Code id="ES552">
                    <common:Annotations>
                        <common:Annotation>
                            <common:AnnotationType>ORDER</common:AnnotationType>
                            <common:AnnotationText xml:lang="en">810</common:AnnotationText>
                            <common:AnnotationText xml:lang="fr">810</common:AnnotationText>
                        </common:Annotation>
                    </common:Annotations>
                    <common:Name xml:lang="en">Igualada</common:Name>
                    <common:Name xml:lang="fr">Igualada</common:Name>
                    <structure:Parent>
                        <Ref id="ESP"/>
                    </structure:Parent>
                </structure:Code>
                <structure:Code id="SWE">
                    <common:Annotations>
                        <common:Annotation>
                            <common:AnnotationType>ORDER</common:AnnotationType>
                            <common:AnnotationText xml:lang="en">430</common:AnnotationText>
                            <common:AnnotationText xml:lang="fr">430</common:AnnotationText>
                        </common:Annotation>
                    </common:Annotations>
                    <common:Name xml:lang="en">Sweden</common:Name>
                    <common:Name xml:lang="fr">Suède</common:Name>
                </structure:Code>
                <structure:Code id="SE001">
                    <common:Annotations>
                        <common:Annotation>
                            <common:AnnotationType>ORDER</common:AnnotationType>
                            <common:AnnotationText xml:lang="en">10</common:AnnotationText>
                            <common:AnnotationText xml:lang="fr">10</common:AnnotationText>
                        </common:Annotation>
                    </common:Annotations>
                    <common:Name xml:lang="en">Stockholm</common:Name>
                    <common:Name xml:lang="fr">Stockholm</common:Name>
                    <structure:Parent>
                        <Ref id="SWE"/>
                    </structure:Parent>
                </structure:Code>
                <structure:Code id="SE002">
                    <common:Annotations>
                        <common:Annotation>
                            <common:AnnotationType>ORDER</common:AnnotationType>
                            <common:AnnotationText xml:lang="en">20</common:AnnotationText>
                            <common:AnnotationText xml:lang="fr">20</common:AnnotationText>
                        </common:Annotation>
                    </common:Annotations>
                    <common:Name xml:lang="en">Gothenburg</common:Name>
                    <common:Name xml:lang="fr">Gothenburg</common:Name>
                    <structure:Parent>
                        <Ref id="SWE"/>
                    </structure:Parent>
                </structure:Code>
                <structure:Code id="SE003">
                    <common:Annotations>
                        <common:Annotation>
                            <common:AnnotationType>ORDER</common:AnnotationType>
                            <common:AnnotationText xml:lang="en">30</common:AnnotationText>
                            <common:AnnotationText xml:lang="fr">30</common:AnnotationText>
                        </common:Annotation>
                    </common:Annotations>
                    <common:Name xml:lang="en">Malmo</common:Name>
                    <common:Name xml:lang="fr">Malmo</common:Name>
                    <structure:Parent>
                        <Ref id="SWE"/>
                    </structure:Parent>
                </structure:Code>
                <structure:Code id="SE004">
                    <common:Annotations>
                        <common:Annotation>
                            <common:AnnotationType>ORDER</common:AnnotationType>
                            <common:AnnotationText xml:lang="en">40</common:AnnotationText>
                            <common:AnnotationText xml:lang="fr">40</common:AnnotationText>
                        </common:Annotation>
                    </common:Annotations>
                    <common:Name xml:lang="en">Jonkoping</common:Name>
                    <common:Name xml:lang="fr">Jonkoping</common:Name>
                    <structure:Parent>
                        <Ref id="SWE"/>
                    </structure:Parent>
                </structure:Code>
                <structure:Code id="SE005">
                    <common:Annotations>
                        <common:Annotation>
                            <common:AnnotationType>ORDER</common:AnnotationType>
                            <common:AnnotationText xml:lang="en">50</common:AnnotationText>
                            <common:AnnotationText xml:lang="fr">50</common:AnnotationText>
                        </common:Annotation>
                    </common:Annotations>
                    <common:Name xml:lang="en">Umea</common:Name>
                    <common:Name xml:lang="fr">Umea</common:Name>
                    <structure:Parent>
                        <Ref id="SWE"/>
                    </structure:Parent>
                </structure:Code>
                <structure:Code id="SE006">
                    <common:Annotations>
                        <common:Annotation>
                            <common:AnnotationType>ORDER</common:AnnotationType>
                            <common:AnnotationText xml:lang="en">60</common:AnnotationText>
                            <common:AnnotationText xml:lang="fr">60</common:AnnotationText>
                        </common:Annotation>
                    </common:Annotations>
                    <common:Name xml:lang="en">Uppsala</common:Name>
                    <common:Name xml:lang="fr">Uppsala</common:Name>
                    <structure:Parent>
                        <Ref id="SWE"/>
                    </structure:Parent>
                </structure:Code>
                <structure:Code id="SE007">
                    <common:Annotations>
                        <common:Annotation>
                            <common:AnnotationType>ORDER</common:AnnotationType>
                            <common:AnnotationText xml:lang="en">70</common:AnnotationText>
                            <common:AnnotationText xml:lang="fr">70</common:AnnotationText>
                        </common:Annotation>
                    </common:Annotations>
                    <common:Name xml:lang="en">Linkoping</common:Name>
                    <common:Name xml:lang="fr">Linkoping</common:Name>
                    <structure:Parent>
                        <Ref id="SWE"/>
                    </structure:Parent>
                </structure:Code>
                <structure:Code id="SE008">
                    <common:Annotations>
                        <common:Annotation>
                            <common:AnnotationType>ORDER</common:AnnotationType>
                            <common:AnnotationText xml:lang="en">80</common:AnnotationText>
                            <common:AnnotationText xml:lang="fr">80</common:AnnotationText>
                        </common:Annotation>
                    </common:Annotations>
                    <common:Name xml:lang="en">Orebro</common:Name>
                    <common:Name xml:lang="fr">Orebro</common:Name>
                    <structure:Parent>
                        <Ref id="SWE"/>
                    </structure:Parent>
                </structure:Code>
                <structure:Code id="SE501">
                    <common:Annotations>
                        <common:Annotation>
                            <common:AnnotationType>ORDER</common:AnnotationType>
                            <common:AnnotationText xml:lang="en">90</common:AnnotationText>
                            <common:AnnotationText xml:lang="fr">90</common:AnnotationText>
                        </common:Annotation>
                    </common:Annotations>
                    <common:Name xml:lang="en">Vasteras</common:Name>
                    <common:Name xml:lang="fr">Vasteras</common:Name>
                    <structure:Parent>
                        <Ref id="SWE"/>
                    </structure:Parent>
                </structure:Code>
                <structure:Code id="SE502">
                    <common:Annotations>
                        <common:Annotation>
                            <common:AnnotationType>ORDER</common:AnnotationType>
                            <common:AnnotationText xml:lang="en">100</common:AnnotationText>
                            <common:AnnotationText xml:lang="fr">100</common:AnnotationText>
                        </common:Annotation>
                    </common:Annotations>
                    <common:Name xml:lang="en">Norrkoping</common:Name>
                    <common:Name xml:lang="fr">Norrkoping</common:Name>
                    <structure:Parent>
                        <Ref id="SWE"/>
                    </structure:Parent>
                </structure:Code>
                <structure:Code id="SE503">
                    <common:Annotations>
                        <common:Annotation>
                            <common:AnnotationType>ORDER</common:AnnotationType>
                            <common:AnnotationText xml:lang="en">110</common:AnnotationText>
                            <common:AnnotationText xml:lang="fr">110</common:AnnotationText>
                        </common:Annotation>
                    </common:Annotations>
                    <common:Name xml:lang="en">Helsingborg</common:Name>
                    <common:Name xml:lang="fr">Helsingborg</common:Name>
                    <structure:Parent>
                        <Ref id="SWE"/>
                    </structure:Parent>
                </structure:Code>
                <structure:Code id="SE505">
                    <common:Annotations>
                        <common:Annotation>
                            <common:AnnotationType>ORDER</common:AnnotationType>
                            <common:AnnotationText xml:lang="en">120</common:AnnotationText>
                            <common:AnnotationText xml:lang="fr">120</common:AnnotationText>
                        </common:Annotation>
                    </common:Annotations>
                    <common:Name xml:lang="en">Boras</common:Name>
                    <common:Name xml:lang="fr">Boras</common:Name>
                    <structure:Parent>
                        <Ref id="SWE"/>
                    </structure:Parent>
                </structure:Code>
                <structure:Code id="CHE">
                    <common:Annotations>
                        <common:Annotation>
                            <common:AnnotationType>ORDER</common:AnnotationType>
                            <common:AnnotationText xml:lang="en">440</common:AnnotationText>
                            <common:AnnotationText xml:lang="fr">440</common:AnnotationText>
                        </common:Annotation>
                    </common:Annotations>
                    <common:Name xml:lang="en">Switzerland</common:Name>
                    <common:Name xml:lang="fr">Suisse</common:Name>
                </structure:Code>
                <structure:Code id="CH001">
                    <common:Annotations>
                        <common:Annotation>
                            <common:AnnotationType>ORDER</common:AnnotationType>
                            <common:AnnotationText xml:lang="en">10</common:AnnotationText>
                            <common:AnnotationText xml:lang="fr">10</common:AnnotationText>
                        </common:Annotation>
                    </common:Annotations>
                    <common:Name xml:lang="en">Zurich</common:Name>
                    <common:Name xml:lang="fr">Zurich</common:Name>
                    <structure:Parent>
                        <Ref id="CHE"/>
                    </structure:Parent>
                </structure:Code>
                <structure:Code id="CH002">
                    <common:Annotations>
                        <common:Annotation>
                            <common:AnnotationType>ORDER</common:AnnotationType>
                            <common:AnnotationText xml:lang="en">20</common:AnnotationText>
                            <common:AnnotationText xml:lang="fr">20</common:AnnotationText>
                        </common:Annotation>
                    </common:Annotations>
                    <common:Name xml:lang="en">Geneva</common:Name>
                    <common:Name xml:lang="fr">Geneva</common:Name>
                    <structure:Parent>
                        <Ref id="CHE"/>
                    </structure:Parent>
                </structure:Code>
                <structure:Code id="CH003">
                    <common:Annotations>
                        <common:Annotation>
                            <common:AnnotationType>ORDER</common:AnnotationType>
                            <common:AnnotationText xml:lang="en">30</common:AnnotationText>
                            <common:AnnotationText xml:lang="fr">30</common:AnnotationText>
                        </common:Annotation>
                    </common:Annotations>
                    <common:Name xml:lang="en">Basel</common:Name>
                    <common:Name xml:lang="fr">Basel</common:Name>
                    <structure:Parent>
                        <Ref id="CHE"/>
                    </structure:Parent>
                </structure:Code>
                <structure:Code id="CH004">
                    <common:Annotations>
                        <common:Annotation>
                            <common:AnnotationType>ORDER</common:AnnotationType>
                            <common:AnnotationText xml:lang="en">40</common:AnnotationText>
                            <common:AnnotationText xml:lang="fr">40</common:AnnotationText>
                        </common:Annotation>
                    </common:Annotations>
                    <common:Name xml:lang="en">Bern</common:Name>
                    <common:Name xml:lang="fr">Bern</common:Name>
                    <structure:Parent>
                        <Ref id="CHE"/>
                    </structure:Parent>
                </structure:Code>
                <structure:Code id="CH005">
                    <common:Annotations>
                        <common:Annotation>
                            <common:AnnotationType>ORDER</common:AnnotationType>
                            <common:AnnotationText xml:lang="en">50</common:AnnotationText>
                            <common:AnnotationText xml:lang="fr">50</common:AnnotationText>
                        </common:Annotation>
                    </common:Annotations>
                    <common:Name xml:lang="en">Lausanne</common:Name>
                    <common:Name xml:lang="fr">Lausanne</common:Name>
                    <structure:Parent>
                        <Ref id="CHE"/>
                    </structure:Parent>
                </structure:Code>
                <structure:Code id="CH006">
                    <common:Annotations>
                        <common:Annotation>
                            <common:AnnotationType>ORDER</common:AnnotationType>
                            <common:AnnotationText xml:lang="en">60</common:AnnotationText>
                            <common:AnnotationText xml:lang="fr">60</common:AnnotationText>
                        </common:Annotation>
                    </common:Annotations>
                    <common:Name xml:lang="en">Winterthur</common:Name>
                    <common:Name xml:lang="fr">Winterthur</common:Name>
                    <structure:Parent>
                        <Ref id="CHE"/>
                    </structure:Parent>
                </structure:Code>
                <structure:Code id="CH007">
                    <common:Annotations>
                        <common:Annotation>
                            <common:AnnotationType>ORDER</common:AnnotationType>
                            <common:AnnotationText xml:lang="en">70</common:AnnotationText>
                            <common:AnnotationText xml:lang="fr">70</common:AnnotationText>
                        </common:Annotation>
                    </common:Annotations>
                    <common:Name xml:lang="en">St. Gallen</common:Name>
                    <common:Name xml:lang="fr">St. Gallen</common:Name>
                    <structure:Parent>
                        <Ref id="CHE"/>
                    </structure:Parent>
                </structure:Code>
                <structure:Code id="CH008">
                    <common:Annotations>
                        <common:Annotation>
                            <common:AnnotationType>ORDER</common:AnnotationType>
                            <common:AnnotationText xml:lang="en">80</common:AnnotationText>
                            <common:AnnotationText xml:lang="fr">80</common:AnnotationText>
                        </common:Annotation>
                    </common:Annotations>
                    <common:Name xml:lang="en">Lucerne</common:Name>
                    <common:Name xml:lang="fr">Lucerne</common:Name>
                    <structure:Parent>
                        <Ref id="CHE"/>
                    </structure:Parent>
                </structure:Code>
                <structure:Code id="CH009">
                    <common:Annotations>
                        <common:Annotation>
                            <common:AnnotationType>ORDER</common:AnnotationType>
                            <common:AnnotationText xml:lang="en">90</common:AnnotationText>
                            <common:AnnotationText xml:lang="fr">90</common:AnnotationText>
                        </common:Annotation>
                    </common:Annotations>
                    <common:Name xml:lang="en">Lugano</common:Name>
                    <common:Name xml:lang="fr">Lugano</common:Name>
                    <structure:Parent>
                        <Ref id="CHE"/>
                    </structure:Parent>
                </structure:Code>
                <structure:Code id="CH010">
                    <common:Annotations>
                        <common:Annotation>
                            <common:AnnotationType>ORDER</common:AnnotationType>
                            <common:AnnotationText xml:lang="en">100</common:AnnotationText>
                            <common:AnnotationText xml:lang="fr">100</common:AnnotationText>
                        </common:Annotation>
                    </common:Annotations>
                    <common:Name xml:lang="en">Biel/Bienne</common:Name>
                    <common:Name xml:lang="fr">Biel/Bienne</common:Name>
                    <structure:Parent>
                        <Ref id="CHE"/>
                    </structure:Parent>
                </structure:Code>
                <structure:Code id="CH011">
                    <common:Annotations>
                        <common:Annotation>
                            <common:AnnotationType>ORDER</common:AnnotationType>
                            <common:AnnotationText xml:lang="en">110</common:AnnotationText>
                            <common:AnnotationText xml:lang="fr">110</common:AnnotationText>
                        </common:Annotation>
                    </common:Annotations>
                    <common:Name xml:lang="en">Thun</common:Name>
                    <common:Name xml:lang="fr">Thun</common:Name>
                    <structure:Parent>
                        <Ref id="CHE"/>
                    </structure:Parent>
                </structure:Code>
                <structure:Code id="CH012">
                    <common:Annotations>
                        <common:Annotation>
                            <common:AnnotationType>ORDER</common:AnnotationType>
                            <common:AnnotationText xml:lang="en">120</common:AnnotationText>
                            <common:AnnotationText xml:lang="fr">120</common:AnnotationText>
                        </common:Annotation>
                    </common:Annotations>
                    <common:Name xml:lang="en">Zug</common:Name>
                    <common:Name xml:lang="fr">Zug</common:Name>
                    <structure:Parent>
                        <Ref id="CHE"/>
                    </structure:Parent>
                </structure:Code>
                <structure:Code id="GBR">
                    <common:Annotations>
                        <common:Annotation>
                            <common:AnnotationType>ORDER</common:AnnotationType>
                            <common:AnnotationText xml:lang="en">460</common:AnnotationText>
                            <common:AnnotationText xml:lang="fr">460</common:AnnotationText>
                        </common:Annotation>
                    </common:Annotations>
                    <common:Name xml:lang="en">United Kingdom</common:Name>
                    <common:Name xml:lang="fr">Royaume-Uni</common:Name>
                </structure:Code>
                <structure:Code id="UK001">
                    <common:Annotations>
                        <common:Annotation>
                            <common:AnnotationType>ORDER</common:AnnotationType>
                            <common:AnnotationText xml:lang="en">10</common:AnnotationText>
                            <common:AnnotationText xml:lang="fr">10</common:AnnotationText>
                        </common:Annotation>
                    </common:Annotations>
                    <common:Name xml:lang="en">London</common:Name>
                    <common:Name xml:lang="fr">London</common:Name>
                    <structure:Parent>
                        <Ref id="GBR"/>
                    </structure:Parent>
                </structure:Code>
                <structure:Code id="UK002">
                    <common:Annotations>
                        <common:Annotation>
                            <common:AnnotationType>ORDER</common:AnnotationType>
                            <common:AnnotationText xml:lang="en">20</common:AnnotationText>
                            <common:AnnotationText xml:lang="fr">20</common:AnnotationText>
                        </common:Annotation>
                    </common:Annotations>
                    <common:Name xml:lang="en">West Midlands urban area</common:Name>
                    <common:Name xml:lang="fr">West Midlands urban area</common:Name>
                    <structure:Parent>
                        <Ref id="GBR"/>
                    </structure:Parent>
                </structure:Code>
                <structure:Code id="UK003">
                    <common:Annotations>
                        <common:Annotation>
                            <common:AnnotationType>ORDER</common:AnnotationType>
                            <common:AnnotationText xml:lang="en">30</common:AnnotationText>
                            <common:AnnotationText xml:lang="fr">30</common:AnnotationText>
                        </common:Annotation>
                    </common:Annotations>
                    <common:Name xml:lang="en">Leeds</common:Name>
                    <common:Name xml:lang="fr">Leeds</common:Name>
                    <structure:Parent>
                        <Ref id="GBR"/>
                    </structure:Parent>
                </structure:Code>
                <structure:Code id="UK004">
                    <common:Annotations>
                        <common:Annotation>
                            <common:AnnotationType>ORDER</common:AnnotationType>
                            <common:AnnotationText xml:lang="en">40</common:AnnotationText>
                            <common:AnnotationText xml:lang="fr">40</common:AnnotationText>
                        </common:Annotation>
                    </common:Annotations>
                    <common:Name xml:lang="en">Glasgow</common:Name>
                    <common:Name xml:lang="fr">Glasgow</common:Name>
                    <structure:Parent>
                        <Ref id="GBR"/>
                    </structure:Parent>
                </structure:Code>
                <structure:Code id="UK006">
                    <common:Annotations>
                        <common:Annotation>
                            <common:AnnotationType>ORDER</common:AnnotationType>
                            <common:AnnotationText xml:lang="en">50</common:AnnotationText>
                            <common:AnnotationText xml:lang="fr">50</common:AnnotationText>
                        </common:Annotation>
                    </common:Annotations>
                    <common:Name xml:lang="en">Liverpool</common:Name>
                    <common:Name xml:lang="fr">Liverpool</common:Name>
                    <structure:Parent>
                        <Ref id="GBR"/>
                    </structure:Parent>
                </structure:Code>
                <structure:Code id="UK007">
                    <common:Annotations>
                        <common:Annotation>
                            <common:AnnotationType>ORDER</common:AnnotationType>
                            <common:AnnotationText xml:lang="en">60</common:AnnotationText>
                            <common:AnnotationText xml:lang="fr">60</common:AnnotationText>
                        </common:Annotation>
                    </common:Annotations>
                    <common:Name xml:lang="en">Edinburgh</common:Name>
                    <common:Name xml:lang="fr">Edinburgh</common:Name>
                    <structure:Parent>
                        <Ref id="GBR"/>
                    </structure:Parent>
                </structure:Code>
                <structure:Code id="UK008">
                    <common:Annotations>
                        <common:Annotation>
                            <common:AnnotationType>ORDER</common:AnnotationType>
                            <common:AnnotationText xml:lang="en">70</common:AnnotationText>
                            <common:AnnotationText xml:lang="fr">70</common:AnnotationText>
                        </common:Annotation>
                    </common:Annotations>
                    <common:Name xml:lang="en">Manchester</common:Name>
                    <common:Name xml:lang="fr">Manchester</common:Name>
                    <structure:Parent>
                        <Ref id="GBR"/>
                    </structure:Parent>
                </structure:Code>
                <structure:Code id="UK009">
                    <common:Annotations>
                        <common:Annotation>
                            <common:AnnotationType>ORDER</common:AnnotationType>
                            <common:AnnotationText xml:lang="en">80</common:AnnotationText>
                            <common:AnnotationText xml:lang="fr">80</common:AnnotationText>
                        </common:Annotation>
                    </common:Annotations>
                    <common:Name xml:lang="en">Cardiff</common:Name>
                    <common:Name xml:lang="fr">Cardiff</common:Name>
                    <structure:Parent>
                        <Ref id="GBR"/>
                    </structure:Parent>
                </structure:Code>
                <structure:Code id="UK010">
                    <common:Annotations>
                        <common:Annotation>
                            <common:AnnotationType>ORDER</common:AnnotationType>
                            <common:AnnotationText xml:lang="en">90</common:AnnotationText>
                            <common:AnnotationText xml:lang="fr">90</common:AnnotationText>
                        </common:Annotation>
                    </common:Annotations>
                    <common:Name xml:lang="en">Sheffield</common:Name>
                    <common:Name xml:lang="fr">Sheffield</common:Name>
                    <structure:Parent>
                        <Ref id="GBR"/>
                    </structure:Parent>
                </structure:Code>
                <structure:Code id="UK011">
                    <common:Annotations>
                        <common:Annotation>
                            <common:AnnotationType>ORDER</common:AnnotationType>
                            <common:AnnotationText xml:lang="en">100</common:AnnotationText>
                            <common:AnnotationText xml:lang="fr">100</common:AnnotationText>
                        </common:Annotation>
                    </common:Annotations>
                    <common:Name xml:lang="en">Bristol</common:Name>
                    <common:Name xml:lang="fr">Bristol</common:Name>
                    <structure:Parent>
                        <Ref id="GBR"/>
                    </structure:Parent>
                </structure:Code>
                <structure:Code id="UK012">
                    <common:Annotations>
                        <common:Annotation>
                            <common:AnnotationType>ORDER</common:AnnotationType>
                            <common:AnnotationText xml:lang="en">110</common:AnnotationText>
                            <common:AnnotationText xml:lang="fr">110</common:AnnotationText>
                        </common:Annotation>
                    </common:Annotations>
                    <common:Name xml:lang="en">Belfast</common:Name>
                    <common:Name xml:lang="fr">Belfast</common:Name>
                    <structure:Parent>
                        <Ref id="GBR"/>
                    </structure:Parent>
                </structure:Code>
                <structure:Code id="UK013">
                    <common:Annotations>
                        <common:Annotation>
                            <common:AnnotationType>ORDER</common:AnnotationType>
                            <common:AnnotationText xml:lang="en">120</common:AnnotationText>
                            <common:AnnotationText xml:lang="fr">120</common:AnnotationText>
                        </common:Annotation>
                    </common:Annotations>
                    <common:Name xml:lang="en">Newcastle upon Tyne</common:Name>
                    <common:Name xml:lang="fr">Newcastle upon Tyne</common:Name>
                    <structure:Parent>
                        <Ref id="GBR"/>
                    </structure:Parent>
                </structure:Code>
                <structure:Code id="UK014">
                    <common:Annotations>
                        <common:Annotation>
                            <common:AnnotationType>ORDER</common:AnnotationType>
                            <common:AnnotationText xml:lang="en">130</common:AnnotationText>
                            <common:AnnotationText xml:lang="fr">130</common:AnnotationText>
                        </common:Annotation>
                    </common:Annotations>
                    <common:Name xml:lang="en">Leicester</common:Name>
                    <common:Name xml:lang="fr">Leicester</common:Name>
                    <structure:Parent>
                        <Ref id="GBR"/>
                    </structure:Parent>
                </structure:Code>
                <structure:Code id="UK016">
                    <common:Annotations>
                        <common:Annotation>
                            <common:AnnotationType>ORDER</common:AnnotationType>
                            <common:AnnotationText xml:lang="en">140</common:AnnotationText>
                            <common:AnnotationText xml:lang="fr">140</common:AnnotationText>
                        </common:Annotation>
                    </common:Annotations>
                    <common:Name xml:lang="en">Aberdeen</common:Name>
                    <common:Name xml:lang="fr">Aberdeen</common:Name>
                    <structure:Parent>
                        <Ref id="GBR"/>
                    </structure:Parent>
                </structure:Code>
                <structure:Code id="UK017">
                    <common:Annotations>
                        <common:Annotation>
                            <common:AnnotationType>ORDER</common:AnnotationType>
                            <common:AnnotationText xml:lang="en">150</common:AnnotationText>
                            <common:AnnotationText xml:lang="fr">150</common:AnnotationText>
                        </common:Annotation>
                    </common:Annotations>
                    <common:Name xml:lang="en">Cambridge</common:Name>
                    <common:Name xml:lang="fr">Cambridge</common:Name>
                    <structure:Parent>
                        <Ref id="GBR"/>
                    </structure:Parent>
                </structure:Code>
                <structure:Code id="UK018">
                    <common:Annotations>
                        <common:Annotation>
                            <common:AnnotationType>ORDER</common:AnnotationType>
                            <common:AnnotationText xml:lang="en">160</common:AnnotationText>
                            <common:AnnotationText xml:lang="fr">160</common:AnnotationText>
                        </common:Annotation>
                    </common:Annotations>
                    <common:Name xml:lang="en">Exeter</common:Name>
                    <common:Name xml:lang="fr">Exeter</common:Name>
                    <structure:Parent>
                        <Ref id="GBR"/>
                    </structure:Parent>
                </structure:Code>
                <structure:Code id="UK019">
                    <common:Annotations>
                        <common:Annotation>
                            <common:AnnotationType>ORDER</common:AnnotationType>
                            <common:AnnotationText xml:lang="en">170</common:AnnotationText>
                            <common:AnnotationText xml:lang="fr">170</common:AnnotationText>
                        </common:Annotation>
                    </common:Annotations>
                    <common:Name xml:lang="en">Lincoln</common:Name>
                    <common:Name xml:lang="fr">Lincoln</common:Name>
                    <structure:Parent>
                        <Ref id="GBR"/>
                    </structure:Parent>
                </structure:Code>
                <structure:Code id="UK020">
                    <common:Annotations>
                        <common:Annotation>
                            <common:AnnotationType>ORDER</common:AnnotationType>
                            <common:AnnotationText xml:lang="en">180</common:AnnotationText>
                            <common:AnnotationText xml:lang="fr">180</common:AnnotationText>
                        </common:Annotation>
                    </common:Annotations>
                    <common:Name xml:lang="en">Gravesham</common:Name>
                    <common:Name xml:lang="fr">Gravesham</common:Name>
                    <structure:Parent>
                        <Ref id="GBR"/>
                    </structure:Parent>
                </structure:Code>
                <structure:Code id="UK021">
                    <common:Annotations>
                        <common:Annotation>
                            <common:AnnotationType>ORDER</common:AnnotationType>
                            <common:AnnotationText xml:lang="en">190</common:AnnotationText>
                            <common:AnnotationText xml:lang="fr">190</common:AnnotationText>
                        </common:Annotation>
                    </common:Annotations>
                    <common:Name xml:lang="en">Stevenage</common:Name>
                    <common:Name xml:lang="fr">Stevenage</common:Name>
                    <structure:Parent>
                        <Ref id="GBR"/>
                    </structure:Parent>
                </structure:Code>
                <structure:Code id="UK022">
                    <common:Annotations>
                        <common:Annotation>
                            <common:AnnotationType>ORDER</common:AnnotationType>
                            <common:AnnotationText xml:lang="en">200</common:AnnotationText>
                            <common:AnnotationText xml:lang="fr">200</common:AnnotationText>
                        </common:Annotation>
                    </common:Annotations>
                    <common:Name xml:lang="en">Wrexham</common:Name>
                    <common:Name xml:lang="fr">Wrexham</common:Name>
                    <structure:Parent>
                        <Ref id="GBR"/>
                    </structure:Parent>
                </structure:Code>
                <structure:Code id="UK023">
                    <common:Annotations>
                        <common:Annotation>
                            <common:AnnotationType>ORDER</common:AnnotationType>
                            <common:AnnotationText xml:lang="en">210</common:AnnotationText>
                            <common:AnnotationText xml:lang="fr">210</common:AnnotationText>
                        </common:Annotation>
                    </common:Annotations>
                    <common:Name xml:lang="en">Portsmouth</common:Name>
                    <common:Name xml:lang="fr">Portsmouth</common:Name>
                    <structure:Parent>
                        <Ref id="GBR"/>
                    </structure:Parent>
                </structure:Code>
                <structure:Code id="UK024">
                    <common:Annotations>
                        <common:Annotation>
                            <common:AnnotationType>ORDER</common:AnnotationType>
                            <common:AnnotationText xml:lang="en">220</common:AnnotationText>
                            <common:AnnotationText xml:lang="fr">220</common:AnnotationText>
                        </common:Annotation>
                    </common:Annotations>
                    <common:Name xml:lang="en">Worcester</common:Name>
                    <common:Name xml:lang="fr">Worcester</common:Name>
                    <structure:Parent>
                        <Ref id="GBR"/>
                    </structure:Parent>
                </structure:Code>
                <structure:Code id="UK025">
                    <common:Annotations>
                        <common:Annotation>
                            <common:AnnotationType>ORDER</common:AnnotationType>
                            <common:AnnotationText xml:lang="en">230</common:AnnotationText>
                            <common:AnnotationText xml:lang="fr">230</common:AnnotationText>
                        </common:Annotation>
                    </common:Annotations>
                    <common:Name xml:lang="en">Coventry</common:Name>
                    <common:Name xml:lang="fr">Coventry</common:Name>
                    <structure:Parent>
                        <Ref id="GBR"/>
                    </structure:Parent>
                </structure:Code>
                <structure:Code id="UK026">
                    <common:Annotations>
                        <common:Annotation>
                            <common:AnnotationType>ORDER</common:AnnotationType>
                            <common:AnnotationText xml:lang="en">240</common:AnnotationText>
                            <common:AnnotationText xml:lang="fr">240</common:AnnotationText>
                        </common:Annotation>
                    </common:Annotations>
                    <common:Name xml:lang="en">Kingston upon Hull</common:Name>
                    <common:Name xml:lang="fr">Kingston upon Hull</common:Name>
                    <structure:Parent>
                        <Ref id="GBR"/>
                    </structure:Parent>
                </structure:Code>
                <structure:Code id="UK027">
                    <common:Annotations>
                        <common:Annotation>
                            <common:AnnotationType>ORDER</common:AnnotationType>
                            <common:AnnotationText xml:lang="en">250</common:AnnotationText>
                            <common:AnnotationText xml:lang="fr">250</common:AnnotationText>
                        </common:Annotation>
                    </common:Annotations>
                    <common:Name xml:lang="en">Stoke-on-Trent</common:Name>
                    <common:Name xml:lang="fr">Stoke-on-Trent</common:Name>
                    <structure:Parent>
                        <Ref id="GBR"/>
                    </structure:Parent>
                </structure:Code>
                <structure:Code id="UK029">
                    <common:Annotations>
                        <common:Annotation>
                            <common:AnnotationType>ORDER</common:AnnotationType>
                            <common:AnnotationText xml:lang="en">260</common:AnnotationText>
                            <common:AnnotationText xml:lang="fr">260</common:AnnotationText>
                        </common:Annotation>
                    </common:Annotations>
                    <common:Name xml:lang="en">Nottingham</common:Name>
                    <common:Name xml:lang="fr">Nottingham</common:Name>
                    <structure:Parent>
                        <Ref id="GBR"/>
                    </structure:Parent>
                </structure:Code>
                <structure:Code id="UK030">
                    <common:Annotations>
                        <common:Annotation>
                            <common:AnnotationType>ORDER</common:AnnotationType>
                            <common:AnnotationText xml:lang="en">270</common:AnnotationText>
                            <common:AnnotationText xml:lang="fr">270</common:AnnotationText>
                        </common:Annotation>
                    </common:Annotations>
                    <common:Name xml:lang="en">Wirral</common:Name>
                    <common:Name xml:lang="fr">Wirral</common:Name>
                    <structure:Parent>
                        <Ref id="GBR"/>
                    </structure:Parent>
                </structure:Code>
                <structure:Code id="UK031">
                    <common:Annotations>
                        <common:Annotation>
                            <common:AnnotationType>ORDER</common:AnnotationType>
                            <common:AnnotationText xml:lang="en">280</common:AnnotationText>
                            <common:AnnotationText xml:lang="fr">280</common:AnnotationText>
                        </common:Annotation>
                    </common:Annotations>
                    <common:Name xml:lang="en">Bath and North East Somerset</common:Name>
                    <common:Name xml:lang="fr">Bath and North East Somerset</common:Name>
                    <structure:Parent>
                        <Ref id="GBR"/>
                    </structure:Parent>
                </structure:Code>
                <structure:Code id="UK033">
                    <common:Annotations>
                        <common:Annotation>
                            <common:AnnotationType>ORDER</common:AnnotationType>
                            <common:AnnotationText xml:lang="en">290</common:AnnotationText>
                            <common:AnnotationText xml:lang="fr">290</common:AnnotationText>
                        </common:Annotation>
                    </common:Annotations>
                    <common:Name xml:lang="en">Guildford</common:Name>
                    <common:Name xml:lang="fr">Guildford</common:Name>
                    <structure:Parent>
                        <Ref id="GBR"/>
                    </structure:Parent>
                </structure:Code>
                <structure:Code id="UK034">
                    <common:Annotations>
                        <common:Annotation>
                            <common:AnnotationType>ORDER</common:AnnotationType>
                            <common:AnnotationText xml:lang="en">300</common:AnnotationText>
                            <common:AnnotationText xml:lang="fr">300</common:AnnotationText>
                        </common:Annotation>
                    </common:Annotations>
                    <common:Name xml:lang="en">Thanet</common:Name>
                    <common:Name xml:lang="fr">Thanet</common:Name>
                    <structure:Parent>
                        <Ref id="GBR"/>
                    </structure:Parent>
                </structure:Code>
                <structure:Code id="UK035">
                    <common:Annotations>
                        <common:Annotation>
                            <common:AnnotationType>ORDER</common:AnnotationType>
                            <common:AnnotationText xml:lang="en">310</common:AnnotationText>
                            <common:AnnotationText xml:lang="fr">310</common:AnnotationText>
                        </common:Annotation>
                    </common:Annotations>
                    <common:Name xml:lang="en">Nuneaton and Bedworth</common:Name>
                    <common:Name xml:lang="fr">Nuneaton and Bedworth</common:Name>
                    <structure:Parent>
                        <Ref id="GBR"/>
                    </structure:Parent>
                </structure:Code>
                <structure:Code id="UK036">
                    <common:Annotations>
                        <common:Annotation>
                            <common:AnnotationType>ORDER</common:AnnotationType>
                            <common:AnnotationText xml:lang="en">320</common:AnnotationText>
                            <common:AnnotationText xml:lang="fr">320</common:AnnotationText>
                        </common:Annotation>
                    </common:Annotations>
                    <common:Name xml:lang="en">Fareham</common:Name>
                    <common:Name xml:lang="fr">Fareham</common:Name>
                    <structure:Parent>
                        <Ref id="GBR"/>
                    </structure:Parent>
                </structure:Code>
                <structure:Code id="UK038">
                    <common:Annotations>
                        <common:Annotation>
                            <common:AnnotationType>ORDER</common:AnnotationType>
                            <common:AnnotationText xml:lang="en">330</common:AnnotationText>
                            <common:AnnotationText xml:lang="fr">330</common:AnnotationText>
                        </common:Annotation>
                    </common:Annotations>
                    <common:Name xml:lang="en">Waveney</common:Name>
                    <common:Name xml:lang="fr">Waveney</common:Name>
                    <structure:Parent>
                        <Ref id="GBR"/>
                    </structure:Parent>
                </structure:Code>
                <structure:Code id="UK040">
                    <common:Annotations>
                        <common:Annotation>
                            <common:AnnotationType>ORDER</common:AnnotationType>
                            <common:AnnotationText xml:lang="en">340</common:AnnotationText>
                            <common:AnnotationText xml:lang="fr">340</common:AnnotationText>
                        </common:Annotation>
                    </common:Annotations>
                    <common:Name xml:lang="en">Tunbridge Wells</common:Name>
                    <common:Name xml:lang="fr">Tunbridge Wells</common:Name>
                    <structure:Parent>
                        <Ref id="GBR"/>
                    </structure:Parent>
                </structure:Code>
                <structure:Code id="UK041">
                    <common:Annotations>
                        <common:Annotation>
                            <common:AnnotationType>ORDER</common:AnnotationType>
                            <common:AnnotationText xml:lang="en">350</common:AnnotationText>
                            <common:AnnotationText xml:lang="fr">350</common:AnnotationText>
                        </common:Annotation>
                    </common:Annotations>
                    <common:Name xml:lang="en">Ashford</common:Name>
                    <common:Name xml:lang="fr">Ashford</common:Name>
                    <structure:Parent>
                        <Ref id="GBR"/>
                    </structure:Parent>
                </structure:Code>
                <structure:Code id="UK043">
                    <common:Annotations>
                        <common:Annotation>
                            <common:AnnotationType>ORDER</common:AnnotationType>
                            <common:AnnotationText xml:lang="en">360</common:AnnotationText>
                            <common:AnnotationText xml:lang="fr">360</common:AnnotationText>
                        </common:Annotation>
                    </common:Annotations>
                    <common:Name xml:lang="en">East Staffordshire</common:Name>
                    <common:Name xml:lang="fr">East Staffordshire</common:Name>
                    <structure:Parent>
                        <Ref id="GBR"/>
                    </structure:Parent>
                </structure:Code>
                <structure:Code id="UK044">
                    <common:Annotations>
                        <common:Annotation>
                            <common:AnnotationType>ORDER</common:AnnotationType>
                            <common:AnnotationText xml:lang="en">370</common:AnnotationText>
                            <common:AnnotationText xml:lang="fr">370</common:AnnotationText>
                        </common:Annotation>
                    </common:Annotations>
                    <common:Name xml:lang="en">Darlington</common:Name>
                    <common:Name xml:lang="fr">Darlington</common:Name>
                    <structure:Parent>
                        <Ref id="GBR"/>
                    </structure:Parent>
                </structure:Code>
                <structure:Code id="UK045">
                    <common:Annotations>
                        <common:Annotation>
                            <common:AnnotationType>ORDER</common:AnnotationType>
                            <common:AnnotationText xml:lang="en">380</common:AnnotationText>
                            <common:AnnotationText xml:lang="fr">380</common:AnnotationText>
                        </common:Annotation>
                    </common:Annotations>
                    <common:Name xml:lang="en">Worthing</common:Name>
                    <common:Name xml:lang="fr">Worthing</common:Name>
                    <structure:Parent>
                        <Ref id="GBR"/>
                    </structure:Parent>
                </structure:Code>
                <structure:Code id="UK046">
                    <common:Annotations>
                        <common:Annotation>
                            <common:AnnotationType>ORDER</common:AnnotationType>
                            <common:AnnotationText xml:lang="en">390</common:AnnotationText>
                            <common:AnnotationText xml:lang="fr">390</common:AnnotationText>
                        </common:Annotation>
                    </common:Annotations>
                    <common:Name xml:lang="en">Mansfield</common:Name>
                    <common:Name xml:lang="fr">Mansfield</common:Name>
                    <structure:Parent>
                        <Ref id="GBR"/>
                    </structure:Parent>
                </structure:Code>
                <structure:Code id="UK047">
                    <common:Annotations>
                        <common:Annotation>
                            <common:AnnotationType>ORDER</common:AnnotationType>
                            <common:AnnotationText xml:lang="en">400</common:AnnotationText>
                            <common:AnnotationText xml:lang="fr">400</common:AnnotationText>
                        </common:Annotation>
                    </common:Annotations>
                    <common:Name xml:lang="en">Chesterfield</common:Name>
                    <common:Name xml:lang="fr">Chesterfield</common:Name>
                    <structure:Parent>
                        <Ref id="GBR"/>
                    </structure:Parent>
                </structure:Code>
                <structure:Code id="UK050">
                    <common:Annotations>
                        <common:Annotation>
                            <common:AnnotationType>ORDER</common:AnnotationType>
                            <common:AnnotationText xml:lang="en">410</common:AnnotationText>
                            <common:AnnotationText xml:lang="fr">410</common:AnnotationText>
                        </common:Annotation>
                    </common:Annotations>
                    <common:Name xml:lang="en">Burnley</common:Name>
                    <common:Name xml:lang="fr">Burnley</common:Name>
                    <structure:Parent>
                        <Ref id="GBR"/>
                    </structure:Parent>
                </structure:Code>
                <structure:Code id="UK051">
                    <common:Annotations>
                        <common:Annotation>
                            <common:AnnotationType>ORDER</common:AnnotationType>
                            <common:AnnotationText xml:lang="en">420</common:AnnotationText>
                            <common:AnnotationText xml:lang="fr">420</common:AnnotationText>
                        </common:Annotation>
                    </common:Annotations>
                    <common:Name xml:lang="en">Great Yarmouth</common:Name>
                    <common:Name xml:lang="fr">Great Yarmouth</common:Name>
                    <structure:Parent>
                        <Ref id="GBR"/>
                    </structure:Parent>
                </structure:Code>
                <structure:Code id="UK052">
                    <common:Annotations>
                        <common:Annotation>
                            <common:AnnotationType>ORDER</common:AnnotationType>
                            <common:AnnotationText xml:lang="en">430</common:AnnotationText>
                            <common:AnnotationText xml:lang="fr">430</common:AnnotationText>
                        </common:Annotation>
                    </common:Annotations>
                    <common:Name xml:lang="en">Woking</common:Name>
                    <common:Name xml:lang="fr">Woking</common:Name>
                    <structure:Parent>
                        <Ref id="GBR"/>
                    </structure:Parent>
                </structure:Code>
                <structure:Code id="UK053">
                    <common:Annotations>
                        <common:Annotation>
                            <common:AnnotationType>ORDER</common:AnnotationType>
                            <common:AnnotationText xml:lang="en">440</common:AnnotationText>
                            <common:AnnotationText xml:lang="fr">440</common:AnnotationText>
                        </common:Annotation>
                    </common:Annotations>
                    <common:Name xml:lang="en">Hartlepool</common:Name>
                    <common:Name xml:lang="fr">Hartlepool</common:Name>
                    <structure:Parent>
                        <Ref id="GBR"/>
                    </structure:Parent>
                </structure:Code>
                <structure:Code id="UK054">
                    <common:Annotations>
                        <common:Annotation>
                            <common:AnnotationType>ORDER</common:AnnotationType>
                            <common:AnnotationText xml:lang="en">450</common:AnnotationText>
                            <common:AnnotationText xml:lang="fr">450</common:AnnotationText>
                        </common:Annotation>
                    </common:Annotations>
                    <common:Name xml:lang="en">Cannock Chase</common:Name>
                    <common:Name xml:lang="fr">Cannock Chase</common:Name>
                    <structure:Parent>
                        <Ref id="GBR"/>
                    </structure:Parent>
                </structure:Code>
                <structure:Code id="UK055">
                    <common:Annotations>
                        <common:Annotation>
                            <common:AnnotationType>ORDER</common:AnnotationType>
                            <common:AnnotationText xml:lang="en">460</common:AnnotationText>
                            <common:AnnotationText xml:lang="fr">460</common:AnnotationText>
                        </common:Annotation>
                    </common:Annotations>
                    <common:Name xml:lang="en">Eastbourne</common:Name>
                    <common:Name xml:lang="fr">Eastbourne</common:Name>
                    <structure:Parent>
                        <Ref id="GBR"/>
                    </structure:Parent>
                </structure:Code>
                <structure:Code id="UK056">
                    <common:Annotations>
                        <common:Annotation>
                            <common:AnnotationType>ORDER</common:AnnotationType>
                            <common:AnnotationText xml:lang="en">470</common:AnnotationText>
                            <common:AnnotationText xml:lang="fr">470</common:AnnotationText>
                        </common:Annotation>
                    </common:Annotations>
                    <common:Name xml:lang="en">Hastings</common:Name>
                    <common:Name xml:lang="fr">Hastings</common:Name>
                    <structure:Parent>
                        <Ref id="GBR"/>
                    </structure:Parent>
                </structure:Code>
                <structure:Code id="UK059">
                    <common:Annotations>
                        <common:Annotation>
                            <common:AnnotationType>ORDER</common:AnnotationType>
                            <common:AnnotationText xml:lang="en">480</common:AnnotationText>
                            <common:AnnotationText xml:lang="fr">480</common:AnnotationText>
                        </common:Annotation>
                    </common:Annotations>
                    <common:Name xml:lang="en">Redditch</common:Name>
                    <common:Name xml:lang="fr">Redditch</common:Name>
                    <structure:Parent>
                        <Ref id="GBR"/>
                    </structure:Parent>
                </structure:Code>
                <structure:Code id="UK062">
                    <common:Annotations>
                        <common:Annotation>
                            <common:AnnotationType>ORDER</common:AnnotationType>
                            <common:AnnotationText xml:lang="en">490</common:AnnotationText>
                            <common:AnnotationText xml:lang="fr">490</common:AnnotationText>
                        </common:Annotation>
                    </common:Annotations>
                    <common:Name xml:lang="en">Halton</common:Name>
                    <common:Name xml:lang="fr">Halton</common:Name>
                    <structure:Parent>
                        <Ref id="GBR"/>
                    </structure:Parent>
                </structure:Code>
                <structure:Code id="UK506">
                    <common:Annotations>
                        <common:Annotation>
                            <common:AnnotationType>ORDER</common:AnnotationType>
                            <common:AnnotationText xml:lang="en">500</common:AnnotationText>
                            <common:AnnotationText xml:lang="fr">500</common:AnnotationText>
                        </common:Annotation>
                    </common:Annotations>
                    <common:Name xml:lang="en">Doncaster</common:Name>
                    <common:Name xml:lang="fr">Doncaster</common:Name>
                    <structure:Parent>
                        <Ref id="GBR"/>
                    </structure:Parent>
                </structure:Code>
                <structure:Code id="UK510">
                    <common:Annotations>
                        <common:Annotation>
                            <common:AnnotationType>ORDER</common:AnnotationType>
                            <common:AnnotationText xml:lang="en">510</common:AnnotationText>
                            <common:AnnotationText xml:lang="fr">510</common:AnnotationText>
                        </common:Annotation>
                    </common:Annotations>
                    <common:Name xml:lang="en">Sunderland</common:Name>
                    <common:Name xml:lang="fr">Sunderland</common:Name>
                    <structure:Parent>
                        <Ref id="GBR"/>
                    </structure:Parent>
                </structure:Code>
                <structure:Code id="UK513">
                    <common:Annotations>
                        <common:Annotation>
                            <common:AnnotationType>ORDER</common:AnnotationType>
                            <common:AnnotationText xml:lang="en">520</common:AnnotationText>
                            <common:AnnotationText xml:lang="fr">520</common:AnnotationText>
                        </common:Annotation>
                    </common:Annotations>
                    <common:Name xml:lang="en">Medway</common:Name>
                    <common:Name xml:lang="fr">Medway</common:Name>
                    <structure:Parent>
                        <Ref id="GBR"/>
                    </structure:Parent>
                </structure:Code>
                <structure:Code id="UK515">
                    <common:Annotations>
                        <common:Annotation>
                            <common:AnnotationType>ORDER</common:AnnotationType>
                            <common:AnnotationText xml:lang="en">530</common:AnnotationText>
                            <common:AnnotationText xml:lang="fr">530</common:AnnotationText>
                        </common:Annotation>
                    </common:Annotations>
                    <common:Name xml:lang="en">Brighton and Hove</common:Name>
                    <common:Name xml:lang="fr">Brighton and Hove</common:Name>
                    <structure:Parent>
                        <Ref id="GBR"/>
                    </structure:Parent>
                </structure:Code>
                <structure:Code id="UK516">
                    <common:Annotations>
                        <common:Annotation>
                            <common:AnnotationType>ORDER</common:AnnotationType>
                            <common:AnnotationText xml:lang="en">540</common:AnnotationText>
                            <common:AnnotationText xml:lang="fr">540</common:AnnotationText>
                        </common:Annotation>
                    </common:Annotations>
                    <common:Name xml:lang="en">Plymouth</common:Name>
                    <common:Name xml:lang="fr">Plymouth</common:Name>
                    <structure:Parent>
                        <Ref id="GBR"/>
                    </structure:Parent>
                </structure:Code>
                <structure:Code id="UK517">
                    <common:Annotations>
                        <common:Annotation>
                            <common:AnnotationType>ORDER</common:AnnotationType>
                            <common:AnnotationText xml:lang="en">550</common:AnnotationText>
                            <common:AnnotationText xml:lang="fr">550</common:AnnotationText>
                        </common:Annotation>
                    </common:Annotations>
                    <common:Name xml:lang="en">Swansea</common:Name>
                    <common:Name xml:lang="fr">Swansea</common:Name>
                    <structure:Parent>
                        <Ref id="GBR"/>
                    </structure:Parent>
                </structure:Code>
                <structure:Code id="UK518">
                    <common:Annotations>
                        <common:Annotation>
                            <common:AnnotationType>ORDER</common:AnnotationType>
                            <common:AnnotationText xml:lang="en">560</common:AnnotationText>
                            <common:AnnotationText xml:lang="fr">560</common:AnnotationText>
                        </common:Annotation>
                    </common:Annotations>
                    <common:Name xml:lang="en">Derby</common:Name>
                    <common:Name xml:lang="fr">Derby</common:Name>
                    <structure:Parent>
                        <Ref id="GBR"/>
                    </structure:Parent>
                </structure:Code>
                <structure:Code id="UK520">
                    <common:Annotations>
                        <common:Annotation>
                            <common:AnnotationType>ORDER</common:AnnotationType>
                            <common:AnnotationText xml:lang="en">570</common:AnnotationText>
                            <common:AnnotationText xml:lang="fr">570</common:AnnotationText>
                        </common:Annotation>
                    </common:Annotations>
                    <common:Name xml:lang="en">Southampton</common:Name>
                    <common:Name xml:lang="fr">Southampton</common:Name>
                    <structure:Parent>
                        <Ref id="GBR"/>
                    </structure:Parent>
                </structure:Code>
                <structure:Code id="UK525">
                    <common:Annotations>
                        <common:Annotation>
                            <common:AnnotationType>ORDER</common:AnnotationType>
                            <common:AnnotationText xml:lang="en">580</common:AnnotationText>
                            <common:AnnotationText xml:lang="fr">580</common:AnnotationText>
                        </common:Annotation>
                    </common:Annotations>
                    <common:Name xml:lang="en">Milton Keynes</common:Name>
                    <common:Name xml:lang="fr">Milton Keynes</common:Name>
                    <structure:Parent>
                        <Ref id="GBR"/>
                    </structure:Parent>
                </structure:Code>
                <structure:Code id="UK528">
                    <common:Annotations>
                        <common:Annotation>
                            <common:AnnotationType>ORDER</common:AnnotationType>
                            <common:AnnotationText xml:lang="en">590</common:AnnotationText>
                            <common:AnnotationText xml:lang="fr">590</common:AnnotationText>
                        </common:Annotation>
                    </common:Annotations>
                    <common:Name xml:lang="en">Northampton</common:Name>
                    <common:Name xml:lang="fr">Northampton</common:Name>
                    <structure:Parent>
                        <Ref id="GBR"/>
                    </structure:Parent>
                </structure:Code>
                <structure:Code id="UK531">
                    <common:Annotations>
                        <common:Annotation>
                            <common:AnnotationType>ORDER</common:AnnotationType>
                            <common:AnnotationText xml:lang="en">600</common:AnnotationText>
                            <common:AnnotationText xml:lang="fr">600</common:AnnotationText>
                        </common:Annotation>
                    </common:Annotations>
                    <common:Name xml:lang="en">Warrington</common:Name>
                    <common:Name xml:lang="fr">Warrington</common:Name>
                    <structure:Parent>
                        <Ref id="GBR"/>
                    </structure:Parent>
                </structure:Code>
                <structure:Code id="UK532">
                    <common:Annotations>
                        <common:Annotation>
                            <common:AnnotationType>ORDER</common:AnnotationType>
                            <common:AnnotationText xml:lang="en">610</common:AnnotationText>
                            <common:AnnotationText xml:lang="fr">610</common:AnnotationText>
                        </common:Annotation>
                    </common:Annotations>
                    <common:Name xml:lang="en">Luton</common:Name>
                    <common:Name xml:lang="fr">Luton</common:Name>
                    <structure:Parent>
                        <Ref id="GBR"/>
                    </structure:Parent>
                </structure:Code>
                <structure:Code id="UK533">
                    <common:Annotations>
                        <common:Annotation>
                            <common:AnnotationType>ORDER</common:AnnotationType>
                            <common:AnnotationText xml:lang="en">620</common:AnnotationText>
                            <common:AnnotationText xml:lang="fr">620</common:AnnotationText>
                        </common:Annotation>
                    </common:Annotations>
                    <common:Name xml:lang="en">York</common:Name>
                    <common:Name xml:lang="fr">York</common:Name>
                    <structure:Parent>
                        <Ref id="GBR"/>
                    </structure:Parent>
                </structure:Code>
                <structure:Code id="UK535">
                    <common:Annotations>
                        <common:Annotation>
                            <common:AnnotationType>ORDER</common:AnnotationType>
                            <common:AnnotationText xml:lang="en">630</common:AnnotationText>
                            <common:AnnotationText xml:lang="fr">630</common:AnnotationText>
                        </common:Annotation>
                    </common:Annotations>
                    <common:Name xml:lang="en">Swindon</common:Name>
                    <common:Name xml:lang="fr">Swindon</common:Name>
                    <structure:Parent>
                        <Ref id="GBR"/>
                    </structure:Parent>
                </structure:Code>
                <structure:Code id="UK539">
                    <common:Annotations>
                        <common:Annotation>
                            <common:AnnotationType>ORDER</common:AnnotationType>
                            <common:AnnotationText xml:lang="en">640</common:AnnotationText>
                            <common:AnnotationText xml:lang="fr">640</common:AnnotationText>
                        </common:Annotation>
                    </common:Annotations>
                    <common:Name xml:lang="en">Bournemouth</common:Name>
                    <common:Name xml:lang="fr">Bournemouth</common:Name>
                    <structure:Parent>
                        <Ref id="GBR"/>
                    </structure:Parent>
                </structure:Code>
                <structure:Code id="UK540">
                    <common:Annotations>
                        <common:Annotation>
                            <common:AnnotationType>ORDER</common:AnnotationType>
                            <common:AnnotationText xml:lang="en">650</common:AnnotationText>
                            <common:AnnotationText xml:lang="fr">650</common:AnnotationText>
                        </common:Annotation>
                    </common:Annotations>
                    <common:Name xml:lang="en">Wycombe</common:Name>
                    <common:Name xml:lang="fr">Wycombe</common:Name>
                    <structure:Parent>
                        <Ref id="GBR"/>
                    </structure:Parent>
                </structure:Code>
                <structure:Code id="UK542">
                    <common:Annotations>
                        <common:Annotation>
                            <common:AnnotationType>ORDER</common:AnnotationType>
                            <common:AnnotationText xml:lang="en">660</common:AnnotationText>
                            <common:AnnotationText xml:lang="fr">660</common:AnnotationText>
                        </common:Annotation>
                    </common:Annotations>
                    <common:Name xml:lang="en">Telford and Wrekin</common:Name>
                    <common:Name xml:lang="fr">Telford and Wrekin</common:Name>
                    <structure:Parent>
                        <Ref id="GBR"/>
                    </structure:Parent>
                </structure:Code>
                <structure:Code id="UK543">
                    <common:Annotations>
                        <common:Annotation>
                            <common:AnnotationType>ORDER</common:AnnotationType>
                            <common:AnnotationText xml:lang="en">670</common:AnnotationText>
                            <common:AnnotationText xml:lang="fr">670</common:AnnotationText>
                        </common:Annotation>
                    </common:Annotations>
                    <common:Name xml:lang="en">North East Lincolnshire</common:Name>
                    <common:Name xml:lang="fr">North East Lincolnshire</common:Name>
                    <structure:Parent>
                        <Ref id="GBR"/>
                    </structure:Parent>
                </structure:Code>
                <structure:Code id="UK545">
                    <common:Annotations>
                        <common:Annotation>
                            <common:AnnotationType>ORDER</common:AnnotationType>
                            <common:AnnotationText xml:lang="en">680</common:AnnotationText>
                            <common:AnnotationText xml:lang="fr">680</common:AnnotationText>
                        </common:Annotation>
                    </common:Annotations>
                    <common:Name xml:lang="en">Peterborough</common:Name>
                    <common:Name xml:lang="fr">Peterborough</common:Name>
                    <structure:Parent>
                        <Ref id="GBR"/>
                    </structure:Parent>
                </structure:Code>
                <structure:Code id="UK546">
                    <common:Annotations>
                        <common:Annotation>
                            <common:AnnotationType>ORDER</common:AnnotationType>
                            <common:AnnotationText xml:lang="en">690</common:AnnotationText>
                            <common:AnnotationText xml:lang="fr">690</common:AnnotationText>
                        </common:Annotation>
                    </common:Annotations>
                    <common:Name xml:lang="en">Colchester</common:Name>
                    <common:Name xml:lang="fr">Colchester</common:Name>
                    <structure:Parent>
                        <Ref id="GBR"/>
                    </structure:Parent>
                </structure:Code>
                <structure:Code id="UK548">
                    <common:Annotations>
                        <common:Annotation>
                            <common:AnnotationType>ORDER</common:AnnotationType>
                            <common:AnnotationText xml:lang="en">700</common:AnnotationText>
                            <common:AnnotationText xml:lang="fr">700</common:AnnotationText>
                        </common:Annotation>
                    </common:Annotations>
                    <common:Name xml:lang="en">Basingstoke and Deane</common:Name>
                    <common:Name xml:lang="fr">Basingstoke and Deane</common:Name>
                    <structure:Parent>
                        <Ref id="GBR"/>
                    </structure:Parent>
                </structure:Code>
                <structure:Code id="UK549">
                    <common:Annotations>
                        <common:Annotation>
                            <common:AnnotationType>ORDER</common:AnnotationType>
                            <common:AnnotationText xml:lang="en">710</common:AnnotationText>
                            <common:AnnotationText xml:lang="fr">710</common:AnnotationText>
                        </common:Annotation>
                    </common:Annotations>
                    <common:Name xml:lang="en">Bedford</common:Name>
                    <common:Name xml:lang="fr">Bedford</common:Name>
                    <structure:Parent>
                        <Ref id="GBR"/>
                    </structure:Parent>
                </structure:Code>
                <structure:Code id="UK550">
                    <common:Annotations>
                        <common:Annotation>
                            <common:AnnotationType>ORDER</common:AnnotationType>
                            <common:AnnotationText xml:lang="en">720</common:AnnotationText>
                            <common:AnnotationText xml:lang="fr">720</common:AnnotationText>
                        </common:Annotation>
                    </common:Annotations>
                    <common:Name xml:lang="en">Dundee City</common:Name>
                    <common:Name xml:lang="fr">Dundee City</common:Name>
                    <structure:Parent>
                        <Ref id="GBR"/>
                    </structure:Parent>
                </structure:Code>
                <structure:Code id="UK551">
                    <common:Annotations>
                        <common:Annotation>
                            <common:AnnotationType>ORDER</common:AnnotationType>
                            <common:AnnotationText xml:lang="en">730</common:AnnotationText>
                            <common:AnnotationText xml:lang="fr">730</common:AnnotationText>
                        </common:Annotation>
                    </common:Annotations>
                    <common:Name xml:lang="en">Falkirk</common:Name>
                    <common:Name xml:lang="fr">Falkirk</common:Name>
                    <structure:Parent>
                        <Ref id="GBR"/>
                    </structure:Parent>
                </structure:Code>
                <structure:Code id="UK552">
                    <common:Annotations>
                        <common:Annotation>
                            <common:AnnotationType>ORDER</common:AnnotationType>
                            <common:AnnotationText xml:lang="en">740</common:AnnotationText>
                            <common:AnnotationText xml:lang="fr">740</common:AnnotationText>
                        </common:Annotation>
                    </common:Annotations>
                    <common:Name xml:lang="en">Reading</common:Name>
                    <common:Name xml:lang="fr">Reading</common:Name>
                    <structure:Parent>
                        <Ref id="GBR"/>
                    </structure:Parent>
                </structure:Code>
                <structure:Code id="UK553">
                    <common:Annotations>
                        <common:Annotation>
                            <common:AnnotationType>ORDER</common:AnnotationType>
                            <common:AnnotationText xml:lang="en">750</common:AnnotationText>
                            <common:AnnotationText xml:lang="fr">750</common:AnnotationText>
                        </common:Annotation>
                    </common:Annotations>
                    <common:Name xml:lang="en">Blackpool</common:Name>
                    <common:Name xml:lang="fr">Blackpool</common:Name>
                    <structure:Parent>
                        <Ref id="GBR"/>
                    </structure:Parent>
                </structure:Code>
                <structure:Code id="UK554">
                    <common:Annotations>
                        <common:Annotation>
                            <common:AnnotationType>ORDER</common:AnnotationType>
                            <common:AnnotationText xml:lang="en">760</common:AnnotationText>
                            <common:AnnotationText xml:lang="fr">760</common:AnnotationText>
                        </common:Annotation>
                    </common:Annotations>
                    <common:Name xml:lang="en">Maidstone</common:Name>
                    <common:Name xml:lang="fr">Maidstone</common:Name>
                    <structure:Parent>
                        <Ref id="GBR"/>
                    </structure:Parent>
                </structure:Code>
                <structure:Code id="UK556">
                    <common:Annotations>
                        <common:Annotation>
                            <common:AnnotationType>ORDER</common:AnnotationType>
                            <common:AnnotationText xml:lang="en">770</common:AnnotationText>
                            <common:AnnotationText xml:lang="fr">770</common:AnnotationText>
                        </common:Annotation>
                    </common:Annotations>
                    <common:Name xml:lang="en">Dacorum</common:Name>
                    <common:Name xml:lang="fr">Dacorum</common:Name>
                    <structure:Parent>
                        <Ref id="GBR"/>
                    </structure:Parent>
                </structure:Code>
                <structure:Code id="UK557">
                    <common:Annotations>
                        <common:Annotation>
                            <common:AnnotationType>ORDER</common:AnnotationType>
                            <common:AnnotationText xml:lang="en">780</common:AnnotationText>
                            <common:AnnotationText xml:lang="fr">780</common:AnnotationText>
                        </common:Annotation>
                    </common:Annotations>
                    <common:Name xml:lang="en">Blackburn with Darwen</common:Name>
                    <common:Name xml:lang="fr">Blackburn with Darwen</common:Name>
                    <structure:Parent>
                        <Ref id="GBR"/>
                    </structure:Parent>
                </structure:Code>
                <structure:Code id="UK558">
                    <common:Annotations>
                        <common:Annotation>
                            <common:AnnotationType>ORDER</common:AnnotationType>
                            <common:AnnotationText xml:lang="en">790</common:AnnotationText>
                            <common:AnnotationText xml:lang="fr">790</common:AnnotationText>
                        </common:Annotation>
                    </common:Annotations>
                    <common:Name xml:lang="en">Newport</common:Name>
                    <common:Name xml:lang="fr">Newport</common:Name>
                    <structure:Parent>
                        <Ref id="GBR"/>
                    </structure:Parent>
                </structure:Code>
                <structure:Code id="UK559">
                    <common:Annotations>
                        <common:Annotation>
                            <common:AnnotationType>ORDER</common:AnnotationType>
                            <common:AnnotationText xml:lang="en">800</common:AnnotationText>
                            <common:AnnotationText xml:lang="fr">800</common:AnnotationText>
                        </common:Annotation>
                    </common:Annotations>
                    <common:Name xml:lang="en">Middlesbrough</common:Name>
                    <common:Name xml:lang="fr">Middlesbrough</common:Name>
                    <structure:Parent>
                        <Ref id="GBR"/>
                    </structure:Parent>
                </structure:Code>
                <structure:Code id="UK560">
                    <common:Annotations>
                        <common:Annotation>
                            <common:AnnotationType>ORDER</common:AnnotationType>
                            <common:AnnotationText xml:lang="en">810</common:AnnotationText>
                            <common:AnnotationText xml:lang="fr">810</common:AnnotationText>
                        </common:Annotation>
                    </common:Annotations>
                    <common:Name xml:lang="en">Oxford</common:Name>
                    <common:Name xml:lang="fr">Oxford</common:Name>
                    <structure:Parent>
                        <Ref id="GBR"/>
                    </structure:Parent>
                </structure:Code>
                <structure:Code id="UK561">
                    <common:Annotations>
                        <common:Annotation>
                            <common:AnnotationType>ORDER</common:AnnotationType>
                            <common:AnnotationText xml:lang="en">820</common:AnnotationText>
                            <common:AnnotationText xml:lang="fr">820</common:AnnotationText>
                        </common:Annotation>
                    </common:Annotations>
                    <common:Name xml:lang="en">Torbay</common:Name>
                    <common:Name xml:lang="fr">Torbay</common:Name>
                    <structure:Parent>
                        <Ref id="GBR"/>
                    </structure:Parent>
                </structure:Code>
                <structure:Code id="UK562">
                    <common:Annotations>
                        <common:Annotation>
                            <common:AnnotationType>ORDER</common:AnnotationType>
                            <common:AnnotationText xml:lang="en">830</common:AnnotationText>
                            <common:AnnotationText xml:lang="fr">830</common:AnnotationText>
                        </common:Annotation>
                    </common:Annotations>
                    <common:Name xml:lang="en">Preston</common:Name>
                    <common:Name xml:lang="fr">Preston</common:Name>
                    <structure:Parent>
                        <Ref id="GBR"/>
                    </structure:Parent>
                </structure:Code>
                <structure:Code id="UK566">
                    <common:Annotations>
                        <common:Annotation>
                            <common:AnnotationType>ORDER</common:AnnotationType>
                            <common:AnnotationText xml:lang="en">840</common:AnnotationText>
                            <common:AnnotationText xml:lang="fr">840</common:AnnotationText>
                        </common:Annotation>
                    </common:Annotations>
                    <common:Name xml:lang="en">Norwich</common:Name>
                    <common:Name xml:lang="fr">Norwich</common:Name>
                    <structure:Parent>
                        <Ref id="GBR"/>
                    </structure:Parent>
                </structure:Code>
                <structure:Code id="UK567">
                    <common:Annotations>
                        <common:Annotation>
                            <common:AnnotationType>ORDER</common:AnnotationType>
                            <common:AnnotationText xml:lang="en">850</common:AnnotationText>
                            <common:AnnotationText xml:lang="fr">850</common:AnnotationText>
                        </common:Annotation>
                    </common:Annotations>
                    <common:Name xml:lang="en">Slough</common:Name>
                    <common:Name xml:lang="fr">Slough</common:Name>
                    <structure:Parent>
                        <Ref id="GBR"/>
                    </structure:Parent>
                </structure:Code>
                <structure:Code id="UK568">
                    <common:Annotations>
                        <common:Annotation>
                            <common:AnnotationType>ORDER</common:AnnotationType>
                            <common:AnnotationText xml:lang="en">860</common:AnnotationText>
                            <common:AnnotationText xml:lang="fr">860</common:AnnotationText>
                        </common:Annotation>
                    </common:Annotations>
                    <common:Name xml:lang="en">Cheshire West and Chester</common:Name>
                    <common:Name xml:lang="fr">Cheshire West and Chester</common:Name>
                    <structure:Parent>
                        <Ref id="GBR"/>
                    </structure:Parent>
                </structure:Code>
                <structure:Code id="UK569">
                    <common:Annotations>
                        <common:Annotation>
                            <common:AnnotationType>ORDER</common:AnnotationType>
                            <common:AnnotationText xml:lang="en">870</common:AnnotationText>
                            <common:AnnotationText xml:lang="fr">870</common:AnnotationText>
                        </common:Annotation>
                    </common:Annotations>
                    <common:Name xml:lang="en">Ipswich</common:Name>
                    <common:Name xml:lang="fr">Ipswich</common:Name>
                    <structure:Parent>
                        <Ref id="GBR"/>
                    </structure:Parent>
                </structure:Code>
                <structure:Code id="UK571">
                    <common:Annotations>
                        <common:Annotation>
                            <common:AnnotationType>ORDER</common:AnnotationType>
                            <common:AnnotationText xml:lang="en">880</common:AnnotationText>
                            <common:AnnotationText xml:lang="fr">880</common:AnnotationText>
                        </common:Annotation>
                    </common:Annotations>
                    <common:Name xml:lang="en">Cheltenham</common:Name>
                    <common:Name xml:lang="fr">Cheltenham</common:Name>
                    <structure:Parent>
                        <Ref id="GBR"/>
                    </structure:Parent>
                </structure:Code>
                <structure:Code id="UK572">
                    <common:Annotations>
                        <common:Annotation>
                            <common:AnnotationType>ORDER</common:AnnotationType>
                            <common:AnnotationText xml:lang="en">890</common:AnnotationText>
                            <common:AnnotationText xml:lang="fr">890</common:AnnotationText>
                        </common:Annotation>
                    </common:Annotations>
                    <common:Name xml:lang="en">Gloucester</common:Name>
                    <common:Name xml:lang="fr">Gloucester</common:Name>
                    <structure:Parent>
                        <Ref id="GBR"/>
                    </structure:Parent>
                </structure:Code>
                <structure:Code id="UK573">
                    <common:Annotations>
                        <common:Annotation>
                            <common:AnnotationType>ORDER</common:AnnotationType>
                            <common:AnnotationText xml:lang="en">900</common:AnnotationText>
                            <common:AnnotationText xml:lang="fr">900</common:AnnotationText>
                        </common:Annotation>
                    </common:Annotations>
                    <common:Name xml:lang="en">Bracknell Forest</common:Name>
                    <common:Name xml:lang="fr">Bracknell Forest</common:Name>
                    <structure:Parent>
                        <Ref id="GBR"/>
                    </structure:Parent>
                </structure:Code>
                <structure:Code id="UK575">
                    <common:Annotations>
                        <common:Annotation>
                            <common:AnnotationType>ORDER</common:AnnotationType>
                            <common:AnnotationText xml:lang="en">910</common:AnnotationText>
                            <common:AnnotationText xml:lang="fr">910</common:AnnotationText>
                        </common:Annotation>
                    </common:Annotations>
                    <common:Name xml:lang="en">Carlisle</common:Name>
                    <common:Name xml:lang="fr">Carlisle</common:Name>
                    <structure:Parent>
                        <Ref id="GBR"/>
                    </structure:Parent>
                </structure:Code>
                <structure:Code id="UK576">
                    <common:Annotations>
                        <common:Annotation>
                            <common:AnnotationType>ORDER</common:AnnotationType>
                            <common:AnnotationText xml:lang="en">920</common:AnnotationText>
                            <common:AnnotationText xml:lang="fr">920</common:AnnotationText>
                        </common:Annotation>
                    </common:Annotations>
                    <common:Name xml:lang="en">Crawley</common:Name>
                    <common:Name xml:lang="fr">Crawley</common:Name>
                    <structure:Parent>
                        <Ref id="GBR"/>
                    </structure:Parent>
                </structure:Code>
                <structure:Code id="UK580">
                    <common:Annotations>
                        <common:Annotation>
                            <common:AnnotationType>ORDER</common:AnnotationType>
                            <common:AnnotationText xml:lang="en">930</common:AnnotationText>
                            <common:AnnotationText xml:lang="fr">930</common:AnnotationText>
                        </common:Annotation>
                    </common:Annotations>
                    <common:Name xml:lang="en">Rushmoor</common:Name>
                    <common:Name xml:lang="fr">Rushmoor</common:Name>
                    <structure:Parent>
                        <Ref id="GBR"/>
                    </structure:Parent>
                </structure:Code>
                <structure:Code id="UK582">
                    <common:Annotations>
                        <common:Annotation>
                            <common:AnnotationType>ORDER</common:AnnotationType>
                            <common:AnnotationText xml:lang="en">940</common:AnnotationText>
                            <common:AnnotationText xml:lang="fr">940</common:AnnotationText>
                        </common:Annotation>
                    </common:Annotations>
                    <common:Name xml:lang="en">Corby</common:Name>
                    <common:Name xml:lang="fr">Corby</common:Name>
                    <structure:Parent>
                        <Ref id="GBR"/>
                    </structure:Parent>
                </structure:Code>
                <structure:Code id="UK583">
                    <common:Annotations>
                        <common:Annotation>
                            <common:AnnotationType>ORDER</common:AnnotationType>
                            <common:AnnotationText xml:lang="en">950</common:AnnotationText>
                            <common:AnnotationText xml:lang="fr">950</common:AnnotationText>
                        </common:Annotation>
                    </common:Annotations>
                    <common:Name xml:lang="en">Kettering</common:Name>
                    <common:Name xml:lang="fr">Kettering</common:Name>
                    <structure:Parent>
                        <Ref id="GBR"/>
                    </structure:Parent>
                </structure:Code>
                <structure:Code id="UK586">
                    <common:Annotations>
                        <common:Annotation>
                            <common:AnnotationType>ORDER</common:AnnotationType>
                            <common:AnnotationText xml:lang="en">960</common:AnnotationText>
                            <common:AnnotationText xml:lang="fr">960</common:AnnotationText>
                        </common:Annotation>
                    </common:Annotations>
                    <common:Name xml:lang="en">Derry &amp; Strabane Local Government District</common:Name>
                    <common:Name xml:lang="fr">Derry &amp; Strabane Local Government District</common:Name>
                    <structure:Parent>
                        <Ref id="GBR"/>
                    </structure:Parent>
                </structure:Code>
                <structure:Code id="USA">
                    <common:Annotations>
                        <common:Annotation>
                            <common:AnnotationType>ORDER</common:AnnotationType>
                            <common:AnnotationText xml:lang="en">470</common:AnnotationText>
                            <common:AnnotationText xml:lang="fr">470</common:AnnotationText>
                        </common:Annotation>
                    </common:Annotations>
                    <common:Name xml:lang="en">United States</common:Name>
                    <common:Name xml:lang="fr">États-Unis</common:Name>
                </structure:Code>
                <structure:Code id="USA01">
                    <common:Annotations>
                        <common:Annotation>
                            <common:AnnotationType>ORDER</common:AnnotationType>
                            <common:AnnotationText xml:lang="en">10</common:AnnotationText>
                            <common:AnnotationText xml:lang="fr">10</common:AnnotationText>
                        </common:Annotation>
                    </common:Annotations>
                    <common:Name xml:lang="en">New York (Greater)</common:Name>
                    <common:Name xml:lang="fr">New York (Greater)</common:Name>
                    <structure:Parent>
                        <Ref id="USA"/>
                    </structure:Parent>
                </structure:Code>
                <structure:Code id="USA02">
                    <common:Annotations>
                        <common:Annotation>
                            <common:AnnotationType>ORDER</common:AnnotationType>
                            <common:AnnotationText xml:lang="en">20</common:AnnotationText>
                            <common:AnnotationText xml:lang="fr">20</common:AnnotationText>
                        </common:Annotation>
                    </common:Annotations>
                    <common:Name xml:lang="en">Los Angeles (Greater)</common:Name>
                    <common:Name xml:lang="fr">Los Angeles (Greater)</common:Name>
                    <structure:Parent>
                        <Ref id="USA"/>
                    </structure:Parent>
                </structure:Code>
                <structure:Code id="USA03">
                    <common:Annotations>
                        <common:Annotation>
                            <common:AnnotationType>ORDER</common:AnnotationType>
                            <common:AnnotationText xml:lang="en">30</common:AnnotationText>
                            <common:AnnotationText xml:lang="fr">30</common:AnnotationText>
                        </common:Annotation>
                    </common:Annotations>
                    <common:Name xml:lang="en">Chicago</common:Name>
                    <common:Name xml:lang="fr">Chicago</common:Name>
                    <structure:Parent>
                        <Ref id="USA"/>
                    </structure:Parent>
                </structure:Code>
                <structure:Code id="USA04">
                    <common:Annotations>
                        <common:Annotation>
                            <common:AnnotationType>ORDER</common:AnnotationType>
                            <common:AnnotationText xml:lang="en">40</common:AnnotationText>
                            <common:AnnotationText xml:lang="fr">40</common:AnnotationText>
                        </common:Annotation>
                    </common:Annotations>
                    <common:Name xml:lang="en">Washington (Greater)</common:Name>
                    <common:Name xml:lang="fr">Washington (Greater)</common:Name>
                    <structure:Parent>
                        <Ref id="USA"/>
                    </structure:Parent>
                </structure:Code>
                <structure:Code id="USA05">
                    <common:Annotations>
                        <common:Annotation>
                            <common:AnnotationType>ORDER</common:AnnotationType>
                            <common:AnnotationText xml:lang="en">50</common:AnnotationText>
                            <common:AnnotationText xml:lang="fr">50</common:AnnotationText>
                        </common:Annotation>
                    </common:Annotations>
                    <common:Name xml:lang="en">San Francisco (Greater)</common:Name>
                    <common:Name xml:lang="fr">San Francisco (Greater)</common:Name>
                    <structure:Parent>
                        <Ref id="USA"/>
                    </structure:Parent>
                </structure:Code>
                <structure:Code id="USA06">
                    <common:Annotations>
                        <common:Annotation>
                            <common:AnnotationType>ORDER</common:AnnotationType>
                            <common:AnnotationText xml:lang="en">60</common:AnnotationText>
                            <common:AnnotationText xml:lang="fr">60</common:AnnotationText>
                        </common:Annotation>
                    </common:Annotations>
                    <common:Name xml:lang="en">Philadelphia (Greater)</common:Name>
                    <common:Name xml:lang="fr">Philadelphia (Greater)</common:Name>
                    <structure:Parent>
                        <Ref id="USA"/>
                    </structure:Parent>
                </structure:Code>
                <structure:Code id="USA07">
                    <common:Annotations>
                        <common:Annotation>
                            <common:AnnotationType>ORDER</common:AnnotationType>
                            <common:AnnotationText xml:lang="en">70</common:AnnotationText>
                            <common:AnnotationText xml:lang="fr">70</common:AnnotationText>
                        </common:Annotation>
                    </common:Annotations>
                    <common:Name xml:lang="en">Dallas</common:Name>
                    <common:Name xml:lang="fr">Dallas</common:Name>
                    <structure:Parent>
                        <Ref id="USA"/>
                    </structure:Parent>
                </structure:Code>
                <structure:Code id="USA08">
                    <common:Annotations>
                        <common:Annotation>
                            <common:AnnotationType>ORDER</common:AnnotationType>
                            <common:AnnotationText xml:lang="en">80</common:AnnotationText>
                            <common:AnnotationText xml:lang="fr">80</common:AnnotationText>
                        </common:Annotation>
                    </common:Annotations>
                    <common:Name xml:lang="en">Houston</common:Name>
                    <common:Name xml:lang="fr">Houston</common:Name>
                    <structure:Parent>
                        <Ref id="USA"/>
                    </structure:Parent>
                </structure:Code>
                <structure:Code id="USA09">
                    <common:Annotations>
                        <common:Annotation>
                            <common:AnnotationType>ORDER</common:AnnotationType>
                            <common:AnnotationText xml:lang="en">90</common:AnnotationText>
                            <common:AnnotationText xml:lang="fr">90</common:AnnotationText>
                        </common:Annotation>
                    </common:Annotations>
                    <common:Name xml:lang="en">Miami (Greater)</common:Name>
                    <common:Name xml:lang="fr">Miami (Greater)</common:Name>
                    <structure:Parent>
                        <Ref id="USA"/>
                    </structure:Parent>
                </structure:Code>
                <structure:Code id="USA10">
                    <common:Annotations>
                        <common:Annotation>
                            <common:AnnotationType>ORDER</common:AnnotationType>
                            <common:AnnotationText xml:lang="en">100</common:AnnotationText>
                            <common:AnnotationText xml:lang="fr">100</common:AnnotationText>
                        </common:Annotation>
                    </common:Annotations>
                    <common:Name xml:lang="en">Atlanta</common:Name>
                    <common:Name xml:lang="fr">Atlanta</common:Name>
                    <structure:Parent>
                        <Ref id="USA"/>
                    </structure:Parent>
                </structure:Code>
                <structure:Code id="USA100">
                    <common:Annotations>
                        <common:Annotation>
                            <common:AnnotationType>ORDER</common:AnnotationType>
                            <common:AnnotationText xml:lang="en">110</common:AnnotationText>
                            <common:AnnotationText xml:lang="fr">110</common:AnnotationText>
                        </common:Annotation>
                    </common:Annotations>
                    <common:Name xml:lang="en">Escambia</common:Name>
                    <common:Name xml:lang="fr">Escambia</common:Name>
                    <structure:Parent>
                        <Ref id="USA"/>
                    </structure:Parent>
                </structure:Code>
                <structure:Code id="USA101">
                    <common:Annotations>
                        <common:Annotation>
                            <common:AnnotationType>ORDER</common:AnnotationType>
                            <common:AnnotationText xml:lang="en">120</common:AnnotationText>
                            <common:AnnotationText xml:lang="fr">120</common:AnnotationText>
                        </common:Annotation>
                    </common:Annotations>
                    <common:Name xml:lang="en">Caddo</common:Name>
                    <common:Name xml:lang="fr">Caddo</common:Name>
                    <structure:Parent>
                        <Ref id="USA"/>
                    </structure:Parent>
                </structure:Code>
                <structure:Code id="USA102">
                    <common:Annotations>
                        <common:Annotation>
                            <common:AnnotationType>ORDER</common:AnnotationType>
                            <common:AnnotationText xml:lang="en">130</common:AnnotationText>
                            <common:AnnotationText xml:lang="fr">130</common:AnnotationText>
                        </common:Annotation>
                    </common:Annotations>
                    <common:Name xml:lang="en">Tulare</common:Name>
                    <common:Name xml:lang="fr">Tulare</common:Name>
                    <structure:Parent>
                        <Ref id="USA"/>
                    </structure:Parent>
                </structure:Code>
                <structure:Code id="USA103">
                    <common:Annotations>
                        <common:Annotation>
                            <common:AnnotationType>ORDER</common:AnnotationType>
                            <common:AnnotationText xml:lang="en">140</common:AnnotationText>
                            <common:AnnotationText xml:lang="fr">140</common:AnnotationText>
                        </common:Annotation>
                    </common:Annotations>
                    <common:Name xml:lang="en">Newport News</common:Name>
                    <common:Name xml:lang="fr">Newport News</common:Name>
                    <structure:Parent>
                        <Ref id="USA"/>
                    </structure:Parent>
                </structure:Code>
                <structure:Code id="USA104">
                    <common:Annotations>
                        <common:Annotation>
                            <common:AnnotationType>ORDER</common:AnnotationType>
                            <common:AnnotationText xml:lang="en">150</common:AnnotationText>
                            <common:AnnotationText xml:lang="fr">150</common:AnnotationText>
                        </common:Annotation>
                    </common:Annotations>
                    <common:Name xml:lang="en">York</common:Name>
                    <common:Name xml:lang="fr">York</common:Name>
                    <structure:Parent>
                        <Ref id="USA"/>
                    </structure:Parent>
                </structure:Code>
                <structure:Code id="USA105">
                    <common:Annotations>
                        <common:Annotation>
                            <common:AnnotationType>ORDER</common:AnnotationType>
                            <common:AnnotationText xml:lang="en">160</common:AnnotationText>
                            <common:AnnotationText xml:lang="fr">160</common:AnnotationText>
                        </common:Annotation>
                    </common:Annotations>
                    <common:Name xml:lang="en">Genesee</common:Name>
                    <common:Name xml:lang="fr">Genesee</common:Name>
                    <structure:Parent>
                        <Ref id="USA"/>
                    </structure:Parent>
                </structure:Code>
                <structure:Code id="USA106">
                    <common:Annotations>
                        <common:Annotation>
                            <common:AnnotationType>ORDER</common:AnnotationType>
                            <common:AnnotationText xml:lang="en">170</common:AnnotationText>
                            <common:AnnotationText xml:lang="fr">170</common:AnnotationText>
                        </common:Annotation>
                    </common:Annotations>
                    <common:Name xml:lang="en">Jefferson (TX)</common:Name>
                    <common:Name xml:lang="fr">Jefferson (TX)</common:Name>
                    <structure:Parent>
                        <Ref id="USA"/>
                    </structure:Parent>
                </structure:Code>
                <structure:Code id="USA107">
                    <common:Annotations>
                        <common:Annotation>
                            <common:AnnotationType>ORDER</common:AnnotationType>
                            <common:AnnotationText xml:lang="en">180</common:AnnotationText>
                            <common:AnnotationText xml:lang="fr">180</common:AnnotationText>
                        </common:Annotation>
                    </common:Annotations>
                    <common:Name xml:lang="en">Santa Barbara</common:Name>
                    <common:Name xml:lang="fr">Santa Barbara</common:Name>
                    <structure:Parent>
                        <Ref id="USA"/>
                    </structure:Parent>
                </structure:Code>
                <structure:Code id="USA108">
                    <common:Annotations>
                        <common:Annotation>
                            <common:AnnotationType>ORDER</common:AnnotationType>
                            <common:AnnotationText xml:lang="en">190</common:AnnotationText>
                            <common:AnnotationText xml:lang="fr">190</common:AnnotationText>
                        </common:Annotation>
                    </common:Annotations>
                    <common:Name xml:lang="en">Lafayette</common:Name>
                    <common:Name xml:lang="fr">Lafayette</common:Name>
                    <structure:Parent>
                        <Ref id="USA"/>
                    </structure:Parent>
                </structure:Code>
                <structure:Code id="USA109">
                    <common:Annotations>
                        <common:Annotation>
                            <common:AnnotationType>ORDER</common:AnnotationType>
                            <common:AnnotationText xml:lang="en">200</common:AnnotationText>
                            <common:AnnotationText xml:lang="fr">200</common:AnnotationText>
                        </common:Annotation>
                    </common:Annotations>
                    <common:Name xml:lang="en">Monterey</common:Name>
                    <common:Name xml:lang="fr">Monterey</common:Name>
                    <structure:Parent>
                        <Ref id="USA"/>
                    </structure:Parent>
                </structure:Code>
                <structure:Code id="USA11">
                    <common:Annotations>
                        <common:Annotation>
                            <common:AnnotationType>ORDER</common:AnnotationType>
                            <common:AnnotationText xml:lang="en">210</common:AnnotationText>
                            <common:AnnotationText xml:lang="fr">210</common:AnnotationText>
                        </common:Annotation>
                    </common:Annotations>
                    <common:Name xml:lang="en">Boston</common:Name>
                    <common:Name xml:lang="fr">Boston</common:Name>
                    <structure:Parent>
                        <Ref id="USA"/>
                    </structure:Parent>
                </structure:Code>
                <structure:Code id="USA110">
                    <common:Annotations>
                        <common:Annotation>
                            <common:AnnotationType>ORDER</common:AnnotationType>
                            <common:AnnotationText xml:lang="en">220</common:AnnotationText>
                            <common:AnnotationText xml:lang="fr">220</common:AnnotationText>
                        </common:Annotation>
                    </common:Annotations>
                    <common:Name xml:lang="en">Mobile</common:Name>
                    <common:Name xml:lang="fr">Mobile</common:Name>
                    <structure:Parent>
                        <Ref id="USA"/>
                    </structure:Parent>
                </structure:Code>
                <structure:Code id="USA111">
                    <common:Annotations>
                        <common:Annotation>
                            <common:AnnotationType>ORDER</common:AnnotationType>
                            <common:AnnotationText xml:lang="en">230</common:AnnotationText>
                            <common:AnnotationText xml:lang="fr">230</common:AnnotationText>
                        </common:Annotation>
                    </common:Annotations>
                    <common:Name xml:lang="en">Berks</common:Name>
                    <common:Name xml:lang="fr">Berks</common:Name>
                    <structure:Parent>
                        <Ref id="USA"/>
                    </structure:Parent>
                </structure:Code>
                <structure:Code id="USA112">
                    <common:Annotations>
                        <common:Annotation>
                            <common:AnnotationType>ORDER</common:AnnotationType>
                            <common:AnnotationText xml:lang="en">240</common:AnnotationText>
                            <common:AnnotationText xml:lang="fr">240</common:AnnotationText>
                        </common:Annotation>
                    </common:Annotations>
                    <common:Name xml:lang="en">Cameron</common:Name>
                    <common:Name xml:lang="fr">Cameron</common:Name>
                    <structure:Parent>
                        <Ref id="USA"/>
                    </structure:Parent>
                </structure:Code>
                <structure:Code id="USA113">
                    <common:Annotations>
                        <common:Annotation>
                            <common:AnnotationType>ORDER</common:AnnotationType>
                            <common:AnnotationText xml:lang="en">250</common:AnnotationText>
                            <common:AnnotationText xml:lang="fr">250</common:AnnotationText>
                        </common:Annotation>
                    </common:Annotations>
                    <common:Name xml:lang="en">Bell</common:Name>
                    <common:Name xml:lang="fr">Bell</common:Name>
                    <structure:Parent>
                        <Ref id="USA"/>
                    </structure:Parent>
                </structure:Code>
                <structure:Code id="USA114">
                    <common:Annotations>
                        <common:Annotation>
                            <common:AnnotationType>ORDER</common:AnnotationType>
                            <common:AnnotationText xml:lang="en">260</common:AnnotationText>
                            <common:AnnotationText xml:lang="fr">260</common:AnnotationText>
                        </common:Annotation>
                    </common:Annotations>
                    <common:Name xml:lang="en">Nueces</common:Name>
                    <common:Name xml:lang="fr">Nueces</common:Name>
                    <structure:Parent>
                        <Ref id="USA"/>
                    </structure:Parent>
                </structure:Code>
                <structure:Code id="USA115">
                    <common:Annotations>
                        <common:Annotation>
                            <common:AnnotationType>ORDER</common:AnnotationType>
                            <common:AnnotationText xml:lang="en">270</common:AnnotationText>
                            <common:AnnotationText xml:lang="fr">270</common:AnnotationText>
                        </common:Annotation>
                    </common:Annotations>
                    <common:Name xml:lang="en">Marion (OR)</common:Name>
                    <common:Name xml:lang="fr">Marion (OR)</common:Name>
                    <structure:Parent>
                        <Ref id="USA"/>
                    </structure:Parent>
                </structure:Code>
                <structure:Code id="USA116">
                    <common:Annotations>
                        <common:Annotation>
                            <common:AnnotationType>ORDER</common:AnnotationType>
                            <common:AnnotationText xml:lang="en">280</common:AnnotationText>
                            <common:AnnotationText xml:lang="fr">280</common:AnnotationText>
                        </common:Annotation>
                    </common:Annotations>
                    <common:Name xml:lang="en">Allen</common:Name>
                    <common:Name xml:lang="fr">Allen</common:Name>
                    <structure:Parent>
                        <Ref id="USA"/>
                    </structure:Parent>
                </structure:Code>
                <structure:Code id="USA117">
                    <common:Annotations>
                        <common:Annotation>
                            <common:AnnotationType>ORDER</common:AnnotationType>
                            <common:AnnotationText xml:lang="en">290</common:AnnotationText>
                            <common:AnnotationText xml:lang="fr">290</common:AnnotationText>
                        </common:Annotation>
                    </common:Annotations>
                    <common:Name xml:lang="en">Scott</common:Name>
                    <common:Name xml:lang="fr">Scott</common:Name>
                    <structure:Parent>
                        <Ref id="USA"/>
                    </structure:Parent>
                </structure:Code>
                <structure:Code id="USA118">
                    <common:Annotations>
                        <common:Annotation>
                            <common:AnnotationType>ORDER</common:AnnotationType>
                            <common:AnnotationText xml:lang="en">300</common:AnnotationText>
                            <common:AnnotationText xml:lang="fr">300</common:AnnotationText>
                        </common:Annotation>
                    </common:Annotations>
                    <common:Name xml:lang="en">Stark</common:Name>
                    <common:Name xml:lang="fr">Stark</common:Name>
                    <structure:Parent>
                        <Ref id="USA"/>
                    </structure:Parent>
                </structure:Code>
                <structure:Code id="USA119">
                    <common:Annotations>
                        <common:Annotation>
                            <common:AnnotationType>ORDER</common:AnnotationType>
                            <common:AnnotationText xml:lang="en">310</common:AnnotationText>
                            <common:AnnotationText xml:lang="fr">310</common:AnnotationText>
                        </common:Annotation>
                    </common:Annotations>
                    <common:Name xml:lang="en">Tallahassee</common:Name>
                    <common:Name xml:lang="fr">Tallahassee</common:Name>
                    <structure:Parent>
                        <Ref id="USA"/>
                    </structure:Parent>
                </structure:Code>
                <structure:Code id="USA12">
                    <common:Annotations>
                        <common:Annotation>
                            <common:AnnotationType>ORDER</common:AnnotationType>
                            <common:AnnotationText xml:lang="en">320</common:AnnotationText>
                            <common:AnnotationText xml:lang="fr">320</common:AnnotationText>
                        </common:Annotation>
                    </common:Annotations>
                    <common:Name xml:lang="en">Phoenix</common:Name>
                    <common:Name xml:lang="fr">Phoenix</common:Name>
                    <structure:Parent>
                        <Ref id="USA"/>
                    </structure:Parent>
                </structure:Code>
                <structure:Code id="USA120">
                    <common:Annotations>
                        <common:Annotation>
                            <common:AnnotationType>ORDER</common:AnnotationType>
                            <common:AnnotationText xml:lang="en">330</common:AnnotationText>
                            <common:AnnotationText xml:lang="fr">330</common:AnnotationText>
                        </common:Annotation>
                    </common:Annotations>
                    <common:Name xml:lang="en">Cumberland (NC)</common:Name>
                    <common:Name xml:lang="fr">Cumberland (NC)</common:Name>
                    <structure:Parent>
                        <Ref id="USA"/>
                    </structure:Parent>
                </structure:Code>
                <structure:Code id="USA121">
                    <common:Annotations>
                        <common:Annotation>
                            <common:AnnotationType>ORDER</common:AnnotationType>
                            <common:AnnotationText xml:lang="en">340</common:AnnotationText>
                            <common:AnnotationText xml:lang="fr">340</common:AnnotationText>
                        </common:Annotation>
                    </common:Annotations>
                    <common:Name xml:lang="en">Lane</common:Name>
                    <common:Name xml:lang="fr">Lane</common:Name>
                    <structure:Parent>
                        <Ref id="USA"/>
                    </structure:Parent>
                </structure:Code>
                <structure:Code id="USA122">
                    <common:Annotations>
                        <common:Annotation>
                            <common:AnnotationType>ORDER</common:AnnotationType>
                            <common:AnnotationText xml:lang="en">350</common:AnnotationText>
                            <common:AnnotationText xml:lang="fr">350</common:AnnotationText>
                        </common:Annotation>
                    </common:Annotations>
                    <common:Name xml:lang="en">Winnebago (IL)</common:Name>
                    <common:Name xml:lang="fr">Winnebago (IL)</common:Name>
                    <structure:Parent>
                        <Ref id="USA"/>
                    </structure:Parent>
                </structure:Code>
                <structure:Code id="USA123">
                    <common:Annotations>
                        <common:Annotation>
                            <common:AnnotationType>ORDER</common:AnnotationType>
                            <common:AnnotationText xml:lang="en">360</common:AnnotationText>
                            <common:AnnotationText xml:lang="fr">360</common:AnnotationText>
                        </common:Annotation>
                    </common:Annotations>
                    <common:Name xml:lang="en">Chatham</common:Name>
                    <common:Name xml:lang="fr">Chatham</common:Name>
                    <structure:Parent>
                        <Ref id="USA"/>
                    </structure:Parent>
                </structure:Code>
                <structure:Code id="USA124">
                    <common:Annotations>
                        <common:Annotation>
                            <common:AnnotationType>ORDER</common:AnnotationType>
                            <common:AnnotationText xml:lang="en">370</common:AnnotationText>
                            <common:AnnotationText xml:lang="fr">370</common:AnnotationText>
                        </common:Annotation>
                    </common:Annotations>
                    <common:Name xml:lang="en">Vanderburgh</common:Name>
                    <common:Name xml:lang="fr">Vanderburgh</common:Name>
                    <structure:Parent>
                        <Ref id="USA"/>
                    </structure:Parent>
                </structure:Code>
                <structure:Code id="USA125">
                    <common:Annotations>
                        <common:Annotation>
                            <common:AnnotationType>ORDER</common:AnnotationType>
                            <common:AnnotationText xml:lang="en">380</common:AnnotationText>
                            <common:AnnotationText xml:lang="fr">380</common:AnnotationText>
                        </common:Annotation>
                    </common:Annotations>
                    <common:Name xml:lang="en">Washtenaw</common:Name>
                    <common:Name xml:lang="fr">Washtenaw</common:Name>
                    <structure:Parent>
                        <Ref id="USA"/>
                    </structure:Parent>
                </structure:Code>
                <structure:Code id="USA126">
                    <common:Annotations>
                        <common:Annotation>
                            <common:AnnotationType>ORDER</common:AnnotationType>
                            <common:AnnotationText xml:lang="en">390</common:AnnotationText>
                            <common:AnnotationText xml:lang="fr">390</common:AnnotationText>
                        </common:Annotation>
                    </common:Annotations>
                    <common:Name xml:lang="en">Lubbock</common:Name>
                    <common:Name xml:lang="fr">Lubbock</common:Name>
                    <structure:Parent>
                        <Ref id="USA"/>
                    </structure:Parent>
                </structure:Code>
                <structure:Code id="USA127">
                    <common:Annotations>
                        <common:Annotation>
                            <common:AnnotationType>ORDER</common:AnnotationType>
                            <common:AnnotationText xml:lang="en">400</common:AnnotationText>
                            <common:AnnotationText xml:lang="fr">400</common:AnnotationText>
                        </common:Annotation>
                    </common:Annotations>
                    <common:Name xml:lang="en">Madison</common:Name>
                    <common:Name xml:lang="fr">Madison</common:Name>
                    <structure:Parent>
                        <Ref id="USA"/>
                    </structure:Parent>
                </structure:Code>
                <structure:Code id="USA128">
                    <common:Annotations>
                        <common:Annotation>
                            <common:AnnotationType>ORDER</common:AnnotationType>
                            <common:AnnotationText xml:lang="en">410</common:AnnotationText>
                            <common:AnnotationText xml:lang="fr">410</common:AnnotationText>
                        </common:Annotation>
                    </common:Annotations>
                    <common:Name xml:lang="en">Marion (FL)</common:Name>
                    <common:Name xml:lang="fr">Marion (FL)</common:Name>
                    <structure:Parent>
                        <Ref id="USA"/>
                    </structure:Parent>
                </structure:Code>
                <structure:Code id="USA129">
                    <common:Annotations>
                        <common:Annotation>
                            <common:AnnotationType>ORDER</common:AnnotationType>
                            <common:AnnotationText xml:lang="en">420</common:AnnotationText>
                            <common:AnnotationText xml:lang="fr">420</common:AnnotationText>
                        </common:Annotation>
                    </common:Annotations>
                    <common:Name xml:lang="en">Peoria</common:Name>
                    <common:Name xml:lang="fr">Peoria</common:Name>
                    <structure:Parent>
                        <Ref id="USA"/>
                    </structure:Parent>
                </structure:Code>
                <structure:Code id="USA13">
                    <common:Annotations>
                        <common:Annotation>
                            <common:AnnotationType>ORDER</common:AnnotationType>
                            <common:AnnotationText xml:lang="en">430</common:AnnotationText>
                            <common:AnnotationText xml:lang="fr">430</common:AnnotationText>
                        </common:Annotation>
                    </common:Annotations>
                    <common:Name xml:lang="en">Detroit (Greater)</common:Name>
                    <common:Name xml:lang="fr">Detroit (Greater)</common:Name>
                    <structure:Parent>
                        <Ref id="USA"/>
                    </structure:Parent>
                </structure:Code>
                <structure:Code id="USA130">
                    <common:Annotations>
                        <common:Annotation>
                            <common:AnnotationType>ORDER</common:AnnotationType>
                            <common:AnnotationText xml:lang="en">440</common:AnnotationText>
                            <common:AnnotationText xml:lang="fr">440</common:AnnotationText>
                        </common:Annotation>
                    </common:Annotations>
                    <common:Name xml:lang="en">Collier</common:Name>
                    <common:Name xml:lang="fr">Collier</common:Name>
                    <structure:Parent>
                        <Ref id="USA"/>
                    </structure:Parent>
                </structure:Code>
                <structure:Code id="USA131">
                    <common:Annotations>
                        <common:Annotation>
                            <common:AnnotationType>ORDER</common:AnnotationType>
                            <common:AnnotationText xml:lang="en">450</common:AnnotationText>
                            <common:AnnotationText xml:lang="fr">450</common:AnnotationText>
                        </common:Annotation>
                    </common:Annotations>
                    <common:Name xml:lang="en">Luzerne</common:Name>
                    <common:Name xml:lang="fr">Luzerne</common:Name>
                    <structure:Parent>
                        <Ref id="USA"/>
                    </structure:Parent>
                </structure:Code>
                <structure:Code id="USA132">
                    <common:Annotations>
                        <common:Annotation>
                            <common:AnnotationType>ORDER</common:AnnotationType>
                            <common:AnnotationText xml:lang="en">460</common:AnnotationText>
                            <common:AnnotationText xml:lang="fr">460</common:AnnotationText>
                        </common:Annotation>
                    </common:Annotations>
                    <common:Name xml:lang="en">Lancaster (NE)</common:Name>
                    <common:Name xml:lang="fr">Lancaster (NE)</common:Name>
                    <structure:Parent>
                        <Ref id="USA"/>
                    </structure:Parent>
                </structure:Code>
                <structure:Code id="USA133">
                    <common:Annotations>
                        <common:Annotation>
                            <common:AnnotationType>ORDER</common:AnnotationType>
                            <common:AnnotationText xml:lang="en">470</common:AnnotationText>
                            <common:AnnotationText xml:lang="fr">470</common:AnnotationText>
                        </common:Annotation>
                    </common:Annotations>
                    <common:Name xml:lang="en">Thurston</common:Name>
                    <common:Name xml:lang="fr">Thurston</common:Name>
                    <structure:Parent>
                        <Ref id="USA"/>
                    </structure:Parent>
                </structure:Code>
                <structure:Code id="USA134">
                    <common:Annotations>
                        <common:Annotation>
                            <common:AnnotationType>ORDER</common:AnnotationType>
                            <common:AnnotationText xml:lang="en">480</common:AnnotationText>
                            <common:AnnotationText xml:lang="fr">480</common:AnnotationText>
                        </common:Annotation>
                    </common:Annotations>
                    <common:Name xml:lang="en">Sebastian</common:Name>
                    <common:Name xml:lang="fr">Sebastian</common:Name>
                    <structure:Parent>
                        <Ref id="USA"/>
                    </structure:Parent>
                </structure:Code>
                <structure:Code id="USA135">
                    <common:Annotations>
                        <common:Annotation>
                            <common:AnnotationType>ORDER</common:AnnotationType>
                            <common:AnnotationText xml:lang="en">490</common:AnnotationText>
                            <common:AnnotationText xml:lang="fr">490</common:AnnotationText>
                        </common:Annotation>
                    </common:Annotations>
                    <common:Name xml:lang="en">Roanoke</common:Name>
                    <common:Name xml:lang="fr">Roanoke</common:Name>
                    <structure:Parent>
                        <Ref id="USA"/>
                    </structure:Parent>
                </structure:Code>
                <structure:Code id="USA136">
                    <common:Annotations>
                        <common:Annotation>
                            <common:AnnotationType>ORDER</common:AnnotationType>
                            <common:AnnotationText xml:lang="en">500</common:AnnotationText>
                            <common:AnnotationText xml:lang="fr">500</common:AnnotationText>
                        </common:Annotation>
                    </common:Annotations>
                    <common:Name xml:lang="en">Muscogee</common:Name>
                    <common:Name xml:lang="fr">Muscogee</common:Name>
                    <structure:Parent>
                        <Ref id="USA"/>
                    </structure:Parent>
                </structure:Code>
                <structure:Code id="USA137">
                    <common:Annotations>
                        <common:Annotation>
                            <common:AnnotationType>ORDER</common:AnnotationType>
                            <common:AnnotationText xml:lang="en">510</common:AnnotationText>
                            <common:AnnotationText xml:lang="fr">510</common:AnnotationText>
                        </common:Annotation>
                    </common:Annotations>
                    <common:Name xml:lang="en">Brown</common:Name>
                    <common:Name xml:lang="fr">Brown</common:Name>
                    <structure:Parent>
                        <Ref id="USA"/>
                    </structure:Parent>
                </structure:Code>
                <structure:Code id="USA138">
                    <common:Annotations>
                        <common:Annotation>
                            <common:AnnotationType>ORDER</common:AnnotationType>
                            <common:AnnotationText xml:lang="en">520</common:AnnotationText>
                            <common:AnnotationText xml:lang="fr">520</common:AnnotationText>
                        </common:Annotation>
                    </common:Annotations>
                    <common:Name xml:lang="en">Alachua</common:Name>
                    <common:Name xml:lang="fr">Alachua</common:Name>
                    <structure:Parent>
                        <Ref id="USA"/>
                    </structure:Parent>
                </structure:Code>
                <structure:Code id="USA139">
                    <common:Annotations>
                        <common:Annotation>
                            <common:AnnotationType>ORDER</common:AnnotationType>
                            <common:AnnotationText xml:lang="en">530</common:AnnotationText>
                            <common:AnnotationText xml:lang="fr">530</common:AnnotationText>
                        </common:Annotation>
                    </common:Annotations>
                    <common:Name xml:lang="en">Larimer</common:Name>
                    <common:Name xml:lang="fr">Larimer</common:Name>
                    <structure:Parent>
                        <Ref id="USA"/>
                    </structure:Parent>
                </structure:Code>
                <structure:Code id="USA14">
                    <common:Annotations>
                        <common:Annotation>
                            <common:AnnotationType>ORDER</common:AnnotationType>
                            <common:AnnotationText xml:lang="en">540</common:AnnotationText>
                            <common:AnnotationText xml:lang="fr">540</common:AnnotationText>
                        </common:Annotation>
                    </common:Annotations>
                    <common:Name xml:lang="en">Seattle</common:Name>
                    <common:Name xml:lang="fr">Seattle</common:Name>
                    <structure:Parent>
                        <Ref id="USA"/>
                    </structure:Parent>
                </structure:Code>
                <structure:Code id="USA140">
                    <common:Annotations>
                        <common:Annotation>
                            <common:AnnotationType>ORDER</common:AnnotationType>
                            <common:AnnotationText xml:lang="en">550</common:AnnotationText>
                            <common:AnnotationText xml:lang="fr">550</common:AnnotationText>
                        </common:Annotation>
                    </common:Annotations>
                    <common:Name xml:lang="en">Boulder</common:Name>
                    <common:Name xml:lang="fr">Boulder</common:Name>
                    <structure:Parent>
                        <Ref id="USA"/>
                    </structure:Parent>
                </structure:Code>
                <structure:Code id="USA141">
                    <common:Annotations>
                        <common:Annotation>
                            <common:AnnotationType>ORDER</common:AnnotationType>
                            <common:AnnotationText xml:lang="en">560</common:AnnotationText>
                            <common:AnnotationText xml:lang="fr">560</common:AnnotationText>
                        </common:Annotation>
                    </common:Annotations>
                    <common:Name xml:lang="en">Potter</common:Name>
                    <common:Name xml:lang="fr">Potter</common:Name>
                    <structure:Parent>
                        <Ref id="USA"/>
                    </structure:Parent>
                </structure:Code>
                <structure:Code id="USA142">
                    <common:Annotations>
                        <common:Annotation>
                            <common:AnnotationType>ORDER</common:AnnotationType>
                            <common:AnnotationText xml:lang="en">570</common:AnnotationText>
                            <common:AnnotationText xml:lang="fr">570</common:AnnotationText>
                        </common:Annotation>
                    </common:Annotations>
                    <common:Name xml:lang="en">Cumberland (ME)</common:Name>
                    <common:Name xml:lang="fr">Cumberland (ME)</common:Name>
                    <structure:Parent>
                        <Ref id="USA"/>
                    </structure:Parent>
                </structure:Code>
                <structure:Code id="USA143">
                    <common:Annotations>
                        <common:Annotation>
                            <common:AnnotationType>ORDER</common:AnnotationType>
                            <common:AnnotationText xml:lang="en">580</common:AnnotationText>
                            <common:AnnotationText xml:lang="fr">580</common:AnnotationText>
                        </common:Annotation>
                    </common:Annotations>
                    <common:Name xml:lang="en">Erie (PA)</common:Name>
                    <common:Name xml:lang="fr">Erie (PA)</common:Name>
                    <structure:Parent>
                        <Ref id="USA"/>
                    </structure:Parent>
                </structure:Code>
                <structure:Code id="USA144">
                    <common:Annotations>
                        <common:Annotation>
                            <common:AnnotationType>ORDER</common:AnnotationType>
                            <common:AnnotationText xml:lang="en">590</common:AnnotationText>
                            <common:AnnotationText xml:lang="fr">590</common:AnnotationText>
                        </common:Annotation>
                    </common:Annotations>
                    <common:Name xml:lang="en">St. Lucie</common:Name>
                    <common:Name xml:lang="fr">St. Lucie</common:Name>
                    <structure:Parent>
                        <Ref id="USA"/>
                    </structure:Parent>
                </structure:Code>
                <structure:Code id="USA145">
                    <common:Annotations>
                        <common:Annotation>
                            <common:AnnotationType>ORDER</common:AnnotationType>
                            <common:AnnotationText xml:lang="en">600</common:AnnotationText>
                            <common:AnnotationText xml:lang="fr">600</common:AnnotationText>
                        </common:Annotation>
                    </common:Annotations>
                    <common:Name xml:lang="en">Nashville</common:Name>
                    <common:Name xml:lang="fr">Nashville</common:Name>
                    <structure:Parent>
                        <Ref id="USA"/>
                    </structure:Parent>
                </structure:Code>
                <structure:Code id="USA146">
                    <common:Annotations>
                        <common:Annotation>
                            <common:AnnotationType>ORDER</common:AnnotationType>
                            <common:AnnotationText xml:lang="en">610</common:AnnotationText>
                            <common:AnnotationText xml:lang="fr">610</common:AnnotationText>
                        </common:Annotation>
                    </common:Annotations>
                    <common:Name xml:lang="en">Atlantic City</common:Name>
                    <common:Name xml:lang="fr">Atlantic City</common:Name>
                    <structure:Parent>
                        <Ref id="USA"/>
                    </structure:Parent>
                </structure:Code>
                <structure:Code id="USA147">
                    <common:Annotations>
                        <common:Annotation>
                            <common:AnnotationType>ORDER</common:AnnotationType>
                            <common:AnnotationText xml:lang="en">620</common:AnnotationText>
                            <common:AnnotationText xml:lang="fr">620</common:AnnotationText>
                        </common:Annotation>
                    </common:Annotations>
                    <common:Name xml:lang="en">McLennan</common:Name>
                    <common:Name xml:lang="fr">McLennan</common:Name>
                    <structure:Parent>
                        <Ref id="USA"/>
                    </structure:Parent>
                </structure:Code>
                <structure:Code id="USA148">
                    <common:Annotations>
                        <common:Annotation>
                            <common:AnnotationType>ORDER</common:AnnotationType>
                            <common:AnnotationText xml:lang="en">630</common:AnnotationText>
                            <common:AnnotationText xml:lang="fr">630</common:AnnotationText>
                        </common:Annotation>
                    </common:Annotations>
                    <common:Name xml:lang="en">Durham</common:Name>
                    <common:Name xml:lang="fr">Durham</common:Name>
                    <structure:Parent>
                        <Ref id="USA"/>
                    </structure:Parent>
                </structure:Code>
                <structure:Code id="USA149">
                    <common:Annotations>
                        <common:Annotation>
                            <common:AnnotationType>ORDER</common:AnnotationType>
                            <common:AnnotationText xml:lang="en">640</common:AnnotationText>
                            <common:AnnotationText xml:lang="fr">640</common:AnnotationText>
                        </common:Annotation>
                    </common:Annotations>
                    <common:Name xml:lang="en">Lackawanna</common:Name>
                    <common:Name xml:lang="fr">Lackawanna</common:Name>
                    <structure:Parent>
                        <Ref id="USA"/>
                    </structure:Parent>
                </structure:Code>
                <structure:Code id="USA15">
                    <common:Annotations>
                        <common:Annotation>
                            <common:AnnotationType>ORDER</common:AnnotationType>
                            <common:AnnotationText xml:lang="en">650</common:AnnotationText>
                            <common:AnnotationText xml:lang="fr">650</common:AnnotationText>
                        </common:Annotation>
                    </common:Annotations>
                    <common:Name xml:lang="en">Minneapolis</common:Name>
                    <common:Name xml:lang="fr">Minneapolis</common:Name>
                    <structure:Parent>
                        <Ref id="USA"/>
                    </structure:Parent>
                </structure:Code>
                <structure:Code id="USA150">
                    <common:Annotations>
                        <common:Annotation>
                            <common:AnnotationType>ORDER</common:AnnotationType>
                            <common:AnnotationText xml:lang="en">660</common:AnnotationText>
                            <common:AnnotationText xml:lang="fr">660</common:AnnotationText>
                        </common:Annotation>
                    </common:Annotations>
                    <common:Name xml:lang="en">St. Joseph</common:Name>
                    <common:Name xml:lang="fr">St. Joseph</common:Name>
                    <structure:Parent>
                        <Ref id="USA"/>
                    </structure:Parent>
                </structure:Code>
                <structure:Code id="USA151">
                    <common:Annotations>
                        <common:Annotation>
                            <common:AnnotationType>ORDER</common:AnnotationType>
                            <common:AnnotationText xml:lang="en">670</common:AnnotationText>
                            <common:AnnotationText xml:lang="fr">670</common:AnnotationText>
                        </common:Annotation>
                    </common:Annotations>
                    <common:Name xml:lang="en">Santa Cruz</common:Name>
                    <common:Name xml:lang="fr">Santa Cruz</common:Name>
                    <structure:Parent>
                        <Ref id="USA"/>
                    </structure:Parent>
                </structure:Code>
                <structure:Code id="USA152">
                    <common:Annotations>
                        <common:Annotation>
                            <common:AnnotationType>ORDER</common:AnnotationType>
                            <common:AnnotationText xml:lang="en">680</common:AnnotationText>
                            <common:AnnotationText xml:lang="fr">680</common:AnnotationText>
                        </common:Annotation>
                    </common:Annotations>
                    <common:Name xml:lang="en">Webb</common:Name>
                    <common:Name xml:lang="fr">Webb</common:Name>
                    <structure:Parent>
                        <Ref id="USA"/>
                    </structure:Parent>
                </structure:Code>
                <structure:Code id="USA153">
                    <common:Annotations>
                        <common:Annotation>
                            <common:AnnotationType>ORDER</common:AnnotationType>
                            <common:AnnotationText xml:lang="en">690</common:AnnotationText>
                            <common:AnnotationText xml:lang="fr">690</common:AnnotationText>
                        </common:Annotation>
                    </common:Annotations>
                    <common:Name xml:lang="en">Minnehaha</common:Name>
                    <common:Name xml:lang="fr">Minnehaha</common:Name>
                    <structure:Parent>
                        <Ref id="USA"/>
                    </structure:Parent>
                </structure:Code>
                <structure:Code id="USA154">
                    <common:Annotations>
                        <common:Annotation>
                            <common:AnnotationType>ORDER</common:AnnotationType>
                            <common:AnnotationText xml:lang="en">700</common:AnnotationText>
                            <common:AnnotationText xml:lang="fr">700</common:AnnotationText>
                        </common:Annotation>
                    </common:Annotations>
                    <common:Name xml:lang="en">Merced</common:Name>
                    <common:Name xml:lang="fr">Merced</common:Name>
                    <structure:Parent>
                        <Ref id="USA"/>
                    </structure:Parent>
                </structure:Code>
                <structure:Code id="USA155">
                    <common:Annotations>
                        <common:Annotation>
                            <common:AnnotationType>ORDER</common:AnnotationType>
                            <common:AnnotationText xml:lang="en">710</common:AnnotationText>
                            <common:AnnotationText xml:lang="fr">710</common:AnnotationText>
                        </common:Annotation>
                    </common:Annotations>
                    <common:Name xml:lang="en">Benton (WA)</common:Name>
                    <common:Name xml:lang="fr">Benton (WA)</common:Name>
                    <structure:Parent>
                        <Ref id="USA"/>
                    </structure:Parent>
                </structure:Code>
                <structure:Code id="USA156">
                    <common:Annotations>
                        <common:Annotation>
                            <common:AnnotationType>ORDER</common:AnnotationType>
                            <common:AnnotationText xml:lang="en">720</common:AnnotationText>
                            <common:AnnotationText xml:lang="fr">720</common:AnnotationText>
                        </common:Annotation>
                    </common:Annotations>
                    <common:Name xml:lang="en">Weld</common:Name>
                    <common:Name xml:lang="fr">Weld</common:Name>
                    <structure:Parent>
                        <Ref id="USA"/>
                    </structure:Parent>
                </structure:Code>
                <structure:Code id="USA157">
                    <common:Annotations>
                        <common:Annotation>
                            <common:AnnotationType>ORDER</common:AnnotationType>
                            <common:AnnotationText xml:lang="en">730</common:AnnotationText>
                            <common:AnnotationText xml:lang="fr">730</common:AnnotationText>
                        </common:Annotation>
                    </common:Annotations>
                    <common:Name xml:lang="en">Kalamazoo</common:Name>
                    <common:Name xml:lang="fr">Kalamazoo</common:Name>
                    <structure:Parent>
                        <Ref id="USA"/>
                    </structure:Parent>
                </structure:Code>
                <structure:Code id="USA158">
                    <common:Annotations>
                        <common:Annotation>
                            <common:AnnotationType>ORDER</common:AnnotationType>
                            <common:AnnotationText xml:lang="en">740</common:AnnotationText>
                            <common:AnnotationText xml:lang="fr">740</common:AnnotationText>
                        </common:Annotation>
                    </common:Annotations>
                    <common:Name xml:lang="en">Butte</common:Name>
                    <common:Name xml:lang="fr">Butte</common:Name>
                    <structure:Parent>
                        <Ref id="USA"/>
                    </structure:Parent>
                </structure:Code>
                <structure:Code id="USA159">
                    <common:Annotations>
                        <common:Annotation>
                            <common:AnnotationType>ORDER</common:AnnotationType>
                            <common:AnnotationText xml:lang="en">750</common:AnnotationText>
                            <common:AnnotationText xml:lang="fr">750</common:AnnotationText>
                        </common:Annotation>
                    </common:Annotations>
                    <common:Name xml:lang="en">Sangamon</common:Name>
                    <common:Name xml:lang="fr">Sangamon</common:Name>
                    <structure:Parent>
                        <Ref id="USA"/>
                    </structure:Parent>
                </structure:Code>
                <structure:Code id="USA16">
                    <common:Annotations>
                        <common:Annotation>
                            <common:AnnotationType>ORDER</common:AnnotationType>
                            <common:AnnotationText xml:lang="en">760</common:AnnotationText>
                            <common:AnnotationText xml:lang="fr">760</common:AnnotationText>
                        </common:Annotation>
                    </common:Annotations>
                    <common:Name xml:lang="en">San Diego</common:Name>
                    <common:Name xml:lang="fr">San Diego</common:Name>
                    <structure:Parent>
                        <Ref id="USA"/>
                    </structure:Parent>
                </structure:Code>
                <structure:Code id="USA160">
                    <common:Annotations>
                        <common:Annotation>
                            <common:AnnotationType>ORDER</common:AnnotationType>
                            <common:AnnotationText xml:lang="en">770</common:AnnotationText>
                            <common:AnnotationText xml:lang="fr">770</common:AnnotationText>
                        </common:Annotation>
                    </common:Annotations>
                    <common:Name xml:lang="en">Yakima</common:Name>
                    <common:Name xml:lang="fr">Yakima</common:Name>
                    <structure:Parent>
                        <Ref id="USA"/>
                    </structure:Parent>
                </structure:Code>
                <structure:Code id="USA161">
                    <common:Annotations>
                        <common:Annotation>
                            <common:AnnotationType>ORDER</common:AnnotationType>
                            <common:AnnotationText xml:lang="en">780</common:AnnotationText>
                            <common:AnnotationText xml:lang="fr">780</common:AnnotationText>
                        </common:Annotation>
                    </common:Annotations>
                    <common:Name xml:lang="en">Brazos</common:Name>
                    <common:Name xml:lang="fr">Brazos</common:Name>
                    <structure:Parent>
                        <Ref id="USA"/>
                    </structure:Parent>
                </structure:Code>
                <structure:Code id="USA162">
                    <common:Annotations>
                        <common:Annotation>
                            <common:AnnotationType>ORDER</common:AnnotationType>
                            <common:AnnotationText xml:lang="en">790</common:AnnotationText>
                            <common:AnnotationText xml:lang="fr">790</common:AnnotationText>
                        </common:Annotation>
                    </common:Annotations>
                    <common:Name xml:lang="en">Tuscaloosa</common:Name>
                    <common:Name xml:lang="fr">Tuscaloosa</common:Name>
                    <structure:Parent>
                        <Ref id="USA"/>
                    </structure:Parent>
                </structure:Code>
                <structure:Code id="USA163">
                    <common:Annotations>
                        <common:Annotation>
                            <common:AnnotationType>ORDER</common:AnnotationType>
                            <common:AnnotationText xml:lang="en">800</common:AnnotationText>
                            <common:AnnotationText xml:lang="fr">800</common:AnnotationText>
                        </common:Annotation>
                    </common:Annotations>
                    <common:Name xml:lang="en">Champaign</common:Name>
                    <common:Name xml:lang="fr">Champaign</common:Name>
                    <structure:Parent>
                        <Ref id="USA"/>
                    </structure:Parent>
                </structure:Code>
                <structure:Code id="USA164">
                    <common:Annotations>
                        <common:Annotation>
                            <common:AnnotationType>ORDER</common:AnnotationType>
                            <common:AnnotationText xml:lang="en">810</common:AnnotationText>
                            <common:AnnotationText xml:lang="fr">810</common:AnnotationText>
                        </common:Annotation>
                    </common:Annotations>
                    <common:Name xml:lang="en">Linn</common:Name>
                    <common:Name xml:lang="fr">Linn</common:Name>
                    <structure:Parent>
                        <Ref id="USA"/>
                    </structure:Parent>
                </structure:Code>
                <structure:Code id="USA165">
                    <common:Annotations>
                        <common:Annotation>
                            <common:AnnotationType>ORDER</common:AnnotationType>
                            <common:AnnotationText xml:lang="en">820</common:AnnotationText>
                            <common:AnnotationText xml:lang="fr">820</common:AnnotationText>
                        </common:Annotation>
                    </common:Annotations>
                    <common:Name xml:lang="en">Lafayette (IN)</common:Name>
                    <common:Name xml:lang="fr">Lafayette (IN)</common:Name>
                    <structure:Parent>
                        <Ref id="USA"/>
                    </structure:Parent>
                </structure:Code>
                <structure:Code id="USA166">
                    <common:Annotations>
                        <common:Annotation>
                            <common:AnnotationType>ORDER</common:AnnotationType>
                            <common:AnnotationText xml:lang="en">830</common:AnnotationText>
                            <common:AnnotationText xml:lang="fr">830</common:AnnotationText>
                        </common:Annotation>
                    </common:Annotations>
                    <common:Name xml:lang="en">Shawnee</common:Name>
                    <common:Name xml:lang="fr">Shawnee</common:Name>
                    <structure:Parent>
                        <Ref id="USA"/>
                    </structure:Parent>
                </structure:Code>
                <structure:Code id="USA167">
                    <common:Annotations>
                        <common:Annotation>
                            <common:AnnotationType>ORDER</common:AnnotationType>
                            <common:AnnotationText xml:lang="en">840</common:AnnotationText>
                            <common:AnnotationText xml:lang="fr">840</common:AnnotationText>
                        </common:Annotation>
                    </common:Annotations>
                    <common:Name xml:lang="en">Weber</common:Name>
                    <common:Name xml:lang="fr">Weber</common:Name>
                    <structure:Parent>
                        <Ref id="USA"/>
                    </structure:Parent>
                </structure:Code>
                <structure:Code id="USA168">
                    <common:Annotations>
                        <common:Annotation>
                            <common:AnnotationType>ORDER</common:AnnotationType>
                            <common:AnnotationText xml:lang="en">850</common:AnnotationText>
                            <common:AnnotationText xml:lang="fr">850</common:AnnotationText>
                        </common:Annotation>
                    </common:Annotations>
                    <common:Name xml:lang="en">Outagamie</common:Name>
                    <common:Name xml:lang="fr">Outagamie</common:Name>
                    <structure:Parent>
                        <Ref id="USA"/>
                    </structure:Parent>
                </structure:Code>
                <structure:Code id="USA169">
                    <common:Annotations>
                        <common:Annotation>
                            <common:AnnotationType>ORDER</common:AnnotationType>
                            <common:AnnotationText xml:lang="en">860</common:AnnotationText>
                            <common:AnnotationText xml:lang="fr">860</common:AnnotationText>
                        </common:Annotation>
                    </common:Annotations>
                    <common:Name xml:lang="en">Cass</common:Name>
                    <common:Name xml:lang="fr">Cass</common:Name>
                    <structure:Parent>
                        <Ref id="USA"/>
                    </structure:Parent>
                </structure:Code>
                <structure:Code id="USA17">
                    <common:Annotations>
                        <common:Annotation>
                            <common:AnnotationType>ORDER</common:AnnotationType>
                            <common:AnnotationText xml:lang="en">870</common:AnnotationText>
                            <common:AnnotationText xml:lang="fr">870</common:AnnotationText>
                        </common:Annotation>
                    </common:Annotations>
                    <common:Name xml:lang="en">St. Louis</common:Name>
                    <common:Name xml:lang="fr">St. Louis</common:Name>
                    <structure:Parent>
                        <Ref id="USA"/>
                    </structure:Parent>
                </structure:Code>
                <structure:Code id="USA170">
                    <common:Annotations>
                        <common:Annotation>
                            <common:AnnotationType>ORDER</common:AnnotationType>
                            <common:AnnotationText xml:lang="en">880</common:AnnotationText>
                            <common:AnnotationText xml:lang="fr">880</common:AnnotationText>
                        </common:Annotation>
                    </common:Annotations>
                    <common:Name xml:lang="en">Benton (AR)</common:Name>
                    <common:Name xml:lang="fr">Benton (AR)</common:Name>
                    <structure:Parent>
                        <Ref id="USA"/>
                    </structure:Parent>
                </structure:Code>
                <structure:Code id="USA171">
                    <common:Annotations>
                        <common:Annotation>
                            <common:AnnotationType>ORDER</common:AnnotationType>
                            <common:AnnotationText xml:lang="en">890</common:AnnotationText>
                            <common:AnnotationText xml:lang="fr">890</common:AnnotationText>
                        </common:Annotation>
                    </common:Annotations>
                    <common:Name xml:lang="en">Las Cruces</common:Name>
                    <common:Name xml:lang="fr">Las Cruces</common:Name>
                    <structure:Parent>
                        <Ref id="USA"/>
                    </structure:Parent>
                </structure:Code>
                <structure:Code id="USA172">
                    <common:Annotations>
                        <common:Annotation>
                            <common:AnnotationType>ORDER</common:AnnotationType>
                            <common:AnnotationText xml:lang="en">900</common:AnnotationText>
                            <common:AnnotationText xml:lang="fr">900</common:AnnotationText>
                        </common:Annotation>
                    </common:Annotations>
                    <common:Name xml:lang="en">Rochester (MN)</common:Name>
                    <common:Name xml:lang="fr">Rochester (MN)</common:Name>
                    <structure:Parent>
                        <Ref id="USA"/>
                    </structure:Parent>
                </structure:Code>
                <structure:Code id="USA173">
                    <common:Annotations>
                        <common:Annotation>
                            <common:AnnotationType>ORDER</common:AnnotationType>
                            <common:AnnotationText xml:lang="en">910</common:AnnotationText>
                            <common:AnnotationText xml:lang="fr">910</common:AnnotationText>
                        </common:Annotation>
                    </common:Annotations>
                    <common:Name xml:lang="en">Jackson (OR)</common:Name>
                    <common:Name xml:lang="fr">Jackson (OR)</common:Name>
                    <structure:Parent>
                        <Ref id="USA"/>
                    </structure:Parent>
                </structure:Code>
                <structure:Code id="USA174">
                    <common:Annotations>
                        <common:Annotation>
                            <common:AnnotationType>ORDER</common:AnnotationType>
                            <common:AnnotationText xml:lang="en">920</common:AnnotationText>
                            <common:AnnotationText xml:lang="fr">920</common:AnnotationText>
                        </common:Annotation>
                    </common:Annotations>
                    <common:Name xml:lang="en">New Hanover</common:Name>
                    <common:Name xml:lang="fr">New Hanover</common:Name>
                    <structure:Parent>
                        <Ref id="USA"/>
                    </structure:Parent>
                </structure:Code>
                <structure:Code id="USA175">
                    <common:Annotations>
                        <common:Annotation>
                            <common:AnnotationType>ORDER</common:AnnotationType>
                            <common:AnnotationText xml:lang="en">930</common:AnnotationText>
                            <common:AnnotationText xml:lang="fr">930</common:AnnotationText>
                        </common:Annotation>
                    </common:Annotations>
                    <common:Name xml:lang="en">Whatcom</common:Name>
                    <common:Name xml:lang="fr">Whatcom</common:Name>
                    <structure:Parent>
                        <Ref id="USA"/>
                    </structure:Parent>
                </structure:Code>
                <structure:Code id="USA176">
                    <common:Annotations>
                        <common:Annotation>
                            <common:AnnotationType>ORDER</common:AnnotationType>
                            <common:AnnotationText xml:lang="en">940</common:AnnotationText>
                            <common:AnnotationText xml:lang="fr">940</common:AnnotationText>
                        </common:Annotation>
                    </common:Annotations>
                    <common:Name xml:lang="en">Broome</common:Name>
                    <common:Name xml:lang="fr">Broome</common:Name>
                    <structure:Parent>
                        <Ref id="USA"/>
                    </structure:Parent>
                </structure:Code>
                <structure:Code id="USA177">
                    <common:Annotations>
                        <common:Annotation>
                            <common:AnnotationType>ORDER</common:AnnotationType>
                            <common:AnnotationText xml:lang="en">950</common:AnnotationText>
                            <common:AnnotationText xml:lang="fr">950</common:AnnotationText>
                        </common:Annotation>
                    </common:Annotations>
                    <common:Name xml:lang="en">Saginaw</common:Name>
                    <common:Name xml:lang="fr">Saginaw</common:Name>
                    <structure:Parent>
                        <Ref id="USA"/>
                    </structure:Parent>
                </structure:Code>
                <structure:Code id="USA178">
                    <common:Annotations>
                        <common:Annotation>
                            <common:AnnotationType>ORDER</common:AnnotationType>
                            <common:AnnotationText xml:lang="en">960</common:AnnotationText>
                            <common:AnnotationText xml:lang="fr">960</common:AnnotationText>
                        </common:Annotation>
                    </common:Annotations>
                    <common:Name xml:lang="en">Yuma</common:Name>
                    <common:Name xml:lang="fr">Yuma</common:Name>
                    <structure:Parent>
                        <Ref id="USA"/>
                    </structure:Parent>
                </structure:Code>
                <structure:Code id="USA179">
                    <common:Annotations>
                        <common:Annotation>
                            <common:AnnotationType>ORDER</common:AnnotationType>
                            <common:AnnotationText xml:lang="en">970</common:AnnotationText>
                            <common:AnnotationText xml:lang="fr">970</common:AnnotationText>
                        </common:Annotation>
                    </common:Annotations>
                    <common:Name xml:lang="en">Racine</common:Name>
                    <common:Name xml:lang="fr">Racine</common:Name>
                    <structure:Parent>
                        <Ref id="USA"/>
                    </structure:Parent>
                </structure:Code>
                <structure:Code id="USA18">
                    <common:Annotations>
                        <common:Annotation>
                            <common:AnnotationType>ORDER</common:AnnotationType>
                            <common:AnnotationText xml:lang="en">980</common:AnnotationText>
                            <common:AnnotationText xml:lang="fr">980</common:AnnotationText>
                        </common:Annotation>
                    </common:Annotations>
                    <common:Name xml:lang="en">Denver</common:Name>
                    <common:Name xml:lang="fr">Denver</common:Name>
                    <structure:Parent>
                        <Ref id="USA"/>
                    </structure:Parent>
                </structure:Code>
                <structure:Code id="USA180">
                    <common:Annotations>
                        <common:Annotation>
                            <common:AnnotationType>ORDER</common:AnnotationType>
                            <common:AnnotationText xml:lang="en">990</common:AnnotationText>
                            <common:AnnotationText xml:lang="fr">990</common:AnnotationText>
                        </common:Annotation>
                    </common:Annotations>
                    <common:Name xml:lang="en">Punta Gorda</common:Name>
                    <common:Name xml:lang="fr">Punta Gorda</common:Name>
                    <structure:Parent>
                        <Ref id="USA"/>
                    </structure:Parent>
                </structure:Code>
                <structure:Code id="USA181">
                    <common:Annotations>
                        <common:Annotation>
                            <common:AnnotationType>ORDER</common:AnnotationType>
                            <common:AnnotationText xml:lang="en">1000</common:AnnotationText>
                            <common:AnnotationText xml:lang="fr">1000</common:AnnotationText>
                        </common:Annotation>
                    </common:Annotations>
                    <common:Name xml:lang="en">Benton (MN)</common:Name>
                    <common:Name xml:lang="fr">Benton (MN)</common:Name>
                    <structure:Parent>
                        <Ref id="USA"/>
                    </structure:Parent>
                </structure:Code>
                <structure:Code id="USA182">
                    <common:Annotations>
                        <common:Annotation>
                            <common:AnnotationType>ORDER</common:AnnotationType>
                            <common:AnnotationText xml:lang="en">1010</common:AnnotationText>
                            <common:AnnotationText xml:lang="fr">1010</common:AnnotationText>
                        </common:Annotation>
                    </common:Annotations>
                    <common:Name xml:lang="en">Harrison</common:Name>
                    <common:Name xml:lang="fr">Harrison</common:Name>
                    <structure:Parent>
                        <Ref id="USA"/>
                    </structure:Parent>
                </structure:Code>
                <structure:Code id="USA183">
                    <common:Annotations>
                        <common:Annotation>
                            <common:AnnotationType>ORDER</common:AnnotationType>
                            <common:AnnotationText xml:lang="en">1020</common:AnnotationText>
                            <common:AnnotationText xml:lang="fr">1020</common:AnnotationText>
                        </common:Annotation>
                    </common:Annotations>
                    <common:Name xml:lang="en">McLean</common:Name>
                    <common:Name xml:lang="fr">McLean</common:Name>
                    <structure:Parent>
                        <Ref id="USA"/>
                    </structure:Parent>
                </structure:Code>
                <structure:Code id="USA184">
                    <common:Annotations>
                        <common:Annotation>
                            <common:AnnotationType>ORDER</common:AnnotationType>
                            <common:AnnotationText xml:lang="en">1030</common:AnnotationText>
                            <common:AnnotationText xml:lang="fr">1030</common:AnnotationText>
                        </common:Annotation>
                    </common:Annotations>
                    <common:Name xml:lang="en">Woodbury</common:Name>
                    <common:Name xml:lang="fr">Woodbury</common:Name>
                    <structure:Parent>
                        <Ref id="USA"/>
                    </structure:Parent>
                </structure:Code>
                <structure:Code id="USA185">
                    <common:Annotations>
                        <common:Annotation>
                            <common:AnnotationType>ORDER</common:AnnotationType>
                            <common:AnnotationText xml:lang="en">1040</common:AnnotationText>
                            <common:AnnotationText xml:lang="fr">1040</common:AnnotationText>
                        </common:Annotation>
                    </common:Annotations>
                    <common:Name xml:lang="en">Tampa-Hernando</common:Name>
                    <common:Name xml:lang="fr">Tampa-Hernando</common:Name>
                    <structure:Parent>
                        <Ref id="USA"/>
                    </structure:Parent>
                </structure:Code>
                <structure:Code id="USA186">
                    <common:Annotations>
                        <common:Annotation>
                            <common:AnnotationType>ORDER</common:AnnotationType>
                            <common:AnnotationText xml:lang="en">1050</common:AnnotationText>
                            <common:AnnotationText xml:lang="fr">1050</common:AnnotationText>
                        </common:Annotation>
                    </common:Annotations>
                    <common:Name xml:lang="en">Muskegon</common:Name>
                    <common:Name xml:lang="fr">Muskegon</common:Name>
                    <structure:Parent>
                        <Ref id="USA"/>
                    </structure:Parent>
                </structure:Code>
                <structure:Code id="USA187">
                    <common:Annotations>
                        <common:Annotation>
                            <common:AnnotationType>ORDER</common:AnnotationType>
                            <common:AnnotationText xml:lang="en">1060</common:AnnotationText>
                            <common:AnnotationText xml:lang="fr">1060</common:AnnotationText>
                        </common:Annotation>
                    </common:Annotations>
                    <common:Name xml:lang="en">Johnson</common:Name>
                    <common:Name xml:lang="fr">Johnson</common:Name>
                    <structure:Parent>
                        <Ref id="USA"/>
                    </structure:Parent>
                </structure:Code>
                <structure:Code id="USA188">
                    <common:Annotations>
                        <common:Annotation>
                            <common:AnnotationType>ORDER</common:AnnotationType>
                            <common:AnnotationText xml:lang="en">1070</common:AnnotationText>
                            <common:AnnotationText xml:lang="fr">1070</common:AnnotationText>
                        </common:Annotation>
                    </common:Annotations>
                    <common:Name xml:lang="en">Taylor</common:Name>
                    <common:Name xml:lang="fr">Taylor</common:Name>
                    <structure:Parent>
                        <Ref id="USA"/>
                    </structure:Parent>
                </structure:Code>
                <structure:Code id="USA189">
                    <common:Annotations>
                        <common:Annotation>
                            <common:AnnotationType>ORDER</common:AnnotationType>
                            <common:AnnotationText xml:lang="en">1080</common:AnnotationText>
                            <common:AnnotationText xml:lang="fr">1080</common:AnnotationText>
                        </common:Annotation>
                    </common:Annotations>
                    <common:Name xml:lang="en">Pitt</common:Name>
                    <common:Name xml:lang="fr">Pitt</common:Name>
                    <structure:Parent>
                        <Ref id="USA"/>
                    </structure:Parent>
                </structure:Code>
                <structure:Code id="USA19">
                    <common:Annotations>
                        <common:Annotation>
                            <common:AnnotationType>ORDER</common:AnnotationType>
                            <common:AnnotationText xml:lang="en">1090</common:AnnotationText>
                            <common:AnnotationText xml:lang="fr">1090</common:AnnotationText>
                        </common:Annotation>
                    </common:Annotations>
                    <common:Name xml:lang="en">San Antonio</common:Name>
                    <common:Name xml:lang="fr">San Antonio</common:Name>
                    <structure:Parent>
                        <Ref id="USA"/>
                    </structure:Parent>
                </structure:Code>
                <structure:Code id="USA190">
                    <common:Annotations>
                        <common:Annotation>
                            <common:AnnotationType>ORDER</common:AnnotationType>
                            <common:AnnotationText xml:lang="en">1100</common:AnnotationText>
                            <common:AnnotationText xml:lang="fr">1100</common:AnnotationText>
                        </common:Annotation>
                    </common:Annotations>
                    <common:Name xml:lang="en">Winnebago (WI)</common:Name>
                    <common:Name xml:lang="fr">Winnebago (WI)</common:Name>
                    <structure:Parent>
                        <Ref id="USA"/>
                    </structure:Parent>
                </structure:Code>
                <structure:Code id="USA191">
                    <common:Annotations>
                        <common:Annotation>
                            <common:AnnotationType>ORDER</common:AnnotationType>
                            <common:AnnotationText xml:lang="en">1110</common:AnnotationText>
                            <common:AnnotationText xml:lang="fr">1110</common:AnnotationText>
                        </common:Annotation>
                    </common:Annotations>
                    <common:Name xml:lang="en">Sutter</common:Name>
                    <common:Name xml:lang="fr">Sutter</common:Name>
                    <structure:Parent>
                        <Ref id="USA"/>
                    </structure:Parent>
                </structure:Code>
                <structure:Code id="USA192">
                    <common:Annotations>
                        <common:Annotation>
                            <common:AnnotationType>ORDER</common:AnnotationType>
                            <common:AnnotationText xml:lang="en">1120</common:AnnotationText>
                            <common:AnnotationText xml:lang="fr">1120</common:AnnotationText>
                        </common:Annotation>
                    </common:Annotations>
                    <common:Name xml:lang="en">Rock</common:Name>
                    <common:Name xml:lang="fr">Rock</common:Name>
                    <structure:Parent>
                        <Ref id="USA"/>
                    </structure:Parent>
                </structure:Code>
                <structure:Code id="USA193">
                    <common:Annotations>
                        <common:Annotation>
                            <common:AnnotationType>ORDER</common:AnnotationType>
                            <common:AnnotationText xml:lang="en">1130</common:AnnotationText>
                            <common:AnnotationText xml:lang="fr">1130</common:AnnotationText>
                        </common:Annotation>
                    </common:Annotations>
                    <common:Name xml:lang="en">Pueblo</common:Name>
                    <common:Name xml:lang="fr">Pueblo</common:Name>
                    <structure:Parent>
                        <Ref id="USA"/>
                    </structure:Parent>
                </structure:Code>
                <structure:Code id="USA194">
                    <common:Annotations>
                        <common:Annotation>
                            <common:AnnotationType>ORDER</common:AnnotationType>
                            <common:AnnotationText xml:lang="en">1140</common:AnnotationText>
                            <common:AnnotationText xml:lang="fr">1140</common:AnnotationText>
                        </common:Annotation>
                    </common:Annotations>
                    <common:Name xml:lang="en">Centre</common:Name>
                    <common:Name xml:lang="fr">Centre</common:Name>
                    <structure:Parent>
                        <Ref id="USA"/>
                    </structure:Parent>
                </structure:Code>
                <structure:Code id="USA195">
                    <common:Annotations>
                        <common:Annotation>
                            <common:AnnotationType>ORDER</common:AnnotationType>
                            <common:AnnotationText xml:lang="en">1150</common:AnnotationText>
                            <common:AnnotationText xml:lang="fr">1150</common:AnnotationText>
                        </common:Annotation>
                    </common:Annotations>
                    <common:Name xml:lang="en">Yellowstone</common:Name>
                    <common:Name xml:lang="fr">Yellowstone</common:Name>
                    <structure:Parent>
                        <Ref id="USA"/>
                    </structure:Parent>
                </structure:Code>
                <structure:Code id="USA196">
                    <common:Annotations>
                        <common:Annotation>
                            <common:AnnotationType>ORDER</common:AnnotationType>
                            <common:AnnotationText xml:lang="en">1160</common:AnnotationText>
                            <common:AnnotationText xml:lang="fr">1160</common:AnnotationText>
                        </common:Annotation>
                    </common:Annotations>
                    <common:Name xml:lang="en">Wichita</common:Name>
                    <common:Name xml:lang="fr">Wichita</common:Name>
                    <structure:Parent>
                        <Ref id="USA"/>
                    </structure:Parent>
                </structure:Code>
                <structure:Code id="USA197">
                    <common:Annotations>
                        <common:Annotation>
                            <common:AnnotationType>ORDER</common:AnnotationType>
                            <common:AnnotationText xml:lang="en">1170</common:AnnotationText>
                            <common:AnnotationText xml:lang="fr">1170</common:AnnotationText>
                        </common:Annotation>
                    </common:Annotations>
                    <common:Name xml:lang="en">Washington (MD)</common:Name>
                    <common:Name xml:lang="fr">Washington (MD)</common:Name>
                    <structure:Parent>
                        <Ref id="USA"/>
                    </structure:Parent>
                </structure:Code>
                <structure:Code id="USA198">
                    <common:Annotations>
                        <common:Annotation>
                            <common:AnnotationType>ORDER</common:AnnotationType>
                            <common:AnnotationText xml:lang="en">1180</common:AnnotationText>
                            <common:AnnotationText xml:lang="fr">1180</common:AnnotationText>
                        </common:Annotation>
                    </common:Annotations>
                    <common:Name xml:lang="en">Mesa</common:Name>
                    <common:Name xml:lang="fr">Mesa</common:Name>
                    <structure:Parent>
                        <Ref id="USA"/>
                    </structure:Parent>
                </structure:Code>
                <structure:Code id="USA199">
                    <common:Annotations>
                        <common:Annotation>
                            <common:AnnotationType>ORDER</common:AnnotationType>
                            <common:AnnotationText xml:lang="en">1190</common:AnnotationText>
                            <common:AnnotationText xml:lang="fr">1190</common:AnnotationText>
                        </common:Annotation>
                    </common:Annotations>
                    <common:Name xml:lang="en">Midland</common:Name>
                    <common:Name xml:lang="fr">Midland</common:Name>
                    <structure:Parent>
                        <Ref id="USA"/>
                    </structure:Parent>
                </structure:Code>
                <structure:Code id="USA20">
                    <common:Annotations>
                        <common:Annotation>
                            <common:AnnotationType>ORDER</common:AnnotationType>
                            <common:AnnotationText xml:lang="en">1200</common:AnnotationText>
                            <common:AnnotationText xml:lang="fr">1200</common:AnnotationText>
                        </common:Annotation>
                    </common:Annotations>
                    <common:Name xml:lang="en">Portland</common:Name>
                    <common:Name xml:lang="fr">Portland</common:Name>
                    <structure:Parent>
                        <Ref id="USA"/>
                    </structure:Parent>
                </structure:Code>
                <structure:Code id="USA200">
                    <common:Annotations>
                        <common:Annotation>
                            <common:AnnotationType>ORDER</common:AnnotationType>
                            <common:AnnotationText xml:lang="en">1210</common:AnnotationText>
                            <common:AnnotationText xml:lang="fr">1210</common:AnnotationText>
                        </common:Annotation>
                    </common:Annotations>
                    <common:Name xml:lang="en">Ector</common:Name>
                    <common:Name xml:lang="fr">Ector</common:Name>
                    <structure:Parent>
                        <Ref id="USA"/>
                    </structure:Parent>
                </structure:Code>
                <structure:Code id="USA201">
                    <common:Annotations>
                        <common:Annotation>
                            <common:AnnotationType>ORDER</common:AnnotationType>
                            <common:AnnotationText xml:lang="en">1220</common:AnnotationText>
                            <common:AnnotationText xml:lang="fr">1220</common:AnnotationText>
                        </common:Annotation>
                    </common:Annotations>
                    <common:Name xml:lang="en">Comanche</common:Name>
                    <common:Name xml:lang="fr">Comanche</common:Name>
                    <structure:Parent>
                        <Ref id="USA"/>
                    </structure:Parent>
                </structure:Code>
                <structure:Code id="USA202">
                    <common:Annotations>
                        <common:Annotation>
                            <common:AnnotationType>ORDER</common:AnnotationType>
                            <common:AnnotationText xml:lang="en">1230</common:AnnotationText>
                            <common:AnnotationText xml:lang="fr">1230</common:AnnotationText>
                        </common:Annotation>
                    </common:Annotations>
                    <common:Name xml:lang="en">Indian River</common:Name>
                    <common:Name xml:lang="fr">Indian River</common:Name>
                    <structure:Parent>
                        <Ref id="USA"/>
                    </structure:Parent>
                </structure:Code>
                <structure:Code id="USA203">
                    <common:Annotations>
                        <common:Annotation>
                            <common:AnnotationType>ORDER</common:AnnotationType>
                            <common:AnnotationText xml:lang="en">1240</common:AnnotationText>
                            <common:AnnotationText xml:lang="fr">1240</common:AnnotationText>
                        </common:Annotation>
                    </common:Annotations>
                    <common:Name xml:lang="en">Monroe (IN)</common:Name>
                    <common:Name xml:lang="fr">Monroe (IN)</common:Name>
                    <structure:Parent>
                        <Ref id="USA"/>
                    </structure:Parent>
                </structure:Code>
                <structure:Code id="USA204">
                    <common:Annotations>
                        <common:Annotation>
                            <common:AnnotationType>ORDER</common:AnnotationType>
                            <common:AnnotationText xml:lang="en">1250</common:AnnotationText>
                            <common:AnnotationText xml:lang="fr">1250</common:AnnotationText>
                        </common:Annotation>
                    </common:Annotations>
                    <common:Name xml:lang="en">Napa</common:Name>
                    <common:Name xml:lang="fr">Napa</common:Name>
                    <structure:Parent>
                        <Ref id="USA"/>
                    </structure:Parent>
                </structure:Code>
                <structure:Code id="USA205">
                    <common:Annotations>
                        <common:Annotation>
                            <common:AnnotationType>ORDER</common:AnnotationType>
                            <common:AnnotationText xml:lang="en">1260</common:AnnotationText>
                            <common:AnnotationText xml:lang="fr">1260</common:AnnotationText>
                        </common:Annotation>
                    </common:Annotations>
                    <common:Name xml:lang="en">Delaware</common:Name>
                    <common:Name xml:lang="fr">Delaware</common:Name>
                    <structure:Parent>
                        <Ref id="USA"/>
                    </structure:Parent>
                </structure:Code>
                <structure:Code id="USA206">
                    <common:Annotations>
                        <common:Annotation>
                            <common:AnnotationType>ORDER</common:AnnotationType>
                            <common:AnnotationText xml:lang="en">1270</common:AnnotationText>
                            <common:AnnotationText xml:lang="fr">1270</common:AnnotationText>
                        </common:Annotation>
                    </common:Annotations>
                    <common:Name xml:lang="en">Kankakee</common:Name>
                    <common:Name xml:lang="fr">Kankakee</common:Name>
                    <structure:Parent>
                        <Ref id="USA"/>
                    </structure:Parent>
                </structure:Code>
                <structure:Code id="USA207">
                    <common:Annotations>
                        <common:Annotation>
                            <common:AnnotationType>ORDER</common:AnnotationType>
                            <common:AnnotationText xml:lang="en">1280</common:AnnotationText>
                            <common:AnnotationText xml:lang="fr">1280</common:AnnotationText>
                        </common:Annotation>
                    </common:Annotations>
                    <common:Name xml:lang="en">Terrebonne</common:Name>
                    <common:Name xml:lang="fr">Terrebonne</common:Name>
                    <structure:Parent>
                        <Ref id="USA"/>
                    </structure:Parent>
                </structure:Code>
                <structure:Code id="USA208">
                    <common:Annotations>
                        <common:Annotation>
                            <common:AnnotationType>ORDER</common:AnnotationType>
                            <common:AnnotationText xml:lang="en">1290</common:AnnotationText>
                            <common:AnnotationText xml:lang="fr">1290</common:AnnotationText>
                        </common:Annotation>
                    </common:Annotations>
                    <common:Name xml:lang="en">Douglas (KS)</common:Name>
                    <common:Name xml:lang="fr">Douglas (KS)</common:Name>
                    <structure:Parent>
                        <Ref id="USA"/>
                    </structure:Parent>
                </structure:Code>
                <structure:Code id="USA209">
                    <common:Annotations>
                        <common:Annotation>
                            <common:AnnotationType>ORDER</common:AnnotationType>
                            <common:AnnotationText xml:lang="en">1300</common:AnnotationText>
                            <common:AnnotationText xml:lang="fr">1300</common:AnnotationText>
                        </common:Annotation>
                    </common:Annotations>
                    <common:Name xml:lang="en">Flagler-Daytona Beach</common:Name>
                    <common:Name xml:lang="fr">Flagler-Daytona Beach</common:Name>
                    <structure:Parent>
                        <Ref id="USA"/>
                    </structure:Parent>
                </structure:Code>
                <structure:Code id="USA21">
                    <common:Annotations>
                        <common:Annotation>
                            <common:AnnotationType>ORDER</common:AnnotationType>
                            <common:AnnotationText xml:lang="en">1310</common:AnnotationText>
                            <common:AnnotationText xml:lang="fr">1310</common:AnnotationText>
                        </common:Annotation>
                    </common:Annotations>
                    <common:Name xml:lang="en">Cincinnati</common:Name>
                    <common:Name xml:lang="fr">Cincinnati</common:Name>
                    <structure:Parent>
                        <Ref id="USA"/>
                    </structure:Parent>
                </structure:Code>
                <structure:Code id="USA210">
                    <common:Annotations>
                        <common:Annotation>
                            <common:AnnotationType>ORDER</common:AnnotationType>
                            <common:AnnotationText xml:lang="en">1320</common:AnnotationText>
                            <common:AnnotationText xml:lang="fr">1320</common:AnnotationText>
                        </common:Annotation>
                    </common:Annotations>
                    <common:Name xml:lang="en">Sumter</common:Name>
                    <common:Name xml:lang="fr">Sumter</common:Name>
                    <structure:Parent>
                        <Ref id="USA"/>
                    </structure:Parent>
                </structure:Code>
                <structure:Code id="USA211">
                    <common:Annotations>
                        <common:Annotation>
                            <common:AnnotationType>ORDER</common:AnnotationType>
                            <common:AnnotationText xml:lang="en">1330</common:AnnotationText>
                            <common:AnnotationText xml:lang="fr">1330</common:AnnotationText>
                        </common:Annotation>
                    </common:Annotations>
                    <common:Name xml:lang="en">Maverick</common:Name>
                    <common:Name xml:lang="fr">Maverick</common:Name>
                    <structure:Parent>
                        <Ref id="USA"/>
                    </structure:Parent>
                </structure:Code>
                <structure:Code id="USA22">
                    <common:Annotations>
                        <common:Annotation>
                            <common:AnnotationType>ORDER</common:AnnotationType>
                            <common:AnnotationText xml:lang="en">1340</common:AnnotationText>
                            <common:AnnotationText xml:lang="fr">1340</common:AnnotationText>
                        </common:Annotation>
                    </common:Annotations>
                    <common:Name xml:lang="en">Las Vegas</common:Name>
                    <common:Name xml:lang="fr">Las Vegas</common:Name>
                    <structure:Parent>
                        <Ref id="USA"/>
                    </structure:Parent>
                </structure:Code>
                <structure:Code id="USA23">
                    <common:Annotations>
                        <common:Annotation>
                            <common:AnnotationType>ORDER</common:AnnotationType>
                            <common:AnnotationText xml:lang="en">1350</common:AnnotationText>
                            <common:AnnotationText xml:lang="fr">1350</common:AnnotationText>
                        </common:Annotation>
                    </common:Annotations>
                    <common:Name xml:lang="en">Orange</common:Name>
                    <common:Name xml:lang="fr">Orange</common:Name>
                    <structure:Parent>
                        <Ref id="USA"/>
                    </structure:Parent>
                </structure:Code>
                <structure:Code id="USA24">
                    <common:Annotations>
                        <common:Annotation>
                            <common:AnnotationType>ORDER</common:AnnotationType>
                            <common:AnnotationText xml:lang="en">1360</common:AnnotationText>
                            <common:AnnotationText xml:lang="fr">1360</common:AnnotationText>
                        </common:Annotation>
                    </common:Annotations>
                    <common:Name xml:lang="en">Jackson (MO)</common:Name>
                    <common:Name xml:lang="fr">Jackson (MO)</common:Name>
                    <structure:Parent>
                        <Ref id="USA"/>
                    </structure:Parent>
                </structure:Code>
                <structure:Code id="USA25">
                    <common:Annotations>
                        <common:Annotation>
                            <common:AnnotationType>ORDER</common:AnnotationType>
                            <common:AnnotationText xml:lang="en">1370</common:AnnotationText>
                            <common:AnnotationText xml:lang="fr">1370</common:AnnotationText>
                        </common:Annotation>
                    </common:Annotations>
                    <common:Name xml:lang="en">Indianapolis</common:Name>
                    <common:Name xml:lang="fr">Indianapolis</common:Name>
                    <structure:Parent>
                        <Ref id="USA"/>
                    </structure:Parent>
                </structure:Code>
                <structure:Code id="USA26">
                    <common:Annotations>
                        <common:Annotation>
                            <common:AnnotationType>ORDER</common:AnnotationType>
                            <common:AnnotationText xml:lang="en">1380</common:AnnotationText>
                            <common:AnnotationText xml:lang="fr">1380</common:AnnotationText>
                        </common:Annotation>
                    </common:Annotations>
                    <common:Name xml:lang="en">Cuyahoga</common:Name>
                    <common:Name xml:lang="fr">Cuyahoga</common:Name>
                    <structure:Parent>
                        <Ref id="USA"/>
                    </structure:Parent>
                </structure:Code>
                <structure:Code id="USA27">
                    <common:Annotations>
                        <common:Annotation>
                            <common:AnnotationType>ORDER</common:AnnotationType>
                            <common:AnnotationText xml:lang="en">1390</common:AnnotationText>
                            <common:AnnotationText xml:lang="fr">1390</common:AnnotationText>
                        </common:Annotation>
                    </common:Annotations>
                    <common:Name xml:lang="en">New Haven</common:Name>
                    <common:Name xml:lang="fr">New Haven</common:Name>
                    <structure:Parent>
                        <Ref id="USA"/>
                    </structure:Parent>
                </structure:Code>
                <structure:Code id="USA28">
                    <common:Annotations>
                        <common:Annotation>
                            <common:AnnotationType>ORDER</common:AnnotationType>
                            <common:AnnotationText xml:lang="en">1400</common:AnnotationText>
                            <common:AnnotationText xml:lang="fr">1400</common:AnnotationText>
                        </common:Annotation>
                    </common:Annotations>
                    <common:Name xml:lang="en">Charlotte</common:Name>
                    <common:Name xml:lang="fr">Charlotte</common:Name>
                    <structure:Parent>
                        <Ref id="USA"/>
                    </structure:Parent>
                </structure:Code>
                <structure:Code id="USA29">
                    <common:Annotations>
                        <common:Annotation>
                            <common:AnnotationType>ORDER</common:AnnotationType>
                            <common:AnnotationText xml:lang="en">1410</common:AnnotationText>
                            <common:AnnotationText xml:lang="fr">1410</common:AnnotationText>
                        </common:Annotation>
                    </common:Annotations>
                    <common:Name xml:lang="en">Sacramento</common:Name>
                    <common:Name xml:lang="fr">Sacramento</common:Name>
                    <structure:Parent>
                        <Ref id="USA"/>
                    </structure:Parent>
                </structure:Code>
                <structure:Code id="USA30">
                    <common:Annotations>
                        <common:Annotation>
                            <common:AnnotationType>ORDER</common:AnnotationType>
                            <common:AnnotationText xml:lang="en">1420</common:AnnotationText>
                            <common:AnnotationText xml:lang="fr">1420</common:AnnotationText>
                        </common:Annotation>
                    </common:Annotations>
                    <common:Name xml:lang="en">Austin</common:Name>
                    <common:Name xml:lang="fr">Austin</common:Name>
                    <structure:Parent>
                        <Ref id="USA"/>
                    </structure:Parent>
                </structure:Code>
                <structure:Code id="USA31">
                    <common:Annotations>
                        <common:Annotation>
                            <common:AnnotationType>ORDER</common:AnnotationType>
                            <common:AnnotationText xml:lang="en">1430</common:AnnotationText>
                            <common:AnnotationText xml:lang="fr">1430</common:AnnotationText>
                        </common:Annotation>
                    </common:Annotations>
                    <common:Name xml:lang="en">Columbus</common:Name>
                    <common:Name xml:lang="fr">Columbus</common:Name>
                    <structure:Parent>
                        <Ref id="USA"/>
                    </structure:Parent>
                </structure:Code>
                <structure:Code id="USA32">
                    <common:Annotations>
                        <common:Annotation>
                            <common:AnnotationType>ORDER</common:AnnotationType>
                            <common:AnnotationText xml:lang="en">1440</common:AnnotationText>
                            <common:AnnotationText xml:lang="fr">1440</common:AnnotationText>
                        </common:Annotation>
                    </common:Annotations>
                    <common:Name xml:lang="en">Milwaukee</common:Name>
                    <common:Name xml:lang="fr">Milwaukee</common:Name>
                    <structure:Parent>
                        <Ref id="USA"/>
                    </structure:Parent>
                </structure:Code>
                <structure:Code id="USA33">
                    <common:Annotations>
                        <common:Annotation>
                            <common:AnnotationType>ORDER</common:AnnotationType>
                            <common:AnnotationText xml:lang="en">1450</common:AnnotationText>
                            <common:AnnotationText xml:lang="fr">1450</common:AnnotationText>
                        </common:Annotation>
                    </common:Annotations>
                    <common:Name xml:lang="en">Jacksonville</common:Name>
                    <common:Name xml:lang="fr">Jacksonville</common:Name>
                    <structure:Parent>
                        <Ref id="USA"/>
                    </structure:Parent>
                </structure:Code>
                <structure:Code id="USA34">
                    <common:Annotations>
                        <common:Annotation>
                            <common:AnnotationType>ORDER</common:AnnotationType>
                            <common:AnnotationText xml:lang="en">1460</common:AnnotationText>
                            <common:AnnotationText xml:lang="fr">1460</common:AnnotationText>
                        </common:Annotation>
                    </common:Annotations>
                    <common:Name xml:lang="en">Salt Lake</common:Name>
                    <common:Name xml:lang="fr">Salt Lake</common:Name>
                    <structure:Parent>
                        <Ref id="USA"/>
                    </structure:Parent>
                </structure:Code>
                <structure:Code id="USA35">
                    <common:Annotations>
                        <common:Annotation>
                            <common:AnnotationType>ORDER</common:AnnotationType>
                            <common:AnnotationText xml:lang="en">1470</common:AnnotationText>
                            <common:AnnotationText xml:lang="fr">1470</common:AnnotationText>
                        </common:Annotation>
                    </common:Annotations>
                    <common:Name xml:lang="en">Tampa-Pinellas</common:Name>
                    <common:Name xml:lang="fr">Tampa-Pinellas</common:Name>
                    <structure:Parent>
                        <Ref id="USA"/>
                    </structure:Parent>
                </structure:Code>
                <structure:Code id="USA36">
                    <common:Annotations>
                        <common:Annotation>
                            <common:AnnotationType>ORDER</common:AnnotationType>
                            <common:AnnotationText xml:lang="en">1480</common:AnnotationText>
                            <common:AnnotationText xml:lang="fr">1480</common:AnnotationText>
                        </common:Annotation>
                    </common:Annotations>
                    <common:Name xml:lang="en">Jefferson (KY)</common:Name>
                    <common:Name xml:lang="fr">Jefferson (KY)</common:Name>
                    <structure:Parent>
                        <Ref id="USA"/>
                    </structure:Parent>
                </structure:Code>
                <structure:Code id="USA37">
                    <common:Annotations>
                        <common:Annotation>
                            <common:AnnotationType>ORDER</common:AnnotationType>
                            <common:AnnotationText xml:lang="en">1490</common:AnnotationText>
                            <common:AnnotationText xml:lang="fr">1490</common:AnnotationText>
                        </common:Annotation>
                    </common:Annotations>
                    <common:Name xml:lang="en">Memphis</common:Name>
                    <common:Name xml:lang="fr">Memphis</common:Name>
                    <structure:Parent>
                        <Ref id="USA"/>
                    </structure:Parent>
                </structure:Code>
                <structure:Code id="USA38">
                    <common:Annotations>
                        <common:Annotation>
                            <common:AnnotationType>ORDER</common:AnnotationType>
                            <common:AnnotationText xml:lang="en">1500</common:AnnotationText>
                            <common:AnnotationText xml:lang="fr">1500</common:AnnotationText>
                        </common:Annotation>
                    </common:Annotations>
                    <common:Name xml:lang="en">Davidson</common:Name>
                    <common:Name xml:lang="fr">Davidson</common:Name>
                    <structure:Parent>
                        <Ref id="USA"/>
                    </structure:Parent>
                </structure:Code>
                <structure:Code id="USA39">
                    <common:Annotations>
                        <common:Annotation>
                            <common:AnnotationType>ORDER</common:AnnotationType>
                            <common:AnnotationText xml:lang="en">1510</common:AnnotationText>
                            <common:AnnotationText xml:lang="fr">1510</common:AnnotationText>
                        </common:Annotation>
                    </common:Annotations>
                    <common:Name xml:lang="en">Oklahoma</common:Name>
                    <common:Name xml:lang="fr">Oklahoma</common:Name>
                    <structure:Parent>
                        <Ref id="USA"/>
                    </structure:Parent>
                </structure:Code>
                <structure:Code id="USA40">
                    <common:Annotations>
                        <common:Annotation>
                            <common:AnnotationType>ORDER</common:AnnotationType>
                            <common:AnnotationText xml:lang="en">1520</common:AnnotationText>
                            <common:AnnotationText xml:lang="fr">1520</common:AnnotationText>
                        </common:Annotation>
                    </common:Annotations>
                    <common:Name xml:lang="en">Hartford</common:Name>
                    <common:Name xml:lang="fr">Hartford</common:Name>
                    <structure:Parent>
                        <Ref id="USA"/>
                    </structure:Parent>
                </structure:Code>
                <structure:Code id="USA41">
                    <common:Annotations>
                        <common:Annotation>
                            <common:AnnotationType>ORDER</common:AnnotationType>
                            <common:AnnotationText xml:lang="en">1530</common:AnnotationText>
                            <common:AnnotationText xml:lang="fr">1530</common:AnnotationText>
                        </common:Annotation>
                    </common:Annotations>
                    <common:Name xml:lang="en">Pittsburgh</common:Name>
                    <common:Name xml:lang="fr">Pittsburgh</common:Name>
                    <structure:Parent>
                        <Ref id="USA"/>
                    </structure:Parent>
                </structure:Code>
                <structure:Code id="USA42">
                    <common:Annotations>
                        <common:Annotation>
                            <common:AnnotationType>ORDER</common:AnnotationType>
                            <common:AnnotationText xml:lang="en">1540</common:AnnotationText>
                            <common:AnnotationText xml:lang="fr">1540</common:AnnotationText>
                        </common:Annotation>
                    </common:Annotations>
                    <common:Name xml:lang="en">New Orleans</common:Name>
                    <common:Name xml:lang="fr">New Orleans</common:Name>
                    <structure:Parent>
                        <Ref id="USA"/>
                    </structure:Parent>
                </structure:Code>
                <structure:Code id="USA43">
                    <common:Annotations>
                        <common:Annotation>
                            <common:AnnotationType>ORDER</common:AnnotationType>
                            <common:AnnotationText xml:lang="en">1550</common:AnnotationText>
                            <common:AnnotationText xml:lang="fr">1550</common:AnnotationText>
                        </common:Annotation>
                    </common:Annotations>
                    <common:Name xml:lang="en">Virginia Beach</common:Name>
                    <common:Name xml:lang="fr">Virginia Beach</common:Name>
                    <structure:Parent>
                        <Ref id="USA"/>
                    </structure:Parent>
                </structure:Code>
                <structure:Code id="USA44">
                    <common:Annotations>
                        <common:Annotation>
                            <common:AnnotationType>ORDER</common:AnnotationType>
                            <common:AnnotationText xml:lang="en">1560</common:AnnotationText>
                            <common:AnnotationText xml:lang="fr">1560</common:AnnotationText>
                        </common:Annotation>
                    </common:Annotations>
                    <common:Name xml:lang="en">Erie (NY)</common:Name>
                    <common:Name xml:lang="fr">Erie (NY)</common:Name>
                    <structure:Parent>
                        <Ref id="USA"/>
                    </structure:Parent>
                </structure:Code>
                <structure:Code id="USA45">
                    <common:Annotations>
                        <common:Annotation>
                            <common:AnnotationType>ORDER</common:AnnotationType>
                            <common:AnnotationText xml:lang="en">1570</common:AnnotationText>
                            <common:AnnotationText xml:lang="fr">1570</common:AnnotationText>
                        </common:Annotation>
                    </common:Annotations>
                    <common:Name xml:lang="en">Fresno (Greater)</common:Name>
                    <common:Name xml:lang="fr">Fresno (Greater)</common:Name>
                    <structure:Parent>
                        <Ref id="USA"/>
                    </structure:Parent>
                </structure:Code>
                <structure:Code id="USA46">
                    <common:Annotations>
                        <common:Annotation>
                            <common:AnnotationType>ORDER</common:AnnotationType>
                            <common:AnnotationText xml:lang="en">1580</common:AnnotationText>
                            <common:AnnotationText xml:lang="fr">1580</common:AnnotationText>
                        </common:Annotation>
                    </common:Annotations>
                    <common:Name xml:lang="en">Richmond (Greater)</common:Name>
                    <common:Name xml:lang="fr">Richmond (Greater)</common:Name>
                    <structure:Parent>
                        <Ref id="USA"/>
                    </structure:Parent>
                </structure:Code>
                <structure:Code id="USA47">
                    <common:Annotations>
                        <common:Annotation>
                            <common:AnnotationType>ORDER</common:AnnotationType>
                            <common:AnnotationText xml:lang="en">1590</common:AnnotationText>
                            <common:AnnotationText xml:lang="fr">1590</common:AnnotationText>
                        </common:Annotation>
                    </common:Annotations>
                    <common:Name xml:lang="en">Wake</common:Name>
                    <common:Name xml:lang="fr">Wake</common:Name>
                    <structure:Parent>
                        <Ref id="USA"/>
                    </structure:Parent>
                </structure:Code>
                <structure:Code id="USA48">
                    <common:Annotations>
                        <common:Annotation>
                            <common:AnnotationType>ORDER</common:AnnotationType>
                            <common:AnnotationText xml:lang="en">1600</common:AnnotationText>
                            <common:AnnotationText xml:lang="fr">1600</common:AnnotationText>
                        </common:Annotation>
                    </common:Annotations>
                    <common:Name xml:lang="en">Jefferson (AL)</common:Name>
                    <common:Name xml:lang="fr">Jefferson (AL)</common:Name>
                    <structure:Parent>
                        <Ref id="USA"/>
                    </structure:Parent>
                </structure:Code>
                <structure:Code id="USA49">
                    <common:Annotations>
                        <common:Annotation>
                            <common:AnnotationType>ORDER</common:AnnotationType>
                            <common:AnnotationText xml:lang="en">1610</common:AnnotationText>
                            <common:AnnotationText xml:lang="fr">1610</common:AnnotationText>
                        </common:Annotation>
                    </common:Annotations>
                    <common:Name xml:lang="en">Tampa-Hillsborough</common:Name>
                    <common:Name xml:lang="fr">Tampa-Hillsborough</common:Name>
                    <structure:Parent>
                        <Ref id="USA"/>
                    </structure:Parent>
                </structure:Code>
                <structure:Code id="USA50">
                    <common:Annotations>
                        <common:Annotation>
                            <common:AnnotationType>ORDER</common:AnnotationType>
                            <common:AnnotationText xml:lang="en">1620</common:AnnotationText>
                            <common:AnnotationText xml:lang="fr">1620</common:AnnotationText>
                        </common:Annotation>
                    </common:Annotations>
                    <common:Name xml:lang="en">Pima</common:Name>
                    <common:Name xml:lang="fr">Pima</common:Name>
                    <structure:Parent>
                        <Ref id="USA"/>
                    </structure:Parent>
                </structure:Code>
                <structure:Code id="USA51">
                    <common:Annotations>
                        <common:Annotation>
                            <common:AnnotationType>ORDER</common:AnnotationType>
                            <common:AnnotationText xml:lang="en">1630</common:AnnotationText>
                            <common:AnnotationText xml:lang="fr">1630</common:AnnotationText>
                        </common:Annotation>
                    </common:Annotations>
                    <common:Name xml:lang="en">Tulsa</common:Name>
                    <common:Name xml:lang="fr">Tulsa</common:Name>
                    <structure:Parent>
                        <Ref id="USA"/>
                    </structure:Parent>
                </structure:Code>
                <structure:Code id="USA52">
                    <common:Annotations>
                        <common:Annotation>
                            <common:AnnotationType>ORDER</common:AnnotationType>
                            <common:AnnotationText xml:lang="en">1640</common:AnnotationText>
                            <common:AnnotationText xml:lang="fr">1640</common:AnnotationText>
                        </common:Annotation>
                    </common:Annotations>
                    <common:Name xml:lang="en">Albany</common:Name>
                    <common:Name xml:lang="fr">Albany</common:Name>
                    <structure:Parent>
                        <Ref id="USA"/>
                    </structure:Parent>
                </structure:Code>
                <structure:Code id="USA53">
                    <common:Annotations>
                        <common:Annotation>
                            <common:AnnotationType>ORDER</common:AnnotationType>
                            <common:AnnotationText xml:lang="en">1650</common:AnnotationText>
                            <common:AnnotationText xml:lang="fr">1650</common:AnnotationText>
                        </common:Annotation>
                    </common:Annotations>
                    <common:Name xml:lang="en">Providence</common:Name>
                    <common:Name xml:lang="fr">Providence</common:Name>
                    <structure:Parent>
                        <Ref id="USA"/>
                    </structure:Parent>
                </structure:Code>
                <structure:Code id="USA54">
                    <common:Annotations>
                        <common:Annotation>
                            <common:AnnotationType>ORDER</common:AnnotationType>
                            <common:AnnotationText xml:lang="en">1660</common:AnnotationText>
                            <common:AnnotationText xml:lang="fr">1660</common:AnnotationText>
                        </common:Annotation>
                    </common:Annotations>
                    <common:Name xml:lang="en">Albuquerque</common:Name>
                    <common:Name xml:lang="fr">Albuquerque</common:Name>
                    <structure:Parent>
                        <Ref id="USA"/>
                    </structure:Parent>
                </structure:Code>
                <structure:Code id="USA55">
                    <common:Annotations>
                        <common:Annotation>
                            <common:AnnotationType>ORDER</common:AnnotationType>
                            <common:AnnotationText xml:lang="en">1670</common:AnnotationText>
                            <common:AnnotationText xml:lang="fr">1670</common:AnnotationText>
                        </common:Annotation>
                    </common:Annotations>
                    <common:Name xml:lang="en">Douglas (NE)</common:Name>
                    <common:Name xml:lang="fr">Douglas (NE)</common:Name>
                    <structure:Parent>
                        <Ref id="USA"/>
                    </structure:Parent>
                </structure:Code>
                <structure:Code id="USA56">
                    <common:Annotations>
                        <common:Annotation>
                            <common:AnnotationType>ORDER</common:AnnotationType>
                            <common:AnnotationText xml:lang="en">1680</common:AnnotationText>
                            <common:AnnotationText xml:lang="fr">1680</common:AnnotationText>
                        </common:Annotation>
                    </common:Annotations>
                    <common:Name xml:lang="en">Rochester (NY)</common:Name>
                    <common:Name xml:lang="fr">Rochester (NY)</common:Name>
                    <structure:Parent>
                        <Ref id="USA"/>
                    </structure:Parent>
                </structure:Code>
                <structure:Code id="USA57">
                    <common:Annotations>
                        <common:Annotation>
                            <common:AnnotationType>ORDER</common:AnnotationType>
                            <common:AnnotationText xml:lang="en">1690</common:AnnotationText>
                            <common:AnnotationText xml:lang="fr">1690</common:AnnotationText>
                        </common:Annotation>
                    </common:Annotations>
                    <common:Name xml:lang="en">Kern</common:Name>
                    <common:Name xml:lang="fr">Kern</common:Name>
                    <structure:Parent>
                        <Ref id="USA"/>
                    </structure:Parent>
                </structure:Code>
                <structure:Code id="USA58">
                    <common:Annotations>
                        <common:Annotation>
                            <common:AnnotationType>ORDER</common:AnnotationType>
                            <common:AnnotationText xml:lang="en">1700</common:AnnotationText>
                            <common:AnnotationText xml:lang="fr">1700</common:AnnotationText>
                        </common:Annotation>
                    </common:Annotations>
                    <common:Name xml:lang="en">Ventura</common:Name>
                    <common:Name xml:lang="fr">Ventura</common:Name>
                    <structure:Parent>
                        <Ref id="USA"/>
                    </structure:Parent>
                </structure:Code>
                <structure:Code id="USA59">
                    <common:Annotations>
                        <common:Annotation>
                            <common:AnnotationType>ORDER</common:AnnotationType>
                            <common:AnnotationText xml:lang="en">1710</common:AnnotationText>
                            <common:AnnotationText xml:lang="fr">1710</common:AnnotationText>
                        </common:Annotation>
                    </common:Annotations>
                    <common:Name xml:lang="en">El Paso (TX)</common:Name>
                    <common:Name xml:lang="fr">El Paso (TX)</common:Name>
                    <structure:Parent>
                        <Ref id="USA"/>
                    </structure:Parent>
                </structure:Code>
                <structure:Code id="USA60">
                    <common:Annotations>
                        <common:Annotation>
                            <common:AnnotationType>ORDER</common:AnnotationType>
                            <common:AnnotationText xml:lang="en">1720</common:AnnotationText>
                            <common:AnnotationText xml:lang="fr">1720</common:AnnotationText>
                        </common:Annotation>
                    </common:Annotations>
                    <common:Name xml:lang="en">East Baton Rouge</common:Name>
                    <common:Name xml:lang="fr">East Baton Rouge</common:Name>
                    <structure:Parent>
                        <Ref id="USA"/>
                    </structure:Parent>
                </structure:Code>
                <structure:Code id="USA61">
                    <common:Annotations>
                        <common:Annotation>
                            <common:AnnotationType>ORDER</common:AnnotationType>
                            <common:AnnotationText xml:lang="en">1730</common:AnnotationText>
                            <common:AnnotationText xml:lang="fr">1730</common:AnnotationText>
                        </common:Annotation>
                    </common:Annotations>
                    <common:Name xml:lang="en">Worcester</common:Name>
                    <common:Name xml:lang="fr">Worcester</common:Name>
                    <structure:Parent>
                        <Ref id="USA"/>
                    </structure:Parent>
                </structure:Code>
                <structure:Code id="USA62">
                    <common:Annotations>
                        <common:Annotation>
                            <common:AnnotationType>ORDER</common:AnnotationType>
                            <common:AnnotationText xml:lang="en">1740</common:AnnotationText>
                            <common:AnnotationText xml:lang="fr">1740</common:AnnotationText>
                        </common:Annotation>
                    </common:Annotations>
                    <common:Name xml:lang="en">Hidalgo</common:Name>
                    <common:Name xml:lang="fr">Hidalgo</common:Name>
                    <structure:Parent>
                        <Ref id="USA"/>
                    </structure:Parent>
                </structure:Code>
                <structure:Code id="USA63">
                    <common:Annotations>
                        <common:Annotation>
                            <common:AnnotationType>ORDER</common:AnnotationType>
                            <common:AnnotationText xml:lang="en">1750</common:AnnotationText>
                            <common:AnnotationText xml:lang="fr">1750</common:AnnotationText>
                        </common:Annotation>
                    </common:Annotations>
                    <common:Name xml:lang="en">Richland</common:Name>
                    <common:Name xml:lang="fr">Richland</common:Name>
                    <structure:Parent>
                        <Ref id="USA"/>
                    </structure:Parent>
                </structure:Code>
                <structure:Code id="USA64">
                    <common:Annotations>
                        <common:Annotation>
                            <common:AnnotationType>ORDER</common:AnnotationType>
                            <common:AnnotationText xml:lang="en">1760</common:AnnotationText>
                            <common:AnnotationText xml:lang="fr">1760</common:AnnotationText>
                        </common:Annotation>
                    </common:Annotations>
                    <common:Name xml:lang="en">Lehigh</common:Name>
                    <common:Name xml:lang="fr">Lehigh</common:Name>
                    <structure:Parent>
                        <Ref id="USA"/>
                    </structure:Parent>
                </structure:Code>
                <structure:Code id="USA65">
                    <common:Annotations>
                        <common:Annotation>
                            <common:AnnotationType>ORDER</common:AnnotationType>
                            <common:AnnotationText xml:lang="en">1770</common:AnnotationText>
                            <common:AnnotationText xml:lang="fr">1770</common:AnnotationText>
                        </common:Annotation>
                    </common:Annotations>
                    <common:Name xml:lang="en">Sarasota</common:Name>
                    <common:Name xml:lang="fr">Sarasota</common:Name>
                    <structure:Parent>
                        <Ref id="USA"/>
                    </structure:Parent>
                </structure:Code>
                <structure:Code id="USA66">
                    <common:Annotations>
                        <common:Annotation>
                            <common:AnnotationType>ORDER</common:AnnotationType>
                            <common:AnnotationText xml:lang="en">1780</common:AnnotationText>
                            <common:AnnotationText xml:lang="fr">1780</common:AnnotationText>
                        </common:Annotation>
                    </common:Annotations>
                    <common:Name xml:lang="en">Montgomery (OH)</common:Name>
                    <common:Name xml:lang="fr">Montgomery (OH)</common:Name>
                    <structure:Parent>
                        <Ref id="USA"/>
                    </structure:Parent>
                </structure:Code>
                <structure:Code id="USA67">
                    <common:Annotations>
                        <common:Annotation>
                            <common:AnnotationType>ORDER</common:AnnotationType>
                            <common:AnnotationText xml:lang="en">1790</common:AnnotationText>
                            <common:AnnotationText xml:lang="fr">1790</common:AnnotationText>
                        </common:Annotation>
                    </common:Annotations>
                    <common:Name xml:lang="en">San Joaquin</common:Name>
                    <common:Name xml:lang="fr">San Joaquin</common:Name>
                    <structure:Parent>
                        <Ref id="USA"/>
                    </structure:Parent>
                </structure:Code>
                <structure:Code id="USA68">
                    <common:Annotations>
                        <common:Annotation>
                            <common:AnnotationType>ORDER</common:AnnotationType>
                            <common:AnnotationText xml:lang="en">1800</common:AnnotationText>
                            <common:AnnotationText xml:lang="fr">1800</common:AnnotationText>
                        </common:Annotation>
                    </common:Annotations>
                    <common:Name xml:lang="en">Kent</common:Name>
                    <common:Name xml:lang="fr">Kent</common:Name>
                    <structure:Parent>
                        <Ref id="USA"/>
                    </structure:Parent>
                </structure:Code>
                <structure:Code id="USA69">
                    <common:Annotations>
                        <common:Annotation>
                            <common:AnnotationType>ORDER</common:AnnotationType>
                            <common:AnnotationText xml:lang="en">1810</common:AnnotationText>
                            <common:AnnotationText xml:lang="fr">1810</common:AnnotationText>
                        </common:Annotation>
                    </common:Annotations>
                    <common:Name xml:lang="en">Charleston</common:Name>
                    <common:Name xml:lang="fr">Charleston</common:Name>
                    <structure:Parent>
                        <Ref id="USA"/>
                    </structure:Parent>
                </structure:Code>
                <structure:Code id="USA70">
                    <common:Annotations>
                        <common:Annotation>
                            <common:AnnotationType>ORDER</common:AnnotationType>
                            <common:AnnotationText xml:lang="en">1820</common:AnnotationText>
                            <common:AnnotationText xml:lang="fr">1820</common:AnnotationText>
                        </common:Annotation>
                    </common:Annotations>
                    <common:Name xml:lang="en">Onondaga</common:Name>
                    <common:Name xml:lang="fr">Onondaga</common:Name>
                    <structure:Parent>
                        <Ref id="USA"/>
                    </structure:Parent>
                </structure:Code>
                <structure:Code id="USA71">
                    <common:Annotations>
                        <common:Annotation>
                            <common:AnnotationType>ORDER</common:AnnotationType>
                            <common:AnnotationText xml:lang="en">1830</common:AnnotationText>
                            <common:AnnotationText xml:lang="fr">1830</common:AnnotationText>
                        </common:Annotation>
                    </common:Annotations>
                    <common:Name xml:lang="en">El Paso (CO)</common:Name>
                    <common:Name xml:lang="fr">El Paso (CO)</common:Name>
                    <structure:Parent>
                        <Ref id="USA"/>
                    </structure:Parent>
                </structure:Code>
                <structure:Code id="USA72">
                    <common:Annotations>
                        <common:Annotation>
                            <common:AnnotationType>ORDER</common:AnnotationType>
                            <common:AnnotationText xml:lang="en">1840</common:AnnotationText>
                            <common:AnnotationText xml:lang="fr">1840</common:AnnotationText>
                        </common:Annotation>
                    </common:Annotations>
                    <common:Name xml:lang="en">Ada</common:Name>
                    <common:Name xml:lang="fr">Ada</common:Name>
                    <structure:Parent>
                        <Ref id="USA"/>
                    </structure:Parent>
                </structure:Code>
                <structure:Code id="USA73">
                    <common:Annotations>
                        <common:Annotation>
                            <common:AnnotationType>ORDER</common:AnnotationType>
                            <common:AnnotationText xml:lang="en">1850</common:AnnotationText>
                            <common:AnnotationText xml:lang="fr">1850</common:AnnotationText>
                        </common:Annotation>
                    </common:Annotations>
                    <common:Name xml:lang="en">Hampden</common:Name>
                    <common:Name xml:lang="fr">Hampden</common:Name>
                    <structure:Parent>
                        <Ref id="USA"/>
                    </structure:Parent>
                </structure:Code>
                <structure:Code id="USA74">
                    <common:Annotations>
                        <common:Annotation>
                            <common:AnnotationType>ORDER</common:AnnotationType>
                            <common:AnnotationText xml:lang="en">1860</common:AnnotationText>
                            <common:AnnotationText xml:lang="fr">1860</common:AnnotationText>
                        </common:Annotation>
                    </common:Annotations>
                    <common:Name xml:lang="en">Lee</common:Name>
                    <common:Name xml:lang="fr">Lee</common:Name>
                    <structure:Parent>
                        <Ref id="USA"/>
                    </structure:Parent>
                </structure:Code>
                <structure:Code id="USA75">
                    <common:Annotations>
                        <common:Annotation>
                            <common:AnnotationType>ORDER</common:AnnotationType>
                            <common:AnnotationText xml:lang="en">1870</common:AnnotationText>
                            <common:AnnotationText xml:lang="fr">1870</common:AnnotationText>
                        </common:Annotation>
                    </common:Annotations>
                    <common:Name xml:lang="en">Sedgwick</common:Name>
                    <common:Name xml:lang="fr">Sedgwick</common:Name>
                    <structure:Parent>
                        <Ref id="USA"/>
                    </structure:Parent>
                </structure:Code>
                <structure:Code id="USA76">
                    <common:Annotations>
                        <common:Annotation>
                            <common:AnnotationType>ORDER</common:AnnotationType>
                            <common:AnnotationText xml:lang="en">1880</common:AnnotationText>
                            <common:AnnotationText xml:lang="fr">1880</common:AnnotationText>
                        </common:Annotation>
                    </common:Annotations>
                    <common:Name xml:lang="en">Polk</common:Name>
                    <common:Name xml:lang="fr">Polk</common:Name>
                    <structure:Parent>
                        <Ref id="USA"/>
                    </structure:Parent>
                </structure:Code>
                <structure:Code id="USA77">
                    <common:Annotations>
                        <common:Annotation>
                            <common:AnnotationType>ORDER</common:AnnotationType>
                            <common:AnnotationText xml:lang="en">1890</common:AnnotationText>
                            <common:AnnotationText xml:lang="fr">1890</common:AnnotationText>
                        </common:Annotation>
                    </common:Annotations>
                    <common:Name xml:lang="en">Dauphin</common:Name>
                    <common:Name xml:lang="fr">Dauphin</common:Name>
                    <structure:Parent>
                        <Ref id="USA"/>
                    </structure:Parent>
                </structure:Code>
                <structure:Code id="USA78">
                    <common:Annotations>
                        <common:Annotation>
                            <common:AnnotationType>ORDER</common:AnnotationType>
                            <common:AnnotationText xml:lang="en">1900</common:AnnotationText>
                            <common:AnnotationText xml:lang="fr">1900</common:AnnotationText>
                        </common:Annotation>
                    </common:Annotations>
                    <common:Name xml:lang="en">Lucas</common:Name>
                    <common:Name xml:lang="fr">Lucas</common:Name>
                    <structure:Parent>
                        <Ref id="USA"/>
                    </structure:Parent>
                </structure:Code>
                <structure:Code id="USA79">
                    <common:Annotations>
                        <common:Annotation>
                            <common:AnnotationType>ORDER</common:AnnotationType>
                            <common:AnnotationText xml:lang="en">1910</common:AnnotationText>
                            <common:AnnotationText xml:lang="fr">1910</common:AnnotationText>
                        </common:Annotation>
                    </common:Annotations>
                    <common:Name xml:lang="en">Pulaski</common:Name>
                    <common:Name xml:lang="fr">Pulaski</common:Name>
                    <structure:Parent>
                        <Ref id="USA"/>
                    </structure:Parent>
                </structure:Code>
                <structure:Code id="USA80">
                    <common:Annotations>
                        <common:Annotation>
                            <common:AnnotationType>ORDER</common:AnnotationType>
                            <common:AnnotationText xml:lang="en">1920</common:AnnotationText>
                            <common:AnnotationText xml:lang="fr">1920</common:AnnotationText>
                        </common:Annotation>
                    </common:Annotations>
                    <common:Name xml:lang="en">Dane</common:Name>
                    <common:Name xml:lang="fr">Dane</common:Name>
                    <structure:Parent>
                        <Ref id="USA"/>
                    </structure:Parent>
                </structure:Code>
                <structure:Code id="USA81">
                    <common:Annotations>
                        <common:Annotation>
                            <common:AnnotationType>ORDER</common:AnnotationType>
                            <common:AnnotationText xml:lang="en">1930</common:AnnotationText>
                            <common:AnnotationText xml:lang="fr">1930</common:AnnotationText>
                        </common:Annotation>
                    </common:Annotations>
                    <common:Name xml:lang="en">Brevard</common:Name>
                    <common:Name xml:lang="fr">Brevard</common:Name>
                    <structure:Parent>
                        <Ref id="USA"/>
                    </structure:Parent>
                </structure:Code>
                <structure:Code id="USA82">
                    <common:Annotations>
                        <common:Annotation>
                            <common:AnnotationType>ORDER</common:AnnotationType>
                            <common:AnnotationText xml:lang="en">1940</common:AnnotationText>
                            <common:AnnotationText xml:lang="fr">1940</common:AnnotationText>
                        </common:Annotation>
                    </common:Annotations>
                    <common:Name xml:lang="en">Summit</common:Name>
                    <common:Name xml:lang="fr">Summit</common:Name>
                    <structure:Parent>
                        <Ref id="USA"/>
                    </structure:Parent>
                </structure:Code>
                <structure:Code id="USA83">
                    <common:Annotations>
                        <common:Annotation>
                            <common:AnnotationType>ORDER</common:AnnotationType>
                            <common:AnnotationText xml:lang="en">1950</common:AnnotationText>
                            <common:AnnotationText xml:lang="fr">1950</common:AnnotationText>
                        </common:Annotation>
                    </common:Annotations>
                    <common:Name xml:lang="en">Hamilton (TN)</common:Name>
                    <common:Name xml:lang="fr">Hamilton (TN)</common:Name>
                    <structure:Parent>
                        <Ref id="USA"/>
                    </structure:Parent>
                </structure:Code>
                <structure:Code id="USA84">
                    <common:Annotations>
                        <common:Annotation>
                            <common:AnnotationType>ORDER</common:AnnotationType>
                            <common:AnnotationText xml:lang="en">1960</common:AnnotationText>
                            <common:AnnotationText xml:lang="fr">1960</common:AnnotationText>
                        </common:Annotation>
                    </common:Annotations>
                    <common:Name xml:lang="en">Utah</common:Name>
                    <common:Name xml:lang="fr">Utah</common:Name>
                    <structure:Parent>
                        <Ref id="USA"/>
                    </structure:Parent>
                </structure:Code>
                <structure:Code id="USA85">
                    <common:Annotations>
                        <common:Annotation>
                            <common:AnnotationType>ORDER</common:AnnotationType>
                            <common:AnnotationText xml:lang="en">1970</common:AnnotationText>
                            <common:AnnotationText xml:lang="fr">1970</common:AnnotationText>
                        </common:Annotation>
                    </common:Annotations>
                    <common:Name xml:lang="en">Lancaster (PA)</common:Name>
                    <common:Name xml:lang="fr">Lancaster (PA)</common:Name>
                    <structure:Parent>
                        <Ref id="USA"/>
                    </structure:Parent>
                </structure:Code>
                <structure:Code id="USA86">
                    <common:Annotations>
                        <common:Annotation>
                            <common:AnnotationType>ORDER</common:AnnotationType>
                            <common:AnnotationText xml:lang="en">1980</common:AnnotationText>
                            <common:AnnotationText xml:lang="fr">1980</common:AnnotationText>
                        </common:Annotation>
                    </common:Annotations>
                    <common:Name xml:lang="en">Stanislaus</common:Name>
                    <common:Name xml:lang="fr">Stanislaus</common:Name>
                    <structure:Parent>
                        <Ref id="USA"/>
                    </structure:Parent>
                </structure:Code>
                <structure:Code id="USA87">
                    <common:Annotations>
                        <common:Annotation>
                            <common:AnnotationType>ORDER</common:AnnotationType>
                            <common:AnnotationText xml:lang="en">1990</common:AnnotationText>
                            <common:AnnotationText xml:lang="fr">1990</common:AnnotationText>
                        </common:Annotation>
                    </common:Annotations>
                    <common:Name xml:lang="en">Greene</common:Name>
                    <common:Name xml:lang="fr">Greene</common:Name>
                    <structure:Parent>
                        <Ref id="USA"/>
                    </structure:Parent>
                </structure:Code>
                <structure:Code id="USA88">
                    <common:Annotations>
                        <common:Annotation>
                            <common:AnnotationType>ORDER</common:AnnotationType>
                            <common:AnnotationText xml:lang="en">2000</common:AnnotationText>
                            <common:AnnotationText xml:lang="fr">2000</common:AnnotationText>
                        </common:Annotation>
                    </common:Annotations>
                    <common:Name xml:lang="en">Fayette</common:Name>
                    <common:Name xml:lang="fr">Fayette</common:Name>
                    <structure:Parent>
                        <Ref id="USA"/>
                    </structure:Parent>
                </structure:Code>
                <structure:Code id="USA89">
                    <common:Annotations>
                        <common:Annotation>
                            <common:AnnotationType>ORDER</common:AnnotationType>
                            <common:AnnotationText xml:lang="en">2010</common:AnnotationText>
                            <common:AnnotationText xml:lang="fr">2010</common:AnnotationText>
                        </common:Annotation>
                    </common:Annotations>
                    <common:Name xml:lang="en">Spokane</common:Name>
                    <common:Name xml:lang="fr">Spokane</common:Name>
                    <structure:Parent>
                        <Ref id="USA"/>
                    </structure:Parent>
                </structure:Code>
                <structure:Code id="USA90">
                    <common:Annotations>
                        <common:Annotation>
                            <common:AnnotationType>ORDER</common:AnnotationType>
                            <common:AnnotationText xml:lang="en">2020</common:AnnotationText>
                            <common:AnnotationText xml:lang="fr">2020</common:AnnotationText>
                        </common:Annotation>
                    </common:Annotations>
                    <common:Name xml:lang="en">Volusia-Daytona Beach</common:Name>
                    <common:Name xml:lang="fr">Volusia-Daytona Beach</common:Name>
                    <structure:Parent>
                        <Ref id="USA"/>
                    </structure:Parent>
                </structure:Code>
                <structure:Code id="USA91">
                    <common:Annotations>
                        <common:Annotation>
                            <common:AnnotationType>ORDER</common:AnnotationType>
                            <common:AnnotationText xml:lang="en">2030</common:AnnotationText>
                            <common:AnnotationText xml:lang="fr">2030</common:AnnotationText>
                        </common:Annotation>
                    </common:Annotations>
                    <common:Name xml:lang="en">Guilford</common:Name>
                    <common:Name xml:lang="fr">Guilford</common:Name>
                    <structure:Parent>
                        <Ref id="USA"/>
                    </structure:Parent>
                </structure:Code>
                <structure:Code id="USA92">
                    <common:Annotations>
                        <common:Annotation>
                            <common:AnnotationType>ORDER</common:AnnotationType>
                            <common:AnnotationText xml:lang="en">2040</common:AnnotationText>
                            <common:AnnotationText xml:lang="fr">2040</common:AnnotationText>
                        </common:Annotation>
                    </common:Annotations>
                    <common:Name xml:lang="en">Sonoma</common:Name>
                    <common:Name xml:lang="fr">Sonoma</common:Name>
                    <structure:Parent>
                        <Ref id="USA"/>
                    </structure:Parent>
                </structure:Code>
                <structure:Code id="USA93">
                    <common:Annotations>
                        <common:Annotation>
                            <common:AnnotationType>ORDER</common:AnnotationType>
                            <common:AnnotationText xml:lang="en">2050</common:AnnotationText>
                            <common:AnnotationText xml:lang="fr">2050</common:AnnotationText>
                        </common:Annotation>
                    </common:Annotations>
                    <common:Name xml:lang="en">Forsyth</common:Name>
                    <common:Name xml:lang="fr">Forsyth</common:Name>
                    <structure:Parent>
                        <Ref id="USA"/>
                    </structure:Parent>
                </structure:Code>
                <structure:Code id="USA94">
                    <common:Annotations>
                        <common:Annotation>
                            <common:AnnotationType>ORDER</common:AnnotationType>
                            <common:AnnotationText xml:lang="en">2060</common:AnnotationText>
                            <common:AnnotationText xml:lang="fr">2060</common:AnnotationText>
                        </common:Annotation>
                    </common:Annotations>
                    <common:Name xml:lang="en">Washoe</common:Name>
                    <common:Name xml:lang="fr">Washoe</common:Name>
                    <structure:Parent>
                        <Ref id="USA"/>
                    </structure:Parent>
                </structure:Code>
                <structure:Code id="USA95">
                    <common:Annotations>
                        <common:Annotation>
                            <common:AnnotationType>ORDER</common:AnnotationType>
                            <common:AnnotationText xml:lang="en">2070</common:AnnotationText>
                            <common:AnnotationText xml:lang="fr">2070</common:AnnotationText>
                        </common:Annotation>
                    </common:Annotations>
                    <common:Name xml:lang="en">Ingham</common:Name>
                    <common:Name xml:lang="fr">Ingham</common:Name>
                    <structure:Parent>
                        <Ref id="USA"/>
                    </structure:Parent>
                </structure:Code>
                <structure:Code id="USA96">
                    <common:Annotations>
                        <common:Annotation>
                            <common:AnnotationType>ORDER</common:AnnotationType>
                            <common:AnnotationText xml:lang="en">2080</common:AnnotationText>
                            <common:AnnotationText xml:lang="fr">2080</common:AnnotationText>
                        </common:Annotation>
                    </common:Annotations>
                    <common:Name xml:lang="en">Montgomery (AL)</common:Name>
                    <common:Name xml:lang="fr">Montgomery (AL)</common:Name>
                    <structure:Parent>
                        <Ref id="USA"/>
                    </structure:Parent>
                </structure:Code>
                <structure:Code id="USA97">
                    <common:Annotations>
                        <common:Annotation>
                            <common:AnnotationType>ORDER</common:AnnotationType>
                            <common:AnnotationText xml:lang="en">2090</common:AnnotationText>
                            <common:AnnotationText xml:lang="fr">2090</common:AnnotationText>
                        </common:Annotation>
                    </common:Annotations>
                    <common:Name xml:lang="en">Knox</common:Name>
                    <common:Name xml:lang="fr">Knox</common:Name>
                    <structure:Parent>
                        <Ref id="USA"/>
                    </structure:Parent>
                </structure:Code>
                <structure:Code id="USA98">
                    <common:Annotations>
                        <common:Annotation>
                            <common:AnnotationType>ORDER</common:AnnotationType>
                            <common:AnnotationText xml:lang="en">2100</common:AnnotationText>
                            <common:AnnotationText xml:lang="fr">2100</common:AnnotationText>
                        </common:Annotation>
                    </common:Annotations>
                    <common:Name xml:lang="en">Greenville</common:Name>
                    <common:Name xml:lang="fr">Greenville</common:Name>
                    <structure:Parent>
                        <Ref id="USA"/>
                    </structure:Parent>
                </structure:Code>
                <structure:Code id="USA99">
                    <common:Annotations>
                        <common:Annotation>
                            <common:AnnotationType>ORDER</common:AnnotationType>
                            <common:AnnotationText xml:lang="en">2110</common:AnnotationText>
                            <common:AnnotationText xml:lang="fr">2110</common:AnnotationText>
                        </common:Annotation>
                    </common:Annotations>
                    <common:Name xml:lang="en">Mahoning</common:Name>
                    <common:Name xml:lang="fr">Mahoning</common:Name>
                    <structure:Parent>
                        <Ref id="USA"/>
                    </structure:Parent>
                </structure:Code>
                <structure:Code id="_Z">
                    <common:Annotations>
                        <common:Annotation>
                            <common:AnnotationType>ORDER</common:AnnotationType>
                            <common:AnnotationText xml:lang="en">2120</common:AnnotationText>
                            <common:AnnotationText xml:lang="fr">2120</common:AnnotationText>
                        </common:Annotation>
                    </common:Annotations>
                    <common:Name xml:lang="en">Not applicable</common:Name>
                    <common:Name xml:lang="fr">N'est pas applicable</common:Name>
                </structure:Code>
            </structure:Codelist>
            <structure:Codelist id="CL_MEASURE" agencyID="TEST" version="1.0" isFinal="false">
                <common:Name xml:lang="en">Measure</common:Name>
                <structure:Code id="M1">
                    <common:Name xml:lang="en">Measure 1</common:Name>
                    <common:Name xml:lang="fr">Mesure 1</common:Name>
                </structure:Code>
                <structure:Code id="M2">
                    <common:Name xml:lang="en">Measure 2</common:Name>
                    <common:Name xml:lang="fr">Mesure 2</common:Name>
                </structure:Code>
                <structure:Code id="M3">
                    <common:Name xml:lang="en">Measure 3</common:Name>
                    <common:Name xml:lang="fr">Mesure 3</common:Name>
                </structure:Code>
            </structure:Codelist>
            <structure:Codelist id="CL_REGIONAL" agencyID="TEST" version="1.0" isFinal="false">
                <common:Name xml:lang="en">Extended codelist for reference areas and geocoding</common:Name>
                <structure:Code id="OECD">
                    <common:Annotations>
                        <common:Annotation>
                            <common:AnnotationType>ORDER</common:AnnotationType>
                            <common:AnnotationText xml:lang="en">10</common:AnnotationText>
                            <common:AnnotationText xml:lang="fr">10</common:AnnotationText>
                        </common:Annotation>
                    </common:Annotations>
                    <common:Name xml:lang="en">OECD countries</common:Name>
                    <common:Name xml:lang="fr">Pays de l'OECD</common:Name>
                </structure:Code>
                <structure:Code id="OECD00">
                    <common:Annotations>
                        <common:Annotation>
                            <common:AnnotationTitle>AUS+AUT+BEL+CAN+CHL+COL+CZE+DNK+EST+FIN+FRA+DEU+GRC+HUN+ISL+IRL+ISR+IT</common:AnnotationTitle>
                            <common:AnnotationType>COMP_RULE</common:AnnotationType>
                        </common:Annotation>
                        <common:Annotation>
                            <common:AnnotationType>ORDER</common:AnnotationType>
                            <common:AnnotationText xml:lang="en">20</common:AnnotationText>
                            <common:AnnotationText xml:lang="fr">20</common:AnnotationText>
                        </common:Annotation>
                    </common:Annotations>
                    <common:Name xml:lang="en">OECD countries (evolving composition)</common:Name>
                    <common:Name xml:lang="fr">Pays de l'OCDE (composition évolutive)</common:Name>
                </structure:Code>
                <structure:Code id="OECD26">
                    <common:Annotations>
                        <common:Annotation>
                            <common:AnnotationTitle>AUS+AUT+BEL+CAN+DNK+FIN+FRA+DEU+GRC+ISL+IRL+ITA+JPN+KOR+LUX+MEX+NLD+NZ</common:AnnotationTitle>
                            <common:AnnotationType>COMP_RULE</common:AnnotationType>
                        </common:Annotation>
                        <common:Annotation>
                            <common:AnnotationType>ORDER</common:AnnotationType>
                            <common:AnnotationText xml:lang="en">30</common:AnnotationText>
                            <common:AnnotationText xml:lang="fr">30</common:AnnotationText>
                        </common:Annotation>
                    </common:Annotations>
                    <common:Name xml:lang="en">OECD (26 countries)</common:Name>
                    <common:Name xml:lang="fr">OCDE (26 pays)</common:Name>
                </structure:Code>
                <structure:Code id="OECD30">
                    <common:Annotations>
                        <common:Annotation>
                            <common:AnnotationTitle>AUS+AUT+BEL+CAN+CZE+DNK+FIN+FRA+DEU+GRC+HUN+ISL+IRL+ITA+JPN+KOR+LUX+ME</common:AnnotationTitle>
                            <common:AnnotationType>COMP_RULE</common:AnnotationType>
                        </common:Annotation>
                        <common:Annotation>
                            <common:AnnotationType>ORDER</common:AnnotationType>
                            <common:AnnotationText xml:lang="en">40</common:AnnotationText>
                            <common:AnnotationText xml:lang="fr">40</common:AnnotationText>
                        </common:Annotation>
                    </common:Annotations>
                    <common:Name xml:lang="en">OECD (30 countries)</common:Name>
                    <common:Name xml:lang="fr">OCDE (30 pays)</common:Name>
                </structure:Code>
                <structure:Code id="OECD31">
                    <common:Annotations>
                        <common:Annotation>
                            <common:AnnotationTitle>AUS+AUT+BEL+CAN+CZE+DNK+FIN+FRA+DEU+GRC+HUN+ISL+IRL+ITA+JPN+KOR+LUX+ME</common:AnnotationTitle>
                            <common:AnnotationType>COMP_RULE</common:AnnotationType>
                        </common:Annotation>
                        <common:Annotation>
                            <common:AnnotationType>ORDER</common:AnnotationType>
                            <common:AnnotationText xml:lang="en">50</common:AnnotationText>
                            <common:AnnotationText xml:lang="fr">50</common:AnnotationText>
                        </common:Annotation>
                    </common:Annotations>
                    <common:Name xml:lang="en">OECD (31 countries)</common:Name>
                    <common:Name xml:lang="fr">OCDE (31 pays)</common:Name>
                </structure:Code>
                <structure:Code id="OECD34">
                    <common:Annotations>
                        <common:Annotation>
                            <common:AnnotationTitle>AUS+AUT+BEL+CAN+CHL+CZE+DNK+EST+FIN+FRA+DEU+GRC+HUN+ISL+IRL+ISR+ITA+JP</common:AnnotationTitle>
                            <common:AnnotationType>COMP_RULE</common:AnnotationType>
                        </common:Annotation>
                        <common:Annotation>
                            <common:AnnotationType>ORDER</common:AnnotationType>
                            <common:AnnotationText xml:lang="en">60</common:AnnotationText>
                            <common:AnnotationText xml:lang="fr">60</common:AnnotationText>
                        </common:Annotation>
                    </common:Annotations>
                    <common:Name xml:lang="en">OECD (34 countries)</common:Name>
                    <common:Name xml:lang="fr">OCDE (34 pays)</common:Name>
                </structure:Code>
                <structure:Code id="OECD35">
                    <common:Annotations>
                        <common:Annotation>
                            <common:AnnotationTitle>AUS+AUT+BEL+CAN+CHL+CZE+DNK+EST+FIN+FRA+DEU+GRC+HUN+ISL+IRL+ISR+ITA+JP</common:AnnotationTitle>
                            <common:AnnotationType>COMP_RULE</common:AnnotationType>
                        </common:Annotation>
                        <common:Annotation>
                            <common:AnnotationType>ORDER</common:AnnotationType>
                            <common:AnnotationText xml:lang="en">70</common:AnnotationText>
                            <common:AnnotationText xml:lang="fr">70</common:AnnotationText>
                        </common:Annotation>
                    </common:Annotations>
                    <common:Name xml:lang="en">OECD (35 countries)</common:Name>
                    <common:Name xml:lang="fr">OCDE (35 pays)</common:Name>
                </structure:Code>
                <structure:Code id="OECD36">
                    <common:Annotations>
                        <common:Annotation>
                            <common:AnnotationTitle>AUS+AUT+BEL+CAN+CHL+CZE+DNK+EST+FIN+FRA+DEU+GRC+HUN+ISL+IRL+ISR+ITA+JP</common:AnnotationTitle>
                            <common:AnnotationType>COMP_RULE</common:AnnotationType>
                        </common:Annotation>
                        <common:Annotation>
                            <common:AnnotationType>ORDER</common:AnnotationType>
                            <common:AnnotationText xml:lang="en">80</common:AnnotationText>
                            <common:AnnotationText xml:lang="fr">80</common:AnnotationText>
                        </common:Annotation>
                    </common:Annotations>
                    <common:Name xml:lang="en">OECD (36 countries)</common:Name>
                    <common:Name xml:lang="fr">OCDE (36 pays)</common:Name>
                </structure:Code>
                <structure:Code id="OECD37">
                    <common:Annotations>
                        <common:Annotation>
                            <common:AnnotationTitle>AUS+AUT+BEL+CAN+CHL+COL+CZE+DNK+EST+FIN+FRA+DEU+GRC+HUN+ISL+IRL+ISR+IT</common:AnnotationTitle>
                            <common:AnnotationType>COMP_RULE</common:AnnotationType>
                        </common:Annotation>
                        <common:Annotation>
                            <common:AnnotationType>ORDER</common:AnnotationType>
                            <common:AnnotationText xml:lang="en">90</common:AnnotationText>
                            <common:AnnotationText xml:lang="fr">90</common:AnnotationText>
                        </common:Annotation>
                    </common:Annotations>
                    <common:Name xml:lang="en">OECD (37 countries)</common:Name>
                    <common:Name xml:lang="fr">OCDE (37 pays)</common:Name>
                </structure:Code>
                <structure:Code id="OECD38">
                    <common:Annotations>
                        <common:Annotation>
                            <common:AnnotationTitle>AUS+AUT+BEL+CAN+CHL+COL+CZE+DNK+EST+FIN+FRA+DEU+GRC+HUN+ISL+IRL+ISR+IT</common:AnnotationTitle>
                            <common:AnnotationType>COMP_RULE</common:AnnotationType>
                        </common:Annotation>
                        <common:Annotation>
                            <common:AnnotationType>ORDER</common:AnnotationType>
                            <common:AnnotationText xml:lang="en">100</common:AnnotationText>
                            <common:AnnotationText xml:lang="fr">100</common:AnnotationText>
                        </common:Annotation>
                    </common:Annotations>
                    <common:Name xml:lang="en">OECD (38 countries)</common:Name>
                    <common:Name xml:lang="fr">OCDE (38 pays)</common:Name>
                </structure:Code>
                <structure:Code id="AUS">
                    <common:Annotations>
                        <common:Annotation>
                            <common:AnnotationType>ORDER</common:AnnotationType>
                            <common:AnnotationText xml:lang="en">110</common:AnnotationText>
                            <common:AnnotationText xml:lang="fr">110</common:AnnotationText>
                        </common:Annotation>
                    </common:Annotations>
                    <common:Name xml:lang="en">Australia</common:Name>
                    <common:Name xml:lang="fr">Australie</common:Name>
                </structure:Code>
                <structure:Code id="AU1">
                    <common:Annotations>
                        <common:Annotation>
                            <common:AnnotationType>ORDER</common:AnnotationType>
                            <common:AnnotationText xml:lang="en">120</common:AnnotationText>
                            <common:AnnotationText xml:lang="fr">120</common:AnnotationText>
                        </common:Annotation>
                    </common:Annotations>
                    <common:Name xml:lang="en">New South Wales</common:Name>
                    <common:Name xml:lang="fr">New South Wales</common:Name>
                    <structure:Parent>
                        <Ref id="AUS"/>
                    </structure:Parent>
                </structure:Code>
                <structure:Code id="AU101">
                    <common:Annotations>
                        <common:Annotation>
                            <common:AnnotationType>ORDER</common:AnnotationType>
                            <common:AnnotationText xml:lang="en">130</common:AnnotationText>
                            <common:AnnotationText xml:lang="fr">130</common:AnnotationText>
                        </common:Annotation>
                    </common:Annotations>
                    <common:Name xml:lang="en">Capital Region</common:Name>
                    <common:Name xml:lang="fr">Capital Region</common:Name>
                    <structure:Parent>
                        <Ref id="AU1"/>
                    </structure:Parent>
                </structure:Code>
                <structure:Code id="AU103">
                    <common:Annotations>
                        <common:Annotation>
                            <common:AnnotationType>ORDER</common:AnnotationType>
                            <common:AnnotationText xml:lang="en">140</common:AnnotationText>
                            <common:AnnotationText xml:lang="fr">140</common:AnnotationText>
                        </common:Annotation>
                    </common:Annotations>
                    <common:Name xml:lang="en">Central West</common:Name>
                    <common:Name xml:lang="fr">Central West</common:Name>
                    <structure:Parent>
                        <Ref id="AU1"/>
                    </structure:Parent>
                </structure:Code>
                <structure:Code id="AU104">
                    <common:Annotations>
                        <common:Annotation>
                            <common:AnnotationType>ORDER</common:AnnotationType>
                            <common:AnnotationText xml:lang="en">150</common:AnnotationText>
                            <common:AnnotationText xml:lang="fr">150</common:AnnotationText>
                        </common:Annotation>
                    </common:Annotations>
                    <common:Name xml:lang="en">Coffs Harbour - Grafton</common:Name>
                    <common:Name xml:lang="fr">Coffs Harbour - Grafton</common:Name>
                    <structure:Parent>
                        <Ref id="AU1"/>
                    </structure:Parent>
                </structure:Code>
                <structure:Code id="AU105">
                    <common:Annotations>
                        <common:Annotation>
                            <common:AnnotationType>ORDER</common:AnnotationType>
                            <common:AnnotationText xml:lang="en">160</common:AnnotationText>
                            <common:AnnotationText xml:lang="fr">160</common:AnnotationText>
                        </common:Annotation>
                    </common:Annotations>
                    <common:Name xml:lang="en">Far West and Orana</common:Name>
                    <common:Name xml:lang="fr">Far West and Orana</common:Name>
                    <structure:Parent>
                        <Ref id="AU1"/>
                    </structure:Parent>
                </structure:Code>
                <structure:Code id="AU106">
                    <common:Annotations>
                        <common:Annotation>
                            <common:AnnotationType>ORDER</common:AnnotationType>
                            <common:AnnotationText xml:lang="en">170</common:AnnotationText>
                            <common:AnnotationText xml:lang="fr">170</common:AnnotationText>
                        </common:Annotation>
                    </common:Annotations>
                    <common:Name xml:lang="en">Hunter Valley Exc Newcastle</common:Name>
                    <common:Name xml:lang="fr">Hunter Valley Exc Newcastle</common:Name>
                    <structure:Parent>
                        <Ref id="AU1"/>
                    </structure:Parent>
                </structure:Code>
                <structure:Code id="AU107">
                    <common:Annotations>
                        <common:Annotation>
                            <common:AnnotationType>ORDER</common:AnnotationType>
                            <common:AnnotationText xml:lang="en">180</common:AnnotationText>
                            <common:AnnotationText xml:lang="fr">180</common:AnnotationText>
                        </common:Annotation>
                    </common:Annotations>
                    <common:Name xml:lang="en">Illawarra</common:Name>
                    <common:Name xml:lang="fr">Illawarra</common:Name>
                    <structure:Parent>
                        <Ref id="AU1"/>
                    </structure:Parent>
                </structure:Code>
                <structure:Code id="AU108">
                    <common:Annotations>
                        <common:Annotation>
                            <common:AnnotationType>ORDER</common:AnnotationType>
                            <common:AnnotationText xml:lang="en">190</common:AnnotationText>
                            <common:AnnotationText xml:lang="fr">190</common:AnnotationText>
                        </common:Annotation>
                    </common:Annotations>
                    <common:Name xml:lang="en">Mid North Coast</common:Name>
                    <common:Name xml:lang="fr">Mid North Coast</common:Name>
                    <structure:Parent>
                        <Ref id="AU1"/>
                    </structure:Parent>
                </structure:Code>
                <structure:Code id="AU109">
                    <common:Annotations>
                        <common:Annotation>
                            <common:AnnotationType>ORDER</common:AnnotationType>
                            <common:AnnotationText xml:lang="en">200</common:AnnotationText>
                            <common:AnnotationText xml:lang="fr">200</common:AnnotationText>
                        </common:Annotation>
                    </common:Annotations>
                    <common:Name xml:lang="en">Murray</common:Name>
                    <common:Name xml:lang="fr">Murray</common:Name>
                    <structure:Parent>
                        <Ref id="AU1"/>
                    </structure:Parent>
                </structure:Code>
                <structure:Code id="AU110">
                    <common:Annotations>
                        <common:Annotation>
                            <common:AnnotationType>ORDER</common:AnnotationType>
                            <common:AnnotationText xml:lang="en">210</common:AnnotationText>
                            <common:AnnotationText xml:lang="fr">210</common:AnnotationText>
                        </common:Annotation>
                    </common:Annotations>
                    <common:Name xml:lang="en">New England and North West</common:Name>
                    <common:Name xml:lang="fr">New England and North West</common:Name>
                    <structure:Parent>
                        <Ref id="AU1"/>
                    </structure:Parent>
                </structure:Code>
                <structure:Code id="AU111">
                    <common:Annotations>
                        <common:Annotation>
                            <common:AnnotationType>ORDER</common:AnnotationType>
                            <common:AnnotationText xml:lang="en">220</common:AnnotationText>
                            <common:AnnotationText xml:lang="fr">220</common:AnnotationText>
                        </common:Annotation>
                    </common:Annotations>
                    <common:Name xml:lang="en">Newcastle and Lake Macquarie</common:Name>
                    <common:Name xml:lang="fr">Newcastle and Lake Macquarie</common:Name>
                    <structure:Parent>
                        <Ref id="AU1"/>
                    </structure:Parent>
                </structure:Code>
                <structure:Code id="AU112">
                    <common:Annotations>
                        <common:Annotation>
                            <common:AnnotationType>ORDER</common:AnnotationType>
                            <common:AnnotationText xml:lang="en">230</common:AnnotationText>
                            <common:AnnotationText xml:lang="fr">230</common:AnnotationText>
                        </common:Annotation>
                    </common:Annotations>
                    <common:Name xml:lang="en">Richmond - Tweed</common:Name>
                    <common:Name xml:lang="fr">Richmond - Tweed</common:Name>
                    <structure:Parent>
                        <Ref id="AU1"/>
                    </structure:Parent>
                </structure:Code>
                <structure:Code id="AU113">
                    <common:Annotations>
                        <common:Annotation>
                            <common:AnnotationType>ORDER</common:AnnotationType>
                            <common:AnnotationText xml:lang="en">240</common:AnnotationText>
                            <common:AnnotationText xml:lang="fr">240</common:AnnotationText>
                        </common:Annotation>
                    </common:Annotations>
                    <common:Name xml:lang="en">Riverina</common:Name>
                    <common:Name xml:lang="fr">Riverina</common:Name>
                    <structure:Parent>
                        <Ref id="AU1"/>
                    </structure:Parent>
                </structure:Code>
                <structure:Code id="AU114">
                    <common:Annotations>
                        <common:Annotation>
                            <common:AnnotationType>ORDER</common:AnnotationType>
                            <common:AnnotationText xml:lang="en">250</common:AnnotationText>
                            <common:AnnotationText xml:lang="fr">250</common:AnnotationText>
                        </common:Annotation>
                    </common:Annotations>
                    <common:Name xml:lang="en">Southern Highlands and Shoalhaven</common:Name>
                    <common:Name xml:lang="fr">Southern Highlands and Shoalhaven</common:Name>
                    <structure:Parent>
                        <Ref id="AU1"/>
                    </structure:Parent>
                </structure:Code>
                <structure:Code id="AU1GS">
                    <common:Annotations>
                        <common:Annotation>
                            <common:AnnotationType>ORDER</common:AnnotationType>
                            <common:AnnotationText xml:lang="en">260</common:AnnotationText>
                            <common:AnnotationText xml:lang="fr">260</common:AnnotationText>
                        </common:Annotation>
                    </common:Annotations>
                    <common:Name xml:lang="en">Sydney</common:Name>
                    <common:Name xml:lang="fr">Sydney</common:Name>
                    <structure:Parent>
                        <Ref id="AU1"/>
                    </structure:Parent>
                </structure:Code>
                <structure:Code id="AU2">
                    <common:Annotations>
                        <common:Annotation>
                            <common:AnnotationType>ORDER</common:AnnotationType>
                            <common:AnnotationText xml:lang="en">270</common:AnnotationText>
                            <common:AnnotationText xml:lang="fr">270</common:AnnotationText>
                        </common:Annotation>
                    </common:Annotations>
                    <common:Name xml:lang="en">Victoria</common:Name>
                    <common:Name xml:lang="fr">Victoria</common:Name>
                    <structure:Parent>
                        <Ref id="AUS"/>
                    </structure:Parent>
                </structure:Code>
                <structure:Code id="AU201">
                    <common:Annotations>
                        <common:Annotation>
                            <common:AnnotationType>ORDER</common:AnnotationType>
                            <common:AnnotationText xml:lang="en">280</common:AnnotationText>
                            <common:AnnotationText xml:lang="fr">280</common:AnnotationText>
                        </common:Annotation>
                    </common:Annotations>
                    <common:Name xml:lang="en">Ballarat</common:Name>
                    <common:Name xml:lang="fr">Ballarat</common:Name>
                    <structure:Parent>
                        <Ref id="AU2"/>
                    </structure:Parent>
                </structure:Code>
                <structure:Code id="AU202">
                    <common:Annotations>
                        <common:Annotation>
                            <common:AnnotationType>ORDER</common:AnnotationType>
                            <common:AnnotationText xml:lang="en">290</common:AnnotationText>
                            <common:AnnotationText xml:lang="fr">290</common:AnnotationText>
                        </common:Annotation>
                    </common:Annotations>
                    <common:Name xml:lang="en">Bendigo</common:Name>
                    <common:Name xml:lang="fr">Bendigo</common:Name>
                    <structure:Parent>
                        <Ref id="AU2"/>
                    </structure:Parent>
                </structure:Code>
                <structure:Code id="AU203">
                    <common:Annotations>
                        <common:Annotation>
                            <common:AnnotationType>ORDER</common:AnnotationType>
                            <common:AnnotationText xml:lang="en">300</common:AnnotationText>
                            <common:AnnotationText xml:lang="fr">300</common:AnnotationText>
                        </common:Annotation>
                    </common:Annotations>
                    <common:Name xml:lang="en">Geelong</common:Name>
                    <common:Name xml:lang="fr">Geelong</common:Name>
                    <structure:Parent>
                        <Ref id="AU2"/>
                    </structure:Parent>
                </structure:Code>
                <structure:Code id="AU204">
                    <common:Annotations>
                        <common:Annotation>
                            <common:AnnotationType>ORDER</common:AnnotationType>
                            <common:AnnotationText xml:lang="en">310</common:AnnotationText>
                            <common:AnnotationText xml:lang="fr">310</common:AnnotationText>
                        </common:Annotation>
                    </common:Annotations>
                    <common:Name xml:lang="en">Hume</common:Name>
                    <common:Name xml:lang="fr">Hume</common:Name>
                    <structure:Parent>
                        <Ref id="AU2"/>
                    </structure:Parent>
                </structure:Code>
                <structure:Code id="AU205">
                    <common:Annotations>
                        <common:Annotation>
                            <common:AnnotationType>ORDER</common:AnnotationType>
                            <common:AnnotationText xml:lang="en">320</common:AnnotationText>
                            <common:AnnotationText xml:lang="fr">320</common:AnnotationText>
                        </common:Annotation>
                    </common:Annotations>
                    <common:Name xml:lang="en">Latrobe - Gippsland</common:Name>
                    <common:Name xml:lang="fr">Latrobe - Gippsland</common:Name>
                    <structure:Parent>
                        <Ref id="AU2"/>
                    </structure:Parent>
                </structure:Code>
                <structure:Code id="AU215">
                    <common:Annotations>
                        <common:Annotation>
                            <common:AnnotationType>ORDER</common:AnnotationType>
                            <common:AnnotationText xml:lang="en">330</common:AnnotationText>
                            <common:AnnotationText xml:lang="fr">330</common:AnnotationText>
                        </common:Annotation>
                    </common:Annotations>
                    <common:Name xml:lang="en">North West</common:Name>
                    <common:Name xml:lang="fr">North West</common:Name>
                    <structure:Parent>
                        <Ref id="AU2"/>
                    </structure:Parent>
                </structure:Code>
                <structure:Code id="AU216">
                    <common:Annotations>
                        <common:Annotation>
                            <common:AnnotationType>ORDER</common:AnnotationType>
                            <common:AnnotationText xml:lang="en">340</common:AnnotationText>
                            <common:AnnotationText xml:lang="fr">340</common:AnnotationText>
                        </common:Annotation>
                    </common:Annotations>
                    <common:Name xml:lang="en">Shepparton</common:Name>
                    <common:Name xml:lang="fr">Shepparton</common:Name>
                    <structure:Parent>
                        <Ref id="AU2"/>
                    </structure:Parent>
                </structure:Code>
                <structure:Code id="AU217">
                    <common:Annotations>
                        <common:Annotation>
                            <common:AnnotationType>ORDER</common:AnnotationType>
                            <common:AnnotationText xml:lang="en">350</common:AnnotationText>
                            <common:AnnotationText xml:lang="fr">350</common:AnnotationText>
                        </common:Annotation>
                    </common:Annotations>
                    <common:Name xml:lang="en">Warrnambool and South West</common:Name>
                    <common:Name xml:lang="fr">Warrnambool and South West</common:Name>
                    <structure:Parent>
                        <Ref id="AU2"/>
                    </structure:Parent>
                </structure:Code>
                <structure:Code id="AU2GM">
                    <common:Annotations>
                        <common:Annotation>
                            <common:AnnotationType>ORDER</common:AnnotationType>
                            <common:AnnotationText xml:lang="en">360</common:AnnotationText>
                            <common:AnnotationText xml:lang="fr">360</common:AnnotationText>
                        </common:Annotation>
                    </common:Annotations>
                    <common:Name xml:lang="en">Melbourne</common:Name>
                    <common:Name xml:lang="fr">Melbourne</common:Name>
                    <structure:Parent>
                        <Ref id="AU2"/>
                    </structure:Parent>
                </structure:Code>
                <structure:Code id="AU3">
                    <common:Annotations>
                        <common:Annotation>
                            <common:AnnotationType>ORDER</common:AnnotationType>
                            <common:AnnotationText xml:lang="en">370</common:AnnotationText>
                            <common:AnnotationText xml:lang="fr">370</common:AnnotationText>
                        </common:Annotation>
                    </common:Annotations>
                    <common:Name xml:lang="en">Queensland</common:Name>
                    <common:Name xml:lang="fr">Queensland</common:Name>
                    <structure:Parent>
                        <Ref id="AUS"/>
                    </structure:Parent>
                </structure:Code>
                <structure:Code id="AU306">
                    <common:Annotations>
                        <common:Annotation>
                            <common:AnnotationType>ORDER</common:AnnotationType>
                            <common:AnnotationText xml:lang="en">380</common:AnnotationText>
                            <common:AnnotationText xml:lang="fr">380</common:AnnotationText>
                        </common:Annotation>
                    </common:Annotations>
                    <common:Name xml:lang="en">Cairns</common:Name>
                    <common:Name xml:lang="fr">Cairns</common:Name>
                    <structure:Parent>
                        <Ref id="AU3"/>
                    </structure:Parent>
                </structure:Code>
                <structure:Code id="AU307">
                    <common:Annotations>
                        <common:Annotation>
                            <common:AnnotationType>ORDER</common:AnnotationType>
                            <common:AnnotationText xml:lang="en">390</common:AnnotationText>
                            <common:AnnotationText xml:lang="fr">390</common:AnnotationText>
                        </common:Annotation>
                    </common:Annotations>
                    <common:Name xml:lang="en">Darling Downs - Maranoa</common:Name>
                    <common:Name xml:lang="fr">Darling Downs - Maranoa</common:Name>
                    <structure:Parent>
                        <Ref id="AU3"/>
                    </structure:Parent>
                </structure:Code>
                <structure:Code id="AU308">
                    <common:Annotations>
                        <common:Annotation>
                            <common:AnnotationType>ORDER</common:AnnotationType>
                            <common:AnnotationText xml:lang="en">400</common:AnnotationText>
                            <common:AnnotationText xml:lang="fr">400</common:AnnotationText>
                        </common:Annotation>
                    </common:Annotations>
                    <common:Name xml:lang="en">Fitzroy</common:Name>
                    <common:Name xml:lang="fr">Fitzroy</common:Name>
                    <structure:Parent>
                        <Ref id="AU3"/>
                    </structure:Parent>
                </structure:Code>
                <structure:Code id="AU309">
                    <common:Annotations>
                        <common:Annotation>
                            <common:AnnotationType>ORDER</common:AnnotationType>
                            <common:AnnotationText xml:lang="en">410</common:AnnotationText>
                            <common:AnnotationText xml:lang="fr">410</common:AnnotationText>
                        </common:Annotation>
                    </common:Annotations>
                    <common:Name xml:lang="en">Gold Coast</common:Name>
                    <common:Name xml:lang="fr">Gold Coast</common:Name>
                    <structure:Parent>
                        <Ref id="AU3"/>
                    </structure:Parent>
                </structure:Code>
                <structure:Code id="AU312">
                    <common:Annotations>
                        <common:Annotation>
                            <common:AnnotationType>ORDER</common:AnnotationType>
                            <common:AnnotationText xml:lang="en">420</common:AnnotationText>
                            <common:AnnotationText xml:lang="fr">420</common:AnnotationText>
                        </common:Annotation>
                    </common:Annotations>
                    <common:Name xml:lang="en">Mackay</common:Name>
                    <common:Name xml:lang="fr">Mackay</common:Name>
                    <structure:Parent>
                        <Ref id="AU3"/>
                    </structure:Parent>
                </structure:Code>
                <structure:Code id="AU315">
                    <common:Annotations>
                        <common:Annotation>
                            <common:AnnotationType>ORDER</common:AnnotationType>
                            <common:AnnotationText xml:lang="en">430</common:AnnotationText>
                            <common:AnnotationText xml:lang="fr">430</common:AnnotationText>
                        </common:Annotation>
                    </common:Annotations>
                    <common:Name xml:lang="en">Queensland - Outback</common:Name>
                    <common:Name xml:lang="fr">Queensland - Outback</common:Name>
                    <structure:Parent>
                        <Ref id="AU3"/>
                    </structure:Parent>
                </structure:Code>
                <structure:Code id="AU316">
                    <common:Annotations>
                        <common:Annotation>
                            <common:AnnotationType>ORDER</common:AnnotationType>
                            <common:AnnotationText xml:lang="en">440</common:AnnotationText>
                            <common:AnnotationText xml:lang="fr">440</common:AnnotationText>
                        </common:Annotation>
                    </common:Annotations>
                    <common:Name xml:lang="en">Sunshine Coast</common:Name>
                    <common:Name xml:lang="fr">Sunshine Coast</common:Name>
                    <structure:Parent>
                        <Ref id="AU3"/>
                    </structure:Parent>
                </structure:Code>
                <structure:Code id="AU317">
                    <common:Annotations>
                        <common:Annotation>
                            <common:AnnotationType>ORDER</common:AnnotationType>
                            <common:AnnotationText xml:lang="en">450</common:AnnotationText>
                            <common:AnnotationText xml:lang="fr">450</common:AnnotationText>
                        </common:Annotation>
                    </common:Annotations>
                    <common:Name xml:lang="en">Toowoomba</common:Name>
                    <common:Name xml:lang="fr">Toowoomba</common:Name>
                    <structure:Parent>
                        <Ref id="AU3"/>
                    </structure:Parent>
                </structure:Code>
                <structure:Code id="AU318">
                    <common:Annotations>
                        <common:Annotation>
                            <common:AnnotationType>ORDER</common:AnnotationType>
                            <common:AnnotationText xml:lang="en">460</common:AnnotationText>
                            <common:AnnotationText xml:lang="fr">460</common:AnnotationText>
                        </common:Annotation>
                    </common:Annotations>
                    <common:Name xml:lang="en">Townsville</common:Name>
                    <common:Name xml:lang="fr">Townsville</common:Name>
                    <structure:Parent>
                        <Ref id="AU3"/>
                    </structure:Parent>
                </structure:Code>
                <structure:Code id="AU319">
                    <common:Annotations>
                        <common:Annotation>
                            <common:AnnotationType>ORDER</common:AnnotationType>
                            <common:AnnotationText xml:lang="en">470</common:AnnotationText>
                            <common:AnnotationText xml:lang="fr">470</common:AnnotationText>
                        </common:Annotation>
                    </common:Annotations>
                    <common:Name xml:lang="en">Wide Bay</common:Name>
                    <common:Name xml:lang="fr">Wide Bay</common:Name>
                    <structure:Parent>
                        <Ref id="AU3"/>
                    </structure:Parent>
                </structure:Code>
                <structure:Code id="AU3GB">
                    <common:Annotations>
                        <common:Annotation>
                            <common:AnnotationType>ORDER</common:AnnotationType>
                            <common:AnnotationText xml:lang="en">480</common:AnnotationText>
                            <common:AnnotationText xml:lang="fr">480</common:AnnotationText>
                        </common:Annotation>
                    </common:Annotations>
                    <common:Name xml:lang="en">Brisbane</common:Name>
                    <common:Name xml:lang="fr">Brisbane</common:Name>
                    <structure:Parent>
                        <Ref id="AU3"/>
                    </structure:Parent>
                </structure:Code>
                <structure:Code id="AU4">
                    <common:Annotations>
                        <common:Annotation>
                            <common:AnnotationType>ORDER</common:AnnotationType>
                            <common:AnnotationText xml:lang="en">490</common:AnnotationText>
                            <common:AnnotationText xml:lang="fr">490</common:AnnotationText>
                        </common:Annotation>
                    </common:Annotations>
                    <common:Name xml:lang="en">South Australia</common:Name>
                    <common:Name xml:lang="fr">South Australia</common:Name>
                    <structure:Parent>
                        <Ref id="AUS"/>
                    </structure:Parent>
                </structure:Code>
                <structure:Code id="AU405">
                    <common:Annotations>
                        <common:Annotation>
                            <common:AnnotationType>ORDER</common:AnnotationType>
                            <common:AnnotationText xml:lang="en">500</common:AnnotationText>
                            <common:AnnotationText xml:lang="fr">500</common:AnnotationText>
                        </common:Annotation>
                    </common:Annotations>
                    <common:Name xml:lang="en">Barossa - Yorke - Mid North</common:Name>
                    <common:Name xml:lang="fr">Barossa - Yorke - Mid North</common:Name>
                    <structure:Parent>
                        <Ref id="AU4"/>
                    </structure:Parent>
                </structure:Code>
                <structure:Code id="AU406">
                    <common:Annotations>
                        <common:Annotation>
                            <common:AnnotationType>ORDER</common:AnnotationType>
                            <common:AnnotationText xml:lang="en">510</common:AnnotationText>
                            <common:AnnotationText xml:lang="fr">510</common:AnnotationText>
                        </common:Annotation>
                    </common:Annotations>
                    <common:Name xml:lang="en">South Australia - Outback</common:Name>
                    <common:Name xml:lang="fr">South Australia - Outback</common:Name>
                    <structure:Parent>
                        <Ref id="AU4"/>
                    </structure:Parent>
                </structure:Code>
                <structure:Code id="AU407">
                    <common:Annotations>
                        <common:Annotation>
                            <common:AnnotationType>ORDER</common:AnnotationType>
                            <common:AnnotationText xml:lang="en">520</common:AnnotationText>
                            <common:AnnotationText xml:lang="fr">520</common:AnnotationText>
                        </common:Annotation>
                    </common:Annotations>
                    <common:Name xml:lang="en">South Australia - South East</common:Name>
                    <common:Name xml:lang="fr">South Australia - South East</common:Name>
                    <structure:Parent>
                        <Ref id="AU4"/>
                    </structure:Parent>
                </structure:Code>
                <structure:Code id="AU4GA">
                    <common:Annotations>
                        <common:Annotation>
                            <common:AnnotationType>ORDER</common:AnnotationType>
                            <common:AnnotationText xml:lang="en">530</common:AnnotationText>
                            <common:AnnotationText xml:lang="fr">530</common:AnnotationText>
                        </common:Annotation>
                    </common:Annotations>
                    <common:Name xml:lang="en">Adelaide</common:Name>
                    <common:Name xml:lang="fr">Adelaide</common:Name>
                    <structure:Parent>
                        <Ref id="AU4"/>
                    </structure:Parent>
                </structure:Code>
                <structure:Code id="AU5">
                    <common:Annotations>
                        <common:Annotation>
                            <common:AnnotationType>ORDER</common:AnnotationType>
                            <common:AnnotationText xml:lang="en">540</common:AnnotationText>
                            <common:AnnotationText xml:lang="fr">540</common:AnnotationText>
                        </common:Annotation>
                    </common:Annotations>
                    <common:Name xml:lang="en">Western Australia</common:Name>
                    <common:Name xml:lang="fr">Western Australia</common:Name>
                    <structure:Parent>
                        <Ref id="AUS"/>
                    </structure:Parent>
                </structure:Code>
                <structure:Code id="AU501">
                    <common:Annotations>
                        <common:Annotation>
                            <common:AnnotationType>ORDER</common:AnnotationType>
                            <common:AnnotationText xml:lang="en">550</common:AnnotationText>
                            <common:AnnotationText xml:lang="fr">550</common:AnnotationText>
                        </common:Annotation>
                    </common:Annotations>
                    <common:Name xml:lang="en">Bunbury</common:Name>
                    <common:Name xml:lang="fr">Bunbury</common:Name>
                    <structure:Parent>
                        <Ref id="AU5"/>
                    </structure:Parent>
                </structure:Code>
                <structure:Code id="AU508">
                    <common:Annotations>
                        <common:Annotation>
                            <common:AnnotationType>ORDER</common:AnnotationType>
                            <common:AnnotationText xml:lang="en">560</common:AnnotationText>
                            <common:AnnotationText xml:lang="fr">560</common:AnnotationText>
                        </common:Annotation>
                    </common:Annotations>
                    <common:Name xml:lang="en">Western Australia - Outback</common:Name>
                    <common:Name xml:lang="fr">Western Australia - Outback</common:Name>
                    <structure:Parent>
                        <Ref id="AU5"/>
                    </structure:Parent>
                </structure:Code>
                <structure:Code id="AU509">
                    <common:Annotations>
                        <common:Annotation>
                            <common:AnnotationType>ORDER</common:AnnotationType>
                            <common:AnnotationText xml:lang="en">570</common:AnnotationText>
                            <common:AnnotationText xml:lang="fr">570</common:AnnotationText>
                        </common:Annotation>
                    </common:Annotations>
                    <common:Name xml:lang="en">Western Australia - Wheat Belt</common:Name>
                    <common:Name xml:lang="fr">Western Australia - Wheat Belt</common:Name>
                    <structure:Parent>
                        <Ref id="AU5"/>
                    </structure:Parent>
                </structure:Code>
                <structure:Code id="AU5GP">
                    <common:Annotations>
                        <common:Annotation>
                            <common:AnnotationType>ORDER</common:AnnotationType>
                            <common:AnnotationText xml:lang="en">580</common:AnnotationText>
                            <common:AnnotationText xml:lang="fr">580</common:AnnotationText>
                        </common:Annotation>
                    </common:Annotations>
                    <common:Name xml:lang="en">Perth</common:Name>
                    <common:Name xml:lang="fr">Perth</common:Name>
                    <structure:Parent>
                        <Ref id="AU5"/>
                    </structure:Parent>
                </structure:Code>
                <structure:Code id="AU6">
                    <common:Annotations>
                        <common:Annotation>
                            <common:AnnotationType>ORDER</common:AnnotationType>
                            <common:AnnotationText xml:lang="en">590</common:AnnotationText>
                            <common:AnnotationText xml:lang="fr">590</common:AnnotationText>
                        </common:Annotation>
                    </common:Annotations>
                    <common:Name xml:lang="en">Tasmania</common:Name>
                    <common:Name xml:lang="fr">Tasmania</common:Name>
                    <structure:Parent>
                        <Ref id="AUS"/>
                    </structure:Parent>
                </structure:Code>
                <structure:Code id="AU601">
                    <common:Annotations>
                        <common:Annotation>
                            <common:AnnotationType>ORDER</common:AnnotationType>
                            <common:AnnotationText xml:lang="en">600</common:AnnotationText>
                            <common:AnnotationText xml:lang="fr">600</common:AnnotationText>
                        </common:Annotation>
                    </common:Annotations>
                    <common:Name xml:lang="en">Hobart</common:Name>
                    <common:Name xml:lang="fr">Hobart</common:Name>
                    <structure:Parent>
                        <Ref id="AU6"/>
                    </structure:Parent>
                </structure:Code>
                <structure:Code id="AU602">
                    <common:Annotations>
                        <common:Annotation>
                            <common:AnnotationType>ORDER</common:AnnotationType>
                            <common:AnnotationText xml:lang="en">610</common:AnnotationText>
                            <common:AnnotationText xml:lang="fr">610</common:AnnotationText>
                        </common:Annotation>
                    </common:Annotations>
                    <common:Name xml:lang="en">Launceston and North East</common:Name>
                    <common:Name xml:lang="fr">Launceston and North East</common:Name>
                    <structure:Parent>
                        <Ref id="AU6"/>
                    </structure:Parent>
                </structure:Code>
                <structure:Code id="AU603">
                    <common:Annotations>
                        <common:Annotation>
                            <common:AnnotationType>ORDER</common:AnnotationType>
                            <common:AnnotationText xml:lang="en">620</common:AnnotationText>
                            <common:AnnotationText xml:lang="fr">620</common:AnnotationText>
                        </common:Annotation>
                    </common:Annotations>
                    <common:Name xml:lang="en">South East</common:Name>
                    <common:Name xml:lang="fr">South East</common:Name>
                    <structure:Parent>
                        <Ref id="AU6"/>
                    </structure:Parent>
                </structure:Code>
                <structure:Code id="AU604">
                    <common:Annotations>
                        <common:Annotation>
                            <common:AnnotationType>ORDER</common:AnnotationType>
                            <common:AnnotationText xml:lang="en">630</common:AnnotationText>
                            <common:AnnotationText xml:lang="fr">630</common:AnnotationText>
                        </common:Annotation>
                    </common:Annotations>
                    <common:Name xml:lang="en">West and North West</common:Name>
                    <common:Name xml:lang="fr">West and North West</common:Name>
                    <structure:Parent>
                        <Ref id="AU6"/>
                    </structure:Parent>
                </structure:Code>
                <structure:Code id="AU7">
                    <common:Annotations>
                        <common:Annotation>
                            <common:AnnotationType>ORDER</common:AnnotationType>
                            <common:AnnotationText xml:lang="en">640</common:AnnotationText>
                            <common:AnnotationText xml:lang="fr">640</common:AnnotationText>
                        </common:Annotation>
                    </common:Annotations>
                    <common:Name xml:lang="en">Northern Territory</common:Name>
                    <common:Name xml:lang="fr">Northern Territory</common:Name>
                    <structure:Parent>
                        <Ref id="AUS"/>
                    </structure:Parent>
                </structure:Code>
                <structure:Code id="AU701">
                    <common:Annotations>
                        <common:Annotation>
                            <common:AnnotationType>ORDER</common:AnnotationType>
                            <common:AnnotationText xml:lang="en">650</common:AnnotationText>
                            <common:AnnotationText xml:lang="fr">650</common:AnnotationText>
                        </common:Annotation>
                    </common:Annotations>
                    <common:Name xml:lang="en">Darwin</common:Name>
                    <common:Name xml:lang="fr">Darwin</common:Name>
                    <structure:Parent>
                        <Ref id="AU7"/>
                    </structure:Parent>
                </structure:Code>
                <structure:Code id="AU702">
                    <common:Annotations>
                        <common:Annotation>
                            <common:AnnotationType>ORDER</common:AnnotationType>
                            <common:AnnotationText xml:lang="en">660</common:AnnotationText>
                            <common:AnnotationText xml:lang="fr">660</common:AnnotationText>
                        </common:Annotation>
                    </common:Annotations>
                    <common:Name xml:lang="en">Northern Territory - Outback</common:Name>
                    <common:Name xml:lang="fr">Northern Territory - Outback</common:Name>
                    <structure:Parent>
                        <Ref id="AU7"/>
                    </structure:Parent>
                </structure:Code>
                <structure:Code id="AU8">
                    <common:Annotations>
                        <common:Annotation>
                            <common:AnnotationType>ORDER</common:AnnotationType>
                            <common:AnnotationText xml:lang="en">670</common:AnnotationText>
                            <common:AnnotationText xml:lang="fr">670</common:AnnotationText>
                        </common:Annotation>
                    </common:Annotations>
                    <common:Name xml:lang="en">Australian Capital Territory</common:Name>
                    <common:Name xml:lang="fr">Australian Capital Territory</common:Name>
                    <structure:Parent>
                        <Ref id="AUS"/>
                    </structure:Parent>
                </structure:Code>
                <structure:Code id="AU801">
                    <common:Annotations>
                        <common:Annotation>
                            <common:AnnotationType>ORDER</common:AnnotationType>
                            <common:AnnotationText xml:lang="en">680</common:AnnotationText>
                            <common:AnnotationText xml:lang="fr">680</common:AnnotationText>
                        </common:Annotation>
                    </common:Annotations>
                    <common:Name xml:lang="en">Australian Capital Territory</common:Name>
                    <common:Name xml:lang="fr">Australian Capital Territory</common:Name>
                    <structure:Parent>
                        <Ref id="AU8"/>
                    </structure:Parent>
                </structure:Code>
                <structure:Code id="AUT">
                    <common:Annotations>
                        <common:Annotation>
                            <common:AnnotationType>ORDER</common:AnnotationType>
                            <common:AnnotationText xml:lang="en">690</common:AnnotationText>
                            <common:AnnotationText xml:lang="fr">690</common:AnnotationText>
                        </common:Annotation>
                    </common:Annotations>
                    <common:Name xml:lang="en">Austria</common:Name>
                    <common:Name xml:lang="fr">Autriche</common:Name>
                </structure:Code>
                <structure:Code id="AT11">
                    <common:Annotations>
                        <common:Annotation>
                            <common:AnnotationType>ORDER</common:AnnotationType>
                            <common:AnnotationText xml:lang="en">700</common:AnnotationText>
                            <common:AnnotationText xml:lang="fr">700</common:AnnotationText>
                        </common:Annotation>
                    </common:Annotations>
                    <common:Name xml:lang="en">Burgenland (AT)</common:Name>
                    <common:Name xml:lang="fr">Burgenland (AT)</common:Name>
                    <structure:Parent>
                        <Ref id="AUT"/>
                    </structure:Parent>
                </structure:Code>
                <structure:Code id="AT111">
                    <common:Annotations>
                        <common:Annotation>
                            <common:AnnotationType>ORDER</common:AnnotationType>
                            <common:AnnotationText xml:lang="en">710</common:AnnotationText>
                            <common:AnnotationText xml:lang="fr">710</common:AnnotationText>
                        </common:Annotation>
                    </common:Annotations>
                    <common:Name xml:lang="en">Mittelburgenland</common:Name>
                    <common:Name xml:lang="fr">Mittelburgenland</common:Name>
                    <structure:Parent>
                        <Ref id="AT11"/>
                    </structure:Parent>
                </structure:Code>
                <structure:Code id="AT112">
                    <common:Annotations>
                        <common:Annotation>
                            <common:AnnotationType>ORDER</common:AnnotationType>
                            <common:AnnotationText xml:lang="en">720</common:AnnotationText>
                            <common:AnnotationText xml:lang="fr">720</common:AnnotationText>
                        </common:Annotation>
                    </common:Annotations>
                    <common:Name xml:lang="en">Nordburgenland</common:Name>
                    <common:Name xml:lang="fr">Nordburgenland</common:Name>
                    <structure:Parent>
                        <Ref id="AT11"/>
                    </structure:Parent>
                </structure:Code>
                <structure:Code id="AT113">
                    <common:Annotations>
                        <common:Annotation>
                            <common:AnnotationType>ORDER</common:AnnotationType>
                            <common:AnnotationText xml:lang="en">730</common:AnnotationText>
                            <common:AnnotationText xml:lang="fr">730</common:AnnotationText>
                        </common:Annotation>
                    </common:Annotations>
                    <common:Name xml:lang="en">Südburgenland</common:Name>
                    <common:Name xml:lang="fr">Südburgenland</common:Name>
                    <structure:Parent>
                        <Ref id="AT11"/>
                    </structure:Parent>
                </structure:Code>
                <structure:Code id="AT12">
                    <common:Annotations>
                        <common:Annotation>
                            <common:AnnotationType>ORDER</common:AnnotationType>
                            <common:AnnotationText xml:lang="en">740</common:AnnotationText>
                            <common:AnnotationText xml:lang="fr">740</common:AnnotationText>
                        </common:Annotation>
                    </common:Annotations>
                    <common:Name xml:lang="en">Lower Austria</common:Name>
                    <common:Name xml:lang="fr">Lower Austria</common:Name>
                    <structure:Parent>
                        <Ref id="AUT"/>
                    </structure:Parent>
                </structure:Code>
                <structure:Code id="AT121">
                    <common:Annotations>
                        <common:Annotation>
                            <common:AnnotationType>ORDER</common:AnnotationType>
                            <common:AnnotationText xml:lang="en">750</common:AnnotationText>
                            <common:AnnotationText xml:lang="fr">750</common:AnnotationText>
                        </common:Annotation>
                    </common:Annotations>
                    <common:Name xml:lang="en">Mostviertel-Eisenwurzen</common:Name>
                    <common:Name xml:lang="fr">Mostviertel-Eisenwurzen</common:Name>
                    <structure:Parent>
                        <Ref id="AT12"/>
                    </structure:Parent>
                </structure:Code>
                <structure:Code id="AT122">
                    <common:Annotations>
                        <common:Annotation>
                            <common:AnnotationType>ORDER</common:AnnotationType>
                            <common:AnnotationText xml:lang="en">760</common:AnnotationText>
                            <common:AnnotationText xml:lang="fr">760</common:AnnotationText>
                        </common:Annotation>
                    </common:Annotations>
                    <common:Name xml:lang="en">Niederösterreich-Süd</common:Name>
                    <common:Name xml:lang="fr">Niederösterreich-Süd</common:Name>
                    <structure:Parent>
                        <Ref id="AT12"/>
                    </structure:Parent>
                </structure:Code>
                <structure:Code id="AT123">
                    <common:Annotations>
                        <common:Annotation>
                            <common:AnnotationType>ORDER</common:AnnotationType>
                            <common:AnnotationText xml:lang="en">770</common:AnnotationText>
                            <common:AnnotationText xml:lang="fr">770</common:AnnotationText>
                        </common:Annotation>
                    </common:Annotations>
                    <common:Name xml:lang="en">Sankt Pölten</common:Name>
                    <common:Name xml:lang="fr">Sankt Pölten</common:Name>
                    <structure:Parent>
                        <Ref id="AT12"/>
                    </structure:Parent>
                </structure:Code>
                <structure:Code id="AT124">
                    <common:Annotations>
                        <common:Annotation>
                            <common:AnnotationType>ORDER</common:AnnotationType>
                            <common:AnnotationText xml:lang="en">780</common:AnnotationText>
                            <common:AnnotationText xml:lang="fr">780</common:AnnotationText>
                        </common:Annotation>
                    </common:Annotations>
                    <common:Name xml:lang="en">Waldviertel</common:Name>
                    <common:Name xml:lang="fr">Waldviertel</common:Name>
                    <structure:Parent>
                        <Ref id="AT12"/>
                    </structure:Parent>
                </structure:Code>
                <structure:Code id="AT125">
                    <common:Annotations>
                        <common:Annotation>
                            <common:AnnotationType>ORDER</common:AnnotationType>
                            <common:AnnotationText xml:lang="en">790</common:AnnotationText>
                            <common:AnnotationText xml:lang="fr">790</common:AnnotationText>
                        </common:Annotation>
                    </common:Annotations>
                    <common:Name xml:lang="en">Weinviertel</common:Name>
                    <common:Name xml:lang="fr">Weinviertel</common:Name>
                    <structure:Parent>
                        <Ref id="AT12"/>
                    </structure:Parent>
                </structure:Code>
                <structure:Code id="AT126">
                    <common:Annotations>
                        <common:Annotation>
                            <common:AnnotationType>ORDER</common:AnnotationType>
                            <common:AnnotationText xml:lang="en">800</common:AnnotationText>
                            <common:AnnotationText xml:lang="fr">800</common:AnnotationText>
                        </common:Annotation>
                    </common:Annotations>
                    <common:Name xml:lang="en">Wiener Umland/Nordteil</common:Name>
                    <common:Name xml:lang="fr">Wiener Umland/Nordteil</common:Name>
                    <structure:Parent>
                        <Ref id="AT12"/>
                    </structure:Parent>
                </structure:Code>
                <structure:Code id="AT127">
                    <common:Annotations>
                        <common:Annotation>
                            <common:AnnotationType>ORDER</common:AnnotationType>
                            <common:AnnotationText xml:lang="en">810</common:AnnotationText>
                            <common:AnnotationText xml:lang="fr">810</common:AnnotationText>
                        </common:Annotation>
                    </common:Annotations>
                    <common:Name xml:lang="en">Wiener Umland/Südteil</common:Name>
                    <common:Name xml:lang="fr">Wiener Umland/Südteil</common:Name>
                    <structure:Parent>
                        <Ref id="AT12"/>
                    </structure:Parent>
                </structure:Code>
                <structure:Code id="AT13">
                    <common:Annotations>
                        <common:Annotation>
                            <common:AnnotationType>ORDER</common:AnnotationType>
                            <common:AnnotationText xml:lang="en">820</common:AnnotationText>
                            <common:AnnotationText xml:lang="fr">820</common:AnnotationText>
                        </common:Annotation>
                    </common:Annotations>
                    <common:Name xml:lang="en">Vienna</common:Name>
                    <common:Name xml:lang="fr">Vienna</common:Name>
                    <structure:Parent>
                        <Ref id="AUT"/>
                    </structure:Parent>
                </structure:Code>
                <structure:Code id="AT130">
                    <common:Annotations>
                        <common:Annotation>
                            <common:AnnotationType>ORDER</common:AnnotationType>
                            <common:AnnotationText xml:lang="en">830</common:AnnotationText>
                            <common:AnnotationText xml:lang="fr">830</common:AnnotationText>
                        </common:Annotation>
                    </common:Annotations>
                    <common:Name xml:lang="en">Vienna</common:Name>
                    <common:Name xml:lang="fr">Vienna</common:Name>
                    <structure:Parent>
                        <Ref id="AT13"/>
                    </structure:Parent>
                </structure:Code>
                <structure:Code id="AT21">
                    <common:Annotations>
                        <common:Annotation>
                            <common:AnnotationType>ORDER</common:AnnotationType>
                            <common:AnnotationText xml:lang="en">840</common:AnnotationText>
                            <common:AnnotationText xml:lang="fr">840</common:AnnotationText>
                        </common:Annotation>
                    </common:Annotations>
                    <common:Name xml:lang="en">Carinthia</common:Name>
                    <common:Name xml:lang="fr">Carinthia</common:Name>
                    <structure:Parent>
                        <Ref id="AUT"/>
                    </structure:Parent>
                </structure:Code>
                <structure:Code id="AT211">
                    <common:Annotations>
                        <common:Annotation>
                            <common:AnnotationType>ORDER</common:AnnotationType>
                            <common:AnnotationText xml:lang="en">850</common:AnnotationText>
                            <common:AnnotationText xml:lang="fr">850</common:AnnotationText>
                        </common:Annotation>
                    </common:Annotations>
                    <common:Name xml:lang="en">Klagenfurt-Villach</common:Name>
                    <common:Name xml:lang="fr">Klagenfurt-Villach</common:Name>
                    <structure:Parent>
                        <Ref id="AT21"/>
                    </structure:Parent>
                </structure:Code>
                <structure:Code id="AT212">
                    <common:Annotations>
                        <common:Annotation>
                            <common:AnnotationType>ORDER</common:AnnotationType>
                            <common:AnnotationText xml:lang="en">860</common:AnnotationText>
                            <common:AnnotationText xml:lang="fr">860</common:AnnotationText>
                        </common:Annotation>
                    </common:Annotations>
                    <common:Name xml:lang="en">Oberkärnten</common:Name>
                    <common:Name xml:lang="fr">Oberkärnten</common:Name>
                    <structure:Parent>
                        <Ref id="AT21"/>
                    </structure:Parent>
                </structure:Code>
                <structure:Code id="AT213">
                    <common:Annotations>
                        <common:Annotation>
                            <common:AnnotationType>ORDER</common:AnnotationType>
                            <common:AnnotationText xml:lang="en">870</common:AnnotationText>
                            <common:AnnotationText xml:lang="fr">870</common:AnnotationText>
                        </common:Annotation>
                    </common:Annotations>
                    <common:Name xml:lang="en">Unterkärnten</common:Name>
                    <common:Name xml:lang="fr">Unterkärnten</common:Name>
                    <structure:Parent>
                        <Ref id="AT21"/>
                    </structure:Parent>
                </structure:Code>
                <structure:Code id="AT22">
                    <common:Annotations>
                        <common:Annotation>
                            <common:AnnotationType>ORDER</common:AnnotationType>
                            <common:AnnotationText xml:lang="en">880</common:AnnotationText>
                            <common:AnnotationText xml:lang="fr">880</common:AnnotationText>
                        </common:Annotation>
                    </common:Annotations>
                    <common:Name xml:lang="en">Styria</common:Name>
                    <common:Name xml:lang="fr">Styria</common:Name>
                    <structure:Parent>
                        <Ref id="AUT"/>
                    </structure:Parent>
                </structure:Code>
                <structure:Code id="AT221">
                    <common:Annotations>
                        <common:Annotation>
                            <common:AnnotationType>ORDER</common:AnnotationType>
                            <common:AnnotationText xml:lang="en">890</common:AnnotationText>
                            <common:AnnotationText xml:lang="fr">890</common:AnnotationText>
                        </common:Annotation>
                    </common:Annotations>
                    <common:Name xml:lang="en">Graz</common:Name>
                    <common:Name xml:lang="fr">Graz</common:Name>
                    <structure:Parent>
                        <Ref id="AT22"/>
                    </structure:Parent>
                </structure:Code>
                <structure:Code id="AT222">
                    <common:Annotations>
                        <common:Annotation>
                            <common:AnnotationType>ORDER</common:AnnotationType>
                            <common:AnnotationText xml:lang="en">900</common:AnnotationText>
                            <common:AnnotationText xml:lang="fr">900</common:AnnotationText>
                        </common:Annotation>
                    </common:Annotations>
                    <common:Name xml:lang="en">Liezen</common:Name>
                    <common:Name xml:lang="fr">Liezen</common:Name>
                    <structure:Parent>
                        <Ref id="AT22"/>
                    </structure:Parent>
                </structure:Code>
                <structure:Code id="AT223">
                    <common:Annotations>
                        <common:Annotation>
                            <common:AnnotationType>ORDER</common:AnnotationType>
                            <common:AnnotationText xml:lang="en">910</common:AnnotationText>
                            <common:AnnotationText xml:lang="fr">910</common:AnnotationText>
                        </common:Annotation>
                    </common:Annotations>
                    <common:Name xml:lang="en">Östliche Obersteiermark</common:Name>
                    <common:Name xml:lang="fr">Östliche Obersteiermark</common:Name>
                    <structure:Parent>
                        <Ref id="AT22"/>
                    </structure:Parent>
                </structure:Code>
                <structure:Code id="AT224">
                    <common:Annotations>
                        <common:Annotation>
                            <common:AnnotationType>ORDER</common:AnnotationType>
                            <common:AnnotationText xml:lang="en">920</common:AnnotationText>
                            <common:AnnotationText xml:lang="fr">920</common:AnnotationText>
                        </common:Annotation>
                    </common:Annotations>
                    <common:Name xml:lang="en">Oststeiermark</common:Name>
                    <common:Name xml:lang="fr">Oststeiermark</common:Name>
                    <structure:Parent>
                        <Ref id="AT22"/>
                    </structure:Parent>
                </structure:Code>
                <structure:Code id="AT225">
                    <common:Annotations>
                        <common:Annotation>
                            <common:AnnotationType>ORDER</common:AnnotationType>
                            <common:AnnotationText xml:lang="en">930</common:AnnotationText>
                            <common:AnnotationText xml:lang="fr">930</common:AnnotationText>
                        </common:Annotation>
                    </common:Annotations>
                    <common:Name xml:lang="en">West- und Südsteiermark</common:Name>
                    <common:Name xml:lang="fr">West- und Südsteiermark</common:Name>
                    <structure:Parent>
                        <Ref id="AT22"/>
                    </structure:Parent>
                </structure:Code>
                <structure:Code id="AT226">
                    <common:Annotations>
                        <common:Annotation>
                            <common:AnnotationType>ORDER</common:AnnotationType>
                            <common:AnnotationText xml:lang="en">940</common:AnnotationText>
                            <common:AnnotationText xml:lang="fr">940</common:AnnotationText>
                        </common:Annotation>
                    </common:Annotations>
                    <common:Name xml:lang="en">Westliche Obersteiermark</common:Name>
                    <common:Name xml:lang="fr">Westliche Obersteiermark</common:Name>
                    <structure:Parent>
                        <Ref id="AT22"/>
                    </structure:Parent>
                </structure:Code>
                <structure:Code id="AT31">
                    <common:Annotations>
                        <common:Annotation>
                            <common:AnnotationType>ORDER</common:AnnotationType>
                            <common:AnnotationText xml:lang="en">950</common:AnnotationText>
                            <common:AnnotationText xml:lang="fr">950</common:AnnotationText>
                        </common:Annotation>
                    </common:Annotations>
                    <common:Name xml:lang="en">Upper Austria</common:Name>
                    <common:Name xml:lang="fr">Upper Austria</common:Name>
                    <structure:Parent>
                        <Ref id="AUT"/>
                    </structure:Parent>
                </structure:Code>
                <structure:Code id="AT311">
                    <common:Annotations>
                        <common:Annotation>
                            <common:AnnotationType>ORDER</common:AnnotationType>
                            <common:AnnotationText xml:lang="en">960</common:AnnotationText>
                            <common:AnnotationText xml:lang="fr">960</common:AnnotationText>
                        </common:Annotation>
                    </common:Annotations>
                    <common:Name xml:lang="en">Innviertel</common:Name>
                    <common:Name xml:lang="fr">Innviertel</common:Name>
                    <structure:Parent>
                        <Ref id="AT31"/>
                    </structure:Parent>
                </structure:Code>
                <structure:Code id="AT312">
                    <common:Annotations>
                        <common:Annotation>
                            <common:AnnotationType>ORDER</common:AnnotationType>
                            <common:AnnotationText xml:lang="en">970</common:AnnotationText>
                            <common:AnnotationText xml:lang="fr">970</common:AnnotationText>
                        </common:Annotation>
                    </common:Annotations>
                    <common:Name xml:lang="en">Linz-Wels</common:Name>
                    <common:Name xml:lang="fr">Linz-Wels</common:Name>
                    <structure:Parent>
                        <Ref id="AT31"/>
                    </structure:Parent>
                </structure:Code>
                <structure:Code id="AT313">
                    <common:Annotations>
                        <common:Annotation>
                            <common:AnnotationType>ORDER</common:AnnotationType>
                            <common:AnnotationText xml:lang="en">980</common:AnnotationText>
                            <common:AnnotationText xml:lang="fr">980</common:AnnotationText>
                        </common:Annotation>
                    </common:Annotations>
                    <common:Name xml:lang="en">Mühlviertel</common:Name>
                    <common:Name xml:lang="fr">Mühlviertel</common:Name>
                    <structure:Parent>
                        <Ref id="AT31"/>
                    </structure:Parent>
                </structure:Code>
                <structure:Code id="AT314">
                    <common:Annotations>
                        <common:Annotation>
                            <common:AnnotationType>ORDER</common:AnnotationType>
                            <common:AnnotationText xml:lang="en">990</common:AnnotationText>
                            <common:AnnotationText xml:lang="fr">990</common:AnnotationText>
                        </common:Annotation>
                    </common:Annotations>
                    <common:Name xml:lang="en">Steyr-Kirchdorf</common:Name>
                    <common:Name xml:lang="fr">Steyr-Kirchdorf</common:Name>
                    <structure:Parent>
                        <Ref id="AT31"/>
                    </structure:Parent>
                </structure:Code>
                <structure:Code id="AT315">
                    <common:Annotations>
                        <common:Annotation>
                            <common:AnnotationType>ORDER</common:AnnotationType>
                            <common:AnnotationText xml:lang="en">1000</common:AnnotationText>
                            <common:AnnotationText xml:lang="fr">1000</common:AnnotationText>
                        </common:Annotation>
                    </common:Annotations>
                    <common:Name xml:lang="en">Traunviertel</common:Name>
                    <common:Name xml:lang="fr">Traunviertel</common:Name>
                    <structure:Parent>
                        <Ref id="AT31"/>
                    </structure:Parent>
                </structure:Code>
                <structure:Code id="AT32">
                    <common:Annotations>
                        <common:Annotation>
                            <common:AnnotationType>ORDER</common:AnnotationType>
                            <common:AnnotationText xml:lang="en">1010</common:AnnotationText>
                            <common:AnnotationText xml:lang="fr">1010</common:AnnotationText>
                        </common:Annotation>
                    </common:Annotations>
                    <common:Name xml:lang="en">Salzburg</common:Name>
                    <common:Name xml:lang="fr">Salzburg</common:Name>
                    <structure:Parent>
                        <Ref id="AUT"/>
                    </structure:Parent>
                </structure:Code>
                <structure:Code id="AT321">
                    <common:Annotations>
                        <common:Annotation>
                            <common:AnnotationType>ORDER</common:AnnotationType>
                            <common:AnnotationText xml:lang="en">1020</common:AnnotationText>
                            <common:AnnotationText xml:lang="fr">1020</common:AnnotationText>
                        </common:Annotation>
                    </common:Annotations>
                    <common:Name xml:lang="en">Lungau</common:Name>
                    <common:Name xml:lang="fr">Lungau</common:Name>
                    <structure:Parent>
                        <Ref id="AT32"/>
                    </structure:Parent>
                </structure:Code>
                <structure:Code id="AT322">
                    <common:Annotations>
                        <common:Annotation>
                            <common:AnnotationType>ORDER</common:AnnotationType>
                            <common:AnnotationText xml:lang="en">1030</common:AnnotationText>
                            <common:AnnotationText xml:lang="fr">1030</common:AnnotationText>
                        </common:Annotation>
                    </common:Annotations>
                    <common:Name xml:lang="en">Pinzgau-Pongau</common:Name>
                    <common:Name xml:lang="fr">Pinzgau-Pongau</common:Name>
                    <structure:Parent>
                        <Ref id="AT32"/>
                    </structure:Parent>
                </structure:Code>
                <structure:Code id="AT323">
                    <common:Annotations>
                        <common:Annotation>
                            <common:AnnotationType>ORDER</common:AnnotationType>
                            <common:AnnotationText xml:lang="en">1040</common:AnnotationText>
                            <common:AnnotationText xml:lang="fr">1040</common:AnnotationText>
                        </common:Annotation>
                    </common:Annotations>
                    <common:Name xml:lang="en">Salzburg und Umgebung</common:Name>
                    <common:Name xml:lang="fr">Salzburg und Umgebung</common:Name>
                    <structure:Parent>
                        <Ref id="AT32"/>
                    </structure:Parent>
                </structure:Code>
                <structure:Code id="AT33">
                    <common:Annotations>
                        <common:Annotation>
                            <common:AnnotationType>ORDER</common:AnnotationType>
                            <common:AnnotationText xml:lang="en">1050</common:AnnotationText>
                            <common:AnnotationText xml:lang="fr">1050</common:AnnotationText>
                        </common:Annotation>
                    </common:Annotations>
                    <common:Name xml:lang="en">Tyrol</common:Name>
                    <common:Name xml:lang="fr">Tyrol</common:Name>
                    <structure:Parent>
                        <Ref id="AUT"/>
                    </structure:Parent>
                </structure:Code>
                <structure:Code id="AT331">
                    <common:Annotations>
                        <common:Annotation>
                            <common:AnnotationType>ORDER</common:AnnotationType>
                            <common:AnnotationText xml:lang="en">1060</common:AnnotationText>
                            <common:AnnotationText xml:lang="fr">1060</common:AnnotationText>
                        </common:Annotation>
                    </common:Annotations>
                    <common:Name xml:lang="en">Außerfern</common:Name>
                    <common:Name xml:lang="fr">Außerfern</common:Name>
                    <structure:Parent>
                        <Ref id="AT33"/>
                    </structure:Parent>
                </structure:Code>
                <structure:Code id="AT332">
                    <common:Annotations>
                        <common:Annotation>
                            <common:AnnotationType>ORDER</common:AnnotationType>
                            <common:AnnotationText xml:lang="en">1070</common:AnnotationText>
                            <common:AnnotationText xml:lang="fr">1070</common:AnnotationText>
                        </common:Annotation>
                    </common:Annotations>
                    <common:Name xml:lang="en">Innsbruck</common:Name>
                    <common:Name xml:lang="fr">Innsbruck</common:Name>
                    <structure:Parent>
                        <Ref id="AT33"/>
                    </structure:Parent>
                </structure:Code>
                <structure:Code id="AT333">
                    <common:Annotations>
                        <common:Annotation>
                            <common:AnnotationType>ORDER</common:AnnotationType>
                            <common:AnnotationText xml:lang="en">1080</common:AnnotationText>
                            <common:AnnotationText xml:lang="fr">1080</common:AnnotationText>
                        </common:Annotation>
                    </common:Annotations>
                    <common:Name xml:lang="en">Osttirol</common:Name>
                    <common:Name xml:lang="fr">Osttirol</common:Name>
                    <structure:Parent>
                        <Ref id="AT33"/>
                    </structure:Parent>
                </structure:Code>
                <structure:Code id="AT334">
                    <common:Annotations>
                        <common:Annotation>
                            <common:AnnotationType>ORDER</common:AnnotationType>
                            <common:AnnotationText xml:lang="en">1090</common:AnnotationText>
                            <common:AnnotationText xml:lang="fr">1090</common:AnnotationText>
                        </common:Annotation>
                    </common:Annotations>
                    <common:Name xml:lang="en">Tyrolean Oberland</common:Name>
                    <common:Name xml:lang="fr">Tyrolean Oberland</common:Name>
                    <structure:Parent>
                        <Ref id="AT33"/>
                    </structure:Parent>
                </structure:Code>
                <structure:Code id="AT335">
                    <common:Annotations>
                        <common:Annotation>
                            <common:AnnotationType>ORDER</common:AnnotationType>
                            <common:AnnotationText xml:lang="en">1100</common:AnnotationText>
                            <common:AnnotationText xml:lang="fr">1100</common:AnnotationText>
                        </common:Annotation>
                    </common:Annotations>
                    <common:Name xml:lang="en">Tyrolean Unterland</common:Name>
                    <common:Name xml:lang="fr">Tyrolean Unterland</common:Name>
                    <structure:Parent>
                        <Ref id="AT33"/>
                    </structure:Parent>
                </structure:Code>
                <structure:Code id="AT34">
                    <common:Annotations>
                        <common:Annotation>
                            <common:AnnotationType>ORDER</common:AnnotationType>
                            <common:AnnotationText xml:lang="en">1110</common:AnnotationText>
                            <common:AnnotationText xml:lang="fr">1110</common:AnnotationText>
                        </common:Annotation>
                    </common:Annotations>
                    <common:Name xml:lang="en">Vorarlberg</common:Name>
                    <common:Name xml:lang="fr">Vorarlberg</common:Name>
                    <structure:Parent>
                        <Ref id="AUT"/>
                    </structure:Parent>
                </structure:Code>
                <structure:Code id="AT341">
                    <common:Annotations>
                        <common:Annotation>
                            <common:AnnotationType>ORDER</common:AnnotationType>
                            <common:AnnotationText xml:lang="en">1120</common:AnnotationText>
                            <common:AnnotationText xml:lang="fr">1120</common:AnnotationText>
                        </common:Annotation>
                    </common:Annotations>
                    <common:Name xml:lang="en">Bludenz-Bregenzer Wald</common:Name>
                    <common:Name xml:lang="fr">Bludenz-Bregenzer Wald</common:Name>
                    <structure:Parent>
                        <Ref id="AT34"/>
                    </structure:Parent>
                </structure:Code>
                <structure:Code id="AT342">
                    <common:Annotations>
                        <common:Annotation>
                            <common:AnnotationType>ORDER</common:AnnotationType>
                            <common:AnnotationText xml:lang="en">1130</common:AnnotationText>
                            <common:AnnotationText xml:lang="fr">1130</common:AnnotationText>
                        </common:Annotation>
                    </common:Annotations>
                    <common:Name xml:lang="en">Rheintal-Bodenseegebiet</common:Name>
                    <common:Name xml:lang="fr">Rheintal-Bodenseegebiet</common:Name>
                    <structure:Parent>
                        <Ref id="AT34"/>
                    </structure:Parent>
                </structure:Code>
                <structure:Code id="BEL">
                    <common:Annotations>
                        <common:Annotation>
                            <common:AnnotationType>ORDER</common:AnnotationType>
                            <common:AnnotationText xml:lang="en">1140</common:AnnotationText>
                            <common:AnnotationText xml:lang="fr">1140</common:AnnotationText>
                        </common:Annotation>
                    </common:Annotations>
                    <common:Name xml:lang="en">Belgium</common:Name>
                    <common:Name xml:lang="fr">Belgique</common:Name>
                </structure:Code>
                <structure:Code id="BE1">
                    <common:Annotations>
                        <common:Annotation>
                            <common:AnnotationType>ORDER</common:AnnotationType>
                            <common:AnnotationText xml:lang="en">1150</common:AnnotationText>
                            <common:AnnotationText xml:lang="fr">1150</common:AnnotationText>
                        </common:Annotation>
                    </common:Annotations>
                    <common:Name xml:lang="en">Brussels Capital Region</common:Name>
                    <common:Name xml:lang="fr">Brussels Capital Region</common:Name>
                    <structure:Parent>
                        <Ref id="BEL"/>
                    </structure:Parent>
                </structure:Code>
                <structure:Code id="BE100">
                    <common:Annotations>
                        <common:Annotation>
                            <common:AnnotationType>ORDER</common:AnnotationType>
                            <common:AnnotationText xml:lang="en">1160</common:AnnotationText>
                            <common:AnnotationText xml:lang="fr">1160</common:AnnotationText>
                        </common:Annotation>
                    </common:Annotations>
                    <common:Name xml:lang="en">Arr. de Bruxelles-Capitale / Arr. Van Brussel-Hoofdstad</common:Name>
                    <common:Name xml:lang="fr">Arr. de Bruxelles-Capitale / Arr. Van Brussel-Hoofdstad</common:Name>
                    <structure:Parent>
                        <Ref id="BE1"/>
                    </structure:Parent>
                </structure:Code>
                <structure:Code id="BE2">
                    <common:Annotations>
                        <common:Annotation>
                            <common:AnnotationType>ORDER</common:AnnotationType>
                            <common:AnnotationText xml:lang="en">1170</common:AnnotationText>
                            <common:AnnotationText xml:lang="fr">1170</common:AnnotationText>
                        </common:Annotation>
                    </common:Annotations>
                    <common:Name xml:lang="en">Flemish Region</common:Name>
                    <common:Name xml:lang="fr">Flemish Region</common:Name>
                    <structure:Parent>
                        <Ref id="BEL"/>
                    </structure:Parent>
                </structure:Code>
                <structure:Code id="BE211">
                    <common:Annotations>
                        <common:Annotation>
                            <common:AnnotationType>ORDER</common:AnnotationType>
                            <common:AnnotationText xml:lang="en">1180</common:AnnotationText>
                            <common:AnnotationText xml:lang="fr">1180</common:AnnotationText>
                        </common:Annotation>
                    </common:Annotations>
                    <common:Name xml:lang="en">Arr. Antwerpen</common:Name>
                    <common:Name xml:lang="fr">Arr. Antwerpen</common:Name>
                    <structure:Parent>
                        <Ref id="BE2"/>
                    </structure:Parent>
                </structure:Code>
                <structure:Code id="BE212">
                    <common:Annotations>
                        <common:Annotation>
                            <common:AnnotationType>ORDER</common:AnnotationType>
                            <common:AnnotationText xml:lang="en">1190</common:AnnotationText>
                            <common:AnnotationText xml:lang="fr">1190</common:AnnotationText>
                        </common:Annotation>
                    </common:Annotations>
                    <common:Name xml:lang="en">Arr. Mechelen</common:Name>
                    <common:Name xml:lang="fr">Arr. Mechelen</common:Name>
                    <structure:Parent>
                        <Ref id="BE2"/>
                    </structure:Parent>
                </structure:Code>
                <structure:Code id="BE213">
                    <common:Annotations>
                        <common:Annotation>
                            <common:AnnotationType>ORDER</common:AnnotationType>
                            <common:AnnotationText xml:lang="en">1200</common:AnnotationText>
                            <common:AnnotationText xml:lang="fr">1200</common:AnnotationText>
                        </common:Annotation>
                    </common:Annotations>
                    <common:Name xml:lang="en">Arr. Turnhout</common:Name>
                    <common:Name xml:lang="fr">Arr. Turnhout</common:Name>
                    <structure:Parent>
                        <Ref id="BE2"/>
                    </structure:Parent>
                </structure:Code>
                <structure:Code id="BE221">
                    <common:Annotations>
                        <common:Annotation>
                            <common:AnnotationType>ORDER</common:AnnotationType>
                            <common:AnnotationText xml:lang="en">1210</common:AnnotationText>
                            <common:AnnotationText xml:lang="fr">1210</common:AnnotationText>
                        </common:Annotation>
                    </common:Annotations>
                    <common:Name xml:lang="en">Arr. Hasselt</common:Name>
                    <common:Name xml:lang="fr">Arr. Hasselt</common:Name>
                    <structure:Parent>
                        <Ref id="BE2"/>
                    </structure:Parent>
                </structure:Code>
                <structure:Code id="BE222">
                    <common:Annotations>
                        <common:Annotation>
                            <common:AnnotationType>ORDER</common:AnnotationType>
                            <common:AnnotationText xml:lang="en">1220</common:AnnotationText>
                            <common:AnnotationText xml:lang="fr">1220</common:AnnotationText>
                        </common:Annotation>
                    </common:Annotations>
                    <common:Name xml:lang="en">Arr. Maaseik</common:Name>
                    <common:Name xml:lang="fr">Arr. Maaseik</common:Name>
                    <structure:Parent>
                        <Ref id="BE2"/>
                    </structure:Parent>
                </structure:Code>
                <structure:Code id="BE223">
                    <common:Annotations>
                        <common:Annotation>
                            <common:AnnotationType>ORDER</common:AnnotationType>
                            <common:AnnotationText xml:lang="en">1230</common:AnnotationText>
                            <common:AnnotationText xml:lang="fr">1230</common:AnnotationText>
                        </common:Annotation>
                    </common:Annotations>
                    <common:Name xml:lang="en">Arr. Tongeren</common:Name>
                    <common:Name xml:lang="fr">Arr. Tongeren</common:Name>
                    <structure:Parent>
                        <Ref id="BE2"/>
                    </structure:Parent>
                </structure:Code>
                <structure:Code id="BE231">
                    <common:Annotations>
                        <common:Annotation>
                            <common:AnnotationType>ORDER</common:AnnotationType>
                            <common:AnnotationText xml:lang="en">1240</common:AnnotationText>
                            <common:AnnotationText xml:lang="fr">1240</common:AnnotationText>
                        </common:Annotation>
                    </common:Annotations>
                    <common:Name xml:lang="en">Arr. Aalst</common:Name>
                    <common:Name xml:lang="fr">Arr. Aalst</common:Name>
                    <structure:Parent>
                        <Ref id="BE2"/>
                    </structure:Parent>
                </structure:Code>
                <structure:Code id="BE232">
                    <common:Annotations>
                        <common:Annotation>
                            <common:AnnotationType>ORDER</common:AnnotationType>
                            <common:AnnotationText xml:lang="en">1250</common:AnnotationText>
                            <common:AnnotationText xml:lang="fr">1250</common:AnnotationText>
                        </common:Annotation>
                    </common:Annotations>
                    <common:Name xml:lang="en">Arr. Dendermonde</common:Name>
                    <common:Name xml:lang="fr">Arr. Dendermonde</common:Name>
                    <structure:Parent>
                        <Ref id="BE2"/>
                    </structure:Parent>
                </structure:Code>
                <structure:Code id="BE233">
                    <common:Annotations>
                        <common:Annotation>
                            <common:AnnotationType>ORDER</common:AnnotationType>
                            <common:AnnotationText xml:lang="en">1260</common:AnnotationText>
                            <common:AnnotationText xml:lang="fr">1260</common:AnnotationText>
                        </common:Annotation>
                    </common:Annotations>
                    <common:Name xml:lang="en">Arr. Eeklo</common:Name>
                    <common:Name xml:lang="fr">Arr. Eeklo</common:Name>
                    <structure:Parent>
                        <Ref id="BE2"/>
                    </structure:Parent>
                </structure:Code>
                <structure:Code id="BE234">
                    <common:Annotations>
                        <common:Annotation>
                            <common:AnnotationType>ORDER</common:AnnotationType>
                            <common:AnnotationText xml:lang="en">1270</common:AnnotationText>
                            <common:AnnotationText xml:lang="fr">1270</common:AnnotationText>
                        </common:Annotation>
                    </common:Annotations>
                    <common:Name xml:lang="en">Arr. Gent</common:Name>
                    <common:Name xml:lang="fr">Arr. Gent</common:Name>
                    <structure:Parent>
                        <Ref id="BE2"/>
                    </structure:Parent>
                </structure:Code>
                <structure:Code id="BE235">
                    <common:Annotations>
                        <common:Annotation>
                            <common:AnnotationType>ORDER</common:AnnotationType>
                            <common:AnnotationText xml:lang="en">1280</common:AnnotationText>
                            <common:AnnotationText xml:lang="fr">1280</common:AnnotationText>
                        </common:Annotation>
                    </common:Annotations>
                    <common:Name xml:lang="en">Arr. Oudenaarde</common:Name>
                    <common:Name xml:lang="fr">Arr. Oudenaarde</common:Name>
                    <structure:Parent>
                        <Ref id="BE2"/>
                    </structure:Parent>
                </structure:Code>
                <structure:Code id="BE236">
                    <common:Annotations>
                        <common:Annotation>
                            <common:AnnotationType>ORDER</common:AnnotationType>
                            <common:AnnotationText xml:lang="en">1290</common:AnnotationText>
                            <common:AnnotationText xml:lang="fr">1290</common:AnnotationText>
                        </common:Annotation>
                    </common:Annotations>
                    <common:Name xml:lang="en">Arr. Sint-Niklaas</common:Name>
                    <common:Name xml:lang="fr">Arr. Sint-Niklaas</common:Name>
                    <structure:Parent>
                        <Ref id="BE2"/>
                    </structure:Parent>
                </structure:Code>
                <structure:Code id="BE241">
                    <common:Annotations>
                        <common:Annotation>
                            <common:AnnotationType>ORDER</common:AnnotationType>
                            <common:AnnotationText xml:lang="en">1300</common:AnnotationText>
                            <common:AnnotationText xml:lang="fr">1300</common:AnnotationText>
                        </common:Annotation>
                    </common:Annotations>
                    <common:Name xml:lang="en">Arr. Halle-Vilvoorde</common:Name>
                    <common:Name xml:lang="fr">Arr. Halle-Vilvoorde</common:Name>
                    <structure:Parent>
                        <Ref id="BE2"/>
                    </structure:Parent>
                </structure:Code>
                <structure:Code id="BE242">
                    <common:Annotations>
                        <common:Annotation>
                            <common:AnnotationType>ORDER</common:AnnotationType>
                            <common:AnnotationText xml:lang="en">1310</common:AnnotationText>
                            <common:AnnotationText xml:lang="fr">1310</common:AnnotationText>
                        </common:Annotation>
                    </common:Annotations>
                    <common:Name xml:lang="en">Arr. Leuven</common:Name>
                    <common:Name xml:lang="fr">Arr. Leuven</common:Name>
                    <structure:Parent>
                        <Ref id="BE2"/>
                    </structure:Parent>
                </structure:Code>
                <structure:Code id="BE251">
                    <common:Annotations>
                        <common:Annotation>
                            <common:AnnotationType>ORDER</common:AnnotationType>
                            <common:AnnotationText xml:lang="en">1320</common:AnnotationText>
                            <common:AnnotationText xml:lang="fr">1320</common:AnnotationText>
                        </common:Annotation>
                    </common:Annotations>
                    <common:Name xml:lang="en">Arr. Brugge</common:Name>
                    <common:Name xml:lang="fr">Arr. Brugge</common:Name>
                    <structure:Parent>
                        <Ref id="BE2"/>
                    </structure:Parent>
                </structure:Code>
                <structure:Code id="BE252">
                    <common:Annotations>
                        <common:Annotation>
                            <common:AnnotationType>ORDER</common:AnnotationType>
                            <common:AnnotationText xml:lang="en">1330</common:AnnotationText>
                            <common:AnnotationText xml:lang="fr">1330</common:AnnotationText>
                        </common:Annotation>
                    </common:Annotations>
                    <common:Name xml:lang="en">Arr. Diksmuide</common:Name>
                    <common:Name xml:lang="fr">Arr. Diksmuide</common:Name>
                    <structure:Parent>
                        <Ref id="BE2"/>
                    </structure:Parent>
                </structure:Code>
                <structure:Code id="BE253">
                    <common:Annotations>
                        <common:Annotation>
                            <common:AnnotationType>ORDER</common:AnnotationType>
                            <common:AnnotationText xml:lang="en">1340</common:AnnotationText>
                            <common:AnnotationText xml:lang="fr">1340</common:AnnotationText>
                        </common:Annotation>
                    </common:Annotations>
                    <common:Name xml:lang="en">Arr. Ieper</common:Name>
                    <common:Name xml:lang="fr">Arr. Ieper</common:Name>
                    <structure:Parent>
                        <Ref id="BE2"/>
                    </structure:Parent>
                </structure:Code>
                <structure:Code id="BE254">
                    <common:Annotations>
                        <common:Annotation>
                            <common:AnnotationType>ORDER</common:AnnotationType>
                            <common:AnnotationText xml:lang="en">1350</common:AnnotationText>
                            <common:AnnotationText xml:lang="fr">1350</common:AnnotationText>
                        </common:Annotation>
                    </common:Annotations>
                    <common:Name xml:lang="en">Arr. Kortrijk</common:Name>
                    <common:Name xml:lang="fr">Arr. Kortrijk</common:Name>
                    <structure:Parent>
                        <Ref id="BE2"/>
                    </structure:Parent>
                </structure:Code>
                <structure:Code id="BE255">
                    <common:Annotations>
                        <common:Annotation>
                            <common:AnnotationType>ORDER</common:AnnotationType>
                            <common:AnnotationText xml:lang="en">1360</common:AnnotationText>
                            <common:AnnotationText xml:lang="fr">1360</common:AnnotationText>
                        </common:Annotation>
                    </common:Annotations>
                    <common:Name xml:lang="en">Arr. Oostende</common:Name>
                    <common:Name xml:lang="fr">Arr. Oostende</common:Name>
                    <structure:Parent>
                        <Ref id="BE2"/>
                    </structure:Parent>
                </structure:Code>
                <structure:Code id="BE256">
                    <common:Annotations>
                        <common:Annotation>
                            <common:AnnotationType>ORDER</common:AnnotationType>
                            <common:AnnotationText xml:lang="en">1370</common:AnnotationText>
                            <common:AnnotationText xml:lang="fr">1370</common:AnnotationText>
                        </common:Annotation>
                    </common:Annotations>
                    <common:Name xml:lang="en">Arr. Roeselare</common:Name>
                    <common:Name xml:lang="fr">Arr. Roeselare</common:Name>
                    <structure:Parent>
                        <Ref id="BE2"/>
                    </structure:Parent>
                </structure:Code>
                <structure:Code id="BE257">
                    <common:Annotations>
                        <common:Annotation>
                            <common:AnnotationType>ORDER</common:AnnotationType>
                            <common:AnnotationText xml:lang="en">1380</common:AnnotationText>
                            <common:AnnotationText xml:lang="fr">1380</common:AnnotationText>
                        </common:Annotation>
                    </common:Annotations>
                    <common:Name xml:lang="en">Arr. Tielt</common:Name>
                    <common:Name xml:lang="fr">Arr. Tielt</common:Name>
                    <structure:Parent>
                        <Ref id="BE2"/>
                    </structure:Parent>
                </structure:Code>
                <structure:Code id="BE258">
                    <common:Annotations>
                        <common:Annotation>
                            <common:AnnotationType>ORDER</common:AnnotationType>
                            <common:AnnotationText xml:lang="en">1390</common:AnnotationText>
                            <common:AnnotationText xml:lang="fr">1390</common:AnnotationText>
                        </common:Annotation>
                    </common:Annotations>
                    <common:Name xml:lang="en">Arr. Veurne</common:Name>
                    <common:Name xml:lang="fr">Arr. Veurne</common:Name>
                    <structure:Parent>
                        <Ref id="BE2"/>
                    </structure:Parent>
                </structure:Code>
                <structure:Code id="BE3">
                    <common:Annotations>
                        <common:Annotation>
                            <common:AnnotationType>ORDER</common:AnnotationType>
                            <common:AnnotationText xml:lang="en">1400</common:AnnotationText>
                            <common:AnnotationText xml:lang="fr">1400</common:AnnotationText>
                        </common:Annotation>
                    </common:Annotations>
                    <common:Name xml:lang="en">Wallonia</common:Name>
                    <common:Name xml:lang="fr">Wallonia</common:Name>
                    <structure:Parent>
                        <Ref id="BEL"/>
                    </structure:Parent>
                </structure:Code>
                <structure:Code id="BE310">
                    <common:Annotations>
                        <common:Annotation>
                            <common:AnnotationType>ORDER</common:AnnotationType>
                            <common:AnnotationText xml:lang="en">1410</common:AnnotationText>
                            <common:AnnotationText xml:lang="fr">1410</common:AnnotationText>
                        </common:Annotation>
                    </common:Annotations>
                    <common:Name xml:lang="en">Arr. Nivelles</common:Name>
                    <common:Name xml:lang="fr">Arr. Nivelles</common:Name>
                    <structure:Parent>
                        <Ref id="BE3"/>
                    </structure:Parent>
                </structure:Code>
                <structure:Code id="BE321">
                    <common:Annotations>
                        <common:Annotation>
                            <common:AnnotationType>ORDER</common:AnnotationType>
                            <common:AnnotationText xml:lang="en">1420</common:AnnotationText>
                            <common:AnnotationText xml:lang="fr">1420</common:AnnotationText>
                        </common:Annotation>
                    </common:Annotations>
                    <common:Name xml:lang="en">Arr. Ath</common:Name>
                    <common:Name xml:lang="fr">Arr. Ath</common:Name>
                    <structure:Parent>
                        <Ref id="BE3"/>
                    </structure:Parent>
                </structure:Code>
                <structure:Code id="BE322">
                    <common:Annotations>
                        <common:Annotation>
                            <common:AnnotationType>ORDER</common:AnnotationType>
                            <common:AnnotationText xml:lang="en">1430</common:AnnotationText>
                            <common:AnnotationText xml:lang="fr">1430</common:AnnotationText>
                        </common:Annotation>
                    </common:Annotations>
                    <common:Name xml:lang="en">Arr. Charleroi</common:Name>
                    <common:Name xml:lang="fr">Arr. Charleroi</common:Name>
                    <structure:Parent>
                        <Ref id="BE3"/>
                    </structure:Parent>
                </structure:Code>
                <structure:Code id="BE323">
                    <common:Annotations>
                        <common:Annotation>
                            <common:AnnotationType>ORDER</common:AnnotationType>
                            <common:AnnotationText xml:lang="en">1440</common:AnnotationText>
                            <common:AnnotationText xml:lang="fr">1440</common:AnnotationText>
                        </common:Annotation>
                    </common:Annotations>
                    <common:Name xml:lang="en">Arr. Mons</common:Name>
                    <common:Name xml:lang="fr">Arr. Mons</common:Name>
                    <structure:Parent>
                        <Ref id="BE3"/>
                    </structure:Parent>
                </structure:Code>
                <structure:Code id="BE324">
                    <common:Annotations>
                        <common:Annotation>
                            <common:AnnotationType>ORDER</common:AnnotationType>
                            <common:AnnotationText xml:lang="en">1450</common:AnnotationText>
                            <common:AnnotationText xml:lang="fr">1450</common:AnnotationText>
                        </common:Annotation>
                    </common:Annotations>
                    <common:Name xml:lang="en">Arr. Mouscron</common:Name>
                    <common:Name xml:lang="fr">Arr. Mouscron</common:Name>
                    <structure:Parent>
                        <Ref id="BE3"/>
                    </structure:Parent>
                </structure:Code>
                <structure:Code id="BE325">
                    <common:Annotations>
                        <common:Annotation>
                            <common:AnnotationType>ORDER</common:AnnotationType>
                            <common:AnnotationText xml:lang="en">1460</common:AnnotationText>
                            <common:AnnotationText xml:lang="fr">1460</common:AnnotationText>
                        </common:Annotation>
                    </common:Annotations>
                    <common:Name xml:lang="en">Arr. Soignies</common:Name>
                    <common:Name xml:lang="fr">Arr. Soignies</common:Name>
                    <structure:Parent>
                        <Ref id="BE3"/>
                    </structure:Parent>
                </structure:Code>
                <structure:Code id="BE326">
                    <common:Annotations>
                        <common:Annotation>
                            <common:AnnotationType>ORDER</common:AnnotationType>
                            <common:AnnotationText xml:lang="en">1470</common:AnnotationText>
                            <common:AnnotationText xml:lang="fr">1470</common:AnnotationText>
                        </common:Annotation>
                    </common:Annotations>
                    <common:Name xml:lang="en">Arr. Thuin</common:Name>
                    <common:Name xml:lang="fr">Arr. Thuin</common:Name>
                    <structure:Parent>
                        <Ref id="BE3"/>
                    </structure:Parent>
                </structure:Code>
                <structure:Code id="BE327">
                    <common:Annotations>
                        <common:Annotation>
                            <common:AnnotationType>ORDER</common:AnnotationType>
                            <common:AnnotationText xml:lang="en">1480</common:AnnotationText>
                            <common:AnnotationText xml:lang="fr">1480</common:AnnotationText>
                        </common:Annotation>
                    </common:Annotations>
                    <common:Name xml:lang="en">Arr. Tournai</common:Name>
                    <common:Name xml:lang="fr">Arr. Tournai</common:Name>
                    <structure:Parent>
                        <Ref id="BE3"/>
                    </structure:Parent>
                </structure:Code>
                <structure:Code id="BE331">
                    <common:Annotations>
                        <common:Annotation>
                            <common:AnnotationType>ORDER</common:AnnotationType>
                            <common:AnnotationText xml:lang="en">1490</common:AnnotationText>
                            <common:AnnotationText xml:lang="fr">1490</common:AnnotationText>
                        </common:Annotation>
                    </common:Annotations>
                    <common:Name xml:lang="en">Arr. Huy</common:Name>
                    <common:Name xml:lang="fr">Arr. Huy</common:Name>
                    <structure:Parent>
                        <Ref id="BE3"/>
                    </structure:Parent>
                </structure:Code>
                <structure:Code id="BE332">
                    <common:Annotations>
                        <common:Annotation>
                            <common:AnnotationType>ORDER</common:AnnotationType>
                            <common:AnnotationText xml:lang="en">1500</common:AnnotationText>
                            <common:AnnotationText xml:lang="fr">1500</common:AnnotationText>
                        </common:Annotation>
                    </common:Annotations>
                    <common:Name xml:lang="en">Arr. Liège</common:Name>
                    <common:Name xml:lang="fr">Arr. Liège</common:Name>
                    <structure:Parent>
                        <Ref id="BE3"/>
                    </structure:Parent>
                </structure:Code>
                <structure:Code id="BE334">
                    <common:Annotations>
                        <common:Annotation>
                            <common:AnnotationType>ORDER</common:AnnotationType>
                            <common:AnnotationText xml:lang="en">1510</common:AnnotationText>
                            <common:AnnotationText xml:lang="fr">1510</common:AnnotationText>
                        </common:Annotation>
                    </common:Annotations>
                    <common:Name xml:lang="en">Arr. Waremme</common:Name>
                    <common:Name xml:lang="fr">Arr. Waremme</common:Name>
                    <structure:Parent>
                        <Ref id="BE3"/>
                    </structure:Parent>
                </structure:Code>
                <structure:Code id="BE335">
                    <common:Annotations>
                        <common:Annotation>
                            <common:AnnotationType>ORDER</common:AnnotationType>
                            <common:AnnotationText xml:lang="en">1520</common:AnnotationText>
                            <common:AnnotationText xml:lang="fr">1520</common:AnnotationText>
                        </common:Annotation>
                    </common:Annotations>
                    <common:Name xml:lang="en">Arr. Verviers - Communes Francophones</common:Name>
                    <common:Name xml:lang="fr">Arr. Verviers - Communes Francophones</common:Name>
                    <structure:Parent>
                        <Ref id="BE3"/>
                    </structure:Parent>
                </structure:Code>
                <structure:Code id="BE336">
                    <common:Annotations>
                        <common:Annotation>
                            <common:AnnotationType>ORDER</common:AnnotationType>
                            <common:AnnotationText xml:lang="en">1530</common:AnnotationText>
                            <common:AnnotationText xml:lang="fr">1530</common:AnnotationText>
                        </common:Annotation>
                    </common:Annotations>
                    <common:Name xml:lang="en">Bezirk Verviers - Deutschsprachige Gemeinschaft</common:Name>
                    <common:Name xml:lang="fr">Bezirk Verviers - Deutschsprachige Gemeinschaft</common:Name>
                    <structure:Parent>
                        <Ref id="BE3"/>
                    </structure:Parent>
                </structure:Code>
                <structure:Code id="BE341">
                    <common:Annotations>
                        <common:Annotation>
                            <common:AnnotationType>ORDER</common:AnnotationType>
                            <common:AnnotationText xml:lang="en">1540</common:AnnotationText>
                            <common:AnnotationText xml:lang="fr">1540</common:AnnotationText>
                        </common:Annotation>
                    </common:Annotations>
                    <common:Name xml:lang="en">Arr. Arlon</common:Name>
                    <common:Name xml:lang="fr">Arr. Arlon</common:Name>
                    <structure:Parent>
                        <Ref id="BE3"/>
                    </structure:Parent>
                </structure:Code>
                <structure:Code id="BE342">
                    <common:Annotations>
                        <common:Annotation>
                            <common:AnnotationType>ORDER</common:AnnotationType>
                            <common:AnnotationText xml:lang="en">1550</common:AnnotationText>
                            <common:AnnotationText xml:lang="fr">1550</common:AnnotationText>
                        </common:Annotation>
                    </common:Annotations>
                    <common:Name xml:lang="en">Arr. Bastogne</common:Name>
                    <common:Name xml:lang="fr">Arr. Bastogne</common:Name>
                    <structure:Parent>
                        <Ref id="BE3"/>
                    </structure:Parent>
                </structure:Code>
                <structure:Code id="BE343">
                    <common:Annotations>
                        <common:Annotation>
                            <common:AnnotationType>ORDER</common:AnnotationType>
                            <common:AnnotationText xml:lang="en">1560</common:AnnotationText>
                            <common:AnnotationText xml:lang="fr">1560</common:AnnotationText>
                        </common:Annotation>
                    </common:Annotations>
                    <common:Name xml:lang="en">Arr. Marche-en-Famenne</common:Name>
                    <common:Name xml:lang="fr">Arr. Marche-en-Famenne</common:Name>
                    <structure:Parent>
                        <Ref id="BE3"/>
                    </structure:Parent>
                </structure:Code>
                <structure:Code id="BE344">
                    <common:Annotations>
                        <common:Annotation>
                            <common:AnnotationType>ORDER</common:AnnotationType>
                            <common:AnnotationText xml:lang="en">1570</common:AnnotationText>
                            <common:AnnotationText xml:lang="fr">1570</common:AnnotationText>
                        </common:Annotation>
                    </common:Annotations>
                    <common:Name xml:lang="en">Arr. Neufchâteau</common:Name>
                    <common:Name xml:lang="fr">Arr. Neufchâteau</common:Name>
                    <structure:Parent>
                        <Ref id="BE3"/>
                    </structure:Parent>
                </structure:Code>
                <structure:Code id="BE345">
                    <common:Annotations>
                        <common:Annotation>
                            <common:AnnotationType>ORDER</common:AnnotationType>
                            <common:AnnotationText xml:lang="en">1580</common:AnnotationText>
                            <common:AnnotationText xml:lang="fr">1580</common:AnnotationText>
                        </common:Annotation>
                    </common:Annotations>
                    <common:Name xml:lang="en">Arr. Virton</common:Name>
                    <common:Name xml:lang="fr">Arr. Virton</common:Name>
                    <structure:Parent>
                        <Ref id="BE3"/>
                    </structure:Parent>
                </structure:Code>
                <structure:Code id="BE351">
                    <common:Annotations>
                        <common:Annotation>
                            <common:AnnotationType>ORDER</common:AnnotationType>
                            <common:AnnotationText xml:lang="en">1590</common:AnnotationText>
                            <common:AnnotationText xml:lang="fr">1590</common:AnnotationText>
                        </common:Annotation>
                    </common:Annotations>
                    <common:Name xml:lang="en">Arr. Dinant</common:Name>
                    <common:Name xml:lang="fr">Arr. Dinant</common:Name>
                    <structure:Parent>
                        <Ref id="BE3"/>
                    </structure:Parent>
                </structure:Code>
                <structure:Code id="BE352">
                    <common:Annotations>
                        <common:Annotation>
                            <common:AnnotationType>ORDER</common:AnnotationType>
                            <common:AnnotationText xml:lang="en">1600</common:AnnotationText>
                            <common:AnnotationText xml:lang="fr">1600</common:AnnotationText>
                        </common:Annotation>
                    </common:Annotations>
                    <common:Name xml:lang="en">Arr. Namur</common:Name>
                    <common:Name xml:lang="fr">Arr. Namur</common:Name>
                    <structure:Parent>
                        <Ref id="BE3"/>
                    </structure:Parent>
                </structure:Code>
                <structure:Code id="BE353">
                    <common:Annotations>
                        <common:Annotation>
                            <common:AnnotationType>ORDER</common:AnnotationType>
                            <common:AnnotationText xml:lang="en">1610</common:AnnotationText>
                            <common:AnnotationText xml:lang="fr">1610</common:AnnotationText>
                        </common:Annotation>
                    </common:Annotations>
                    <common:Name xml:lang="en">Arr. Philippeville</common:Name>
                    <common:Name xml:lang="fr">Arr. Philippeville</common:Name>
                    <structure:Parent>
                        <Ref id="BE3"/>
                    </structure:Parent>
                </structure:Code>
                <structure:Code id="CAN">
                    <common:Annotations>
                        <common:Annotation>
                            <common:AnnotationType>ORDER</common:AnnotationType>
                            <common:AnnotationText xml:lang="en">1620</common:AnnotationText>
                            <common:AnnotationText xml:lang="fr">1620</common:AnnotationText>
                        </common:Annotation>
                    </common:Annotations>
                    <common:Name xml:lang="en">Canada</common:Name>
                    <common:Name xml:lang="fr">Canada</common:Name>
                </structure:Code>
                <structure:Code id="CA10">
                    <common:Annotations>
                        <common:Annotation>
                            <common:AnnotationType>ORDER</common:AnnotationType>
                            <common:AnnotationText xml:lang="en">1630</common:AnnotationText>
                            <common:AnnotationText xml:lang="fr">1630</common:AnnotationText>
                        </common:Annotation>
                    </common:Annotations>
                    <common:Name xml:lang="en">Newfoundland and Labrador</common:Name>
                    <common:Name xml:lang="fr">Newfoundland and Labrador</common:Name>
                    <structure:Parent>
                        <Ref id="CAN"/>
                    </structure:Parent>
                </structure:Code>
                <structure:Code id="CA1010N">
                    <common:Annotations>
                        <common:Annotation>
                            <common:AnnotationType>ORDER</common:AnnotationType>
                            <common:AnnotationText xml:lang="en">1640</common:AnnotationText>
                            <common:AnnotationText xml:lang="fr">1640</common:AnnotationText>
                        </common:Annotation>
                    </common:Annotations>
                    <common:Name xml:lang="en">Avalon Peninsula, Newfoundland and Labrador</common:Name>
                    <common:Name xml:lang="fr">Avalon Peninsula, Newfoundland and Labrador</common:Name>
                    <structure:Parent>
                        <Ref id="CA10"/>
                    </structure:Parent>
                </structure:Code>
                <structure:Code id="CA1020N">
                    <common:Annotations>
                        <common:Annotation>
                            <common:AnnotationType>ORDER</common:AnnotationType>
                            <common:AnnotationText xml:lang="en">1650</common:AnnotationText>
                            <common:AnnotationText xml:lang="fr">1650</common:AnnotationText>
                        </common:Annotation>
                    </common:Annotations>
                    <common:Name xml:lang="en">South Coast-Burin Peninsula, Newfoundland and Labrador</common:Name>
                    <common:Name xml:lang="fr">South Coast-Burin Peninsula, Newfoundland and Labrador</common:Name>
                    <structure:Parent>
                        <Ref id="CA10"/>
                    </structure:Parent>
                </structure:Code>
                <structure:Code id="CA1030N">
                    <common:Annotations>
                        <common:Annotation>
                            <common:AnnotationType>ORDER</common:AnnotationType>
                            <common:AnnotationText xml:lang="en">1660</common:AnnotationText>
                            <common:AnnotationText xml:lang="fr">1660</common:AnnotationText>
                        </common:Annotation>
                    </common:Annotations>
                    <common:Name xml:lang="en">West Coast-Northern Peninsula-Labrador, Newfoundland and Labrador</common:Name>
                    <common:Name xml:lang="fr">West Coast-Northern Peninsula-Labrador, Newfoundland and Labrador</common:Name>
                    <structure:Parent>
                        <Ref id="CA10"/>
                    </structure:Parent>
                </structure:Code>
                <structure:Code id="CA1040N">
                    <common:Annotations>
                        <common:Annotation>
                            <common:AnnotationType>ORDER</common:AnnotationType>
                            <common:AnnotationText xml:lang="en">1670</common:AnnotationText>
                            <common:AnnotationText xml:lang="fr">1670</common:AnnotationText>
                        </common:Annotation>
                    </common:Annotations>
                    <common:Name xml:lang="en">Notre Dame-Central Bonavista Bay, Newfoundland and Labrador</common:Name>
                    <common:Name xml:lang="fr">Notre Dame-Central Bonavista Bay, Newfoundland and Labrador</common:Name>
                    <structure:Parent>
                        <Ref id="CA10"/>
                    </structure:Parent>
                </structure:Code>
                <structure:Code id="CA1001">
                    <common:Annotations>
                        <common:Annotation>
                            <common:AnnotationType>ORDER</common:AnnotationType>
                            <common:AnnotationText xml:lang="en">1680</common:AnnotationText>
                            <common:AnnotationText xml:lang="fr">1680</common:AnnotationText>
                        </common:Annotation>
                    </common:Annotations>
                    <common:Name xml:lang="en">Division 1 - NL</common:Name>
                    <common:Name xml:lang="fr">Division 1 - NL</common:Name>
                    <structure:Parent>
                        <Ref id="CA10"/>
                    </structure:Parent>
                </structure:Code>
                <structure:Code id="CA1002">
                    <common:Annotations>
                        <common:Annotation>
                            <common:AnnotationType>ORDER</common:AnnotationType>
                            <common:AnnotationText xml:lang="en">1690</common:AnnotationText>
                            <common:AnnotationText xml:lang="fr">1690</common:AnnotationText>
                        </common:Annotation>
                    </common:Annotations>
                    <common:Name xml:lang="en">Division 2, NL</common:Name>
                    <common:Name xml:lang="fr">Division 2, NL</common:Name>
                    <structure:Parent>
                        <Ref id="CA10"/>
                    </structure:Parent>
                </structure:Code>
                <structure:Code id="CA1003">
                    <common:Annotations>
                        <common:Annotation>
                            <common:AnnotationType>ORDER</common:AnnotationType>
                            <common:AnnotationText xml:lang="en">1700</common:AnnotationText>
                            <common:AnnotationText xml:lang="fr">1700</common:AnnotationText>
                        </common:Annotation>
                    </common:Annotations>
                    <common:Name xml:lang="en">Division 3, NL</common:Name>
                    <common:Name xml:lang="fr">Division 3, NL</common:Name>
                    <structure:Parent>
                        <Ref id="CA10"/>
                    </structure:Parent>
                </structure:Code>
                <structure:Code id="CA1004">
                    <common:Annotations>
                        <common:Annotation>
                            <common:AnnotationType>ORDER</common:AnnotationType>
                            <common:AnnotationText xml:lang="en">1710</common:AnnotationText>
                            <common:AnnotationText xml:lang="fr">1710</common:AnnotationText>
                        </common:Annotation>
                    </common:Annotations>
                    <common:Name xml:lang="en">Division 4, NL</common:Name>
                    <common:Name xml:lang="fr">Division 4, NL</common:Name>
                    <structure:Parent>
                        <Ref id="CA10"/>
                    </structure:Parent>
                </structure:Code>
                <structure:Code id="CA1005">
                    <common:Annotations>
                        <common:Annotation>
                            <common:AnnotationType>ORDER</common:AnnotationType>
                            <common:AnnotationText xml:lang="en">1720</common:AnnotationText>
                            <common:AnnotationText xml:lang="fr">1720</common:AnnotationText>
                        </common:Annotation>
                    </common:Annotations>
                    <common:Name xml:lang="en">Division 5, NL</common:Name>
                    <common:Name xml:lang="fr">Division 5, NL</common:Name>
                    <structure:Parent>
                        <Ref id="CA10"/>
                    </structure:Parent>
                </structure:Code>
                <structure:Code id="CA1006">
                    <common:Annotations>
                        <common:Annotation>
                            <common:AnnotationType>ORDER</common:AnnotationType>
                            <common:AnnotationText xml:lang="en">1730</common:AnnotationText>
                            <common:AnnotationText xml:lang="fr">1730</common:AnnotationText>
                        </common:Annotation>
                    </common:Annotations>
                    <common:Name xml:lang="en">Division 6, NL</common:Name>
                    <common:Name xml:lang="fr">Division 6, NL</common:Name>
                    <structure:Parent>
                        <Ref id="CA10"/>
                    </structure:Parent>
                </structure:Code>
                <structure:Code id="CA1007">
                    <common:Annotations>
                        <common:Annotation>
                            <common:AnnotationType>ORDER</common:AnnotationType>
                            <common:AnnotationText xml:lang="en">1740</common:AnnotationText>
                            <common:AnnotationText xml:lang="fr">1740</common:AnnotationText>
                        </common:Annotation>
                    </common:Annotations>
                    <common:Name xml:lang="en">Division 7, NL</common:Name>
                    <common:Name xml:lang="fr">Division 7, NL</common:Name>
                    <structure:Parent>
                        <Ref id="CA10"/>
                    </structure:Parent>
                </structure:Code>
                <structure:Code id="CA1008">
                    <common:Annotations>
                        <common:Annotation>
                            <common:AnnotationType>ORDER</common:AnnotationType>
                            <common:AnnotationText xml:lang="en">1750</common:AnnotationText>
                            <common:AnnotationText xml:lang="fr">1750</common:AnnotationText>
                        </common:Annotation>
                    </common:Annotations>
                    <common:Name xml:lang="en">Division 8, NL</common:Name>
                    <common:Name xml:lang="fr">Division 8, NL</common:Name>
                    <structure:Parent>
                        <Ref id="CA10"/>
                    </structure:Parent>
                </structure:Code>
                <structure:Code id="CA1009">
                    <common:Annotations>
                        <common:Annotation>
                            <common:AnnotationType>ORDER</common:AnnotationType>
                            <common:AnnotationText xml:lang="en">1760</common:AnnotationText>
                            <common:AnnotationText xml:lang="fr">1760</common:AnnotationText>
                        </common:Annotation>
                    </common:Annotations>
                    <common:Name xml:lang="en">Division 9, NL</common:Name>
                    <common:Name xml:lang="fr">Division 9, NL</common:Name>
                    <structure:Parent>
                        <Ref id="CA10"/>
                    </structure:Parent>
                </structure:Code>
                <structure:Code id="CA1010">
                    <common:Annotations>
                        <common:Annotation>
                            <common:AnnotationType>ORDER</common:AnnotationType>
                            <common:AnnotationText xml:lang="en">1770</common:AnnotationText>
                            <common:AnnotationText xml:lang="fr">1770</common:AnnotationText>
                        </common:Annotation>
                    </common:Annotations>
                    <common:Name xml:lang="en">Division 10, NL</common:Name>
                    <common:Name xml:lang="fr">Division 10, NL</common:Name>
                    <structure:Parent>
                        <Ref id="CA10"/>
                    </structure:Parent>
                </structure:Code>
                <structure:Code id="CA1011">
                    <common:Annotations>
                        <common:Annotation>
                            <common:AnnotationType>ORDER</common:AnnotationType>
                            <common:AnnotationText xml:lang="en">1780</common:AnnotationText>
                            <common:AnnotationText xml:lang="fr">1780</common:AnnotationText>
                        </common:Annotation>
                    </common:Annotations>
                    <common:Name xml:lang="en">Division 11, NL</common:Name>
                    <common:Name xml:lang="fr">Division 11, NL</common:Name>
                    <structure:Parent>
                        <Ref id="CA10"/>
                    </structure:Parent>
                </structure:Code>
                <structure:Code id="CA11">
                    <common:Annotations>
                        <common:Annotation>
                            <common:AnnotationType>ORDER</common:AnnotationType>
                            <common:AnnotationText xml:lang="en">1790</common:AnnotationText>
                            <common:AnnotationText xml:lang="fr">1790</common:AnnotationText>
                        </common:Annotation>
                    </common:Annotations>
                    <common:Name xml:lang="en">Prince Edward Island</common:Name>
                    <common:Name xml:lang="fr">Prince Edward Island</common:Name>
                    <structure:Parent>
                        <Ref id="CAN"/>
                    </structure:Parent>
                </structure:Code>
                <structure:Code id="CA1110N">
                    <common:Annotations>
                        <common:Annotation>
                            <common:AnnotationType>ORDER</common:AnnotationType>
                            <common:AnnotationText xml:lang="en">1800</common:AnnotationText>
                            <common:AnnotationText xml:lang="fr">1800</common:AnnotationText>
                        </common:Annotation>
                    </common:Annotations>
                    <common:Name xml:lang="en">Prince Edward Island</common:Name>
                    <common:Name xml:lang="fr">Prince Edward Island</common:Name>
                    <structure:Parent>
                        <Ref id="CA11"/>
                    </structure:Parent>
                </structure:Code>
                <structure:Code id="CA1101">
                    <common:Annotations>
                        <common:Annotation>
                            <common:AnnotationType>ORDER</common:AnnotationType>
                            <common:AnnotationText xml:lang="en">1810</common:AnnotationText>
                            <common:AnnotationText xml:lang="fr">1810</common:AnnotationText>
                        </common:Annotation>
                    </common:Annotations>
                    <common:Name xml:lang="en">Kings, PE</common:Name>
                    <common:Name xml:lang="fr">Kings, PE</common:Name>
                    <structure:Parent>
                        <Ref id="CA11"/>
                    </structure:Parent>
                </structure:Code>
                <structure:Code id="CA1102">
                    <common:Annotations>
                        <common:Annotation>
                            <common:AnnotationType>ORDER</common:AnnotationType>
                            <common:AnnotationText xml:lang="en">1820</common:AnnotationText>
                            <common:AnnotationText xml:lang="fr">1820</common:AnnotationText>
                        </common:Annotation>
                    </common:Annotations>
                    <common:Name xml:lang="en">Queens, PE</common:Name>
                    <common:Name xml:lang="fr">Queens, PE</common:Name>
                    <structure:Parent>
                        <Ref id="CA11"/>
                    </structure:Parent>
                </structure:Code>
                <structure:Code id="CA1103">
                    <common:Annotations>
                        <common:Annotation>
                            <common:AnnotationType>ORDER</common:AnnotationType>
                            <common:AnnotationText xml:lang="en">1830</common:AnnotationText>
                            <common:AnnotationText xml:lang="fr">1830</common:AnnotationText>
                        </common:Annotation>
                    </common:Annotations>
                    <common:Name xml:lang="en">Prince, PE</common:Name>
                    <common:Name xml:lang="fr">Prince, PE</common:Name>
                    <structure:Parent>
                        <Ref id="CA11"/>
                    </structure:Parent>
                </structure:Code>
                <structure:Code id="CA12">
                    <common:Annotations>
                        <common:Annotation>
                            <common:AnnotationType>ORDER</common:AnnotationType>
                            <common:AnnotationText xml:lang="en">1840</common:AnnotationText>
                            <common:AnnotationText xml:lang="fr">1840</common:AnnotationText>
                        </common:Annotation>
                    </common:Annotations>
                    <common:Name xml:lang="en">Nova Scotia</common:Name>
                    <common:Name xml:lang="fr">Nova Scotia</common:Name>
                    <structure:Parent>
                        <Ref id="CAN"/>
                    </structure:Parent>
                </structure:Code>
                <structure:Code id="CA1210N">
                    <common:Annotations>
                        <common:Annotation>
                            <common:AnnotationType>ORDER</common:AnnotationType>
                            <common:AnnotationText xml:lang="en">1850</common:AnnotationText>
                            <common:AnnotationText xml:lang="fr">1850</common:AnnotationText>
                        </common:Annotation>
                    </common:Annotations>
                    <common:Name xml:lang="en">Cape Breton, Nova Scotia</common:Name>
                    <common:Name xml:lang="fr">Cape Breton, Nova Scotia</common:Name>
                    <structure:Parent>
                        <Ref id="CA12"/>
                    </structure:Parent>
                </structure:Code>
                <structure:Code id="CA1220N">
                    <common:Annotations>
                        <common:Annotation>
                            <common:AnnotationType>ORDER</common:AnnotationType>
                            <common:AnnotationText xml:lang="en">1860</common:AnnotationText>
                            <common:AnnotationText xml:lang="fr">1860</common:AnnotationText>
                        </common:Annotation>
                    </common:Annotations>
                    <common:Name xml:lang="en">North Shore, Nova Scotia</common:Name>
                    <common:Name xml:lang="fr">North Shore, Nova Scotia</common:Name>
                    <structure:Parent>
                        <Ref id="CA12"/>
                    </structure:Parent>
                </structure:Code>
                <structure:Code id="CA1230N">
                    <common:Annotations>
                        <common:Annotation>
                            <common:AnnotationType>ORDER</common:AnnotationType>
                            <common:AnnotationText xml:lang="en">1870</common:AnnotationText>
                            <common:AnnotationText xml:lang="fr">1870</common:AnnotationText>
                        </common:Annotation>
                    </common:Annotations>
                    <common:Name xml:lang="en">Annapolis Valley, Nova Scotia</common:Name>
                    <common:Name xml:lang="fr">Annapolis Valley, Nova Scotia</common:Name>
                    <structure:Parent>
                        <Ref id="CA12"/>
                    </structure:Parent>
                </structure:Code>
                <structure:Code id="CA1240N">
                    <common:Annotations>
                        <common:Annotation>
                            <common:AnnotationType>ORDER</common:AnnotationType>
                            <common:AnnotationText xml:lang="en">1880</common:AnnotationText>
                            <common:AnnotationText xml:lang="fr">1880</common:AnnotationText>
                        </common:Annotation>
                    </common:Annotations>
                    <common:Name xml:lang="en">Southern, Nova Scotia</common:Name>
                    <common:Name xml:lang="fr">Southern, Nova Scotia</common:Name>
                    <structure:Parent>
                        <Ref id="CA12"/>
                    </structure:Parent>
                </structure:Code>
                <structure:Code id="CA1250N">
                    <common:Annotations>
                        <common:Annotation>
                            <common:AnnotationType>ORDER</common:AnnotationType>
                            <common:AnnotationText xml:lang="en">1890</common:AnnotationText>
                            <common:AnnotationText xml:lang="fr">1890</common:AnnotationText>
                        </common:Annotation>
                    </common:Annotations>
                    <common:Name xml:lang="en">Halifax, Nova Scotia</common:Name>
                    <common:Name xml:lang="fr">Halifax, Nova Scotia</common:Name>
                    <structure:Parent>
                        <Ref id="CA12"/>
                    </structure:Parent>
                </structure:Code>
                <structure:Code id="CA1201">
                    <common:Annotations>
                        <common:Annotation>
                            <common:AnnotationType>ORDER</common:AnnotationType>
                            <common:AnnotationText xml:lang="en">1900</common:AnnotationText>
                            <common:AnnotationText xml:lang="fr">1900</common:AnnotationText>
                        </common:Annotation>
                    </common:Annotations>
                    <common:Name xml:lang="en">Shelburne, NS</common:Name>
                    <common:Name xml:lang="fr">Shelburne, NS</common:Name>
                    <structure:Parent>
                        <Ref id="CA12"/>
                    </structure:Parent>
                </structure:Code>
                <structure:Code id="CA1202">
                    <common:Annotations>
                        <common:Annotation>
                            <common:AnnotationType>ORDER</common:AnnotationType>
                            <common:AnnotationText xml:lang="en">1910</common:AnnotationText>
                            <common:AnnotationText xml:lang="fr">1910</common:AnnotationText>
                        </common:Annotation>
                    </common:Annotations>
                    <common:Name xml:lang="en">Yarmouth, NS</common:Name>
                    <common:Name xml:lang="fr">Yarmouth, NS</common:Name>
                    <structure:Parent>
                        <Ref id="CA12"/>
                    </structure:Parent>
                </structure:Code>
                <structure:Code id="CA1203">
                    <common:Annotations>
                        <common:Annotation>
                            <common:AnnotationType>ORDER</common:AnnotationType>
                            <common:AnnotationText xml:lang="en">1920</common:AnnotationText>
                            <common:AnnotationText xml:lang="fr">1920</common:AnnotationText>
                        </common:Annotation>
                    </common:Annotations>
                    <common:Name xml:lang="en">Digby, NS</common:Name>
                    <common:Name xml:lang="fr">Digby, NS</common:Name>
                    <structure:Parent>
                        <Ref id="CA12"/>
                    </structure:Parent>
                </structure:Code>
                <structure:Code id="CA1204">
                    <common:Annotations>
                        <common:Annotation>
                            <common:AnnotationType>ORDER</common:AnnotationType>
                            <common:AnnotationText xml:lang="en">1930</common:AnnotationText>
                            <common:AnnotationText xml:lang="fr">1930</common:AnnotationText>
                        </common:Annotation>
                    </common:Annotations>
                    <common:Name xml:lang="en">Queens, NS</common:Name>
                    <common:Name xml:lang="fr">Queens, NS</common:Name>
                    <structure:Parent>
                        <Ref id="CA12"/>
                    </structure:Parent>
                </structure:Code>
                <structure:Code id="CA1205">
                    <common:Annotations>
                        <common:Annotation>
                            <common:AnnotationType>ORDER</common:AnnotationType>
                            <common:AnnotationText xml:lang="en">1940</common:AnnotationText>
                            <common:AnnotationText xml:lang="fr">1940</common:AnnotationText>
                        </common:Annotation>
                    </common:Annotations>
                    <common:Name xml:lang="en">Annapolis, NS</common:Name>
                    <common:Name xml:lang="fr">Annapolis, NS</common:Name>
                    <structure:Parent>
                        <Ref id="CA12"/>
                    </structure:Parent>
                </structure:Code>
                <structure:Code id="CA1206">
                    <common:Annotations>
                        <common:Annotation>
                            <common:AnnotationType>ORDER</common:AnnotationType>
                            <common:AnnotationText xml:lang="en">1950</common:AnnotationText>
                            <common:AnnotationText xml:lang="fr">1950</common:AnnotationText>
                        </common:Annotation>
                    </common:Annotations>
                    <common:Name xml:lang="en">Lunenburg, NS</common:Name>
                    <common:Name xml:lang="fr">Lunenburg, NS</common:Name>
                    <structure:Parent>
                        <Ref id="CA12"/>
                    </structure:Parent>
                </structure:Code>
                <structure:Code id="CA1207">
                    <common:Annotations>
                        <common:Annotation>
                            <common:AnnotationType>ORDER</common:AnnotationType>
                            <common:AnnotationText xml:lang="en">1960</common:AnnotationText>
                            <common:AnnotationText xml:lang="fr">1960</common:AnnotationText>
                        </common:Annotation>
                    </common:Annotations>
                    <common:Name xml:lang="en">Kings, NS</common:Name>
                    <common:Name xml:lang="fr">Kings, NS</common:Name>
                    <structure:Parent>
                        <Ref id="CA12"/>
                    </structure:Parent>
                </structure:Code>
                <structure:Code id="CA1208">
                    <common:Annotations>
                        <common:Annotation>
                            <common:AnnotationType>ORDER</common:AnnotationType>
                            <common:AnnotationText xml:lang="en">1970</common:AnnotationText>
                            <common:AnnotationText xml:lang="fr">1970</common:AnnotationText>
                        </common:Annotation>
                    </common:Annotations>
                    <common:Name xml:lang="en">Hants, NS</common:Name>
                    <common:Name xml:lang="fr">Hants, NS</common:Name>
                    <structure:Parent>
                        <Ref id="CA12"/>
                    </structure:Parent>
                </structure:Code>
                <structure:Code id="CA1209">
                    <common:Annotations>
                        <common:Annotation>
                            <common:AnnotationType>ORDER</common:AnnotationType>
                            <common:AnnotationText xml:lang="en">1980</common:AnnotationText>
                            <common:AnnotationText xml:lang="fr">1980</common:AnnotationText>
                        </common:Annotation>
                    </common:Annotations>
                    <common:Name xml:lang="en">Halifax, NS</common:Name>
                    <common:Name xml:lang="fr">Halifax, NS</common:Name>
                    <structure:Parent>
                        <Ref id="CA12"/>
                    </structure:Parent>
                </structure:Code>
                <structure:Code id="CA1210">
                    <common:Annotations>
                        <common:Annotation>
                            <common:AnnotationType>ORDER</common:AnnotationType>
                            <common:AnnotationText xml:lang="en">1990</common:AnnotationText>
                            <common:AnnotationText xml:lang="fr">1990</common:AnnotationText>
                        </common:Annotation>
                    </common:Annotations>
                    <common:Name xml:lang="en">Colchester, NS</common:Name>
                    <common:Name xml:lang="fr">Colchester, NS</common:Name>
                    <structure:Parent>
                        <Ref id="CA12"/>
                    </structure:Parent>
                </structure:Code>
                <structure:Code id="CA1211">
                    <common:Annotations>
                        <common:Annotation>
                            <common:AnnotationType>ORDER</common:AnnotationType>
                            <common:AnnotationText xml:lang="en">2000</common:AnnotationText>
                            <common:AnnotationText xml:lang="fr">2000</common:AnnotationText>
                        </common:Annotation>
                    </common:Annotations>
                    <common:Name xml:lang="en">Cumberland, NS</common:Name>
                    <common:Name xml:lang="fr">Cumberland, NS</common:Name>
                    <structure:Parent>
                        <Ref id="CA12"/>
                    </structure:Parent>
                </structure:Code>
                <structure:Code id="CA1212">
                    <common:Annotations>
                        <common:Annotation>
                            <common:AnnotationType>ORDER</common:AnnotationType>
                            <common:AnnotationText xml:lang="en">2010</common:AnnotationText>
                            <common:AnnotationText xml:lang="fr">2010</common:AnnotationText>
                        </common:Annotation>
                    </common:Annotations>
                    <common:Name xml:lang="en">Pictou, NS</common:Name>
                    <common:Name xml:lang="fr">Pictou, NS</common:Name>
                    <structure:Parent>
                        <Ref id="CA12"/>
                    </structure:Parent>
                </structure:Code>
                <structure:Code id="CA1213">
                    <common:Annotations>
                        <common:Annotation>
                            <common:AnnotationType>ORDER</common:AnnotationType>
                            <common:AnnotationText xml:lang="en">2020</common:AnnotationText>
                            <common:AnnotationText xml:lang="fr">2020</common:AnnotationText>
                        </common:Annotation>
                    </common:Annotations>
                    <common:Name xml:lang="en">Guysborough, NS</common:Name>
                    <common:Name xml:lang="fr">Guysborough, NS</common:Name>
                    <structure:Parent>
                        <Ref id="CA12"/>
                    </structure:Parent>
                </structure:Code>
                <structure:Code id="CA1214">
                    <common:Annotations>
                        <common:Annotation>
                            <common:AnnotationType>ORDER</common:AnnotationType>
                            <common:AnnotationText xml:lang="en">2030</common:AnnotationText>
                            <common:AnnotationText xml:lang="fr">2030</common:AnnotationText>
                        </common:Annotation>
                    </common:Annotations>
                    <common:Name xml:lang="en">Antigonish, NS</common:Name>
                    <common:Name xml:lang="fr">Antigonish, NS</common:Name>
                    <structure:Parent>
                        <Ref id="CA12"/>
                    </structure:Parent>
                </structure:Code>
                <structure:Code id="CA1215">
                    <common:Annotations>
                        <common:Annotation>
                            <common:AnnotationType>ORDER</common:AnnotationType>
                            <common:AnnotationText xml:lang="en">2040</common:AnnotationText>
                            <common:AnnotationText xml:lang="fr">2040</common:AnnotationText>
                        </common:Annotation>
                    </common:Annotations>
                    <common:Name xml:lang="en">Inverness, NS</common:Name>
                    <common:Name xml:lang="fr">Inverness, NS</common:Name>
                    <structure:Parent>
                        <Ref id="CA12"/>
                    </structure:Parent>
                </structure:Code>
                <structure:Code id="CA1216">
                    <common:Annotations>
                        <common:Annotation>
                            <common:AnnotationType>ORDER</common:AnnotationType>
                            <common:AnnotationText xml:lang="en">2050</common:AnnotationText>
                            <common:AnnotationText xml:lang="fr">2050</common:AnnotationText>
                        </common:Annotation>
                    </common:Annotations>
                    <common:Name xml:lang="en">Richmond, NS</common:Name>
                    <common:Name xml:lang="fr">Richmond, NS</common:Name>
                    <structure:Parent>
                        <Ref id="CA12"/>
                    </structure:Parent>
                </structure:Code>
                <structure:Code id="CA1217">
                    <common:Annotations>
                        <common:Annotation>
                            <common:AnnotationType>ORDER</common:AnnotationType>
                            <common:AnnotationText xml:lang="en">2060</common:AnnotationText>
                            <common:AnnotationText xml:lang="fr">2060</common:AnnotationText>
                        </common:Annotation>
                    </common:Annotations>
                    <common:Name xml:lang="en">Cape Breton, NS</common:Name>
                    <common:Name xml:lang="fr">Cape Breton, NS</common:Name>
                    <structure:Parent>
                        <Ref id="CA12"/>
                    </structure:Parent>
                </structure:Code>
                <structure:Code id="CA1218">
                    <common:Annotations>
                        <common:Annotation>
                            <common:AnnotationType>ORDER</common:AnnotationType>
                            <common:AnnotationText xml:lang="en">2070</common:AnnotationText>
                            <common:AnnotationText xml:lang="fr">2070</common:AnnotationText>
                        </common:Annotation>
                    </common:Annotations>
                    <common:Name xml:lang="en">Victoria, NS</common:Name>
                    <common:Name xml:lang="fr">Victoria, NS</common:Name>
                    <structure:Parent>
                        <Ref id="CA12"/>
                    </structure:Parent>
                </structure:Code>
                <structure:Code id="CA13">
                    <common:Annotations>
                        <common:Annotation>
                            <common:AnnotationType>ORDER</common:AnnotationType>
                            <common:AnnotationText xml:lang="en">2080</common:AnnotationText>
                            <common:AnnotationText xml:lang="fr">2080</common:AnnotationText>
                        </common:Annotation>
                    </common:Annotations>
                    <common:Name xml:lang="en">New Brunswick</common:Name>
                    <common:Name xml:lang="fr">New Brunswick</common:Name>
                    <structure:Parent>
                        <Ref id="CAN"/>
                    </structure:Parent>
                </structure:Code>
                <structure:Code id="CA1310N">
                    <common:Annotations>
                        <common:Annotation>
                            <common:AnnotationType>ORDER</common:AnnotationType>
                            <common:AnnotationText xml:lang="en">2090</common:AnnotationText>
                            <common:AnnotationText xml:lang="fr">2090</common:AnnotationText>
                        </common:Annotation>
                    </common:Annotations>
                    <common:Name xml:lang="en">Campbellton-Miramichi, New Brunswick</common:Name>
                    <common:Name xml:lang="fr">Campbellton-Miramichi, New Brunswick</common:Name>
                    <structure:Parent>
                        <Ref id="CA13"/>
                    </structure:Parent>
                </structure:Code>
                <structure:Code id="CA1320N">
                    <common:Annotations>
                        <common:Annotation>
                            <common:AnnotationType>ORDER</common:AnnotationType>
                            <common:AnnotationText xml:lang="en">2100</common:AnnotationText>
                            <common:AnnotationText xml:lang="fr">2100</common:AnnotationText>
                        </common:Annotation>
                    </common:Annotations>
                    <common:Name xml:lang="en">Moncton-Richibucto, New Brunswick</common:Name>
                    <common:Name xml:lang="fr">Moncton-Richibucto, New Brunswick</common:Name>
                    <structure:Parent>
                        <Ref id="CA13"/>
                    </structure:Parent>
                </structure:Code>
                <structure:Code id="CA1330N">
                    <common:Annotations>
                        <common:Annotation>
                            <common:AnnotationType>ORDER</common:AnnotationType>
                            <common:AnnotationText xml:lang="en">2110</common:AnnotationText>
                            <common:AnnotationText xml:lang="fr">2110</common:AnnotationText>
                        </common:Annotation>
                    </common:Annotations>
                    <common:Name xml:lang="en">Saint John-St. Stephen, New Brunswick</common:Name>
                    <common:Name xml:lang="fr">Saint John-St. Stephen, New Brunswick</common:Name>
                    <structure:Parent>
                        <Ref id="CA13"/>
                    </structure:Parent>
                </structure:Code>
                <structure:Code id="CA1340N">
                    <common:Annotations>
                        <common:Annotation>
                            <common:AnnotationType>ORDER</common:AnnotationType>
                            <common:AnnotationText xml:lang="en">2120</common:AnnotationText>
                            <common:AnnotationText xml:lang="fr">2120</common:AnnotationText>
                        </common:Annotation>
                    </common:Annotations>
                    <common:Name xml:lang="en">Fredericton-Oromocto, New Brunswick</common:Name>
                    <common:Name xml:lang="fr">Fredericton-Oromocto, New Brunswick</common:Name>
                    <structure:Parent>
                        <Ref id="CA13"/>
                    </structure:Parent>
                </structure:Code>
                <structure:Code id="CA1350N">
                    <common:Annotations>
                        <common:Annotation>
                            <common:AnnotationType>ORDER</common:AnnotationType>
                            <common:AnnotationText xml:lang="en">2130</common:AnnotationText>
                            <common:AnnotationText xml:lang="fr">2130</common:AnnotationText>
                        </common:Annotation>
                    </common:Annotations>
                    <common:Name xml:lang="en">Edmundston-Woodstock, New Brunswick</common:Name>
                    <common:Name xml:lang="fr">Edmundston-Woodstock, New Brunswick</common:Name>
                    <structure:Parent>
                        <Ref id="CA13"/>
                    </structure:Parent>
                </structure:Code>
                <structure:Code id="CA1301">
                    <common:Annotations>
                        <common:Annotation>
                            <common:AnnotationType>ORDER</common:AnnotationType>
                            <common:AnnotationText xml:lang="en">2140</common:AnnotationText>
                            <common:AnnotationText xml:lang="fr">2140</common:AnnotationText>
                        </common:Annotation>
                    </common:Annotations>
                    <common:Name xml:lang="en">Saint John, NB</common:Name>
                    <common:Name xml:lang="fr">Saint John, NB</common:Name>
                    <structure:Parent>
                        <Ref id="CA13"/>
                    </structure:Parent>
                </structure:Code>
                <structure:Code id="CA1302">
                    <common:Annotations>
                        <common:Annotation>
                            <common:AnnotationType>ORDER</common:AnnotationType>
                            <common:AnnotationText xml:lang="en">2150</common:AnnotationText>
                            <common:AnnotationText xml:lang="fr">2150</common:AnnotationText>
                        </common:Annotation>
                    </common:Annotations>
                    <common:Name xml:lang="en">Charlotte, NB</common:Name>
                    <common:Name xml:lang="fr">Charlotte, NB</common:Name>
                    <structure:Parent>
                        <Ref id="CA13"/>
                    </structure:Parent>
                </structure:Code>
                <structure:Code id="CA1303">
                    <common:Annotations>
                        <common:Annotation>
                            <common:AnnotationType>ORDER</common:AnnotationType>
                            <common:AnnotationText xml:lang="en">2160</common:AnnotationText>
                            <common:AnnotationText xml:lang="fr">2160</common:AnnotationText>
                        </common:Annotation>
                    </common:Annotations>
                    <common:Name xml:lang="en">Sunbury, NB</common:Name>
                    <common:Name xml:lang="fr">Sunbury, NB</common:Name>
                    <structure:Parent>
                        <Ref id="CA13"/>
                    </structure:Parent>
                </structure:Code>
                <structure:Code id="CA1304">
                    <common:Annotations>
                        <common:Annotation>
                            <common:AnnotationType>ORDER</common:AnnotationType>
                            <common:AnnotationText xml:lang="en">2170</common:AnnotationText>
                            <common:AnnotationText xml:lang="fr">2170</common:AnnotationText>
                        </common:Annotation>
                    </common:Annotations>
                    <common:Name xml:lang="en">Queens, NB</common:Name>
                    <common:Name xml:lang="fr">Queens, NB</common:Name>
                    <structure:Parent>
                        <Ref id="CA13"/>
                    </structure:Parent>
                </structure:Code>
                <structure:Code id="CA1305">
                    <common:Annotations>
                        <common:Annotation>
                            <common:AnnotationType>ORDER</common:AnnotationType>
                            <common:AnnotationText xml:lang="en">2180</common:AnnotationText>
                            <common:AnnotationText xml:lang="fr">2180</common:AnnotationText>
                        </common:Annotation>
                    </common:Annotations>
                    <common:Name xml:lang="en">Kings, NB</common:Name>
                    <common:Name xml:lang="fr">Kings, NB</common:Name>
                    <structure:Parent>
                        <Ref id="CA13"/>
                    </structure:Parent>
                </structure:Code>
                <structure:Code id="CA1306">
                    <common:Annotations>
                        <common:Annotation>
                            <common:AnnotationType>ORDER</common:AnnotationType>
                            <common:AnnotationText xml:lang="en">2190</common:AnnotationText>
                            <common:AnnotationText xml:lang="fr">2190</common:AnnotationText>
                        </common:Annotation>
                    </common:Annotations>
                    <common:Name xml:lang="en">Albert, NB</common:Name>
                    <common:Name xml:lang="fr">Albert, NB</common:Name>
                    <structure:Parent>
                        <Ref id="CA13"/>
                    </structure:Parent>
                </structure:Code>
                <structure:Code id="CA1307">
                    <common:Annotations>
                        <common:Annotation>
                            <common:AnnotationType>ORDER</common:AnnotationType>
                            <common:AnnotationText xml:lang="en">2200</common:AnnotationText>
                            <common:AnnotationText xml:lang="fr">2200</common:AnnotationText>
                        </common:Annotation>
                    </common:Annotations>
                    <common:Name xml:lang="en">Westmorland, NB</common:Name>
                    <common:Name xml:lang="fr">Westmorland, NB</common:Name>
                    <structure:Parent>
                        <Ref id="CA13"/>
                    </structure:Parent>
                </structure:Code>
                <structure:Code id="CA1308">
                    <common:Annotations>
                        <common:Annotation>
                            <common:AnnotationType>ORDER</common:AnnotationType>
                            <common:AnnotationText xml:lang="en">2210</common:AnnotationText>
                            <common:AnnotationText xml:lang="fr">2210</common:AnnotationText>
                        </common:Annotation>
                    </common:Annotations>
                    <common:Name xml:lang="en">Kent, NB</common:Name>
                    <common:Name xml:lang="fr">Kent, NB</common:Name>
                    <structure:Parent>
                        <Ref id="CA13"/>
                    </structure:Parent>
                </structure:Code>
                <structure:Code id="CA1309">
                    <common:Annotations>
                        <common:Annotation>
                            <common:AnnotationType>ORDER</common:AnnotationType>
                            <common:AnnotationText xml:lang="en">2220</common:AnnotationText>
                            <common:AnnotationText xml:lang="fr">2220</common:AnnotationText>
                        </common:Annotation>
                    </common:Annotations>
                    <common:Name xml:lang="en">Northumberland, NB</common:Name>
                    <common:Name xml:lang="fr">Northumberland, NB</common:Name>
                    <structure:Parent>
                        <Ref id="CA13"/>
                    </structure:Parent>
                </structure:Code>
                <structure:Code id="CA1310">
                    <common:Annotations>
                        <common:Annotation>
                            <common:AnnotationType>ORDER</common:AnnotationType>
                            <common:AnnotationText xml:lang="en">2230</common:AnnotationText>
                            <common:AnnotationText xml:lang="fr">2230</common:AnnotationText>
                        </common:Annotation>
                    </common:Annotations>
                    <common:Name xml:lang="en">York, NB</common:Name>
                    <common:Name xml:lang="fr">York, NB</common:Name>
                    <structure:Parent>
                        <Ref id="CA13"/>
                    </structure:Parent>
                </structure:Code>
                <structure:Code id="CA1311">
                    <common:Annotations>
                        <common:Annotation>
                            <common:AnnotationType>ORDER</common:AnnotationType>
                            <common:AnnotationText xml:lang="en">2240</common:AnnotationText>
                            <common:AnnotationText xml:lang="fr">2240</common:AnnotationText>
                        </common:Annotation>
                    </common:Annotations>
                    <common:Name xml:lang="en">Carleton, NB</common:Name>
                    <common:Name xml:lang="fr">Carleton, NB</common:Name>
                    <structure:Parent>
                        <Ref id="CA13"/>
                    </structure:Parent>
                </structure:Code>
                <structure:Code id="CA1312">
                    <common:Annotations>
                        <common:Annotation>
                            <common:AnnotationType>ORDER</common:AnnotationType>
                            <common:AnnotationText xml:lang="en">2250</common:AnnotationText>
                            <common:AnnotationText xml:lang="fr">2250</common:AnnotationText>
                        </common:Annotation>
                    </common:Annotations>
                    <common:Name xml:lang="en">Victoria, NB</common:Name>
                    <common:Name xml:lang="fr">Victoria, NB</common:Name>
                    <structure:Parent>
                        <Ref id="CA13"/>
                    </structure:Parent>
                </structure:Code>
                <structure:Code id="CA1313">
                    <common:Annotations>
                        <common:Annotation>
                            <common:AnnotationType>ORDER</common:AnnotationType>
                            <common:AnnotationText xml:lang="en">2260</common:AnnotationText>
                            <common:AnnotationText xml:lang="fr">2260</common:AnnotationText>
                        </common:Annotation>
                    </common:Annotations>
                    <common:Name xml:lang="en">Madawaska County, NB</common:Name>
                    <common:Name xml:lang="fr">Madawaska County, NB</common:Name>
                    <structure:Parent>
                        <Ref id="CA13"/>
                    </structure:Parent>
                </structure:Code>
                <structure:Code id="CA1314">
                    <common:Annotations>
                        <common:Annotation>
                            <common:AnnotationType>ORDER</common:AnnotationType>
                            <common:AnnotationText xml:lang="en">2270</common:AnnotationText>
                            <common:AnnotationText xml:lang="fr">2270</common:AnnotationText>
                        </common:Annotation>
                    </common:Annotations>
                    <common:Name xml:lang="en">Restigouche County, NB</common:Name>
                    <common:Name xml:lang="fr">Restigouche County, NB</common:Name>
                    <structure:Parent>
                        <Ref id="CA13"/>
                    </structure:Parent>
                </structure:Code>
                <structure:Code id="CA1315">
                    <common:Annotations>
                        <common:Annotation>
                            <common:AnnotationType>ORDER</common:AnnotationType>
                            <common:AnnotationText xml:lang="en">2280</common:AnnotationText>
                            <common:AnnotationText xml:lang="fr">2280</common:AnnotationText>
                        </common:Annotation>
                    </common:Annotations>
                    <common:Name xml:lang="en">Gloucester County, NB</common:Name>
                    <common:Name xml:lang="fr">Gloucester County, NB</common:Name>
                    <structure:Parent>
                        <Ref id="CA13"/>
                    </structure:Parent>
                </structure:Code>
                <structure:Code id="CA24">
                    <common:Annotations>
                        <common:Annotation>
                            <common:AnnotationType>ORDER</common:AnnotationType>
                            <common:AnnotationText xml:lang="en">2290</common:AnnotationText>
                            <common:AnnotationText xml:lang="fr">2290</common:AnnotationText>
                        </common:Annotation>
                    </common:Annotations>
                    <common:Name xml:lang="en">Quebec</common:Name>
                    <common:Name xml:lang="fr">Quebec</common:Name>
                    <structure:Parent>
                        <Ref id="CAN"/>
                    </structure:Parent>
                </structure:Code>
                <structure:Code id="CA2410N">
                    <common:Annotations>
                        <common:Annotation>
                            <common:AnnotationType>ORDER</common:AnnotationType>
                            <common:AnnotationText xml:lang="en">2300</common:AnnotationText>
                            <common:AnnotationText xml:lang="fr">2300</common:AnnotationText>
                        </common:Annotation>
                    </common:Annotations>
                    <common:Name xml:lang="en">Gaspésie-Îles-de-la-Madeleine, Quebec</common:Name>
                    <common:Name xml:lang="fr">Gaspésie-Îles-de-la-Madeleine, Quebec</common:Name>
                    <structure:Parent>
                        <Ref id="CA24"/>
                    </structure:Parent>
                </structure:Code>
                <structure:Code id="CA2415N">
                    <common:Annotations>
                        <common:Annotation>
                            <common:AnnotationType>ORDER</common:AnnotationType>
                            <common:AnnotationText xml:lang="en">2310</common:AnnotationText>
                            <common:AnnotationText xml:lang="fr">2310</common:AnnotationText>
                        </common:Annotation>
                    </common:Annotations>
                    <common:Name xml:lang="en">Bas-Saint-Laurent, Quebec</common:Name>
                    <common:Name xml:lang="fr">Bas-Saint-Laurent, Quebec</common:Name>
                    <structure:Parent>
                        <Ref id="CA24"/>
                    </structure:Parent>
                </structure:Code>
                <structure:Code id="CA2420N">
                    <common:Annotations>
                        <common:Annotation>
                            <common:AnnotationType>ORDER</common:AnnotationType>
                            <common:AnnotationText xml:lang="en">2320</common:AnnotationText>
                            <common:AnnotationText xml:lang="fr">2320</common:AnnotationText>
                        </common:Annotation>
                    </common:Annotations>
                    <common:Name xml:lang="en">Capitale-Nationale, Quebec</common:Name>
                    <common:Name xml:lang="fr">Capitale-Nationale, Quebec</common:Name>
                    <structure:Parent>
                        <Ref id="CA24"/>
                    </structure:Parent>
                </structure:Code>
                <structure:Code id="CA2425N">
                    <common:Annotations>
                        <common:Annotation>
                            <common:AnnotationType>ORDER</common:AnnotationType>
                            <common:AnnotationText xml:lang="en">2330</common:AnnotationText>
                            <common:AnnotationText xml:lang="fr">2330</common:AnnotationText>
                        </common:Annotation>
                    </common:Annotations>
                    <common:Name xml:lang="en">Chaudière-Appalaches, Quebec</common:Name>
                    <common:Name xml:lang="fr">Chaudière-Appalaches, Quebec</common:Name>
                    <structure:Parent>
                        <Ref id="CA24"/>
                    </structure:Parent>
                </structure:Code>
                <structure:Code id="CA2430N">
                    <common:Annotations>
                        <common:Annotation>
                            <common:AnnotationType>ORDER</common:AnnotationType>
                            <common:AnnotationText xml:lang="en">2340</common:AnnotationText>
                            <common:AnnotationText xml:lang="fr">2340</common:AnnotationText>
                        </common:Annotation>
                    </common:Annotations>
                    <common:Name xml:lang="en">Estrie, Quebec</common:Name>
                    <common:Name xml:lang="fr">Estrie, Quebec</common:Name>
                    <structure:Parent>
                        <Ref id="CA24"/>
                    </structure:Parent>
                </structure:Code>
                <structure:Code id="CA2433N">
                    <common:Annotations>
                        <common:Annotation>
                            <common:AnnotationType>ORDER</common:AnnotationType>
                            <common:AnnotationText xml:lang="en">2350</common:AnnotationText>
                            <common:AnnotationText xml:lang="fr">2350</common:AnnotationText>
                        </common:Annotation>
                    </common:Annotations>
                    <common:Name xml:lang="en">Centre-du-Québec, Quebec</common:Name>
                    <common:Name xml:lang="fr">Centre-du-Québec, Quebec</common:Name>
                    <structure:Parent>
                        <Ref id="CA24"/>
                    </structure:Parent>
                </structure:Code>
                <structure:Code id="CA2435N">
                    <common:Annotations>
                        <common:Annotation>
                            <common:AnnotationType>ORDER</common:AnnotationType>
                            <common:AnnotationText xml:lang="en">2360</common:AnnotationText>
                            <common:AnnotationText xml:lang="fr">2360</common:AnnotationText>
                        </common:Annotation>
                    </common:Annotations>
                    <common:Name xml:lang="en">Montérégie, Quebec</common:Name>
                    <common:Name xml:lang="fr">Montérégie, Quebec</common:Name>
                    <structure:Parent>
                        <Ref id="CA24"/>
                    </structure:Parent>
                </structure:Code>
                <structure:Code id="CA2440N">
                    <common:Annotations>
                        <common:Annotation>
                            <common:AnnotationType>ORDER</common:AnnotationType>
                            <common:AnnotationText xml:lang="en">2370</common:AnnotationText>
                            <common:AnnotationText xml:lang="fr">2370</common:AnnotationText>
                        </common:Annotation>
                    </common:Annotations>
                    <common:Name xml:lang="en">Montréal, Quebec</common:Name>
                    <common:Name xml:lang="fr">Montréal, Quebec</common:Name>
                    <structure:Parent>
                        <Ref id="CA24"/>
                    </structure:Parent>
                </structure:Code>
                <structure:Code id="CA2445N">
                    <common:Annotations>
                        <common:Annotation>
                            <common:AnnotationType>ORDER</common:AnnotationType>
                            <common:AnnotationText xml:lang="en">2380</common:AnnotationText>
                            <common:AnnotationText xml:lang="fr">2380</common:AnnotationText>
                        </common:Annotation>
                    </common:Annotations>
                    <common:Name xml:lang="en">Laval, Quebec</common:Name>
                    <common:Name xml:lang="fr">Laval, Quebec</common:Name>
                    <structure:Parent>
                        <Ref id="CA24"/>
                    </structure:Parent>
                </structure:Code>
                <structure:Code id="CA2450N">
                    <common:Annotations>
                        <common:Annotation>
                            <common:AnnotationType>ORDER</common:AnnotationType>
                            <common:AnnotationText xml:lang="en">2390</common:AnnotationText>
                            <common:AnnotationText xml:lang="fr">2390</common:AnnotationText>
                        </common:Annotation>
                    </common:Annotations>
                    <common:Name xml:lang="en">Lanaudière, Quebec</common:Name>
                    <common:Name xml:lang="fr">Lanaudière, Quebec</common:Name>
                    <structure:Parent>
                        <Ref id="CA24"/>
                    </structure:Parent>
                </structure:Code>
                <structure:Code id="CA2455N">
                    <common:Annotations>
                        <common:Annotation>
                            <common:AnnotationType>ORDER</common:AnnotationType>
                            <common:AnnotationText xml:lang="en">2400</common:AnnotationText>
                            <common:AnnotationText xml:lang="fr">2400</common:AnnotationText>
                        </common:Annotation>
                    </common:Annotations>
                    <common:Name xml:lang="en">Laurentides, Quebec</common:Name>
                    <common:Name xml:lang="fr">Laurentides, Quebec</common:Name>
                    <structure:Parent>
                        <Ref id="CA24"/>
                    </structure:Parent>
                </structure:Code>
                <structure:Code id="CA2460N">
                    <common:Annotations>
                        <common:Annotation>
                            <common:AnnotationType>ORDER</common:AnnotationType>
                            <common:AnnotationText xml:lang="en">2410</common:AnnotationText>
                            <common:AnnotationText xml:lang="fr">2410</common:AnnotationText>
                        </common:Annotation>
                    </common:Annotations>
                    <common:Name xml:lang="en">Outaouais, Quebec</common:Name>
                    <common:Name xml:lang="fr">Outaouais, Quebec</common:Name>
                    <structure:Parent>
                        <Ref id="CA24"/>
                    </structure:Parent>
                </structure:Code>
                <structure:Code id="CA2465N">
                    <common:Annotations>
                        <common:Annotation>
                            <common:AnnotationType>ORDER</common:AnnotationType>
                            <common:AnnotationText xml:lang="en">2420</common:AnnotationText>
                            <common:AnnotationText xml:lang="fr">2420</common:AnnotationText>
                        </common:Annotation>
                    </common:Annotations>
                    <common:Name xml:lang="en">Abitibi-Témiscamingue, Quebec</common:Name>
                    <common:Name xml:lang="fr">Abitibi-Témiscamingue, Quebec</common:Name>
                    <structure:Parent>
                        <Ref id="CA24"/>
                    </structure:Parent>
                </structure:Code>
                <structure:Code id="CA2470N">
                    <common:Annotations>
                        <common:Annotation>
                            <common:AnnotationType>ORDER</common:AnnotationType>
                            <common:AnnotationText xml:lang="en">2430</common:AnnotationText>
                            <common:AnnotationText xml:lang="fr">2430</common:AnnotationText>
                        </common:Annotation>
                    </common:Annotations>
                    <common:Name xml:lang="en">Mauricie, Quebec</common:Name>
                    <common:Name xml:lang="fr">Mauricie, Quebec</common:Name>
                    <structure:Parent>
                        <Ref id="CA24"/>
                    </structure:Parent>
                </structure:Code>
                <structure:Code id="CA2475N">
                    <common:Annotations>
                        <common:Annotation>
                            <common:AnnotationType>ORDER</common:AnnotationType>
                            <common:AnnotationText xml:lang="en">2440</common:AnnotationText>
                            <common:AnnotationText xml:lang="fr">2440</common:AnnotationText>
                        </common:Annotation>
                    </common:Annotations>
                    <common:Name xml:lang="en">Saguenay-Lac-Saint-Jean, Quebec</common:Name>
                    <common:Name xml:lang="fr">Saguenay-Lac-Saint-Jean, Quebec</common:Name>
                    <structure:Parent>
                        <Ref id="CA24"/>
                    </structure:Parent>
                </structure:Code>
                <structure:Code id="CA2480N">
                    <common:Annotations>
                        <common:Annotation>
                            <common:AnnotationType>ORDER</common:AnnotationType>
                            <common:AnnotationText xml:lang="en">2450</common:AnnotationText>
                            <common:AnnotationText xml:lang="fr">2450</common:AnnotationText>
                        </common:Annotation>
                    </common:Annotations>
                    <common:Name xml:lang="en">Côte-Nord and Nord-du-Québec, Quebec</common:Name>
                    <common:Name xml:lang="fr">Côte-Nord and Nord-du-Québec, Quebec</common:Name>
                    <structure:Parent>
                        <Ref id="CA24"/>
                    </structure:Parent>
                </structure:Code>
                <structure:Code id="CA2401">
                    <common:Annotations>
                        <common:Annotation>
                            <common:AnnotationType>ORDER</common:AnnotationType>
                            <common:AnnotationText xml:lang="en">2460</common:AnnotationText>
                            <common:AnnotationText xml:lang="fr">2460</common:AnnotationText>
                        </common:Annotation>
                    </common:Annotations>
                    <common:Name xml:lang="en">Les Îles-de-la-Madeleine, QC</common:Name>
                    <common:Name xml:lang="fr">Les Îles-de-la-Madeleine, QC</common:Name>
                    <structure:Parent>
                        <Ref id="CA24"/>
                    </structure:Parent>
                </structure:Code>
                <structure:Code id="CA2402">
                    <common:Annotations>
                        <common:Annotation>
                            <common:AnnotationType>ORDER</common:AnnotationType>
                            <common:AnnotationText xml:lang="en">2470</common:AnnotationText>
                            <common:AnnotationText xml:lang="fr">2470</common:AnnotationText>
                        </common:Annotation>
                    </common:Annotations>
                    <common:Name xml:lang="en">Le Rocher-Percé, QC</common:Name>
                    <common:Name xml:lang="fr">Le Rocher-Percé, QC</common:Name>
                    <structure:Parent>
                        <Ref id="CA24"/>
                    </structure:Parent>
                </structure:Code>
                <structure:Code id="CA2403">
                    <common:Annotations>
                        <common:Annotation>
                            <common:AnnotationType>ORDER</common:AnnotationType>
                            <common:AnnotationText xml:lang="en">2480</common:AnnotationText>
                            <common:AnnotationText xml:lang="fr">2480</common:AnnotationText>
                        </common:Annotation>
                    </common:Annotations>
                    <common:Name xml:lang="en">La Côte-de-Gaspé, QC</common:Name>
                    <common:Name xml:lang="fr">La Côte-de-Gaspé, QC</common:Name>
                    <structure:Parent>
                        <Ref id="CA24"/>
                    </structure:Parent>
                </structure:Code>
                <structure:Code id="CA2404">
                    <common:Annotations>
                        <common:Annotation>
                            <common:AnnotationType>ORDER</common:AnnotationType>
                            <common:AnnotationText xml:lang="en">2490</common:AnnotationText>
                            <common:AnnotationText xml:lang="fr">2490</common:AnnotationText>
                        </common:Annotation>
                    </common:Annotations>
                    <common:Name xml:lang="en">La Haute-Gaspésie, QC</common:Name>
                    <common:Name xml:lang="fr">La Haute-Gaspésie, QC</common:Name>
                    <structure:Parent>
                        <Ref id="CA24"/>
                    </structure:Parent>
                </structure:Code>
                <structure:Code id="CA2405">
                    <common:Annotations>
                        <common:Annotation>
                            <common:AnnotationType>ORDER</common:AnnotationType>
                            <common:AnnotationText xml:lang="en">2500</common:AnnotationText>
                            <common:AnnotationText xml:lang="fr">2500</common:AnnotationText>
                        </common:Annotation>
                    </common:Annotations>
                    <common:Name xml:lang="en">Bonaventure, QC</common:Name>
                    <common:Name xml:lang="fr">Bonaventure, QC</common:Name>
                    <structure:Parent>
                        <Ref id="CA24"/>
                    </structure:Parent>
                </structure:Code>
                <structure:Code id="CA2406">
                    <common:Annotations>
                        <common:Annotation>
                            <common:AnnotationType>ORDER</common:AnnotationType>
                            <common:AnnotationText xml:lang="en">2510</common:AnnotationText>
                            <common:AnnotationText xml:lang="fr">2510</common:AnnotationText>
                        </common:Annotation>
                    </common:Annotations>
                    <common:Name xml:lang="en">Avignon, QC</common:Name>
                    <common:Name xml:lang="fr">Avignon, QC</common:Name>
                    <structure:Parent>
                        <Ref id="CA24"/>
                    </structure:Parent>
                </structure:Code>
                <structure:Code id="CA2407">
                    <common:Annotations>
                        <common:Annotation>
                            <common:AnnotationType>ORDER</common:AnnotationType>
                            <common:AnnotationText xml:lang="en">2520</common:AnnotationText>
                            <common:AnnotationText xml:lang="fr">2520</common:AnnotationText>
                        </common:Annotation>
                    </common:Annotations>
                    <common:Name xml:lang="en">La Matapédia, QC</common:Name>
                    <common:Name xml:lang="fr">La Matapédia, QC</common:Name>
                    <structure:Parent>
                        <Ref id="CA24"/>
                    </structure:Parent>
                </structure:Code>
                <structure:Code id="CA2408">
                    <common:Annotations>
                        <common:Annotation>
                            <common:AnnotationType>ORDER</common:AnnotationType>
                            <common:AnnotationText xml:lang="en">2530</common:AnnotationText>
                            <common:AnnotationText xml:lang="fr">2530</common:AnnotationText>
                        </common:Annotation>
                    </common:Annotations>
                    <common:Name xml:lang="en">Matane, QC</common:Name>
                    <common:Name xml:lang="fr">Matane, QC</common:Name>
                    <structure:Parent>
                        <Ref id="CA24"/>
                    </structure:Parent>
                </structure:Code>
                <structure:Code id="CA2409">
                    <common:Annotations>
                        <common:Annotation>
                            <common:AnnotationType>ORDER</common:AnnotationType>
                            <common:AnnotationText xml:lang="en">2540</common:AnnotationText>
                            <common:AnnotationText xml:lang="fr">2540</common:AnnotationText>
                        </common:Annotation>
                    </common:Annotations>
                    <common:Name xml:lang="en">La Mitis, QC</common:Name>
                    <common:Name xml:lang="fr">La Mitis, QC</common:Name>
                    <structure:Parent>
                        <Ref id="CA24"/>
                    </structure:Parent>
                </structure:Code>
                <structure:Code id="CA2410">
                    <common:Annotations>
                        <common:Annotation>
                            <common:AnnotationType>ORDER</common:AnnotationType>
                            <common:AnnotationText xml:lang="en">2550</common:AnnotationText>
                            <common:AnnotationText xml:lang="fr">2550</common:AnnotationText>
                        </common:Annotation>
                    </common:Annotations>
                    <common:Name xml:lang="en">Rimouski-Neigette, QC</common:Name>
                    <common:Name xml:lang="fr">Rimouski-Neigette, QC</common:Name>
                    <structure:Parent>
                        <Ref id="CA24"/>
                    </structure:Parent>
                </structure:Code>
                <structure:Code id="CA2411">
                    <common:Annotations>
                        <common:Annotation>
                            <common:AnnotationType>ORDER</common:AnnotationType>
                            <common:AnnotationText xml:lang="en">2560</common:AnnotationText>
                            <common:AnnotationText xml:lang="fr">2560</common:AnnotationText>
                        </common:Annotation>
                    </common:Annotations>
                    <common:Name xml:lang="en">Les Basques, QC</common:Name>
                    <common:Name xml:lang="fr">Les Basques, QC</common:Name>
                    <structure:Parent>
                        <Ref id="CA24"/>
                    </structure:Parent>
                </structure:Code>
                <structure:Code id="CA2412">
                    <common:Annotations>
                        <common:Annotation>
                            <common:AnnotationType>ORDER</common:AnnotationType>
                            <common:AnnotationText xml:lang="en">2570</common:AnnotationText>
                            <common:AnnotationText xml:lang="fr">2570</common:AnnotationText>
                        </common:Annotation>
                    </common:Annotations>
                    <common:Name xml:lang="en">Rivière-du-Loup, QC</common:Name>
                    <common:Name xml:lang="fr">Rivière-du-Loup, QC</common:Name>
                    <structure:Parent>
                        <Ref id="CA24"/>
                    </structure:Parent>
                </structure:Code>
                <structure:Code id="CA2413">
                    <common:Annotations>
                        <common:Annotation>
                            <common:AnnotationType>ORDER</common:AnnotationType>
                            <common:AnnotationText xml:lang="en">2580</common:AnnotationText>
                            <common:AnnotationText xml:lang="fr">2580</common:AnnotationText>
                        </common:Annotation>
                    </common:Annotations>
                    <common:Name xml:lang="en">Témiscouata, QC</common:Name>
                    <common:Name xml:lang="fr">Témiscouata, QC</common:Name>
                    <structure:Parent>
                        <Ref id="CA24"/>
                    </structure:Parent>
                </structure:Code>
                <structure:Code id="CA2414">
                    <common:Annotations>
                        <common:Annotation>
                            <common:AnnotationType>ORDER</common:AnnotationType>
                            <common:AnnotationText xml:lang="en">2590</common:AnnotationText>
                            <common:AnnotationText xml:lang="fr">2590</common:AnnotationText>
                        </common:Annotation>
                    </common:Annotations>
                    <common:Name xml:lang="en">Kamouraska, QC</common:Name>
                    <common:Name xml:lang="fr">Kamouraska, QC</common:Name>
                    <structure:Parent>
                        <Ref id="CA24"/>
                    </structure:Parent>
                </structure:Code>
                <structure:Code id="CA2415">
                    <common:Annotations>
                        <common:Annotation>
                            <common:AnnotationType>ORDER</common:AnnotationType>
                            <common:AnnotationText xml:lang="en">2600</common:AnnotationText>
                            <common:AnnotationText xml:lang="fr">2600</common:AnnotationText>
                        </common:Annotation>
                    </common:Annotations>
                    <common:Name xml:lang="en">Charlevoix-Est, QC</common:Name>
                    <common:Name xml:lang="fr">Charlevoix-Est, QC</common:Name>
                    <structure:Parent>
                        <Ref id="CA24"/>
                    </structure:Parent>
                </structure:Code>
                <structure:Code id="CA2416">
                    <common:Annotations>
                        <common:Annotation>
                            <common:AnnotationType>ORDER</common:AnnotationType>
                            <common:AnnotationText xml:lang="en">2610</common:AnnotationText>
                            <common:AnnotationText xml:lang="fr">2610</common:AnnotationText>
                        </common:Annotation>
                    </common:Annotations>
                    <common:Name xml:lang="en">Charlevoix, QC</common:Name>
                    <common:Name xml:lang="fr">Charlevoix, QC</common:Name>
                    <structure:Parent>
                        <Ref id="CA24"/>
                    </structure:Parent>
                </structure:Code>
                <structure:Code id="CA2417">
                    <common:Annotations>
                        <common:Annotation>
                            <common:AnnotationType>ORDER</common:AnnotationType>
                            <common:AnnotationText xml:lang="en">2620</common:AnnotationText>
                            <common:AnnotationText xml:lang="fr">2620</common:AnnotationText>
                        </common:Annotation>
                    </common:Annotations>
                    <common:Name xml:lang="en">L'Islet, QC</common:Name>
                    <common:Name xml:lang="fr">L'Islet, QC</common:Name>
                    <structure:Parent>
                        <Ref id="CA24"/>
                    </structure:Parent>
                </structure:Code>
                <structure:Code id="CA2418">
                    <common:Annotations>
                        <common:Annotation>
                            <common:AnnotationType>ORDER</common:AnnotationType>
                            <common:AnnotationText xml:lang="en">2630</common:AnnotationText>
                            <common:AnnotationText xml:lang="fr">2630</common:AnnotationText>
                        </common:Annotation>
                    </common:Annotations>
                    <common:Name xml:lang="en">Montmagny, QC</common:Name>
                    <common:Name xml:lang="fr">Montmagny, QC</common:Name>
                    <structure:Parent>
                        <Ref id="CA24"/>
                    </structure:Parent>
                </structure:Code>
                <structure:Code id="CA2419">
                    <common:Annotations>
                        <common:Annotation>
                            <common:AnnotationType>ORDER</common:AnnotationType>
                            <common:AnnotationText xml:lang="en">2640</common:AnnotationText>
                            <common:AnnotationText xml:lang="fr">2640</common:AnnotationText>
                        </common:Annotation>
                    </common:Annotations>
                    <common:Name xml:lang="en">Bellechasse, QC</common:Name>
                    <common:Name xml:lang="fr">Bellechasse, QC</common:Name>
                    <structure:Parent>
                        <Ref id="CA24"/>
                    </structure:Parent>
                </structure:Code>
                <structure:Code id="CA2420">
                    <common:Annotations>
                        <common:Annotation>
                            <common:AnnotationType>ORDER</common:AnnotationType>
                            <common:AnnotationText xml:lang="en">2650</common:AnnotationText>
                            <common:AnnotationText xml:lang="fr">2650</common:AnnotationText>
                        </common:Annotation>
                    </common:Annotations>
                    <common:Name xml:lang="en">L'Île-d'Orléans, QC</common:Name>
                    <common:Name xml:lang="fr">L'Île-d'Orléans, QC</common:Name>
                    <structure:Parent>
                        <Ref id="CA24"/>
                    </structure:Parent>
                </structure:Code>
                <structure:Code id="CA2421">
                    <common:Annotations>
                        <common:Annotation>
                            <common:AnnotationType>ORDER</common:AnnotationType>
                            <common:AnnotationText xml:lang="en">2660</common:AnnotationText>
                            <common:AnnotationText xml:lang="fr">2660</common:AnnotationText>
                        </common:Annotation>
                    </common:Annotations>
                    <common:Name xml:lang="en">La Côte-de-Beaupré, QC</common:Name>
                    <common:Name xml:lang="fr">La Côte-de-Beaupré, QC</common:Name>
                    <structure:Parent>
                        <Ref id="CA24"/>
                    </structure:Parent>
                </structure:Code>
                <structure:Code id="CA2422">
                    <common:Annotations>
                        <common:Annotation>
                            <common:AnnotationType>ORDER</common:AnnotationType>
                            <common:AnnotationText xml:lang="en">2670</common:AnnotationText>
                            <common:AnnotationText xml:lang="fr">2670</common:AnnotationText>
                        </common:Annotation>
                    </common:Annotations>
                    <common:Name xml:lang="en">La Jacques-Cartier, QC</common:Name>
                    <common:Name xml:lang="fr">La Jacques-Cartier, QC</common:Name>
                    <structure:Parent>
                        <Ref id="CA24"/>
                    </structure:Parent>
                </structure:Code>
                <structure:Code id="CA2423">
                    <common:Annotations>
                        <common:Annotation>
                            <common:AnnotationType>ORDER</common:AnnotationType>
                            <common:AnnotationText xml:lang="en">2680</common:AnnotationText>
                            <common:AnnotationText xml:lang="fr">2680</common:AnnotationText>
                        </common:Annotation>
                    </common:Annotations>
                    <common:Name xml:lang="en">Communauté-Urbaine-de-Québec, QC</common:Name>
                    <common:Name xml:lang="fr">Communauté-Urbaine-de-Québec, QC</common:Name>
                    <structure:Parent>
                        <Ref id="CA24"/>
                    </structure:Parent>
                </structure:Code>
                <structure:Code id="CA2425">
                    <common:Annotations>
                        <common:Annotation>
                            <common:AnnotationType>ORDER</common:AnnotationType>
                            <common:AnnotationText xml:lang="en">2690</common:AnnotationText>
                            <common:AnnotationText xml:lang="fr">2690</common:AnnotationText>
                        </common:Annotation>
                    </common:Annotations>
                    <common:Name xml:lang="en">Lévis, QC</common:Name>
                    <common:Name xml:lang="fr">Lévis, QC</common:Name>
                    <structure:Parent>
                        <Ref id="CA24"/>
                    </structure:Parent>
                </structure:Code>
                <structure:Code id="CA2426">
                    <common:Annotations>
                        <common:Annotation>
                            <common:AnnotationType>ORDER</common:AnnotationType>
                            <common:AnnotationText xml:lang="en">2700</common:AnnotationText>
                            <common:AnnotationText xml:lang="fr">2700</common:AnnotationText>
                        </common:Annotation>
                    </common:Annotations>
                    <common:Name xml:lang="en">La Nouvelle-Beauce, QC</common:Name>
                    <common:Name xml:lang="fr">La Nouvelle-Beauce, QC</common:Name>
                    <structure:Parent>
                        <Ref id="CA24"/>
                    </structure:Parent>
                </structure:Code>
                <structure:Code id="CA2427">
                    <common:Annotations>
                        <common:Annotation>
                            <common:AnnotationType>ORDER</common:AnnotationType>
                            <common:AnnotationText xml:lang="en">2710</common:AnnotationText>
                            <common:AnnotationText xml:lang="fr">2710</common:AnnotationText>
                        </common:Annotation>
                    </common:Annotations>
                    <common:Name xml:lang="en">Robert-Cliche, QC</common:Name>
                    <common:Name xml:lang="fr">Robert-Cliche, QC</common:Name>
                    <structure:Parent>
                        <Ref id="CA24"/>
                    </structure:Parent>
                </structure:Code>
                <structure:Code id="CA2428">
                    <common:Annotations>
                        <common:Annotation>
                            <common:AnnotationType>ORDER</common:AnnotationType>
                            <common:AnnotationText xml:lang="en">2720</common:AnnotationText>
                            <common:AnnotationText xml:lang="fr">2720</common:AnnotationText>
                        </common:Annotation>
                    </common:Annotations>
                    <common:Name xml:lang="en">Les Etchemins, QC</common:Name>
                    <common:Name xml:lang="fr">Les Etchemins, QC</common:Name>
                    <structure:Parent>
                        <Ref id="CA24"/>
                    </structure:Parent>
                </structure:Code>
                <structure:Code id="CA2429">
                    <common:Annotations>
                        <common:Annotation>
                            <common:AnnotationType>ORDER</common:AnnotationType>
                            <common:AnnotationText xml:lang="en">2730</common:AnnotationText>
                            <common:AnnotationText xml:lang="fr">2730</common:AnnotationText>
                        </common:Annotation>
                    </common:Annotations>
                    <common:Name xml:lang="en">Beauce-Sartigan, QC</common:Name>
                    <common:Name xml:lang="fr">Beauce-Sartigan, QC</common:Name>
                    <structure:Parent>
                        <Ref id="CA24"/>
                    </structure:Parent>
                </structure:Code>
                <structure:Code id="CA2430">
                    <common:Annotations>
                        <common:Annotation>
                            <common:AnnotationType>ORDER</common:AnnotationType>
                            <common:AnnotationText xml:lang="en">2740</common:AnnotationText>
                            <common:AnnotationText xml:lang="fr">2740</common:AnnotationText>
                        </common:Annotation>
                    </common:Annotations>
                    <common:Name xml:lang="en">Le Granit, QC</common:Name>
                    <common:Name xml:lang="fr">Le Granit, QC</common:Name>
                    <structure:Parent>
                        <Ref id="CA24"/>
                    </structure:Parent>
                </structure:Code>
                <structure:Code id="CA2431">
                    <common:Annotations>
                        <common:Annotation>
                            <common:AnnotationType>ORDER</common:AnnotationType>
                            <common:AnnotationText xml:lang="en">2750</common:AnnotationText>
                            <common:AnnotationText xml:lang="fr">2750</common:AnnotationText>
                        </common:Annotation>
                    </common:Annotations>
                    <common:Name xml:lang="en">L'Amiante, QC</common:Name>
                    <common:Name xml:lang="fr">L'Amiante, QC</common:Name>
                    <structure:Parent>
                        <Ref id="CA24"/>
                    </structure:Parent>
                </structure:Code>
                <structure:Code id="CA2432">
                    <common:Annotations>
                        <common:Annotation>
                            <common:AnnotationType>ORDER</common:AnnotationType>
                            <common:AnnotationText xml:lang="en">2760</common:AnnotationText>
                            <common:AnnotationText xml:lang="fr">2760</common:AnnotationText>
                        </common:Annotation>
                    </common:Annotations>
                    <common:Name xml:lang="en">L'Érable, QC</common:Name>
                    <common:Name xml:lang="fr">L'Érable, QC</common:Name>
                    <structure:Parent>
                        <Ref id="CA24"/>
                    </structure:Parent>
                </structure:Code>
                <structure:Code id="CA2433">
                    <common:Annotations>
                        <common:Annotation>
                            <common:AnnotationType>ORDER</common:AnnotationType>
                            <common:AnnotationText xml:lang="en">2770</common:AnnotationText>
                            <common:AnnotationText xml:lang="fr">2770</common:AnnotationText>
                        </common:Annotation>
                    </common:Annotations>
                    <common:Name xml:lang="en">Lotbinière, QC</common:Name>
                    <common:Name xml:lang="fr">Lotbinière, QC</common:Name>
                    <structure:Parent>
                        <Ref id="CA24"/>
                    </structure:Parent>
                </structure:Code>
                <structure:Code id="CA2434">
                    <common:Annotations>
                        <common:Annotation>
                            <common:AnnotationType>ORDER</common:AnnotationType>
                            <common:AnnotationText xml:lang="en">2780</common:AnnotationText>
                            <common:AnnotationText xml:lang="fr">2780</common:AnnotationText>
                        </common:Annotation>
                    </common:Annotations>
                    <common:Name xml:lang="en">Portneuf, QC</common:Name>
                    <common:Name xml:lang="fr">Portneuf, QC</common:Name>
                    <structure:Parent>
                        <Ref id="CA24"/>
                    </structure:Parent>
                </structure:Code>
                <structure:Code id="CA2435">
                    <common:Annotations>
                        <common:Annotation>
                            <common:AnnotationType>ORDER</common:AnnotationType>
                            <common:AnnotationText xml:lang="en">2790</common:AnnotationText>
                            <common:AnnotationText xml:lang="fr">2790</common:AnnotationText>
                        </common:Annotation>
                    </common:Annotations>
                    <common:Name xml:lang="en">Mékinac, QC</common:Name>
                    <common:Name xml:lang="fr">Mékinac, QC</common:Name>
                    <structure:Parent>
                        <Ref id="CA24"/>
                    </structure:Parent>
                </structure:Code>
                <structure:Code id="CA2436">
                    <common:Annotations>
                        <common:Annotation>
                            <common:AnnotationType>ORDER</common:AnnotationType>
                            <common:AnnotationText xml:lang="en">2800</common:AnnotationText>
                            <common:AnnotationText xml:lang="fr">2800</common:AnnotationText>
                        </common:Annotation>
                    </common:Annotations>
                    <common:Name xml:lang="en">Shawinigan, QC</common:Name>
                    <common:Name xml:lang="fr">Shawinigan, QC</common:Name>
                    <structure:Parent>
                        <Ref id="CA24"/>
                    </structure:Parent>
                </structure:Code>
                <structure:Code id="CA2437">
                    <common:Annotations>
                        <common:Annotation>
                            <common:AnnotationType>ORDER</common:AnnotationType>
                            <common:AnnotationText xml:lang="en">2810</common:AnnotationText>
                            <common:AnnotationText xml:lang="fr">2810</common:AnnotationText>
                        </common:Annotation>
                    </common:Annotations>
                    <common:Name xml:lang="en">Francheville, QC</common:Name>
                    <common:Name xml:lang="fr">Francheville, QC</common:Name>
                    <structure:Parent>
                        <Ref id="CA24"/>
                    </structure:Parent>
                </structure:Code>
                <structure:Code id="CA2438">
                    <common:Annotations>
                        <common:Annotation>
                            <common:AnnotationType>ORDER</common:AnnotationType>
                            <common:AnnotationText xml:lang="en">2820</common:AnnotationText>
                            <common:AnnotationText xml:lang="fr">2820</common:AnnotationText>
                        </common:Annotation>
                    </common:Annotations>
                    <common:Name xml:lang="en">Bécancour, QC</common:Name>
                    <common:Name xml:lang="fr">Bécancour, QC</common:Name>
                    <structure:Parent>
                        <Ref id="CA24"/>
                    </structure:Parent>
                </structure:Code>
                <structure:Code id="CA2439">
                    <common:Annotations>
                        <common:Annotation>
                            <common:AnnotationType>ORDER</common:AnnotationType>
                            <common:AnnotationText xml:lang="en">2830</common:AnnotationText>
                            <common:AnnotationText xml:lang="fr">2830</common:AnnotationText>
                        </common:Annotation>
                    </common:Annotations>
                    <common:Name xml:lang="en">Arthabaska, QC</common:Name>
                    <common:Name xml:lang="fr">Arthabaska, QC</common:Name>
                    <structure:Parent>
                        <Ref id="CA24"/>
                    </structure:Parent>
                </structure:Code>
                <structure:Code id="CA2440">
                    <common:Annotations>
                        <common:Annotation>
                            <common:AnnotationType>ORDER</common:AnnotationType>
                            <common:AnnotationText xml:lang="en">2840</common:AnnotationText>
                            <common:AnnotationText xml:lang="fr">2840</common:AnnotationText>
                        </common:Annotation>
                    </common:Annotations>
                    <common:Name xml:lang="en">Asbestos, QC</common:Name>
                    <common:Name xml:lang="fr">Asbestos, QC</common:Name>
                    <structure:Parent>
                        <Ref id="CA24"/>
                    </structure:Parent>
                </structure:Code>
                <structure:Code id="CA2441">
                    <common:Annotations>
                        <common:Annotation>
                            <common:AnnotationType>ORDER</common:AnnotationType>
                            <common:AnnotationText xml:lang="en">2850</common:AnnotationText>
                            <common:AnnotationText xml:lang="fr">2850</common:AnnotationText>
                        </common:Annotation>
                    </common:Annotations>
                    <common:Name xml:lang="en">Le Haut-Saint-François, QC</common:Name>
                    <common:Name xml:lang="fr">Le Haut-Saint-François, QC</common:Name>
                    <structure:Parent>
                        <Ref id="CA24"/>
                    </structure:Parent>
                </structure:Code>
                <structure:Code id="CA2442">
                    <common:Annotations>
                        <common:Annotation>
                            <common:AnnotationType>ORDER</common:AnnotationType>
                            <common:AnnotationText xml:lang="en">2860</common:AnnotationText>
                            <common:AnnotationText xml:lang="fr">2860</common:AnnotationText>
                        </common:Annotation>
                    </common:Annotations>
                    <common:Name xml:lang="en">Le Val-Saint-François, QC</common:Name>
                    <common:Name xml:lang="fr">Le Val-Saint-François, QC</common:Name>
                    <structure:Parent>
                        <Ref id="CA24"/>
                    </structure:Parent>
                </structure:Code>
                <structure:Code id="CA2443">
                    <common:Annotations>
                        <common:Annotation>
                            <common:AnnotationType>ORDER</common:AnnotationType>
                            <common:AnnotationText xml:lang="en">2870</common:AnnotationText>
                            <common:AnnotationText xml:lang="fr">2870</common:AnnotationText>
                        </common:Annotation>
                    </common:Annotations>
                    <common:Name xml:lang="en">Sherbrooke, QC</common:Name>
                    <common:Name xml:lang="fr">Sherbrooke, QC</common:Name>
                    <structure:Parent>
                        <Ref id="CA24"/>
                    </structure:Parent>
                </structure:Code>
                <structure:Code id="CA2444">
                    <common:Annotations>
                        <common:Annotation>
                            <common:AnnotationType>ORDER</common:AnnotationType>
                            <common:AnnotationText xml:lang="en">2880</common:AnnotationText>
                            <common:AnnotationText xml:lang="fr">2880</common:AnnotationText>
                        </common:Annotation>
                    </common:Annotations>
                    <common:Name xml:lang="en">Coaticook, QC</common:Name>
                    <common:Name xml:lang="fr">Coaticook, QC</common:Name>
                    <structure:Parent>
                        <Ref id="CA24"/>
                    </structure:Parent>
                </structure:Code>
                <structure:Code id="CA2445">
                    <common:Annotations>
                        <common:Annotation>
                            <common:AnnotationType>ORDER</common:AnnotationType>
                            <common:AnnotationText xml:lang="en">2890</common:AnnotationText>
                            <common:AnnotationText xml:lang="fr">2890</common:AnnotationText>
                        </common:Annotation>
                    </common:Annotations>
                    <common:Name xml:lang="en">Memphrémagog, QC</common:Name>
                    <common:Name xml:lang="fr">Memphrémagog, QC</common:Name>
                    <structure:Parent>
                        <Ref id="CA24"/>
                    </structure:Parent>
                </structure:Code>
                <structure:Code id="CA2446">
                    <common:Annotations>
                        <common:Annotation>
                            <common:AnnotationType>ORDER</common:AnnotationType>
                            <common:AnnotationText xml:lang="en">2900</common:AnnotationText>
                            <common:AnnotationText xml:lang="fr">2900</common:AnnotationText>
                        </common:Annotation>
                    </common:Annotations>
                    <common:Name xml:lang="en">Brome-Missisquoi, QC</common:Name>
                    <common:Name xml:lang="fr">Brome-Missisquoi, QC</common:Name>
                    <structure:Parent>
                        <Ref id="CA24"/>
                    </structure:Parent>
                </structure:Code>
                <structure:Code id="CA2447">
                    <common:Annotations>
                        <common:Annotation>
                            <common:AnnotationType>ORDER</common:AnnotationType>
                            <common:AnnotationText xml:lang="en">2910</common:AnnotationText>
                            <common:AnnotationText xml:lang="fr">2910</common:AnnotationText>
                        </common:Annotation>
                    </common:Annotations>
                    <common:Name xml:lang="en">La Haute-Yamaska, QC</common:Name>
                    <common:Name xml:lang="fr">La Haute-Yamaska, QC</common:Name>
                    <structure:Parent>
                        <Ref id="CA24"/>
                    </structure:Parent>
                </structure:Code>
                <structure:Code id="CA2448">
                    <common:Annotations>
                        <common:Annotation>
                            <common:AnnotationType>ORDER</common:AnnotationType>
                            <common:AnnotationText xml:lang="en">2920</common:AnnotationText>
                            <common:AnnotationText xml:lang="fr">2920</common:AnnotationText>
                        </common:Annotation>
                    </common:Annotations>
                    <common:Name xml:lang="en">Acton, QC</common:Name>
                    <common:Name xml:lang="fr">Acton, QC</common:Name>
                    <structure:Parent>
                        <Ref id="CA24"/>
                    </structure:Parent>
                </structure:Code>
                <structure:Code id="CA2449">
                    <common:Annotations>
                        <common:Annotation>
                            <common:AnnotationType>ORDER</common:AnnotationType>
                            <common:AnnotationText xml:lang="en">2930</common:AnnotationText>
                            <common:AnnotationText xml:lang="fr">2930</common:AnnotationText>
                        </common:Annotation>
                    </common:Annotations>
                    <common:Name xml:lang="en">Drummond, QC</common:Name>
                    <common:Name xml:lang="fr">Drummond, QC</common:Name>
                    <structure:Parent>
                        <Ref id="CA24"/>
                    </structure:Parent>
                </structure:Code>
                <structure:Code id="CA2450">
                    <common:Annotations>
                        <common:Annotation>
                            <common:AnnotationType>ORDER</common:AnnotationType>
                            <common:AnnotationText xml:lang="en">2940</common:AnnotationText>
                            <common:AnnotationText xml:lang="fr">2940</common:AnnotationText>
                        </common:Annotation>
                    </common:Annotations>
                    <common:Name xml:lang="en">Nicolet-Yamaska, QC</common:Name>
                    <common:Name xml:lang="fr">Nicolet-Yamaska, QC</common:Name>
                    <structure:Parent>
                        <Ref id="CA24"/>
                    </structure:Parent>
                </structure:Code>
                <structure:Code id="CA2451">
                    <common:Annotations>
                        <common:Annotation>
                            <common:AnnotationType>ORDER</common:AnnotationType>
                            <common:AnnotationText xml:lang="en">2950</common:AnnotationText>
                            <common:AnnotationText xml:lang="fr">2950</common:AnnotationText>
                        </common:Annotation>
                    </common:Annotations>
                    <common:Name xml:lang="en">Maskinongé, QC</common:Name>
                    <common:Name xml:lang="fr">Maskinongé, QC</common:Name>
                    <structure:Parent>
                        <Ref id="CA24"/>
                    </structure:Parent>
                </structure:Code>
                <structure:Code id="CA2452">
                    <common:Annotations>
                        <common:Annotation>
                            <common:AnnotationType>ORDER</common:AnnotationType>
                            <common:AnnotationText xml:lang="en">2960</common:AnnotationText>
                            <common:AnnotationText xml:lang="fr">2960</common:AnnotationText>
                        </common:Annotation>
                    </common:Annotations>
                    <common:Name xml:lang="en">D'Autray, QC</common:Name>
                    <common:Name xml:lang="fr">D'Autray, QC</common:Name>
                    <structure:Parent>
                        <Ref id="CA24"/>
                    </structure:Parent>
                </structure:Code>
                <structure:Code id="CA2453">
                    <common:Annotations>
                        <common:Annotation>
                            <common:AnnotationType>ORDER</common:AnnotationType>
                            <common:AnnotationText xml:lang="en">2970</common:AnnotationText>
                            <common:AnnotationText xml:lang="fr">2970</common:AnnotationText>
                        </common:Annotation>
                    </common:Annotations>
                    <common:Name xml:lang="en">Le Bas-Richelieu, QC</common:Name>
                    <common:Name xml:lang="fr">Le Bas-Richelieu, QC</common:Name>
                    <structure:Parent>
                        <Ref id="CA24"/>
                    </structure:Parent>
                </structure:Code>
                <structure:Code id="CA2454">
                    <common:Annotations>
                        <common:Annotation>
                            <common:AnnotationType>ORDER</common:AnnotationType>
                            <common:AnnotationText xml:lang="en">2980</common:AnnotationText>
                            <common:AnnotationText xml:lang="fr">2980</common:AnnotationText>
                        </common:Annotation>
                    </common:Annotations>
                    <common:Name xml:lang="en">Les Maskoutains, QC</common:Name>
                    <common:Name xml:lang="fr">Les Maskoutains, QC</common:Name>
                    <structure:Parent>
                        <Ref id="CA24"/>
                    </structure:Parent>
                </structure:Code>
                <structure:Code id="CA2455">
                    <common:Annotations>
                        <common:Annotation>
                            <common:AnnotationType>ORDER</common:AnnotationType>
                            <common:AnnotationText xml:lang="en">2990</common:AnnotationText>
                            <common:AnnotationText xml:lang="fr">2990</common:AnnotationText>
                        </common:Annotation>
                    </common:Annotations>
                    <common:Name xml:lang="en">Rouville, QC</common:Name>
                    <common:Name xml:lang="fr">Rouville, QC</common:Name>
                    <structure:Parent>
                        <Ref id="CA24"/>
                    </structure:Parent>
                </structure:Code>
                <structure:Code id="CA2456">
                    <common:Annotations>
                        <common:Annotation>
                            <common:AnnotationType>ORDER</common:AnnotationType>
                            <common:AnnotationText xml:lang="en">3000</common:AnnotationText>
                            <common:AnnotationText xml:lang="fr">3000</common:AnnotationText>
                        </common:Annotation>
                    </common:Annotations>
                    <common:Name xml:lang="en">Le Haut-Richelieu, QC</common:Name>
                    <common:Name xml:lang="fr">Le Haut-Richelieu, QC</common:Name>
                    <structure:Parent>
                        <Ref id="CA24"/>
                    </structure:Parent>
                </structure:Code>
                <structure:Code id="CA2457">
                    <common:Annotations>
                        <common:Annotation>
                            <common:AnnotationType>ORDER</common:AnnotationType>
                            <common:AnnotationText xml:lang="en">3010</common:AnnotationText>
                            <common:AnnotationText xml:lang="fr">3010</common:AnnotationText>
                        </common:Annotation>
                    </common:Annotations>
                    <common:Name xml:lang="en">La Vallée-du-Richelieu, QC</common:Name>
                    <common:Name xml:lang="fr">La Vallée-du-Richelieu, QC</common:Name>
                    <structure:Parent>
                        <Ref id="CA24"/>
                    </structure:Parent>
                </structure:Code>
                <structure:Code id="CA2458">
                    <common:Annotations>
                        <common:Annotation>
                            <common:AnnotationType>ORDER</common:AnnotationType>
                            <common:AnnotationText xml:lang="en">3020</common:AnnotationText>
                            <common:AnnotationText xml:lang="fr">3020</common:AnnotationText>
                        </common:Annotation>
                    </common:Annotations>
                    <common:Name xml:lang="en">Longueuil, QC</common:Name>
                    <common:Name xml:lang="fr">Longueuil, QC</common:Name>
                    <structure:Parent>
                        <Ref id="CA24"/>
                    </structure:Parent>
                </structure:Code>
                <structure:Code id="CA2459">
                    <common:Annotations>
                        <common:Annotation>
                            <common:AnnotationType>ORDER</common:AnnotationType>
                            <common:AnnotationText xml:lang="en">3030</common:AnnotationText>
                            <common:AnnotationText xml:lang="fr">3030</common:AnnotationText>
                        </common:Annotation>
                    </common:Annotations>
                    <common:Name xml:lang="en">Lajemmerais, QC</common:Name>
                    <common:Name xml:lang="fr">Lajemmerais, QC</common:Name>
                    <structure:Parent>
                        <Ref id="CA24"/>
                    </structure:Parent>
                </structure:Code>
                <structure:Code id="CA2460">
                    <common:Annotations>
                        <common:Annotation>
                            <common:AnnotationType>ORDER</common:AnnotationType>
                            <common:AnnotationText xml:lang="en">3040</common:AnnotationText>
                            <common:AnnotationText xml:lang="fr">3040</common:AnnotationText>
                        </common:Annotation>
                    </common:Annotations>
                    <common:Name xml:lang="en">L'Assomption, QC</common:Name>
                    <common:Name xml:lang="fr">L'Assomption, QC</common:Name>
                    <structure:Parent>
                        <Ref id="CA24"/>
                    </structure:Parent>
                </structure:Code>
                <structure:Code id="CA2461">
                    <common:Annotations>
                        <common:Annotation>
                            <common:AnnotationType>ORDER</common:AnnotationType>
                            <common:AnnotationText xml:lang="en">3050</common:AnnotationText>
                            <common:AnnotationText xml:lang="fr">3050</common:AnnotationText>
                        </common:Annotation>
                    </common:Annotations>
                    <common:Name xml:lang="en">Joliette, QC</common:Name>
                    <common:Name xml:lang="fr">Joliette, QC</common:Name>
                    <structure:Parent>
                        <Ref id="CA24"/>
                    </structure:Parent>
                </structure:Code>
                <structure:Code id="CA2462">
                    <common:Annotations>
                        <common:Annotation>
                            <common:AnnotationType>ORDER</common:AnnotationType>
                            <common:AnnotationText xml:lang="en">3060</common:AnnotationText>
                            <common:AnnotationText xml:lang="fr">3060</common:AnnotationText>
                        </common:Annotation>
                    </common:Annotations>
                    <common:Name xml:lang="en">Matawinie, QC</common:Name>
                    <common:Name xml:lang="fr">Matawinie, QC</common:Name>
                    <structure:Parent>
                        <Ref id="CA24"/>
                    </structure:Parent>
                </structure:Code>
                <structure:Code id="CA2463">
                    <common:Annotations>
                        <common:Annotation>
                            <common:AnnotationType>ORDER</common:AnnotationType>
                            <common:AnnotationText xml:lang="en">3070</common:AnnotationText>
                            <common:AnnotationText xml:lang="fr">3070</common:AnnotationText>
                        </common:Annotation>
                    </common:Annotations>
                    <common:Name xml:lang="en">Montcalm, QC</common:Name>
                    <common:Name xml:lang="fr">Montcalm, QC</common:Name>
                    <structure:Parent>
                        <Ref id="CA24"/>
                    </structure:Parent>
                </structure:Code>
                <structure:Code id="CA2464">
                    <common:Annotations>
                        <common:Annotation>
                            <common:AnnotationType>ORDER</common:AnnotationType>
                            <common:AnnotationText xml:lang="en">3080</common:AnnotationText>
                            <common:AnnotationText xml:lang="fr">3080</common:AnnotationText>
                        </common:Annotation>
                    </common:Annotations>
                    <common:Name xml:lang="en">Les Moulins, QC</common:Name>
                    <common:Name xml:lang="fr">Les Moulins, QC</common:Name>
                    <structure:Parent>
                        <Ref id="CA24"/>
                    </structure:Parent>
                </structure:Code>
                <structure:Code id="CA2465">
                    <common:Annotations>
                        <common:Annotation>
                            <common:AnnotationType>ORDER</common:AnnotationType>
                            <common:AnnotationText xml:lang="en">3090</common:AnnotationText>
                            <common:AnnotationText xml:lang="fr">3090</common:AnnotationText>
                        </common:Annotation>
                    </common:Annotations>
                    <common:Name xml:lang="en">Laval, QC</common:Name>
                    <common:Name xml:lang="fr">Laval, QC</common:Name>
                    <structure:Parent>
                        <Ref id="CA24"/>
                    </structure:Parent>
                </structure:Code>
                <structure:Code id="CA2466">
                    <common:Annotations>
                        <common:Annotation>
                            <common:AnnotationType>ORDER</common:AnnotationType>
                            <common:AnnotationText xml:lang="en">3100</common:AnnotationText>
                            <common:AnnotationText xml:lang="fr">3100</common:AnnotationText>
                        </common:Annotation>
                    </common:Annotations>
                    <common:Name xml:lang="en">Communauté-Urbaine-de-Montréal, QC</common:Name>
                    <common:Name xml:lang="fr">Communauté-Urbaine-de-Montréal, QC</common:Name>
                    <structure:Parent>
                        <Ref id="CA24"/>
                    </structure:Parent>
                </structure:Code>
                <structure:Code id="CA2467">
                    <common:Annotations>
                        <common:Annotation>
                            <common:AnnotationType>ORDER</common:AnnotationType>
                            <common:AnnotationText xml:lang="en">3110</common:AnnotationText>
                            <common:AnnotationText xml:lang="fr">3110</common:AnnotationText>
                        </common:Annotation>
                    </common:Annotations>
                    <common:Name xml:lang="en">Roussillon, QC</common:Name>
                    <common:Name xml:lang="fr">Roussillon, QC</common:Name>
                    <structure:Parent>
                        <Ref id="CA24"/>
                    </structure:Parent>
                </structure:Code>
                <structure:Code id="CA2468">
                    <common:Annotations>
                        <common:Annotation>
                            <common:AnnotationType>ORDER</common:AnnotationType>
                            <common:AnnotationText xml:lang="en">3120</common:AnnotationText>
                            <common:AnnotationText xml:lang="fr">3120</common:AnnotationText>
                        </common:Annotation>
                    </common:Annotations>
                    <common:Name xml:lang="en">Les Jardins-de-Napierville, QC</common:Name>
                    <common:Name xml:lang="fr">Les Jardins-de-Napierville, QC</common:Name>
                    <structure:Parent>
                        <Ref id="CA24"/>
                    </structure:Parent>
                </structure:Code>
                <structure:Code id="CA2469">
                    <common:Annotations>
                        <common:Annotation>
                            <common:AnnotationType>ORDER</common:AnnotationType>
                            <common:AnnotationText xml:lang="en">3130</common:AnnotationText>
                            <common:AnnotationText xml:lang="fr">3130</common:AnnotationText>
                        </common:Annotation>
                    </common:Annotations>
                    <common:Name xml:lang="en">Le Haut-Saint-Laurent, QC</common:Name>
                    <common:Name xml:lang="fr">Le Haut-Saint-Laurent, QC</common:Name>
                    <structure:Parent>
                        <Ref id="CA24"/>
                    </structure:Parent>
                </structure:Code>
                <structure:Code id="CA2470">
                    <common:Annotations>
                        <common:Annotation>
                            <common:AnnotationType>ORDER</common:AnnotationType>
                            <common:AnnotationText xml:lang="en">3140</common:AnnotationText>
                            <common:AnnotationText xml:lang="fr">3140</common:AnnotationText>
                        </common:Annotation>
                    </common:Annotations>
                    <common:Name xml:lang="en">Beauharnois-Salaberry, QC</common:Name>
                    <common:Name xml:lang="fr">Beauharnois-Salaberry, QC</common:Name>
                    <structure:Parent>
                        <Ref id="CA24"/>
                    </structure:Parent>
                </structure:Code>
                <structure:Code id="CA2471">
                    <common:Annotations>
                        <common:Annotation>
                            <common:AnnotationType>ORDER</common:AnnotationType>
                            <common:AnnotationText xml:lang="en">3150</common:AnnotationText>
                            <common:AnnotationText xml:lang="fr">3150</common:AnnotationText>
                        </common:Annotation>
                    </common:Annotations>
                    <common:Name xml:lang="en">Vaudreuil-Soulanges, QC</common:Name>
                    <common:Name xml:lang="fr">Vaudreuil-Soulanges, QC</common:Name>
                    <structure:Parent>
                        <Ref id="CA24"/>
                    </structure:Parent>
                </structure:Code>
                <structure:Code id="CA2472">
                    <common:Annotations>
                        <common:Annotation>
                            <common:AnnotationType>ORDER</common:AnnotationType>
                            <common:AnnotationText xml:lang="en">3160</common:AnnotationText>
                            <common:AnnotationText xml:lang="fr">3160</common:AnnotationText>
                        </common:Annotation>
                    </common:Annotations>
                    <common:Name xml:lang="en">Deux-Montagnes, QC</common:Name>
                    <common:Name xml:lang="fr">Deux-Montagnes, QC</common:Name>
                    <structure:Parent>
                        <Ref id="CA24"/>
                    </structure:Parent>
                </structure:Code>
                <structure:Code id="CA2473">
                    <common:Annotations>
                        <common:Annotation>
                            <common:AnnotationType>ORDER</common:AnnotationType>
                            <common:AnnotationText xml:lang="en">3170</common:AnnotationText>
                            <common:AnnotationText xml:lang="fr">3170</common:AnnotationText>
                        </common:Annotation>
                    </common:Annotations>
                    <common:Name xml:lang="en">Thérèse-De Blainville, QC</common:Name>
                    <common:Name xml:lang="fr">Thérèse-De Blainville, QC</common:Name>
                    <structure:Parent>
                        <Ref id="CA24"/>
                    </structure:Parent>
                </structure:Code>
                <structure:Code id="CA2474">
                    <common:Annotations>
                        <common:Annotation>
                            <common:AnnotationType>ORDER</common:AnnotationType>
                            <common:AnnotationText xml:lang="en">3180</common:AnnotationText>
                            <common:AnnotationText xml:lang="fr">3180</common:AnnotationText>
                        </common:Annotation>
                    </common:Annotations>
                    <common:Name xml:lang="en">Mirabel, QC</common:Name>
                    <common:Name xml:lang="fr">Mirabel, QC</common:Name>
                    <structure:Parent>
                        <Ref id="CA24"/>
                    </structure:Parent>
                </structure:Code>
                <structure:Code id="CA2475">
                    <common:Annotations>
                        <common:Annotation>
                            <common:AnnotationType>ORDER</common:AnnotationType>
                            <common:AnnotationText xml:lang="en">3190</common:AnnotationText>
                            <common:AnnotationText xml:lang="fr">3190</common:AnnotationText>
                        </common:Annotation>
                    </common:Annotations>
                    <common:Name xml:lang="en">La Rivière-du-Nord, QC</common:Name>
                    <common:Name xml:lang="fr">La Rivière-du-Nord, QC</common:Name>
                    <structure:Parent>
                        <Ref id="CA24"/>
                    </structure:Parent>
                </structure:Code>
                <structure:Code id="CA2476">
                    <common:Annotations>
                        <common:Annotation>
                            <common:AnnotationType>ORDER</common:AnnotationType>
                            <common:AnnotationText xml:lang="en">3200</common:AnnotationText>
                            <common:AnnotationText xml:lang="fr">3200</common:AnnotationText>
                        </common:Annotation>
                    </common:Annotations>
                    <common:Name xml:lang="en">Argenteuil, QC</common:Name>
                    <common:Name xml:lang="fr">Argenteuil, QC</common:Name>
                    <structure:Parent>
                        <Ref id="CA24"/>
                    </structure:Parent>
                </structure:Code>
                <structure:Code id="CA2477">
                    <common:Annotations>
                        <common:Annotation>
                            <common:AnnotationType>ORDER</common:AnnotationType>
                            <common:AnnotationText xml:lang="en">3210</common:AnnotationText>
                            <common:AnnotationText xml:lang="fr">3210</common:AnnotationText>
                        </common:Annotation>
                    </common:Annotations>
                    <common:Name xml:lang="en">Les Pays-d'en-Haut, QC</common:Name>
                    <common:Name xml:lang="fr">Les Pays-d'en-Haut, QC</common:Name>
                    <structure:Parent>
                        <Ref id="CA24"/>
                    </structure:Parent>
                </structure:Code>
                <structure:Code id="CA2478">
                    <common:Annotations>
                        <common:Annotation>
                            <common:AnnotationType>ORDER</common:AnnotationType>
                            <common:AnnotationText xml:lang="en">3220</common:AnnotationText>
                            <common:AnnotationText xml:lang="fr">3220</common:AnnotationText>
                        </common:Annotation>
                    </common:Annotations>
                    <common:Name xml:lang="en">Les Laurentides, QC</common:Name>
                    <common:Name xml:lang="fr">Les Laurentides, QC</common:Name>
                    <structure:Parent>
                        <Ref id="CA24"/>
                    </structure:Parent>
                </structure:Code>
                <structure:Code id="CA2479">
                    <common:Annotations>
                        <common:Annotation>
                            <common:AnnotationType>ORDER</common:AnnotationType>
                            <common:AnnotationText xml:lang="en">3230</common:AnnotationText>
                            <common:AnnotationText xml:lang="fr">3230</common:AnnotationText>
                        </common:Annotation>
                    </common:Annotations>
                    <common:Name xml:lang="en">Antoine-Labelle, QC</common:Name>
                    <common:Name xml:lang="fr">Antoine-Labelle, QC</common:Name>
                    <structure:Parent>
                        <Ref id="CA24"/>
                    </structure:Parent>
                </structure:Code>
                <structure:Code id="CA2480">
                    <common:Annotations>
                        <common:Annotation>
                            <common:AnnotationType>ORDER</common:AnnotationType>
                            <common:AnnotationText xml:lang="en">3240</common:AnnotationText>
                            <common:AnnotationText xml:lang="fr">3240</common:AnnotationText>
                        </common:Annotation>
                    </common:Annotations>
                    <common:Name xml:lang="en">Papineau, QC</common:Name>
                    <common:Name xml:lang="fr">Papineau, QC</common:Name>
                    <structure:Parent>
                        <Ref id="CA24"/>
                    </structure:Parent>
                </structure:Code>
                <structure:Code id="CA2481">
                    <common:Annotations>
                        <common:Annotation>
                            <common:AnnotationType>ORDER</common:AnnotationType>
                            <common:AnnotationText xml:lang="en">3250</common:AnnotationText>
                            <common:AnnotationText xml:lang="fr">3250</common:AnnotationText>
                        </common:Annotation>
                    </common:Annotations>
                    <common:Name xml:lang="en">Gatineau, QC</common:Name>
                    <common:Name xml:lang="fr">Gatineau, QC</common:Name>
                    <structure:Parent>
                        <Ref id="CA24"/>
                    </structure:Parent>
                </structure:Code>
                <structure:Code id="CA2482">
                    <common:Annotations>
                        <common:Annotation>
                            <common:AnnotationType>ORDER</common:AnnotationType>
                            <common:AnnotationText xml:lang="en">3260</common:AnnotationText>
                            <common:AnnotationText xml:lang="fr">3260</common:AnnotationText>
                        </common:Annotation>
                    </common:Annotations>
                    <common:Name xml:lang="en">Les Collines-de-l'Outaouais, QC</common:Name>
                    <common:Name xml:lang="fr">Les Collines-de-l'Outaouais, QC</common:Name>
                    <structure:Parent>
                        <Ref id="CA24"/>
                    </structure:Parent>
                </structure:Code>
                <structure:Code id="CA2483">
                    <common:Annotations>
                        <common:Annotation>
                            <common:AnnotationType>ORDER</common:AnnotationType>
                            <common:AnnotationText xml:lang="en">3270</common:AnnotationText>
                            <common:AnnotationText xml:lang="fr">3270</common:AnnotationText>
                        </common:Annotation>
                    </common:Annotations>
                    <common:Name xml:lang="en">La Vallée-de-la-Gatineau, QC</common:Name>
                    <common:Name xml:lang="fr">La Vallée-de-la-Gatineau, QC</common:Name>
                    <structure:Parent>
                        <Ref id="CA24"/>
                    </structure:Parent>
                </structure:Code>
                <structure:Code id="CA2484">
                    <common:Annotations>
                        <common:Annotation>
                            <common:AnnotationType>ORDER</common:AnnotationType>
                            <common:AnnotationText xml:lang="en">3280</common:AnnotationText>
                            <common:AnnotationText xml:lang="fr">3280</common:AnnotationText>
                        </common:Annotation>
                    </common:Annotations>
                    <common:Name xml:lang="en">Pontiac, QC</common:Name>
                    <common:Name xml:lang="fr">Pontiac, QC</common:Name>
                    <structure:Parent>
                        <Ref id="CA24"/>
                    </structure:Parent>
                </structure:Code>
                <structure:Code id="CA2485">
                    <common:Annotations>
                        <common:Annotation>
                            <common:AnnotationType>ORDER</common:AnnotationType>
                            <common:AnnotationText xml:lang="en">3290</common:AnnotationText>
                            <common:AnnotationText xml:lang="fr">3290</common:AnnotationText>
                        </common:Annotation>
                    </common:Annotations>
                    <common:Name xml:lang="en">Témiscamingue, QC</common:Name>
                    <common:Name xml:lang="fr">Témiscamingue, QC</common:Name>
                    <structure:Parent>
                        <Ref id="CA24"/>
                    </structure:Parent>
                </structure:Code>
                <structure:Code id="CA2486">
                    <common:Annotations>
                        <common:Annotation>
                            <common:AnnotationType>ORDER</common:AnnotationType>
                            <common:AnnotationText xml:lang="en">3300</common:AnnotationText>
                            <common:AnnotationText xml:lang="fr">3300</common:AnnotationText>
                        </common:Annotation>
                    </common:Annotations>
                    <common:Name xml:lang="en">Rouyn-Noranda, QC</common:Name>
                    <common:Name xml:lang="fr">Rouyn-Noranda, QC</common:Name>
                    <structure:Parent>
                        <Ref id="CA24"/>
                    </structure:Parent>
                </structure:Code>
                <structure:Code id="CA2487">
                    <common:Annotations>
                        <common:Annotation>
                            <common:AnnotationType>ORDER</common:AnnotationType>
                            <common:AnnotationText xml:lang="en">3310</common:AnnotationText>
                            <common:AnnotationText xml:lang="fr">3310</common:AnnotationText>
                        </common:Annotation>
                    </common:Annotations>
                    <common:Name xml:lang="en">Abitibi-Ouest, QC</common:Name>
                    <common:Name xml:lang="fr">Abitibi-Ouest, QC</common:Name>
                    <structure:Parent>
                        <Ref id="CA24"/>
                    </structure:Parent>
                </structure:Code>
                <structure:Code id="CA2488">
                    <common:Annotations>
                        <common:Annotation>
                            <common:AnnotationType>ORDER</common:AnnotationType>
                            <common:AnnotationText xml:lang="en">3320</common:AnnotationText>
                            <common:AnnotationText xml:lang="fr">3320</common:AnnotationText>
                        </common:Annotation>
                    </common:Annotations>
                    <common:Name xml:lang="en">Abitibi, QC</common:Name>
                    <common:Name xml:lang="fr">Abitibi, QC</common:Name>
                    <structure:Parent>
                        <Ref id="CA24"/>
                    </structure:Parent>
                </structure:Code>
                <structure:Code id="CA2489">
                    <common:Annotations>
                        <common:Annotation>
                            <common:AnnotationType>ORDER</common:AnnotationType>
                            <common:AnnotationText xml:lang="en">3330</common:AnnotationText>
                            <common:AnnotationText xml:lang="fr">3330</common:AnnotationText>
                        </common:Annotation>
                    </common:Annotations>
                    <common:Name xml:lang="en">Vallée-de-l'Or, QC</common:Name>
                    <common:Name xml:lang="fr">Vallée-de-l'Or, QC</common:Name>
                    <structure:Parent>
                        <Ref id="CA24"/>
                    </structure:Parent>
                </structure:Code>
                <structure:Code id="CA2490">
                    <common:Annotations>
                        <common:Annotation>
                            <common:AnnotationType>ORDER</common:AnnotationType>
                            <common:AnnotationText xml:lang="en">3340</common:AnnotationText>
                            <common:AnnotationText xml:lang="fr">3340</common:AnnotationText>
                        </common:Annotation>
                    </common:Annotations>
                    <common:Name xml:lang="en">La Tuque, QC</common:Name>
                    <common:Name xml:lang="fr">La Tuque, QC</common:Name>
                    <structure:Parent>
                        <Ref id="CA24"/>
                    </structure:Parent>
                </structure:Code>
                <structure:Code id="CA2491">
                    <common:Annotations>
                        <common:Annotation>
                            <common:AnnotationType>ORDER</common:AnnotationType>
                            <common:AnnotationText xml:lang="en">3350</common:AnnotationText>
                            <common:AnnotationText xml:lang="fr">3350</common:AnnotationText>
                        </common:Annotation>
                    </common:Annotations>
                    <common:Name xml:lang="en">Le Domaine-du-Roy, QC</common:Name>
                    <common:Name xml:lang="fr">Le Domaine-du-Roy, QC</common:Name>
                    <structure:Parent>
                        <Ref id="CA24"/>
                    </structure:Parent>
                </structure:Code>
                <structure:Code id="CA2492">
                    <common:Annotations>
                        <common:Annotation>
                            <common:AnnotationType>ORDER</common:AnnotationType>
                            <common:AnnotationText xml:lang="en">3360</common:AnnotationText>
                            <common:AnnotationText xml:lang="fr">3360</common:AnnotationText>
                        </common:Annotation>
                    </common:Annotations>
                    <common:Name xml:lang="en">Maria-Chapdelaine, QC</common:Name>
                    <common:Name xml:lang="fr">Maria-Chapdelaine, QC</common:Name>
                    <structure:Parent>
                        <Ref id="CA24"/>
                    </structure:Parent>
                </structure:Code>
                <structure:Code id="CA2493">
                    <common:Annotations>
                        <common:Annotation>
                            <common:AnnotationType>ORDER</common:AnnotationType>
                            <common:AnnotationText xml:lang="en">3370</common:AnnotationText>
                            <common:AnnotationText xml:lang="fr">3370</common:AnnotationText>
                        </common:Annotation>
                    </common:Annotations>
                    <common:Name xml:lang="en">Lac-Saint-Jean-Est, QC</common:Name>
                    <common:Name xml:lang="fr">Lac-Saint-Jean-Est, QC</common:Name>
                    <structure:Parent>
                        <Ref id="CA24"/>
                    </structure:Parent>
                </structure:Code>
                <structure:Code id="CA2494">
                    <common:Annotations>
                        <common:Annotation>
                            <common:AnnotationType>ORDER</common:AnnotationType>
                            <common:AnnotationText xml:lang="en">3380</common:AnnotationText>
                            <common:AnnotationText xml:lang="fr">3380</common:AnnotationText>
                        </common:Annotation>
                    </common:Annotations>
                    <common:Name xml:lang="en">Le Saguenay-et-son-Fjord, QC</common:Name>
                    <common:Name xml:lang="fr">Le Saguenay-et-son-Fjord, QC</common:Name>
                    <structure:Parent>
                        <Ref id="CA24"/>
                    </structure:Parent>
                </structure:Code>
                <structure:Code id="CA2495">
                    <common:Annotations>
                        <common:Annotation>
                            <common:AnnotationType>ORDER</common:AnnotationType>
                            <common:AnnotationText xml:lang="en">3390</common:AnnotationText>
                            <common:AnnotationText xml:lang="fr">3390</common:AnnotationText>
                        </common:Annotation>
                    </common:Annotations>
                    <common:Name xml:lang="en">La Haute-Côte-Nord, QC</common:Name>
                    <common:Name xml:lang="fr">La Haute-Côte-Nord, QC</common:Name>
                    <structure:Parent>
                        <Ref id="CA24"/>
                    </structure:Parent>
                </structure:Code>
                <structure:Code id="CA2496">
                    <common:Annotations>
                        <common:Annotation>
                            <common:AnnotationType>ORDER</common:AnnotationType>
                            <common:AnnotationText xml:lang="en">3400</common:AnnotationText>
                            <common:AnnotationText xml:lang="fr">3400</common:AnnotationText>
                        </common:Annotation>
                    </common:Annotations>
                    <common:Name xml:lang="en">Manicouagan, QC</common:Name>
                    <common:Name xml:lang="fr">Manicouagan, QC</common:Name>
                    <structure:Parent>
                        <Ref id="CA24"/>
                    </structure:Parent>
                </structure:Code>
                <structure:Code id="CA2497">
                    <common:Annotations>
                        <common:Annotation>
                            <common:AnnotationType>ORDER</common:AnnotationType>
                            <common:AnnotationText xml:lang="en">3410</common:AnnotationText>
                            <common:AnnotationText xml:lang="fr">3410</common:AnnotationText>
                        </common:Annotation>
                    </common:Annotations>
                    <common:Name xml:lang="en">Sept-Rivières-Caniapiscau, QC</common:Name>
                    <common:Name xml:lang="fr">Sept-Rivières-Caniapiscau, QC</common:Name>
                    <structure:Parent>
                        <Ref id="CA24"/>
                    </structure:Parent>
                </structure:Code>
                <structure:Code id="CA2498">
                    <common:Annotations>
                        <common:Annotation>
                            <common:AnnotationType>ORDER</common:AnnotationType>
                            <common:AnnotationText xml:lang="en">3420</common:AnnotationText>
                            <common:AnnotationText xml:lang="fr">3420</common:AnnotationText>
                        </common:Annotation>
                    </common:Annotations>
                    <common:Name xml:lang="en">Minganie-Basse-Côte-Nord, QC</common:Name>
                    <common:Name xml:lang="fr">Minganie-Basse-Côte-Nord, QC</common:Name>
                    <structure:Parent>
                        <Ref id="CA24"/>
                    </structure:Parent>
                </structure:Code>
                <structure:Code id="CA2499">
                    <common:Annotations>
                        <common:Annotation>
                            <common:AnnotationType>ORDER</common:AnnotationType>
                            <common:AnnotationText xml:lang="en">3430</common:AnnotationText>
                            <common:AnnotationText xml:lang="fr">3430</common:AnnotationText>
                        </common:Annotation>
                    </common:Annotations>
                    <common:Name xml:lang="en">Nord-du-Québec, QC</common:Name>
                    <common:Name xml:lang="fr">Nord-du-Québec, QC</common:Name>
                    <structure:Parent>
                        <Ref id="CA24"/>
                    </structure:Parent>
                </structure:Code>
                <structure:Code id="CA35">
                    <common:Annotations>
                        <common:Annotation>
                            <common:AnnotationType>ORDER</common:AnnotationType>
                            <common:AnnotationText xml:lang="en">3440</common:AnnotationText>
                            <common:AnnotationText xml:lang="fr">3440</common:AnnotationText>
                        </common:Annotation>
                    </common:Annotations>
                    <common:Name xml:lang="en">Ontario</common:Name>
                    <common:Name xml:lang="fr">Ontario</common:Name>
                    <structure:Parent>
                        <Ref id="CAN"/>
                    </structure:Parent>
                </structure:Code>
                <structure:Code id="CA3510N">
                    <common:Annotations>
                        <common:Annotation>
                            <common:AnnotationType>ORDER</common:AnnotationType>
                            <common:AnnotationText xml:lang="en">3450</common:AnnotationText>
                            <common:AnnotationText xml:lang="fr">3450</common:AnnotationText>
                        </common:Annotation>
                    </common:Annotations>
                    <common:Name xml:lang="en">Ottawa, Ontario</common:Name>
                    <common:Name xml:lang="fr">Ottawa, Ontario</common:Name>
                    <structure:Parent>
                        <Ref id="CA35"/>
                    </structure:Parent>
                </structure:Code>
                <structure:Code id="CA3515N">
                    <common:Annotations>
                        <common:Annotation>
                            <common:AnnotationType>ORDER</common:AnnotationType>
                            <common:AnnotationText xml:lang="en">3460</common:AnnotationText>
                            <common:AnnotationText xml:lang="fr">3460</common:AnnotationText>
                        </common:Annotation>
                    </common:Annotations>
                    <common:Name xml:lang="en">Kingston-Pembroke, Ontario</common:Name>
                    <common:Name xml:lang="fr">Kingston-Pembroke, Ontario</common:Name>
                    <structure:Parent>
                        <Ref id="CA35"/>
                    </structure:Parent>
                </structure:Code>
                <structure:Code id="CA3520N">
                    <common:Annotations>
                        <common:Annotation>
                            <common:AnnotationType>ORDER</common:AnnotationType>
                            <common:AnnotationText xml:lang="en">3470</common:AnnotationText>
                            <common:AnnotationText xml:lang="fr">3470</common:AnnotationText>
                        </common:Annotation>
                    </common:Annotations>
                    <common:Name xml:lang="en">Muskoka-Kawarthas, Ontario</common:Name>
                    <common:Name xml:lang="fr">Muskoka-Kawarthas, Ontario</common:Name>
                    <structure:Parent>
                        <Ref id="CA35"/>
                    </structure:Parent>
                </structure:Code>
                <structure:Code id="CA3530N">
                    <common:Annotations>
                        <common:Annotation>
                            <common:AnnotationType>ORDER</common:AnnotationType>
                            <common:AnnotationText xml:lang="en">3480</common:AnnotationText>
                            <common:AnnotationText xml:lang="fr">3480</common:AnnotationText>
                        </common:Annotation>
                    </common:Annotations>
                    <common:Name xml:lang="en">Toronto, Ontario</common:Name>
                    <common:Name xml:lang="fr">Toronto, Ontario</common:Name>
                    <structure:Parent>
                        <Ref id="CA35"/>
                    </structure:Parent>
                </structure:Code>
                <structure:Code id="CA3540N">
                    <common:Annotations>
                        <common:Annotation>
                            <common:AnnotationType>ORDER</common:AnnotationType>
                            <common:AnnotationText xml:lang="en">3490</common:AnnotationText>
                            <common:AnnotationText xml:lang="fr">3490</common:AnnotationText>
                        </common:Annotation>
                    </common:Annotations>
                    <common:Name xml:lang="en">Kitchener-Waterloo-Barrie, Ontario</common:Name>
                    <common:Name xml:lang="fr">Kitchener-Waterloo-Barrie, Ontario</common:Name>
                    <structure:Parent>
                        <Ref id="CA35"/>
                    </structure:Parent>
                </structure:Code>
                <structure:Code id="CA3550N">
                    <common:Annotations>
                        <common:Annotation>
                            <common:AnnotationType>ORDER</common:AnnotationType>
                            <common:AnnotationText xml:lang="en">3500</common:AnnotationText>
                            <common:AnnotationText xml:lang="fr">3500</common:AnnotationText>
                        </common:Annotation>
                    </common:Annotations>
                    <common:Name xml:lang="en">Hamilton-Niagara Peninsula, Ontario</common:Name>
                    <common:Name xml:lang="fr">Hamilton-Niagara Peninsula, Ontario</common:Name>
                    <structure:Parent>
                        <Ref id="CA35"/>
                    </structure:Parent>
                </structure:Code>
                <structure:Code id="CA3560N">
                    <common:Annotations>
                        <common:Annotation>
                            <common:AnnotationType>ORDER</common:AnnotationType>
                            <common:AnnotationText xml:lang="en">3510</common:AnnotationText>
                            <common:AnnotationText xml:lang="fr">3510</common:AnnotationText>
                        </common:Annotation>
                    </common:Annotations>
                    <common:Name xml:lang="en">London, Ontario</common:Name>
                    <common:Name xml:lang="fr">London, Ontario</common:Name>
                    <structure:Parent>
                        <Ref id="CA35"/>
                    </structure:Parent>
                </structure:Code>
                <structure:Code id="CA3570N">
                    <common:Annotations>
                        <common:Annotation>
                            <common:AnnotationType>ORDER</common:AnnotationType>
                            <common:AnnotationText xml:lang="en">3520</common:AnnotationText>
                            <common:AnnotationText xml:lang="fr">3520</common:AnnotationText>
                        </common:Annotation>
                    </common:Annotations>
                    <common:Name xml:lang="en">Windsor-Sarnia, Ontario</common:Name>
                    <common:Name xml:lang="fr">Windsor-Sarnia, Ontario</common:Name>
                    <structure:Parent>
                        <Ref id="CA35"/>
                    </structure:Parent>
                </structure:Code>
                <structure:Code id="CA3580N">
                    <common:Annotations>
                        <common:Annotation>
                            <common:AnnotationType>ORDER</common:AnnotationType>
                            <common:AnnotationText xml:lang="en">3530</common:AnnotationText>
                            <common:AnnotationText xml:lang="fr">3530</common:AnnotationText>
                        </common:Annotation>
                    </common:Annotations>
                    <common:Name xml:lang="en">Stratford-Bruce Peninsula, Ontario</common:Name>
                    <common:Name xml:lang="fr">Stratford-Bruce Peninsula, Ontario</common:Name>
                    <structure:Parent>
                        <Ref id="CA35"/>
                    </structure:Parent>
                </structure:Code>
                <structure:Code id="CA3590N">
                    <common:Annotations>
                        <common:Annotation>
                            <common:AnnotationType>ORDER</common:AnnotationType>
                            <common:AnnotationText xml:lang="en">3540</common:AnnotationText>
                            <common:AnnotationText xml:lang="fr">3540</common:AnnotationText>
                        </common:Annotation>
                    </common:Annotations>
                    <common:Name xml:lang="en">Northeast, Ontario</common:Name>
                    <common:Name xml:lang="fr">Northeast, Ontario</common:Name>
                    <structure:Parent>
                        <Ref id="CA35"/>
                    </structure:Parent>
                </structure:Code>
                <structure:Code id="CA3595N">
                    <common:Annotations>
                        <common:Annotation>
                            <common:AnnotationType>ORDER</common:AnnotationType>
                            <common:AnnotationText xml:lang="en">3550</common:AnnotationText>
                            <common:AnnotationText xml:lang="fr">3550</common:AnnotationText>
                        </common:Annotation>
                    </common:Annotations>
                    <common:Name xml:lang="en">Northwest, Ontario</common:Name>
                    <common:Name xml:lang="fr">Northwest, Ontario</common:Name>
                    <structure:Parent>
                        <Ref id="CA35"/>
                    </structure:Parent>
                </structure:Code>
                <structure:Code id="CA3501">
                    <common:Annotations>
                        <common:Annotation>
                            <common:AnnotationType>ORDER</common:AnnotationType>
                            <common:AnnotationText xml:lang="en">3560</common:AnnotationText>
                            <common:AnnotationText xml:lang="fr">3560</common:AnnotationText>
                        </common:Annotation>
                    </common:Annotations>
                    <common:Name xml:lang="en">Stormont, Dundas and Glengarry, ON</common:Name>
                    <common:Name xml:lang="fr">Stormont, Dundas and Glengarry, ON</common:Name>
                    <structure:Parent>
                        <Ref id="CA35"/>
                    </structure:Parent>
                </structure:Code>
                <structure:Code id="CA3502">
                    <common:Annotations>
                        <common:Annotation>
                            <common:AnnotationType>ORDER</common:AnnotationType>
                            <common:AnnotationText xml:lang="en">3570</common:AnnotationText>
                            <common:AnnotationText xml:lang="fr">3570</common:AnnotationText>
                        </common:Annotation>
                    </common:Annotations>
                    <common:Name xml:lang="en">Prescott and Russell, ON</common:Name>
                    <common:Name xml:lang="fr">Prescott and Russell, ON</common:Name>
                    <structure:Parent>
                        <Ref id="CA35"/>
                    </structure:Parent>
                </structure:Code>
                <structure:Code id="CA3506">
                    <common:Annotations>
                        <common:Annotation>
                            <common:AnnotationType>ORDER</common:AnnotationType>
                            <common:AnnotationText xml:lang="en">3580</common:AnnotationText>
                            <common:AnnotationText xml:lang="fr">3580</common:AnnotationText>
                        </common:Annotation>
                    </common:Annotations>
                    <common:Name xml:lang="en">Ottawa-Carleton, ON</common:Name>
                    <common:Name xml:lang="fr">Ottawa-Carleton, ON</common:Name>
                    <structure:Parent>
                        <Ref id="CA35"/>
                    </structure:Parent>
                </structure:Code>
                <structure:Code id="CA3507">
                    <common:Annotations>
                        <common:Annotation>
                            <common:AnnotationType>ORDER</common:AnnotationType>
                            <common:AnnotationText xml:lang="en">3590</common:AnnotationText>
                            <common:AnnotationText xml:lang="fr">3590</common:AnnotationText>
                        </common:Annotation>
                    </common:Annotations>
                    <common:Name xml:lang="en">Leeds and Grenville, ON</common:Name>
                    <common:Name xml:lang="fr">Leeds and Grenville, ON</common:Name>
                    <structure:Parent>
                        <Ref id="CA35"/>
                    </structure:Parent>
                </structure:Code>
                <structure:Code id="CA3509">
                    <common:Annotations>
                        <common:Annotation>
                            <common:AnnotationType>ORDER</common:AnnotationType>
                            <common:AnnotationText xml:lang="en">3600</common:AnnotationText>
                            <common:AnnotationText xml:lang="fr">3600</common:AnnotationText>
                        </common:Annotation>
                    </common:Annotations>
                    <common:Name xml:lang="en">Lanark, ON</common:Name>
                    <common:Name xml:lang="fr">Lanark, ON</common:Name>
                    <structure:Parent>
                        <Ref id="CA35"/>
                    </structure:Parent>
                </structure:Code>
                <structure:Code id="CA3510">
                    <common:Annotations>
                        <common:Annotation>
                            <common:AnnotationType>ORDER</common:AnnotationType>
                            <common:AnnotationText xml:lang="en">3610</common:AnnotationText>
                            <common:AnnotationText xml:lang="fr">3610</common:AnnotationText>
                        </common:Annotation>
                    </common:Annotations>
                    <common:Name xml:lang="en">Frontenac, ON</common:Name>
                    <common:Name xml:lang="fr">Frontenac, ON</common:Name>
                    <structure:Parent>
                        <Ref id="CA35"/>
                    </structure:Parent>
                </structure:Code>
                <structure:Code id="CA3511">
                    <common:Annotations>
                        <common:Annotation>
                            <common:AnnotationType>ORDER</common:AnnotationType>
                            <common:AnnotationText xml:lang="en">3620</common:AnnotationText>
                            <common:AnnotationText xml:lang="fr">3620</common:AnnotationText>
                        </common:Annotation>
                    </common:Annotations>
                    <common:Name xml:lang="en">Lennox and Addington, ON</common:Name>
                    <common:Name xml:lang="fr">Lennox and Addington, ON</common:Name>
                    <structure:Parent>
                        <Ref id="CA35"/>
                    </structure:Parent>
                </structure:Code>
                <structure:Code id="CA3512">
                    <common:Annotations>
                        <common:Annotation>
                            <common:AnnotationType>ORDER</common:AnnotationType>
                            <common:AnnotationText xml:lang="en">3630</common:AnnotationText>
                            <common:AnnotationText xml:lang="fr">3630</common:AnnotationText>
                        </common:Annotation>
                    </common:Annotations>
                    <common:Name xml:lang="en">Hastings, ON</common:Name>
                    <common:Name xml:lang="fr">Hastings, ON</common:Name>
                    <structure:Parent>
                        <Ref id="CA35"/>
                    </structure:Parent>
                </structure:Code>
                <structure:Code id="CA3513">
                    <common:Annotations>
                        <common:Annotation>
                            <common:AnnotationType>ORDER</common:AnnotationType>
                            <common:AnnotationText xml:lang="en">3640</common:AnnotationText>
                            <common:AnnotationText xml:lang="fr">3640</common:AnnotationText>
                        </common:Annotation>
                    </common:Annotations>
                    <common:Name xml:lang="en">Prince Edward, ON</common:Name>
                    <common:Name xml:lang="fr">Prince Edward, ON</common:Name>
                    <structure:Parent>
                        <Ref id="CA35"/>
                    </structure:Parent>
                </structure:Code>
                <structure:Code id="CA3514">
                    <common:Annotations>
                        <common:Annotation>
                            <common:AnnotationType>ORDER</common:AnnotationType>
                            <common:AnnotationText xml:lang="en">3650</common:AnnotationText>
                            <common:AnnotationText xml:lang="fr">3650</common:AnnotationText>
                        </common:Annotation>
                    </common:Annotations>
                    <common:Name xml:lang="en">Northumberland, ON</common:Name>
                    <common:Name xml:lang="fr">Northumberland, ON</common:Name>
                    <structure:Parent>
                        <Ref id="CA35"/>
                    </structure:Parent>
                </structure:Code>
                <structure:Code id="CA3515">
                    <common:Annotations>
                        <common:Annotation>
                            <common:AnnotationType>ORDER</common:AnnotationType>
                            <common:AnnotationText xml:lang="en">3660</common:AnnotationText>
                            <common:AnnotationText xml:lang="fr">3660</common:AnnotationText>
                        </common:Annotation>
                    </common:Annotations>
                    <common:Name xml:lang="en">Peterborough, ON</common:Name>
                    <common:Name xml:lang="fr">Peterborough, ON</common:Name>
                    <structure:Parent>
                        <Ref id="CA35"/>
                    </structure:Parent>
                </structure:Code>
                <structure:Code id="CA3516">
                    <common:Annotations>
                        <common:Annotation>
                            <common:AnnotationType>ORDER</common:AnnotationType>
                            <common:AnnotationText xml:lang="en">3670</common:AnnotationText>
                            <common:AnnotationText xml:lang="fr">3670</common:AnnotationText>
                        </common:Annotation>
                    </common:Annotations>
                    <common:Name xml:lang="en">Kawartha Lakes, ON</common:Name>
                    <common:Name xml:lang="fr">Kawartha Lakes, ON</common:Name>
                    <structure:Parent>
                        <Ref id="CA35"/>
                    </structure:Parent>
                </structure:Code>
                <structure:Code id="CA3518">
                    <common:Annotations>
                        <common:Annotation>
                            <common:AnnotationType>ORDER</common:AnnotationType>
                            <common:AnnotationText xml:lang="en">3680</common:AnnotationText>
                            <common:AnnotationText xml:lang="fr">3680</common:AnnotationText>
                        </common:Annotation>
                    </common:Annotations>
                    <common:Name xml:lang="en">Durham, ON</common:Name>
                    <common:Name xml:lang="fr">Durham, ON</common:Name>
                    <structure:Parent>
                        <Ref id="CA35"/>
                    </structure:Parent>
                </structure:Code>
                <structure:Code id="CA3519">
                    <common:Annotations>
                        <common:Annotation>
                            <common:AnnotationType>ORDER</common:AnnotationType>
                            <common:AnnotationText xml:lang="en">3690</common:AnnotationText>
                            <common:AnnotationText xml:lang="fr">3690</common:AnnotationText>
                        </common:Annotation>
                    </common:Annotations>
                    <common:Name xml:lang="en">York, ON</common:Name>
                    <common:Name xml:lang="fr">York, ON</common:Name>
                    <structure:Parent>
                        <Ref id="CA35"/>
                    </structure:Parent>
                </structure:Code>
                <structure:Code id="CA3520">
                    <common:Annotations>
                        <common:Annotation>
                            <common:AnnotationType>ORDER</common:AnnotationType>
                            <common:AnnotationText xml:lang="en">3700</common:AnnotationText>
                            <common:AnnotationText xml:lang="fr">3700</common:AnnotationText>
                        </common:Annotation>
                    </common:Annotations>
                    <common:Name xml:lang="en">Toronto metropolitan municipality, ON</common:Name>
                    <common:Name xml:lang="fr">Toronto metropolitan municipality, ON</common:Name>
                    <structure:Parent>
                        <Ref id="CA35"/>
                    </structure:Parent>
                </structure:Code>
                <structure:Code id="CA3521">
                    <common:Annotations>
                        <common:Annotation>
                            <common:AnnotationType>ORDER</common:AnnotationType>
                            <common:AnnotationText xml:lang="en">3710</common:AnnotationText>
                            <common:AnnotationText xml:lang="fr">3710</common:AnnotationText>
                        </common:Annotation>
                    </common:Annotations>
                    <common:Name xml:lang="en">Peel, ON</common:Name>
                    <common:Name xml:lang="fr">Peel, ON</common:Name>
                    <structure:Parent>
                        <Ref id="CA35"/>
                    </structure:Parent>
                </structure:Code>
                <structure:Code id="CA3522">
                    <common:Annotations>
                        <common:Annotation>
                            <common:AnnotationType>ORDER</common:AnnotationType>
                            <common:AnnotationText xml:lang="en">3720</common:AnnotationText>
                            <common:AnnotationText xml:lang="fr">3720</common:AnnotationText>
                        </common:Annotation>
                    </common:Annotations>
                    <common:Name xml:lang="en">Dufferin, ON</common:Name>
                    <common:Name xml:lang="fr">Dufferin, ON</common:Name>
                    <structure:Parent>
                        <Ref id="CA35"/>
                    </structure:Parent>
                </structure:Code>
                <structure:Code id="CA3523">
                    <common:Annotations>
                        <common:Annotation>
                            <common:AnnotationType>ORDER</common:AnnotationType>
                            <common:AnnotationText xml:lang="en">3730</common:AnnotationText>
                            <common:AnnotationText xml:lang="fr">3730</common:AnnotationText>
                        </common:Annotation>
                    </common:Annotations>
                    <common:Name xml:lang="en">Wellington, ON</common:Name>
                    <common:Name xml:lang="fr">Wellington, ON</common:Name>
                    <structure:Parent>
                        <Ref id="CA35"/>
                    </structure:Parent>
                </structure:Code>
                <structure:Code id="CA3524">
                    <common:Annotations>
                        <common:Annotation>
                            <common:AnnotationType>ORDER</common:AnnotationType>
                            <common:AnnotationText xml:lang="en">3740</common:AnnotationText>
                            <common:AnnotationText xml:lang="fr">3740</common:AnnotationText>
                        </common:Annotation>
                    </common:Annotations>
                    <common:Name xml:lang="en">Halton, ON</common:Name>
                    <common:Name xml:lang="fr">Halton, ON</common:Name>
                    <structure:Parent>
                        <Ref id="CA35"/>
                    </structure:Parent>
                </structure:Code>
                <structure:Code id="CA3525">
                    <common:Annotations>
                        <common:Annotation>
                            <common:AnnotationType>ORDER</common:AnnotationType>
                            <common:AnnotationText xml:lang="en">3750</common:AnnotationText>
                            <common:AnnotationText xml:lang="fr">3750</common:AnnotationText>
                        </common:Annotation>
                    </common:Annotations>
                    <common:Name xml:lang="en">Hamilton, ON</common:Name>
                    <common:Name xml:lang="fr">Hamilton, ON</common:Name>
                    <structure:Parent>
                        <Ref id="CA35"/>
                    </structure:Parent>
                </structure:Code>
                <structure:Code id="CA3526">
                    <common:Annotations>
                        <common:Annotation>
                            <common:AnnotationType>ORDER</common:AnnotationType>
                            <common:AnnotationText xml:lang="en">3760</common:AnnotationText>
                            <common:AnnotationText xml:lang="fr">3760</common:AnnotationText>
                        </common:Annotation>
                    </common:Annotations>
                    <common:Name xml:lang="en">Niagara, ON</common:Name>
                    <common:Name xml:lang="fr">Niagara, ON</common:Name>
                    <structure:Parent>
                        <Ref id="CA35"/>
                    </structure:Parent>
                </structure:Code>
                <structure:Code id="CA3528">
                    <common:Annotations>
                        <common:Annotation>
                            <common:AnnotationType>ORDER</common:AnnotationType>
                            <common:AnnotationText xml:lang="en">3770</common:AnnotationText>
                            <common:AnnotationText xml:lang="fr">3770</common:AnnotationText>
                        </common:Annotation>
                    </common:Annotations>
                    <common:Name xml:lang="en">Haldimand-Norfolk, ON</common:Name>
                    <common:Name xml:lang="fr">Haldimand-Norfolk, ON</common:Name>
                    <structure:Parent>
                        <Ref id="CA35"/>
                    </structure:Parent>
                </structure:Code>
                <structure:Code id="CA3529">
                    <common:Annotations>
                        <common:Annotation>
                            <common:AnnotationType>ORDER</common:AnnotationType>
                            <common:AnnotationText xml:lang="en">3780</common:AnnotationText>
                            <common:AnnotationText xml:lang="fr">3780</common:AnnotationText>
                        </common:Annotation>
                    </common:Annotations>
                    <common:Name xml:lang="en">Brant, ON</common:Name>
                    <common:Name xml:lang="fr">Brant, ON</common:Name>
                    <structure:Parent>
                        <Ref id="CA35"/>
                    </structure:Parent>
                </structure:Code>
                <structure:Code id="CA3530">
                    <common:Annotations>
                        <common:Annotation>
                            <common:AnnotationType>ORDER</common:AnnotationType>
                            <common:AnnotationText xml:lang="en">3790</common:AnnotationText>
                            <common:AnnotationText xml:lang="fr">3790</common:AnnotationText>
                        </common:Annotation>
                    </common:Annotations>
                    <common:Name xml:lang="en">Waterloo, ON</common:Name>
                    <common:Name xml:lang="fr">Waterloo, ON</common:Name>
                    <structure:Parent>
                        <Ref id="CA35"/>
                    </structure:Parent>
                </structure:Code>
                <structure:Code id="CA3531">
                    <common:Annotations>
                        <common:Annotation>
                            <common:AnnotationType>ORDER</common:AnnotationType>
                            <common:AnnotationText xml:lang="en">3800</common:AnnotationText>
                            <common:AnnotationText xml:lang="fr">3800</common:AnnotationText>
                        </common:Annotation>
                    </common:Annotations>
                    <common:Name xml:lang="en">Perth, ON</common:Name>
                    <common:Name xml:lang="fr">Perth, ON</common:Name>
                    <structure:Parent>
                        <Ref id="CA35"/>
                    </structure:Parent>
                </structure:Code>
                <structure:Code id="CA3532">
                    <common:Annotations>
                        <common:Annotation>
                            <common:AnnotationType>ORDER</common:AnnotationType>
                            <common:AnnotationText xml:lang="en">3810</common:AnnotationText>
                            <common:AnnotationText xml:lang="fr">3810</common:AnnotationText>
                        </common:Annotation>
                    </common:Annotations>
                    <common:Name xml:lang="en">Oxford, ON</common:Name>
                    <common:Name xml:lang="fr">Oxford, ON</common:Name>
                    <structure:Parent>
                        <Ref id="CA35"/>
                    </structure:Parent>
                </structure:Code>
                <structure:Code id="CA3534">
                    <common:Annotations>
                        <common:Annotation>
                            <common:AnnotationType>ORDER</common:AnnotationType>
                            <common:AnnotationText xml:lang="en">3820</common:AnnotationText>
                            <common:AnnotationText xml:lang="fr">3820</common:AnnotationText>
                        </common:Annotation>
                    </common:Annotations>
                    <common:Name xml:lang="en">Elgin, ON</common:Name>
                    <common:Name xml:lang="fr">Elgin, ON</common:Name>
                    <structure:Parent>
                        <Ref id="CA35"/>
                    </structure:Parent>
                </structure:Code>
                <structure:Code id="CA3536">
                    <common:Annotations>
                        <common:Annotation>
                            <common:AnnotationType>ORDER</common:AnnotationType>
                            <common:AnnotationText xml:lang="en">3830</common:AnnotationText>
                            <common:AnnotationText xml:lang="fr">3830</common:AnnotationText>
                        </common:Annotation>
                    </common:Annotations>
                    <common:Name xml:lang="en">Chatham-Kent, ON</common:Name>
                    <common:Name xml:lang="fr">Chatham-Kent, ON</common:Name>
                    <structure:Parent>
                        <Ref id="CA35"/>
                    </structure:Parent>
                </structure:Code>
                <structure:Code id="CA3537">
                    <common:Annotations>
                        <common:Annotation>
                            <common:AnnotationType>ORDER</common:AnnotationType>
                            <common:AnnotationText xml:lang="en">3840</common:AnnotationText>
                            <common:AnnotationText xml:lang="fr">3840</common:AnnotationText>
                        </common:Annotation>
                    </common:Annotations>
                    <common:Name xml:lang="en">Essex, ON</common:Name>
                    <common:Name xml:lang="fr">Essex, ON</common:Name>
                    <structure:Parent>
                        <Ref id="CA35"/>
                    </structure:Parent>
                </structure:Code>
                <structure:Code id="CA3538">
                    <common:Annotations>
                        <common:Annotation>
                            <common:AnnotationType>ORDER</common:AnnotationType>
                            <common:AnnotationText xml:lang="en">3850</common:AnnotationText>
                            <common:AnnotationText xml:lang="fr">3850</common:AnnotationText>
                        </common:Annotation>
                    </common:Annotations>
                    <common:Name xml:lang="en">Lambton, ON</common:Name>
                    <common:Name xml:lang="fr">Lambton, ON</common:Name>
                    <structure:Parent>
                        <Ref id="CA35"/>
                    </structure:Parent>
                </structure:Code>
                <structure:Code id="CA3539">
                    <common:Annotations>
                        <common:Annotation>
                            <common:AnnotationType>ORDER</common:AnnotationType>
                            <common:AnnotationText xml:lang="en">3860</common:AnnotationText>
                            <common:AnnotationText xml:lang="fr">3860</common:AnnotationText>
                        </common:Annotation>
                    </common:Annotations>
                    <common:Name xml:lang="en">Middlesex, ON</common:Name>
                    <common:Name xml:lang="fr">Middlesex, ON</common:Name>
                    <structure:Parent>
                        <Ref id="CA35"/>
                    </structure:Parent>
                </structure:Code>
                <structure:Code id="CA3540">
                    <common:Annotations>
                        <common:Annotation>
                            <common:AnnotationType>ORDER</common:AnnotationType>
                            <common:AnnotationText xml:lang="en">3870</common:AnnotationText>
                            <common:AnnotationText xml:lang="fr">3870</common:AnnotationText>
                        </common:Annotation>
                    </common:Annotations>
                    <common:Name xml:lang="en">Huron, ON</common:Name>
                    <common:Name xml:lang="fr">Huron, ON</common:Name>
                    <structure:Parent>
                        <Ref id="CA35"/>
                    </structure:Parent>
                </structure:Code>
                <structure:Code id="CA3541">
                    <common:Annotations>
                        <common:Annotation>
                            <common:AnnotationType>ORDER</common:AnnotationType>
                            <common:AnnotationText xml:lang="en">3880</common:AnnotationText>
                            <common:AnnotationText xml:lang="fr">3880</common:AnnotationText>
                        </common:Annotation>
                    </common:Annotations>
                    <common:Name xml:lang="en">Bruce, ON</common:Name>
                    <common:Name xml:lang="fr">Bruce, ON</common:Name>
                    <structure:Parent>
                        <Ref id="CA35"/>
                    </structure:Parent>
                </structure:Code>
                <structure:Code id="CA3542">
                    <common:Annotations>
                        <common:Annotation>
                            <common:AnnotationType>ORDER</common:AnnotationType>
                            <common:AnnotationText xml:lang="en">3890</common:AnnotationText>
                            <common:AnnotationText xml:lang="fr">3890</common:AnnotationText>
                        </common:Annotation>
                    </common:Annotations>
                    <common:Name xml:lang="en">Grey, ON</common:Name>
                    <common:Name xml:lang="fr">Grey, ON</common:Name>
                    <structure:Parent>
                        <Ref id="CA35"/>
                    </structure:Parent>
                </structure:Code>
                <structure:Code id="CA3543">
                    <common:Annotations>
                        <common:Annotation>
                            <common:AnnotationType>ORDER</common:AnnotationType>
                            <common:AnnotationText xml:lang="en">3900</common:AnnotationText>
                            <common:AnnotationText xml:lang="fr">3900</common:AnnotationText>
                        </common:Annotation>
                    </common:Annotations>
                    <common:Name xml:lang="en">Simcoe, ON</common:Name>
                    <common:Name xml:lang="fr">Simcoe, ON</common:Name>
                    <structure:Parent>
                        <Ref id="CA35"/>
                    </structure:Parent>
                </structure:Code>
                <structure:Code id="CA3544">
                    <common:Annotations>
                        <common:Annotation>
                            <common:AnnotationType>ORDER</common:AnnotationType>
                            <common:AnnotationText xml:lang="en">3910</common:AnnotationText>
                            <common:AnnotationText xml:lang="fr">3910</common:AnnotationText>
                        </common:Annotation>
                    </common:Annotations>
                    <common:Name xml:lang="en">Muskoka, ON</common:Name>
                    <common:Name xml:lang="fr">Muskoka, ON</common:Name>
                    <structure:Parent>
                        <Ref id="CA35"/>
                    </structure:Parent>
                </structure:Code>
                <structure:Code id="CA3546">
                    <common:Annotations>
                        <common:Annotation>
                            <common:AnnotationType>ORDER</common:AnnotationType>
                            <common:AnnotationText xml:lang="en">3920</common:AnnotationText>
                            <common:AnnotationText xml:lang="fr">3920</common:AnnotationText>
                        </common:Annotation>
                    </common:Annotations>
                    <common:Name xml:lang="en">Haliburton, ON</common:Name>
                    <common:Name xml:lang="fr">Haliburton, ON</common:Name>
                    <structure:Parent>
                        <Ref id="CA35"/>
                    </structure:Parent>
                </structure:Code>
                <structure:Code id="CA3547">
                    <common:Annotations>
                        <common:Annotation>
                            <common:AnnotationType>ORDER</common:AnnotationType>
                            <common:AnnotationText xml:lang="en">3930</common:AnnotationText>
                            <common:AnnotationText xml:lang="fr">3930</common:AnnotationText>
                        </common:Annotation>
                    </common:Annotations>
                    <common:Name xml:lang="en">Renfrew, ON</common:Name>
                    <common:Name xml:lang="fr">Renfrew, ON</common:Name>
                    <structure:Parent>
                        <Ref id="CA35"/>
                    </structure:Parent>
                </structure:Code>
                <structure:Code id="CA3548">
                    <common:Annotations>
                        <common:Annotation>
                            <common:AnnotationType>ORDER</common:AnnotationType>
                            <common:AnnotationText xml:lang="en">3940</common:AnnotationText>
                            <common:AnnotationText xml:lang="fr">3940</common:AnnotationText>
                        </common:Annotation>
                    </common:Annotations>
                    <common:Name xml:lang="en">Nipissing, ON</common:Name>
                    <common:Name xml:lang="fr">Nipissing, ON</common:Name>
                    <structure:Parent>
                        <Ref id="CA35"/>
                    </structure:Parent>
                </structure:Code>
                <structure:Code id="CA3549">
                    <common:Annotations>
                        <common:Annotation>
                            <common:AnnotationType>ORDER</common:AnnotationType>
                            <common:AnnotationText xml:lang="en">3950</common:AnnotationText>
                            <common:AnnotationText xml:lang="fr">3950</common:AnnotationText>
                        </common:Annotation>
                    </common:Annotations>
                    <common:Name xml:lang="en">Parry Sound, ON</common:Name>
                    <common:Name xml:lang="fr">Parry Sound, ON</common:Name>
                    <structure:Parent>
                        <Ref id="CA35"/>
                    </structure:Parent>
                </structure:Code>
                <structure:Code id="CA3551">
                    <common:Annotations>
                        <common:Annotation>
                            <common:AnnotationType>ORDER</common:AnnotationType>
                            <common:AnnotationText xml:lang="en">3960</common:AnnotationText>
                            <common:AnnotationText xml:lang="fr">3960</common:AnnotationText>
                        </common:Annotation>
                    </common:Annotations>
                    <common:Name xml:lang="en">Manitoulin, ON</common:Name>
                    <common:Name xml:lang="fr">Manitoulin, ON</common:Name>
                    <structure:Parent>
                        <Ref id="CA35"/>
                    </structure:Parent>
                </structure:Code>
                <structure:Code id="CA3552">
                    <common:Annotations>
                        <common:Annotation>
                            <common:AnnotationType>ORDER</common:AnnotationType>
                            <common:AnnotationText xml:lang="en">3970</common:AnnotationText>
                            <common:AnnotationText xml:lang="fr">3970</common:AnnotationText>
                        </common:Annotation>
                    </common:Annotations>
                    <common:Name xml:lang="en">Sudbury (District), ON</common:Name>
                    <common:Name xml:lang="fr">Sudbury (District), ON</common:Name>
                    <structure:Parent>
                        <Ref id="CA35"/>
                    </structure:Parent>
                </structure:Code>
                <structure:Code id="CA3553">
                    <common:Annotations>
                        <common:Annotation>
                            <common:AnnotationType>ORDER</common:AnnotationType>
                            <common:AnnotationText xml:lang="en">3980</common:AnnotationText>
                            <common:AnnotationText xml:lang="fr">3980</common:AnnotationText>
                        </common:Annotation>
                    </common:Annotations>
                    <common:Name xml:lang="en">Greater Sudbury / Grand Sudbury, ON</common:Name>
                    <common:Name xml:lang="fr">Greater Sudbury / Grand Sudbury, ON</common:Name>
                    <structure:Parent>
                        <Ref id="CA35"/>
                    </structure:Parent>
                </structure:Code>
                <structure:Code id="CA3554">
                    <common:Annotations>
                        <common:Annotation>
                            <common:AnnotationType>ORDER</common:AnnotationType>
                            <common:AnnotationText xml:lang="en">3990</common:AnnotationText>
                            <common:AnnotationText xml:lang="fr">3990</common:AnnotationText>
                        </common:Annotation>
                    </common:Annotations>
                    <common:Name xml:lang="en">Timiskaming, ON</common:Name>
                    <common:Name xml:lang="fr">Timiskaming, ON</common:Name>
                    <structure:Parent>
                        <Ref id="CA35"/>
                    </structure:Parent>
                </structure:Code>
                <structure:Code id="CA3556">
                    <common:Annotations>
                        <common:Annotation>
                            <common:AnnotationType>ORDER</common:AnnotationType>
                            <common:AnnotationText xml:lang="en">4000</common:AnnotationText>
                            <common:AnnotationText xml:lang="fr">4000</common:AnnotationText>
                        </common:Annotation>
                    </common:Annotations>
                    <common:Name xml:lang="en">Cochrane, ON</common:Name>
                    <common:Name xml:lang="fr">Cochrane, ON</common:Name>
                    <structure:Parent>
                        <Ref id="CA35"/>
                    </structure:Parent>
                </structure:Code>
                <structure:Code id="CA3557">
                    <common:Annotations>
                        <common:Annotation>
                            <common:AnnotationType>ORDER</common:AnnotationType>
                            <common:AnnotationText xml:lang="en">4010</common:AnnotationText>
                            <common:AnnotationText xml:lang="fr">4010</common:AnnotationText>
                        </common:Annotation>
                    </common:Annotations>
                    <common:Name xml:lang="en">Algoma, ON</common:Name>
                    <common:Name xml:lang="fr">Algoma, ON</common:Name>
                    <structure:Parent>
                        <Ref id="CA35"/>
                    </structure:Parent>
                </structure:Code>
                <structure:Code id="CA3558">
                    <common:Annotations>
                        <common:Annotation>
                            <common:AnnotationType>ORDER</common:AnnotationType>
                            <common:AnnotationText xml:lang="en">4020</common:AnnotationText>
                            <common:AnnotationText xml:lang="fr">4020</common:AnnotationText>
                        </common:Annotation>
                    </common:Annotations>
                    <common:Name xml:lang="en">Thunder Bay, ON</common:Name>
                    <common:Name xml:lang="fr">Thunder Bay, ON</common:Name>
                    <structure:Parent>
                        <Ref id="CA35"/>
                    </structure:Parent>
                </structure:Code>
                <structure:Code id="CA3559">
                    <common:Annotations>
                        <common:Annotation>
                            <common:AnnotationType>ORDER</common:AnnotationType>
                            <common:AnnotationText xml:lang="en">4030</common:AnnotationText>
                            <common:AnnotationText xml:lang="fr">4030</common:AnnotationText>
                        </common:Annotation>
                    </common:Annotations>
                    <common:Name xml:lang="en">Rainy River, ON</common:Name>
                    <common:Name xml:lang="fr">Rainy River, ON</common:Name>
                    <structure:Parent>
                        <Ref id="CA35"/>
                    </structure:Parent>
                </structure:Code>
                <structure:Code id="CA3560">
                    <common:Annotations>
                        <common:Annotation>
                            <common:AnnotationType>ORDER</common:AnnotationType>
                            <common:AnnotationText xml:lang="en">4040</common:AnnotationText>
                            <common:AnnotationText xml:lang="fr">4040</common:AnnotationText>
                        </common:Annotation>
                    </common:Annotations>
                    <common:Name xml:lang="en">Kenora, ON</common:Name>
                    <common:Name xml:lang="fr">Kenora, ON</common:Name>
                    <structure:Parent>
                        <Ref id="CA35"/>
                    </structure:Parent>
                </structure:Code>
                <structure:Code id="CA46">
                    <common:Annotations>
                        <common:Annotation>
                            <common:AnnotationType>ORDER</common:AnnotationType>
                            <common:AnnotationText xml:lang="en">4050</common:AnnotationText>
                            <common:AnnotationText xml:lang="fr">4050</common:AnnotationText>
                        </common:Annotation>
                    </common:Annotations>
                    <common:Name xml:lang="en">Manitoba</common:Name>
                    <common:Name xml:lang="fr">Manitoba</common:Name>
                    <structure:Parent>
                        <Ref id="CAN"/>
                    </structure:Parent>
                </structure:Code>
                <structure:Code id="CA4610N">
                    <common:Annotations>
                        <common:Annotation>
                            <common:AnnotationType>ORDER</common:AnnotationType>
                            <common:AnnotationText xml:lang="en">4060</common:AnnotationText>
                            <common:AnnotationText xml:lang="fr">4060</common:AnnotationText>
                        </common:Annotation>
                    </common:Annotations>
                    <common:Name xml:lang="en">Southeast, Manitoba</common:Name>
                    <common:Name xml:lang="fr">Southeast, Manitoba</common:Name>
                    <structure:Parent>
                        <Ref id="CA46"/>
                    </structure:Parent>
                </structure:Code>
                <structure:Code id="CA4620N">
                    <common:Annotations>
                        <common:Annotation>
                            <common:AnnotationType>ORDER</common:AnnotationType>
                            <common:AnnotationText xml:lang="en">4070</common:AnnotationText>
                            <common:AnnotationText xml:lang="fr">4070</common:AnnotationText>
                        </common:Annotation>
                    </common:Annotations>
                    <common:Name xml:lang="en">South Central, Manitoba</common:Name>
                    <common:Name xml:lang="fr">South Central, Manitoba</common:Name>
                    <structure:Parent>
                        <Ref id="CA46"/>
                    </structure:Parent>
                </structure:Code>
                <structure:Code id="CA4630N">
                    <common:Annotations>
                        <common:Annotation>
                            <common:AnnotationType>ORDER</common:AnnotationType>
                            <common:AnnotationText xml:lang="en">4080</common:AnnotationText>
                            <common:AnnotationText xml:lang="fr">4080</common:AnnotationText>
                        </common:Annotation>
                    </common:Annotations>
                    <common:Name xml:lang="en">Southwest, Manitoba</common:Name>
                    <common:Name xml:lang="fr">Southwest, Manitoba</common:Name>
                    <structure:Parent>
                        <Ref id="CA46"/>
                    </structure:Parent>
                </structure:Code>
                <structure:Code id="CA4640N">
                    <common:Annotations>
                        <common:Annotation>
                            <common:AnnotationType>ORDER</common:AnnotationType>
                            <common:AnnotationText xml:lang="en">4090</common:AnnotationText>
                            <common:AnnotationText xml:lang="fr">4090</common:AnnotationText>
                        </common:Annotation>
                    </common:Annotations>
                    <common:Name xml:lang="en">North Central, Manitoba</common:Name>
                    <common:Name xml:lang="fr">North Central, Manitoba</common:Name>
                    <structure:Parent>
                        <Ref id="CA46"/>
                    </structure:Parent>
                </structure:Code>
                <structure:Code id="CA4650N">
                    <common:Annotations>
                        <common:Annotation>
                            <common:AnnotationType>ORDER</common:AnnotationType>
                            <common:AnnotationText xml:lang="en">4100</common:AnnotationText>
                            <common:AnnotationText xml:lang="fr">4100</common:AnnotationText>
                        </common:Annotation>
                    </common:Annotations>
                    <common:Name xml:lang="en">Winnipeg, Manitoba</common:Name>
                    <common:Name xml:lang="fr">Winnipeg, Manitoba</common:Name>
                    <structure:Parent>
                        <Ref id="CA46"/>
                    </structure:Parent>
                </structure:Code>
                <structure:Code id="CA4660N">
                    <common:Annotations>
                        <common:Annotation>
                            <common:AnnotationType>ORDER</common:AnnotationType>
                            <common:AnnotationText xml:lang="en">4110</common:AnnotationText>
                            <common:AnnotationText xml:lang="fr">4110</common:AnnotationText>
                        </common:Annotation>
                    </common:Annotations>
                    <common:Name xml:lang="en">Interlake, Manitoba</common:Name>
                    <common:Name xml:lang="fr">Interlake, Manitoba</common:Name>
                    <structure:Parent>
                        <Ref id="CA46"/>
                    </structure:Parent>
                </structure:Code>
                <structure:Code id="CA4670N">
                    <common:Annotations>
                        <common:Annotation>
                            <common:AnnotationType>ORDER</common:AnnotationType>
                            <common:AnnotationText xml:lang="en">4120</common:AnnotationText>
                            <common:AnnotationText xml:lang="fr">4120</common:AnnotationText>
                        </common:Annotation>
                    </common:Annotations>
                    <common:Name xml:lang="en">Parklands and North, Manitoba</common:Name>
                    <common:Name xml:lang="fr">Parklands and North, Manitoba</common:Name>
                    <structure:Parent>
                        <Ref id="CA46"/>
                    </structure:Parent>
                </structure:Code>
                <structure:Code id="CA4601">
                    <common:Annotations>
                        <common:Annotation>
                            <common:AnnotationType>ORDER</common:AnnotationType>
                            <common:AnnotationText xml:lang="en">4130</common:AnnotationText>
                            <common:AnnotationText xml:lang="fr">4130</common:AnnotationText>
                        </common:Annotation>
                    </common:Annotations>
                    <common:Name xml:lang="en">Division 1, MB</common:Name>
                    <common:Name xml:lang="fr">Division 1, MB</common:Name>
                    <structure:Parent>
                        <Ref id="CA46"/>
                    </structure:Parent>
                </structure:Code>
                <structure:Code id="CA4602">
                    <common:Annotations>
                        <common:Annotation>
                            <common:AnnotationType>ORDER</common:AnnotationType>
                            <common:AnnotationText xml:lang="en">4140</common:AnnotationText>
                            <common:AnnotationText xml:lang="fr">4140</common:AnnotationText>
                        </common:Annotation>
                    </common:Annotations>
                    <common:Name xml:lang="en">Division 2, MB</common:Name>
                    <common:Name xml:lang="fr">Division 2, MB</common:Name>
                    <structure:Parent>
                        <Ref id="CA46"/>
                    </structure:Parent>
                </structure:Code>
                <structure:Code id="CA4603">
                    <common:Annotations>
                        <common:Annotation>
                            <common:AnnotationType>ORDER</common:AnnotationType>
                            <common:AnnotationText xml:lang="en">4150</common:AnnotationText>
                            <common:AnnotationText xml:lang="fr">4150</common:AnnotationText>
                        </common:Annotation>
                    </common:Annotations>
                    <common:Name xml:lang="en">Division 3, MB</common:Name>
                    <common:Name xml:lang="fr">Division 3, MB</common:Name>
                    <structure:Parent>
                        <Ref id="CA46"/>
                    </structure:Parent>
                </structure:Code>
                <structure:Code id="CA4604">
                    <common:Annotations>
                        <common:Annotation>
                            <common:AnnotationType>ORDER</common:AnnotationType>
                            <common:AnnotationText xml:lang="en">4160</common:AnnotationText>
                            <common:AnnotationText xml:lang="fr">4160</common:AnnotationText>
                        </common:Annotation>
                    </common:Annotations>
                    <common:Name xml:lang="en">Division 4, MB</common:Name>
                    <common:Name xml:lang="fr">Division 4, MB</common:Name>
                    <structure:Parent>
                        <Ref id="CA46"/>
                    </structure:Parent>
                </structure:Code>
                <structure:Code id="CA4605">
                    <common:Annotations>
                        <common:Annotation>
                            <common:AnnotationType>ORDER</common:AnnotationType>
                            <common:AnnotationText xml:lang="en">4170</common:AnnotationText>
                            <common:AnnotationText xml:lang="fr">4170</common:AnnotationText>
                        </common:Annotation>
                    </common:Annotations>
                    <common:Name xml:lang="en">Division 5, MB</common:Name>
                    <common:Name xml:lang="fr">Division 5, MB</common:Name>
                    <structure:Parent>
                        <Ref id="CA46"/>
                    </structure:Parent>
                </structure:Code>
                <structure:Code id="CA4606">
                    <common:Annotations>
                        <common:Annotation>
                            <common:AnnotationType>ORDER</common:AnnotationType>
                            <common:AnnotationText xml:lang="en">4180</common:AnnotationText>
                            <common:AnnotationText xml:lang="fr">4180</common:AnnotationText>
                        </common:Annotation>
                    </common:Annotations>
                    <common:Name xml:lang="en">Division 6, MB</common:Name>
                    <common:Name xml:lang="fr">Division 6, MB</common:Name>
                    <structure:Parent>
                        <Ref id="CA46"/>
                    </structure:Parent>
                </structure:Code>
                <structure:Code id="CA4607">
                    <common:Annotations>
                        <common:Annotation>
                            <common:AnnotationType>ORDER</common:AnnotationType>
                            <common:AnnotationText xml:lang="en">4190</common:AnnotationText>
                            <common:AnnotationText xml:lang="fr">4190</common:AnnotationText>
                        </common:Annotation>
                    </common:Annotations>
                    <common:Name xml:lang="en">Division 7, MB</common:Name>
                    <common:Name xml:lang="fr">Division 7, MB</common:Name>
                    <structure:Parent>
                        <Ref id="CA46"/>
                    </structure:Parent>
                </structure:Code>
                <structure:Code id="CA4608">
                    <common:Annotations>
                        <common:Annotation>
                            <common:AnnotationType>ORDER</common:AnnotationType>
                            <common:AnnotationText xml:lang="en">4200</common:AnnotationText>
                            <common:AnnotationText xml:lang="fr">4200</common:AnnotationText>
                        </common:Annotation>
                    </common:Annotations>
                    <common:Name xml:lang="en">Division 8, MB</common:Name>
                    <common:Name xml:lang="fr">Division 8, MB</common:Name>
                    <structure:Parent>
                        <Ref id="CA46"/>
                    </structure:Parent>
                </structure:Code>
                <structure:Code id="CA4609">
                    <common:Annotations>
                        <common:Annotation>
                            <common:AnnotationType>ORDER</common:AnnotationType>
                            <common:AnnotationText xml:lang="en">4210</common:AnnotationText>
                            <common:AnnotationText xml:lang="fr">4210</common:AnnotationText>
                        </common:Annotation>
                    </common:Annotations>
                    <common:Name xml:lang="en">Division 9, MB</common:Name>
                    <common:Name xml:lang="fr">Division 9, MB</common:Name>
                    <structure:Parent>
                        <Ref id="CA46"/>
                    </structure:Parent>
                </structure:Code>
                <structure:Code id="CA4610">
                    <common:Annotations>
                        <common:Annotation>
                            <common:AnnotationType>ORDER</common:AnnotationType>
                            <common:AnnotationText xml:lang="en">4220</common:AnnotationText>
                            <common:AnnotationText xml:lang="fr">4220</common:AnnotationText>
                        </common:Annotation>
                    </common:Annotations>
                    <common:Name xml:lang="en">Division 10, MB</common:Name>
                    <common:Name xml:lang="fr">Division 10, MB</common:Name>
                    <structure:Parent>
                        <Ref id="CA46"/>
                    </structure:Parent>
                </structure:Code>
                <structure:Code id="CA4611">
                    <common:Annotations>
                        <common:Annotation>
                            <common:AnnotationType>ORDER</common:AnnotationType>
                            <common:AnnotationText xml:lang="en">4230</common:AnnotationText>
                            <common:AnnotationText xml:lang="fr">4230</common:AnnotationText>
                        </common:Annotation>
                    </common:Annotations>
                    <common:Name xml:lang="en">Division 11, MB</common:Name>
                    <common:Name xml:lang="fr">Division 11, MB</common:Name>
                    <structure:Parent>
                        <Ref id="CA46"/>
                    </structure:Parent>
                </structure:Code>
                <structure:Code id="CA4612">
                    <common:Annotations>
                        <common:Annotation>
                            <common:AnnotationType>ORDER</common:AnnotationType>
                            <common:AnnotationText xml:lang="en">4240</common:AnnotationText>
                            <common:AnnotationText xml:lang="fr">4240</common:AnnotationText>
                        </common:Annotation>
                    </common:Annotations>
                    <common:Name xml:lang="en">Division 12, MB</common:Name>
                    <common:Name xml:lang="fr">Division 12, MB</common:Name>
                    <structure:Parent>
                        <Ref id="CA46"/>
                    </structure:Parent>
                </structure:Code>
                <structure:Code id="CA4613">
                    <common:Annotations>
                        <common:Annotation>
                            <common:AnnotationType>ORDER</common:AnnotationType>
                            <common:AnnotationText xml:lang="en">4250</common:AnnotationText>
                            <common:AnnotationText xml:lang="fr">4250</common:AnnotationText>
                        </common:Annotation>
                    </common:Annotations>
                    <common:Name xml:lang="en">Division 13, MB</common:Name>
                    <common:Name xml:lang="fr">Division 13, MB</common:Name>
                    <structure:Parent>
                        <Ref id="CA46"/>
                    </structure:Parent>
                </structure:Code>
                <structure:Code id="CA4614">
                    <common:Annotations>
                        <common:Annotation>
                            <common:AnnotationType>ORDER</common:AnnotationType>
                            <common:AnnotationText xml:lang="en">4260</common:AnnotationText>
                            <common:AnnotationText xml:lang="fr">4260</common:AnnotationText>
                        </common:Annotation>
                    </common:Annotations>
                    <common:Name xml:lang="en">Division 14, MB</common:Name>
                    <common:Name xml:lang="fr">Division 14, MB</common:Name>
                    <structure:Parent>
                        <Ref id="CA46"/>
                    </structure:Parent>
                </structure:Code>
                <structure:Code id="CA4615">
                    <common:Annotations>
                        <common:Annotation>
                            <common:AnnotationType>ORDER</common:AnnotationType>
                            <common:AnnotationText xml:lang="en">4270</common:AnnotationText>
                            <common:AnnotationText xml:lang="fr">4270</common:AnnotationText>
                        </common:Annotation>
                    </common:Annotations>
                    <common:Name xml:lang="en">Division 15, MB</common:Name>
                    <common:Name xml:lang="fr">Division 15, MB</common:Name>
                    <structure:Parent>
                        <Ref id="CA46"/>
                    </structure:Parent>
                </structure:Code>
                <structure:Code id="CA4616">
                    <common:Annotations>
                        <common:Annotation>
                            <common:AnnotationType>ORDER</common:AnnotationType>
                            <common:AnnotationText xml:lang="en">4280</common:AnnotationText>
                            <common:AnnotationText xml:lang="fr">4280</common:AnnotationText>
                        </common:Annotation>
                    </common:Annotations>
                    <common:Name xml:lang="en">Division 16, MB</common:Name>
                    <common:Name xml:lang="fr">Division 16, MB</common:Name>
                    <structure:Parent>
                        <Ref id="CA46"/>
                    </structure:Parent>
                </structure:Code>
                <structure:Code id="CA4617">
                    <common:Annotations>
                        <common:Annotation>
                            <common:AnnotationType>ORDER</common:AnnotationType>
                            <common:AnnotationText xml:lang="en">4290</common:AnnotationText>
                            <common:AnnotationText xml:lang="fr">4290</common:AnnotationText>
                        </common:Annotation>
                    </common:Annotations>
                    <common:Name xml:lang="en">Division 17, MB</common:Name>
                    <common:Name xml:lang="fr">Division 17, MB</common:Name>
                    <structure:Parent>
                        <Ref id="CA46"/>
                    </structure:Parent>
                </structure:Code>
                <structure:Code id="CA4618">
                    <common:Annotations>
                        <common:Annotation>
                            <common:AnnotationType>ORDER</common:AnnotationType>
                            <common:AnnotationText xml:lang="en">4300</common:AnnotationText>
                            <common:AnnotationText xml:lang="fr">4300</common:AnnotationText>
                        </common:Annotation>
                    </common:Annotations>
                    <common:Name xml:lang="en">Division 18, MB</common:Name>
                    <common:Name xml:lang="fr">Division 18, MB</common:Name>
                    <structure:Parent>
                        <Ref id="CA46"/>
                    </structure:Parent>
                </structure:Code>
                <structure:Code id="CA4619">
                    <common:Annotations>
                        <common:Annotation>
                            <common:AnnotationType>ORDER</common:AnnotationType>
                            <common:AnnotationText xml:lang="en">4310</common:AnnotationText>
                            <common:AnnotationText xml:lang="fr">4310</common:AnnotationText>
                        </common:Annotation>
                    </common:Annotations>
                    <common:Name xml:lang="en">Division 19, MB</common:Name>
                    <common:Name xml:lang="fr">Division 19, MB</common:Name>
                    <structure:Parent>
                        <Ref id="CA46"/>
                    </structure:Parent>
                </structure:Code>
                <structure:Code id="CA4620">
                    <common:Annotations>
                        <common:Annotation>
                            <common:AnnotationType>ORDER</common:AnnotationType>
                            <common:AnnotationText xml:lang="en">4320</common:AnnotationText>
                            <common:AnnotationText xml:lang="fr">4320</common:AnnotationText>
                        </common:Annotation>
                    </common:Annotations>
                    <common:Name xml:lang="en">Division 20, MB</common:Name>
                    <common:Name xml:lang="fr">Division 20, MB</common:Name>
                    <structure:Parent>
                        <Ref id="CA46"/>
                    </structure:Parent>
                </structure:Code>
                <structure:Code id="CA4621">
                    <common:Annotations>
                        <common:Annotation>
                            <common:AnnotationType>ORDER</common:AnnotationType>
                            <common:AnnotationText xml:lang="en">4330</common:AnnotationText>
                            <common:AnnotationText xml:lang="fr">4330</common:AnnotationText>
                        </common:Annotation>
                    </common:Annotations>
                    <common:Name xml:lang="en">Division 21, MB</common:Name>
                    <common:Name xml:lang="fr">Division 21, MB</common:Name>
                    <structure:Parent>
                        <Ref id="CA46"/>
                    </structure:Parent>
                </structure:Code>
                <structure:Code id="CA4622">
                    <common:Annotations>
                        <common:Annotation>
                            <common:AnnotationType>ORDER</common:AnnotationType>
                            <common:AnnotationText xml:lang="en">4340</common:AnnotationText>
                            <common:AnnotationText xml:lang="fr">4340</common:AnnotationText>
                        </common:Annotation>
                    </common:Annotations>
                    <common:Name xml:lang="en">Division 22, MB</common:Name>
                    <common:Name xml:lang="fr">Division 22, MB</common:Name>
                    <structure:Parent>
                        <Ref id="CA46"/>
                    </structure:Parent>
                </structure:Code>
                <structure:Code id="CA4623">
                    <common:Annotations>
                        <common:Annotation>
                            <common:AnnotationType>ORDER</common:AnnotationType>
                            <common:AnnotationText xml:lang="en">4350</common:AnnotationText>
                            <common:AnnotationText xml:lang="fr">4350</common:AnnotationText>
                        </common:Annotation>
                    </common:Annotations>
                    <common:Name xml:lang="en">Division 23, MB</common:Name>
                    <common:Name xml:lang="fr">Division 23, MB</common:Name>
                    <structure:Parent>
                        <Ref id="CA46"/>
                    </structure:Parent>
                </structure:Code>
                <structure:Code id="CA47">
                    <common:Annotations>
                        <common:Annotation>
                            <common:AnnotationType>ORDER</common:AnnotationType>
                            <common:AnnotationText xml:lang="en">4360</common:AnnotationText>
                            <common:AnnotationText xml:lang="fr">4360</common:AnnotationText>
                        </common:Annotation>
                    </common:Annotations>
                    <common:Name xml:lang="en">Saskatchewan</common:Name>
                    <common:Name xml:lang="fr">Saskatchewan</common:Name>
                    <structure:Parent>
                        <Ref id="CAN"/>
                    </structure:Parent>
                </structure:Code>
                <structure:Code id="CA4710N">
                    <common:Annotations>
                        <common:Annotation>
                            <common:AnnotationType>ORDER</common:AnnotationType>
                            <common:AnnotationText xml:lang="en">4370</common:AnnotationText>
                            <common:AnnotationText xml:lang="fr">4370</common:AnnotationText>
                        </common:Annotation>
                    </common:Annotations>
                    <common:Name xml:lang="en">Regina-Moose Mountain, Saskatchewan</common:Name>
                    <common:Name xml:lang="fr">Regina-Moose Mountain, Saskatchewan</common:Name>
                    <structure:Parent>
                        <Ref id="CA47"/>
                    </structure:Parent>
                </structure:Code>
                <structure:Code id="CA4720N">
                    <common:Annotations>
                        <common:Annotation>
                            <common:AnnotationType>ORDER</common:AnnotationType>
                            <common:AnnotationText xml:lang="en">4380</common:AnnotationText>
                            <common:AnnotationText xml:lang="fr">4380</common:AnnotationText>
                        </common:Annotation>
                    </common:Annotations>
                    <common:Name xml:lang="en">Swift Current-Moose Jaw, Saskatchewan</common:Name>
                    <common:Name xml:lang="fr">Swift Current-Moose Jaw, Saskatchewan</common:Name>
                    <structure:Parent>
                        <Ref id="CA47"/>
                    </structure:Parent>
                </structure:Code>
                <structure:Code id="CA4730N">
                    <common:Annotations>
                        <common:Annotation>
                            <common:AnnotationType>ORDER</common:AnnotationType>
                            <common:AnnotationText xml:lang="en">4390</common:AnnotationText>
                            <common:AnnotationText xml:lang="fr">4390</common:AnnotationText>
                        </common:Annotation>
                    </common:Annotations>
                    <common:Name xml:lang="en">Saskatoon-Biggar, Saskatchewan</common:Name>
                    <common:Name xml:lang="fr">Saskatoon-Biggar, Saskatchewan</common:Name>
                    <structure:Parent>
                        <Ref id="CA47"/>
                    </structure:Parent>
                </structure:Code>
                <structure:Code id="CA4740N">
                    <common:Annotations>
                        <common:Annotation>
                            <common:AnnotationType>ORDER</common:AnnotationType>
                            <common:AnnotationText xml:lang="en">4400</common:AnnotationText>
                            <common:AnnotationText xml:lang="fr">4400</common:AnnotationText>
                        </common:Annotation>
                    </common:Annotations>
                    <common:Name xml:lang="en">Yorkton-Melville, Saskatchewan</common:Name>
                    <common:Name xml:lang="fr">Yorkton-Melville, Saskatchewan</common:Name>
                    <structure:Parent>
                        <Ref id="CA47"/>
                    </structure:Parent>
                </structure:Code>
                <structure:Code id="CA4750N">
                    <common:Annotations>
                        <common:Annotation>
                            <common:AnnotationType>ORDER</common:AnnotationType>
                            <common:AnnotationText xml:lang="en">4410</common:AnnotationText>
                            <common:AnnotationText xml:lang="fr">4410</common:AnnotationText>
                        </common:Annotation>
                    </common:Annotations>
                    <common:Name xml:lang="en">Prince Albert and Northern, Saskatchewan</common:Name>
                    <common:Name xml:lang="fr">Prince Albert and Northern, Saskatchewan</common:Name>
                    <structure:Parent>
                        <Ref id="CA47"/>
                    </structure:Parent>
                </structure:Code>
                <structure:Code id="CA4701">
                    <common:Annotations>
                        <common:Annotation>
                            <common:AnnotationType>ORDER</common:AnnotationType>
                            <common:AnnotationText xml:lang="en">4420</common:AnnotationText>
                            <common:AnnotationText xml:lang="fr">4420</common:AnnotationText>
                        </common:Annotation>
                    </common:Annotations>
                    <common:Name xml:lang="en">Division 1, SK</common:Name>
                    <common:Name xml:lang="fr">Division 1, SK</common:Name>
                    <structure:Parent>
                        <Ref id="CA47"/>
                    </structure:Parent>
                </structure:Code>
                <structure:Code id="CA4702">
                    <common:Annotations>
                        <common:Annotation>
                            <common:AnnotationType>ORDER</common:AnnotationType>
                            <common:AnnotationText xml:lang="en">4430</common:AnnotationText>
                            <common:AnnotationText xml:lang="fr">4430</common:AnnotationText>
                        </common:Annotation>
                    </common:Annotations>
                    <common:Name xml:lang="en">Division 2, SK</common:Name>
                    <common:Name xml:lang="fr">Division 2, SK</common:Name>
                    <structure:Parent>
                        <Ref id="CA47"/>
                    </structure:Parent>
                </structure:Code>
                <structure:Code id="CA4703">
                    <common:Annotations>
                        <common:Annotation>
                            <common:AnnotationType>ORDER</common:AnnotationType>
                            <common:AnnotationText xml:lang="en">4440</common:AnnotationText>
                            <common:AnnotationText xml:lang="fr">4440</common:AnnotationText>
                        </common:Annotation>
                    </common:Annotations>
                    <common:Name xml:lang="en">Division 3, SK</common:Name>
                    <common:Name xml:lang="fr">Division 3, SK</common:Name>
                    <structure:Parent>
                        <Ref id="CA47"/>
                    </structure:Parent>
                </structure:Code>
                <structure:Code id="CA4704">
                    <common:Annotations>
                        <common:Annotation>
                            <common:AnnotationType>ORDER</common:AnnotationType>
                            <common:AnnotationText xml:lang="en">4450</common:AnnotationText>
                            <common:AnnotationText xml:lang="fr">4450</common:AnnotationText>
                        </common:Annotation>
                    </common:Annotations>
                    <common:Name xml:lang="en">Division 4, SK</common:Name>
                    <common:Name xml:lang="fr">Division 4, SK</common:Name>
                    <structure:Parent>
                        <Ref id="CA47"/>
                    </structure:Parent>
                </structure:Code>
                <structure:Code id="CA4705">
                    <common:Annotations>
                        <common:Annotation>
                            <common:AnnotationType>ORDER</common:AnnotationType>
                            <common:AnnotationText xml:lang="en">4460</common:AnnotationText>
                            <common:AnnotationText xml:lang="fr">4460</common:AnnotationText>
                        </common:Annotation>
                    </common:Annotations>
                    <common:Name xml:lang="en">Division 5, SK</common:Name>
                    <common:Name xml:lang="fr">Division 5, SK</common:Name>
                    <structure:Parent>
                        <Ref id="CA47"/>
                    </structure:Parent>
                </structure:Code>
                <structure:Code id="CA4706">
                    <common:Annotations>
                        <common:Annotation>
                            <common:AnnotationType>ORDER</common:AnnotationType>
                            <common:AnnotationText xml:lang="en">4470</common:AnnotationText>
                            <common:AnnotationText xml:lang="fr">4470</common:AnnotationText>
                        </common:Annotation>
                    </common:Annotations>
                    <common:Name xml:lang="en">Division 6, SK</common:Name>
                    <common:Name xml:lang="fr">Division 6, SK</common:Name>
                    <structure:Parent>
                        <Ref id="CA47"/>
                    </structure:Parent>
                </structure:Code>
                <structure:Code id="CA4707">
                    <common:Annotations>
                        <common:Annotation>
                            <common:AnnotationType>ORDER</common:AnnotationType>
                            <common:AnnotationText xml:lang="en">4480</common:AnnotationText>
                            <common:AnnotationText xml:lang="fr">4480</common:AnnotationText>
                        </common:Annotation>
                    </common:Annotations>
                    <common:Name xml:lang="en">Division 7, SK</common:Name>
                    <common:Name xml:lang="fr">Division 7, SK</common:Name>
                    <structure:Parent>
                        <Ref id="CA47"/>
                    </structure:Parent>
                </structure:Code>
                <structure:Code id="CA4708">
                    <common:Annotations>
                        <common:Annotation>
                            <common:AnnotationType>ORDER</common:AnnotationType>
                            <common:AnnotationText xml:lang="en">4490</common:AnnotationText>
                            <common:AnnotationText xml:lang="fr">4490</common:AnnotationText>
                        </common:Annotation>
                    </common:Annotations>
                    <common:Name xml:lang="en">Division 8, SK</common:Name>
                    <common:Name xml:lang="fr">Division 8, SK</common:Name>
                    <structure:Parent>
                        <Ref id="CA47"/>
                    </structure:Parent>
                </structure:Code>
                <structure:Code id="CA4709">
                    <common:Annotations>
                        <common:Annotation>
                            <common:AnnotationType>ORDER</common:AnnotationType>
                            <common:AnnotationText xml:lang="en">4500</common:AnnotationText>
                            <common:AnnotationText xml:lang="fr">4500</common:AnnotationText>
                        </common:Annotation>
                    </common:Annotations>
                    <common:Name xml:lang="en">Division 9, SK</common:Name>
                    <common:Name xml:lang="fr">Division 9, SK</common:Name>
                    <structure:Parent>
                        <Ref id="CA47"/>
                    </structure:Parent>
                </structure:Code>
                <structure:Code id="CA4710">
                    <common:Annotations>
                        <common:Annotation>
                            <common:AnnotationType>ORDER</common:AnnotationType>
                            <common:AnnotationText xml:lang="en">4510</common:AnnotationText>
                            <common:AnnotationText xml:lang="fr">4510</common:AnnotationText>
                        </common:Annotation>
                    </common:Annotations>
                    <common:Name xml:lang="en">Division 10, SK</common:Name>
                    <common:Name xml:lang="fr">Division 10, SK</common:Name>
                    <structure:Parent>
                        <Ref id="CA47"/>
                    </structure:Parent>
                </structure:Code>
                <structure:Code id="CA4711">
                    <common:Annotations>
                        <common:Annotation>
                            <common:AnnotationType>ORDER</common:AnnotationType>
                            <common:AnnotationText xml:lang="en">4520</common:AnnotationText>
                            <common:AnnotationText xml:lang="fr">4520</common:AnnotationText>
                        </common:Annotation>
                    </common:Annotations>
                    <common:Name xml:lang="en">Division 11, SK</common:Name>
                    <common:Name xml:lang="fr">Division 11, SK</common:Name>
                    <structure:Parent>
                        <Ref id="CA47"/>
                    </structure:Parent>
                </structure:Code>
                <structure:Code id="CA4712">
                    <common:Annotations>
                        <common:Annotation>
                            <common:AnnotationType>ORDER</common:AnnotationType>
                            <common:AnnotationText xml:lang="en">4530</common:AnnotationText>
                            <common:AnnotationText xml:lang="fr">4530</common:AnnotationText>
                        </common:Annotation>
                    </common:Annotations>
                    <common:Name xml:lang="en">Division 12, SK</common:Name>
                    <common:Name xml:lang="fr">Division 12, SK</common:Name>
                    <structure:Parent>
                        <Ref id="CA47"/>
                    </structure:Parent>
                </structure:Code>
                <structure:Code id="CA4713">
                    <common:Annotations>
                        <common:Annotation>
                            <common:AnnotationType>ORDER</common:AnnotationType>
                            <common:AnnotationText xml:lang="en">4540</common:AnnotationText>
                            <common:AnnotationText xml:lang="fr">4540</common:AnnotationText>
                        </common:Annotation>
                    </common:Annotations>
                    <common:Name xml:lang="en">Division 13, SK</common:Name>
                    <common:Name xml:lang="fr">Division 13, SK</common:Name>
                    <structure:Parent>
                        <Ref id="CA47"/>
                    </structure:Parent>
                </structure:Code>
                <structure:Code id="CA4714">
                    <common:Annotations>
                        <common:Annotation>
                            <common:AnnotationType>ORDER</common:AnnotationType>
                            <common:AnnotationText xml:lang="en">4550</common:AnnotationText>
                            <common:AnnotationText xml:lang="fr">4550</common:AnnotationText>
                        </common:Annotation>
                    </common:Annotations>
                    <common:Name xml:lang="en">Division 14, SK</common:Name>
                    <common:Name xml:lang="fr">Division 14, SK</common:Name>
                    <structure:Parent>
                        <Ref id="CA47"/>
                    </structure:Parent>
                </structure:Code>
                <structure:Code id="CA4715">
                    <common:Annotations>
                        <common:Annotation>
                            <common:AnnotationType>ORDER</common:AnnotationType>
                            <common:AnnotationText xml:lang="en">4560</common:AnnotationText>
                            <common:AnnotationText xml:lang="fr">4560</common:AnnotationText>
                        </common:Annotation>
                    </common:Annotations>
                    <common:Name xml:lang="en">Division 15, SK</common:Name>
                    <common:Name xml:lang="fr">Division 15, SK</common:Name>
                    <structure:Parent>
                        <Ref id="CA47"/>
                    </structure:Parent>
                </structure:Code>
                <structure:Code id="CA4716">
                    <common:Annotations>
                        <common:Annotation>
                            <common:AnnotationType>ORDER</common:AnnotationType>
                            <common:AnnotationText xml:lang="en">4570</common:AnnotationText>
                            <common:AnnotationText xml:lang="fr">4570</common:AnnotationText>
                        </common:Annotation>
                    </common:Annotations>
                    <common:Name xml:lang="en">Division 16, SK</common:Name>
                    <common:Name xml:lang="fr">Division 16, SK</common:Name>
                    <structure:Parent>
                        <Ref id="CA47"/>
                    </structure:Parent>
                </structure:Code>
                <structure:Code id="CA4717">
                    <common:Annotations>
                        <common:Annotation>
                            <common:AnnotationType>ORDER</common:AnnotationType>
                            <common:AnnotationText xml:lang="en">4580</common:AnnotationText>
                            <common:AnnotationText xml:lang="fr">4580</common:AnnotationText>
                        </common:Annotation>
                    </common:Annotations>
                    <common:Name xml:lang="en">Division 17, SK</common:Name>
                    <common:Name xml:lang="fr">Division 17, SK</common:Name>
                    <structure:Parent>
                        <Ref id="CA47"/>
                    </structure:Parent>
                </structure:Code>
                <structure:Code id="CA4718">
                    <common:Annotations>
                        <common:Annotation>
                            <common:AnnotationType>ORDER</common:AnnotationType>
                            <common:AnnotationText xml:lang="en">4590</common:AnnotationText>
                            <common:AnnotationText xml:lang="fr">4590</common:AnnotationText>
                        </common:Annotation>
                    </common:Annotations>
                    <common:Name xml:lang="en">Division 18, SK</common:Name>
                    <common:Name xml:lang="fr">Division 18, SK</common:Name>
                    <structure:Parent>
                        <Ref id="CA47"/>
                    </structure:Parent>
                </structure:Code>
                <structure:Code id="CA48">
                    <common:Annotations>
                        <common:Annotation>
                            <common:AnnotationType>ORDER</common:AnnotationType>
                            <common:AnnotationText xml:lang="en">4600</common:AnnotationText>
                            <common:AnnotationText xml:lang="fr">4600</common:AnnotationText>
                        </common:Annotation>
                    </common:Annotations>
                    <common:Name xml:lang="en">Alberta</common:Name>
                    <common:Name xml:lang="fr">Alberta</common:Name>
                    <structure:Parent>
                        <Ref id="CAN"/>
                    </structure:Parent>
                </structure:Code>
                <structure:Code id="CA4810N">
                    <common:Annotations>
                        <common:Annotation>
                            <common:AnnotationType>ORDER</common:AnnotationType>
                            <common:AnnotationText xml:lang="en">4610</common:AnnotationText>
                            <common:AnnotationText xml:lang="fr">4610</common:AnnotationText>
                        </common:Annotation>
                    </common:Annotations>
                    <common:Name xml:lang="en">Lethbridge-Medicine Hat, Alberta</common:Name>
                    <common:Name xml:lang="fr">Lethbridge-Medicine Hat, Alberta</common:Name>
                    <structure:Parent>
                        <Ref id="CA48"/>
                    </structure:Parent>
                </structure:Code>
                <structure:Code id="CA4820N">
                    <common:Annotations>
                        <common:Annotation>
                            <common:AnnotationType>ORDER</common:AnnotationType>
                            <common:AnnotationText xml:lang="en">4620</common:AnnotationText>
                            <common:AnnotationText xml:lang="fr">4620</common:AnnotationText>
                        </common:Annotation>
                    </common:Annotations>
                    <common:Name xml:lang="en">Camrose-Drumheller, Alberta</common:Name>
                    <common:Name xml:lang="fr">Camrose-Drumheller, Alberta</common:Name>
                    <structure:Parent>
                        <Ref id="CA48"/>
                    </structure:Parent>
                </structure:Code>
                <structure:Code id="CA4830N">
                    <common:Annotations>
                        <common:Annotation>
                            <common:AnnotationType>ORDER</common:AnnotationType>
                            <common:AnnotationText xml:lang="en">4630</common:AnnotationText>
                            <common:AnnotationText xml:lang="fr">4630</common:AnnotationText>
                        </common:Annotation>
                    </common:Annotations>
                    <common:Name xml:lang="en">Calgary, Alberta</common:Name>
                    <common:Name xml:lang="fr">Calgary, Alberta</common:Name>
                    <structure:Parent>
                        <Ref id="CA48"/>
                    </structure:Parent>
                </structure:Code>
                <structure:Code id="CA4840N">
                    <common:Annotations>
                        <common:Annotation>
                            <common:AnnotationType>ORDER</common:AnnotationType>
                            <common:AnnotationText xml:lang="en">4640</common:AnnotationText>
                            <common:AnnotationText xml:lang="fr">4640</common:AnnotationText>
                        </common:Annotation>
                    </common:Annotations>
                    <common:Name xml:lang="en">Banff-Jasper-Rocky Mountain House, Alberta</common:Name>
                    <common:Name xml:lang="fr">Banff-Jasper-Rocky Mountain House, Alberta</common:Name>
                    <structure:Parent>
                        <Ref id="CA48"/>
                    </structure:Parent>
                </structure:Code>
                <structure:Code id="CA4850N">
                    <common:Annotations>
                        <common:Annotation>
                            <common:AnnotationType>ORDER</common:AnnotationType>
                            <common:AnnotationText xml:lang="en">4650</common:AnnotationText>
                            <common:AnnotationText xml:lang="fr">4650</common:AnnotationText>
                        </common:Annotation>
                    </common:Annotations>
                    <common:Name xml:lang="en">Red Deer, Alberta</common:Name>
                    <common:Name xml:lang="fr">Red Deer, Alberta</common:Name>
                    <structure:Parent>
                        <Ref id="CA48"/>
                    </structure:Parent>
                </structure:Code>
                <structure:Code id="CA4860N">
                    <common:Annotations>
                        <common:Annotation>
                            <common:AnnotationType>ORDER</common:AnnotationType>
                            <common:AnnotationText xml:lang="en">4660</common:AnnotationText>
                            <common:AnnotationText xml:lang="fr">4660</common:AnnotationText>
                        </common:Annotation>
                    </common:Annotations>
                    <common:Name xml:lang="en">Edmonton, Alberta</common:Name>
                    <common:Name xml:lang="fr">Edmonton, Alberta</common:Name>
                    <structure:Parent>
                        <Ref id="CA48"/>
                    </structure:Parent>
                </structure:Code>
                <structure:Code id="CA4870N">
                    <common:Annotations>
                        <common:Annotation>
                            <common:AnnotationType>ORDER</common:AnnotationType>
                            <common:AnnotationText xml:lang="en">4670</common:AnnotationText>
                            <common:AnnotationText xml:lang="fr">4670</common:AnnotationText>
                        </common:Annotation>
                    </common:Annotations>
                    <common:Name xml:lang="en">Athabasca-Grande Prairie-Peace River, Alberta</common:Name>
                    <common:Name xml:lang="fr">Athabasca-Grande Prairie-Peace River, Alberta</common:Name>
                    <structure:Parent>
                        <Ref id="CA48"/>
                    </structure:Parent>
                </structure:Code>
                <structure:Code id="CA4880N">
                    <common:Annotations>
                        <common:Annotation>
                            <common:AnnotationType>ORDER</common:AnnotationType>
                            <common:AnnotationText xml:lang="en">4680</common:AnnotationText>
                            <common:AnnotationText xml:lang="fr">4680</common:AnnotationText>
                        </common:Annotation>
                    </common:Annotations>
                    <common:Name xml:lang="en">Wood Buffalo-Cold Lake, Alberta</common:Name>
                    <common:Name xml:lang="fr">Wood Buffalo-Cold Lake, Alberta</common:Name>
                    <structure:Parent>
                        <Ref id="CA48"/>
                    </structure:Parent>
                </structure:Code>
                <structure:Code id="CA4801">
                    <common:Annotations>
                        <common:Annotation>
                            <common:AnnotationType>ORDER</common:AnnotationType>
                            <common:AnnotationText xml:lang="en">4690</common:AnnotationText>
                            <common:AnnotationText xml:lang="fr">4690</common:AnnotationText>
                        </common:Annotation>
                    </common:Annotations>
                    <common:Name xml:lang="en">Division 1, AB</common:Name>
                    <common:Name xml:lang="fr">Division 1, AB</common:Name>
                    <structure:Parent>
                        <Ref id="CA48"/>
                    </structure:Parent>
                </structure:Code>
                <structure:Code id="CA4802">
                    <common:Annotations>
                        <common:Annotation>
                            <common:AnnotationType>ORDER</common:AnnotationType>
                            <common:AnnotationText xml:lang="en">4700</common:AnnotationText>
                            <common:AnnotationText xml:lang="fr">4700</common:AnnotationText>
                        </common:Annotation>
                    </common:Annotations>
                    <common:Name xml:lang="en">Division 2, AB</common:Name>
                    <common:Name xml:lang="fr">Division 2, AB</common:Name>
                    <structure:Parent>
                        <Ref id="CA48"/>
                    </structure:Parent>
                </structure:Code>
                <structure:Code id="CA4803">
                    <common:Annotations>
                        <common:Annotation>
                            <common:AnnotationType>ORDER</common:AnnotationType>
                            <common:AnnotationText xml:lang="en">4710</common:AnnotationText>
                            <common:AnnotationText xml:lang="fr">4710</common:AnnotationText>
                        </common:Annotation>
                    </common:Annotations>
                    <common:Name xml:lang="en">Division 3, AB</common:Name>
                    <common:Name xml:lang="fr">Division 3, AB</common:Name>
                    <structure:Parent>
                        <Ref id="CA48"/>
                    </structure:Parent>
                </structure:Code>
                <structure:Code id="CA4804">
                    <common:Annotations>
                        <common:Annotation>
                            <common:AnnotationType>ORDER</common:AnnotationType>
                            <common:AnnotationText xml:lang="en">4720</common:AnnotationText>
                            <common:AnnotationText xml:lang="fr">4720</common:AnnotationText>
                        </common:Annotation>
                    </common:Annotations>
                    <common:Name xml:lang="en">Division 4, AB</common:Name>
                    <common:Name xml:lang="fr">Division 4, AB</common:Name>
                    <structure:Parent>
                        <Ref id="CA48"/>
                    </structure:Parent>
                </structure:Code>
                <structure:Code id="CA4805">
                    <common:Annotations>
                        <common:Annotation>
                            <common:AnnotationType>ORDER</common:AnnotationType>
                            <common:AnnotationText xml:lang="en">4730</common:AnnotationText>
                            <common:AnnotationText xml:lang="fr">4730</common:AnnotationText>
                        </common:Annotation>
                    </common:Annotations>
                    <common:Name xml:lang="en">Division 5, AB</common:Name>
                    <common:Name xml:lang="fr">Division 5, AB</common:Name>
                    <structure:Parent>
                        <Ref id="CA48"/>
                    </structure:Parent>
                </structure:Code>
                <structure:Code id="CA4806">
                    <common:Annotations>
                        <common:Annotation>
                            <common:AnnotationType>ORDER</common:AnnotationType>
                            <common:AnnotationText xml:lang="en">4740</common:AnnotationText>
                            <common:AnnotationText xml:lang="fr">4740</common:AnnotationText>
                        </common:Annotation>
                    </common:Annotations>
                    <common:Name xml:lang="en">Division 6, AB</common:Name>
                    <common:Name xml:lang="fr">Division 6, AB</common:Name>
                    <structure:Parent>
                        <Ref id="CA48"/>
                    </structure:Parent>
                </structure:Code>
                <structure:Code id="CA4807">
                    <common:Annotations>
                        <common:Annotation>
                            <common:AnnotationType>ORDER</common:AnnotationType>
                            <common:AnnotationText xml:lang="en">4750</common:AnnotationText>
                            <common:AnnotationText xml:lang="fr">4750</common:AnnotationText>
                        </common:Annotation>
                    </common:Annotations>
                    <common:Name xml:lang="en">Division 7, AB</common:Name>
                    <common:Name xml:lang="fr">Division 7, AB</common:Name>
                    <structure:Parent>
                        <Ref id="CA48"/>
                    </structure:Parent>
                </structure:Code>
                <structure:Code id="CA4808">
                    <common:Annotations>
                        <common:Annotation>
                            <common:AnnotationType>ORDER</common:AnnotationType>
                            <common:AnnotationText xml:lang="en">4760</common:AnnotationText>
                            <common:AnnotationText xml:lang="fr">4760</common:AnnotationText>
                        </common:Annotation>
                    </common:Annotations>
                    <common:Name xml:lang="en">Division 8, AB</common:Name>
                    <common:Name xml:lang="fr">Division 8, AB</common:Name>
                    <structure:Parent>
                        <Ref id="CA48"/>
                    </structure:Parent>
                </structure:Code>
                <structure:Code id="CA4809">
                    <common:Annotations>
                        <common:Annotation>
                            <common:AnnotationType>ORDER</common:AnnotationType>
                            <common:AnnotationText xml:lang="en">4770</common:AnnotationText>
                            <common:AnnotationText xml:lang="fr">4770</common:AnnotationText>
                        </common:Annotation>
                    </common:Annotations>
                    <common:Name xml:lang="en">Division 9, AB</common:Name>
                    <common:Name xml:lang="fr">Division 9, AB</common:Name>
                    <structure:Parent>
                        <Ref id="CA48"/>
                    </structure:Parent>
                </structure:Code>
                <structure:Code id="CA4810">
                    <common:Annotations>
                        <common:Annotation>
                            <common:AnnotationType>ORDER</common:AnnotationType>
                            <common:AnnotationText xml:lang="en">4780</common:AnnotationText>
                            <common:AnnotationText xml:lang="fr">4780</common:AnnotationText>
                        </common:Annotation>
                    </common:Annotations>
                    <common:Name xml:lang="en">Division 10, AB</common:Name>
                    <common:Name xml:lang="fr">Division 10, AB</common:Name>
                    <structure:Parent>
                        <Ref id="CA48"/>
                    </structure:Parent>
                </structure:Code>
                <structure:Code id="CA4811">
                    <common:Annotations>
                        <common:Annotation>
                            <common:AnnotationType>ORDER</common:AnnotationType>
                            <common:AnnotationText xml:lang="en">4790</common:AnnotationText>
                            <common:AnnotationText xml:lang="fr">4790</common:AnnotationText>
                        </common:Annotation>
                    </common:Annotations>
                    <common:Name xml:lang="en">Division 11, AB</common:Name>
                    <common:Name xml:lang="fr">Division 11, AB</common:Name>
                    <structure:Parent>
                        <Ref id="CA48"/>
                    </structure:Parent>
                </structure:Code>
                <structure:Code id="CA4812">
                    <common:Annotations>
                        <common:Annotation>
                            <common:AnnotationType>ORDER</common:AnnotationType>
                            <common:AnnotationText xml:lang="en">4800</common:AnnotationText>
                            <common:AnnotationText xml:lang="fr">4800</common:AnnotationText>
                        </common:Annotation>
                    </common:Annotations>
                    <common:Name xml:lang="en">Division 12, AB</common:Name>
                    <common:Name xml:lang="fr">Division 12, AB</common:Name>
                    <structure:Parent>
                        <Ref id="CA48"/>
                    </structure:Parent>
                </structure:Code>
                <structure:Code id="CA4813">
                    <common:Annotations>
                        <common:Annotation>
                            <common:AnnotationType>ORDER</common:AnnotationType>
                            <common:AnnotationText xml:lang="en">4810</common:AnnotationText>
                            <common:AnnotationText xml:lang="fr">4810</common:AnnotationText>
                        </common:Annotation>
                    </common:Annotations>
                    <common:Name xml:lang="en">Division 13, AB</common:Name>
                    <common:Name xml:lang="fr">Division 13, AB</common:Name>
                    <structure:Parent>
                        <Ref id="CA48"/>
                    </structure:Parent>
                </structure:Code>
                <structure:Code id="CA4814">
                    <common:Annotations>
                        <common:Annotation>
                            <common:AnnotationType>ORDER</common:AnnotationType>
                            <common:AnnotationText xml:lang="en">4820</common:AnnotationText>
                            <common:AnnotationText xml:lang="fr">4820</common:AnnotationText>
                        </common:Annotation>
                    </common:Annotations>
                    <common:Name xml:lang="en">Division 14, AB</common:Name>
                    <common:Name xml:lang="fr">Division 14, AB</common:Name>
                    <structure:Parent>
                        <Ref id="CA48"/>
                    </structure:Parent>
                </structure:Code>
                <structure:Code id="CA4815">
                    <common:Annotations>
                        <common:Annotation>
                            <common:AnnotationType>ORDER</common:AnnotationType>
                            <common:AnnotationText xml:lang="en">4830</common:AnnotationText>
                            <common:AnnotationText xml:lang="fr">4830</common:AnnotationText>
                        </common:Annotation>
                    </common:Annotations>
                    <common:Name xml:lang="en">Division 15, AB</common:Name>
                    <common:Name xml:lang="fr">Division 15, AB</common:Name>
                    <structure:Parent>
                        <Ref id="CA48"/>
                    </structure:Parent>
                </structure:Code>
                <structure:Code id="CA4816">
                    <common:Annotations>
                        <common:Annotation>
                            <common:AnnotationType>ORDER</common:AnnotationType>
                            <common:AnnotationText xml:lang="en">4840</common:AnnotationText>
                            <common:AnnotationText xml:lang="fr">4840</common:AnnotationText>
                        </common:Annotation>
                    </common:Annotations>
                    <common:Name xml:lang="en">Division 16, AB</common:Name>
                    <common:Name xml:lang="fr">Division 16, AB</common:Name>
                    <structure:Parent>
                        <Ref id="CA48"/>
                    </structure:Parent>
                </structure:Code>
                <structure:Code id="CA4817">
                    <common:Annotations>
                        <common:Annotation>
                            <common:AnnotationType>ORDER</common:AnnotationType>
                            <common:AnnotationText xml:lang="en">4850</common:AnnotationText>
                            <common:AnnotationText xml:lang="fr">4850</common:AnnotationText>
                        </common:Annotation>
                    </common:Annotations>
                    <common:Name xml:lang="en">Division 17, AB</common:Name>
                    <common:Name xml:lang="fr">Division 17, AB</common:Name>
                    <structure:Parent>
                        <Ref id="CA48"/>
                    </structure:Parent>
                </structure:Code>
                <structure:Code id="CA4818">
                    <common:Annotations>
                        <common:Annotation>
                            <common:AnnotationType>ORDER</common:AnnotationType>
                            <common:AnnotationText xml:lang="en">4860</common:AnnotationText>
                            <common:AnnotationText xml:lang="fr">4860</common:AnnotationText>
                        </common:Annotation>
                    </common:Annotations>
                    <common:Name xml:lang="en">Division 18, AB</common:Name>
                    <common:Name xml:lang="fr">Division 18, AB</common:Name>
                    <structure:Parent>
                        <Ref id="CA48"/>
                    </structure:Parent>
                </structure:Code>
                <structure:Code id="CA4819">
                    <common:Annotations>
                        <common:Annotation>
                            <common:AnnotationType>ORDER</common:AnnotationType>
                            <common:AnnotationText xml:lang="en">4870</common:AnnotationText>
                            <common:AnnotationText xml:lang="fr">4870</common:AnnotationText>
                        </common:Annotation>
                    </common:Annotations>
                    <common:Name xml:lang="en">Division 19, AB</common:Name>
                    <common:Name xml:lang="fr">Division 19, AB</common:Name>
                    <structure:Parent>
                        <Ref id="CA48"/>
                    </structure:Parent>
                </structure:Code>
                <structure:Code id="CA59">
                    <common:Annotations>
                        <common:Annotation>
                            <common:AnnotationType>ORDER</common:AnnotationType>
                            <common:AnnotationText xml:lang="en">4880</common:AnnotationText>
                            <common:AnnotationText xml:lang="fr">4880</common:AnnotationText>
                        </common:Annotation>
                    </common:Annotations>
                    <common:Name xml:lang="en">British Columbia</common:Name>
                    <common:Name xml:lang="fr">British Columbia</common:Name>
                    <structure:Parent>
                        <Ref id="CAN"/>
                    </structure:Parent>
                </structure:Code>
                <structure:Code id="CA5910N">
                    <common:Annotations>
                        <common:Annotation>
                            <common:AnnotationType>ORDER</common:AnnotationType>
                            <common:AnnotationText xml:lang="en">4890</common:AnnotationText>
                            <common:AnnotationText xml:lang="fr">4890</common:AnnotationText>
                        </common:Annotation>
                    </common:Annotations>
                    <common:Name xml:lang="en">Vancouver Island and Coast, British Columbia</common:Name>
                    <common:Name xml:lang="fr">Vancouver Island and Coast, British Columbia</common:Name>
                    <structure:Parent>
                        <Ref id="CA59"/>
                    </structure:Parent>
                </structure:Code>
                <structure:Code id="CA5920N">
                    <common:Annotations>
                        <common:Annotation>
                            <common:AnnotationType>ORDER</common:AnnotationType>
                            <common:AnnotationText xml:lang="en">4900</common:AnnotationText>
                            <common:AnnotationText xml:lang="fr">4900</common:AnnotationText>
                        </common:Annotation>
                    </common:Annotations>
                    <common:Name xml:lang="en">Lower Mainland-Southwest, British Columbia</common:Name>
                    <common:Name xml:lang="fr">Lower Mainland-Southwest, British Columbia</common:Name>
                    <structure:Parent>
                        <Ref id="CA59"/>
                    </structure:Parent>
                </structure:Code>
                <structure:Code id="CA5930N">
                    <common:Annotations>
                        <common:Annotation>
                            <common:AnnotationType>ORDER</common:AnnotationType>
                            <common:AnnotationText xml:lang="en">4910</common:AnnotationText>
                            <common:AnnotationText xml:lang="fr">4910</common:AnnotationText>
                        </common:Annotation>
                    </common:Annotations>
                    <common:Name xml:lang="en">Thompson-Okanagan, British Columbia</common:Name>
                    <common:Name xml:lang="fr">Thompson-Okanagan, British Columbia</common:Name>
                    <structure:Parent>
                        <Ref id="CA59"/>
                    </structure:Parent>
                </structure:Code>
                <structure:Code id="CA5940N">
                    <common:Annotations>
                        <common:Annotation>
                            <common:AnnotationType>ORDER</common:AnnotationType>
                            <common:AnnotationText xml:lang="en">4920</common:AnnotationText>
                            <common:AnnotationText xml:lang="fr">4920</common:AnnotationText>
                        </common:Annotation>
                    </common:Annotations>
                    <common:Name xml:lang="en">Kootenay, British Columbia</common:Name>
                    <common:Name xml:lang="fr">Kootenay, British Columbia</common:Name>
                    <structure:Parent>
                        <Ref id="CA59"/>
                    </structure:Parent>
                </structure:Code>
                <structure:Code id="CA5950N">
                    <common:Annotations>
                        <common:Annotation>
                            <common:AnnotationType>ORDER</common:AnnotationType>
                            <common:AnnotationText xml:lang="en">4930</common:AnnotationText>
                            <common:AnnotationText xml:lang="fr">4930</common:AnnotationText>
                        </common:Annotation>
                    </common:Annotations>
                    <common:Name xml:lang="en">Cariboo, British Columbia</common:Name>
                    <common:Name xml:lang="fr">Cariboo, British Columbia</common:Name>
                    <structure:Parent>
                        <Ref id="CA59"/>
                    </structure:Parent>
                </structure:Code>
                <structure:Code id="CA5960N">
                    <common:Annotations>
                        <common:Annotation>
                            <common:AnnotationType>ORDER</common:AnnotationType>
                            <common:AnnotationText xml:lang="en">4940</common:AnnotationText>
                            <common:AnnotationText xml:lang="fr">4940</common:AnnotationText>
                        </common:Annotation>
                    </common:Annotations>
                    <common:Name xml:lang="en">North Coast and Nechako, British Columbia</common:Name>
                    <common:Name xml:lang="fr">North Coast and Nechako, British Columbia</common:Name>
                    <structure:Parent>
                        <Ref id="CA59"/>
                    </structure:Parent>
                </structure:Code>
                <structure:Code id="CA5980N">
                    <common:Annotations>
                        <common:Annotation>
                            <common:AnnotationType>ORDER</common:AnnotationType>
                            <common:AnnotationText xml:lang="en">4950</common:AnnotationText>
                            <common:AnnotationText xml:lang="fr">4950</common:AnnotationText>
                        </common:Annotation>
                    </common:Annotations>
                    <common:Name xml:lang="en">Northeast, British Columbia</common:Name>
                    <common:Name xml:lang="fr">Northeast, British Columbia</common:Name>
                    <structure:Parent>
                        <Ref id="CA59"/>
                    </structure:Parent>
                </structure:Code>
                <structure:Code id="CA5901">
                    <common:Annotations>
                        <common:Annotation>
                            <common:AnnotationType>ORDER</common:AnnotationType>
                            <common:AnnotationText xml:lang="en">4960</common:AnnotationText>
                            <common:AnnotationText xml:lang="fr">4960</common:AnnotationText>
                        </common:Annotation>
                    </common:Annotations>
                    <common:Name xml:lang="en">East Kootenay, BC</common:Name>
                    <common:Name xml:lang="fr">East Kootenay, BC</common:Name>
                    <structure:Parent>
                        <Ref id="CA59"/>
                    </structure:Parent>
                </structure:Code>
                <structure:Code id="CA5903">
                    <common:Annotations>
                        <common:Annotation>
                            <common:AnnotationType>ORDER</common:AnnotationType>
                            <common:AnnotationText xml:lang="en">4970</common:AnnotationText>
                            <common:AnnotationText xml:lang="fr">4970</common:AnnotationText>
                        </common:Annotation>
                    </common:Annotations>
                    <common:Name xml:lang="en">Central Kootenay, BC</common:Name>
                    <common:Name xml:lang="fr">Central Kootenay, BC</common:Name>
                    <structure:Parent>
                        <Ref id="CA59"/>
                    </structure:Parent>
                </structure:Code>
                <structure:Code id="CA5905">
                    <common:Annotations>
                        <common:Annotation>
                            <common:AnnotationType>ORDER</common:AnnotationType>
                            <common:AnnotationText xml:lang="en">4980</common:AnnotationText>
                            <common:AnnotationText xml:lang="fr">4980</common:AnnotationText>
                        </common:Annotation>
                    </common:Annotations>
                    <common:Name xml:lang="en">Kootenay Boundary, BC</common:Name>
                    <common:Name xml:lang="fr">Kootenay Boundary, BC</common:Name>
                    <structure:Parent>
                        <Ref id="CA59"/>
                    </structure:Parent>
                </structure:Code>
                <structure:Code id="CA5907">
                    <common:Annotations>
                        <common:Annotation>
                            <common:AnnotationType>ORDER</common:AnnotationType>
                            <common:AnnotationText xml:lang="en">4990</common:AnnotationText>
                            <common:AnnotationText xml:lang="fr">4990</common:AnnotationText>
                        </common:Annotation>
                    </common:Annotations>
                    <common:Name xml:lang="en">Okanagan-Similkameen, BC</common:Name>
                    <common:Name xml:lang="fr">Okanagan-Similkameen, BC</common:Name>
                    <structure:Parent>
                        <Ref id="CA59"/>
                    </structure:Parent>
                </structure:Code>
                <structure:Code id="CA5909">
                    <common:Annotations>
                        <common:Annotation>
                            <common:AnnotationType>ORDER</common:AnnotationType>
                            <common:AnnotationText xml:lang="en">5000</common:AnnotationText>
                            <common:AnnotationText xml:lang="fr">5000</common:AnnotationText>
                        </common:Annotation>
                    </common:Annotations>
                    <common:Name xml:lang="en">Fraser Valley, BC</common:Name>
                    <common:Name xml:lang="fr">Fraser Valley, BC</common:Name>
                    <structure:Parent>
                        <Ref id="CA59"/>
                    </structure:Parent>
                </structure:Code>
                <structure:Code id="CA5915">
                    <common:Annotations>
                        <common:Annotation>
                            <common:AnnotationType>ORDER</common:AnnotationType>
                            <common:AnnotationText xml:lang="en">5010</common:AnnotationText>
                            <common:AnnotationText xml:lang="fr">5010</common:AnnotationText>
                        </common:Annotation>
                    </common:Annotations>
                    <common:Name xml:lang="en">Greater Vancouver, BC</common:Name>
                    <common:Name xml:lang="fr">Greater Vancouver, BC</common:Name>
                    <structure:Parent>
                        <Ref id="CA59"/>
                    </structure:Parent>
                </structure:Code>
                <structure:Code id="CA5917">
                    <common:Annotations>
                        <common:Annotation>
                            <common:AnnotationType>ORDER</common:AnnotationType>
                            <common:AnnotationText xml:lang="en">5020</common:AnnotationText>
                            <common:AnnotationText xml:lang="fr">5020</common:AnnotationText>
                        </common:Annotation>
                    </common:Annotations>
                    <common:Name xml:lang="en">Capital, BC</common:Name>
                    <common:Name xml:lang="fr">Capital, BC</common:Name>
                    <structure:Parent>
                        <Ref id="CA59"/>
                    </structure:Parent>
                </structure:Code>
                <structure:Code id="CA5919">
                    <common:Annotations>
                        <common:Annotation>
                            <common:AnnotationType>ORDER</common:AnnotationType>
                            <common:AnnotationText xml:lang="en">5030</common:AnnotationText>
                            <common:AnnotationText xml:lang="fr">5030</common:AnnotationText>
                        </common:Annotation>
                    </common:Annotations>
                    <common:Name xml:lang="en">Cowichan Valley, BC</common:Name>
                    <common:Name xml:lang="fr">Cowichan Valley, BC</common:Name>
                    <structure:Parent>
                        <Ref id="CA59"/>
                    </structure:Parent>
                </structure:Code>
                <structure:Code id="CA5921">
                    <common:Annotations>
                        <common:Annotation>
                            <common:AnnotationType>ORDER</common:AnnotationType>
                            <common:AnnotationText xml:lang="en">5040</common:AnnotationText>
                            <common:AnnotationText xml:lang="fr">5040</common:AnnotationText>
                        </common:Annotation>
                    </common:Annotations>
                    <common:Name xml:lang="en">Nanaimo, BC</common:Name>
                    <common:Name xml:lang="fr">Nanaimo, BC</common:Name>
                    <structure:Parent>
                        <Ref id="CA59"/>
                    </structure:Parent>
                </structure:Code>
                <structure:Code id="CA5923">
                    <common:Annotations>
                        <common:Annotation>
                            <common:AnnotationType>ORDER</common:AnnotationType>
                            <common:AnnotationText xml:lang="en">5050</common:AnnotationText>
                            <common:AnnotationText xml:lang="fr">5050</common:AnnotationText>
                        </common:Annotation>
                    </common:Annotations>
                    <common:Name xml:lang="en">Alberni-Clayoquot, BC</common:Name>
                    <common:Name xml:lang="fr">Alberni-Clayoquot, BC</common:Name>
                    <structure:Parent>
                        <Ref id="CA59"/>
                    </structure:Parent>
                </structure:Code>
                <structure:Code id="CA5924">
                    <common:Annotations>
                        <common:Annotation>
                            <common:AnnotationType>ORDER</common:AnnotationType>
                            <common:AnnotationText xml:lang="en">5060</common:AnnotationText>
                            <common:AnnotationText xml:lang="fr">5060</common:AnnotationText>
                        </common:Annotation>
                    </common:Annotations>
                    <common:Name xml:lang="en">Strathcona, BC</common:Name>
                    <common:Name xml:lang="fr">Strathcona, BC</common:Name>
                    <structure:Parent>
                        <Ref id="CA59"/>
                    </structure:Parent>
                </structure:Code>
                <structure:Code id="CA5925">
                    <common:Annotations>
                        <common:Annotation>
                            <common:AnnotationType>ORDER</common:AnnotationType>
                            <common:AnnotationText xml:lang="en">5070</common:AnnotationText>
                            <common:AnnotationText xml:lang="fr">5070</common:AnnotationText>
                        </common:Annotation>
                    </common:Annotations>
                    <common:Name xml:lang="en">Comox Valley BC</common:Name>
                    <common:Name xml:lang="fr">Comox Valley BC</common:Name>
                    <structure:Parent>
                        <Ref id="CA59"/>
                    </structure:Parent>
                </structure:Code>
                <structure:Code id="CA5927">
                    <common:Annotations>
                        <common:Annotation>
                            <common:AnnotationType>ORDER</common:AnnotationType>
                            <common:AnnotationText xml:lang="en">5080</common:AnnotationText>
                            <common:AnnotationText xml:lang="fr">5080</common:AnnotationText>
                        </common:Annotation>
                    </common:Annotations>
                    <common:Name xml:lang="en">Powell River, BC</common:Name>
                    <common:Name xml:lang="fr">Powell River, BC</common:Name>
                    <structure:Parent>
                        <Ref id="CA59"/>
                    </structure:Parent>
                </structure:Code>
                <structure:Code id="CA5929">
                    <common:Annotations>
                        <common:Annotation>
                            <common:AnnotationType>ORDER</common:AnnotationType>
                            <common:AnnotationText xml:lang="en">5090</common:AnnotationText>
                            <common:AnnotationText xml:lang="fr">5090</common:AnnotationText>
                        </common:Annotation>
                    </common:Annotations>
                    <common:Name xml:lang="en">Sunshine Coast, BC</common:Name>
                    <common:Name xml:lang="fr">Sunshine Coast, BC</common:Name>
                    <structure:Parent>
                        <Ref id="CA59"/>
                    </structure:Parent>
                </structure:Code>
                <structure:Code id="CA5931">
                    <common:Annotations>
                        <common:Annotation>
                            <common:AnnotationType>ORDER</common:AnnotationType>
                            <common:AnnotationText xml:lang="en">5100</common:AnnotationText>
                            <common:AnnotationText xml:lang="fr">5100</common:AnnotationText>
                        </common:Annotation>
                    </common:Annotations>
                    <common:Name xml:lang="en">Squamish-Lillooet, BC</common:Name>
                    <common:Name xml:lang="fr">Squamish-Lillooet, BC</common:Name>
                    <structure:Parent>
                        <Ref id="CA59"/>
                    </structure:Parent>
                </structure:Code>
                <structure:Code id="CA5933">
                    <common:Annotations>
                        <common:Annotation>
                            <common:AnnotationType>ORDER</common:AnnotationType>
                            <common:AnnotationText xml:lang="en">5110</common:AnnotationText>
                            <common:AnnotationText xml:lang="fr">5110</common:AnnotationText>
                        </common:Annotation>
                    </common:Annotations>
                    <common:Name xml:lang="en">Thompson-Nicola, BC</common:Name>
                    <common:Name xml:lang="fr">Thompson-Nicola, BC</common:Name>
                    <structure:Parent>
                        <Ref id="CA59"/>
                    </structure:Parent>
                </structure:Code>
                <structure:Code id="CA5935">
                    <common:Annotations>
                        <common:Annotation>
                            <common:AnnotationType>ORDER</common:AnnotationType>
                            <common:AnnotationText xml:lang="en">5120</common:AnnotationText>
                            <common:AnnotationText xml:lang="fr">5120</common:AnnotationText>
                        </common:Annotation>
                    </common:Annotations>
                    <common:Name xml:lang="en">Central Okanagan, BC</common:Name>
                    <common:Name xml:lang="fr">Central Okanagan, BC</common:Name>
                    <structure:Parent>
                        <Ref id="CA59"/>
                    </structure:Parent>
                </structure:Code>
                <structure:Code id="CA5937">
                    <common:Annotations>
                        <common:Annotation>
                            <common:AnnotationType>ORDER</common:AnnotationType>
                            <common:AnnotationText xml:lang="en">5130</common:AnnotationText>
                            <common:AnnotationText xml:lang="fr">5130</common:AnnotationText>
                        </common:Annotation>
                    </common:Annotations>
                    <common:Name xml:lang="en">North Okanagan, BC</common:Name>
                    <common:Name xml:lang="fr">North Okanagan, BC</common:Name>
                    <structure:Parent>
                        <Ref id="CA59"/>
                    </structure:Parent>
                </structure:Code>
                <structure:Code id="CA5939">
                    <common:Annotations>
                        <common:Annotation>
                            <common:AnnotationType>ORDER</common:AnnotationType>
                            <common:AnnotationText xml:lang="en">5140</common:AnnotationText>
                            <common:AnnotationText xml:lang="fr">5140</common:AnnotationText>
                        </common:Annotation>
                    </common:Annotations>
                    <common:Name xml:lang="en">Columbia-Shuswap, BC</common:Name>
                    <common:Name xml:lang="fr">Columbia-Shuswap, BC</common:Name>
                    <structure:Parent>
                        <Ref id="CA59"/>
                    </structure:Parent>
                </structure:Code>
                <structure:Code id="CA5941">
                    <common:Annotations>
                        <common:Annotation>
                            <common:AnnotationType>ORDER</common:AnnotationType>
                            <common:AnnotationText xml:lang="en">5150</common:AnnotationText>
                            <common:AnnotationText xml:lang="fr">5150</common:AnnotationText>
                        </common:Annotation>
                    </common:Annotations>
                    <common:Name xml:lang="en">Cariboo, BC</common:Name>
                    <common:Name xml:lang="fr">Cariboo, BC</common:Name>
                    <structure:Parent>
                        <Ref id="CA59"/>
                    </structure:Parent>
                </structure:Code>
                <structure:Code id="CA5943">
                    <common:Annotations>
                        <common:Annotation>
                            <common:AnnotationType>ORDER</common:AnnotationType>
                            <common:AnnotationText xml:lang="en">5160</common:AnnotationText>
                            <common:AnnotationText xml:lang="fr">5160</common:AnnotationText>
                        </common:Annotation>
                    </common:Annotations>
                    <common:Name xml:lang="en">Mount Waddington, BC</common:Name>
                    <common:Name xml:lang="fr">Mount Waddington, BC</common:Name>
                    <structure:Parent>
                        <Ref id="CA59"/>
                    </structure:Parent>
                </structure:Code>
                <structure:Code id="CA5945">
                    <common:Annotations>
                        <common:Annotation>
                            <common:AnnotationType>ORDER</common:AnnotationType>
                            <common:AnnotationText xml:lang="en">5170</common:AnnotationText>
                            <common:AnnotationText xml:lang="fr">5170</common:AnnotationText>
                        </common:Annotation>
                    </common:Annotations>
                    <common:Name xml:lang="en">Central Coast, BC</common:Name>
                    <common:Name xml:lang="fr">Central Coast, BC</common:Name>
                    <structure:Parent>
                        <Ref id="CA59"/>
                    </structure:Parent>
                </structure:Code>
                <structure:Code id="CA5947">
                    <common:Annotations>
                        <common:Annotation>
                            <common:AnnotationType>ORDER</common:AnnotationType>
                            <common:AnnotationText xml:lang="en">5180</common:AnnotationText>
                            <common:AnnotationText xml:lang="fr">5180</common:AnnotationText>
                        </common:Annotation>
                    </common:Annotations>
                    <common:Name xml:lang="en">Skeena-Queen Charlotte, BC</common:Name>
                    <common:Name xml:lang="fr">Skeena-Queen Charlotte, BC</common:Name>
                    <structure:Parent>
                        <Ref id="CA59"/>
                    </structure:Parent>
                </structure:Code>
                <structure:Code id="CA5949">
                    <common:Annotations>
                        <common:Annotation>
                            <common:AnnotationType>ORDER</common:AnnotationType>
                            <common:AnnotationText xml:lang="en">5190</common:AnnotationText>
                            <common:AnnotationText xml:lang="fr">5190</common:AnnotationText>
                        </common:Annotation>
                    </common:Annotations>
                    <common:Name xml:lang="en">Kitimat-Stikine, BC</common:Name>
                    <common:Name xml:lang="fr">Kitimat-Stikine, BC</common:Name>
                    <structure:Parent>
                        <Ref id="CA59"/>
                    </structure:Parent>
                </structure:Code>
                <structure:Code id="CA5951">
                    <common:Annotations>
                        <common:Annotation>
                            <common:AnnotationType>ORDER</common:AnnotationType>
                            <common:AnnotationText xml:lang="en">5200</common:AnnotationText>
                            <common:AnnotationText xml:lang="fr">5200</common:AnnotationText>
                        </common:Annotation>
                    </common:Annotations>
                    <common:Name xml:lang="en">Bulkley-Nechako, BC</common:Name>
                    <common:Name xml:lang="fr">Bulkley-Nechako, BC</common:Name>
                    <structure:Parent>
                        <Ref id="CA59"/>
                    </structure:Parent>
                </structure:Code>
                <structure:Code id="CA5953">
                    <common:Annotations>
                        <common:Annotation>
                            <common:AnnotationType>ORDER</common:AnnotationType>
                            <common:AnnotationText xml:lang="en">5210</common:AnnotationText>
                            <common:AnnotationText xml:lang="fr">5210</common:AnnotationText>
                        </common:Annotation>
                    </common:Annotations>
                    <common:Name xml:lang="en">Fraser-Fort George, BC</common:Name>
                    <common:Name xml:lang="fr">Fraser-Fort George, BC</common:Name>
                    <structure:Parent>
                        <Ref id="CA59"/>
                    </structure:Parent>
                </structure:Code>
                <structure:Code id="CA5955">
                    <common:Annotations>
                        <common:Annotation>
                            <common:AnnotationType>ORDER</common:AnnotationType>
                            <common:AnnotationText xml:lang="en">5220</common:AnnotationText>
                            <common:AnnotationText xml:lang="fr">5220</common:AnnotationText>
                        </common:Annotation>
                    </common:Annotations>
                    <common:Name xml:lang="en">Peace River, BC</common:Name>
                    <common:Name xml:lang="fr">Peace River, BC</common:Name>
                    <structure:Parent>
                        <Ref id="CA59"/>
                    </structure:Parent>
                </structure:Code>
                <structure:Code id="CA5957">
                    <common:Annotations>
                        <common:Annotation>
                            <common:AnnotationType>ORDER</common:AnnotationType>
                            <common:AnnotationText xml:lang="en">5230</common:AnnotationText>
                            <common:AnnotationText xml:lang="fr">5230</common:AnnotationText>
                        </common:Annotation>
                    </common:Annotations>
                    <common:Name xml:lang="en">Stikine, BC</common:Name>
                    <common:Name xml:lang="fr">Stikine, BC</common:Name>
                    <structure:Parent>
                        <Ref id="CA59"/>
                    </structure:Parent>
                </structure:Code>
                <structure:Code id="CA5959">
                    <common:Annotations>
                        <common:Annotation>
                            <common:AnnotationType>ORDER</common:AnnotationType>
                            <common:AnnotationText xml:lang="en">5240</common:AnnotationText>
                            <common:AnnotationText xml:lang="fr">5240</common:AnnotationText>
                        </common:Annotation>
                    </common:Annotations>
                    <common:Name xml:lang="en">Northern Rockies, BC</common:Name>
                    <common:Name xml:lang="fr">Northern Rockies, BC</common:Name>
                    <structure:Parent>
                        <Ref id="CA59"/>
                    </structure:Parent>
                </structure:Code>
                <structure:Code id="CA60">
                    <common:Annotations>
                        <common:Annotation>
                            <common:AnnotationType>ORDER</common:AnnotationType>
                            <common:AnnotationText xml:lang="en">5250</common:AnnotationText>
                            <common:AnnotationText xml:lang="fr">5250</common:AnnotationText>
                        </common:Annotation>
                    </common:Annotations>
                    <common:Name xml:lang="en">Yukon</common:Name>
                    <common:Name xml:lang="fr">Yukon</common:Name>
                    <structure:Parent>
                        <Ref id="CAN"/>
                    </structure:Parent>
                </structure:Code>
                <structure:Code id="CA6010N">
                    <common:Annotations>
                        <common:Annotation>
                            <common:AnnotationType>ORDER</common:AnnotationType>
                            <common:AnnotationText xml:lang="en">5260</common:AnnotationText>
                            <common:AnnotationText xml:lang="fr">5260</common:AnnotationText>
                        </common:Annotation>
                    </common:Annotations>
                    <common:Name xml:lang="en">Yukon Territory</common:Name>
                    <common:Name xml:lang="fr">Yukon Territory</common:Name>
                    <structure:Parent>
                        <Ref id="CA60"/>
                    </structure:Parent>
                </structure:Code>
                <structure:Code id="CA6001">
                    <common:Annotations>
                        <common:Annotation>
                            <common:AnnotationType>ORDER</common:AnnotationType>
                            <common:AnnotationText xml:lang="en">5270</common:AnnotationText>
                            <common:AnnotationText xml:lang="fr">5270</common:AnnotationText>
                        </common:Annotation>
                    </common:Annotations>
                    <common:Name xml:lang="en">Yukon, YT</common:Name>
                    <common:Name xml:lang="fr">Yukon, YT</common:Name>
                    <structure:Parent>
                        <Ref id="CA60"/>
                    </structure:Parent>
                </structure:Code>
                <structure:Code id="CA61">
                    <common:Annotations>
                        <common:Annotation>
                            <common:AnnotationType>ORDER</common:AnnotationType>
                            <common:AnnotationText xml:lang="en">5280</common:AnnotationText>
                            <common:AnnotationText xml:lang="fr">5280</common:AnnotationText>
                        </common:Annotation>
                    </common:Annotations>
                    <common:Name xml:lang="en">Northwest Territories</common:Name>
                    <common:Name xml:lang="fr">Northwest Territories</common:Name>
                    <structure:Parent>
                        <Ref id="CAN"/>
                    </structure:Parent>
                </structure:Code>
                <structure:Code id="CA6110N">
                    <common:Annotations>
                        <common:Annotation>
                            <common:AnnotationType>ORDER</common:AnnotationType>
                            <common:AnnotationText xml:lang="en">5290</common:AnnotationText>
                            <common:AnnotationText xml:lang="fr">5290</common:AnnotationText>
                        </common:Annotation>
                    </common:Annotations>
                    <common:Name xml:lang="en">Northwest Territories</common:Name>
                    <common:Name xml:lang="fr">Northwest Territories</common:Name>
                    <structure:Parent>
                        <Ref id="CA61"/>
                    </structure:Parent>
                </structure:Code>
                <structure:Code id="CA6101">
                    <common:Annotations>
                        <common:Annotation>
                            <common:AnnotationType>ORDER</common:AnnotationType>
                            <common:AnnotationText xml:lang="en">5300</common:AnnotationText>
                            <common:AnnotationText xml:lang="fr">5300</common:AnnotationText>
                        </common:Annotation>
                    </common:Annotations>
                    <common:Name xml:lang="en">Region 1, NT</common:Name>
                    <common:Name xml:lang="fr">Region 1, NT</common:Name>
                    <structure:Parent>
                        <Ref id="CA61"/>
                    </structure:Parent>
                </structure:Code>
                <structure:Code id="CA6102">
                    <common:Annotations>
                        <common:Annotation>
                            <common:AnnotationType>ORDER</common:AnnotationType>
                            <common:AnnotationText xml:lang="en">5310</common:AnnotationText>
                            <common:AnnotationText xml:lang="fr">5310</common:AnnotationText>
                        </common:Annotation>
                    </common:Annotations>
                    <common:Name xml:lang="en">Region 2, NT</common:Name>
                    <common:Name xml:lang="fr">Region 2, NT</common:Name>
                    <structure:Parent>
                        <Ref id="CA61"/>
                    </structure:Parent>
                </structure:Code>
                <structure:Code id="CA6103">
                    <common:Annotations>
                        <common:Annotation>
                            <common:AnnotationType>ORDER</common:AnnotationType>
                            <common:AnnotationText xml:lang="en">5320</common:AnnotationText>
                            <common:AnnotationText xml:lang="fr">5320</common:AnnotationText>
                        </common:Annotation>
                    </common:Annotations>
                    <common:Name xml:lang="en">Region 3, NT</common:Name>
                    <common:Name xml:lang="fr">Region 3, NT</common:Name>
                    <structure:Parent>
                        <Ref id="CA61"/>
                    </structure:Parent>
                </structure:Code>
                <structure:Code id="CA6104">
                    <common:Annotations>
                        <common:Annotation>
                            <common:AnnotationType>ORDER</common:AnnotationType>
                            <common:AnnotationText xml:lang="en">5330</common:AnnotationText>
                            <common:AnnotationText xml:lang="fr">5330</common:AnnotationText>
                        </common:Annotation>
                    </common:Annotations>
                    <common:Name xml:lang="en">Region 4, NT</common:Name>
                    <common:Name xml:lang="fr">Region 4, NT</common:Name>
                    <structure:Parent>
                        <Ref id="CA61"/>
                    </structure:Parent>
                </structure:Code>
                <structure:Code id="CA6105">
                    <common:Annotations>
                        <common:Annotation>
                            <common:AnnotationType>ORDER</common:AnnotationType>
                            <common:AnnotationText xml:lang="en">5340</common:AnnotationText>
                            <common:AnnotationText xml:lang="fr">5340</common:AnnotationText>
                        </common:Annotation>
                    </common:Annotations>
                    <common:Name xml:lang="en">Region 5, NT</common:Name>
                    <common:Name xml:lang="fr">Region 5, NT</common:Name>
                    <structure:Parent>
                        <Ref id="CA61"/>
                    </structure:Parent>
                </structure:Code>
                <structure:Code id="CA6106">
                    <common:Annotations>
                        <common:Annotation>
                            <common:AnnotationType>ORDER</common:AnnotationType>
                            <common:AnnotationText xml:lang="en">5350</common:AnnotationText>
                            <common:AnnotationText xml:lang="fr">5350</common:AnnotationText>
                        </common:Annotation>
                    </common:Annotations>
                    <common:Name xml:lang="en">Region 6, NT</common:Name>
                    <common:Name xml:lang="fr">Region 6, NT</common:Name>
                    <structure:Parent>
                        <Ref id="CA61"/>
                    </structure:Parent>
                </structure:Code>
                <structure:Code id="CA6107">
                    <common:Annotations>
                        <common:Annotation>
                            <common:AnnotationType>ORDER</common:AnnotationType>
                            <common:AnnotationText xml:lang="en">5360</common:AnnotationText>
                            <common:AnnotationText xml:lang="fr">5360</common:AnnotationText>
                        </common:Annotation>
                    </common:Annotations>
                    <common:Name xml:lang="en">Inuvik, NT</common:Name>
                    <common:Name xml:lang="fr">Inuvik, NT</common:Name>
                    <structure:Parent>
                        <Ref id="CA61"/>
                    </structure:Parent>
                </structure:Code>
                <structure:Code id="CA62">
                    <common:Annotations>
                        <common:Annotation>
                            <common:AnnotationType>ORDER</common:AnnotationType>
                            <common:AnnotationText xml:lang="en">5370</common:AnnotationText>
                            <common:AnnotationText xml:lang="fr">5370</common:AnnotationText>
                        </common:Annotation>
                    </common:Annotations>
                    <common:Name xml:lang="en">Nunavut</common:Name>
                    <common:Name xml:lang="fr">Nunavut</common:Name>
                    <structure:Parent>
                        <Ref id="CAN"/>
                    </structure:Parent>
                </structure:Code>
                <structure:Code id="CA6210N">
                    <common:Annotations>
                        <common:Annotation>
                            <common:AnnotationType>ORDER</common:AnnotationType>
                            <common:AnnotationText xml:lang="en">5380</common:AnnotationText>
                            <common:AnnotationText xml:lang="fr">5380</common:AnnotationText>
                        </common:Annotation>
                    </common:Annotations>
                    <common:Name xml:lang="en">Nunavut</common:Name>
                    <common:Name xml:lang="fr">Nunavut</common:Name>
                    <structure:Parent>
                        <Ref id="CA62"/>
                    </structure:Parent>
                </structure:Code>
                <structure:Code id="CA6204">
                    <common:Annotations>
                        <common:Annotation>
                            <common:AnnotationType>ORDER</common:AnnotationType>
                            <common:AnnotationText xml:lang="en">5390</common:AnnotationText>
                            <common:AnnotationText xml:lang="fr">5390</common:AnnotationText>
                        </common:Annotation>
                    </common:Annotations>
                    <common:Name xml:lang="en">Baffin, NU</common:Name>
                    <common:Name xml:lang="fr">Baffin, NU</common:Name>
                    <structure:Parent>
                        <Ref id="CA62"/>
                    </structure:Parent>
                </structure:Code>
                <structure:Code id="CA6205">
                    <common:Annotations>
                        <common:Annotation>
                            <common:AnnotationType>ORDER</common:AnnotationType>
                            <common:AnnotationText xml:lang="en">5400</common:AnnotationText>
                            <common:AnnotationText xml:lang="fr">5400</common:AnnotationText>
                        </common:Annotation>
                    </common:Annotations>
                    <common:Name xml:lang="en">Keewatin, NU</common:Name>
                    <common:Name xml:lang="fr">Keewatin, NU</common:Name>
                    <structure:Parent>
                        <Ref id="CA62"/>
                    </structure:Parent>
                </structure:Code>
                <structure:Code id="CA6208">
                    <common:Annotations>
                        <common:Annotation>
                            <common:AnnotationType>ORDER</common:AnnotationType>
                            <common:AnnotationText xml:lang="en">5410</common:AnnotationText>
                            <common:AnnotationText xml:lang="fr">5410</common:AnnotationText>
                        </common:Annotation>
                    </common:Annotations>
                    <common:Name xml:lang="en">Kitikmeot, NU</common:Name>
                    <common:Name xml:lang="fr">Kitikmeot, NU</common:Name>
                    <structure:Parent>
                        <Ref id="CA62"/>
                    </structure:Parent>
                </structure:Code>
                <structure:Code id="CHL">
                    <common:Annotations>
                        <common:Annotation>
                            <common:AnnotationType>ORDER</common:AnnotationType>
                            <common:AnnotationText xml:lang="en">5420</common:AnnotationText>
                            <common:AnnotationText xml:lang="fr">5420</common:AnnotationText>
                        </common:Annotation>
                    </common:Annotations>
                    <common:Name xml:lang="en">Chile</common:Name>
                    <common:Name xml:lang="fr">Chili</common:Name>
                </structure:Code>
                <structure:Code id="CL01">
                    <common:Annotations>
                        <common:Annotation>
                            <common:AnnotationType>ORDER</common:AnnotationType>
                            <common:AnnotationText xml:lang="en">5430</common:AnnotationText>
                            <common:AnnotationText xml:lang="fr">5430</common:AnnotationText>
                        </common:Annotation>
                    </common:Annotations>
                    <common:Name xml:lang="en">Tarapacá</common:Name>
                    <common:Name xml:lang="fr">Tarapacá</common:Name>
                    <structure:Parent>
                        <Ref id="CHL"/>
                    </structure:Parent>
                </structure:Code>
                <structure:Code id="CL011">
                    <common:Annotations>
                        <common:Annotation>
                            <common:AnnotationType>ORDER</common:AnnotationType>
                            <common:AnnotationText xml:lang="en">5440</common:AnnotationText>
                            <common:AnnotationText xml:lang="fr">5440</common:AnnotationText>
                        </common:Annotation>
                    </common:Annotations>
                    <common:Name xml:lang="en">Iquique</common:Name>
                    <common:Name xml:lang="fr">Iquique</common:Name>
                    <structure:Parent>
                        <Ref id="CL01"/>
                    </structure:Parent>
                </structure:Code>
                <structure:Code id="CL012">
                    <common:Annotations>
                        <common:Annotation>
                            <common:AnnotationType>ORDER</common:AnnotationType>
                            <common:AnnotationText xml:lang="en">5450</common:AnnotationText>
                            <common:AnnotationText xml:lang="fr">5450</common:AnnotationText>
                        </common:Annotation>
                    </common:Annotations>
                    <common:Name xml:lang="en">Tamarugal</common:Name>
                    <common:Name xml:lang="fr">Tamarugal</common:Name>
                    <structure:Parent>
                        <Ref id="CL01"/>
                    </structure:Parent>
                </structure:Code>
                <structure:Code id="CL02">
                    <common:Annotations>
                        <common:Annotation>
                            <common:AnnotationType>ORDER</common:AnnotationType>
                            <common:AnnotationText xml:lang="en">5460</common:AnnotationText>
                            <common:AnnotationText xml:lang="fr">5460</common:AnnotationText>
                        </common:Annotation>
                    </common:Annotations>
                    <common:Name xml:lang="en">Antofagasta</common:Name>
                    <common:Name xml:lang="fr">Antofagasta</common:Name>
                    <structure:Parent>
                        <Ref id="CHL"/>
                    </structure:Parent>
                </structure:Code>
                <structure:Code id="CL021">
                    <common:Annotations>
                        <common:Annotation>
                            <common:AnnotationType>ORDER</common:AnnotationType>
                            <common:AnnotationText xml:lang="en">5470</common:AnnotationText>
                            <common:AnnotationText xml:lang="fr">5470</common:AnnotationText>
                        </common:Annotation>
                    </common:Annotations>
                    <common:Name xml:lang="en">Antofagasta</common:Name>
                    <common:Name xml:lang="fr">Antofagasta</common:Name>
                    <structure:Parent>
                        <Ref id="CL02"/>
                    </structure:Parent>
                </structure:Code>
                <structure:Code id="CL022">
                    <common:Annotations>
                        <common:Annotation>
                            <common:AnnotationType>ORDER</common:AnnotationType>
                            <common:AnnotationText xml:lang="en">5480</common:AnnotationText>
                            <common:AnnotationText xml:lang="fr">5480</common:AnnotationText>
                        </common:Annotation>
                    </common:Annotations>
                    <common:Name xml:lang="en">El Loa</common:Name>
                    <common:Name xml:lang="fr">El Loa</common:Name>
                    <structure:Parent>
                        <Ref id="CL02"/>
                    </structure:Parent>
                </structure:Code>
                <structure:Code id="CL023">
                    <common:Annotations>
                        <common:Annotation>
                            <common:AnnotationType>ORDER</common:AnnotationType>
                            <common:AnnotationText xml:lang="en">5490</common:AnnotationText>
                            <common:AnnotationText xml:lang="fr">5490</common:AnnotationText>
                        </common:Annotation>
                    </common:Annotations>
                    <common:Name xml:lang="en">Tocopilla</common:Name>
                    <common:Name xml:lang="fr">Tocopilla</common:Name>
                    <structure:Parent>
                        <Ref id="CL02"/>
                    </structure:Parent>
                </structure:Code>
                <structure:Code id="CL03">
                    <common:Annotations>
                        <common:Annotation>
                            <common:AnnotationType>ORDER</common:AnnotationType>
                            <common:AnnotationText xml:lang="en">5500</common:AnnotationText>
                            <common:AnnotationText xml:lang="fr">5500</common:AnnotationText>
                        </common:Annotation>
                    </common:Annotations>
                    <common:Name xml:lang="en">Atacama</common:Name>
                    <common:Name xml:lang="fr">Atacama</common:Name>
                    <structure:Parent>
                        <Ref id="CHL"/>
                    </structure:Parent>
                </structure:Code>
                <structure:Code id="CL031">
                    <common:Annotations>
                        <common:Annotation>
                            <common:AnnotationType>ORDER</common:AnnotationType>
                            <common:AnnotationText xml:lang="en">5510</common:AnnotationText>
                            <common:AnnotationText xml:lang="fr">5510</common:AnnotationText>
                        </common:Annotation>
                    </common:Annotations>
                    <common:Name xml:lang="en">Copiapó</common:Name>
                    <common:Name xml:lang="fr">Copiapó</common:Name>
                    <structure:Parent>
                        <Ref id="CL03"/>
                    </structure:Parent>
                </structure:Code>
                <structure:Code id="CL032">
                    <common:Annotations>
                        <common:Annotation>
                            <common:AnnotationType>ORDER</common:AnnotationType>
                            <common:AnnotationText xml:lang="en">5520</common:AnnotationText>
                            <common:AnnotationText xml:lang="fr">5520</common:AnnotationText>
                        </common:Annotation>
                    </common:Annotations>
                    <common:Name xml:lang="en">Chañaral</common:Name>
                    <common:Name xml:lang="fr">Chañaral</common:Name>
                    <structure:Parent>
                        <Ref id="CL03"/>
                    </structure:Parent>
                </structure:Code>
                <structure:Code id="CL033">
                    <common:Annotations>
                        <common:Annotation>
                            <common:AnnotationType>ORDER</common:AnnotationType>
                            <common:AnnotationText xml:lang="en">5530</common:AnnotationText>
                            <common:AnnotationText xml:lang="fr">5530</common:AnnotationText>
                        </common:Annotation>
                    </common:Annotations>
                    <common:Name xml:lang="en">Huasco</common:Name>
                    <common:Name xml:lang="fr">Huasco</common:Name>
                    <structure:Parent>
                        <Ref id="CL03"/>
                    </structure:Parent>
                </structure:Code>
                <structure:Code id="CL04">
                    <common:Annotations>
                        <common:Annotation>
                            <common:AnnotationType>ORDER</common:AnnotationType>
                            <common:AnnotationText xml:lang="en">5540</common:AnnotationText>
                            <common:AnnotationText xml:lang="fr">5540</common:AnnotationText>
                        </common:Annotation>
                    </common:Annotations>
                    <common:Name xml:lang="en">Coquimbo</common:Name>
                    <common:Name xml:lang="fr">Coquimbo</common:Name>
                    <structure:Parent>
                        <Ref id="CHL"/>
                    </structure:Parent>
                </structure:Code>
                <structure:Code id="CL041">
                    <common:Annotations>
                        <common:Annotation>
                            <common:AnnotationType>ORDER</common:AnnotationType>
                            <common:AnnotationText xml:lang="en">5550</common:AnnotationText>
                            <common:AnnotationText xml:lang="fr">5550</common:AnnotationText>
                        </common:Annotation>
                    </common:Annotations>
                    <common:Name xml:lang="en">Elqui</common:Name>
                    <common:Name xml:lang="fr">Elqui</common:Name>
                    <structure:Parent>
                        <Ref id="CL04"/>
                    </structure:Parent>
                </structure:Code>
                <structure:Code id="CL042">
                    <common:Annotations>
                        <common:Annotation>
                            <common:AnnotationType>ORDER</common:AnnotationType>
                            <common:AnnotationText xml:lang="en">5560</common:AnnotationText>
                            <common:AnnotationText xml:lang="fr">5560</common:AnnotationText>
                        </common:Annotation>
                    </common:Annotations>
                    <common:Name xml:lang="en">Choapa</common:Name>
                    <common:Name xml:lang="fr">Choapa</common:Name>
                    <structure:Parent>
                        <Ref id="CL04"/>
                    </structure:Parent>
                </structure:Code>
                <structure:Code id="CL043">
                    <common:Annotations>
                        <common:Annotation>
                            <common:AnnotationType>ORDER</common:AnnotationType>
                            <common:AnnotationText xml:lang="en">5570</common:AnnotationText>
                            <common:AnnotationText xml:lang="fr">5570</common:AnnotationText>
                        </common:Annotation>
                    </common:Annotations>
                    <common:Name xml:lang="en">Limarí</common:Name>
                    <common:Name xml:lang="fr">Limarí</common:Name>
                    <structure:Parent>
                        <Ref id="CL04"/>
                    </structure:Parent>
                </structure:Code>
                <structure:Code id="CL05">
                    <common:Annotations>
                        <common:Annotation>
                            <common:AnnotationType>ORDER</common:AnnotationType>
                            <common:AnnotationText xml:lang="en">5580</common:AnnotationText>
                            <common:AnnotationText xml:lang="fr">5580</common:AnnotationText>
                        </common:Annotation>
                    </common:Annotations>
                    <common:Name xml:lang="en">Valparaíso</common:Name>
                    <common:Name xml:lang="fr">Valparaíso</common:Name>
                    <structure:Parent>
                        <Ref id="CHL"/>
                    </structure:Parent>
                </structure:Code>
                <structure:Code id="CL051">
                    <common:Annotations>
                        <common:Annotation>
                            <common:AnnotationType>ORDER</common:AnnotationType>
                            <common:AnnotationText xml:lang="en">5590</common:AnnotationText>
                            <common:AnnotationText xml:lang="fr">5590</common:AnnotationText>
                        </common:Annotation>
                    </common:Annotations>
                    <common:Name xml:lang="en">Valparaíso</common:Name>
                    <common:Name xml:lang="fr">Valparaíso</common:Name>
                    <structure:Parent>
                        <Ref id="CL05"/>
                    </structure:Parent>
                </structure:Code>
                <structure:Code id="CL052">
                    <common:Annotations>
                        <common:Annotation>
                            <common:AnnotationType>ORDER</common:AnnotationType>
                            <common:AnnotationText xml:lang="en">5600</common:AnnotationText>
                            <common:AnnotationText xml:lang="fr">5600</common:AnnotationText>
                        </common:Annotation>
                    </common:Annotations>
                    <common:Name xml:lang="en">Isla de Pascua</common:Name>
                    <common:Name xml:lang="fr">Isla de Pascua</common:Name>
                    <structure:Parent>
                        <Ref id="CL05"/>
                    </structure:Parent>
                </structure:Code>
                <structure:Code id="CL053">
                    <common:Annotations>
                        <common:Annotation>
                            <common:AnnotationType>ORDER</common:AnnotationType>
                            <common:AnnotationText xml:lang="en">5610</common:AnnotationText>
                            <common:AnnotationText xml:lang="fr">5610</common:AnnotationText>
                        </common:Annotation>
                    </common:Annotations>
                    <common:Name xml:lang="en">Los Andes</common:Name>
                    <common:Name xml:lang="fr">Los Andes</common:Name>
                    <structure:Parent>
                        <Ref id="CL05"/>
                    </structure:Parent>
                </structure:Code>
                <structure:Code id="CL054">
                    <common:Annotations>
                        <common:Annotation>
                            <common:AnnotationType>ORDER</common:AnnotationType>
                            <common:AnnotationText xml:lang="en">5620</common:AnnotationText>
                            <common:AnnotationText xml:lang="fr">5620</common:AnnotationText>
                        </common:Annotation>
                    </common:Annotations>
                    <common:Name xml:lang="en">Petorca</common:Name>
                    <common:Name xml:lang="fr">Petorca</common:Name>
                    <structure:Parent>
                        <Ref id="CL05"/>
                    </structure:Parent>
                </structure:Code>
                <structure:Code id="CL055">
                    <common:Annotations>
                        <common:Annotation>
                            <common:AnnotationType>ORDER</common:AnnotationType>
                            <common:AnnotationText xml:lang="en">5630</common:AnnotationText>
                            <common:AnnotationText xml:lang="fr">5630</common:AnnotationText>
                        </common:Annotation>
                    </common:Annotations>
                    <common:Name xml:lang="en">Quillota</common:Name>
                    <common:Name xml:lang="fr">Quillota</common:Name>
                    <structure:Parent>
                        <Ref id="CL05"/>
                    </structure:Parent>
                </structure:Code>
                <structure:Code id="CL056">
                    <common:Annotations>
                        <common:Annotation>
                            <common:AnnotationType>ORDER</common:AnnotationType>
                            <common:AnnotationText xml:lang="en">5640</common:AnnotationText>
                            <common:AnnotationText xml:lang="fr">5640</common:AnnotationText>
                        </common:Annotation>
                    </common:Annotations>
                    <common:Name xml:lang="en">San Antonio</common:Name>
                    <common:Name xml:lang="fr">San Antonio</common:Name>
                    <structure:Parent>
                        <Ref id="CL05"/>
                    </structure:Parent>
                </structure:Code>
                <structure:Code id="CL057">
                    <common:Annotations>
                        <common:Annotation>
                            <common:AnnotationType>ORDER</common:AnnotationType>
                            <common:AnnotationText xml:lang="en">5650</common:AnnotationText>
                            <common:AnnotationText xml:lang="fr">5650</common:AnnotationText>
                        </common:Annotation>
                    </common:Annotations>
                    <common:Name xml:lang="en">San Felipe de Aconcagua</common:Name>
                    <common:Name xml:lang="fr">San Felipe de Aconcagua</common:Name>
                    <structure:Parent>
                        <Ref id="CL05"/>
                    </structure:Parent>
                </structure:Code>
                <structure:Code id="CL058">
                    <common:Annotations>
                        <common:Annotation>
                            <common:AnnotationType>ORDER</common:AnnotationType>
                            <common:AnnotationText xml:lang="en">5660</common:AnnotationText>
                            <common:AnnotationText xml:lang="fr">5660</common:AnnotationText>
                        </common:Annotation>
                    </common:Annotations>
                    <common:Name xml:lang="en">Marga Marga</common:Name>
                    <common:Name xml:lang="fr">Marga Marga</common:Name>
                    <structure:Parent>
                        <Ref id="CL05"/>
                    </structure:Parent>
                </structure:Code>
                <structure:Code id="CL06">
                    <common:Annotations>
                        <common:Annotation>
                            <common:AnnotationType>ORDER</common:AnnotationType>
                            <common:AnnotationText xml:lang="en">5670</common:AnnotationText>
                            <common:AnnotationText xml:lang="fr">5670</common:AnnotationText>
                        </common:Annotation>
                    </common:Annotations>
                    <common:Name xml:lang="en">O'Higgins</common:Name>
                    <common:Name xml:lang="fr">O'Higgins</common:Name>
                    <structure:Parent>
                        <Ref id="CHL"/>
                    </structure:Parent>
                </structure:Code>
                <structure:Code id="CL061">
                    <common:Annotations>
                        <common:Annotation>
                            <common:AnnotationType>ORDER</common:AnnotationType>
                            <common:AnnotationText xml:lang="en">5680</common:AnnotationText>
                            <common:AnnotationText xml:lang="fr">5680</common:AnnotationText>
                        </common:Annotation>
                    </common:Annotations>
                    <common:Name xml:lang="en">Cachapoal</common:Name>
                    <common:Name xml:lang="fr">Cachapoal</common:Name>
                    <structure:Parent>
                        <Ref id="CL06"/>
                    </structure:Parent>
                </structure:Code>
                <structure:Code id="CL062">
                    <common:Annotations>
                        <common:Annotation>
                            <common:AnnotationType>ORDER</common:AnnotationType>
                            <common:AnnotationText xml:lang="en">5690</common:AnnotationText>
                            <common:AnnotationText xml:lang="fr">5690</common:AnnotationText>
                        </common:Annotation>
                    </common:Annotations>
                    <common:Name xml:lang="en">Cardenal Caro</common:Name>
                    <common:Name xml:lang="fr">Cardenal Caro</common:Name>
                    <structure:Parent>
                        <Ref id="CL06"/>
                    </structure:Parent>
                </structure:Code>
                <structure:Code id="CL063">
                    <common:Annotations>
                        <common:Annotation>
                            <common:AnnotationType>ORDER</common:AnnotationType>
                            <common:AnnotationText xml:lang="en">5700</common:AnnotationText>
                            <common:AnnotationText xml:lang="fr">5700</common:AnnotationText>
                        </common:Annotation>
                    </common:Annotations>
                    <common:Name xml:lang="en">Colchagua</common:Name>
                    <common:Name xml:lang="fr">Colchagua</common:Name>
                    <structure:Parent>
                        <Ref id="CL06"/>
                    </structure:Parent>
                </structure:Code>
                <structure:Code id="CL07">
                    <common:Annotations>
                        <common:Annotation>
                            <common:AnnotationType>ORDER</common:AnnotationType>
                            <common:AnnotationText xml:lang="en">5710</common:AnnotationText>
                            <common:AnnotationText xml:lang="fr">5710</common:AnnotationText>
                        </common:Annotation>
                    </common:Annotations>
                    <common:Name xml:lang="en">Maule</common:Name>
                    <common:Name xml:lang="fr">Maule</common:Name>
                    <structure:Parent>
                        <Ref id="CHL"/>
                    </structure:Parent>
                </structure:Code>
                <structure:Code id="CL071">
                    <common:Annotations>
                        <common:Annotation>
                            <common:AnnotationType>ORDER</common:AnnotationType>
                            <common:AnnotationText xml:lang="en">5720</common:AnnotationText>
                            <common:AnnotationText xml:lang="fr">5720</common:AnnotationText>
                        </common:Annotation>
                    </common:Annotations>
                    <common:Name xml:lang="en">Talca</common:Name>
                    <common:Name xml:lang="fr">Talca</common:Name>
                    <structure:Parent>
                        <Ref id="CL07"/>
                    </structure:Parent>
                </structure:Code>
                <structure:Code id="CL072">
                    <common:Annotations>
                        <common:Annotation>
                            <common:AnnotationType>ORDER</common:AnnotationType>
                            <common:AnnotationText xml:lang="en">5730</common:AnnotationText>
                            <common:AnnotationText xml:lang="fr">5730</common:AnnotationText>
                        </common:Annotation>
                    </common:Annotations>
                    <common:Name xml:lang="en">Cauquenes</common:Name>
                    <common:Name xml:lang="fr">Cauquenes</common:Name>
                    <structure:Parent>
                        <Ref id="CL07"/>
                    </structure:Parent>
                </structure:Code>
                <structure:Code id="CL073">
                    <common:Annotations>
                        <common:Annotation>
                            <common:AnnotationType>ORDER</common:AnnotationType>
                            <common:AnnotationText xml:lang="en">5740</common:AnnotationText>
                            <common:AnnotationText xml:lang="fr">5740</common:AnnotationText>
                        </common:Annotation>
                    </common:Annotations>
                    <common:Name xml:lang="en">Curicó</common:Name>
                    <common:Name xml:lang="fr">Curicó</common:Name>
                    <structure:Parent>
                        <Ref id="CL07"/>
                    </structure:Parent>
                </structure:Code>
                <structure:Code id="CL074">
                    <common:Annotations>
                        <common:Annotation>
                            <common:AnnotationType>ORDER</common:AnnotationType>
                            <common:AnnotationText xml:lang="en">5750</common:AnnotationText>
                            <common:AnnotationText xml:lang="fr">5750</common:AnnotationText>
                        </common:Annotation>
                    </common:Annotations>
                    <common:Name xml:lang="en">Linares</common:Name>
                    <common:Name xml:lang="fr">Linares</common:Name>
                    <structure:Parent>
                        <Ref id="CL07"/>
                    </structure:Parent>
                </structure:Code>
                <structure:Code id="CL08">
                    <common:Annotations>
                        <common:Annotation>
                            <common:AnnotationType>ORDER</common:AnnotationType>
                            <common:AnnotationText xml:lang="en">5760</common:AnnotationText>
                            <common:AnnotationText xml:lang="fr">5760</common:AnnotationText>
                        </common:Annotation>
                    </common:Annotations>
                    <common:Name xml:lang="en">Biobío</common:Name>
                    <common:Name xml:lang="fr">Biobío</common:Name>
                    <structure:Parent>
                        <Ref id="CHL"/>
                    </structure:Parent>
                </structure:Code>
                <structure:Code id="CL081">
                    <common:Annotations>
                        <common:Annotation>
                            <common:AnnotationType>ORDER</common:AnnotationType>
                            <common:AnnotationText xml:lang="en">5770</common:AnnotationText>
                            <common:AnnotationText xml:lang="fr">5770</common:AnnotationText>
                        </common:Annotation>
                    </common:Annotations>
                    <common:Name xml:lang="en">Concepción</common:Name>
                    <common:Name xml:lang="fr">Concepción</common:Name>
                    <structure:Parent>
                        <Ref id="CL08"/>
                    </structure:Parent>
                </structure:Code>
                <structure:Code id="CL082">
                    <common:Annotations>
                        <common:Annotation>
                            <common:AnnotationType>ORDER</common:AnnotationType>
                            <common:AnnotationText xml:lang="en">5780</common:AnnotationText>
                            <common:AnnotationText xml:lang="fr">5780</common:AnnotationText>
                        </common:Annotation>
                    </common:Annotations>
                    <common:Name xml:lang="en">Arauco</common:Name>
                    <common:Name xml:lang="fr">Arauco</common:Name>
                    <structure:Parent>
                        <Ref id="CL08"/>
                    </structure:Parent>
                </structure:Code>
                <structure:Code id="CL09">
                    <common:Annotations>
                        <common:Annotation>
                            <common:AnnotationType>ORDER</common:AnnotationType>
                            <common:AnnotationText xml:lang="en">5790</common:AnnotationText>
                            <common:AnnotationText xml:lang="fr">5790</common:AnnotationText>
                        </common:Annotation>
                    </common:Annotations>
                    <common:Name xml:lang="en">Araucanía</common:Name>
                    <common:Name xml:lang="fr">Araucanía</common:Name>
                    <structure:Parent>
                        <Ref id="CHL"/>
                    </structure:Parent>
                </structure:Code>
                <structure:Code id="CL091">
                    <common:Annotations>
                        <common:Annotation>
                            <common:AnnotationType>ORDER</common:AnnotationType>
                            <common:AnnotationText xml:lang="en">5800</common:AnnotationText>
                            <common:AnnotationText xml:lang="fr">5800</common:AnnotationText>
                        </common:Annotation>
                    </common:Annotations>
                    <common:Name xml:lang="en">Cautín</common:Name>
                    <common:Name xml:lang="fr">Cautín</common:Name>
                    <structure:Parent>
                        <Ref id="CL09"/>
                    </structure:Parent>
                </structure:Code>
                <structure:Code id="CL092">
                    <common:Annotations>
                        <common:Annotation>
                            <common:AnnotationType>ORDER</common:AnnotationType>
                            <common:AnnotationText xml:lang="en">5810</common:AnnotationText>
                            <common:AnnotationText xml:lang="fr">5810</common:AnnotationText>
                        </common:Annotation>
                    </common:Annotations>
                    <common:Name xml:lang="en">Malleco</common:Name>
                    <common:Name xml:lang="fr">Malleco</common:Name>
                    <structure:Parent>
                        <Ref id="CL09"/>
                    </structure:Parent>
                </structure:Code>
                <structure:Code id="CL10">
                    <common:Annotations>
                        <common:Annotation>
                            <common:AnnotationType>ORDER</common:AnnotationType>
                            <common:AnnotationText xml:lang="en">5820</common:AnnotationText>
                            <common:AnnotationText xml:lang="fr">5820</common:AnnotationText>
                        </common:Annotation>
                    </common:Annotations>
                    <common:Name xml:lang="en">Los Lagos</common:Name>
                    <common:Name xml:lang="fr">Los Lagos</common:Name>
                    <structure:Parent>
                        <Ref id="CHL"/>
                    </structure:Parent>
                </structure:Code>
                <structure:Code id="CL101">
                    <common:Annotations>
                        <common:Annotation>
                            <common:AnnotationType>ORDER</common:AnnotationType>
                            <common:AnnotationText xml:lang="en">5830</common:AnnotationText>
                            <common:AnnotationText xml:lang="fr">5830</common:AnnotationText>
                        </common:Annotation>
                    </common:Annotations>
                    <common:Name xml:lang="en">Llanquihue</common:Name>
                    <common:Name xml:lang="fr">Llanquihue</common:Name>
                    <structure:Parent>
                        <Ref id="CL10"/>
                    </structure:Parent>
                </structure:Code>
                <structure:Code id="CL102">
                    <common:Annotations>
                        <common:Annotation>
                            <common:AnnotationType>ORDER</common:AnnotationType>
                            <common:AnnotationText xml:lang="en">5840</common:AnnotationText>
                            <common:AnnotationText xml:lang="fr">5840</common:AnnotationText>
                        </common:Annotation>
                    </common:Annotations>
                    <common:Name xml:lang="en">Chiloé</common:Name>
                    <common:Name xml:lang="fr">Chiloé</common:Name>
                    <structure:Parent>
                        <Ref id="CL10"/>
                    </structure:Parent>
                </structure:Code>
                <structure:Code id="CL103">
                    <common:Annotations>
                        <common:Annotation>
                            <common:AnnotationType>ORDER</common:AnnotationType>
                            <common:AnnotationText xml:lang="en">5850</common:AnnotationText>
                            <common:AnnotationText xml:lang="fr">5850</common:AnnotationText>
                        </common:Annotation>
                    </common:Annotations>
                    <common:Name xml:lang="en">Osorno</common:Name>
                    <common:Name xml:lang="fr">Osorno</common:Name>
                    <structure:Parent>
                        <Ref id="CL10"/>
                    </structure:Parent>
                </structure:Code>
                <structure:Code id="CL104">
                    <common:Annotations>
                        <common:Annotation>
                            <common:AnnotationType>ORDER</common:AnnotationType>
                            <common:AnnotationText xml:lang="en">5860</common:AnnotationText>
                            <common:AnnotationText xml:lang="fr">5860</common:AnnotationText>
                        </common:Annotation>
                    </common:Annotations>
                    <common:Name xml:lang="en">Palena</common:Name>
                    <common:Name xml:lang="fr">Palena</common:Name>
                    <structure:Parent>
                        <Ref id="CL10"/>
                    </structure:Parent>
                </structure:Code>
                <structure:Code id="CL11">
                    <common:Annotations>
                        <common:Annotation>
                            <common:AnnotationType>ORDER</common:AnnotationType>
                            <common:AnnotationText xml:lang="en">5870</common:AnnotationText>
                            <common:AnnotationText xml:lang="fr">5870</common:AnnotationText>
                        </common:Annotation>
                    </common:Annotations>
                    <common:Name xml:lang="en">Aysén</common:Name>
                    <common:Name xml:lang="fr">Aysén</common:Name>
                    <structure:Parent>
                        <Ref id="CHL"/>
                    </structure:Parent>
                </structure:Code>
                <structure:Code id="CL111">
                    <common:Annotations>
                        <common:Annotation>
                            <common:AnnotationType>ORDER</common:AnnotationType>
                            <common:AnnotationText xml:lang="en">5880</common:AnnotationText>
                            <common:AnnotationText xml:lang="fr">5880</common:AnnotationText>
                        </common:Annotation>
                    </common:Annotations>
                    <common:Name xml:lang="en">Coyhaique</common:Name>
                    <common:Name xml:lang="fr">Coyhaique</common:Name>
                    <structure:Parent>
                        <Ref id="CL11"/>
                    </structure:Parent>
                </structure:Code>
                <structure:Code id="CL112">
                    <common:Annotations>
                        <common:Annotation>
                            <common:AnnotationType>ORDER</common:AnnotationType>
                            <common:AnnotationText xml:lang="en">5890</common:AnnotationText>
                            <common:AnnotationText xml:lang="fr">5890</common:AnnotationText>
                        </common:Annotation>
                    </common:Annotations>
                    <common:Name xml:lang="en">Aysén</common:Name>
                    <common:Name xml:lang="fr">Aysén</common:Name>
                    <structure:Parent>
                        <Ref id="CL11"/>
                    </structure:Parent>
                </structure:Code>
                <structure:Code id="CL113">
                    <common:Annotations>
                        <common:Annotation>
                            <common:AnnotationType>ORDER</common:AnnotationType>
                            <common:AnnotationText xml:lang="en">5900</common:AnnotationText>
                            <common:AnnotationText xml:lang="fr">5900</common:AnnotationText>
                        </common:Annotation>
                    </common:Annotations>
                    <common:Name xml:lang="en">Capitán Prat</common:Name>
                    <common:Name xml:lang="fr">Capitán Prat</common:Name>
                    <structure:Parent>
                        <Ref id="CL11"/>
                    </structure:Parent>
                </structure:Code>
                <structure:Code id="CL114">
                    <common:Annotations>
                        <common:Annotation>
                            <common:AnnotationType>ORDER</common:AnnotationType>
                            <common:AnnotationText xml:lang="en">5910</common:AnnotationText>
                            <common:AnnotationText xml:lang="fr">5910</common:AnnotationText>
                        </common:Annotation>
                    </common:Annotations>
                    <common:Name xml:lang="en">General Carrera</common:Name>
                    <common:Name xml:lang="fr">General Carrera</common:Name>
                    <structure:Parent>
                        <Ref id="CL11"/>
                    </structure:Parent>
                </structure:Code>
                <structure:Code id="CL12">
                    <common:Annotations>
                        <common:Annotation>
                            <common:AnnotationType>ORDER</common:AnnotationType>
                            <common:AnnotationText xml:lang="en">5920</common:AnnotationText>
                            <common:AnnotationText xml:lang="fr">5920</common:AnnotationText>
                        </common:Annotation>
                    </common:Annotations>
                    <common:Name xml:lang="en">Magallanes y Antártica</common:Name>
                    <common:Name xml:lang="fr">Magallanes y Antártica</common:Name>
                    <structure:Parent>
                        <Ref id="CHL"/>
                    </structure:Parent>
                </structure:Code>
                <structure:Code id="CL121">
                    <common:Annotations>
                        <common:Annotation>
                            <common:AnnotationType>ORDER</common:AnnotationType>
                            <common:AnnotationText xml:lang="en">5930</common:AnnotationText>
                            <common:AnnotationText xml:lang="fr">5930</common:AnnotationText>
                        </common:Annotation>
                    </common:Annotations>
                    <common:Name xml:lang="en">Magallanes</common:Name>
                    <common:Name xml:lang="fr">Magallanes</common:Name>
                    <structure:Parent>
                        <Ref id="CL12"/>
                    </structure:Parent>
                </structure:Code>
                <structure:Code id="CL122">
                    <common:Annotations>
                        <common:Annotation>
                            <common:AnnotationType>ORDER</common:AnnotationType>
                            <common:AnnotationText xml:lang="en">5940</common:AnnotationText>
                            <common:AnnotationText xml:lang="fr">5940</common:AnnotationText>
                        </common:Annotation>
                    </common:Annotations>
                    <common:Name xml:lang="en">Antártica Chilena</common:Name>
                    <common:Name xml:lang="fr">Antártica Chilena</common:Name>
                    <structure:Parent>
                        <Ref id="CL12"/>
                    </structure:Parent>
                </structure:Code>
                <structure:Code id="CL123">
                    <common:Annotations>
                        <common:Annotation>
                            <common:AnnotationType>ORDER</common:AnnotationType>
                            <common:AnnotationText xml:lang="en">5950</common:AnnotationText>
                            <common:AnnotationText xml:lang="fr">5950</common:AnnotationText>
                        </common:Annotation>
                    </common:Annotations>
                    <common:Name xml:lang="en">Tierra del Fuego</common:Name>
                    <common:Name xml:lang="fr">Tierra del Fuego</common:Name>
                    <structure:Parent>
                        <Ref id="CL12"/>
                    </structure:Parent>
                </structure:Code>
                <structure:Code id="CL124">
                    <common:Annotations>
                        <common:Annotation>
                            <common:AnnotationType>ORDER</common:AnnotationType>
                            <common:AnnotationText xml:lang="en">5960</common:AnnotationText>
                            <common:AnnotationText xml:lang="fr">5960</common:AnnotationText>
                        </common:Annotation>
                    </common:Annotations>
                    <common:Name xml:lang="en">Última Esperanza</common:Name>
                    <common:Name xml:lang="fr">Última Esperanza</common:Name>
                    <structure:Parent>
                        <Ref id="CL12"/>
                    </structure:Parent>
                </structure:Code>
                <structure:Code id="CL13">
                    <common:Annotations>
                        <common:Annotation>
                            <common:AnnotationType>ORDER</common:AnnotationType>
                            <common:AnnotationText xml:lang="en">5970</common:AnnotationText>
                            <common:AnnotationText xml:lang="fr">5970</common:AnnotationText>
                        </common:Annotation>
                    </common:Annotations>
                    <common:Name xml:lang="en">Santiago Metropolitan</common:Name>
                    <common:Name xml:lang="fr">Santiago Metropolitan</common:Name>
                    <structure:Parent>
                        <Ref id="CHL"/>
                    </structure:Parent>
                </structure:Code>
                <structure:Code id="CL131">
                    <common:Annotations>
                        <common:Annotation>
                            <common:AnnotationType>ORDER</common:AnnotationType>
                            <common:AnnotationText xml:lang="en">5980</common:AnnotationText>
                            <common:AnnotationText xml:lang="fr">5980</common:AnnotationText>
                        </common:Annotation>
                    </common:Annotations>
                    <common:Name xml:lang="en">Santiago</common:Name>
                    <common:Name xml:lang="fr">Santiago</common:Name>
                    <structure:Parent>
                        <Ref id="CL13"/>
                    </structure:Parent>
                </structure:Code>
                <structure:Code id="CL132">
                    <common:Annotations>
                        <common:Annotation>
                            <common:AnnotationType>ORDER</common:AnnotationType>
                            <common:AnnotationText xml:lang="en">5990</common:AnnotationText>
                            <common:AnnotationText xml:lang="fr">5990</common:AnnotationText>
                        </common:Annotation>
                    </common:Annotations>
                    <common:Name xml:lang="en">Cordillera</common:Name>
                    <common:Name xml:lang="fr">Cordillera</common:Name>
                    <structure:Parent>
                        <Ref id="CL13"/>
                    </structure:Parent>
                </structure:Code>
                <structure:Code id="CL133">
                    <common:Annotations>
                        <common:Annotation>
                            <common:AnnotationType>ORDER</common:AnnotationType>
                            <common:AnnotationText xml:lang="en">6000</common:AnnotationText>
                            <common:AnnotationText xml:lang="fr">6000</common:AnnotationText>
                        </common:Annotation>
                    </common:Annotations>
                    <common:Name xml:lang="en">Chacabuco</common:Name>
                    <common:Name xml:lang="fr">Chacabuco</common:Name>
                    <structure:Parent>
                        <Ref id="CL13"/>
                    </structure:Parent>
                </structure:Code>
                <structure:Code id="CL134">
                    <common:Annotations>
                        <common:Annotation>
                            <common:AnnotationType>ORDER</common:AnnotationType>
                            <common:AnnotationText xml:lang="en">6010</common:AnnotationText>
                            <common:AnnotationText xml:lang="fr">6010</common:AnnotationText>
                        </common:Annotation>
                    </common:Annotations>
                    <common:Name xml:lang="en">Maipo</common:Name>
                    <common:Name xml:lang="fr">Maipo</common:Name>
                    <structure:Parent>
                        <Ref id="CL13"/>
                    </structure:Parent>
                </structure:Code>
                <structure:Code id="CL135">
                    <common:Annotations>
                        <common:Annotation>
                            <common:AnnotationType>ORDER</common:AnnotationType>
                            <common:AnnotationText xml:lang="en">6020</common:AnnotationText>
                            <common:AnnotationText xml:lang="fr">6020</common:AnnotationText>
                        </common:Annotation>
                    </common:Annotations>
                    <common:Name xml:lang="en">Melipilla</common:Name>
                    <common:Name xml:lang="fr">Melipilla</common:Name>
                    <structure:Parent>
                        <Ref id="CL13"/>
                    </structure:Parent>
                </structure:Code>
                <structure:Code id="CL136">
                    <common:Annotations>
                        <common:Annotation>
                            <common:AnnotationType>ORDER</common:AnnotationType>
                            <common:AnnotationText xml:lang="en">6030</common:AnnotationText>
                            <common:AnnotationText xml:lang="fr">6030</common:AnnotationText>
                        </common:Annotation>
                    </common:Annotations>
                    <common:Name xml:lang="en">Talagante</common:Name>
                    <common:Name xml:lang="fr">Talagante</common:Name>
                    <structure:Parent>
                        <Ref id="CL13"/>
                    </structure:Parent>
                </structure:Code>
                <structure:Code id="CL14">
                    <common:Annotations>
                        <common:Annotation>
                            <common:AnnotationType>ORDER</common:AnnotationType>
                            <common:AnnotationText xml:lang="en">6040</common:AnnotationText>
                            <common:AnnotationText xml:lang="fr">6040</common:AnnotationText>
                        </common:Annotation>
                    </common:Annotations>
                    <common:Name xml:lang="en">Los Ríos</common:Name>
                    <common:Name xml:lang="fr">Los Ríos</common:Name>
                    <structure:Parent>
                        <Ref id="CHL"/>
                    </structure:Parent>
                </structure:Code>
                <structure:Code id="CL141">
                    <common:Annotations>
                        <common:Annotation>
                            <common:AnnotationType>ORDER</common:AnnotationType>
                            <common:AnnotationText xml:lang="en">6050</common:AnnotationText>
                            <common:AnnotationText xml:lang="fr">6050</common:AnnotationText>
                        </common:Annotation>
                    </common:Annotations>
                    <common:Name xml:lang="en">Valdivia</common:Name>
                    <common:Name xml:lang="fr">Valdivia</common:Name>
                    <structure:Parent>
                        <Ref id="CL14"/>
                    </structure:Parent>
                </structure:Code>
                <structure:Code id="CL142">
                    <common:Annotations>
                        <common:Annotation>
                            <common:AnnotationType>ORDER</common:AnnotationType>
                            <common:AnnotationText xml:lang="en">6060</common:AnnotationText>
                            <common:AnnotationText xml:lang="fr">6060</common:AnnotationText>
                        </common:Annotation>
                    </common:Annotations>
                    <common:Name xml:lang="en">Ranco</common:Name>
                    <common:Name xml:lang="fr">Ranco</common:Name>
                    <structure:Parent>
                        <Ref id="CL14"/>
                    </structure:Parent>
                </structure:Code>
                <structure:Code id="CL15">
                    <common:Annotations>
                        <common:Annotation>
                            <common:AnnotationType>ORDER</common:AnnotationType>
                            <common:AnnotationText xml:lang="en">6070</common:AnnotationText>
                            <common:AnnotationText xml:lang="fr">6070</common:AnnotationText>
                        </common:Annotation>
                    </common:Annotations>
                    <common:Name xml:lang="en">Arica y Parinacota</common:Name>
                    <common:Name xml:lang="fr">Arica y Parinacota</common:Name>
                    <structure:Parent>
                        <Ref id="CHL"/>
                    </structure:Parent>
                </structure:Code>
                <structure:Code id="CL151">
                    <common:Annotations>
                        <common:Annotation>
                            <common:AnnotationType>ORDER</common:AnnotationType>
                            <common:AnnotationText xml:lang="en">6080</common:AnnotationText>
                            <common:AnnotationText xml:lang="fr">6080</common:AnnotationText>
                        </common:Annotation>
                    </common:Annotations>
                    <common:Name xml:lang="en">Arica</common:Name>
                    <common:Name xml:lang="fr">Arica</common:Name>
                    <structure:Parent>
                        <Ref id="CL15"/>
                    </structure:Parent>
                </structure:Code>
                <structure:Code id="CL152">
                    <common:Annotations>
                        <common:Annotation>
                            <common:AnnotationType>ORDER</common:AnnotationType>
                            <common:AnnotationText xml:lang="en">6090</common:AnnotationText>
                            <common:AnnotationText xml:lang="fr">6090</common:AnnotationText>
                        </common:Annotation>
                    </common:Annotations>
                    <common:Name xml:lang="en">Parinacota</common:Name>
                    <common:Name xml:lang="fr">Parinacota</common:Name>
                    <structure:Parent>
                        <Ref id="CL15"/>
                    </structure:Parent>
                </structure:Code>
                <structure:Code id="CL16">
                    <common:Annotations>
                        <common:Annotation>
                            <common:AnnotationType>ORDER</common:AnnotationType>
                            <common:AnnotationText xml:lang="en">6100</common:AnnotationText>
                            <common:AnnotationText xml:lang="fr">6100</common:AnnotationText>
                        </common:Annotation>
                    </common:Annotations>
                    <common:Name xml:lang="en">Ñuble</common:Name>
                    <common:Name xml:lang="fr">Ñuble</common:Name>
                    <structure:Parent>
                        <Ref id="CHL"/>
                    </structure:Parent>
                </structure:Code>
                <structure:Code id="CL161">
                    <common:Annotations>
                        <common:Annotation>
                            <common:AnnotationType>ORDER</common:AnnotationType>
                            <common:AnnotationText xml:lang="en">6110</common:AnnotationText>
                            <common:AnnotationText xml:lang="fr">6110</common:AnnotationText>
                        </common:Annotation>
                    </common:Annotations>
                    <common:Name xml:lang="en">Diguillín</common:Name>
                    <common:Name xml:lang="fr">Diguillín</common:Name>
                    <structure:Parent>
                        <Ref id="CL16"/>
                    </structure:Parent>
                </structure:Code>
                <structure:Code id="CL162">
                    <common:Annotations>
                        <common:Annotation>
                            <common:AnnotationType>ORDER</common:AnnotationType>
                            <common:AnnotationText xml:lang="en">6120</common:AnnotationText>
                            <common:AnnotationText xml:lang="fr">6120</common:AnnotationText>
                        </common:Annotation>
                    </common:Annotations>
                    <common:Name xml:lang="en">Itata</common:Name>
                    <common:Name xml:lang="fr">Itata</common:Name>
                    <structure:Parent>
                        <Ref id="CL16"/>
                    </structure:Parent>
                </structure:Code>
                <structure:Code id="CL163">
                    <common:Annotations>
                        <common:Annotation>
                            <common:AnnotationType>ORDER</common:AnnotationType>
                            <common:AnnotationText xml:lang="en">6130</common:AnnotationText>
                            <common:AnnotationText xml:lang="fr">6130</common:AnnotationText>
                        </common:Annotation>
                    </common:Annotations>
                    <common:Name xml:lang="en">Punilla</common:Name>
                    <common:Name xml:lang="fr">Punilla</common:Name>
                    <structure:Parent>
                        <Ref id="CL16"/>
                    </structure:Parent>
                </structure:Code>
                <structure:Code id="COL">
                    <common:Annotations>
                        <common:Annotation>
                            <common:AnnotationType>ORDER</common:AnnotationType>
                            <common:AnnotationText xml:lang="en">6140</common:AnnotationText>
                            <common:AnnotationText xml:lang="fr">6140</common:AnnotationText>
                        </common:Annotation>
                    </common:Annotations>
                    <common:Name xml:lang="en">Colombia</common:Name>
                    <common:Name xml:lang="fr">Colombie</common:Name>
                </structure:Code>
                <structure:Code id="CO05">
                    <common:Annotations>
                        <common:Annotation>
                            <common:AnnotationType>ORDER</common:AnnotationType>
                            <common:AnnotationText xml:lang="en">6150</common:AnnotationText>
                            <common:AnnotationText xml:lang="fr">6150</common:AnnotationText>
                        </common:Annotation>
                    </common:Annotations>
                    <common:Name xml:lang="en">Antioquia</common:Name>
                    <common:Name xml:lang="fr">Antioquia</common:Name>
                    <structure:Parent>
                        <Ref id="COL"/>
                    </structure:Parent>
                </structure:Code>
                <structure:Code id="CO08">
                    <common:Annotations>
                        <common:Annotation>
                            <common:AnnotationType>ORDER</common:AnnotationType>
                            <common:AnnotationText xml:lang="en">6160</common:AnnotationText>
                            <common:AnnotationText xml:lang="fr">6160</common:AnnotationText>
                        </common:Annotation>
                    </common:Annotations>
                    <common:Name xml:lang="en">Atlántico</common:Name>
                    <common:Name xml:lang="fr">Atlántico</common:Name>
                    <structure:Parent>
                        <Ref id="COL"/>
                    </structure:Parent>
                </structure:Code>
                <structure:Code id="CO11">
                    <common:Annotations>
                        <common:Annotation>
                            <common:AnnotationType>ORDER</common:AnnotationType>
                            <common:AnnotationText xml:lang="en">6170</common:AnnotationText>
                            <common:AnnotationText xml:lang="fr">6170</common:AnnotationText>
                        </common:Annotation>
                    </common:Annotations>
                    <common:Name xml:lang="en">Bogotá Capital District</common:Name>
                    <common:Name xml:lang="fr">Bogotá Capital District</common:Name>
                    <structure:Parent>
                        <Ref id="COL"/>
                    </structure:Parent>
                </structure:Code>
                <structure:Code id="CO13">
                    <common:Annotations>
                        <common:Annotation>
                            <common:AnnotationType>ORDER</common:AnnotationType>
                            <common:AnnotationText xml:lang="en">6180</common:AnnotationText>
                            <common:AnnotationText xml:lang="fr">6180</common:AnnotationText>
                        </common:Annotation>
                    </common:Annotations>
                    <common:Name xml:lang="en">Bolívar</common:Name>
                    <common:Name xml:lang="fr">Bolívar</common:Name>
                    <structure:Parent>
                        <Ref id="COL"/>
                    </structure:Parent>
                </structure:Code>
                <structure:Code id="CO15">
                    <common:Annotations>
                        <common:Annotation>
                            <common:AnnotationType>ORDER</common:AnnotationType>
                            <common:AnnotationText xml:lang="en">6190</common:AnnotationText>
                            <common:AnnotationText xml:lang="fr">6190</common:AnnotationText>
                        </common:Annotation>
                    </common:Annotations>
                    <common:Name xml:lang="en">Boyacá</common:Name>
                    <common:Name xml:lang="fr">Boyacá</common:Name>
                    <structure:Parent>
                        <Ref id="COL"/>
                    </structure:Parent>
                </structure:Code>
                <structure:Code id="CO17">
                    <common:Annotations>
                        <common:Annotation>
                            <common:AnnotationType>ORDER</common:AnnotationType>
                            <common:AnnotationText xml:lang="en">6200</common:AnnotationText>
                            <common:AnnotationText xml:lang="fr">6200</common:AnnotationText>
                        </common:Annotation>
                    </common:Annotations>
                    <common:Name xml:lang="en">Caldas</common:Name>
                    <common:Name xml:lang="fr">Caldas</common:Name>
                    <structure:Parent>
                        <Ref id="COL"/>
                    </structure:Parent>
                </structure:Code>
                <structure:Code id="CO18">
                    <common:Annotations>
                        <common:Annotation>
                            <common:AnnotationType>ORDER</common:AnnotationType>
                            <common:AnnotationText xml:lang="en">6210</common:AnnotationText>
                            <common:AnnotationText xml:lang="fr">6210</common:AnnotationText>
                        </common:Annotation>
                    </common:Annotations>
                    <common:Name xml:lang="en">Caquetá</common:Name>
                    <common:Name xml:lang="fr">Caquetá</common:Name>
                    <structure:Parent>
                        <Ref id="COL"/>
                    </structure:Parent>
                </structure:Code>
                <structure:Code id="CO19">
                    <common:Annotations>
                        <common:Annotation>
                            <common:AnnotationType>ORDER</common:AnnotationType>
                            <common:AnnotationText xml:lang="en">6220</common:AnnotationText>
                            <common:AnnotationText xml:lang="fr">6220</common:AnnotationText>
                        </common:Annotation>
                    </common:Annotations>
                    <common:Name xml:lang="en">Cauca</common:Name>
                    <common:Name xml:lang="fr">Cauca</common:Name>
                    <structure:Parent>
                        <Ref id="COL"/>
                    </structure:Parent>
                </structure:Code>
                <structure:Code id="CO20">
                    <common:Annotations>
                        <common:Annotation>
                            <common:AnnotationType>ORDER</common:AnnotationType>
                            <common:AnnotationText xml:lang="en">6230</common:AnnotationText>
                            <common:AnnotationText xml:lang="fr">6230</common:AnnotationText>
                        </common:Annotation>
                    </common:Annotations>
                    <common:Name xml:lang="en">Cesar</common:Name>
                    <common:Name xml:lang="fr">Cesar</common:Name>
                    <structure:Parent>
                        <Ref id="COL"/>
                    </structure:Parent>
                </structure:Code>
                <structure:Code id="CO23">
                    <common:Annotations>
                        <common:Annotation>
                            <common:AnnotationType>ORDER</common:AnnotationType>
                            <common:AnnotationText xml:lang="en">6240</common:AnnotationText>
                            <common:AnnotationText xml:lang="fr">6240</common:AnnotationText>
                        </common:Annotation>
                    </common:Annotations>
                    <common:Name xml:lang="en">Córdoba (CO)</common:Name>
                    <common:Name xml:lang="fr">Córdoba (CO)</common:Name>
                    <structure:Parent>
                        <Ref id="COL"/>
                    </structure:Parent>
                </structure:Code>
                <structure:Code id="CO25">
                    <common:Annotations>
                        <common:Annotation>
                            <common:AnnotationType>ORDER</common:AnnotationType>
                            <common:AnnotationText xml:lang="en">6250</common:AnnotationText>
                            <common:AnnotationText xml:lang="fr">6250</common:AnnotationText>
                        </common:Annotation>
                    </common:Annotations>
                    <common:Name xml:lang="en">Cundinamarca</common:Name>
                    <common:Name xml:lang="fr">Cundinamarca</common:Name>
                    <structure:Parent>
                        <Ref id="COL"/>
                    </structure:Parent>
                </structure:Code>
                <structure:Code id="CO27">
                    <common:Annotations>
                        <common:Annotation>
                            <common:AnnotationType>ORDER</common:AnnotationType>
                            <common:AnnotationText xml:lang="en">6260</common:AnnotationText>
                            <common:AnnotationText xml:lang="fr">6260</common:AnnotationText>
                        </common:Annotation>
                    </common:Annotations>
                    <common:Name xml:lang="en">Chocó</common:Name>
                    <common:Name xml:lang="fr">Chocó</common:Name>
                    <structure:Parent>
                        <Ref id="COL"/>
                    </structure:Parent>
                </structure:Code>
                <structure:Code id="CO41">
                    <common:Annotations>
                        <common:Annotation>
                            <common:AnnotationType>ORDER</common:AnnotationType>
                            <common:AnnotationText xml:lang="en">6270</common:AnnotationText>
                            <common:AnnotationText xml:lang="fr">6270</common:AnnotationText>
                        </common:Annotation>
                    </common:Annotations>
                    <common:Name xml:lang="en">Huila</common:Name>
                    <common:Name xml:lang="fr">Huila</common:Name>
                    <structure:Parent>
                        <Ref id="COL"/>
                    </structure:Parent>
                </structure:Code>
                <structure:Code id="CO44">
                    <common:Annotations>
                        <common:Annotation>
                            <common:AnnotationType>ORDER</common:AnnotationType>
                            <common:AnnotationText xml:lang="en">6280</common:AnnotationText>
                            <common:AnnotationText xml:lang="fr">6280</common:AnnotationText>
                        </common:Annotation>
                    </common:Annotations>
                    <common:Name xml:lang="en">La Guajira</common:Name>
                    <common:Name xml:lang="fr">La Guajira</common:Name>
                    <structure:Parent>
                        <Ref id="COL"/>
                    </structure:Parent>
                </structure:Code>
                <structure:Code id="CO47">
                    <common:Annotations>
                        <common:Annotation>
                            <common:AnnotationType>ORDER</common:AnnotationType>
                            <common:AnnotationText xml:lang="en">6290</common:AnnotationText>
                            <common:AnnotationText xml:lang="fr">6290</common:AnnotationText>
                        </common:Annotation>
                    </common:Annotations>
                    <common:Name xml:lang="en">Magdalena</common:Name>
                    <common:Name xml:lang="fr">Magdalena</common:Name>
                    <structure:Parent>
                        <Ref id="COL"/>
                    </structure:Parent>
                </structure:Code>
                <structure:Code id="CO50">
                    <common:Annotations>
                        <common:Annotation>
                            <common:AnnotationType>ORDER</common:AnnotationType>
                            <common:AnnotationText xml:lang="en">6300</common:AnnotationText>
                            <common:AnnotationText xml:lang="fr">6300</common:AnnotationText>
                        </common:Annotation>
                    </common:Annotations>
                    <common:Name xml:lang="en">Meta</common:Name>
                    <common:Name xml:lang="fr">Meta</common:Name>
                    <structure:Parent>
                        <Ref id="COL"/>
                    </structure:Parent>
                </structure:Code>
                <structure:Code id="CO52">
                    <common:Annotations>
                        <common:Annotation>
                            <common:AnnotationType>ORDER</common:AnnotationType>
                            <common:AnnotationText xml:lang="en">6310</common:AnnotationText>
                            <common:AnnotationText xml:lang="fr">6310</common:AnnotationText>
                        </common:Annotation>
                    </common:Annotations>
                    <common:Name xml:lang="en">Nariño</common:Name>
                    <common:Name xml:lang="fr">Nariño</common:Name>
                    <structure:Parent>
                        <Ref id="COL"/>
                    </structure:Parent>
                </structure:Code>
                <structure:Code id="CO54">
                    <common:Annotations>
                        <common:Annotation>
                            <common:AnnotationType>ORDER</common:AnnotationType>
                            <common:AnnotationText xml:lang="en">6320</common:AnnotationText>
                            <common:AnnotationText xml:lang="fr">6320</common:AnnotationText>
                        </common:Annotation>
                    </common:Annotations>
                    <common:Name xml:lang="en">Norte de Santander</common:Name>
                    <common:Name xml:lang="fr">Norte de Santander</common:Name>
                    <structure:Parent>
                        <Ref id="COL"/>
                    </structure:Parent>
                </structure:Code>
                <structure:Code id="CO63">
                    <common:Annotations>
                        <common:Annotation>
                            <common:AnnotationType>ORDER</common:AnnotationType>
                            <common:AnnotationText xml:lang="en">6330</common:AnnotationText>
                            <common:AnnotationText xml:lang="fr">6330</common:AnnotationText>
                        </common:Annotation>
                    </common:Annotations>
                    <common:Name xml:lang="en">Quindio</common:Name>
                    <common:Name xml:lang="fr">Quindio</common:Name>
                    <structure:Parent>
                        <Ref id="COL"/>
                    </structure:Parent>
                </structure:Code>
                <structure:Code id="CO66">
                    <common:Annotations>
                        <common:Annotation>
                            <common:AnnotationType>ORDER</common:AnnotationType>
                            <common:AnnotationText xml:lang="en">6340</common:AnnotationText>
                            <common:AnnotationText xml:lang="fr">6340</common:AnnotationText>
                        </common:Annotation>
                    </common:Annotations>
                    <common:Name xml:lang="en">Risaralda</common:Name>
                    <common:Name xml:lang="fr">Risaralda</common:Name>
                    <structure:Parent>
                        <Ref id="COL"/>
                    </structure:Parent>
                </structure:Code>
                <structure:Code id="CO68">
                    <common:Annotations>
                        <common:Annotation>
                            <common:AnnotationType>ORDER</common:AnnotationType>
                            <common:AnnotationText xml:lang="en">6350</common:AnnotationText>
                            <common:AnnotationText xml:lang="fr">6350</common:AnnotationText>
                        </common:Annotation>
                    </common:Annotations>
                    <common:Name xml:lang="en">Santander</common:Name>
                    <common:Name xml:lang="fr">Santander</common:Name>
                    <structure:Parent>
                        <Ref id="COL"/>
                    </structure:Parent>
                </structure:Code>
                <structure:Code id="CO70">
                    <common:Annotations>
                        <common:Annotation>
                            <common:AnnotationType>ORDER</common:AnnotationType>
                            <common:AnnotationText xml:lang="en">6360</common:AnnotationText>
                            <common:AnnotationText xml:lang="fr">6360</common:AnnotationText>
                        </common:Annotation>
                    </common:Annotations>
                    <common:Name xml:lang="en">Sucre</common:Name>
                    <common:Name xml:lang="fr">Sucre</common:Name>
                    <structure:Parent>
                        <Ref id="COL"/>
                    </structure:Parent>
                </structure:Code>
                <structure:Code id="CO73">
                    <common:Annotations>
                        <common:Annotation>
                            <common:AnnotationType>ORDER</common:AnnotationType>
                            <common:AnnotationText xml:lang="en">6370</common:AnnotationText>
                            <common:AnnotationText xml:lang="fr">6370</common:AnnotationText>
                        </common:Annotation>
                    </common:Annotations>
                    <common:Name xml:lang="en">Tolima</common:Name>
                    <common:Name xml:lang="fr">Tolima</common:Name>
                    <structure:Parent>
                        <Ref id="COL"/>
                    </structure:Parent>
                </structure:Code>
                <structure:Code id="CO76">
                    <common:Annotations>
                        <common:Annotation>
                            <common:AnnotationType>ORDER</common:AnnotationType>
                            <common:AnnotationText xml:lang="en">6380</common:AnnotationText>
                            <common:AnnotationText xml:lang="fr">6380</common:AnnotationText>
                        </common:Annotation>
                    </common:Annotations>
                    <common:Name xml:lang="en">Valle del Cauca</common:Name>
                    <common:Name xml:lang="fr">Valle del Cauca</common:Name>
                    <structure:Parent>
                        <Ref id="COL"/>
                    </structure:Parent>
                </structure:Code>
                <structure:Code id="CO81">
                    <common:Annotations>
                        <common:Annotation>
                            <common:AnnotationType>ORDER</common:AnnotationType>
                            <common:AnnotationText xml:lang="en">6390</common:AnnotationText>
                            <common:AnnotationText xml:lang="fr">6390</common:AnnotationText>
                        </common:Annotation>
                    </common:Annotations>
                    <common:Name xml:lang="en">Arauca</common:Name>
                    <common:Name xml:lang="fr">Arauca</common:Name>
                    <structure:Parent>
                        <Ref id="COL"/>
                    </structure:Parent>
                </structure:Code>
                <structure:Code id="CO85">
                    <common:Annotations>
                        <common:Annotation>
                            <common:AnnotationType>ORDER</common:AnnotationType>
                            <common:AnnotationText xml:lang="en">6400</common:AnnotationText>
                            <common:AnnotationText xml:lang="fr">6400</common:AnnotationText>
                        </common:Annotation>
                    </common:Annotations>
                    <common:Name xml:lang="en">Casanare</common:Name>
                    <common:Name xml:lang="fr">Casanare</common:Name>
                    <structure:Parent>
                        <Ref id="COL"/>
                    </structure:Parent>
                </structure:Code>
                <structure:Code id="CO86">
                    <common:Annotations>
                        <common:Annotation>
                            <common:AnnotationType>ORDER</common:AnnotationType>
                            <common:AnnotationText xml:lang="en">6410</common:AnnotationText>
                            <common:AnnotationText xml:lang="fr">6410</common:AnnotationText>
                        </common:Annotation>
                    </common:Annotations>
                    <common:Name xml:lang="en">Putumayo</common:Name>
                    <common:Name xml:lang="fr">Putumayo</common:Name>
                    <structure:Parent>
                        <Ref id="COL"/>
                    </structure:Parent>
                </structure:Code>
                <structure:Code id="CO88">
                    <common:Annotations>
                        <common:Annotation>
                            <common:AnnotationType>ORDER</common:AnnotationType>
                            <common:AnnotationText xml:lang="en">6420</common:AnnotationText>
                            <common:AnnotationText xml:lang="fr">6420</common:AnnotationText>
                        </common:Annotation>
                    </common:Annotations>
                    <common:Name xml:lang="en">San Andrés</common:Name>
                    <common:Name xml:lang="fr">San Andrés</common:Name>
                    <structure:Parent>
                        <Ref id="COL"/>
                    </structure:Parent>
                </structure:Code>
                <structure:Code id="CO90">
                    <common:Annotations>
                        <common:Annotation>
                            <common:AnnotationType>ORDER</common:AnnotationType>
                            <common:AnnotationText xml:lang="en">6430</common:AnnotationText>
                            <common:AnnotationText xml:lang="fr">6430</common:AnnotationText>
                        </common:Annotation>
                    </common:Annotations>
                    <common:Name xml:lang="en">Grupo Amazonía</common:Name>
                    <common:Name xml:lang="fr">Grupo Amazonía</common:Name>
                    <structure:Parent>
                        <Ref id="COL"/>
                    </structure:Parent>
                </structure:Code>
                <structure:Code id="CO91">
                    <common:Annotations>
                        <common:Annotation>
                            <common:AnnotationType>ORDER</common:AnnotationType>
                            <common:AnnotationText xml:lang="en">6440</common:AnnotationText>
                            <common:AnnotationText xml:lang="fr">6440</common:AnnotationText>
                        </common:Annotation>
                    </common:Annotations>
                    <common:Name xml:lang="en">Amazonas</common:Name>
                    <common:Name xml:lang="fr">Amazonas</common:Name>
                    <structure:Parent>
                        <Ref id="COL"/>
                    </structure:Parent>
                </structure:Code>
                <structure:Code id="CO94">
                    <common:Annotations>
                        <common:Annotation>
                            <common:AnnotationType>ORDER</common:AnnotationType>
                            <common:AnnotationText xml:lang="en">6450</common:AnnotationText>
                            <common:AnnotationText xml:lang="fr">6450</common:AnnotationText>
                        </common:Annotation>
                    </common:Annotations>
                    <common:Name xml:lang="en">Guainía</common:Name>
                    <common:Name xml:lang="fr">Guainía</common:Name>
                    <structure:Parent>
                        <Ref id="COL"/>
                    </structure:Parent>
                </structure:Code>
                <structure:Code id="CO95">
                    <common:Annotations>
                        <common:Annotation>
                            <common:AnnotationType>ORDER</common:AnnotationType>
                            <common:AnnotationText xml:lang="en">6460</common:AnnotationText>
                            <common:AnnotationText xml:lang="fr">6460</common:AnnotationText>
                        </common:Annotation>
                    </common:Annotations>
                    <common:Name xml:lang="en">Guaviare</common:Name>
                    <common:Name xml:lang="fr">Guaviare</common:Name>
                    <structure:Parent>
                        <Ref id="COL"/>
                    </structure:Parent>
                </structure:Code>
                <structure:Code id="CO97">
                    <common:Annotations>
                        <common:Annotation>
                            <common:AnnotationType>ORDER</common:AnnotationType>
                            <common:AnnotationText xml:lang="en">6470</common:AnnotationText>
                            <common:AnnotationText xml:lang="fr">6470</common:AnnotationText>
                        </common:Annotation>
                    </common:Annotations>
                    <common:Name xml:lang="en">Vaupés</common:Name>
                    <common:Name xml:lang="fr">Vaupés</common:Name>
                    <structure:Parent>
                        <Ref id="COL"/>
                    </structure:Parent>
                </structure:Code>
                <structure:Code id="CO99">
                    <common:Annotations>
                        <common:Annotation>
                            <common:AnnotationType>ORDER</common:AnnotationType>
                            <common:AnnotationText xml:lang="en">6480</common:AnnotationText>
                            <common:AnnotationText xml:lang="fr">6480</common:AnnotationText>
                        </common:Annotation>
                    </common:Annotations>
                    <common:Name xml:lang="en">Vichada</common:Name>
                    <common:Name xml:lang="fr">Vichada</common:Name>
                    <structure:Parent>
                        <Ref id="COL"/>
                    </structure:Parent>
                </structure:Code>
                <structure:Code id="CRI">
                    <common:Annotations>
                        <common:Annotation>
                            <common:AnnotationType>ORDER</common:AnnotationType>
                            <common:AnnotationText xml:lang="en">6490</common:AnnotationText>
                            <common:AnnotationText xml:lang="fr">6490</common:AnnotationText>
                        </common:Annotation>
                    </common:Annotations>
                    <common:Name xml:lang="en">Costa Rica</common:Name>
                    <common:Name xml:lang="fr">Costa Rica</common:Name>
                </structure:Code>
                <structure:Code id="CR01">
                    <common:Annotations>
                        <common:Annotation>
                            <common:AnnotationType>ORDER</common:AnnotationType>
                            <common:AnnotationText xml:lang="en">6500</common:AnnotationText>
                            <common:AnnotationText xml:lang="fr">6500</common:AnnotationText>
                        </common:Annotation>
                    </common:Annotations>
                    <common:Name xml:lang="en">Central</common:Name>
                    <common:Name xml:lang="fr">Central</common:Name>
                    <structure:Parent>
                        <Ref id="CRI"/>
                    </structure:Parent>
                </structure:Code>
                <structure:Code id="CR02">
                    <common:Annotations>
                        <common:Annotation>
                            <common:AnnotationType>ORDER</common:AnnotationType>
                            <common:AnnotationText xml:lang="en">6510</common:AnnotationText>
                            <common:AnnotationText xml:lang="fr">6510</common:AnnotationText>
                        </common:Annotation>
                    </common:Annotations>
                    <common:Name xml:lang="en">Chorotega</common:Name>
                    <common:Name xml:lang="fr">Chorotega</common:Name>
                    <structure:Parent>
                        <Ref id="CRI"/>
                    </structure:Parent>
                </structure:Code>
                <structure:Code id="CR03">
                    <common:Annotations>
                        <common:Annotation>
                            <common:AnnotationType>ORDER</common:AnnotationType>
                            <common:AnnotationText xml:lang="en">6520</common:AnnotationText>
                            <common:AnnotationText xml:lang="fr">6520</common:AnnotationText>
                        </common:Annotation>
                    </common:Annotations>
                    <common:Name xml:lang="en">Central Pacific</common:Name>
                    <common:Name xml:lang="fr">Central Pacific</common:Name>
                    <structure:Parent>
                        <Ref id="CRI"/>
                    </structure:Parent>
                </structure:Code>
                <structure:Code id="CR04">
                    <common:Annotations>
                        <common:Annotation>
                            <common:AnnotationType>ORDER</common:AnnotationType>
                            <common:AnnotationText xml:lang="en">6530</common:AnnotationText>
                            <common:AnnotationText xml:lang="fr">6530</common:AnnotationText>
                        </common:Annotation>
                    </common:Annotations>
                    <common:Name xml:lang="en">Brunca</common:Name>
                    <common:Name xml:lang="fr">Brunca</common:Name>
                    <structure:Parent>
                        <Ref id="CRI"/>
                    </structure:Parent>
                </structure:Code>
                <structure:Code id="CR05">
                    <common:Annotations>
                        <common:Annotation>
                            <common:AnnotationType>ORDER</common:AnnotationType>
                            <common:AnnotationText xml:lang="en">6540</common:AnnotationText>
                            <common:AnnotationText xml:lang="fr">6540</common:AnnotationText>
                        </common:Annotation>
                    </common:Annotations>
                    <common:Name xml:lang="en">Huetar Caribbean</common:Name>
                    <common:Name xml:lang="fr">Huetar Caribbean</common:Name>
                    <structure:Parent>
                        <Ref id="CRI"/>
                    </structure:Parent>
                </structure:Code>
                <structure:Code id="CR06">
                    <common:Annotations>
                        <common:Annotation>
                            <common:AnnotationType>ORDER</common:AnnotationType>
                            <common:AnnotationText xml:lang="en">6550</common:AnnotationText>
                            <common:AnnotationText xml:lang="fr">6550</common:AnnotationText>
                        </common:Annotation>
                    </common:Annotations>
                    <common:Name xml:lang="en">North Huetar</common:Name>
                    <common:Name xml:lang="fr">North Huetar</common:Name>
                    <structure:Parent>
                        <Ref id="CRI"/>
                    </structure:Parent>
                </structure:Code>
                <structure:Code id="CZE">
                    <common:Annotations>
                        <common:Annotation>
                            <common:AnnotationType>ORDER</common:AnnotationType>
                            <common:AnnotationText xml:lang="en">6560</common:AnnotationText>
                            <common:AnnotationText xml:lang="fr">6560</common:AnnotationText>
                        </common:Annotation>
                    </common:Annotations>
                    <common:Name xml:lang="en">Czech Republic</common:Name>
                    <common:Name xml:lang="fr">République tchèque</common:Name>
                </structure:Code>
                <structure:Code id="CZ01">
                    <common:Annotations>
                        <common:Annotation>
                            <common:AnnotationType>ORDER</common:AnnotationType>
                            <common:AnnotationText xml:lang="en">6570</common:AnnotationText>
                            <common:AnnotationText xml:lang="fr">6570</common:AnnotationText>
                        </common:Annotation>
                    </common:Annotations>
                    <common:Name xml:lang="en">Prague</common:Name>
                    <common:Name xml:lang="fr">Prague</common:Name>
                    <structure:Parent>
                        <Ref id="CZE"/>
                    </structure:Parent>
                </structure:Code>
                <structure:Code id="CZ010">
                    <common:Annotations>
                        <common:Annotation>
                            <common:AnnotationType>ORDER</common:AnnotationType>
                            <common:AnnotationText xml:lang="en">6580</common:AnnotationText>
                            <common:AnnotationText xml:lang="fr">6580</common:AnnotationText>
                        </common:Annotation>
                    </common:Annotations>
                    <common:Name xml:lang="en">Prague</common:Name>
                    <common:Name xml:lang="fr">Prague</common:Name>
                    <structure:Parent>
                        <Ref id="CZ01"/>
                    </structure:Parent>
                </structure:Code>
                <structure:Code id="CZ02">
                    <common:Annotations>
                        <common:Annotation>
                            <common:AnnotationType>ORDER</common:AnnotationType>
                            <common:AnnotationText xml:lang="en">6590</common:AnnotationText>
                            <common:AnnotationText xml:lang="fr">6590</common:AnnotationText>
                        </common:Annotation>
                    </common:Annotations>
                    <common:Name xml:lang="en">Central Bohemian Region</common:Name>
                    <common:Name xml:lang="fr">Central Bohemian Region</common:Name>
                    <structure:Parent>
                        <Ref id="CZE"/>
                    </structure:Parent>
                </structure:Code>
                <structure:Code id="CZ020">
                    <common:Annotations>
                        <common:Annotation>
                            <common:AnnotationType>ORDER</common:AnnotationType>
                            <common:AnnotationText xml:lang="en">6600</common:AnnotationText>
                            <common:AnnotationText xml:lang="fr">6600</common:AnnotationText>
                        </common:Annotation>
                    </common:Annotations>
                    <common:Name xml:lang="en">Central Bohemia</common:Name>
                    <common:Name xml:lang="fr">Central Bohemia</common:Name>
                    <structure:Parent>
                        <Ref id="CZ02"/>
                    </structure:Parent>
                </structure:Code>
                <structure:Code id="CZ03">
                    <common:Annotations>
                        <common:Annotation>
                            <common:AnnotationType>ORDER</common:AnnotationType>
                            <common:AnnotationText xml:lang="en">6610</common:AnnotationText>
                            <common:AnnotationText xml:lang="fr">6610</common:AnnotationText>
                        </common:Annotation>
                    </common:Annotations>
                    <common:Name xml:lang="en">Southwest</common:Name>
                    <common:Name xml:lang="fr">Southwest</common:Name>
                    <structure:Parent>
                        <Ref id="CZE"/>
                    </structure:Parent>
                </structure:Code>
                <structure:Code id="CZ031">
                    <common:Annotations>
                        <common:Annotation>
                            <common:AnnotationType>ORDER</common:AnnotationType>
                            <common:AnnotationText xml:lang="en">6620</common:AnnotationText>
                            <common:AnnotationText xml:lang="fr">6620</common:AnnotationText>
                        </common:Annotation>
                    </common:Annotations>
                    <common:Name xml:lang="en">South Bohemia</common:Name>
                    <common:Name xml:lang="fr">South Bohemia</common:Name>
                    <structure:Parent>
                        <Ref id="CZ03"/>
                    </structure:Parent>
                </structure:Code>
                <structure:Code id="CZ032">
                    <common:Annotations>
                        <common:Annotation>
                            <common:AnnotationType>ORDER</common:AnnotationType>
                            <common:AnnotationText xml:lang="en">6630</common:AnnotationText>
                            <common:AnnotationText xml:lang="fr">6630</common:AnnotationText>
                        </common:Annotation>
                    </common:Annotations>
                    <common:Name xml:lang="en">Plzen</common:Name>
                    <common:Name xml:lang="fr">Plzen</common:Name>
                    <structure:Parent>
                        <Ref id="CZ03"/>
                    </structure:Parent>
                </structure:Code>
                <structure:Code id="CZ04">
                    <common:Annotations>
                        <common:Annotation>
                            <common:AnnotationType>ORDER</common:AnnotationType>
                            <common:AnnotationText xml:lang="en">6640</common:AnnotationText>
                            <common:AnnotationText xml:lang="fr">6640</common:AnnotationText>
                        </common:Annotation>
                    </common:Annotations>
                    <common:Name xml:lang="en">Northwest</common:Name>
                    <common:Name xml:lang="fr">Northwest</common:Name>
                    <structure:Parent>
                        <Ref id="CZE"/>
                    </structure:Parent>
                </structure:Code>
                <structure:Code id="CZ041">
                    <common:Annotations>
                        <common:Annotation>
                            <common:AnnotationType>ORDER</common:AnnotationType>
                            <common:AnnotationText xml:lang="en">6650</common:AnnotationText>
                            <common:AnnotationText xml:lang="fr">6650</common:AnnotationText>
                        </common:Annotation>
                    </common:Annotations>
                    <common:Name xml:lang="en">Karlovy Vary</common:Name>
                    <common:Name xml:lang="fr">Karlovy Vary</common:Name>
                    <structure:Parent>
                        <Ref id="CZ04"/>
                    </structure:Parent>
                </structure:Code>
                <structure:Code id="CZ042">
                    <common:Annotations>
                        <common:Annotation>
                            <common:AnnotationType>ORDER</common:AnnotationType>
                            <common:AnnotationText xml:lang="en">6660</common:AnnotationText>
                            <common:AnnotationText xml:lang="fr">6660</common:AnnotationText>
                        </common:Annotation>
                    </common:Annotations>
                    <common:Name xml:lang="en">Ústí nad Labem</common:Name>
                    <common:Name xml:lang="fr">Ústí nad Labem</common:Name>
                    <structure:Parent>
                        <Ref id="CZ04"/>
                    </structure:Parent>
                </structure:Code>
                <structure:Code id="CZ05">
                    <common:Annotations>
                        <common:Annotation>
                            <common:AnnotationType>ORDER</common:AnnotationType>
                            <common:AnnotationText xml:lang="en">6670</common:AnnotationText>
                            <common:AnnotationText xml:lang="fr">6670</common:AnnotationText>
                        </common:Annotation>
                    </common:Annotations>
                    <common:Name xml:lang="en">Northeast</common:Name>
                    <common:Name xml:lang="fr">Northeast</common:Name>
                    <structure:Parent>
                        <Ref id="CZE"/>
                    </structure:Parent>
                </structure:Code>
                <structure:Code id="CZ051">
                    <common:Annotations>
                        <common:Annotation>
                            <common:AnnotationType>ORDER</common:AnnotationType>
                            <common:AnnotationText xml:lang="en">6680</common:AnnotationText>
                            <common:AnnotationText xml:lang="fr">6680</common:AnnotationText>
                        </common:Annotation>
                    </common:Annotations>
                    <common:Name xml:lang="en">Liberec</common:Name>
                    <common:Name xml:lang="fr">Liberec</common:Name>
                    <structure:Parent>
                        <Ref id="CZ05"/>
                    </structure:Parent>
                </structure:Code>
                <structure:Code id="CZ052">
                    <common:Annotations>
                        <common:Annotation>
                            <common:AnnotationType>ORDER</common:AnnotationType>
                            <common:AnnotationText xml:lang="en">6690</common:AnnotationText>
                            <common:AnnotationText xml:lang="fr">6690</common:AnnotationText>
                        </common:Annotation>
                    </common:Annotations>
                    <common:Name xml:lang="en">Hradec Králové</common:Name>
                    <common:Name xml:lang="fr">Hradec Králové</common:Name>
                    <structure:Parent>
                        <Ref id="CZ05"/>
                    </structure:Parent>
                </structure:Code>
                <structure:Code id="CZ053">
                    <common:Annotations>
                        <common:Annotation>
                            <common:AnnotationType>ORDER</common:AnnotationType>
                            <common:AnnotationText xml:lang="en">6700</common:AnnotationText>
                            <common:AnnotationText xml:lang="fr">6700</common:AnnotationText>
                        </common:Annotation>
                    </common:Annotations>
                    <common:Name xml:lang="en">Pardubice</common:Name>
                    <common:Name xml:lang="fr">Pardubice</common:Name>
                    <structure:Parent>
                        <Ref id="CZ05"/>
                    </structure:Parent>
                </structure:Code>
                <structure:Code id="CZ06">
                    <common:Annotations>
                        <common:Annotation>
                            <common:AnnotationType>ORDER</common:AnnotationType>
                            <common:AnnotationText xml:lang="en">6710</common:AnnotationText>
                            <common:AnnotationText xml:lang="fr">6710</common:AnnotationText>
                        </common:Annotation>
                    </common:Annotations>
                    <common:Name xml:lang="en">Southeast</common:Name>
                    <common:Name xml:lang="fr">Southeast</common:Name>
                    <structure:Parent>
                        <Ref id="CZE"/>
                    </structure:Parent>
                </structure:Code>
                <structure:Code id="CZ063">
                    <common:Annotations>
                        <common:Annotation>
                            <common:AnnotationType>ORDER</common:AnnotationType>
                            <common:AnnotationText xml:lang="en">6720</common:AnnotationText>
                            <common:AnnotationText xml:lang="fr">6720</common:AnnotationText>
                        </common:Annotation>
                    </common:Annotations>
                    <common:Name xml:lang="en">Vysocina</common:Name>
                    <common:Name xml:lang="fr">Vysocina</common:Name>
                    <structure:Parent>
                        <Ref id="CZ06"/>
                    </structure:Parent>
                </structure:Code>
                <structure:Code id="CZ064">
                    <common:Annotations>
                        <common:Annotation>
                            <common:AnnotationType>ORDER</common:AnnotationType>
                            <common:AnnotationText xml:lang="en">6730</common:AnnotationText>
                            <common:AnnotationText xml:lang="fr">6730</common:AnnotationText>
                        </common:Annotation>
                    </common:Annotations>
                    <common:Name xml:lang="en">South Moravia</common:Name>
                    <common:Name xml:lang="fr">South Moravia</common:Name>
                    <structure:Parent>
                        <Ref id="CZ06"/>
                    </structure:Parent>
                </structure:Code>
                <structure:Code id="CZ07">
                    <common:Annotations>
                        <common:Annotation>
                            <common:AnnotationType>ORDER</common:AnnotationType>
                            <common:AnnotationText xml:lang="en">6740</common:AnnotationText>
                            <common:AnnotationText xml:lang="fr">6740</common:AnnotationText>
                        </common:Annotation>
                    </common:Annotations>
                    <common:Name xml:lang="en">Central Moravia</common:Name>
                    <common:Name xml:lang="fr">Central Moravia</common:Name>
                    <structure:Parent>
                        <Ref id="CZE"/>
                    </structure:Parent>
                </structure:Code>
                <structure:Code id="CZ071">
                    <common:Annotations>
                        <common:Annotation>
                            <common:AnnotationType>ORDER</common:AnnotationType>
                            <common:AnnotationText xml:lang="en">6750</common:AnnotationText>
                            <common:AnnotationText xml:lang="fr">6750</common:AnnotationText>
                        </common:Annotation>
                    </common:Annotations>
                    <common:Name xml:lang="en">Olomouc</common:Name>
                    <common:Name xml:lang="fr">Olomouc</common:Name>
                    <structure:Parent>
                        <Ref id="CZ07"/>
                    </structure:Parent>
                </structure:Code>
                <structure:Code id="CZ072">
                    <common:Annotations>
                        <common:Annotation>
                            <common:AnnotationType>ORDER</common:AnnotationType>
                            <common:AnnotationText xml:lang="en">6760</common:AnnotationText>
                            <common:AnnotationText xml:lang="fr">6760</common:AnnotationText>
                        </common:Annotation>
                    </common:Annotations>
                    <common:Name xml:lang="en">Zlín</common:Name>
                    <common:Name xml:lang="fr">Zlín</common:Name>
                    <structure:Parent>
                        <Ref id="CZ07"/>
                    </structure:Parent>
                </structure:Code>
                <structure:Code id="CZ08">
                    <common:Annotations>
                        <common:Annotation>
                            <common:AnnotationType>ORDER</common:AnnotationType>
                            <common:AnnotationText xml:lang="en">6770</common:AnnotationText>
                            <common:AnnotationText xml:lang="fr">6770</common:AnnotationText>
                        </common:Annotation>
                    </common:Annotations>
                    <common:Name xml:lang="en">Moravia-Silesia</common:Name>
                    <common:Name xml:lang="fr">Moravia-Silesia</common:Name>
                    <structure:Parent>
                        <Ref id="CZE"/>
                    </structure:Parent>
                </structure:Code>
                <structure:Code id="CZ080">
                    <common:Annotations>
                        <common:Annotation>
                            <common:AnnotationType>ORDER</common:AnnotationType>
                            <common:AnnotationText xml:lang="en">6780</common:AnnotationText>
                            <common:AnnotationText xml:lang="fr">6780</common:AnnotationText>
                        </common:Annotation>
                    </common:Annotations>
                    <common:Name xml:lang="en">Moravia-Silesia</common:Name>
                    <common:Name xml:lang="fr">Moravia-Silesia</common:Name>
                    <structure:Parent>
                        <Ref id="CZ08"/>
                    </structure:Parent>
                </structure:Code>
                <structure:Code id="DNK">
                    <common:Annotations>
                        <common:Annotation>
                            <common:AnnotationType>ORDER</common:AnnotationType>
                            <common:AnnotationText xml:lang="en">6790</common:AnnotationText>
                            <common:AnnotationText xml:lang="fr">6790</common:AnnotationText>
                        </common:Annotation>
                    </common:Annotations>
                    <common:Name xml:lang="en">Denmark</common:Name>
                    <common:Name xml:lang="fr">Danemark</common:Name>
                </structure:Code>
                <structure:Code id="DK01">
                    <common:Annotations>
                        <common:Annotation>
                            <common:AnnotationType>ORDER</common:AnnotationType>
                            <common:AnnotationText xml:lang="en">6800</common:AnnotationText>
                            <common:AnnotationText xml:lang="fr">6800</common:AnnotationText>
                        </common:Annotation>
                    </common:Annotations>
                    <common:Name xml:lang="en">Capital (DK)</common:Name>
                    <common:Name xml:lang="fr">Capital (DK)</common:Name>
                    <structure:Parent>
                        <Ref id="DNK"/>
                    </structure:Parent>
                </structure:Code>
                <structure:Code id="DK011">
                    <common:Annotations>
                        <common:Annotation>
                            <common:AnnotationType>ORDER</common:AnnotationType>
                            <common:AnnotationText xml:lang="en">6810</common:AnnotationText>
                            <common:AnnotationText xml:lang="fr">6810</common:AnnotationText>
                        </common:Annotation>
                    </common:Annotations>
                    <common:Name xml:lang="en">City of Copenhagen</common:Name>
                    <common:Name xml:lang="fr">City of Copenhagen</common:Name>
                    <structure:Parent>
                        <Ref id="DK01"/>
                    </structure:Parent>
                </structure:Code>
                <structure:Code id="DK012">
                    <common:Annotations>
                        <common:Annotation>
                            <common:AnnotationType>ORDER</common:AnnotationType>
                            <common:AnnotationText xml:lang="en">6820</common:AnnotationText>
                            <common:AnnotationText xml:lang="fr">6820</common:AnnotationText>
                        </common:Annotation>
                    </common:Annotations>
                    <common:Name xml:lang="en">Copenhagen suburbs</common:Name>
                    <common:Name xml:lang="fr">Copenhagen suburbs</common:Name>
                    <structure:Parent>
                        <Ref id="DK01"/>
                    </structure:Parent>
                </structure:Code>
                <structure:Code id="DK013">
                    <common:Annotations>
                        <common:Annotation>
                            <common:AnnotationType>ORDER</common:AnnotationType>
                            <common:AnnotationText xml:lang="en">6830</common:AnnotationText>
                            <common:AnnotationText xml:lang="fr">6830</common:AnnotationText>
                        </common:Annotation>
                    </common:Annotations>
                    <common:Name xml:lang="en">North Zealand</common:Name>
                    <common:Name xml:lang="fr">North Zealand</common:Name>
                    <structure:Parent>
                        <Ref id="DK01"/>
                    </structure:Parent>
                </structure:Code>
                <structure:Code id="DK014">
                    <common:Annotations>
                        <common:Annotation>
                            <common:AnnotationType>ORDER</common:AnnotationType>
                            <common:AnnotationText xml:lang="en">6840</common:AnnotationText>
                            <common:AnnotationText xml:lang="fr">6840</common:AnnotationText>
                        </common:Annotation>
                    </common:Annotations>
                    <common:Name xml:lang="en">Bornholm</common:Name>
                    <common:Name xml:lang="fr">Bornholm</common:Name>
                    <structure:Parent>
                        <Ref id="DK01"/>
                    </structure:Parent>
                </structure:Code>
                <structure:Code id="DK02">
                    <common:Annotations>
                        <common:Annotation>
                            <common:AnnotationType>ORDER</common:AnnotationType>
                            <common:AnnotationText xml:lang="en">6850</common:AnnotationText>
                            <common:AnnotationText xml:lang="fr">6850</common:AnnotationText>
                        </common:Annotation>
                    </common:Annotations>
                    <common:Name xml:lang="en">Zealand</common:Name>
                    <common:Name xml:lang="fr">Zealand</common:Name>
                    <structure:Parent>
                        <Ref id="DNK"/>
                    </structure:Parent>
                </structure:Code>
                <structure:Code id="DK021">
                    <common:Annotations>
                        <common:Annotation>
                            <common:AnnotationType>ORDER</common:AnnotationType>
                            <common:AnnotationText xml:lang="en">6860</common:AnnotationText>
                            <common:AnnotationText xml:lang="fr">6860</common:AnnotationText>
                        </common:Annotation>
                    </common:Annotations>
                    <common:Name xml:lang="en">East Zealand</common:Name>
                    <common:Name xml:lang="fr">East Zealand</common:Name>
                    <structure:Parent>
                        <Ref id="DK02"/>
                    </structure:Parent>
                </structure:Code>
                <structure:Code id="DK022">
                    <common:Annotations>
                        <common:Annotation>
                            <common:AnnotationType>ORDER</common:AnnotationType>
                            <common:AnnotationText xml:lang="en">6870</common:AnnotationText>
                            <common:AnnotationText xml:lang="fr">6870</common:AnnotationText>
                        </common:Annotation>
                    </common:Annotations>
                    <common:Name xml:lang="en">West and South Zealand</common:Name>
                    <common:Name xml:lang="fr">West and South Zealand</common:Name>
                    <structure:Parent>
                        <Ref id="DK02"/>
                    </structure:Parent>
                </structure:Code>
                <structure:Code id="DK03">
                    <common:Annotations>
                        <common:Annotation>
                            <common:AnnotationType>ORDER</common:AnnotationType>
                            <common:AnnotationText xml:lang="en">6880</common:AnnotationText>
                            <common:AnnotationText xml:lang="fr">6880</common:AnnotationText>
                        </common:Annotation>
                    </common:Annotations>
                    <common:Name xml:lang="en">Southern Denmark</common:Name>
                    <common:Name xml:lang="fr">Southern Denmark</common:Name>
                    <structure:Parent>
                        <Ref id="DNK"/>
                    </structure:Parent>
                </structure:Code>
                <structure:Code id="DK031">
                    <common:Annotations>
                        <common:Annotation>
                            <common:AnnotationType>ORDER</common:AnnotationType>
                            <common:AnnotationText xml:lang="en">6890</common:AnnotationText>
                            <common:AnnotationText xml:lang="fr">6890</common:AnnotationText>
                        </common:Annotation>
                    </common:Annotations>
                    <common:Name xml:lang="en">Fyn</common:Name>
                    <common:Name xml:lang="fr">Fyn</common:Name>
                    <structure:Parent>
                        <Ref id="DK03"/>
                    </structure:Parent>
                </structure:Code>
                <structure:Code id="DK032">
                    <common:Annotations>
                        <common:Annotation>
                            <common:AnnotationType>ORDER</common:AnnotationType>
                            <common:AnnotationText xml:lang="en">6900</common:AnnotationText>
                            <common:AnnotationText xml:lang="fr">6900</common:AnnotationText>
                        </common:Annotation>
                    </common:Annotations>
                    <common:Name xml:lang="en">South Jutland</common:Name>
                    <common:Name xml:lang="fr">South Jutland</common:Name>
                    <structure:Parent>
                        <Ref id="DK03"/>
                    </structure:Parent>
                </structure:Code>
                <structure:Code id="DK04">
                    <common:Annotations>
                        <common:Annotation>
                            <common:AnnotationType>ORDER</common:AnnotationType>
                            <common:AnnotationText xml:lang="en">6910</common:AnnotationText>
                            <common:AnnotationText xml:lang="fr">6910</common:AnnotationText>
                        </common:Annotation>
                    </common:Annotations>
                    <common:Name xml:lang="en">Central Jutland</common:Name>
                    <common:Name xml:lang="fr">Central Jutland</common:Name>
                    <structure:Parent>
                        <Ref id="DNK"/>
                    </structure:Parent>
                </structure:Code>
                <structure:Code id="DK041">
                    <common:Annotations>
                        <common:Annotation>
                            <common:AnnotationType>ORDER</common:AnnotationType>
                            <common:AnnotationText xml:lang="en">6920</common:AnnotationText>
                            <common:AnnotationText xml:lang="fr">6920</common:AnnotationText>
                        </common:Annotation>
                    </common:Annotations>
                    <common:Name xml:lang="en">West Jutland</common:Name>
                    <common:Name xml:lang="fr">West Jutland</common:Name>
                    <structure:Parent>
                        <Ref id="DK04"/>
                    </structure:Parent>
                </structure:Code>
                <structure:Code id="DK042">
                    <common:Annotations>
                        <common:Annotation>
                            <common:AnnotationType>ORDER</common:AnnotationType>
                            <common:AnnotationText xml:lang="en">6930</common:AnnotationText>
                            <common:AnnotationText xml:lang="fr">6930</common:AnnotationText>
                        </common:Annotation>
                    </common:Annotations>
                    <common:Name xml:lang="en">East Jutland</common:Name>
                    <common:Name xml:lang="fr">East Jutland</common:Name>
                    <structure:Parent>
                        <Ref id="DK04"/>
                    </structure:Parent>
                </structure:Code>
                <structure:Code id="DK05">
                    <common:Annotations>
                        <common:Annotation>
                            <common:AnnotationType>ORDER</common:AnnotationType>
                            <common:AnnotationText xml:lang="en">6940</common:AnnotationText>
                            <common:AnnotationText xml:lang="fr">6940</common:AnnotationText>
                        </common:Annotation>
                    </common:Annotations>
                    <common:Name xml:lang="en">Northern Jutland</common:Name>
                    <common:Name xml:lang="fr">Northern Jutland</common:Name>
                    <structure:Parent>
                        <Ref id="DNK"/>
                    </structure:Parent>
                </structure:Code>
                <structure:Code id="DK050">
                    <common:Annotations>
                        <common:Annotation>
                            <common:AnnotationType>ORDER</common:AnnotationType>
                            <common:AnnotationText xml:lang="en">6950</common:AnnotationText>
                            <common:AnnotationText xml:lang="fr">6950</common:AnnotationText>
                        </common:Annotation>
                    </common:Annotations>
                    <common:Name xml:lang="en">North Jutland</common:Name>
                    <common:Name xml:lang="fr">North Jutland</common:Name>
                    <structure:Parent>
                        <Ref id="DK05"/>
                    </structure:Parent>
                </structure:Code>
                <structure:Code id="EST">
                    <common:Annotations>
                        <common:Annotation>
                            <common:AnnotationType>ORDER</common:AnnotationType>
                            <common:AnnotationText xml:lang="en">6960</common:AnnotationText>
                            <common:AnnotationText xml:lang="fr">6960</common:AnnotationText>
                        </common:Annotation>
                    </common:Annotations>
                    <common:Name xml:lang="en">Estonia</common:Name>
                    <common:Name xml:lang="fr">Estonie</common:Name>
                </structure:Code>
                <structure:Code id="EE00">
                    <common:Annotations>
                        <common:Annotation>
                            <common:AnnotationType>ORDER</common:AnnotationType>
                            <common:AnnotationText xml:lang="en">6970</common:AnnotationText>
                            <common:AnnotationText xml:lang="fr">6970</common:AnnotationText>
                        </common:Annotation>
                    </common:Annotations>
                    <common:Name xml:lang="en">Estonia</common:Name>
                    <common:Name xml:lang="fr">Estonia</common:Name>
                    <structure:Parent>
                        <Ref id="EST"/>
                    </structure:Parent>
                </structure:Code>
                <structure:Code id="EE001">
                    <common:Annotations>
                        <common:Annotation>
                            <common:AnnotationType>ORDER</common:AnnotationType>
                            <common:AnnotationText xml:lang="en">6980</common:AnnotationText>
                            <common:AnnotationText xml:lang="fr">6980</common:AnnotationText>
                        </common:Annotation>
                    </common:Annotations>
                    <common:Name xml:lang="en">North Estonia</common:Name>
                    <common:Name xml:lang="fr">North Estonia</common:Name>
                    <structure:Parent>
                        <Ref id="EE00"/>
                    </structure:Parent>
                </structure:Code>
                <structure:Code id="EE004">
                    <common:Annotations>
                        <common:Annotation>
                            <common:AnnotationType>ORDER</common:AnnotationType>
                            <common:AnnotationText xml:lang="en">6990</common:AnnotationText>
                            <common:AnnotationText xml:lang="fr">6990</common:AnnotationText>
                        </common:Annotation>
                    </common:Annotations>
                    <common:Name xml:lang="en">West Estonia</common:Name>
                    <common:Name xml:lang="fr">West Estonia</common:Name>
                    <structure:Parent>
                        <Ref id="EE00"/>
                    </structure:Parent>
                </structure:Code>
                <structure:Code id="EE006">
                    <common:Annotations>
                        <common:Annotation>
                            <common:AnnotationType>ORDER</common:AnnotationType>
                            <common:AnnotationText xml:lang="en">7000</common:AnnotationText>
                            <common:AnnotationText xml:lang="fr">7000</common:AnnotationText>
                        </common:Annotation>
                    </common:Annotations>
                    <common:Name xml:lang="en">Central Estonia</common:Name>
                    <common:Name xml:lang="fr">Central Estonia</common:Name>
                    <structure:Parent>
                        <Ref id="EE00"/>
                    </structure:Parent>
                </structure:Code>
                <structure:Code id="EE007">
                    <common:Annotations>
                        <common:Annotation>
                            <common:AnnotationType>ORDER</common:AnnotationType>
                            <common:AnnotationText xml:lang="en">7010</common:AnnotationText>
                            <common:AnnotationText xml:lang="fr">7010</common:AnnotationText>
                        </common:Annotation>
                    </common:Annotations>
                    <common:Name xml:lang="en">Northeast Estonia</common:Name>
                    <common:Name xml:lang="fr">Northeast Estonia</common:Name>
                    <structure:Parent>
                        <Ref id="EE00"/>
                    </structure:Parent>
                </structure:Code>
                <structure:Code id="EE008">
                    <common:Annotations>
                        <common:Annotation>
                            <common:AnnotationType>ORDER</common:AnnotationType>
                            <common:AnnotationText xml:lang="en">7020</common:AnnotationText>
                            <common:AnnotationText xml:lang="fr">7020</common:AnnotationText>
                        </common:Annotation>
                    </common:Annotations>
                    <common:Name xml:lang="en">Southern Estonia</common:Name>
                    <common:Name xml:lang="fr">Southern Estonia</common:Name>
                    <structure:Parent>
                        <Ref id="EE00"/>
                    </structure:Parent>
                </structure:Code>
                <structure:Code id="FIN">
                    <common:Annotations>
                        <common:Annotation>
                            <common:AnnotationType>ORDER</common:AnnotationType>
                            <common:AnnotationText xml:lang="en">7030</common:AnnotationText>
                            <common:AnnotationText xml:lang="fr">7030</common:AnnotationText>
                        </common:Annotation>
                    </common:Annotations>
                    <common:Name xml:lang="en">Finland</common:Name>
                    <common:Name xml:lang="fr">Finlande</common:Name>
                </structure:Code>
                <structure:Code id="FI19">
                    <common:Annotations>
                        <common:Annotation>
                            <common:AnnotationType>ORDER</common:AnnotationType>
                            <common:AnnotationText xml:lang="en">7040</common:AnnotationText>
                            <common:AnnotationText xml:lang="fr">7040</common:AnnotationText>
                        </common:Annotation>
                    </common:Annotations>
                    <common:Name xml:lang="en">Western Finland</common:Name>
                    <common:Name xml:lang="fr">Western Finland</common:Name>
                    <structure:Parent>
                        <Ref id="FIN"/>
                    </structure:Parent>
                </structure:Code>
                <structure:Code id="FI193">
                    <common:Annotations>
                        <common:Annotation>
                            <common:AnnotationType>ORDER</common:AnnotationType>
                            <common:AnnotationText xml:lang="en">7050</common:AnnotationText>
                            <common:AnnotationText xml:lang="fr">7050</common:AnnotationText>
                        </common:Annotation>
                    </common:Annotations>
                    <common:Name xml:lang="en">Central Finland</common:Name>
                    <common:Name xml:lang="fr">Central Finland</common:Name>
                    <structure:Parent>
                        <Ref id="FI19"/>
                    </structure:Parent>
                </structure:Code>
                <structure:Code id="FI194">
                    <common:Annotations>
                        <common:Annotation>
                            <common:AnnotationType>ORDER</common:AnnotationType>
                            <common:AnnotationText xml:lang="en">7060</common:AnnotationText>
                            <common:AnnotationText xml:lang="fr">7060</common:AnnotationText>
                        </common:Annotation>
                    </common:Annotations>
                    <common:Name xml:lang="en">Southern Ostrobothnia</common:Name>
                    <common:Name xml:lang="fr">Southern Ostrobothnia</common:Name>
                    <structure:Parent>
                        <Ref id="FI19"/>
                    </structure:Parent>
                </structure:Code>
                <structure:Code id="FI195">
                    <common:Annotations>
                        <common:Annotation>
                            <common:AnnotationType>ORDER</common:AnnotationType>
                            <common:AnnotationText xml:lang="en">7070</common:AnnotationText>
                            <common:AnnotationText xml:lang="fr">7070</common:AnnotationText>
                        </common:Annotation>
                    </common:Annotations>
                    <common:Name xml:lang="en">Ostrobothnia</common:Name>
                    <common:Name xml:lang="fr">Ostrobothnia</common:Name>
                    <structure:Parent>
                        <Ref id="FI19"/>
                    </structure:Parent>
                </structure:Code>
                <structure:Code id="FI196">
                    <common:Annotations>
                        <common:Annotation>
                            <common:AnnotationType>ORDER</common:AnnotationType>
                            <common:AnnotationText xml:lang="en">7080</common:AnnotationText>
                            <common:AnnotationText xml:lang="fr">7080</common:AnnotationText>
                        </common:Annotation>
                    </common:Annotations>
                    <common:Name xml:lang="en">Satakunta</common:Name>
                    <common:Name xml:lang="fr">Satakunta</common:Name>
                    <structure:Parent>
                        <Ref id="FI19"/>
                    </structure:Parent>
                </structure:Code>
                <structure:Code id="FI197">
                    <common:Annotations>
                        <common:Annotation>
                            <common:AnnotationType>ORDER</common:AnnotationType>
                            <common:AnnotationText xml:lang="en">7090</common:AnnotationText>
                            <common:AnnotationText xml:lang="fr">7090</common:AnnotationText>
                        </common:Annotation>
                    </common:Annotations>
                    <common:Name xml:lang="en">Pirkanmaa</common:Name>
                    <common:Name xml:lang="fr">Pirkanmaa</common:Name>
                    <structure:Parent>
                        <Ref id="FI19"/>
                    </structure:Parent>
                </structure:Code>
                <structure:Code id="FI1B">
                    <common:Annotations>
                        <common:Annotation>
                            <common:AnnotationType>ORDER</common:AnnotationType>
                            <common:AnnotationText xml:lang="en">7100</common:AnnotationText>
                            <common:AnnotationText xml:lang="fr">7100</common:AnnotationText>
                        </common:Annotation>
                    </common:Annotations>
                    <common:Name xml:lang="en">Helsinki-Uusimaa</common:Name>
                    <common:Name xml:lang="fr">Helsinki-Uusimaa</common:Name>
                    <structure:Parent>
                        <Ref id="FIN"/>
                    </structure:Parent>
                </structure:Code>
                <structure:Code id="FI1B1">
                    <common:Annotations>
                        <common:Annotation>
                            <common:AnnotationType>ORDER</common:AnnotationType>
                            <common:AnnotationText xml:lang="en">7110</common:AnnotationText>
                            <common:AnnotationText xml:lang="fr">7110</common:AnnotationText>
                        </common:Annotation>
                    </common:Annotations>
                    <common:Name xml:lang="en">Helsinki-Uusimaa</common:Name>
                    <common:Name xml:lang="fr">Helsinki-Uusimaa</common:Name>
                    <structure:Parent>
                        <Ref id="FI1B"/>
                    </structure:Parent>
                </structure:Code>
                <structure:Code id="FI1C">
                    <common:Annotations>
                        <common:Annotation>
                            <common:AnnotationType>ORDER</common:AnnotationType>
                            <common:AnnotationText xml:lang="en">7120</common:AnnotationText>
                            <common:AnnotationText xml:lang="fr">7120</common:AnnotationText>
                        </common:Annotation>
                    </common:Annotations>
                    <common:Name xml:lang="en">Southern Finland</common:Name>
                    <common:Name xml:lang="fr">Southern Finland</common:Name>
                    <structure:Parent>
                        <Ref id="FIN"/>
                    </structure:Parent>
                </structure:Code>
                <structure:Code id="FI1C1">
                    <common:Annotations>
                        <common:Annotation>
                            <common:AnnotationType>ORDER</common:AnnotationType>
                            <common:AnnotationText xml:lang="en">7130</common:AnnotationText>
                            <common:AnnotationText xml:lang="fr">7130</common:AnnotationText>
                        </common:Annotation>
                    </common:Annotations>
                    <common:Name xml:lang="en">Finland Proper</common:Name>
                    <common:Name xml:lang="fr">Finland Proper</common:Name>
                    <structure:Parent>
                        <Ref id="FI1C"/>
                    </structure:Parent>
                </structure:Code>
                <structure:Code id="FI1C2">
                    <common:Annotations>
                        <common:Annotation>
                            <common:AnnotationType>ORDER</common:AnnotationType>
                            <common:AnnotationText xml:lang="en">7140</common:AnnotationText>
                            <common:AnnotationText xml:lang="fr">7140</common:AnnotationText>
                        </common:Annotation>
                    </common:Annotations>
                    <common:Name xml:lang="en">Tavastia Proper</common:Name>
                    <common:Name xml:lang="fr">Tavastia Proper</common:Name>
                    <structure:Parent>
                        <Ref id="FI1C"/>
                    </structure:Parent>
                </structure:Code>
                <structure:Code id="FI1C3">
                    <common:Annotations>
                        <common:Annotation>
                            <common:AnnotationType>ORDER</common:AnnotationType>
                            <common:AnnotationText xml:lang="en">7150</common:AnnotationText>
                            <common:AnnotationText xml:lang="fr">7150</common:AnnotationText>
                        </common:Annotation>
                    </common:Annotations>
                    <common:Name xml:lang="en">Päijät-Häme</common:Name>
                    <common:Name xml:lang="fr">Päijät-Häme</common:Name>
                    <structure:Parent>
                        <Ref id="FI1C"/>
                    </structure:Parent>
                </structure:Code>
                <structure:Code id="FI1C4">
                    <common:Annotations>
                        <common:Annotation>
                            <common:AnnotationType>ORDER</common:AnnotationType>
                            <common:AnnotationText xml:lang="en">7160</common:AnnotationText>
                            <common:AnnotationText xml:lang="fr">7160</common:AnnotationText>
                        </common:Annotation>
                    </common:Annotations>
                    <common:Name xml:lang="en">Kymenlaakso</common:Name>
                    <common:Name xml:lang="fr">Kymenlaakso</common:Name>
                    <structure:Parent>
                        <Ref id="FI1C"/>
                    </structure:Parent>
                </structure:Code>
                <structure:Code id="FI1C5">
                    <common:Annotations>
                        <common:Annotation>
                            <common:AnnotationType>ORDER</common:AnnotationType>
                            <common:AnnotationText xml:lang="en">7170</common:AnnotationText>
                            <common:AnnotationText xml:lang="fr">7170</common:AnnotationText>
                        </common:Annotation>
                    </common:Annotations>
                    <common:Name xml:lang="en">South Karelia</common:Name>
                    <common:Name xml:lang="fr">South Karelia</common:Name>
                    <structure:Parent>
                        <Ref id="FI1C"/>
                    </structure:Parent>
                </structure:Code>
                <structure:Code id="FI1D">
                    <common:Annotations>
                        <common:Annotation>
                            <common:AnnotationType>ORDER</common:AnnotationType>
                            <common:AnnotationText xml:lang="en">7180</common:AnnotationText>
                            <common:AnnotationText xml:lang="fr">7180</common:AnnotationText>
                        </common:Annotation>
                    </common:Annotations>
                    <common:Name xml:lang="en">Eastern and Northern Finland</common:Name>
                    <common:Name xml:lang="fr">Eastern and Northern Finland</common:Name>
                    <structure:Parent>
                        <Ref id="FIN"/>
                    </structure:Parent>
                </structure:Code>
                <structure:Code id="FI1D1">
                    <common:Annotations>
                        <common:Annotation>
                            <common:AnnotationType>ORDER</common:AnnotationType>
                            <common:AnnotationText xml:lang="en">7190</common:AnnotationText>
                            <common:AnnotationText xml:lang="fr">7190</common:AnnotationText>
                        </common:Annotation>
                    </common:Annotations>
                    <common:Name xml:lang="en">Southern Savonia</common:Name>
                    <common:Name xml:lang="fr">Southern Savonia</common:Name>
                    <structure:Parent>
                        <Ref id="FI1D"/>
                    </structure:Parent>
                </structure:Code>
                <structure:Code id="FI1D2">
                    <common:Annotations>
                        <common:Annotation>
                            <common:AnnotationType>ORDER</common:AnnotationType>
                            <common:AnnotationText xml:lang="en">7200</common:AnnotationText>
                            <common:AnnotationText xml:lang="fr">7200</common:AnnotationText>
                        </common:Annotation>
                    </common:Annotations>
                    <common:Name xml:lang="en">Northern Savonia</common:Name>
                    <common:Name xml:lang="fr">Northern Savonia</common:Name>
                    <structure:Parent>
                        <Ref id="FI1D"/>
                    </structure:Parent>
                </structure:Code>
                <structure:Code id="FI1D3">
                    <common:Annotations>
                        <common:Annotation>
                            <common:AnnotationType>ORDER</common:AnnotationType>
                            <common:AnnotationText xml:lang="en">7210</common:AnnotationText>
                            <common:AnnotationText xml:lang="fr">7210</common:AnnotationText>
                        </common:Annotation>
                    </common:Annotations>
                    <common:Name xml:lang="en">North Karelia</common:Name>
                    <common:Name xml:lang="fr">North Karelia</common:Name>
                    <structure:Parent>
                        <Ref id="FI1D"/>
                    </structure:Parent>
                </structure:Code>
                <structure:Code id="FI1D8">
                    <common:Annotations>
                        <common:Annotation>
                            <common:AnnotationType>ORDER</common:AnnotationType>
                            <common:AnnotationText xml:lang="en">7220</common:AnnotationText>
                            <common:AnnotationText xml:lang="fr">7220</common:AnnotationText>
                        </common:Annotation>
                    </common:Annotations>
                    <common:Name xml:lang="en">Kainuu</common:Name>
                    <common:Name xml:lang="fr">Kainuu</common:Name>
                    <structure:Parent>
                        <Ref id="FI1D"/>
                    </structure:Parent>
                </structure:Code>
                <structure:Code id="FI1D5">
                    <common:Annotations>
                        <common:Annotation>
                            <common:AnnotationType>ORDER</common:AnnotationType>
                            <common:AnnotationText xml:lang="en">7230</common:AnnotationText>
                            <common:AnnotationText xml:lang="fr">7230</common:AnnotationText>
                        </common:Annotation>
                    </common:Annotations>
                    <common:Name xml:lang="en">Central Ostrobothnia</common:Name>
                    <common:Name xml:lang="fr">Central Ostrobothnia</common:Name>
                    <structure:Parent>
                        <Ref id="FI1D"/>
                    </structure:Parent>
                </structure:Code>
                <structure:Code id="FI1D9">
                    <common:Annotations>
                        <common:Annotation>
                            <common:AnnotationType>ORDER</common:AnnotationType>
                            <common:AnnotationText xml:lang="en">7240</common:AnnotationText>
                            <common:AnnotationText xml:lang="fr">7240</common:AnnotationText>
                        </common:Annotation>
                    </common:Annotations>
                    <common:Name xml:lang="en">North Ostrobothnia</common:Name>
                    <common:Name xml:lang="fr">North Ostrobothnia</common:Name>
                    <structure:Parent>
                        <Ref id="FI1D"/>
                    </structure:Parent>
                </structure:Code>
                <structure:Code id="FI1D7">
                    <common:Annotations>
                        <common:Annotation>
                            <common:AnnotationType>ORDER</common:AnnotationType>
                            <common:AnnotationText xml:lang="en">7250</common:AnnotationText>
                            <common:AnnotationText xml:lang="fr">7250</common:AnnotationText>
                        </common:Annotation>
                    </common:Annotations>
                    <common:Name xml:lang="en">Lapland</common:Name>
                    <common:Name xml:lang="fr">Lapland</common:Name>
                    <structure:Parent>
                        <Ref id="FI1D"/>
                    </structure:Parent>
                </structure:Code>
                <structure:Code id="FI20">
                    <common:Annotations>
                        <common:Annotation>
                            <common:AnnotationType>ORDER</common:AnnotationType>
                            <common:AnnotationText xml:lang="en">7260</common:AnnotationText>
                            <common:AnnotationText xml:lang="fr">7260</common:AnnotationText>
                        </common:Annotation>
                    </common:Annotations>
                    <common:Name xml:lang="en">Åland (region, level 2)</common:Name>
                    <common:Name xml:lang="fr">Åland (region, level 2)</common:Name>
                    <structure:Parent>
                        <Ref id="FIN"/>
                    </structure:Parent>
                </structure:Code>
                <structure:Code id="FI200">
                    <common:Annotations>
                        <common:Annotation>
                            <common:AnnotationType>ORDER</common:AnnotationType>
                            <common:AnnotationText xml:lang="en">7270</common:AnnotationText>
                            <common:AnnotationText xml:lang="fr">7270</common:AnnotationText>
                        </common:Annotation>
                    </common:Annotations>
                    <common:Name xml:lang="en">Åland (region, level 3)</common:Name>
                    <common:Name xml:lang="fr">Åland (region, level 3)</common:Name>
                    <structure:Parent>
                        <Ref id="FI20"/>
                    </structure:Parent>
                </structure:Code>
                <structure:Code id="FRA">
                    <common:Annotations>
                        <common:Annotation>
                            <common:AnnotationType>ORDER</common:AnnotationType>
                            <common:AnnotationText xml:lang="en">7280</common:AnnotationText>
                            <common:AnnotationText xml:lang="fr">7280</common:AnnotationText>
                        </common:Annotation>
                    </common:Annotations>
                    <common:Name xml:lang="en">France</common:Name>
                    <common:Name xml:lang="fr">France</common:Name>
                </structure:Code>
                <structure:Code id="FR1">
                    <common:Annotations>
                        <common:Annotation>
                            <common:AnnotationType>ORDER</common:AnnotationType>
                            <common:AnnotationText xml:lang="en">7290</common:AnnotationText>
                            <common:AnnotationText xml:lang="fr">7290</common:AnnotationText>
                        </common:Annotation>
                    </common:Annotations>
                    <common:Name xml:lang="en">Île-de-France</common:Name>
                    <common:Name xml:lang="fr">Île-de-France</common:Name>
                    <structure:Parent>
                        <Ref id="FRA"/>
                    </structure:Parent>
                </structure:Code>
                <structure:Code id="FR10">
                    <common:Annotations>
                        <common:Annotation>
                            <common:AnnotationType>ORDER</common:AnnotationType>
                            <common:AnnotationText xml:lang="en">7300</common:AnnotationText>
                            <common:AnnotationText xml:lang="fr">7300</common:AnnotationText>
                        </common:Annotation>
                    </common:Annotations>
                    <common:Name xml:lang="en">Île-de-France</common:Name>
                    <common:Name xml:lang="fr">Île-de-France</common:Name>
                    <structure:Parent>
                        <Ref id="FR1"/>
                    </structure:Parent>
                </structure:Code>
                <structure:Code id="FR101">
                    <common:Annotations>
                        <common:Annotation>
                            <common:AnnotationType>ORDER</common:AnnotationType>
                            <common:AnnotationText xml:lang="en">7310</common:AnnotationText>
                            <common:AnnotationText xml:lang="fr">7310</common:AnnotationText>
                        </common:Annotation>
                    </common:Annotations>
                    <common:Name xml:lang="en">Paris</common:Name>
                    <common:Name xml:lang="fr">Paris</common:Name>
                    <structure:Parent>
                        <Ref id="FR10"/>
                    </structure:Parent>
                </structure:Code>
                <structure:Code id="FR102">
                    <common:Annotations>
                        <common:Annotation>
                            <common:AnnotationType>ORDER</common:AnnotationType>
                            <common:AnnotationText xml:lang="en">7320</common:AnnotationText>
                            <common:AnnotationText xml:lang="fr">7320</common:AnnotationText>
                        </common:Annotation>
                    </common:Annotations>
                    <common:Name xml:lang="en">Seine-et-Marne</common:Name>
                    <common:Name xml:lang="fr">Seine-et-Marne</common:Name>
                    <structure:Parent>
                        <Ref id="FR10"/>
                    </structure:Parent>
                </structure:Code>
                <structure:Code id="FR103">
                    <common:Annotations>
                        <common:Annotation>
                            <common:AnnotationType>ORDER</common:AnnotationType>
                            <common:AnnotationText xml:lang="en">7330</common:AnnotationText>
                            <common:AnnotationText xml:lang="fr">7330</common:AnnotationText>
                        </common:Annotation>
                    </common:Annotations>
                    <common:Name xml:lang="en">Yvelines</common:Name>
                    <common:Name xml:lang="fr">Yvelines</common:Name>
                    <structure:Parent>
                        <Ref id="FR10"/>
                    </structure:Parent>
                </structure:Code>
                <structure:Code id="FR104">
                    <common:Annotations>
                        <common:Annotation>
                            <common:AnnotationType>ORDER</common:AnnotationType>
                            <common:AnnotationText xml:lang="en">7340</common:AnnotationText>
                            <common:AnnotationText xml:lang="fr">7340</common:AnnotationText>
                        </common:Annotation>
                    </common:Annotations>
                    <common:Name xml:lang="en">Essonne</common:Name>
                    <common:Name xml:lang="fr">Essonne</common:Name>
                    <structure:Parent>
                        <Ref id="FR10"/>
                    </structure:Parent>
                </structure:Code>
                <structure:Code id="FR105">
                    <common:Annotations>
                        <common:Annotation>
                            <common:AnnotationType>ORDER</common:AnnotationType>
                            <common:AnnotationText xml:lang="en">7350</common:AnnotationText>
                            <common:AnnotationText xml:lang="fr">7350</common:AnnotationText>
                        </common:Annotation>
                    </common:Annotations>
                    <common:Name xml:lang="en">Hauts-de-Seine</common:Name>
                    <common:Name xml:lang="fr">Hauts-de-Seine</common:Name>
                    <structure:Parent>
                        <Ref id="FR10"/>
                    </structure:Parent>
                </structure:Code>
                <structure:Code id="FR106">
                    <common:Annotations>
                        <common:Annotation>
                            <common:AnnotationType>ORDER</common:AnnotationType>
                            <common:AnnotationText xml:lang="en">7360</common:AnnotationText>
                            <common:AnnotationText xml:lang="fr">7360</common:AnnotationText>
                        </common:Annotation>
                    </common:Annotations>
                    <common:Name xml:lang="en">Seine-Saint-Denis</common:Name>
                    <common:Name xml:lang="fr">Seine-Saint-Denis</common:Name>
                    <structure:Parent>
                        <Ref id="FR10"/>
                    </structure:Parent>
                </structure:Code>
                <structure:Code id="FR107">
                    <common:Annotations>
                        <common:Annotation>
                            <common:AnnotationType>ORDER</common:AnnotationType>
                            <common:AnnotationText xml:lang="en">7370</common:AnnotationText>
                            <common:AnnotationText xml:lang="fr">7370</common:AnnotationText>
                        </common:Annotation>
                    </common:Annotations>
                    <common:Name xml:lang="en">Val-de-Marne</common:Name>
                    <common:Name xml:lang="fr">Val-de-Marne</common:Name>
                    <structure:Parent>
                        <Ref id="FR10"/>
                    </structure:Parent>
                </structure:Code>
                <structure:Code id="FR108">
                    <common:Annotations>
                        <common:Annotation>
                            <common:AnnotationType>ORDER</common:AnnotationType>
                            <common:AnnotationText xml:lang="en">7380</common:AnnotationText>
                            <common:AnnotationText xml:lang="fr">7380</common:AnnotationText>
                        </common:Annotation>
                    </common:Annotations>
                    <common:Name xml:lang="en">Val-d'Oise</common:Name>
                    <common:Name xml:lang="fr">Val-d'Oise</common:Name>
                    <structure:Parent>
                        <Ref id="FR10"/>
                    </structure:Parent>
                </structure:Code>
                <structure:Code id="FRB">
                    <common:Annotations>
                        <common:Annotation>
                            <common:AnnotationType>ORDER</common:AnnotationType>
                            <common:AnnotationText xml:lang="en">7390</common:AnnotationText>
                            <common:AnnotationText xml:lang="fr">7390</common:AnnotationText>
                        </common:Annotation>
                    </common:Annotations>
                    <common:Name xml:lang="en">Centre - Val de Loire</common:Name>
                    <common:Name xml:lang="fr">Centre - Val de Loire</common:Name>
                    <structure:Parent>
                        <Ref id="FRA"/>
                    </structure:Parent>
                </structure:Code>
                <structure:Code id="FRB0">
                    <common:Annotations>
                        <common:Annotation>
                            <common:AnnotationType>ORDER</common:AnnotationType>
                            <common:AnnotationText xml:lang="en">7400</common:AnnotationText>
                            <common:AnnotationText xml:lang="fr">7400</common:AnnotationText>
                        </common:Annotation>
                    </common:Annotations>
                    <common:Name xml:lang="en">Centre-Val de Loire</common:Name>
                    <common:Name xml:lang="fr">Centre-Val de Loire</common:Name>
                    <structure:Parent>
                        <Ref id="FRB"/>
                    </structure:Parent>
                </structure:Code>
                <structure:Code id="FRB01">
                    <common:Annotations>
                        <common:Annotation>
                            <common:AnnotationType>ORDER</common:AnnotationType>
                            <common:AnnotationText xml:lang="en">7410</common:AnnotationText>
                            <common:AnnotationText xml:lang="fr">7410</common:AnnotationText>
                        </common:Annotation>
                    </common:Annotations>
                    <common:Name xml:lang="en">Cher</common:Name>
                    <common:Name xml:lang="fr">Cher</common:Name>
                    <structure:Parent>
                        <Ref id="FRB0"/>
                    </structure:Parent>
                </structure:Code>
                <structure:Code id="FRB02">
                    <common:Annotations>
                        <common:Annotation>
                            <common:AnnotationType>ORDER</common:AnnotationType>
                            <common:AnnotationText xml:lang="en">7420</common:AnnotationText>
                            <common:AnnotationText xml:lang="fr">7420</common:AnnotationText>
                        </common:Annotation>
                    </common:Annotations>
                    <common:Name xml:lang="en">Eure-et-Loir</common:Name>
                    <common:Name xml:lang="fr">Eure-et-Loir</common:Name>
                    <structure:Parent>
                        <Ref id="FRB0"/>
                    </structure:Parent>
                </structure:Code>
                <structure:Code id="FRB03">
                    <common:Annotations>
                        <common:Annotation>
                            <common:AnnotationType>ORDER</common:AnnotationType>
                            <common:AnnotationText xml:lang="en">7430</common:AnnotationText>
                            <common:AnnotationText xml:lang="fr">7430</common:AnnotationText>
                        </common:Annotation>
                    </common:Annotations>
                    <common:Name xml:lang="en">Indre</common:Name>
                    <common:Name xml:lang="fr">Indre</common:Name>
                    <structure:Parent>
                        <Ref id="FRB0"/>
                    </structure:Parent>
                </structure:Code>
                <structure:Code id="FRB04">
                    <common:Annotations>
                        <common:Annotation>
                            <common:AnnotationType>ORDER</common:AnnotationType>
                            <common:AnnotationText xml:lang="en">7440</common:AnnotationText>
                            <common:AnnotationText xml:lang="fr">7440</common:AnnotationText>
                        </common:Annotation>
                    </common:Annotations>
                    <common:Name xml:lang="en">Indre-et-Loire</common:Name>
                    <common:Name xml:lang="fr">Indre-et-Loire</common:Name>
                    <structure:Parent>
                        <Ref id="FRB0"/>
                    </structure:Parent>
                </structure:Code>
                <structure:Code id="FRB05">
                    <common:Annotations>
                        <common:Annotation>
                            <common:AnnotationType>ORDER</common:AnnotationType>
                            <common:AnnotationText xml:lang="en">7450</common:AnnotationText>
                            <common:AnnotationText xml:lang="fr">7450</common:AnnotationText>
                        </common:Annotation>
                    </common:Annotations>
                    <common:Name xml:lang="en">Loir-et-Cher</common:Name>
                    <common:Name xml:lang="fr">Loir-et-Cher</common:Name>
                    <structure:Parent>
                        <Ref id="FRB0"/>
                    </structure:Parent>
                </structure:Code>
                <structure:Code id="FRB06">
                    <common:Annotations>
                        <common:Annotation>
                            <common:AnnotationType>ORDER</common:AnnotationType>
                            <common:AnnotationText xml:lang="en">7460</common:AnnotationText>
                            <common:AnnotationText xml:lang="fr">7460</common:AnnotationText>
                        </common:Annotation>
                    </common:Annotations>
                    <common:Name xml:lang="en">Loiret</common:Name>
                    <common:Name xml:lang="fr">Loiret</common:Name>
                    <structure:Parent>
                        <Ref id="FRB0"/>
                    </structure:Parent>
                </structure:Code>
                <structure:Code id="FRC">
                    <common:Annotations>
                        <common:Annotation>
                            <common:AnnotationType>ORDER</common:AnnotationType>
                            <common:AnnotationText xml:lang="en">7470</common:AnnotationText>
                            <common:AnnotationText xml:lang="fr">7470</common:AnnotationText>
                        </common:Annotation>
                    </common:Annotations>
                    <common:Name xml:lang="en">Bourgogne-Franche-Comté</common:Name>
                    <common:Name xml:lang="fr">Bourgogne-Franche-Comté</common:Name>
                    <structure:Parent>
                        <Ref id="FRA"/>
                    </structure:Parent>
                </structure:Code>
                <structure:Code id="FRC1">
                    <common:Annotations>
                        <common:Annotation>
                            <common:AnnotationType>ORDER</common:AnnotationType>
                            <common:AnnotationText xml:lang="en">7480</common:AnnotationText>
                            <common:AnnotationText xml:lang="fr">7480</common:AnnotationText>
                        </common:Annotation>
                    </common:Annotations>
                    <common:Name xml:lang="en">Burgundy</common:Name>
                    <common:Name xml:lang="fr">Burgundy</common:Name>
                    <structure:Parent>
                        <Ref id="FRC"/>
                    </structure:Parent>
                </structure:Code>
                <structure:Code id="FRC11">
                    <common:Annotations>
                        <common:Annotation>
                            <common:AnnotationType>ORDER</common:AnnotationType>
                            <common:AnnotationText xml:lang="en">7490</common:AnnotationText>
                            <common:AnnotationText xml:lang="fr">7490</common:AnnotationText>
                        </common:Annotation>
                    </common:Annotations>
                    <common:Name xml:lang="en">Côte-d'Or</common:Name>
                    <common:Name xml:lang="fr">Côte-d'Or</common:Name>
                    <structure:Parent>
                        <Ref id="FRC1"/>
                    </structure:Parent>
                </structure:Code>
                <structure:Code id="FRC12">
                    <common:Annotations>
                        <common:Annotation>
                            <common:AnnotationType>ORDER</common:AnnotationType>
                            <common:AnnotationText xml:lang="en">7500</common:AnnotationText>
                            <common:AnnotationText xml:lang="fr">7500</common:AnnotationText>
                        </common:Annotation>
                    </common:Annotations>
                    <common:Name xml:lang="en">Nièvre</common:Name>
                    <common:Name xml:lang="fr">Nièvre</common:Name>
                    <structure:Parent>
                        <Ref id="FRC1"/>
                    </structure:Parent>
                </structure:Code>
                <structure:Code id="FRC13">
                    <common:Annotations>
                        <common:Annotation>
                            <common:AnnotationType>ORDER</common:AnnotationType>
                            <common:AnnotationText xml:lang="en">7510</common:AnnotationText>
                            <common:AnnotationText xml:lang="fr">7510</common:AnnotationText>
                        </common:Annotation>
                    </common:Annotations>
                    <common:Name xml:lang="en">Saône-et-Loire</common:Name>
                    <common:Name xml:lang="fr">Saône-et-Loire</common:Name>
                    <structure:Parent>
                        <Ref id="FRC1"/>
                    </structure:Parent>
                </structure:Code>
                <structure:Code id="FRC14">
                    <common:Annotations>
                        <common:Annotation>
                            <common:AnnotationType>ORDER</common:AnnotationType>
                            <common:AnnotationText xml:lang="en">7520</common:AnnotationText>
                            <common:AnnotationText xml:lang="fr">7520</common:AnnotationText>
                        </common:Annotation>
                    </common:Annotations>
                    <common:Name xml:lang="en">Yonne</common:Name>
                    <common:Name xml:lang="fr">Yonne</common:Name>
                    <structure:Parent>
                        <Ref id="FRC1"/>
                    </structure:Parent>
                </structure:Code>
                <structure:Code id="FRC2">
                    <common:Annotations>
                        <common:Annotation>
                            <common:AnnotationType>ORDER</common:AnnotationType>
                            <common:AnnotationText xml:lang="en">7530</common:AnnotationText>
                            <common:AnnotationText xml:lang="fr">7530</common:AnnotationText>
                        </common:Annotation>
                    </common:Annotations>
                    <common:Name xml:lang="en">Franche-Comté</common:Name>
                    <common:Name xml:lang="fr">Franche-Comté</common:Name>
                    <structure:Parent>
                        <Ref id="FRC"/>
                    </structure:Parent>
                </structure:Code>
                <structure:Code id="FRC21">
                    <common:Annotations>
                        <common:Annotation>
                            <common:AnnotationType>ORDER</common:AnnotationType>
                            <common:AnnotationText xml:lang="en">7540</common:AnnotationText>
                            <common:AnnotationText xml:lang="fr">7540</common:AnnotationText>
                        </common:Annotation>
                    </common:Annotations>
                    <common:Name xml:lang="en">Doubs</common:Name>
                    <common:Name xml:lang="fr">Doubs</common:Name>
                    <structure:Parent>
                        <Ref id="FRC2"/>
                    </structure:Parent>
                </structure:Code>
                <structure:Code id="FRC22">
                    <common:Annotations>
                        <common:Annotation>
                            <common:AnnotationType>ORDER</common:AnnotationType>
                            <common:AnnotationText xml:lang="en">7550</common:AnnotationText>
                            <common:AnnotationText xml:lang="fr">7550</common:AnnotationText>
                        </common:Annotation>
                    </common:Annotations>
                    <common:Name xml:lang="en">Jura</common:Name>
                    <common:Name xml:lang="fr">Jura</common:Name>
                    <structure:Parent>
                        <Ref id="FRC2"/>
                    </structure:Parent>
                </structure:Code>
                <structure:Code id="FRC23">
                    <common:Annotations>
                        <common:Annotation>
                            <common:AnnotationType>ORDER</common:AnnotationType>
                            <common:AnnotationText xml:lang="en">7560</common:AnnotationText>
                            <common:AnnotationText xml:lang="fr">7560</common:AnnotationText>
                        </common:Annotation>
                    </common:Annotations>
                    <common:Name xml:lang="en">Haute-Saône</common:Name>
                    <common:Name xml:lang="fr">Haute-Saône</common:Name>
                    <structure:Parent>
                        <Ref id="FRC2"/>
                    </structure:Parent>
                </structure:Code>
                <structure:Code id="FRC24">
                    <common:Annotations>
                        <common:Annotation>
                            <common:AnnotationType>ORDER</common:AnnotationType>
                            <common:AnnotationText xml:lang="en">7570</common:AnnotationText>
                            <common:AnnotationText xml:lang="fr">7570</common:AnnotationText>
                        </common:Annotation>
                    </common:Annotations>
                    <common:Name xml:lang="en">Territoire de Belfort</common:Name>
                    <common:Name xml:lang="fr">Territoire de Belfort</common:Name>
                    <structure:Parent>
                        <Ref id="FRC2"/>
                    </structure:Parent>
                </structure:Code>
                <structure:Code id="FRD">
                    <common:Annotations>
                        <common:Annotation>
                            <common:AnnotationType>ORDER</common:AnnotationType>
                            <common:AnnotationText xml:lang="en">7580</common:AnnotationText>
                            <common:AnnotationText xml:lang="fr">7580</common:AnnotationText>
                        </common:Annotation>
                    </common:Annotations>
                    <common:Name xml:lang="en">Normandy</common:Name>
                    <common:Name xml:lang="fr">Normandy</common:Name>
                    <structure:Parent>
                        <Ref id="FRA"/>
                    </structure:Parent>
                </structure:Code>
                <structure:Code id="FRD2">
                    <common:Annotations>
                        <common:Annotation>
                            <common:AnnotationType>ORDER</common:AnnotationType>
                            <common:AnnotationText xml:lang="en">7590</common:AnnotationText>
                            <common:AnnotationText xml:lang="fr">7590</common:AnnotationText>
                        </common:Annotation>
                    </common:Annotations>
                    <common:Name xml:lang="en">Upper Normandy</common:Name>
                    <common:Name xml:lang="fr">Upper Normandy</common:Name>
                    <structure:Parent>
                        <Ref id="FRD"/>
                    </structure:Parent>
                </structure:Code>
                <structure:Code id="FRD21">
                    <common:Annotations>
                        <common:Annotation>
                            <common:AnnotationType>ORDER</common:AnnotationType>
                            <common:AnnotationText xml:lang="en">7600</common:AnnotationText>
                            <common:AnnotationText xml:lang="fr">7600</common:AnnotationText>
                        </common:Annotation>
                    </common:Annotations>
                    <common:Name xml:lang="en">Eure</common:Name>
                    <common:Name xml:lang="fr">Eure</common:Name>
                    <structure:Parent>
                        <Ref id="FRD2"/>
                    </structure:Parent>
                </structure:Code>
                <structure:Code id="FRD22">
                    <common:Annotations>
                        <common:Annotation>
                            <common:AnnotationType>ORDER</common:AnnotationType>
                            <common:AnnotationText xml:lang="en">7610</common:AnnotationText>
                            <common:AnnotationText xml:lang="fr">7610</common:AnnotationText>
                        </common:Annotation>
                    </common:Annotations>
                    <common:Name xml:lang="en">Seine-Maritime</common:Name>
                    <common:Name xml:lang="fr">Seine-Maritime</common:Name>
                    <structure:Parent>
                        <Ref id="FRD2"/>
                    </structure:Parent>
                </structure:Code>
                <structure:Code id="FRD1">
                    <common:Annotations>
                        <common:Annotation>
                            <common:AnnotationType>ORDER</common:AnnotationType>
                            <common:AnnotationText xml:lang="en">7620</common:AnnotationText>
                            <common:AnnotationText xml:lang="fr">7620</common:AnnotationText>
                        </common:Annotation>
                    </common:Annotations>
                    <common:Name xml:lang="en">Lower Normandy</common:Name>
                    <common:Name xml:lang="fr">Lower Normandy</common:Name>
                    <structure:Parent>
                        <Ref id="FRD"/>
                    </structure:Parent>
                </structure:Code>
                <structure:Code id="FRD11">
                    <common:Annotations>
                        <common:Annotation>
                            <common:AnnotationType>ORDER</common:AnnotationType>
                            <common:AnnotationText xml:lang="en">7630</common:AnnotationText>
                            <common:AnnotationText xml:lang="fr">7630</common:AnnotationText>
                        </common:Annotation>
                    </common:Annotations>
                    <common:Name xml:lang="en">Calvados</common:Name>
                    <common:Name xml:lang="fr">Calvados</common:Name>
                    <structure:Parent>
                        <Ref id="FRD1"/>
                    </structure:Parent>
                </structure:Code>
                <structure:Code id="FRD12">
                    <common:Annotations>
                        <common:Annotation>
                            <common:AnnotationType>ORDER</common:AnnotationType>
                            <common:AnnotationText xml:lang="en">7640</common:AnnotationText>
                            <common:AnnotationText xml:lang="fr">7640</common:AnnotationText>
                        </common:Annotation>
                    </common:Annotations>
                    <common:Name xml:lang="en">Manche</common:Name>
                    <common:Name xml:lang="fr">Manche</common:Name>
                    <structure:Parent>
                        <Ref id="FRD1"/>
                    </structure:Parent>
                </structure:Code>
                <structure:Code id="FRD13">
                    <common:Annotations>
                        <common:Annotation>
                            <common:AnnotationType>ORDER</common:AnnotationType>
                            <common:AnnotationText xml:lang="en">7650</common:AnnotationText>
                            <common:AnnotationText xml:lang="fr">7650</common:AnnotationText>
                        </common:Annotation>
                    </common:Annotations>
                    <common:Name xml:lang="en">Orne</common:Name>
                    <common:Name xml:lang="fr">Orne</common:Name>
                    <structure:Parent>
                        <Ref id="FRD1"/>
                    </structure:Parent>
                </structure:Code>
                <structure:Code id="FRE">
                    <common:Annotations>
                        <common:Annotation>
                            <common:AnnotationType>ORDER</common:AnnotationType>
                            <common:AnnotationText xml:lang="en">7660</common:AnnotationText>
                            <common:AnnotationText xml:lang="fr">7660</common:AnnotationText>
                        </common:Annotation>
                    </common:Annotations>
                    <common:Name xml:lang="en">Hauts-de-France</common:Name>
                    <common:Name xml:lang="fr">Hauts-de-France</common:Name>
                    <structure:Parent>
                        <Ref id="FRA"/>
                    </structure:Parent>
                </structure:Code>
                <structure:Code id="FRE2">
                    <common:Annotations>
                        <common:Annotation>
                            <common:AnnotationType>ORDER</common:AnnotationType>
                            <common:AnnotationText xml:lang="en">7670</common:AnnotationText>
                            <common:AnnotationText xml:lang="fr">7670</common:AnnotationText>
                        </common:Annotation>
                    </common:Annotations>
                    <common:Name xml:lang="en">Picardy</common:Name>
                    <common:Name xml:lang="fr">Picardy</common:Name>
                    <structure:Parent>
                        <Ref id="FRE"/>
                    </structure:Parent>
                </structure:Code>
                <structure:Code id="FRE21">
                    <common:Annotations>
                        <common:Annotation>
                            <common:AnnotationType>ORDER</common:AnnotationType>
                            <common:AnnotationText xml:lang="en">7680</common:AnnotationText>
                            <common:AnnotationText xml:lang="fr">7680</common:AnnotationText>
                        </common:Annotation>
                    </common:Annotations>
                    <common:Name xml:lang="en">Aisne</common:Name>
                    <common:Name xml:lang="fr">Aisne</common:Name>
                    <structure:Parent>
                        <Ref id="FRE2"/>
                    </structure:Parent>
                </structure:Code>
                <structure:Code id="FRE22">
                    <common:Annotations>
                        <common:Annotation>
                            <common:AnnotationType>ORDER</common:AnnotationType>
                            <common:AnnotationText xml:lang="en">7690</common:AnnotationText>
                            <common:AnnotationText xml:lang="fr">7690</common:AnnotationText>
                        </common:Annotation>
                    </common:Annotations>
                    <common:Name xml:lang="en">Oise</common:Name>
                    <common:Name xml:lang="fr">Oise</common:Name>
                    <structure:Parent>
                        <Ref id="FRE2"/>
                    </structure:Parent>
                </structure:Code>
                <structure:Code id="FRE23">
                    <common:Annotations>
                        <common:Annotation>
                            <common:AnnotationType>ORDER</common:AnnotationType>
                            <common:AnnotationText xml:lang="en">7700</common:AnnotationText>
                            <common:AnnotationText xml:lang="fr">7700</common:AnnotationText>
                        </common:Annotation>
                    </common:Annotations>
                    <common:Name xml:lang="en">Somme</common:Name>
                    <common:Name xml:lang="fr">Somme</common:Name>
                    <structure:Parent>
                        <Ref id="FRE2"/>
                    </structure:Parent>
                </structure:Code>
                <structure:Code id="FRE1">
                    <common:Annotations>
                        <common:Annotation>
                            <common:AnnotationType>ORDER</common:AnnotationType>
                            <common:AnnotationText xml:lang="en">7710</common:AnnotationText>
                            <common:AnnotationText xml:lang="fr">7710</common:AnnotationText>
                        </common:Annotation>
                    </common:Annotations>
                    <common:Name xml:lang="en">Nord-Pas-de-Calais</common:Name>
                    <common:Name xml:lang="fr">Nord-Pas-de-Calais</common:Name>
                    <structure:Parent>
                        <Ref id="FRE"/>
                    </structure:Parent>
                </structure:Code>
                <structure:Code id="FRE11">
                    <common:Annotations>
                        <common:Annotation>
                            <common:AnnotationType>ORDER</common:AnnotationType>
                            <common:AnnotationText xml:lang="en">7720</common:AnnotationText>
                            <common:AnnotationText xml:lang="fr">7720</common:AnnotationText>
                        </common:Annotation>
                    </common:Annotations>
                    <common:Name xml:lang="en">Nord (FR)</common:Name>
                    <common:Name xml:lang="fr">Nord (FR)</common:Name>
                    <structure:Parent>
                        <Ref id="FRE1"/>
                    </structure:Parent>
                </structure:Code>
                <structure:Code id="FRE12">
                    <common:Annotations>
                        <common:Annotation>
                            <common:AnnotationType>ORDER</common:AnnotationType>
                            <common:AnnotationText xml:lang="en">7730</common:AnnotationText>
                            <common:AnnotationText xml:lang="fr">7730</common:AnnotationText>
                        </common:Annotation>
                    </common:Annotations>
                    <common:Name xml:lang="en">Pas-de-Calais</common:Name>
                    <common:Name xml:lang="fr">Pas-de-Calais</common:Name>
                    <structure:Parent>
                        <Ref id="FRE1"/>
                    </structure:Parent>
                </structure:Code>
                <structure:Code id="FRF">
                    <common:Annotations>
                        <common:Annotation>
                            <common:AnnotationType>ORDER</common:AnnotationType>
                            <common:AnnotationText xml:lang="en">7740</common:AnnotationText>
                            <common:AnnotationText xml:lang="fr">7740</common:AnnotationText>
                        </common:Annotation>
                    </common:Annotations>
                    <common:Name xml:lang="en">Grand Est</common:Name>
                    <common:Name xml:lang="fr">Grand Est</common:Name>
                    <structure:Parent>
                        <Ref id="FRA"/>
                    </structure:Parent>
                </structure:Code>
                <structure:Code id="FRF2">
                    <common:Annotations>
                        <common:Annotation>
                            <common:AnnotationType>ORDER</common:AnnotationType>
                            <common:AnnotationText xml:lang="en">7750</common:AnnotationText>
                            <common:AnnotationText xml:lang="fr">7750</common:AnnotationText>
                        </common:Annotation>
                    </common:Annotations>
                    <common:Name xml:lang="en">Champagne-Ardenne</common:Name>
                    <common:Name xml:lang="fr">Champagne-Ardenne</common:Name>
                    <structure:Parent>
                        <Ref id="FRF"/>
                    </structure:Parent>
                </structure:Code>
                <structure:Code id="FRF21">
                    <common:Annotations>
                        <common:Annotation>
                            <common:AnnotationType>ORDER</common:AnnotationType>
                            <common:AnnotationText xml:lang="en">7760</common:AnnotationText>
                            <common:AnnotationText xml:lang="fr">7760</common:AnnotationText>
                        </common:Annotation>
                    </common:Annotations>
                    <common:Name xml:lang="en">Ardennes</common:Name>
                    <common:Name xml:lang="fr">Ardennes</common:Name>
                    <structure:Parent>
                        <Ref id="FRF2"/>
                    </structure:Parent>
                </structure:Code>
                <structure:Code id="FRF22">
                    <common:Annotations>
                        <common:Annotation>
                            <common:AnnotationType>ORDER</common:AnnotationType>
                            <common:AnnotationText xml:lang="en">7770</common:AnnotationText>
                            <common:AnnotationText xml:lang="fr">7770</common:AnnotationText>
                        </common:Annotation>
                    </common:Annotations>
                    <common:Name xml:lang="en">Aube</common:Name>
                    <common:Name xml:lang="fr">Aube</common:Name>
                    <structure:Parent>
                        <Ref id="FRF2"/>
                    </structure:Parent>
                </structure:Code>
                <structure:Code id="FRF23">
                    <common:Annotations>
                        <common:Annotation>
                            <common:AnnotationType>ORDER</common:AnnotationType>
                            <common:AnnotationText xml:lang="en">7780</common:AnnotationText>
                            <common:AnnotationText xml:lang="fr">7780</common:AnnotationText>
                        </common:Annotation>
                    </common:Annotations>
                    <common:Name xml:lang="en">Marne</common:Name>
                    <common:Name xml:lang="fr">Marne</common:Name>
                    <structure:Parent>
                        <Ref id="FRF2"/>
                    </structure:Parent>
                </structure:Code>
                <structure:Code id="FRF24">
                    <common:Annotations>
                        <common:Annotation>
                            <common:AnnotationType>ORDER</common:AnnotationType>
                            <common:AnnotationText xml:lang="en">7790</common:AnnotationText>
                            <common:AnnotationText xml:lang="fr">7790</common:AnnotationText>
                        </common:Annotation>
                    </common:Annotations>
                    <common:Name xml:lang="en">Haute-Marne</common:Name>
                    <common:Name xml:lang="fr">Haute-Marne</common:Name>
                    <structure:Parent>
                        <Ref id="FRF2"/>
                    </structure:Parent>
                </structure:Code>
                <structure:Code id="FRF3">
                    <common:Annotations>
                        <common:Annotation>
                            <common:AnnotationType>ORDER</common:AnnotationType>
                            <common:AnnotationText xml:lang="en">7800</common:AnnotationText>
                            <common:AnnotationText xml:lang="fr">7800</common:AnnotationText>
                        </common:Annotation>
                    </common:Annotations>
                    <common:Name xml:lang="en">Lorraine</common:Name>
                    <common:Name xml:lang="fr">Lorraine</common:Name>
                    <structure:Parent>
                        <Ref id="FRF"/>
                    </structure:Parent>
                </structure:Code>
                <structure:Code id="FRF31">
                    <common:Annotations>
                        <common:Annotation>
                            <common:AnnotationType>ORDER</common:AnnotationType>
                            <common:AnnotationText xml:lang="en">7810</common:AnnotationText>
                            <common:AnnotationText xml:lang="fr">7810</common:AnnotationText>
                        </common:Annotation>
                    </common:Annotations>
                    <common:Name xml:lang="en">Meurthe-et-Moselle</common:Name>
                    <common:Name xml:lang="fr">Meurthe-et-Moselle</common:Name>
                    <structure:Parent>
                        <Ref id="FRF3"/>
                    </structure:Parent>
                </structure:Code>
                <structure:Code id="FRF32">
                    <common:Annotations>
                        <common:Annotation>
                            <common:AnnotationType>ORDER</common:AnnotationType>
                            <common:AnnotationText xml:lang="en">7820</common:AnnotationText>
                            <common:AnnotationText xml:lang="fr">7820</common:AnnotationText>
                        </common:Annotation>
                    </common:Annotations>
                    <common:Name xml:lang="en">Meuse</common:Name>
                    <common:Name xml:lang="fr">Meuse</common:Name>
                    <structure:Parent>
                        <Ref id="FRF3"/>
                    </structure:Parent>
                </structure:Code>
                <structure:Code id="FRF33">
                    <common:Annotations>
                        <common:Annotation>
                            <common:AnnotationType>ORDER</common:AnnotationType>
                            <common:AnnotationText xml:lang="en">7830</common:AnnotationText>
                            <common:AnnotationText xml:lang="fr">7830</common:AnnotationText>
                        </common:Annotation>
                    </common:Annotations>
                    <common:Name xml:lang="en">Moselle</common:Name>
                    <common:Name xml:lang="fr">Moselle</common:Name>
                    <structure:Parent>
                        <Ref id="FRF3"/>
                    </structure:Parent>
                </structure:Code>
                <structure:Code id="FRF34">
                    <common:Annotations>
                        <common:Annotation>
                            <common:AnnotationType>ORDER</common:AnnotationType>
                            <common:AnnotationText xml:lang="en">7840</common:AnnotationText>
                            <common:AnnotationText xml:lang="fr">7840</common:AnnotationText>
                        </common:Annotation>
                    </common:Annotations>
                    <common:Name xml:lang="en">Vosges</common:Name>
                    <common:Name xml:lang="fr">Vosges</common:Name>
                    <structure:Parent>
                        <Ref id="FRF3"/>
                    </structure:Parent>
                </structure:Code>
                <structure:Code id="FRF1">
                    <common:Annotations>
                        <common:Annotation>
                            <common:AnnotationType>ORDER</common:AnnotationType>
                            <common:AnnotationText xml:lang="en">7850</common:AnnotationText>
                            <common:AnnotationText xml:lang="fr">7850</common:AnnotationText>
                        </common:Annotation>
                    </common:Annotations>
                    <common:Name xml:lang="en">Alsace</common:Name>
                    <common:Name xml:lang="fr">Alsace</common:Name>
                    <structure:Parent>
                        <Ref id="FRF"/>
                    </structure:Parent>
                </structure:Code>
                <structure:Code id="FRF11">
                    <common:Annotations>
                        <common:Annotation>
                            <common:AnnotationType>ORDER</common:AnnotationType>
                            <common:AnnotationText xml:lang="en">7860</common:AnnotationText>
                            <common:AnnotationText xml:lang="fr">7860</common:AnnotationText>
                        </common:Annotation>
                    </common:Annotations>
                    <common:Name xml:lang="en">Bas-Rhin</common:Name>
                    <common:Name xml:lang="fr">Bas-Rhin</common:Name>
                    <structure:Parent>
                        <Ref id="FRF1"/>
                    </structure:Parent>
                </structure:Code>
                <structure:Code id="FRF12">
                    <common:Annotations>
                        <common:Annotation>
                            <common:AnnotationType>ORDER</common:AnnotationType>
                            <common:AnnotationText xml:lang="en">7870</common:AnnotationText>
                            <common:AnnotationText xml:lang="fr">7870</common:AnnotationText>
                        </common:Annotation>
                    </common:Annotations>
                    <common:Name xml:lang="en">Haut-Rhin</common:Name>
                    <common:Name xml:lang="fr">Haut-Rhin</common:Name>
                    <structure:Parent>
                        <Ref id="FRF1"/>
                    </structure:Parent>
                </structure:Code>
                <structure:Code id="FRG">
                    <common:Annotations>
                        <common:Annotation>
                            <common:AnnotationType>ORDER</common:AnnotationType>
                            <common:AnnotationText xml:lang="en">7880</common:AnnotationText>
                            <common:AnnotationText xml:lang="fr">7880</common:AnnotationText>
                        </common:Annotation>
                    </common:Annotations>
                    <common:Name xml:lang="en">Pays de la Loire</common:Name>
                    <common:Name xml:lang="fr">Pays de la Loire</common:Name>
                    <structure:Parent>
                        <Ref id="FRA"/>
                    </structure:Parent>
                </structure:Code>
                <structure:Code id="FRG0">
                    <common:Annotations>
                        <common:Annotation>
                            <common:AnnotationType>ORDER</common:AnnotationType>
                            <common:AnnotationText xml:lang="en">7890</common:AnnotationText>
                            <common:AnnotationText xml:lang="fr">7890</common:AnnotationText>
                        </common:Annotation>
                    </common:Annotations>
                    <common:Name xml:lang="en">Pays de la Loire</common:Name>
                    <common:Name xml:lang="fr">Pays de la Loire</common:Name>
                    <structure:Parent>
                        <Ref id="FRG"/>
                    </structure:Parent>
                </structure:Code>
                <structure:Code id="FRG01">
                    <common:Annotations>
                        <common:Annotation>
                            <common:AnnotationType>ORDER</common:AnnotationType>
                            <common:AnnotationText xml:lang="en">7900</common:AnnotationText>
                            <common:AnnotationText xml:lang="fr">7900</common:AnnotationText>
                        </common:Annotation>
                    </common:Annotations>
                    <common:Name xml:lang="en">Loire-Atlantique</common:Name>
                    <common:Name xml:lang="fr">Loire-Atlantique</common:Name>
                    <structure:Parent>
                        <Ref id="FRG0"/>
                    </structure:Parent>
                </structure:Code>
                <structure:Code id="FRG02">
                    <common:Annotations>
                        <common:Annotation>
                            <common:AnnotationType>ORDER</common:AnnotationType>
                            <common:AnnotationText xml:lang="en">7910</common:AnnotationText>
                            <common:AnnotationText xml:lang="fr">7910</common:AnnotationText>
                        </common:Annotation>
                    </common:Annotations>
                    <common:Name xml:lang="en">Maine-et-Loire</common:Name>
                    <common:Name xml:lang="fr">Maine-et-Loire</common:Name>
                    <structure:Parent>
                        <Ref id="FRG0"/>
                    </structure:Parent>
                </structure:Code>
                <structure:Code id="FRG03">
                    <common:Annotations>
                        <common:Annotation>
                            <common:AnnotationType>ORDER</common:AnnotationType>
                            <common:AnnotationText xml:lang="en">7920</common:AnnotationText>
                            <common:AnnotationText xml:lang="fr">7920</common:AnnotationText>
                        </common:Annotation>
                    </common:Annotations>
                    <common:Name xml:lang="en">Mayenne</common:Name>
                    <common:Name xml:lang="fr">Mayenne</common:Name>
                    <structure:Parent>
                        <Ref id="FRG0"/>
                    </structure:Parent>
                </structure:Code>
                <structure:Code id="FRG04">
                    <common:Annotations>
                        <common:Annotation>
                            <common:AnnotationType>ORDER</common:AnnotationType>
                            <common:AnnotationText xml:lang="en">7930</common:AnnotationText>
                            <common:AnnotationText xml:lang="fr">7930</common:AnnotationText>
                        </common:Annotation>
                    </common:Annotations>
                    <common:Name xml:lang="en">Sarthe</common:Name>
                    <common:Name xml:lang="fr">Sarthe</common:Name>
                    <structure:Parent>
                        <Ref id="FRG0"/>
                    </structure:Parent>
                </structure:Code>
                <structure:Code id="FRG05">
                    <common:Annotations>
                        <common:Annotation>
                            <common:AnnotationType>ORDER</common:AnnotationType>
                            <common:AnnotationText xml:lang="en">7940</common:AnnotationText>
                            <common:AnnotationText xml:lang="fr">7940</common:AnnotationText>
                        </common:Annotation>
                    </common:Annotations>
                    <common:Name xml:lang="en">Vendée</common:Name>
                    <common:Name xml:lang="fr">Vendée</common:Name>
                    <structure:Parent>
                        <Ref id="FRG0"/>
                    </structure:Parent>
                </structure:Code>
                <structure:Code id="FRH">
                    <common:Annotations>
                        <common:Annotation>
                            <common:AnnotationType>ORDER</common:AnnotationType>
                            <common:AnnotationText xml:lang="en">7950</common:AnnotationText>
                            <common:AnnotationText xml:lang="fr">7950</common:AnnotationText>
                        </common:Annotation>
                    </common:Annotations>
                    <common:Name xml:lang="en">Brittany</common:Name>
                    <common:Name xml:lang="fr">Brittany</common:Name>
                    <structure:Parent>
                        <Ref id="FRA"/>
                    </structure:Parent>
                </structure:Code>
                <structure:Code id="FRH0">
                    <common:Annotations>
                        <common:Annotation>
                            <common:AnnotationType>ORDER</common:AnnotationType>
                            <common:AnnotationText xml:lang="en">7960</common:AnnotationText>
                            <common:AnnotationText xml:lang="fr">7960</common:AnnotationText>
                        </common:Annotation>
                    </common:Annotations>
                    <common:Name xml:lang="en">Brittany</common:Name>
                    <common:Name xml:lang="fr">Brittany</common:Name>
                    <structure:Parent>
                        <Ref id="FRH"/>
                    </structure:Parent>
                </structure:Code>
                <structure:Code id="FRH01">
                    <common:Annotations>
                        <common:Annotation>
                            <common:AnnotationType>ORDER</common:AnnotationType>
                            <common:AnnotationText xml:lang="en">7970</common:AnnotationText>
                            <common:AnnotationText xml:lang="fr">7970</common:AnnotationText>
                        </common:Annotation>
                    </common:Annotations>
                    <common:Name xml:lang="en">Côtes-d'Armor</common:Name>
                    <common:Name xml:lang="fr">Côtes-d'Armor</common:Name>
                    <structure:Parent>
                        <Ref id="FRH0"/>
                    </structure:Parent>
                </structure:Code>
                <structure:Code id="FRH02">
                    <common:Annotations>
                        <common:Annotation>
                            <common:AnnotationType>ORDER</common:AnnotationType>
                            <common:AnnotationText xml:lang="en">7980</common:AnnotationText>
                            <common:AnnotationText xml:lang="fr">7980</common:AnnotationText>
                        </common:Annotation>
                    </common:Annotations>
                    <common:Name xml:lang="en">Finistère</common:Name>
                    <common:Name xml:lang="fr">Finistère</common:Name>
                    <structure:Parent>
                        <Ref id="FRH0"/>
                    </structure:Parent>
                </structure:Code>
                <structure:Code id="FRH03">
                    <common:Annotations>
                        <common:Annotation>
                            <common:AnnotationType>ORDER</common:AnnotationType>
                            <common:AnnotationText xml:lang="en">7990</common:AnnotationText>
                            <common:AnnotationText xml:lang="fr">7990</common:AnnotationText>
                        </common:Annotation>
                    </common:Annotations>
                    <common:Name xml:lang="en">Ille-et-Vilaine</common:Name>
                    <common:Name xml:lang="fr">Ille-et-Vilaine</common:Name>
                    <structure:Parent>
                        <Ref id="FRH0"/>
                    </structure:Parent>
                </structure:Code>
                <structure:Code id="FRH04">
                    <common:Annotations>
                        <common:Annotation>
                            <common:AnnotationType>ORDER</common:AnnotationType>
                            <common:AnnotationText xml:lang="en">8000</common:AnnotationText>
                            <common:AnnotationText xml:lang="fr">8000</common:AnnotationText>
                        </common:Annotation>
                    </common:Annotations>
                    <common:Name xml:lang="en">Morbihan</common:Name>
                    <common:Name xml:lang="fr">Morbihan</common:Name>
                    <structure:Parent>
                        <Ref id="FRH0"/>
                    </structure:Parent>
                </structure:Code>
                <structure:Code id="FRI">
                    <common:Annotations>
                        <common:Annotation>
                            <common:AnnotationType>ORDER</common:AnnotationType>
                            <common:AnnotationText xml:lang="en">8010</common:AnnotationText>
                            <common:AnnotationText xml:lang="fr">8010</common:AnnotationText>
                        </common:Annotation>
                    </common:Annotations>
                    <common:Name xml:lang="en">Nouvelle-Aquitaine</common:Name>
                    <common:Name xml:lang="fr">Nouvelle-Aquitaine</common:Name>
                    <structure:Parent>
                        <Ref id="FRA"/>
                    </structure:Parent>
                </structure:Code>
                <structure:Code id="FRI3">
                    <common:Annotations>
                        <common:Annotation>
                            <common:AnnotationType>ORDER</common:AnnotationType>
                            <common:AnnotationText xml:lang="en">8020</common:AnnotationText>
                            <common:AnnotationText xml:lang="fr">8020</common:AnnotationText>
                        </common:Annotation>
                    </common:Annotations>
                    <common:Name xml:lang="en">Poitou-Charentes</common:Name>
                    <common:Name xml:lang="fr">Poitou-Charentes</common:Name>
                    <structure:Parent>
                        <Ref id="FRI"/>
                    </structure:Parent>
                </structure:Code>
                <structure:Code id="FRI31">
                    <common:Annotations>
                        <common:Annotation>
                            <common:AnnotationType>ORDER</common:AnnotationType>
                            <common:AnnotationText xml:lang="en">8030</common:AnnotationText>
                            <common:AnnotationText xml:lang="fr">8030</common:AnnotationText>
                        </common:Annotation>
                    </common:Annotations>
                    <common:Name xml:lang="en">Charente</common:Name>
                    <common:Name xml:lang="fr">Charente</common:Name>
                    <structure:Parent>
                        <Ref id="FRI3"/>
                    </structure:Parent>
                </structure:Code>
                <structure:Code id="FRI32">
                    <common:Annotations>
                        <common:Annotation>
                            <common:AnnotationType>ORDER</common:AnnotationType>
                            <common:AnnotationText xml:lang="en">8040</common:AnnotationText>
                            <common:AnnotationText xml:lang="fr">8040</common:AnnotationText>
                        </common:Annotation>
                    </common:Annotations>
                    <common:Name xml:lang="en">Charente-Maritime</common:Name>
                    <common:Name xml:lang="fr">Charente-Maritime</common:Name>
                    <structure:Parent>
                        <Ref id="FRI3"/>
                    </structure:Parent>
                </structure:Code>
                <structure:Code id="FRI33">
                    <common:Annotations>
                        <common:Annotation>
                            <common:AnnotationType>ORDER</common:AnnotationType>
                            <common:AnnotationText xml:lang="en">8050</common:AnnotationText>
                            <common:AnnotationText xml:lang="fr">8050</common:AnnotationText>
                        </common:Annotation>
                    </common:Annotations>
                    <common:Name xml:lang="en">Deux-Sèvres</common:Name>
                    <common:Name xml:lang="fr">Deux-Sèvres</common:Name>
                    <structure:Parent>
                        <Ref id="FRI3"/>
                    </structure:Parent>
                </structure:Code>
                <structure:Code id="FRI34">
                    <common:Annotations>
                        <common:Annotation>
                            <common:AnnotationType>ORDER</common:AnnotationType>
                            <common:AnnotationText xml:lang="en">8060</common:AnnotationText>
                            <common:AnnotationText xml:lang="fr">8060</common:AnnotationText>
                        </common:Annotation>
                    </common:Annotations>
                    <common:Name xml:lang="en">Vienne</common:Name>
                    <common:Name xml:lang="fr">Vienne</common:Name>
                    <structure:Parent>
                        <Ref id="FRI3"/>
                    </structure:Parent>
                </structure:Code>
                <structure:Code id="FRI1">
                    <common:Annotations>
                        <common:Annotation>
                            <common:AnnotationType>ORDER</common:AnnotationType>
                            <common:AnnotationText xml:lang="en">8070</common:AnnotationText>
                            <common:AnnotationText xml:lang="fr">8070</common:AnnotationText>
                        </common:Annotation>
                    </common:Annotations>
                    <common:Name xml:lang="en">Aquitaine</common:Name>
                    <common:Name xml:lang="fr">Aquitaine</common:Name>
                    <structure:Parent>
                        <Ref id="FRI"/>
                    </structure:Parent>
                </structure:Code>
                <structure:Code id="FRI11">
                    <common:Annotations>
                        <common:Annotation>
                            <common:AnnotationType>ORDER</common:AnnotationType>
                            <common:AnnotationText xml:lang="en">8080</common:AnnotationText>
                            <common:AnnotationText xml:lang="fr">8080</common:AnnotationText>
                        </common:Annotation>
                    </common:Annotations>
                    <common:Name xml:lang="en">Dordogne</common:Name>
                    <common:Name xml:lang="fr">Dordogne</common:Name>
                    <structure:Parent>
                        <Ref id="FRI1"/>
                    </structure:Parent>
                </structure:Code>
                <structure:Code id="FRI12">
                    <common:Annotations>
                        <common:Annotation>
                            <common:AnnotationType>ORDER</common:AnnotationType>
                            <common:AnnotationText xml:lang="en">8090</common:AnnotationText>
                            <common:AnnotationText xml:lang="fr">8090</common:AnnotationText>
                        </common:Annotation>
                    </common:Annotations>
                    <common:Name xml:lang="en">Gironde</common:Name>
                    <common:Name xml:lang="fr">Gironde</common:Name>
                    <structure:Parent>
                        <Ref id="FRI1"/>
                    </structure:Parent>
                </structure:Code>
                <structure:Code id="FRI13">
                    <common:Annotations>
                        <common:Annotation>
                            <common:AnnotationType>ORDER</common:AnnotationType>
                            <common:AnnotationText xml:lang="en">8100</common:AnnotationText>
                            <common:AnnotationText xml:lang="fr">8100</common:AnnotationText>
                        </common:Annotation>
                    </common:Annotations>
                    <common:Name xml:lang="en">Landes</common:Name>
                    <common:Name xml:lang="fr">Landes</common:Name>
                    <structure:Parent>
                        <Ref id="FRI1"/>
                    </structure:Parent>
                </structure:Code>
                <structure:Code id="FRI14">
                    <common:Annotations>
                        <common:Annotation>
                            <common:AnnotationType>ORDER</common:AnnotationType>
                            <common:AnnotationText xml:lang="en">8110</common:AnnotationText>
                            <common:AnnotationText xml:lang="fr">8110</common:AnnotationText>
                        </common:Annotation>
                    </common:Annotations>
                    <common:Name xml:lang="en">Lot-et-Garonne</common:Name>
                    <common:Name xml:lang="fr">Lot-et-Garonne</common:Name>
                    <structure:Parent>
                        <Ref id="FRI1"/>
                    </structure:Parent>
                </structure:Code>
                <structure:Code id="FRI15">
                    <common:Annotations>
                        <common:Annotation>
                            <common:AnnotationType>ORDER</common:AnnotationType>
                            <common:AnnotationText xml:lang="en">8120</common:AnnotationText>
                            <common:AnnotationText xml:lang="fr">8120</common:AnnotationText>
                        </common:Annotation>
                    </common:Annotations>
                    <common:Name xml:lang="en">Pyrénées-Atlantiques</common:Name>
                    <common:Name xml:lang="fr">Pyrénées-Atlantiques</common:Name>
                    <structure:Parent>
                        <Ref id="FRI1"/>
                    </structure:Parent>
                </structure:Code>
                <structure:Code id="FRI2">
                    <common:Annotations>
                        <common:Annotation>
                            <common:AnnotationType>ORDER</common:AnnotationType>
                            <common:AnnotationText xml:lang="en">8130</common:AnnotationText>
                            <common:AnnotationText xml:lang="fr">8130</common:AnnotationText>
                        </common:Annotation>
                    </common:Annotations>
                    <common:Name xml:lang="en">Limousin</common:Name>
                    <common:Name xml:lang="fr">Limousin</common:Name>
                    <structure:Parent>
                        <Ref id="FRI"/>
                    </structure:Parent>
                </structure:Code>
                <structure:Code id="FRI21">
                    <common:Annotations>
                        <common:Annotation>
                            <common:AnnotationType>ORDER</common:AnnotationType>
                            <common:AnnotationText xml:lang="en">8140</common:AnnotationText>
                            <common:AnnotationText xml:lang="fr">8140</common:AnnotationText>
                        </common:Annotation>
                    </common:Annotations>
                    <common:Name xml:lang="en">Corrèze</common:Name>
                    <common:Name xml:lang="fr">Corrèze</common:Name>
                    <structure:Parent>
                        <Ref id="FRI2"/>
                    </structure:Parent>
                </structure:Code>
                <structure:Code id="FRI22">
                    <common:Annotations>
                        <common:Annotation>
                            <common:AnnotationType>ORDER</common:AnnotationType>
                            <common:AnnotationText xml:lang="en">8150</common:AnnotationText>
                            <common:AnnotationText xml:lang="fr">8150</common:AnnotationText>
                        </common:Annotation>
                    </common:Annotations>
                    <common:Name xml:lang="en">Creuse</common:Name>
                    <common:Name xml:lang="fr">Creuse</common:Name>
                    <structure:Parent>
                        <Ref id="FRI2"/>
                    </structure:Parent>
                </structure:Code>
                <structure:Code id="FRI23">
                    <common:Annotations>
                        <common:Annotation>
                            <common:AnnotationType>ORDER</common:AnnotationType>
                            <common:AnnotationText xml:lang="en">8160</common:AnnotationText>
                            <common:AnnotationText xml:lang="fr">8160</common:AnnotationText>
                        </common:Annotation>
                    </common:Annotations>
                    <common:Name xml:lang="en">Haute-Vienne</common:Name>
                    <common:Name xml:lang="fr">Haute-Vienne</common:Name>
                    <structure:Parent>
                        <Ref id="FRI2"/>
                    </structure:Parent>
                </structure:Code>
                <structure:Code id="FRJ">
                    <common:Annotations>
                        <common:Annotation>
                            <common:AnnotationType>ORDER</common:AnnotationType>
                            <common:AnnotationText xml:lang="en">8170</common:AnnotationText>
                            <common:AnnotationText xml:lang="fr">8170</common:AnnotationText>
                        </common:Annotation>
                    </common:Annotations>
                    <common:Name xml:lang="en">Occitanie</common:Name>
                    <common:Name xml:lang="fr">Occitanie</common:Name>
                    <structure:Parent>
                        <Ref id="FRA"/>
                    </structure:Parent>
                </structure:Code>
                <structure:Code id="FRJ2">
                    <common:Annotations>
                        <common:Annotation>
                            <common:AnnotationType>ORDER</common:AnnotationType>
                            <common:AnnotationText xml:lang="en">8180</common:AnnotationText>
                            <common:AnnotationText xml:lang="fr">8180</common:AnnotationText>
                        </common:Annotation>
                    </common:Annotations>
                    <common:Name xml:lang="en">Midi-Pyrénées</common:Name>
                    <common:Name xml:lang="fr">Midi-Pyrénées</common:Name>
                    <structure:Parent>
                        <Ref id="FRJ"/>
                    </structure:Parent>
                </structure:Code>
                <structure:Code id="FRJ21">
                    <common:Annotations>
                        <common:Annotation>
                            <common:AnnotationType>ORDER</common:AnnotationType>
                            <common:AnnotationText xml:lang="en">8190</common:AnnotationText>
                            <common:AnnotationText xml:lang="fr">8190</common:AnnotationText>
                        </common:Annotation>
                    </common:Annotations>
                    <common:Name xml:lang="en">Ariège</common:Name>
                    <common:Name xml:lang="fr">Ariège</common:Name>
                    <structure:Parent>
                        <Ref id="FRJ2"/>
                    </structure:Parent>
                </structure:Code>
                <structure:Code id="FRJ22">
                    <common:Annotations>
                        <common:Annotation>
                            <common:AnnotationType>ORDER</common:AnnotationType>
                            <common:AnnotationText xml:lang="en">8200</common:AnnotationText>
                            <common:AnnotationText xml:lang="fr">8200</common:AnnotationText>
                        </common:Annotation>
                    </common:Annotations>
                    <common:Name xml:lang="en">Aveyron</common:Name>
                    <common:Name xml:lang="fr">Aveyron</common:Name>
                    <structure:Parent>
                        <Ref id="FRJ2"/>
                    </structure:Parent>
                </structure:Code>
                <structure:Code id="FRJ23">
                    <common:Annotations>
                        <common:Annotation>
                            <common:AnnotationType>ORDER</common:AnnotationType>
                            <common:AnnotationText xml:lang="en">8210</common:AnnotationText>
                            <common:AnnotationText xml:lang="fr">8210</common:AnnotationText>
                        </common:Annotation>
                    </common:Annotations>
                    <common:Name xml:lang="en">Haute-Garonne</common:Name>
                    <common:Name xml:lang="fr">Haute-Garonne</common:Name>
                    <structure:Parent>
                        <Ref id="FRJ2"/>
                    </structure:Parent>
                </structure:Code>
                <structure:Code id="FRJ24">
                    <common:Annotations>
                        <common:Annotation>
                            <common:AnnotationType>ORDER</common:AnnotationType>
                            <common:AnnotationText xml:lang="en">8220</common:AnnotationText>
                            <common:AnnotationText xml:lang="fr">8220</common:AnnotationText>
                        </common:Annotation>
                    </common:Annotations>
                    <common:Name xml:lang="en">Gers</common:Name>
                    <common:Name xml:lang="fr">Gers</common:Name>
                    <structure:Parent>
                        <Ref id="FRJ2"/>
                    </structure:Parent>
                </structure:Code>
                <structure:Code id="FRJ25">
                    <common:Annotations>
                        <common:Annotation>
                            <common:AnnotationType>ORDER</common:AnnotationType>
                            <common:AnnotationText xml:lang="en">8230</common:AnnotationText>
                            <common:AnnotationText xml:lang="fr">8230</common:AnnotationText>
                        </common:Annotation>
                    </common:Annotations>
                    <common:Name xml:lang="en">Lot</common:Name>
                    <common:Name xml:lang="fr">Lot</common:Name>
                    <structure:Parent>
                        <Ref id="FRJ2"/>
                    </structure:Parent>
                </structure:Code>
                <structure:Code id="FRJ26">
                    <common:Annotations>
                        <common:Annotation>
                            <common:AnnotationType>ORDER</common:AnnotationType>
                            <common:AnnotationText xml:lang="en">8240</common:AnnotationText>
                            <common:AnnotationText xml:lang="fr">8240</common:AnnotationText>
                        </common:Annotation>
                    </common:Annotations>
                    <common:Name xml:lang="en">Hautes-Pyrénées</common:Name>
                    <common:Name xml:lang="fr">Hautes-Pyrénées</common:Name>
                    <structure:Parent>
                        <Ref id="FRJ2"/>
                    </structure:Parent>
                </structure:Code>
                <structure:Code id="FRJ27">
                    <common:Annotations>
                        <common:Annotation>
                            <common:AnnotationType>ORDER</common:AnnotationType>
                            <common:AnnotationText xml:lang="en">8250</common:AnnotationText>
                            <common:AnnotationText xml:lang="fr">8250</common:AnnotationText>
                        </common:Annotation>
                    </common:Annotations>
                    <common:Name xml:lang="en">Tarn</common:Name>
                    <common:Name xml:lang="fr">Tarn</common:Name>
                    <structure:Parent>
                        <Ref id="FRJ2"/>
                    </structure:Parent>
                </structure:Code>
                <structure:Code id="FRJ28">
                    <common:Annotations>
                        <common:Annotation>
                            <common:AnnotationType>ORDER</common:AnnotationType>
                            <common:AnnotationText xml:lang="en">8260</common:AnnotationText>
                            <common:AnnotationText xml:lang="fr">8260</common:AnnotationText>
                        </common:Annotation>
                    </common:Annotations>
                    <common:Name xml:lang="en">Tarn-et-Garonne</common:Name>
                    <common:Name xml:lang="fr">Tarn-et-Garonne</common:Name>
                    <structure:Parent>
                        <Ref id="FRJ2"/>
                    </structure:Parent>
                </structure:Code>
                <structure:Code id="FRJ1">
                    <common:Annotations>
                        <common:Annotation>
                            <common:AnnotationType>ORDER</common:AnnotationType>
                            <common:AnnotationText xml:lang="en">8270</common:AnnotationText>
                            <common:AnnotationText xml:lang="fr">8270</common:AnnotationText>
                        </common:Annotation>
                    </common:Annotations>
                    <common:Name xml:lang="en">Languedoc-Roussillon</common:Name>
                    <common:Name xml:lang="fr">Languedoc-Roussillon</common:Name>
                    <structure:Parent>
                        <Ref id="FRJ"/>
                    </structure:Parent>
                </structure:Code>
                <structure:Code id="FRJ11">
                    <common:Annotations>
                        <common:Annotation>
                            <common:AnnotationType>ORDER</common:AnnotationType>
                            <common:AnnotationText xml:lang="en">8280</common:AnnotationText>
                            <common:AnnotationText xml:lang="fr">8280</common:AnnotationText>
                        </common:Annotation>
                    </common:Annotations>
                    <common:Name xml:lang="en">Aude</common:Name>
                    <common:Name xml:lang="fr">Aude</common:Name>
                    <structure:Parent>
                        <Ref id="FRJ1"/>
                    </structure:Parent>
                </structure:Code>
                <structure:Code id="FRJ12">
                    <common:Annotations>
                        <common:Annotation>
                            <common:AnnotationType>ORDER</common:AnnotationType>
                            <common:AnnotationText xml:lang="en">8290</common:AnnotationText>
                            <common:AnnotationText xml:lang="fr">8290</common:AnnotationText>
                        </common:Annotation>
                    </common:Annotations>
                    <common:Name xml:lang="en">Gard</common:Name>
                    <common:Name xml:lang="fr">Gard</common:Name>
                    <structure:Parent>
                        <Ref id="FRJ1"/>
                    </structure:Parent>
                </structure:Code>
                <structure:Code id="FRJ13">
                    <common:Annotations>
                        <common:Annotation>
                            <common:AnnotationType>ORDER</common:AnnotationType>
                            <common:AnnotationText xml:lang="en">8300</common:AnnotationText>
                            <common:AnnotationText xml:lang="fr">8300</common:AnnotationText>
                        </common:Annotation>
                    </common:Annotations>
                    <common:Name xml:lang="en">Hérault</common:Name>
                    <common:Name xml:lang="fr">Hérault</common:Name>
                    <structure:Parent>
                        <Ref id="FRJ1"/>
                    </structure:Parent>
                </structure:Code>
                <structure:Code id="FRJ14">
                    <common:Annotations>
                        <common:Annotation>
                            <common:AnnotationType>ORDER</common:AnnotationType>
                            <common:AnnotationText xml:lang="en">8310</common:AnnotationText>
                            <common:AnnotationText xml:lang="fr">8310</common:AnnotationText>
                        </common:Annotation>
                    </common:Annotations>
                    <common:Name xml:lang="en">Lozère</common:Name>
                    <common:Name xml:lang="fr">Lozère</common:Name>
                    <structure:Parent>
                        <Ref id="FRJ1"/>
                    </structure:Parent>
                </structure:Code>
                <structure:Code id="FRJ15">
                    <common:Annotations>
                        <common:Annotation>
                            <common:AnnotationType>ORDER</common:AnnotationType>
                            <common:AnnotationText xml:lang="en">8320</common:AnnotationText>
                            <common:AnnotationText xml:lang="fr">8320</common:AnnotationText>
                        </common:Annotation>
                    </common:Annotations>
                    <common:Name xml:lang="en">Pyrénées-Orientales</common:Name>
                    <common:Name xml:lang="fr">Pyrénées-Orientales</common:Name>
                    <structure:Parent>
                        <Ref id="FRJ1"/>
                    </structure:Parent>
                </structure:Code>
                <structure:Code id="FRK">
                    <common:Annotations>
                        <common:Annotation>
                            <common:AnnotationType>ORDER</common:AnnotationType>
                            <common:AnnotationText xml:lang="en">8330</common:AnnotationText>
                            <common:AnnotationText xml:lang="fr">8330</common:AnnotationText>
                        </common:Annotation>
                    </common:Annotations>
                    <common:Name xml:lang="en">Auvergne-Rhône-Alpes</common:Name>
                    <common:Name xml:lang="fr">Auvergne-Rhône-Alpes</common:Name>
                    <structure:Parent>
                        <Ref id="FRA"/>
                    </structure:Parent>
                </structure:Code>
                <structure:Code id="FRK2">
                    <common:Annotations>
                        <common:Annotation>
                            <common:AnnotationType>ORDER</common:AnnotationType>
                            <common:AnnotationText xml:lang="en">8340</common:AnnotationText>
                            <common:AnnotationText xml:lang="fr">8340</common:AnnotationText>
                        </common:Annotation>
                    </common:Annotations>
                    <common:Name xml:lang="en">Rhône-Alpes</common:Name>
                    <common:Name xml:lang="fr">Rhône-Alpes</common:Name>
                    <structure:Parent>
                        <Ref id="FRK"/>
                    </structure:Parent>
                </structure:Code>
                <structure:Code id="FRK21">
                    <common:Annotations>
                        <common:Annotation>
                            <common:AnnotationType>ORDER</common:AnnotationType>
                            <common:AnnotationText xml:lang="en">8350</common:AnnotationText>
                            <common:AnnotationText xml:lang="fr">8350</common:AnnotationText>
                        </common:Annotation>
                    </common:Annotations>
                    <common:Name xml:lang="en">Ain</common:Name>
                    <common:Name xml:lang="fr">Ain</common:Name>
                    <structure:Parent>
                        <Ref id="FRK2"/>
                    </structure:Parent>
                </structure:Code>
                <structure:Code id="FRK22">
                    <common:Annotations>
                        <common:Annotation>
                            <common:AnnotationType>ORDER</common:AnnotationType>
                            <common:AnnotationText xml:lang="en">8360</common:AnnotationText>
                            <common:AnnotationText xml:lang="fr">8360</common:AnnotationText>
                        </common:Annotation>
                    </common:Annotations>
                    <common:Name xml:lang="en">Ardèche</common:Name>
                    <common:Name xml:lang="fr">Ardèche</common:Name>
                    <structure:Parent>
                        <Ref id="FRK2"/>
                    </structure:Parent>
                </structure:Code>
                <structure:Code id="FRK23">
                    <common:Annotations>
                        <common:Annotation>
                            <common:AnnotationType>ORDER</common:AnnotationType>
                            <common:AnnotationText xml:lang="en">8370</common:AnnotationText>
                            <common:AnnotationText xml:lang="fr">8370</common:AnnotationText>
                        </common:Annotation>
                    </common:Annotations>
                    <common:Name xml:lang="en">Drôme</common:Name>
                    <common:Name xml:lang="fr">Drôme</common:Name>
                    <structure:Parent>
                        <Ref id="FRK2"/>
                    </structure:Parent>
                </structure:Code>
                <structure:Code id="FRK24">
                    <common:Annotations>
                        <common:Annotation>
                            <common:AnnotationType>ORDER</common:AnnotationType>
                            <common:AnnotationText xml:lang="en">8380</common:AnnotationText>
                            <common:AnnotationText xml:lang="fr">8380</common:AnnotationText>
                        </common:Annotation>
                    </common:Annotations>
                    <common:Name xml:lang="en">Isère</common:Name>
                    <common:Name xml:lang="fr">Isère</common:Name>
                    <structure:Parent>
                        <Ref id="FRK2"/>
                    </structure:Parent>
                </structure:Code>
                <structure:Code id="FRK25">
                    <common:Annotations>
                        <common:Annotation>
                            <common:AnnotationType>ORDER</common:AnnotationType>
                            <common:AnnotationText xml:lang="en">8390</common:AnnotationText>
                            <common:AnnotationText xml:lang="fr">8390</common:AnnotationText>
                        </common:Annotation>
                    </common:Annotations>
                    <common:Name xml:lang="en">Loire</common:Name>
                    <common:Name xml:lang="fr">Loire</common:Name>
                    <structure:Parent>
                        <Ref id="FRK2"/>
                    </structure:Parent>
                </structure:Code>
                <structure:Code id="FRK26">
                    <common:Annotations>
                        <common:Annotation>
                            <common:AnnotationType>ORDER</common:AnnotationType>
                            <common:AnnotationText xml:lang="en">8400</common:AnnotationText>
                            <common:AnnotationText xml:lang="fr">8400</common:AnnotationText>
                        </common:Annotation>
                    </common:Annotations>
                    <common:Name xml:lang="en">Rhône</common:Name>
                    <common:Name xml:lang="fr">Rhône</common:Name>
                    <structure:Parent>
                        <Ref id="FRK2"/>
                    </structure:Parent>
                </structure:Code>
                <structure:Code id="FRK27">
                    <common:Annotations>
                        <common:Annotation>
                            <common:AnnotationType>ORDER</common:AnnotationType>
                            <common:AnnotationText xml:lang="en">8410</common:AnnotationText>
                            <common:AnnotationText xml:lang="fr">8410</common:AnnotationText>
                        </common:Annotation>
                    </common:Annotations>
                    <common:Name xml:lang="en">Savoie</common:Name>
                    <common:Name xml:lang="fr">Savoie</common:Name>
                    <structure:Parent>
                        <Ref id="FRK2"/>
                    </structure:Parent>
                </structure:Code>
                <structure:Code id="FRK28">
                    <common:Annotations>
                        <common:Annotation>
                            <common:AnnotationType>ORDER</common:AnnotationType>
                            <common:AnnotationText xml:lang="en">8420</common:AnnotationText>
                            <common:AnnotationText xml:lang="fr">8420</common:AnnotationText>
                        </common:Annotation>
                    </common:Annotations>
                    <common:Name xml:lang="en">Haute-Savoie</common:Name>
                    <common:Name xml:lang="fr">Haute-Savoie</common:Name>
                    <structure:Parent>
                        <Ref id="FRK2"/>
                    </structure:Parent>
                </structure:Code>
                <structure:Code id="FRK1">
                    <common:Annotations>
                        <common:Annotation>
                            <common:AnnotationType>ORDER</common:AnnotationType>
                            <common:AnnotationText xml:lang="en">8430</common:AnnotationText>
                            <common:AnnotationText xml:lang="fr">8430</common:AnnotationText>
                        </common:Annotation>
                    </common:Annotations>
                    <common:Name xml:lang="en">Auvergne</common:Name>
                    <common:Name xml:lang="fr">Auvergne</common:Name>
                    <structure:Parent>
                        <Ref id="FRK"/>
                    </structure:Parent>
                </structure:Code>
                <structure:Code id="FRK11">
                    <common:Annotations>
                        <common:Annotation>
                            <common:AnnotationType>ORDER</common:AnnotationType>
                            <common:AnnotationText xml:lang="en">8440</common:AnnotationText>
                            <common:AnnotationText xml:lang="fr">8440</common:AnnotationText>
                        </common:Annotation>
                    </common:Annotations>
                    <common:Name xml:lang="en">Allier</common:Name>
                    <common:Name xml:lang="fr">Allier</common:Name>
                    <structure:Parent>
                        <Ref id="FRK1"/>
                    </structure:Parent>
                </structure:Code>
                <structure:Code id="FRK12">
                    <common:Annotations>
                        <common:Annotation>
                            <common:AnnotationType>ORDER</common:AnnotationType>
                            <common:AnnotationText xml:lang="en">8450</common:AnnotationText>
                            <common:AnnotationText xml:lang="fr">8450</common:AnnotationText>
                        </common:Annotation>
                    </common:Annotations>
                    <common:Name xml:lang="en">Cantal</common:Name>
                    <common:Name xml:lang="fr">Cantal</common:Name>
                    <structure:Parent>
                        <Ref id="FRK1"/>
                    </structure:Parent>
                </structure:Code>
                <structure:Code id="FRK13">
                    <common:Annotations>
                        <common:Annotation>
                            <common:AnnotationType>ORDER</common:AnnotationType>
                            <common:AnnotationText xml:lang="en">8460</common:AnnotationText>
                            <common:AnnotationText xml:lang="fr">8460</common:AnnotationText>
                        </common:Annotation>
                    </common:Annotations>
                    <common:Name xml:lang="en">Haute-Loire</common:Name>
                    <common:Name xml:lang="fr">Haute-Loire</common:Name>
                    <structure:Parent>
                        <Ref id="FRK1"/>
                    </structure:Parent>
                </structure:Code>
                <structure:Code id="FRK14">
                    <common:Annotations>
                        <common:Annotation>
                            <common:AnnotationType>ORDER</common:AnnotationType>
                            <common:AnnotationText xml:lang="en">8470</common:AnnotationText>
                            <common:AnnotationText xml:lang="fr">8470</common:AnnotationText>
                        </common:Annotation>
                    </common:Annotations>
                    <common:Name xml:lang="en">Puy-de-Dôme</common:Name>
                    <common:Name xml:lang="fr">Puy-de-Dôme</common:Name>
                    <structure:Parent>
                        <Ref id="FRK1"/>
                    </structure:Parent>
                </structure:Code>
                <structure:Code id="FRL">
                    <common:Annotations>
                        <common:Annotation>
                            <common:AnnotationType>ORDER</common:AnnotationType>
                            <common:AnnotationText xml:lang="en">8480</common:AnnotationText>
                            <common:AnnotationText xml:lang="fr">8480</common:AnnotationText>
                        </common:Annotation>
                    </common:Annotations>
                    <common:Name xml:lang="en">Provence-Alpes-Côte d’Azur</common:Name>
                    <common:Name xml:lang="fr">Provence-Alpes-Côte d’Azur</common:Name>
                    <structure:Parent>
                        <Ref id="FRA"/>
                    </structure:Parent>
                </structure:Code>
                <structure:Code id="FRL0">
                    <common:Annotations>
                        <common:Annotation>
                            <common:AnnotationType>ORDER</common:AnnotationType>
                            <common:AnnotationText xml:lang="en">8490</common:AnnotationText>
                            <common:AnnotationText xml:lang="fr">8490</common:AnnotationText>
                        </common:Annotation>
                    </common:Annotations>
                    <common:Name xml:lang="en">Provence-Alpes-Côte d'Azur</common:Name>
                    <common:Name xml:lang="fr">Provence-Alpes-Côte d'Azur</common:Name>
                    <structure:Parent>
                        <Ref id="FRL"/>
                    </structure:Parent>
                </structure:Code>
                <structure:Code id="FRL01">
                    <common:Annotations>
                        <common:Annotation>
                            <common:AnnotationType>ORDER</common:AnnotationType>
                            <common:AnnotationText xml:lang="en">8500</common:AnnotationText>
                            <common:AnnotationText xml:lang="fr">8500</common:AnnotationText>
                        </common:Annotation>
                    </common:Annotations>
                    <common:Name xml:lang="en">Alpes-de-Haute-Provence</common:Name>
                    <common:Name xml:lang="fr">Alpes-de-Haute-Provence</common:Name>
                    <structure:Parent>
                        <Ref id="FRL0"/>
                    </structure:Parent>
                </structure:Code>
                <structure:Code id="FRL02">
                    <common:Annotations>
                        <common:Annotation>
                            <common:AnnotationType>ORDER</common:AnnotationType>
                            <common:AnnotationText xml:lang="en">8510</common:AnnotationText>
                            <common:AnnotationText xml:lang="fr">8510</common:AnnotationText>
                        </common:Annotation>
                    </common:Annotations>
                    <common:Name xml:lang="en">Hautes-Alpes</common:Name>
                    <common:Name xml:lang="fr">Hautes-Alpes</common:Name>
                    <structure:Parent>
                        <Ref id="FRL0"/>
                    </structure:Parent>
                </structure:Code>
                <structure:Code id="FRL03">
                    <common:Annotations>
                        <common:Annotation>
                            <common:AnnotationType>ORDER</common:AnnotationType>
                            <common:AnnotationText xml:lang="en">8520</common:AnnotationText>
                            <common:AnnotationText xml:lang="fr">8520</common:AnnotationText>
                        </common:Annotation>
                    </common:Annotations>
                    <common:Name xml:lang="en">Alpes-Maritimes</common:Name>
                    <common:Name xml:lang="fr">Alpes-Maritimes</common:Name>
                    <structure:Parent>
                        <Ref id="FRL0"/>
                    </structure:Parent>
                </structure:Code>
                <structure:Code id="FRL04">
                    <common:Annotations>
                        <common:Annotation>
                            <common:AnnotationType>ORDER</common:AnnotationType>
                            <common:AnnotationText xml:lang="en">8530</common:AnnotationText>
                            <common:AnnotationText xml:lang="fr">8530</common:AnnotationText>
                        </common:Annotation>
                    </common:Annotations>
                    <common:Name xml:lang="en">Bouches-du-Rhône</common:Name>
                    <common:Name xml:lang="fr">Bouches-du-Rhône</common:Name>
                    <structure:Parent>
                        <Ref id="FRL0"/>
                    </structure:Parent>
                </structure:Code>
                <structure:Code id="FRL05">
                    <common:Annotations>
                        <common:Annotation>
                            <common:AnnotationType>ORDER</common:AnnotationType>
                            <common:AnnotationText xml:lang="en">8540</common:AnnotationText>
                            <common:AnnotationText xml:lang="fr">8540</common:AnnotationText>
                        </common:Annotation>
                    </common:Annotations>
                    <common:Name xml:lang="en">Var</common:Name>
                    <common:Name xml:lang="fr">Var</common:Name>
                    <structure:Parent>
                        <Ref id="FRL0"/>
                    </structure:Parent>
                </structure:Code>
                <structure:Code id="FRL06">
                    <common:Annotations>
                        <common:Annotation>
                            <common:AnnotationType>ORDER</common:AnnotationType>
                            <common:AnnotationText xml:lang="en">8550</common:AnnotationText>
                            <common:AnnotationText xml:lang="fr">8550</common:AnnotationText>
                        </common:Annotation>
                    </common:Annotations>
                    <common:Name xml:lang="en">Vaucluse</common:Name>
                    <common:Name xml:lang="fr">Vaucluse</common:Name>
                    <structure:Parent>
                        <Ref id="FRL0"/>
                    </structure:Parent>
                </structure:Code>
                <structure:Code id="FRM">
                    <common:Annotations>
                        <common:Annotation>
                            <common:AnnotationType>ORDER</common:AnnotationType>
                            <common:AnnotationText xml:lang="en">8560</common:AnnotationText>
                            <common:AnnotationText xml:lang="fr">8560</common:AnnotationText>
                        </common:Annotation>
                    </common:Annotations>
                    <common:Name xml:lang="en">Corsica (region, level 2)</common:Name>
                    <common:Name xml:lang="fr">Corsica (region, level 2)</common:Name>
                    <structure:Parent>
                        <Ref id="FRA"/>
                    </structure:Parent>
                </structure:Code>
                <structure:Code id="FRM0">
                    <common:Annotations>
                        <common:Annotation>
                            <common:AnnotationType>ORDER</common:AnnotationType>
                            <common:AnnotationText xml:lang="en">8570</common:AnnotationText>
                            <common:AnnotationText xml:lang="fr">8570</common:AnnotationText>
                        </common:Annotation>
                    </common:Annotations>
                    <common:Name xml:lang="en">Corsica (region, level 3)</common:Name>
                    <common:Name xml:lang="fr">Corsica (region, level 3)</common:Name>
                    <structure:Parent>
                        <Ref id="FRM"/>
                    </structure:Parent>
                </structure:Code>
                <structure:Code id="FRM01">
                    <common:Annotations>
                        <common:Annotation>
                            <common:AnnotationType>ORDER</common:AnnotationType>
                            <common:AnnotationText xml:lang="en">8580</common:AnnotationText>
                            <common:AnnotationText xml:lang="fr">8580</common:AnnotationText>
                        </common:Annotation>
                    </common:Annotations>
                    <common:Name xml:lang="en">Corse-du-Sud</common:Name>
                    <common:Name xml:lang="fr">Corse-du-Sud</common:Name>
                    <structure:Parent>
                        <Ref id="FRM0"/>
                    </structure:Parent>
                </structure:Code>
                <structure:Code id="FRM02">
                    <common:Annotations>
                        <common:Annotation>
                            <common:AnnotationType>ORDER</common:AnnotationType>
                            <common:AnnotationText xml:lang="en">8590</common:AnnotationText>
                            <common:AnnotationText xml:lang="fr">8590</common:AnnotationText>
                        </common:Annotation>
                    </common:Annotations>
                    <common:Name xml:lang="en">Haute-Corse</common:Name>
                    <common:Name xml:lang="fr">Haute-Corse</common:Name>
                    <structure:Parent>
                        <Ref id="FRM0"/>
                    </structure:Parent>
                </structure:Code>
                <structure:Code id="FRY">
                    <common:Annotations>
                        <common:Annotation>
                            <common:AnnotationType>ORDER</common:AnnotationType>
                            <common:AnnotationText xml:lang="en">8600</common:AnnotationText>
                            <common:AnnotationText xml:lang="fr">8600</common:AnnotationText>
                        </common:Annotation>
                    </common:Annotations>
                    <common:Name xml:lang="en">Overseas regions and departments</common:Name>
                    <common:Name xml:lang="fr">Overseas regions and departments</common:Name>
                    <structure:Parent>
                        <Ref id="FRA"/>
                    </structure:Parent>
                </structure:Code>
                <structure:Code id="FRY1">
                    <common:Annotations>
                        <common:Annotation>
                            <common:AnnotationType>ORDER</common:AnnotationType>
                            <common:AnnotationText xml:lang="en">8610</common:AnnotationText>
                            <common:AnnotationText xml:lang="fr">8610</common:AnnotationText>
                        </common:Annotation>
                    </common:Annotations>
                    <common:Name xml:lang="en">Guadeloupe (region, level 2)</common:Name>
                    <common:Name xml:lang="fr">Guadeloupe (region, level 2)</common:Name>
                    <structure:Parent>
                        <Ref id="FRY"/>
                    </structure:Parent>
                </structure:Code>
                <structure:Code id="FRY10">
                    <common:Annotations>
                        <common:Annotation>
                            <common:AnnotationType>ORDER</common:AnnotationType>
                            <common:AnnotationText xml:lang="en">8620</common:AnnotationText>
                            <common:AnnotationText xml:lang="fr">8620</common:AnnotationText>
                        </common:Annotation>
                    </common:Annotations>
                    <common:Name xml:lang="en">Guadeloupe (region, level 3)</common:Name>
                    <common:Name xml:lang="fr">Guadeloupe (region, level 3)</common:Name>
                    <structure:Parent>
                        <Ref id="FRY1"/>
                    </structure:Parent>
                </structure:Code>
                <structure:Code id="FRY2">
                    <common:Annotations>
                        <common:Annotation>
                            <common:AnnotationType>ORDER</common:AnnotationType>
                            <common:AnnotationText xml:lang="en">8630</common:AnnotationText>
                            <common:AnnotationText xml:lang="fr">8630</common:AnnotationText>
                        </common:Annotation>
                    </common:Annotations>
                    <common:Name xml:lang="en">Martinique (region, level 2)</common:Name>
                    <common:Name xml:lang="fr">Martinique (region, level 2)</common:Name>
                    <structure:Parent>
                        <Ref id="FRY"/>
                    </structure:Parent>
                </structure:Code>
                <structure:Code id="FRY20">
                    <common:Annotations>
                        <common:Annotation>
                            <common:AnnotationType>ORDER</common:AnnotationType>
                            <common:AnnotationText xml:lang="en">8640</common:AnnotationText>
                            <common:AnnotationText xml:lang="fr">8640</common:AnnotationText>
                        </common:Annotation>
                    </common:Annotations>
                    <common:Name xml:lang="en">Martinique (region, level 3)</common:Name>
                    <common:Name xml:lang="fr">Martinique (region, level 3)</common:Name>
                    <structure:Parent>
                        <Ref id="FRY2"/>
                    </structure:Parent>
                </structure:Code>
                <structure:Code id="FRY3">
                    <common:Annotations>
                        <common:Annotation>
                            <common:AnnotationType>ORDER</common:AnnotationType>
                            <common:AnnotationText xml:lang="en">8650</common:AnnotationText>
                            <common:AnnotationText xml:lang="fr">8650</common:AnnotationText>
                        </common:Annotation>
                    </common:Annotations>
                    <common:Name xml:lang="en">French Guiana (region, level2)</common:Name>
                    <common:Name xml:lang="fr">French Guiana (region, level2)</common:Name>
                    <structure:Parent>
                        <Ref id="FRY"/>
                    </structure:Parent>
                </structure:Code>
                <structure:Code id="FRY30">
                    <common:Annotations>
                        <common:Annotation>
                            <common:AnnotationType>ORDER</common:AnnotationType>
                            <common:AnnotationText xml:lang="en">8660</common:AnnotationText>
                            <common:AnnotationText xml:lang="fr">8660</common:AnnotationText>
                        </common:Annotation>
                    </common:Annotations>
                    <common:Name xml:lang="en">French Guiana (region, level3)</common:Name>
                    <common:Name xml:lang="fr">French Guiana (region, level3)</common:Name>
                    <structure:Parent>
                        <Ref id="FRY3"/>
                    </structure:Parent>
                </structure:Code>
                <structure:Code id="FRY4">
                    <common:Annotations>
                        <common:Annotation>
                            <common:AnnotationType>ORDER</common:AnnotationType>
                            <common:AnnotationText xml:lang="en">8670</common:AnnotationText>
                            <common:AnnotationText xml:lang="fr">8670</common:AnnotationText>
                        </common:Annotation>
                    </common:Annotations>
                    <common:Name xml:lang="en">La Réunion (region, level 2)</common:Name>
                    <common:Name xml:lang="fr">La Réunion (region, level 2)</common:Name>
                    <structure:Parent>
                        <Ref id="FRY"/>
                    </structure:Parent>
                </structure:Code>
                <structure:Code id="FRY40">
                    <common:Annotations>
                        <common:Annotation>
                            <common:AnnotationType>ORDER</common:AnnotationType>
                            <common:AnnotationText xml:lang="en">8680</common:AnnotationText>
                            <common:AnnotationText xml:lang="fr">8680</common:AnnotationText>
                        </common:Annotation>
                    </common:Annotations>
                    <common:Name xml:lang="en">La Réunion (region, level 3)</common:Name>
                    <common:Name xml:lang="fr">La Réunion (region, level 3)</common:Name>
                    <structure:Parent>
                        <Ref id="FRY4"/>
                    </structure:Parent>
                </structure:Code>
                <structure:Code id="FRY5">
                    <common:Annotations>
                        <common:Annotation>
                            <common:AnnotationType>ORDER</common:AnnotationType>
                            <common:AnnotationText xml:lang="en">8690</common:AnnotationText>
                            <common:AnnotationText xml:lang="fr">8690</common:AnnotationText>
                        </common:Annotation>
                    </common:Annotations>
                    <common:Name xml:lang="en">Mayotte (region, level 2)</common:Name>
                    <common:Name xml:lang="fr">Mayotte (region, level 2)</common:Name>
                    <structure:Parent>
                        <Ref id="FRY"/>
                    </structure:Parent>
                </structure:Code>
                <structure:Code id="FRY50">
                    <common:Annotations>
                        <common:Annotation>
                            <common:AnnotationType>ORDER</common:AnnotationType>
                            <common:AnnotationText xml:lang="en">8700</common:AnnotationText>
                            <common:AnnotationText xml:lang="fr">8700</common:AnnotationText>
                        </common:Annotation>
                    </common:Annotations>
                    <common:Name xml:lang="en">Mayotte (region, level 3)</common:Name>
                    <common:Name xml:lang="fr">Mayotte (region, level 3)</common:Name>
                    <structure:Parent>
                        <Ref id="FRY5"/>
                    </structure:Parent>
                </structure:Code>
                <structure:Code id="DEU">
                    <common:Annotations>
                        <common:Annotation>
                            <common:AnnotationType>ORDER</common:AnnotationType>
                            <common:AnnotationText xml:lang="en">8710</common:AnnotationText>
                            <common:AnnotationText xml:lang="fr">8710</common:AnnotationText>
                        </common:Annotation>
                    </common:Annotations>
                    <common:Name xml:lang="en">Germany</common:Name>
                    <common:Name xml:lang="fr">Allemagne</common:Name>
                </structure:Code>
                <structure:Code id="DE1">
                    <common:Annotations>
                        <common:Annotation>
                            <common:AnnotationType>ORDER</common:AnnotationType>
                            <common:AnnotationText xml:lang="en">8720</common:AnnotationText>
                            <common:AnnotationText xml:lang="fr">8720</common:AnnotationText>
                        </common:Annotation>
                    </common:Annotations>
                    <common:Name xml:lang="en">Baden-Württemberg</common:Name>
                    <common:Name xml:lang="fr">Baden-Württemberg</common:Name>
                    <structure:Parent>
                        <Ref id="DEU"/>
                    </structure:Parent>
                </structure:Code>
                <structure:Code id="DE1E">
                    <common:Annotations>
                        <common:Annotation>
                            <common:AnnotationType>ORDER</common:AnnotationType>
                            <common:AnnotationText xml:lang="en">8730</common:AnnotationText>
                            <common:AnnotationText xml:lang="fr">8730</common:AnnotationText>
                        </common:Annotation>
                    </common:Annotations>
                    <common:Name xml:lang="en">Unterer Neckar</common:Name>
                    <common:Name xml:lang="fr">Unterer Neckar</common:Name>
                    <structure:Parent>
                        <Ref id="DE1"/>
                    </structure:Parent>
                </structure:Code>
                <structure:Code id="DE125">
                    <common:Annotations>
                        <common:Annotation>
                            <common:AnnotationType>ORDER</common:AnnotationType>
                            <common:AnnotationText xml:lang="en">8740</common:AnnotationText>
                            <common:AnnotationText xml:lang="fr">8740</common:AnnotationText>
                        </common:Annotation>
                    </common:Annotations>
                    <common:Name xml:lang="en">Heidelberg Stadtkreis</common:Name>
                    <common:Name xml:lang="fr">Heidelberg Stadtkreis</common:Name>
                    <structure:Parent>
                        <Ref id="DE1E"/>
                    </structure:Parent>
                </structure:Code>
                <structure:Code id="DE126">
                    <common:Annotations>
                        <common:Annotation>
                            <common:AnnotationType>ORDER</common:AnnotationType>
                            <common:AnnotationText xml:lang="en">8750</common:AnnotationText>
                            <common:AnnotationText xml:lang="fr">8750</common:AnnotationText>
                        </common:Annotation>
                    </common:Annotations>
                    <common:Name xml:lang="en">Mannheim Stadtkreis</common:Name>
                    <common:Name xml:lang="fr">Mannheim Stadtkreis</common:Name>
                    <structure:Parent>
                        <Ref id="DE1E"/>
                    </structure:Parent>
                </structure:Code>
                <structure:Code id="DE127">
                    <common:Annotations>
                        <common:Annotation>
                            <common:AnnotationType>ORDER</common:AnnotationType>
                            <common:AnnotationText xml:lang="en">8760</common:AnnotationText>
                            <common:AnnotationText xml:lang="fr">8760</common:AnnotationText>
                        </common:Annotation>
                    </common:Annotations>
                    <common:Name xml:lang="en">Neckar-Odenwald-Kreis</common:Name>
                    <common:Name xml:lang="fr">Neckar-Odenwald-Kreis</common:Name>
                    <structure:Parent>
                        <Ref id="DE1E"/>
                    </structure:Parent>
                </structure:Code>
                <structure:Code id="DE128">
                    <common:Annotations>
                        <common:Annotation>
                            <common:AnnotationType>ORDER</common:AnnotationType>
                            <common:AnnotationText xml:lang="en">8770</common:AnnotationText>
                            <common:AnnotationText xml:lang="fr">8770</common:AnnotationText>
                        </common:Annotation>
                    </common:Annotations>
                    <common:Name xml:lang="en">Rhein-Neckar-Kreis</common:Name>
                    <common:Name xml:lang="fr">Rhein-Neckar-Kreis</common:Name>
                    <structure:Parent>
                        <Ref id="DE1E"/>
                    </structure:Parent>
                </structure:Code>
                <structure:Code id="DE1B">
                    <common:Annotations>
                        <common:Annotation>
                            <common:AnnotationType>ORDER</common:AnnotationType>
                            <common:AnnotationText xml:lang="en">8780</common:AnnotationText>
                            <common:AnnotationText xml:lang="fr">8780</common:AnnotationText>
                        </common:Annotation>
                    </common:Annotations>
                    <common:Name xml:lang="en">Franken</common:Name>
                    <common:Name xml:lang="fr">Franken</common:Name>
                    <structure:Parent>
                        <Ref id="DE1"/>
                    </structure:Parent>
                </structure:Code>
                <structure:Code id="DE117">
                    <common:Annotations>
                        <common:Annotation>
                            <common:AnnotationType>ORDER</common:AnnotationType>
                            <common:AnnotationText xml:lang="en">8790</common:AnnotationText>
                            <common:AnnotationText xml:lang="fr">8790</common:AnnotationText>
                        </common:Annotation>
                    </common:Annotations>
                    <common:Name xml:lang="en">Heilbronn Stadtkreis</common:Name>
                    <common:Name xml:lang="fr">Heilbronn Stadtkreis</common:Name>
                    <structure:Parent>
                        <Ref id="DE1B"/>
                    </structure:Parent>
                </structure:Code>
                <structure:Code id="DE118">
                    <common:Annotations>
                        <common:Annotation>
                            <common:AnnotationType>ORDER</common:AnnotationType>
                            <common:AnnotationText xml:lang="en">8800</common:AnnotationText>
                            <common:AnnotationText xml:lang="fr">8800</common:AnnotationText>
                        </common:Annotation>
                    </common:Annotations>
                    <common:Name xml:lang="en">Heilbronn Landkreis</common:Name>
                    <common:Name xml:lang="fr">Heilbronn Landkreis</common:Name>
                    <structure:Parent>
                        <Ref id="DE1B"/>
                    </structure:Parent>
                </structure:Code>
                <structure:Code id="DE119">
                    <common:Annotations>
                        <common:Annotation>
                            <common:AnnotationType>ORDER</common:AnnotationType>
                            <common:AnnotationText xml:lang="en">8810</common:AnnotationText>
                            <common:AnnotationText xml:lang="fr">8810</common:AnnotationText>
                        </common:Annotation>
                    </common:Annotations>
                    <common:Name xml:lang="en">Hohenlohekreis</common:Name>
                    <common:Name xml:lang="fr">Hohenlohekreis</common:Name>
                    <structure:Parent>
                        <Ref id="DE1B"/>
                    </structure:Parent>
                </structure:Code>
                <structure:Code id="DE11A">
                    <common:Annotations>
                        <common:Annotation>
                            <common:AnnotationType>ORDER</common:AnnotationType>
                            <common:AnnotationText xml:lang="en">8820</common:AnnotationText>
                            <common:AnnotationText xml:lang="fr">8820</common:AnnotationText>
                        </common:Annotation>
                    </common:Annotations>
                    <common:Name xml:lang="en">Schwäbisch Hall</common:Name>
                    <common:Name xml:lang="fr">Schwäbisch Hall</common:Name>
                    <structure:Parent>
                        <Ref id="DE1B"/>
                    </structure:Parent>
                </structure:Code>
                <structure:Code id="DE11B">
                    <common:Annotations>
                        <common:Annotation>
                            <common:AnnotationType>ORDER</common:AnnotationType>
                            <common:AnnotationText xml:lang="en">8830</common:AnnotationText>
                            <common:AnnotationText xml:lang="fr">8830</common:AnnotationText>
                        </common:Annotation>
                    </common:Annotations>
                    <common:Name xml:lang="en">Main-Tauber-Kreis</common:Name>
                    <common:Name xml:lang="fr">Main-Tauber-Kreis</common:Name>
                    <structure:Parent>
                        <Ref id="DE1B"/>
                    </structure:Parent>
                </structure:Code>
                <structure:Code id="DE1D">
                    <common:Annotations>
                        <common:Annotation>
                            <common:AnnotationType>ORDER</common:AnnotationType>
                            <common:AnnotationText xml:lang="en">8840</common:AnnotationText>
                            <common:AnnotationText xml:lang="fr">8840</common:AnnotationText>
                        </common:Annotation>
                    </common:Annotations>
                    <common:Name xml:lang="en">Mittlerer Oberrhein</common:Name>
                    <common:Name xml:lang="fr">Mittlerer Oberrhein</common:Name>
                    <structure:Parent>
                        <Ref id="DE1"/>
                    </structure:Parent>
                </structure:Code>
                <structure:Code id="DE121">
                    <common:Annotations>
                        <common:Annotation>
                            <common:AnnotationType>ORDER</common:AnnotationType>
                            <common:AnnotationText xml:lang="en">8850</common:AnnotationText>
                            <common:AnnotationText xml:lang="fr">8850</common:AnnotationText>
                        </common:Annotation>
                    </common:Annotations>
                    <common:Name xml:lang="en">Baden-Baden Stadtkreis</common:Name>
                    <common:Name xml:lang="fr">Baden-Baden Stadtkreis</common:Name>
                    <structure:Parent>
                        <Ref id="DE1D"/>
                    </structure:Parent>
                </structure:Code>
                <structure:Code id="DE122">
                    <common:Annotations>
                        <common:Annotation>
                            <common:AnnotationType>ORDER</common:AnnotationType>
                            <common:AnnotationText xml:lang="en">8860</common:AnnotationText>
                            <common:AnnotationText xml:lang="fr">8860</common:AnnotationText>
                        </common:Annotation>
                    </common:Annotations>
                    <common:Name xml:lang="en">Karlsruhe Stadtkreis</common:Name>
                    <common:Name xml:lang="fr">Karlsruhe Stadtkreis</common:Name>
                    <structure:Parent>
                        <Ref id="DE1D"/>
                    </structure:Parent>
                </structure:Code>
                <structure:Code id="DE123">
                    <common:Annotations>
                        <common:Annotation>
                            <common:AnnotationType>ORDER</common:AnnotationType>
                            <common:AnnotationText xml:lang="en">8870</common:AnnotationText>
                            <common:AnnotationText xml:lang="fr">8870</common:AnnotationText>
                        </common:Annotation>
                    </common:Annotations>
                    <common:Name xml:lang="en">Karlsruhe Landkreis</common:Name>
                    <common:Name xml:lang="fr">Karlsruhe Landkreis</common:Name>
                    <structure:Parent>
                        <Ref id="DE1D"/>
                    </structure:Parent>
                </structure:Code>
                <structure:Code id="DE124">
                    <common:Annotations>
                        <common:Annotation>
                            <common:AnnotationType>ORDER</common:AnnotationType>
                            <common:AnnotationText xml:lang="en">8880</common:AnnotationText>
                            <common:AnnotationText xml:lang="fr">8880</common:AnnotationText>
                        </common:Annotation>
                    </common:Annotations>
                    <common:Name xml:lang="en">Rastatt</common:Name>
                    <common:Name xml:lang="fr">Rastatt</common:Name>
                    <structure:Parent>
                        <Ref id="DE1D"/>
                    </structure:Parent>
                </structure:Code>
                <structure:Code id="DE1F">
                    <common:Annotations>
                        <common:Annotation>
                            <common:AnnotationType>ORDER</common:AnnotationType>
                            <common:AnnotationText xml:lang="en">8890</common:AnnotationText>
                            <common:AnnotationText xml:lang="fr">8890</common:AnnotationText>
                        </common:Annotation>
                    </common:Annotations>
                    <common:Name xml:lang="en">Nordschwarzwald</common:Name>
                    <common:Name xml:lang="fr">Nordschwarzwald</common:Name>
                    <structure:Parent>
                        <Ref id="DE1"/>
                    </structure:Parent>
                </structure:Code>
                <structure:Code id="DE129">
                    <common:Annotations>
                        <common:Annotation>
                            <common:AnnotationType>ORDER</common:AnnotationType>
                            <common:AnnotationText xml:lang="en">8900</common:AnnotationText>
                            <common:AnnotationText xml:lang="fr">8900</common:AnnotationText>
                        </common:Annotation>
                    </common:Annotations>
                    <common:Name xml:lang="en">Pforzheim Stadtkreis</common:Name>
                    <common:Name xml:lang="fr">Pforzheim Stadtkreis</common:Name>
                    <structure:Parent>
                        <Ref id="DE1F"/>
                    </structure:Parent>
                </structure:Code>
                <structure:Code id="DE12A">
                    <common:Annotations>
                        <common:Annotation>
                            <common:AnnotationType>ORDER</common:AnnotationType>
                            <common:AnnotationText xml:lang="en">8910</common:AnnotationText>
                            <common:AnnotationText xml:lang="fr">8910</common:AnnotationText>
                        </common:Annotation>
                    </common:Annotations>
                    <common:Name xml:lang="en">Calw</common:Name>
                    <common:Name xml:lang="fr">Calw</common:Name>
                    <structure:Parent>
                        <Ref id="DE1F"/>
                    </structure:Parent>
                </structure:Code>
                <structure:Code id="DE12B">
                    <common:Annotations>
                        <common:Annotation>
                            <common:AnnotationType>ORDER</common:AnnotationType>
                            <common:AnnotationText xml:lang="en">8920</common:AnnotationText>
                            <common:AnnotationText xml:lang="fr">8920</common:AnnotationText>
                        </common:Annotation>
                    </common:Annotations>
                    <common:Name xml:lang="en">Enzkreis</common:Name>
                    <common:Name xml:lang="fr">Enzkreis</common:Name>
                    <structure:Parent>
                        <Ref id="DE1F"/>
                    </structure:Parent>
                </structure:Code>
                <structure:Code id="DE12C">
                    <common:Annotations>
                        <common:Annotation>
                            <common:AnnotationType>ORDER</common:AnnotationType>
                            <common:AnnotationText xml:lang="en">8930</common:AnnotationText>
                            <common:AnnotationText xml:lang="fr">8930</common:AnnotationText>
                        </common:Annotation>
                    </common:Annotations>
                    <common:Name xml:lang="en">Freudenstadt</common:Name>
                    <common:Name xml:lang="fr">Freudenstadt</common:Name>
                    <structure:Parent>
                        <Ref id="DE1F"/>
                    </structure:Parent>
                </structure:Code>
                <structure:Code id="DE1A">
                    <common:Annotations>
                        <common:Annotation>
                            <common:AnnotationType>ORDER</common:AnnotationType>
                            <common:AnnotationText xml:lang="en">8940</common:AnnotationText>
                            <common:AnnotationText xml:lang="fr">8940</common:AnnotationText>
                        </common:Annotation>
                    </common:Annotations>
                    <common:Name xml:lang="en">Stuttgart</common:Name>
                    <common:Name xml:lang="fr">Stuttgart</common:Name>
                    <structure:Parent>
                        <Ref id="DE1"/>
                    </structure:Parent>
                </structure:Code>
                <structure:Code id="DE111">
                    <common:Annotations>
                        <common:Annotation>
                            <common:AnnotationType>ORDER</common:AnnotationType>
                            <common:AnnotationText xml:lang="en">8950</common:AnnotationText>
                            <common:AnnotationText xml:lang="fr">8950</common:AnnotationText>
                        </common:Annotation>
                    </common:Annotations>
                    <common:Name xml:lang="en">Stuttgart Stadtkreis</common:Name>
                    <common:Name xml:lang="fr">Stuttgart Stadtkreis</common:Name>
                    <structure:Parent>
                        <Ref id="DE1A"/>
                    </structure:Parent>
                </structure:Code>
                <structure:Code id="DE112">
                    <common:Annotations>
                        <common:Annotation>
                            <common:AnnotationType>ORDER</common:AnnotationType>
                            <common:AnnotationText xml:lang="en">8960</common:AnnotationText>
                            <common:AnnotationText xml:lang="fr">8960</common:AnnotationText>
                        </common:Annotation>
                    </common:Annotations>
                    <common:Name xml:lang="en">Böblingen</common:Name>
                    <common:Name xml:lang="fr">Böblingen</common:Name>
                    <structure:Parent>
                        <Ref id="DE1A"/>
                    </structure:Parent>
                </structure:Code>
                <structure:Code id="DE113">
                    <common:Annotations>
                        <common:Annotation>
                            <common:AnnotationType>ORDER</common:AnnotationType>
                            <common:AnnotationText xml:lang="en">8970</common:AnnotationText>
                            <common:AnnotationText xml:lang="fr">8970</common:AnnotationText>
                        </common:Annotation>
                    </common:Annotations>
                    <common:Name xml:lang="en">Esslingen</common:Name>
                    <common:Name xml:lang="fr">Esslingen</common:Name>
                    <structure:Parent>
                        <Ref id="DE1A"/>
                    </structure:Parent>
                </structure:Code>
                <structure:Code id="DE114">
                    <common:Annotations>
                        <common:Annotation>
                            <common:AnnotationType>ORDER</common:AnnotationType>
                            <common:AnnotationText xml:lang="en">8980</common:AnnotationText>
                            <common:AnnotationText xml:lang="fr">8980</common:AnnotationText>
                        </common:Annotation>
                    </common:Annotations>
                    <common:Name xml:lang="en">Göppingen</common:Name>
                    <common:Name xml:lang="fr">Göppingen</common:Name>
                    <structure:Parent>
                        <Ref id="DE1A"/>
                    </structure:Parent>
                </structure:Code>
                <structure:Code id="DE115">
                    <common:Annotations>
                        <common:Annotation>
                            <common:AnnotationType>ORDER</common:AnnotationType>
                            <common:AnnotationText xml:lang="en">8990</common:AnnotationText>
                            <common:AnnotationText xml:lang="fr">8990</common:AnnotationText>
                        </common:Annotation>
                    </common:Annotations>
                    <common:Name xml:lang="en">Ludwigsburg</common:Name>
                    <common:Name xml:lang="fr">Ludwigsburg</common:Name>
                    <structure:Parent>
                        <Ref id="DE1A"/>
                    </structure:Parent>
                </structure:Code>
                <structure:Code id="DE116">
                    <common:Annotations>
                        <common:Annotation>
                            <common:AnnotationType>ORDER</common:AnnotationType>
                            <common:AnnotationText xml:lang="en">9000</common:AnnotationText>
                            <common:AnnotationText xml:lang="fr">9000</common:AnnotationText>
                        </common:Annotation>
                    </common:Annotations>
                    <common:Name xml:lang="en">Rems-Murr-Kreis</common:Name>
                    <common:Name xml:lang="fr">Rems-Murr-Kreis</common:Name>
                    <structure:Parent>
                        <Ref id="DE1A"/>
                    </structure:Parent>
                </structure:Code>
                <structure:Code id="DE1C">
                    <common:Annotations>
                        <common:Annotation>
                            <common:AnnotationType>ORDER</common:AnnotationType>
                            <common:AnnotationText xml:lang="en">9010</common:AnnotationText>
                            <common:AnnotationText xml:lang="fr">9010</common:AnnotationText>
                        </common:Annotation>
                    </common:Annotations>
                    <common:Name xml:lang="en">Ostwürttemberg</common:Name>
                    <common:Name xml:lang="fr">Ostwürttemberg</common:Name>
                    <structure:Parent>
                        <Ref id="DE1"/>
                    </structure:Parent>
                </structure:Code>
                <structure:Code id="DE11C">
                    <common:Annotations>
                        <common:Annotation>
                            <common:AnnotationType>ORDER</common:AnnotationType>
                            <common:AnnotationText xml:lang="en">9020</common:AnnotationText>
                            <common:AnnotationText xml:lang="fr">9020</common:AnnotationText>
                        </common:Annotation>
                    </common:Annotations>
                    <common:Name xml:lang="en">Heidenheim</common:Name>
                    <common:Name xml:lang="fr">Heidenheim</common:Name>
                    <structure:Parent>
                        <Ref id="DE1C"/>
                    </structure:Parent>
                </structure:Code>
                <structure:Code id="DE11D">
                    <common:Annotations>
                        <common:Annotation>
                            <common:AnnotationType>ORDER</common:AnnotationType>
                            <common:AnnotationText xml:lang="en">9030</common:AnnotationText>
                            <common:AnnotationText xml:lang="fr">9030</common:AnnotationText>
                        </common:Annotation>
                    </common:Annotations>
                    <common:Name xml:lang="en">Ostalbkreis</common:Name>
                    <common:Name xml:lang="fr">Ostalbkreis</common:Name>
                    <structure:Parent>
                        <Ref id="DE1C"/>
                    </structure:Parent>
                </structure:Code>
                <structure:Code id="DE1K">
                    <common:Annotations>
                        <common:Annotation>
                            <common:AnnotationType>ORDER</common:AnnotationType>
                            <common:AnnotationText xml:lang="en">9040</common:AnnotationText>
                            <common:AnnotationText xml:lang="fr">9040</common:AnnotationText>
                        </common:Annotation>
                    </common:Annotations>
                    <common:Name xml:lang="en">Donau-Iller (Bw)</common:Name>
                    <common:Name xml:lang="fr">Donau-Iller (Bw)</common:Name>
                    <structure:Parent>
                        <Ref id="DE1"/>
                    </structure:Parent>
                </structure:Code>
                <structure:Code id="DE144">
                    <common:Annotations>
                        <common:Annotation>
                            <common:AnnotationType>ORDER</common:AnnotationType>
                            <common:AnnotationText xml:lang="en">9050</common:AnnotationText>
                            <common:AnnotationText xml:lang="fr">9050</common:AnnotationText>
                        </common:Annotation>
                    </common:Annotations>
                    <common:Name xml:lang="en">Ulm Stadtkreis</common:Name>
                    <common:Name xml:lang="fr">Ulm Stadtkreis</common:Name>
                    <structure:Parent>
                        <Ref id="DE1K"/>
                    </structure:Parent>
                </structure:Code>
                <structure:Code id="DE145">
                    <common:Annotations>
                        <common:Annotation>
                            <common:AnnotationType>ORDER</common:AnnotationType>
                            <common:AnnotationText xml:lang="en">9060</common:AnnotationText>
                            <common:AnnotationText xml:lang="fr">9060</common:AnnotationText>
                        </common:Annotation>
                    </common:Annotations>
                    <common:Name xml:lang="en">Alb-Donau-Kreis</common:Name>
                    <common:Name xml:lang="fr">Alb-Donau-Kreis</common:Name>
                    <structure:Parent>
                        <Ref id="DE1K"/>
                    </structure:Parent>
                </structure:Code>
                <structure:Code id="DE146">
                    <common:Annotations>
                        <common:Annotation>
                            <common:AnnotationType>ORDER</common:AnnotationType>
                            <common:AnnotationText xml:lang="en">9070</common:AnnotationText>
                            <common:AnnotationText xml:lang="fr">9070</common:AnnotationText>
                        </common:Annotation>
                    </common:Annotations>
                    <common:Name xml:lang="en">Biberach</common:Name>
                    <common:Name xml:lang="fr">Biberach</common:Name>
                    <structure:Parent>
                        <Ref id="DE1K"/>
                    </structure:Parent>
                </structure:Code>
                <structure:Code id="DE1J">
                    <common:Annotations>
                        <common:Annotation>
                            <common:AnnotationType>ORDER</common:AnnotationType>
                            <common:AnnotationText xml:lang="en">9080</common:AnnotationText>
                            <common:AnnotationText xml:lang="fr">9080</common:AnnotationText>
                        </common:Annotation>
                    </common:Annotations>
                    <common:Name xml:lang="en">Neckar-Alb</common:Name>
                    <common:Name xml:lang="fr">Neckar-Alb</common:Name>
                    <structure:Parent>
                        <Ref id="DE1"/>
                    </structure:Parent>
                </structure:Code>
                <structure:Code id="DE141">
                    <common:Annotations>
                        <common:Annotation>
                            <common:AnnotationType>ORDER</common:AnnotationType>
                            <common:AnnotationText xml:lang="en">9090</common:AnnotationText>
                            <common:AnnotationText xml:lang="fr">9090</common:AnnotationText>
                        </common:Annotation>
                    </common:Annotations>
                    <common:Name xml:lang="en">Reutlingen</common:Name>
                    <common:Name xml:lang="fr">Reutlingen</common:Name>
                    <structure:Parent>
                        <Ref id="DE1J"/>
                    </structure:Parent>
                </structure:Code>
                <structure:Code id="DE142">
                    <common:Annotations>
                        <common:Annotation>
                            <common:AnnotationType>ORDER</common:AnnotationType>
                            <common:AnnotationText xml:lang="en">9100</common:AnnotationText>
                            <common:AnnotationText xml:lang="fr">9100</common:AnnotationText>
                        </common:Annotation>
                    </common:Annotations>
                    <common:Name xml:lang="en">Tübingen Landkreis</common:Name>
                    <common:Name xml:lang="fr">Tübingen Landkreis</common:Name>
                    <structure:Parent>
                        <Ref id="DE1J"/>
                    </structure:Parent>
                </structure:Code>
                <structure:Code id="DE143">
                    <common:Annotations>
                        <common:Annotation>
                            <common:AnnotationType>ORDER</common:AnnotationType>
                            <common:AnnotationText xml:lang="en">9110</common:AnnotationText>
                            <common:AnnotationText xml:lang="fr">9110</common:AnnotationText>
                        </common:Annotation>
                    </common:Annotations>
                    <common:Name xml:lang="en">Zollernalbkreis</common:Name>
                    <common:Name xml:lang="fr">Zollernalbkreis</common:Name>
                    <structure:Parent>
                        <Ref id="DE1J"/>
                    </structure:Parent>
                </structure:Code>
                <structure:Code id="DE1H">
                    <common:Annotations>
                        <common:Annotation>
                            <common:AnnotationType>ORDER</common:AnnotationType>
                            <common:AnnotationText xml:lang="en">9120</common:AnnotationText>
                            <common:AnnotationText xml:lang="fr">9120</common:AnnotationText>
                        </common:Annotation>
                    </common:Annotations>
                    <common:Name xml:lang="en">Schwarzwald-Baar-Heuberg</common:Name>
                    <common:Name xml:lang="fr">Schwarzwald-Baar-Heuberg</common:Name>
                    <structure:Parent>
                        <Ref id="DE1"/>
                    </structure:Parent>
                </structure:Code>
                <structure:Code id="DE135">
                    <common:Annotations>
                        <common:Annotation>
                            <common:AnnotationType>ORDER</common:AnnotationType>
                            <common:AnnotationText xml:lang="en">9130</common:AnnotationText>
                            <common:AnnotationText xml:lang="fr">9130</common:AnnotationText>
                        </common:Annotation>
                    </common:Annotations>
                    <common:Name xml:lang="en">Rottweil</common:Name>
                    <common:Name xml:lang="fr">Rottweil</common:Name>
                    <structure:Parent>
                        <Ref id="DE1H"/>
                    </structure:Parent>
                </structure:Code>
                <structure:Code id="DE136">
                    <common:Annotations>
                        <common:Annotation>
                            <common:AnnotationType>ORDER</common:AnnotationType>
                            <common:AnnotationText xml:lang="en">9140</common:AnnotationText>
                            <common:AnnotationText xml:lang="fr">9140</common:AnnotationText>
                        </common:Annotation>
                    </common:Annotations>
                    <common:Name xml:lang="en">Schwarzwald-Baar-Kreis</common:Name>
                    <common:Name xml:lang="fr">Schwarzwald-Baar-Kreis</common:Name>
                    <structure:Parent>
                        <Ref id="DE1H"/>
                    </structure:Parent>
                </structure:Code>
                <structure:Code id="DE137">
                    <common:Annotations>
                        <common:Annotation>
                            <common:AnnotationType>ORDER</common:AnnotationType>
                            <common:AnnotationText xml:lang="en">9150</common:AnnotationText>
                            <common:AnnotationText xml:lang="fr">9150</common:AnnotationText>
                        </common:Annotation>
                    </common:Annotations>
                    <common:Name xml:lang="en">Tuttlingen</common:Name>
                    <common:Name xml:lang="fr">Tuttlingen</common:Name>
                    <structure:Parent>
                        <Ref id="DE1H"/>
                    </structure:Parent>
                </structure:Code>
                <structure:Code id="DE1G">
                    <common:Annotations>
                        <common:Annotation>
                            <common:AnnotationType>ORDER</common:AnnotationType>
                            <common:AnnotationText xml:lang="en">9160</common:AnnotationText>
                            <common:AnnotationText xml:lang="fr">9160</common:AnnotationText>
                        </common:Annotation>
                    </common:Annotations>
                    <common:Name xml:lang="en">Südlicher Oberrhein</common:Name>
                    <common:Name xml:lang="fr">Südlicher Oberrhein</common:Name>
                    <structure:Parent>
                        <Ref id="DE1"/>
                    </structure:Parent>
                </structure:Code>
                <structure:Code id="DE131">
                    <common:Annotations>
                        <common:Annotation>
                            <common:AnnotationType>ORDER</common:AnnotationType>
                            <common:AnnotationText xml:lang="en">9170</common:AnnotationText>
                            <common:AnnotationText xml:lang="fr">9170</common:AnnotationText>
                        </common:Annotation>
                    </common:Annotations>
                    <common:Name xml:lang="en">Freiburg im Breisgau Stadtkreis</common:Name>
                    <common:Name xml:lang="fr">Freiburg im Breisgau Stadtkreis</common:Name>
                    <structure:Parent>
                        <Ref id="DE1G"/>
                    </structure:Parent>
                </structure:Code>
                <structure:Code id="DE132">
                    <common:Annotations>
                        <common:Annotation>
                            <common:AnnotationType>ORDER</common:AnnotationType>
                            <common:AnnotationText xml:lang="en">9180</common:AnnotationText>
                            <common:AnnotationText xml:lang="fr">9180</common:AnnotationText>
                        </common:Annotation>
                    </common:Annotations>
                    <common:Name xml:lang="en">Breisgau-Hochschwarzwald</common:Name>
                    <common:Name xml:lang="fr">Breisgau-Hochschwarzwald</common:Name>
                    <structure:Parent>
                        <Ref id="DE1G"/>
                    </structure:Parent>
                </structure:Code>
                <structure:Code id="DE133">
                    <common:Annotations>
                        <common:Annotation>
                            <common:AnnotationType>ORDER</common:AnnotationType>
                            <common:AnnotationText xml:lang="en">9190</common:AnnotationText>
                            <common:AnnotationText xml:lang="fr">9190</common:AnnotationText>
                        </common:Annotation>
                    </common:Annotations>
                    <common:Name xml:lang="en">Emmendingen</common:Name>
                    <common:Name xml:lang="fr">Emmendingen</common:Name>
                    <structure:Parent>
                        <Ref id="DE1G"/>
                    </structure:Parent>
                </structure:Code>
                <structure:Code id="DE134">
                    <common:Annotations>
                        <common:Annotation>
                            <common:AnnotationType>ORDER</common:AnnotationType>
                            <common:AnnotationText xml:lang="en">9200</common:AnnotationText>
                            <common:AnnotationText xml:lang="fr">9200</common:AnnotationText>
                        </common:Annotation>
                    </common:Annotations>
                    <common:Name xml:lang="en">Ortenaukreis</common:Name>
                    <common:Name xml:lang="fr">Ortenaukreis</common:Name>
                    <structure:Parent>
                        <Ref id="DE1G"/>
                    </structure:Parent>
                </structure:Code>
                <structure:Code id="DE1I">
                    <common:Annotations>
                        <common:Annotation>
                            <common:AnnotationType>ORDER</common:AnnotationType>
                            <common:AnnotationText xml:lang="en">9210</common:AnnotationText>
                            <common:AnnotationText xml:lang="fr">9210</common:AnnotationText>
                        </common:Annotation>
                    </common:Annotations>
                    <common:Name xml:lang="en">Hochrhein-Bodensee</common:Name>
                    <common:Name xml:lang="fr">Hochrhein-Bodensee</common:Name>
                    <structure:Parent>
                        <Ref id="DE1"/>
                    </structure:Parent>
                </structure:Code>
                <structure:Code id="DE138">
                    <common:Annotations>
                        <common:Annotation>
                            <common:AnnotationType>ORDER</common:AnnotationType>
                            <common:AnnotationText xml:lang="en">9220</common:AnnotationText>
                            <common:AnnotationText xml:lang="fr">9220</common:AnnotationText>
                        </common:Annotation>
                    </common:Annotations>
                    <common:Name xml:lang="en">Konstanz</common:Name>
                    <common:Name xml:lang="fr">Konstanz</common:Name>
                    <structure:Parent>
                        <Ref id="DE1I"/>
                    </structure:Parent>
                </structure:Code>
                <structure:Code id="DE139">
                    <common:Annotations>
                        <common:Annotation>
                            <common:AnnotationType>ORDER</common:AnnotationType>
                            <common:AnnotationText xml:lang="en">9230</common:AnnotationText>
                            <common:AnnotationText xml:lang="fr">9230</common:AnnotationText>
                        </common:Annotation>
                    </common:Annotations>
                    <common:Name xml:lang="en">Lörrach</common:Name>
                    <common:Name xml:lang="fr">Lörrach</common:Name>
                    <structure:Parent>
                        <Ref id="DE1I"/>
                    </structure:Parent>
                </structure:Code>
                <structure:Code id="DE13A">
                    <common:Annotations>
                        <common:Annotation>
                            <common:AnnotationType>ORDER</common:AnnotationType>
                            <common:AnnotationText xml:lang="en">9240</common:AnnotationText>
                            <common:AnnotationText xml:lang="fr">9240</common:AnnotationText>
                        </common:Annotation>
                    </common:Annotations>
                    <common:Name xml:lang="en">Waldshut</common:Name>
                    <common:Name xml:lang="fr">Waldshut</common:Name>
                    <structure:Parent>
                        <Ref id="DE1I"/>
                    </structure:Parent>
                </structure:Code>
                <structure:Code id="DE1L">
                    <common:Annotations>
                        <common:Annotation>
                            <common:AnnotationType>ORDER</common:AnnotationType>
                            <common:AnnotationText xml:lang="en">9250</common:AnnotationText>
                            <common:AnnotationText xml:lang="fr">9250</common:AnnotationText>
                        </common:Annotation>
                    </common:Annotations>
                    <common:Name xml:lang="en">Bodensee-Oberschwaben</common:Name>
                    <common:Name xml:lang="fr">Bodensee-Oberschwaben</common:Name>
                    <structure:Parent>
                        <Ref id="DE1"/>
                    </structure:Parent>
                </structure:Code>
                <structure:Code id="DE147">
                    <common:Annotations>
                        <common:Annotation>
                            <common:AnnotationType>ORDER</common:AnnotationType>
                            <common:AnnotationText xml:lang="en">9260</common:AnnotationText>
                            <common:AnnotationText xml:lang="fr">9260</common:AnnotationText>
                        </common:Annotation>
                    </common:Annotations>
                    <common:Name xml:lang="en">Bodenseekreis</common:Name>
                    <common:Name xml:lang="fr">Bodenseekreis</common:Name>
                    <structure:Parent>
                        <Ref id="DE1L"/>
                    </structure:Parent>
                </structure:Code>
                <structure:Code id="DE148">
                    <common:Annotations>
                        <common:Annotation>
                            <common:AnnotationType>ORDER</common:AnnotationType>
                            <common:AnnotationText xml:lang="en">9270</common:AnnotationText>
                            <common:AnnotationText xml:lang="fr">9270</common:AnnotationText>
                        </common:Annotation>
                    </common:Annotations>
                    <common:Name xml:lang="en">Ravensburg</common:Name>
                    <common:Name xml:lang="fr">Ravensburg</common:Name>
                    <structure:Parent>
                        <Ref id="DE1L"/>
                    </structure:Parent>
                </structure:Code>
                <structure:Code id="DE149">
                    <common:Annotations>
                        <common:Annotation>
                            <common:AnnotationType>ORDER</common:AnnotationType>
                            <common:AnnotationText xml:lang="en">9280</common:AnnotationText>
                            <common:AnnotationText xml:lang="fr">9280</common:AnnotationText>
                        </common:Annotation>
                    </common:Annotations>
                    <common:Name xml:lang="en">Sigmaringen</common:Name>
                    <common:Name xml:lang="fr">Sigmaringen</common:Name>
                    <structure:Parent>
                        <Ref id="DE1L"/>
                    </structure:Parent>
                </structure:Code>
                <structure:Code id="DE2">
                    <common:Annotations>
                        <common:Annotation>
                            <common:AnnotationType>ORDER</common:AnnotationType>
                            <common:AnnotationText xml:lang="en">9290</common:AnnotationText>
                            <common:AnnotationText xml:lang="fr">9290</common:AnnotationText>
                        </common:Annotation>
                    </common:Annotations>
                    <common:Name xml:lang="en">Bavaria</common:Name>
                    <common:Name xml:lang="fr">Bavaria</common:Name>
                    <structure:Parent>
                        <Ref id="DEU"/>
                    </structure:Parent>
                </structure:Code>
                <structure:Code id="DE2M">
                    <common:Annotations>
                        <common:Annotation>
                            <common:AnnotationType>ORDER</common:AnnotationType>
                            <common:AnnotationText xml:lang="en">9300</common:AnnotationText>
                            <common:AnnotationText xml:lang="fr">9300</common:AnnotationText>
                        </common:Annotation>
                    </common:Annotations>
                    <common:Name xml:lang="en">Bayerischer Untermain</common:Name>
                    <common:Name xml:lang="fr">Bayerischer Untermain</common:Name>
                    <structure:Parent>
                        <Ref id="DE2"/>
                    </structure:Parent>
                </structure:Code>
                <structure:Code id="DE261">
                    <common:Annotations>
                        <common:Annotation>
                            <common:AnnotationType>ORDER</common:AnnotationType>
                            <common:AnnotationText xml:lang="en">9310</common:AnnotationText>
                            <common:AnnotationText xml:lang="fr">9310</common:AnnotationText>
                        </common:Annotation>
                    </common:Annotations>
                    <common:Name xml:lang="en">Aschaffenburg Kreisfreie Stadt</common:Name>
                    <common:Name xml:lang="fr">Aschaffenburg Kreisfreie Stadt</common:Name>
                    <structure:Parent>
                        <Ref id="DE2M"/>
                    </structure:Parent>
                </structure:Code>
                <structure:Code id="DE264">
                    <common:Annotations>
                        <common:Annotation>
                            <common:AnnotationType>ORDER</common:AnnotationType>
                            <common:AnnotationText xml:lang="en">9320</common:AnnotationText>
                            <common:AnnotationText xml:lang="fr">9320</common:AnnotationText>
                        </common:Annotation>
                    </common:Annotations>
                    <common:Name xml:lang="en">Aschaffenburg Landkreis</common:Name>
                    <common:Name xml:lang="fr">Aschaffenburg Landkreis</common:Name>
                    <structure:Parent>
                        <Ref id="DE2M"/>
                    </structure:Parent>
                </structure:Code>
                <structure:Code id="DE269">
                    <common:Annotations>
                        <common:Annotation>
                            <common:AnnotationType>ORDER</common:AnnotationType>
                            <common:AnnotationText xml:lang="en">9330</common:AnnotationText>
                            <common:AnnotationText xml:lang="fr">9330</common:AnnotationText>
                        </common:Annotation>
                    </common:Annotations>
                    <common:Name xml:lang="en">Miltenberg</common:Name>
                    <common:Name xml:lang="fr">Miltenberg</common:Name>
                    <structure:Parent>
                        <Ref id="DE2M"/>
                    </structure:Parent>
                </structure:Code>
                <structure:Code id="DE2O">
                    <common:Annotations>
                        <common:Annotation>
                            <common:AnnotationType>ORDER</common:AnnotationType>
                            <common:AnnotationText xml:lang="en">9340</common:AnnotationText>
                            <common:AnnotationText xml:lang="fr">9340</common:AnnotationText>
                        </common:Annotation>
                    </common:Annotations>
                    <common:Name xml:lang="en">Würzburg</common:Name>
                    <common:Name xml:lang="fr">Würzburg</common:Name>
                    <structure:Parent>
                        <Ref id="DE2"/>
                    </structure:Parent>
                </structure:Code>
                <structure:Code id="DE263">
                    <common:Annotations>
                        <common:Annotation>
                            <common:AnnotationType>ORDER</common:AnnotationType>
                            <common:AnnotationText xml:lang="en">9350</common:AnnotationText>
                            <common:AnnotationText xml:lang="fr">9350</common:AnnotationText>
                        </common:Annotation>
                    </common:Annotations>
                    <common:Name xml:lang="en">Würzburg Kreisfreie Stadt</common:Name>
                    <common:Name xml:lang="fr">Würzburg Kreisfreie Stadt</common:Name>
                    <structure:Parent>
                        <Ref id="DE2O"/>
                    </structure:Parent>
                </structure:Code>
                <structure:Code id="DE268">
                    <common:Annotations>
                        <common:Annotation>
                            <common:AnnotationType>ORDER</common:AnnotationType>
                            <common:AnnotationText xml:lang="en">9360</common:AnnotationText>
                            <common:AnnotationText xml:lang="fr">9360</common:AnnotationText>
                        </common:Annotation>
                    </common:Annotations>
                    <common:Name xml:lang="en">Kitzingen</common:Name>
                    <common:Name xml:lang="fr">Kitzingen</common:Name>
                    <structure:Parent>
                        <Ref id="DE2O"/>
                    </structure:Parent>
                </structure:Code>
                <structure:Code id="DE26A">
                    <common:Annotations>
                        <common:Annotation>
                            <common:AnnotationType>ORDER</common:AnnotationType>
                            <common:AnnotationText xml:lang="en">9370</common:AnnotationText>
                            <common:AnnotationText xml:lang="fr">9370</common:AnnotationText>
                        </common:Annotation>
                    </common:Annotations>
                    <common:Name xml:lang="en">Main-Spessart</common:Name>
                    <common:Name xml:lang="fr">Main-Spessart</common:Name>
                    <structure:Parent>
                        <Ref id="DE2O"/>
                    </structure:Parent>
                </structure:Code>
                <structure:Code id="DE26C">
                    <common:Annotations>
                        <common:Annotation>
                            <common:AnnotationType>ORDER</common:AnnotationType>
                            <common:AnnotationText xml:lang="en">9380</common:AnnotationText>
                            <common:AnnotationText xml:lang="fr">9380</common:AnnotationText>
                        </common:Annotation>
                    </common:Annotations>
                    <common:Name xml:lang="en">Würzburg Landkreis</common:Name>
                    <common:Name xml:lang="fr">Würzburg Landkreis</common:Name>
                    <structure:Parent>
                        <Ref id="DE2O"/>
                    </structure:Parent>
                </structure:Code>
                <structure:Code id="DE2N">
                    <common:Annotations>
                        <common:Annotation>
                            <common:AnnotationType>ORDER</common:AnnotationType>
                            <common:AnnotationText xml:lang="en">9390</common:AnnotationText>
                            <common:AnnotationText xml:lang="fr">9390</common:AnnotationText>
                        </common:Annotation>
                    </common:Annotations>
                    <common:Name xml:lang="en">Main-Rhön</common:Name>
                    <common:Name xml:lang="fr">Main-Rhön</common:Name>
                    <structure:Parent>
                        <Ref id="DE2"/>
                    </structure:Parent>
                </structure:Code>
                <structure:Code id="DE262">
                    <common:Annotations>
                        <common:Annotation>
                            <common:AnnotationType>ORDER</common:AnnotationType>
                            <common:AnnotationText xml:lang="en">9400</common:AnnotationText>
                            <common:AnnotationText xml:lang="fr">9400</common:AnnotationText>
                        </common:Annotation>
                    </common:Annotations>
                    <common:Name xml:lang="en">Schweinfurt Kreisfreie Stadt</common:Name>
                    <common:Name xml:lang="fr">Schweinfurt Kreisfreie Stadt</common:Name>
                    <structure:Parent>
                        <Ref id="DE2N"/>
                    </structure:Parent>
                </structure:Code>
                <structure:Code id="DE265">
                    <common:Annotations>
                        <common:Annotation>
                            <common:AnnotationType>ORDER</common:AnnotationType>
                            <common:AnnotationText xml:lang="en">9410</common:AnnotationText>
                            <common:AnnotationText xml:lang="fr">9410</common:AnnotationText>
                        </common:Annotation>
                    </common:Annotations>
                    <common:Name xml:lang="en">Bad Kissingen</common:Name>
                    <common:Name xml:lang="fr">Bad Kissingen</common:Name>
                    <structure:Parent>
                        <Ref id="DE2N"/>
                    </structure:Parent>
                </structure:Code>
                <structure:Code id="DE266">
                    <common:Annotations>
                        <common:Annotation>
                            <common:AnnotationType>ORDER</common:AnnotationType>
                            <common:AnnotationText xml:lang="en">9420</common:AnnotationText>
                            <common:AnnotationText xml:lang="fr">9420</common:AnnotationText>
                        </common:Annotation>
                    </common:Annotations>
                    <common:Name xml:lang="en">Rhön-Grabfeld</common:Name>
                    <common:Name xml:lang="fr">Rhön-Grabfeld</common:Name>
                    <structure:Parent>
                        <Ref id="DE2N"/>
                    </structure:Parent>
                </structure:Code>
                <structure:Code id="DE267">
                    <common:Annotations>
                        <common:Annotation>
                            <common:AnnotationType>ORDER</common:AnnotationType>
                            <common:AnnotationText xml:lang="en">9430</common:AnnotationText>
                            <common:AnnotationText xml:lang="fr">9430</common:AnnotationText>
                        </common:Annotation>
                    </common:Annotations>
                    <common:Name xml:lang="en">Haßberge</common:Name>
                    <common:Name xml:lang="fr">Haßberge</common:Name>
                    <structure:Parent>
                        <Ref id="DE2N"/>
                    </structure:Parent>
                </structure:Code>
                <structure:Code id="DE26B">
                    <common:Annotations>
                        <common:Annotation>
                            <common:AnnotationType>ORDER</common:AnnotationType>
                            <common:AnnotationText xml:lang="en">9440</common:AnnotationText>
                            <common:AnnotationText xml:lang="fr">9440</common:AnnotationText>
                        </common:Annotation>
                    </common:Annotations>
                    <common:Name xml:lang="en">Schweinfurt Landkreis</common:Name>
                    <common:Name xml:lang="fr">Schweinfurt Landkreis</common:Name>
                    <structure:Parent>
                        <Ref id="DE2N"/>
                    </structure:Parent>
                </structure:Code>
                <structure:Code id="DE2I">
                    <common:Annotations>
                        <common:Annotation>
                            <common:AnnotationType>ORDER</common:AnnotationType>
                            <common:AnnotationText xml:lang="en">9450</common:AnnotationText>
                            <common:AnnotationText xml:lang="fr">9450</common:AnnotationText>
                        </common:Annotation>
                    </common:Annotations>
                    <common:Name xml:lang="en">Oberfranken-West</common:Name>
                    <common:Name xml:lang="fr">Oberfranken-West</common:Name>
                    <structure:Parent>
                        <Ref id="DE2"/>
                    </structure:Parent>
                </structure:Code>
                <structure:Code id="DE241">
                    <common:Annotations>
                        <common:Annotation>
                            <common:AnnotationType>ORDER</common:AnnotationType>
                            <common:AnnotationText xml:lang="en">9460</common:AnnotationText>
                            <common:AnnotationText xml:lang="fr">9460</common:AnnotationText>
                        </common:Annotation>
                    </common:Annotations>
                    <common:Name xml:lang="en">Bamberg Kreisfreie Stadt</common:Name>
                    <common:Name xml:lang="fr">Bamberg Kreisfreie Stadt</common:Name>
                    <structure:Parent>
                        <Ref id="DE2I"/>
                    </structure:Parent>
                </structure:Code>
                <structure:Code id="DE243">
                    <common:Annotations>
                        <common:Annotation>
                            <common:AnnotationType>ORDER</common:AnnotationType>
                            <common:AnnotationText xml:lang="en">9470</common:AnnotationText>
                            <common:AnnotationText xml:lang="fr">9470</common:AnnotationText>
                        </common:Annotation>
                    </common:Annotations>
                    <common:Name xml:lang="en">Coburg Kreisfreie Stadt</common:Name>
                    <common:Name xml:lang="fr">Coburg Kreisfreie Stadt</common:Name>
                    <structure:Parent>
                        <Ref id="DE2I"/>
                    </structure:Parent>
                </structure:Code>
                <structure:Code id="DE245">
                    <common:Annotations>
                        <common:Annotation>
                            <common:AnnotationType>ORDER</common:AnnotationType>
                            <common:AnnotationText xml:lang="en">9480</common:AnnotationText>
                            <common:AnnotationText xml:lang="fr">9480</common:AnnotationText>
                        </common:Annotation>
                    </common:Annotations>
                    <common:Name xml:lang="en">Bamberg Landkreis</common:Name>
                    <common:Name xml:lang="fr">Bamberg Landkreis</common:Name>
                    <structure:Parent>
                        <Ref id="DE2I"/>
                    </structure:Parent>
                </structure:Code>
                <structure:Code id="DE247">
                    <common:Annotations>
                        <common:Annotation>
                            <common:AnnotationType>ORDER</common:AnnotationType>
                            <common:AnnotationText xml:lang="en">9490</common:AnnotationText>
                            <common:AnnotationText xml:lang="fr">9490</common:AnnotationText>
                        </common:Annotation>
                    </common:Annotations>
                    <common:Name xml:lang="en">Coburg Landkreis</common:Name>
                    <common:Name xml:lang="fr">Coburg Landkreis</common:Name>
                    <structure:Parent>
                        <Ref id="DE2I"/>
                    </structure:Parent>
                </structure:Code>
                <structure:Code id="DE248">
                    <common:Annotations>
                        <common:Annotation>
                            <common:AnnotationType>ORDER</common:AnnotationType>
                            <common:AnnotationText xml:lang="en">9500</common:AnnotationText>
                            <common:AnnotationText xml:lang="fr">9500</common:AnnotationText>
                        </common:Annotation>
                    </common:Annotations>
                    <common:Name xml:lang="en">Forchheim</common:Name>
                    <common:Name xml:lang="fr">Forchheim</common:Name>
                    <structure:Parent>
                        <Ref id="DE2I"/>
                    </structure:Parent>
                </structure:Code>
                <structure:Code id="DE24A">
                    <common:Annotations>
                        <common:Annotation>
                            <common:AnnotationType>ORDER</common:AnnotationType>
                            <common:AnnotationText xml:lang="en">9510</common:AnnotationText>
                            <common:AnnotationText xml:lang="fr">9510</common:AnnotationText>
                        </common:Annotation>
                    </common:Annotations>
                    <common:Name xml:lang="en">Kronach</common:Name>
                    <common:Name xml:lang="fr">Kronach</common:Name>
                    <structure:Parent>
                        <Ref id="DE2I"/>
                    </structure:Parent>
                </structure:Code>
                <structure:Code id="DE24C">
                    <common:Annotations>
                        <common:Annotation>
                            <common:AnnotationType>ORDER</common:AnnotationType>
                            <common:AnnotationText xml:lang="en">9520</common:AnnotationText>
                            <common:AnnotationText xml:lang="fr">9520</common:AnnotationText>
                        </common:Annotation>
                    </common:Annotations>
                    <common:Name xml:lang="en">Lichtenfels</common:Name>
                    <common:Name xml:lang="fr">Lichtenfels</common:Name>
                    <structure:Parent>
                        <Ref id="DE2I"/>
                    </structure:Parent>
                </structure:Code>
                <structure:Code id="DE2J">
                    <common:Annotations>
                        <common:Annotation>
                            <common:AnnotationType>ORDER</common:AnnotationType>
                            <common:AnnotationText xml:lang="en">9530</common:AnnotationText>
                            <common:AnnotationText xml:lang="fr">9530</common:AnnotationText>
                        </common:Annotation>
                    </common:Annotations>
                    <common:Name xml:lang="en">Oberfranken-Ost</common:Name>
                    <common:Name xml:lang="fr">Oberfranken-Ost</common:Name>
                    <structure:Parent>
                        <Ref id="DE2"/>
                    </structure:Parent>
                </structure:Code>
                <structure:Code id="DE242">
                    <common:Annotations>
                        <common:Annotation>
                            <common:AnnotationType>ORDER</common:AnnotationType>
                            <common:AnnotationText xml:lang="en">9540</common:AnnotationText>
                            <common:AnnotationText xml:lang="fr">9540</common:AnnotationText>
                        </common:Annotation>
                    </common:Annotations>
                    <common:Name xml:lang="en">Bayreuth Kreisfreie Stadt</common:Name>
                    <common:Name xml:lang="fr">Bayreuth Kreisfreie Stadt</common:Name>
                    <structure:Parent>
                        <Ref id="DE2J"/>
                    </structure:Parent>
                </structure:Code>
                <structure:Code id="DE244">
                    <common:Annotations>
                        <common:Annotation>
                            <common:AnnotationType>ORDER</common:AnnotationType>
                            <common:AnnotationText xml:lang="en">9550</common:AnnotationText>
                            <common:AnnotationText xml:lang="fr">9550</common:AnnotationText>
                        </common:Annotation>
                    </common:Annotations>
                    <common:Name xml:lang="en">Hof Kreisfreie Stadt</common:Name>
                    <common:Name xml:lang="fr">Hof Kreisfreie Stadt</common:Name>
                    <structure:Parent>
                        <Ref id="DE2J"/>
                    </structure:Parent>
                </structure:Code>
                <structure:Code id="DE246">
                    <common:Annotations>
                        <common:Annotation>
                            <common:AnnotationType>ORDER</common:AnnotationType>
                            <common:AnnotationText xml:lang="en">9560</common:AnnotationText>
                            <common:AnnotationText xml:lang="fr">9560</common:AnnotationText>
                        </common:Annotation>
                    </common:Annotations>
                    <common:Name xml:lang="en">Bayreuth Landkreis</common:Name>
                    <common:Name xml:lang="fr">Bayreuth Landkreis</common:Name>
                    <structure:Parent>
                        <Ref id="DE2J"/>
                    </structure:Parent>
                </structure:Code>
                <structure:Code id="DE249">
                    <common:Annotations>
                        <common:Annotation>
                            <common:AnnotationType>ORDER</common:AnnotationType>
                            <common:AnnotationText xml:lang="en">9570</common:AnnotationText>
                            <common:AnnotationText xml:lang="fr">9570</common:AnnotationText>
                        </common:Annotation>
                    </common:Annotations>
                    <common:Name xml:lang="en">Hof Landkreis</common:Name>
                    <common:Name xml:lang="fr">Hof Landkreis</common:Name>
                    <structure:Parent>
                        <Ref id="DE2J"/>
                    </structure:Parent>
                </structure:Code>
                <structure:Code id="DE24B">
                    <common:Annotations>
                        <common:Annotation>
                            <common:AnnotationType>ORDER</common:AnnotationType>
                            <common:AnnotationText xml:lang="en">9580</common:AnnotationText>
                            <common:AnnotationText xml:lang="fr">9580</common:AnnotationText>
                        </common:Annotation>
                    </common:Annotations>
                    <common:Name xml:lang="en">Kulmbach</common:Name>
                    <common:Name xml:lang="fr">Kulmbach</common:Name>
                    <structure:Parent>
                        <Ref id="DE2J"/>
                    </structure:Parent>
                </structure:Code>
                <structure:Code id="DE24D">
                    <common:Annotations>
                        <common:Annotation>
                            <common:AnnotationType>ORDER</common:AnnotationType>
                            <common:AnnotationText xml:lang="en">9590</common:AnnotationText>
                            <common:AnnotationText xml:lang="fr">9590</common:AnnotationText>
                        </common:Annotation>
                    </common:Annotations>
                    <common:Name xml:lang="en">Wunsiedel i. Fichtelgebirge</common:Name>
                    <common:Name xml:lang="fr">Wunsiedel i. Fichtelgebirge</common:Name>
                    <structure:Parent>
                        <Ref id="DE2J"/>
                    </structure:Parent>
                </structure:Code>
                <structure:Code id="DE2H">
                    <common:Annotations>
                        <common:Annotation>
                            <common:AnnotationType>ORDER</common:AnnotationType>
                            <common:AnnotationText xml:lang="en">9600</common:AnnotationText>
                            <common:AnnotationText xml:lang="fr">9600</common:AnnotationText>
                        </common:Annotation>
                    </common:Annotations>
                    <common:Name xml:lang="en">Oberpfalz-Nord</common:Name>
                    <common:Name xml:lang="fr">Oberpfalz-Nord</common:Name>
                    <structure:Parent>
                        <Ref id="DE2"/>
                    </structure:Parent>
                </structure:Code>
                <structure:Code id="DE231">
                    <common:Annotations>
                        <common:Annotation>
                            <common:AnnotationType>ORDER</common:AnnotationType>
                            <common:AnnotationText xml:lang="en">9610</common:AnnotationText>
                            <common:AnnotationText xml:lang="fr">9610</common:AnnotationText>
                        </common:Annotation>
                    </common:Annotations>
                    <common:Name xml:lang="en">Amberg Kreisfreie Stadt</common:Name>
                    <common:Name xml:lang="fr">Amberg Kreisfreie Stadt</common:Name>
                    <structure:Parent>
                        <Ref id="DE2H"/>
                    </structure:Parent>
                </structure:Code>
                <structure:Code id="DE233">
                    <common:Annotations>
                        <common:Annotation>
                            <common:AnnotationType>ORDER</common:AnnotationType>
                            <common:AnnotationText xml:lang="en">9620</common:AnnotationText>
                            <common:AnnotationText xml:lang="fr">9620</common:AnnotationText>
                        </common:Annotation>
                    </common:Annotations>
                    <common:Name xml:lang="en">Weiden i. d. Opf Kreisfreie Stadt</common:Name>
                    <common:Name xml:lang="fr">Weiden i. d. Opf Kreisfreie Stadt</common:Name>
                    <structure:Parent>
                        <Ref id="DE2H"/>
                    </structure:Parent>
                </structure:Code>
                <structure:Code id="DE234">
                    <common:Annotations>
                        <common:Annotation>
                            <common:AnnotationType>ORDER</common:AnnotationType>
                            <common:AnnotationText xml:lang="en">9630</common:AnnotationText>
                            <common:AnnotationText xml:lang="fr">9630</common:AnnotationText>
                        </common:Annotation>
                    </common:Annotations>
                    <common:Name xml:lang="en">Amberg-Sulzbach</common:Name>
                    <common:Name xml:lang="fr">Amberg-Sulzbach</common:Name>
                    <structure:Parent>
                        <Ref id="DE2H"/>
                    </structure:Parent>
                </structure:Code>
                <structure:Code id="DE237">
                    <common:Annotations>
                        <common:Annotation>
                            <common:AnnotationType>ORDER</common:AnnotationType>
                            <common:AnnotationText xml:lang="en">9640</common:AnnotationText>
                            <common:AnnotationText xml:lang="fr">9640</common:AnnotationText>
                        </common:Annotation>
                    </common:Annotations>
                    <common:Name xml:lang="en">Neustadt a. d. Waldnaab</common:Name>
                    <common:Name xml:lang="fr">Neustadt a. d. Waldnaab</common:Name>
                    <structure:Parent>
                        <Ref id="DE2H"/>
                    </structure:Parent>
                </structure:Code>
                <structure:Code id="DE239">
                    <common:Annotations>
                        <common:Annotation>
                            <common:AnnotationType>ORDER</common:AnnotationType>
                            <common:AnnotationText xml:lang="en">9650</common:AnnotationText>
                            <common:AnnotationText xml:lang="fr">9650</common:AnnotationText>
                        </common:Annotation>
                    </common:Annotations>
                    <common:Name xml:lang="en">Schwandorf</common:Name>
                    <common:Name xml:lang="fr">Schwandorf</common:Name>
                    <structure:Parent>
                        <Ref id="DE2H"/>
                    </structure:Parent>
                </structure:Code>
                <structure:Code id="DE23A">
                    <common:Annotations>
                        <common:Annotation>
                            <common:AnnotationType>ORDER</common:AnnotationType>
                            <common:AnnotationText xml:lang="en">9660</common:AnnotationText>
                            <common:AnnotationText xml:lang="fr">9660</common:AnnotationText>
                        </common:Annotation>
                    </common:Annotations>
                    <common:Name xml:lang="en">Tirschenreuth</common:Name>
                    <common:Name xml:lang="fr">Tirschenreuth</common:Name>
                    <structure:Parent>
                        <Ref id="DE2H"/>
                    </structure:Parent>
                </structure:Code>
                <structure:Code id="DE2L">
                    <common:Annotations>
                        <common:Annotation>
                            <common:AnnotationType>ORDER</common:AnnotationType>
                            <common:AnnotationText xml:lang="en">9670</common:AnnotationText>
                            <common:AnnotationText xml:lang="fr">9670</common:AnnotationText>
                        </common:Annotation>
                    </common:Annotations>
                    <common:Name xml:lang="en">Industrieregion Mittelfranken</common:Name>
                    <common:Name xml:lang="fr">Industrieregion Mittelfranken</common:Name>
                    <structure:Parent>
                        <Ref id="DE2"/>
                    </structure:Parent>
                </structure:Code>
                <structure:Code id="DE252">
                    <common:Annotations>
                        <common:Annotation>
                            <common:AnnotationType>ORDER</common:AnnotationType>
                            <common:AnnotationText xml:lang="en">9680</common:AnnotationText>
                            <common:AnnotationText xml:lang="fr">9680</common:AnnotationText>
                        </common:Annotation>
                    </common:Annotations>
                    <common:Name xml:lang="en">Erlangen Kreisfreie Stadt</common:Name>
                    <common:Name xml:lang="fr">Erlangen Kreisfreie Stadt</common:Name>
                    <structure:Parent>
                        <Ref id="DE2L"/>
                    </structure:Parent>
                </structure:Code>
                <structure:Code id="DE253">
                    <common:Annotations>
                        <common:Annotation>
                            <common:AnnotationType>ORDER</common:AnnotationType>
                            <common:AnnotationText xml:lang="en">9690</common:AnnotationText>
                            <common:AnnotationText xml:lang="fr">9690</common:AnnotationText>
                        </common:Annotation>
                    </common:Annotations>
                    <common:Name xml:lang="en">Fürth Kreisfreie Stadt</common:Name>
                    <common:Name xml:lang="fr">Fürth Kreisfreie Stadt</common:Name>
                    <structure:Parent>
                        <Ref id="DE2L"/>
                    </structure:Parent>
                </structure:Code>
                <structure:Code id="DE254">
                    <common:Annotations>
                        <common:Annotation>
                            <common:AnnotationType>ORDER</common:AnnotationType>
                            <common:AnnotationText xml:lang="en">9700</common:AnnotationText>
                            <common:AnnotationText xml:lang="fr">9700</common:AnnotationText>
                        </common:Annotation>
                    </common:Annotations>
                    <common:Name xml:lang="en">Nürnberg Kreisfreie Stadt</common:Name>
                    <common:Name xml:lang="fr">Nürnberg Kreisfreie Stadt</common:Name>
                    <structure:Parent>
                        <Ref id="DE2L"/>
                    </structure:Parent>
                </structure:Code>
                <structure:Code id="DE255">
                    <common:Annotations>
                        <common:Annotation>
                            <common:AnnotationType>ORDER</common:AnnotationType>
                            <common:AnnotationText xml:lang="en">9710</common:AnnotationText>
                            <common:AnnotationText xml:lang="fr">9710</common:AnnotationText>
                        </common:Annotation>
                    </common:Annotations>
                    <common:Name xml:lang="en">Schwabach Kreisfreie Stadt</common:Name>
                    <common:Name xml:lang="fr">Schwabach Kreisfreie Stadt</common:Name>
                    <structure:Parent>
                        <Ref id="DE2L"/>
                    </structure:Parent>
                </structure:Code>
                <structure:Code id="DE257">
                    <common:Annotations>
                        <common:Annotation>
                            <common:AnnotationType>ORDER</common:AnnotationType>
                            <common:AnnotationText xml:lang="en">9720</common:AnnotationText>
                            <common:AnnotationText xml:lang="fr">9720</common:AnnotationText>
                        </common:Annotation>
                    </common:Annotations>
                    <common:Name xml:lang="en">Erlangen-Höchstadt</common:Name>
                    <common:Name xml:lang="fr">Erlangen-Höchstadt</common:Name>
                    <structure:Parent>
                        <Ref id="DE2L"/>
                    </structure:Parent>
                </structure:Code>
                <structure:Code id="DE258">
                    <common:Annotations>
                        <common:Annotation>
                            <common:AnnotationType>ORDER</common:AnnotationType>
                            <common:AnnotationText xml:lang="en">9730</common:AnnotationText>
                            <common:AnnotationText xml:lang="fr">9730</common:AnnotationText>
                        </common:Annotation>
                    </common:Annotations>
                    <common:Name xml:lang="en">Fürth Landkreis</common:Name>
                    <common:Name xml:lang="fr">Fürth Landkreis</common:Name>
                    <structure:Parent>
                        <Ref id="DE2L"/>
                    </structure:Parent>
                </structure:Code>
                <structure:Code id="DE259">
                    <common:Annotations>
                        <common:Annotation>
                            <common:AnnotationType>ORDER</common:AnnotationType>
                            <common:AnnotationText xml:lang="en">9740</common:AnnotationText>
                            <common:AnnotationText xml:lang="fr">9740</common:AnnotationText>
                        </common:Annotation>
                    </common:Annotations>
                    <common:Name xml:lang="en">Nürnberger Land</common:Name>
                    <common:Name xml:lang="fr">Nürnberger Land</common:Name>
                    <structure:Parent>
                        <Ref id="DE2L"/>
                    </structure:Parent>
                </structure:Code>
                <structure:Code id="DE25B">
                    <common:Annotations>
                        <common:Annotation>
                            <common:AnnotationType>ORDER</common:AnnotationType>
                            <common:AnnotationText xml:lang="en">9750</common:AnnotationText>
                            <common:AnnotationText xml:lang="fr">9750</common:AnnotationText>
                        </common:Annotation>
                    </common:Annotations>
                    <common:Name xml:lang="en">Roth</common:Name>
                    <common:Name xml:lang="fr">Roth</common:Name>
                    <structure:Parent>
                        <Ref id="DE2L"/>
                    </structure:Parent>
                </structure:Code>
                <structure:Code id="DE2K">
                    <common:Annotations>
                        <common:Annotation>
                            <common:AnnotationType>ORDER</common:AnnotationType>
                            <common:AnnotationText xml:lang="en">9760</common:AnnotationText>
                            <common:AnnotationText xml:lang="fr">9760</common:AnnotationText>
                        </common:Annotation>
                    </common:Annotations>
                    <common:Name xml:lang="en">Westmittelfranken</common:Name>
                    <common:Name xml:lang="fr">Westmittelfranken</common:Name>
                    <structure:Parent>
                        <Ref id="DE2"/>
                    </structure:Parent>
                </structure:Code>
                <structure:Code id="DE251">
                    <common:Annotations>
                        <common:Annotation>
                            <common:AnnotationType>ORDER</common:AnnotationType>
                            <common:AnnotationText xml:lang="en">9770</common:AnnotationText>
                            <common:AnnotationText xml:lang="fr">9770</common:AnnotationText>
                        </common:Annotation>
                    </common:Annotations>
                    <common:Name xml:lang="en">Ansbach Kreisfreie Stadt</common:Name>
                    <common:Name xml:lang="fr">Ansbach Kreisfreie Stadt</common:Name>
                    <structure:Parent>
                        <Ref id="DE2K"/>
                    </structure:Parent>
                </structure:Code>
                <structure:Code id="DE256">
                    <common:Annotations>
                        <common:Annotation>
                            <common:AnnotationType>ORDER</common:AnnotationType>
                            <common:AnnotationText xml:lang="en">9780</common:AnnotationText>
                            <common:AnnotationText xml:lang="fr">9780</common:AnnotationText>
                        </common:Annotation>
                    </common:Annotations>
                    <common:Name xml:lang="en">Ansbach Landkreis</common:Name>
                    <common:Name xml:lang="fr">Ansbach Landkreis</common:Name>
                    <structure:Parent>
                        <Ref id="DE2K"/>
                    </structure:Parent>
                </structure:Code>
                <structure:Code id="DE25A">
                    <common:Annotations>
                        <common:Annotation>
                            <common:AnnotationType>ORDER</common:AnnotationType>
                            <common:AnnotationText xml:lang="en">9790</common:AnnotationText>
                            <common:AnnotationText xml:lang="fr">9790</common:AnnotationText>
                        </common:Annotation>
                    </common:Annotations>
                    <common:Name xml:lang="en">Neustadt a. d. Aisch-Bad Windsheim</common:Name>
                    <common:Name xml:lang="fr">Neustadt a. d. Aisch-Bad Windsheim</common:Name>
                    <structure:Parent>
                        <Ref id="DE2K"/>
                    </structure:Parent>
                </structure:Code>
                <structure:Code id="DE25C">
                    <common:Annotations>
                        <common:Annotation>
                            <common:AnnotationType>ORDER</common:AnnotationType>
                            <common:AnnotationText xml:lang="en">9800</common:AnnotationText>
                            <common:AnnotationText xml:lang="fr">9800</common:AnnotationText>
                        </common:Annotation>
                    </common:Annotations>
                    <common:Name xml:lang="en">Weißenburg-Gunzenhausen</common:Name>
                    <common:Name xml:lang="fr">Weißenburg-Gunzenhausen</common:Name>
                    <structure:Parent>
                        <Ref id="DE2K"/>
                    </structure:Parent>
                </structure:Code>
                <structure:Code id="DE2P">
                    <common:Annotations>
                        <common:Annotation>
                            <common:AnnotationType>ORDER</common:AnnotationType>
                            <common:AnnotationText xml:lang="en">9810</common:AnnotationText>
                            <common:AnnotationText xml:lang="fr">9810</common:AnnotationText>
                        </common:Annotation>
                    </common:Annotations>
                    <common:Name xml:lang="en">Augsburg</common:Name>
                    <common:Name xml:lang="fr">Augsburg</common:Name>
                    <structure:Parent>
                        <Ref id="DE2"/>
                    </structure:Parent>
                </structure:Code>
                <structure:Code id="DE271">
                    <common:Annotations>
                        <common:Annotation>
                            <common:AnnotationType>ORDER</common:AnnotationType>
                            <common:AnnotationText xml:lang="en">9820</common:AnnotationText>
                            <common:AnnotationText xml:lang="fr">9820</common:AnnotationText>
                        </common:Annotation>
                    </common:Annotations>
                    <common:Name xml:lang="en">Augsburg Kreisfreie Stadt</common:Name>
                    <common:Name xml:lang="fr">Augsburg Kreisfreie Stadt</common:Name>
                    <structure:Parent>
                        <Ref id="DE2P"/>
                    </structure:Parent>
                </structure:Code>
                <structure:Code id="DE275">
                    <common:Annotations>
                        <common:Annotation>
                            <common:AnnotationType>ORDER</common:AnnotationType>
                            <common:AnnotationText xml:lang="en">9830</common:AnnotationText>
                            <common:AnnotationText xml:lang="fr">9830</common:AnnotationText>
                        </common:Annotation>
                    </common:Annotations>
                    <common:Name xml:lang="en">Aichach-Friedberg</common:Name>
                    <common:Name xml:lang="fr">Aichach-Friedberg</common:Name>
                    <structure:Parent>
                        <Ref id="DE2P"/>
                    </structure:Parent>
                </structure:Code>
                <structure:Code id="DE276">
                    <common:Annotations>
                        <common:Annotation>
                            <common:AnnotationType>ORDER</common:AnnotationType>
                            <common:AnnotationText xml:lang="en">9840</common:AnnotationText>
                            <common:AnnotationText xml:lang="fr">9840</common:AnnotationText>
                        </common:Annotation>
                    </common:Annotations>
                    <common:Name xml:lang="en">Augsburg Landkreis</common:Name>
                    <common:Name xml:lang="fr">Augsburg Landkreis</common:Name>
                    <structure:Parent>
                        <Ref id="DE2P"/>
                    </structure:Parent>
                </structure:Code>
                <structure:Code id="DE277">
                    <common:Annotations>
                        <common:Annotation>
                            <common:AnnotationType>ORDER</common:AnnotationType>
                            <common:AnnotationText xml:lang="en">9850</common:AnnotationText>
                            <common:AnnotationText xml:lang="fr">9850</common:AnnotationText>
                        </common:Annotation>
                    </common:Annotations>
                    <common:Name xml:lang="en">Dillingen a.d. Donau</common:Name>
                    <common:Name xml:lang="fr">Dillingen a.d. Donau</common:Name>
                    <structure:Parent>
                        <Ref id="DE2P"/>
                    </structure:Parent>
                </structure:Code>
                <structure:Code id="DE27D">
                    <common:Annotations>
                        <common:Annotation>
                            <common:AnnotationType>ORDER</common:AnnotationType>
                            <common:AnnotationText xml:lang="en">9860</common:AnnotationText>
                            <common:AnnotationText xml:lang="fr">9860</common:AnnotationText>
                        </common:Annotation>
                    </common:Annotations>
                    <common:Name xml:lang="en">Donau-Ries</common:Name>
                    <common:Name xml:lang="fr">Donau-Ries</common:Name>
                    <structure:Parent>
                        <Ref id="DE2P"/>
                    </structure:Parent>
                </structure:Code>
                <structure:Code id="DE2A">
                    <common:Annotations>
                        <common:Annotation>
                            <common:AnnotationType>ORDER</common:AnnotationType>
                            <common:AnnotationText xml:lang="en">9870</common:AnnotationText>
                            <common:AnnotationText xml:lang="fr">9870</common:AnnotationText>
                        </common:Annotation>
                    </common:Annotations>
                    <common:Name xml:lang="en">Ingolstadt</common:Name>
                    <common:Name xml:lang="fr">Ingolstadt</common:Name>
                    <structure:Parent>
                        <Ref id="DE2"/>
                    </structure:Parent>
                </structure:Code>
                <structure:Code id="DE211">
                    <common:Annotations>
                        <common:Annotation>
                            <common:AnnotationType>ORDER</common:AnnotationType>
                            <common:AnnotationText xml:lang="en">9880</common:AnnotationText>
                            <common:AnnotationText xml:lang="fr">9880</common:AnnotationText>
                        </common:Annotation>
                    </common:Annotations>
                    <common:Name xml:lang="en">Ingolstadt Kreisfreie Stadt</common:Name>
                    <common:Name xml:lang="fr">Ingolstadt Kreisfreie Stadt</common:Name>
                    <structure:Parent>
                        <Ref id="DE2A"/>
                    </structure:Parent>
                </structure:Code>
                <structure:Code id="DE219">
                    <common:Annotations>
                        <common:Annotation>
                            <common:AnnotationType>ORDER</common:AnnotationType>
                            <common:AnnotationText xml:lang="en">9890</common:AnnotationText>
                            <common:AnnotationText xml:lang="fr">9890</common:AnnotationText>
                        </common:Annotation>
                    </common:Annotations>
                    <common:Name xml:lang="en">Eichstätt</common:Name>
                    <common:Name xml:lang="fr">Eichstätt</common:Name>
                    <structure:Parent>
                        <Ref id="DE2A"/>
                    </structure:Parent>
                </structure:Code>
                <structure:Code id="DE21I">
                    <common:Annotations>
                        <common:Annotation>
                            <common:AnnotationType>ORDER</common:AnnotationType>
                            <common:AnnotationText xml:lang="en">9900</common:AnnotationText>
                            <common:AnnotationText xml:lang="fr">9900</common:AnnotationText>
                        </common:Annotation>
                    </common:Annotations>
                    <common:Name xml:lang="en">Neuburg-Schrobenhausen</common:Name>
                    <common:Name xml:lang="fr">Neuburg-Schrobenhausen</common:Name>
                    <structure:Parent>
                        <Ref id="DE2A"/>
                    </structure:Parent>
                </structure:Code>
                <structure:Code id="DE21J">
                    <common:Annotations>
                        <common:Annotation>
                            <common:AnnotationType>ORDER</common:AnnotationType>
                            <common:AnnotationText xml:lang="en">9910</common:AnnotationText>
                            <common:AnnotationText xml:lang="fr">9910</common:AnnotationText>
                        </common:Annotation>
                    </common:Annotations>
                    <common:Name xml:lang="en">Pfaffenhofen a. d. Ilm</common:Name>
                    <common:Name xml:lang="fr">Pfaffenhofen a. d. Ilm</common:Name>
                    <structure:Parent>
                        <Ref id="DE2A"/>
                    </structure:Parent>
                </structure:Code>
                <structure:Code id="DE2G">
                    <common:Annotations>
                        <common:Annotation>
                            <common:AnnotationType>ORDER</common:AnnotationType>
                            <common:AnnotationText xml:lang="en">9920</common:AnnotationText>
                            <common:AnnotationText xml:lang="fr">9920</common:AnnotationText>
                        </common:Annotation>
                    </common:Annotations>
                    <common:Name xml:lang="en">Regensburg</common:Name>
                    <common:Name xml:lang="fr">Regensburg</common:Name>
                    <structure:Parent>
                        <Ref id="DE2"/>
                    </structure:Parent>
                </structure:Code>
                <structure:Code id="DE226">
                    <common:Annotations>
                        <common:Annotation>
                            <common:AnnotationType>ORDER</common:AnnotationType>
                            <common:AnnotationText xml:lang="en">9930</common:AnnotationText>
                            <common:AnnotationText xml:lang="fr">9930</common:AnnotationText>
                        </common:Annotation>
                    </common:Annotations>
                    <common:Name xml:lang="en">Kelheim</common:Name>
                    <common:Name xml:lang="fr">Kelheim</common:Name>
                    <structure:Parent>
                        <Ref id="DE2G"/>
                    </structure:Parent>
                </structure:Code>
                <structure:Code id="DE232">
                    <common:Annotations>
                        <common:Annotation>
                            <common:AnnotationType>ORDER</common:AnnotationType>
                            <common:AnnotationText xml:lang="en">9940</common:AnnotationText>
                            <common:AnnotationText xml:lang="fr">9940</common:AnnotationText>
                        </common:Annotation>
                    </common:Annotations>
                    <common:Name xml:lang="en">Regensburg Kreisfreie Stadt</common:Name>
                    <common:Name xml:lang="fr">Regensburg Kreisfreie Stadt</common:Name>
                    <structure:Parent>
                        <Ref id="DE2G"/>
                    </structure:Parent>
                </structure:Code>
                <structure:Code id="DE235">
                    <common:Annotations>
                        <common:Annotation>
                            <common:AnnotationType>ORDER</common:AnnotationType>
                            <common:AnnotationText xml:lang="en">9950</common:AnnotationText>
                            <common:AnnotationText xml:lang="fr">9950</common:AnnotationText>
                        </common:Annotation>
                    </common:Annotations>
                    <common:Name xml:lang="en">Cham</common:Name>
                    <common:Name xml:lang="fr">Cham</common:Name>
                    <structure:Parent>
                        <Ref id="DE2G"/>
                    </structure:Parent>
                </structure:Code>
                <structure:Code id="DE236">
                    <common:Annotations>
                        <common:Annotation>
                            <common:AnnotationType>ORDER</common:AnnotationType>
                            <common:AnnotationText xml:lang="en">9960</common:AnnotationText>
                            <common:AnnotationText xml:lang="fr">9960</common:AnnotationText>
                        </common:Annotation>
                    </common:Annotations>
                    <common:Name xml:lang="en">Neumarkt i. d. OPf.</common:Name>
                    <common:Name xml:lang="fr">Neumarkt i. d. OPf.</common:Name>
                    <structure:Parent>
                        <Ref id="DE2G"/>
                    </structure:Parent>
                </structure:Code>
                <structure:Code id="DE238">
                    <common:Annotations>
                        <common:Annotation>
                            <common:AnnotationType>ORDER</common:AnnotationType>
                            <common:AnnotationText xml:lang="en">9970</common:AnnotationText>
                            <common:AnnotationText xml:lang="fr">9970</common:AnnotationText>
                        </common:Annotation>
                    </common:Annotations>
                    <common:Name xml:lang="en">Regensburg Landkreis</common:Name>
                    <common:Name xml:lang="fr">Regensburg Landkreis</common:Name>
                    <structure:Parent>
                        <Ref id="DE2G"/>
                    </structure:Parent>
                </structure:Code>
                <structure:Code id="DE2F">
                    <common:Annotations>
                        <common:Annotation>
                            <common:AnnotationType>ORDER</common:AnnotationType>
                            <common:AnnotationText xml:lang="en">9980</common:AnnotationText>
                            <common:AnnotationText xml:lang="fr">9980</common:AnnotationText>
                        </common:Annotation>
                    </common:Annotations>
                    <common:Name xml:lang="en">Donau-Wald</common:Name>
                    <common:Name xml:lang="fr">Donau-Wald</common:Name>
                    <structure:Parent>
                        <Ref id="DE2"/>
                    </structure:Parent>
                </structure:Code>
                <structure:Code id="DE222">
                    <common:Annotations>
                        <common:Annotation>
                            <common:AnnotationType>ORDER</common:AnnotationType>
                            <common:AnnotationText xml:lang="en">9990</common:AnnotationText>
                            <common:AnnotationText xml:lang="fr">9990</common:AnnotationText>
                        </common:Annotation>
                    </common:Annotations>
                    <common:Name xml:lang="en">Passau Kreisfreie Stadt</common:Name>
                    <common:Name xml:lang="fr">Passau Kreisfreie Stadt</common:Name>
                    <structure:Parent>
                        <Ref id="DE2F"/>
                    </structure:Parent>
                </structure:Code>
                <structure:Code id="DE223">
                    <common:Annotations>
                        <common:Annotation>
                            <common:AnnotationType>ORDER</common:AnnotationType>
                            <common:AnnotationText xml:lang="en">10000</common:AnnotationText>
                            <common:AnnotationText xml:lang="fr">10000</common:AnnotationText>
                        </common:Annotation>
                    </common:Annotations>
                    <common:Name xml:lang="en">Straubing Kreisfreie Stadt</common:Name>
                    <common:Name xml:lang="fr">Straubing Kreisfreie Stadt</common:Name>
                    <structure:Parent>
                        <Ref id="DE2F"/>
                    </structure:Parent>
                </structure:Code>
                <structure:Code id="DE224">
                    <common:Annotations>
                        <common:Annotation>
                            <common:AnnotationType>ORDER</common:AnnotationType>
                            <common:AnnotationText xml:lang="en">10010</common:AnnotationText>
                            <common:AnnotationText xml:lang="fr">10010</common:AnnotationText>
                        </common:Annotation>
                    </common:Annotations>
                    <common:Name xml:lang="en">Deggendorf</common:Name>
                    <common:Name xml:lang="fr">Deggendorf</common:Name>
                    <structure:Parent>
                        <Ref id="DE2F"/>
                    </structure:Parent>
                </structure:Code>
                <structure:Code id="DE225">
                    <common:Annotations>
                        <common:Annotation>
                            <common:AnnotationType>ORDER</common:AnnotationType>
                            <common:AnnotationText xml:lang="en">10020</common:AnnotationText>
                            <common:AnnotationText xml:lang="fr">10020</common:AnnotationText>
                        </common:Annotation>
                    </common:Annotations>
                    <common:Name xml:lang="en">Freyung-Grafenau</common:Name>
                    <common:Name xml:lang="fr">Freyung-Grafenau</common:Name>
                    <structure:Parent>
                        <Ref id="DE2F"/>
                    </structure:Parent>
                </structure:Code>
                <structure:Code id="DE228">
                    <common:Annotations>
                        <common:Annotation>
                            <common:AnnotationType>ORDER</common:AnnotationType>
                            <common:AnnotationText xml:lang="en">10030</common:AnnotationText>
                            <common:AnnotationText xml:lang="fr">10030</common:AnnotationText>
                        </common:Annotation>
                    </common:Annotations>
                    <common:Name xml:lang="en">Passau Landkreis</common:Name>
                    <common:Name xml:lang="fr">Passau Landkreis</common:Name>
                    <structure:Parent>
                        <Ref id="DE2F"/>
                    </structure:Parent>
                </structure:Code>
                <structure:Code id="DE229">
                    <common:Annotations>
                        <common:Annotation>
                            <common:AnnotationType>ORDER</common:AnnotationType>
                            <common:AnnotationText xml:lang="en">10040</common:AnnotationText>
                            <common:AnnotationText xml:lang="fr">10040</common:AnnotationText>
                        </common:Annotation>
                    </common:Annotations>
                    <common:Name xml:lang="en">Regen</common:Name>
                    <common:Name xml:lang="fr">Regen</common:Name>
                    <structure:Parent>
                        <Ref id="DE2F"/>
                    </structure:Parent>
                </structure:Code>
                <structure:Code id="DE22B">
                    <common:Annotations>
                        <common:Annotation>
                            <common:AnnotationType>ORDER</common:AnnotationType>
                            <common:AnnotationText xml:lang="en">10050</common:AnnotationText>
                            <common:AnnotationText xml:lang="fr">10050</common:AnnotationText>
                        </common:Annotation>
                    </common:Annotations>
                    <common:Name xml:lang="en">Straubing-Bogen</common:Name>
                    <common:Name xml:lang="fr">Straubing-Bogen</common:Name>
                    <structure:Parent>
                        <Ref id="DE2F"/>
                    </structure:Parent>
                </structure:Code>
                <structure:Code id="DE2E">
                    <common:Annotations>
                        <common:Annotation>
                            <common:AnnotationType>ORDER</common:AnnotationType>
                            <common:AnnotationText xml:lang="en">10060</common:AnnotationText>
                            <common:AnnotationText xml:lang="fr">10060</common:AnnotationText>
                        </common:Annotation>
                    </common:Annotations>
                    <common:Name xml:lang="en">Landshut</common:Name>
                    <common:Name xml:lang="fr">Landshut</common:Name>
                    <structure:Parent>
                        <Ref id="DE2"/>
                    </structure:Parent>
                </structure:Code>
                <structure:Code id="DE221">
                    <common:Annotations>
                        <common:Annotation>
                            <common:AnnotationType>ORDER</common:AnnotationType>
                            <common:AnnotationText xml:lang="en">10070</common:AnnotationText>
                            <common:AnnotationText xml:lang="fr">10070</common:AnnotationText>
                        </common:Annotation>
                    </common:Annotations>
                    <common:Name xml:lang="en">Landshut Kreisfreie Stadt</common:Name>
                    <common:Name xml:lang="fr">Landshut Kreisfreie Stadt</common:Name>
                    <structure:Parent>
                        <Ref id="DE2E"/>
                    </structure:Parent>
                </structure:Code>
                <structure:Code id="DE227">
                    <common:Annotations>
                        <common:Annotation>
                            <common:AnnotationType>ORDER</common:AnnotationType>
                            <common:AnnotationText xml:lang="en">10080</common:AnnotationText>
                            <common:AnnotationText xml:lang="fr">10080</common:AnnotationText>
                        </common:Annotation>
                    </common:Annotations>
                    <common:Name xml:lang="en">Landshut Landkreis</common:Name>
                    <common:Name xml:lang="fr">Landshut Landkreis</common:Name>
                    <structure:Parent>
                        <Ref id="DE2E"/>
                    </structure:Parent>
                </structure:Code>
                <structure:Code id="DE22A">
                    <common:Annotations>
                        <common:Annotation>
                            <common:AnnotationType>ORDER</common:AnnotationType>
                            <common:AnnotationText xml:lang="en">10090</common:AnnotationText>
                            <common:AnnotationText xml:lang="fr">10090</common:AnnotationText>
                        </common:Annotation>
                    </common:Annotations>
                    <common:Name xml:lang="en">Rottal-Inn</common:Name>
                    <common:Name xml:lang="fr">Rottal-Inn</common:Name>
                    <structure:Parent>
                        <Ref id="DE2E"/>
                    </structure:Parent>
                </structure:Code>
                <structure:Code id="DE22C">
                    <common:Annotations>
                        <common:Annotation>
                            <common:AnnotationType>ORDER</common:AnnotationType>
                            <common:AnnotationText xml:lang="en">10100</common:AnnotationText>
                            <common:AnnotationText xml:lang="fr">10100</common:AnnotationText>
                        </common:Annotation>
                    </common:Annotations>
                    <common:Name xml:lang="en">Dingolfing-Landau</common:Name>
                    <common:Name xml:lang="fr">Dingolfing-Landau</common:Name>
                    <structure:Parent>
                        <Ref id="DE2E"/>
                    </structure:Parent>
                </structure:Code>
                <structure:Code id="DE2B">
                    <common:Annotations>
                        <common:Annotation>
                            <common:AnnotationType>ORDER</common:AnnotationType>
                            <common:AnnotationText xml:lang="en">10110</common:AnnotationText>
                            <common:AnnotationText xml:lang="fr">10110</common:AnnotationText>
                        </common:Annotation>
                    </common:Annotations>
                    <common:Name xml:lang="en">Munich</common:Name>
                    <common:Name xml:lang="fr">Munich</common:Name>
                    <structure:Parent>
                        <Ref id="DE2"/>
                    </structure:Parent>
                </structure:Code>
                <structure:Code id="DE212">
                    <common:Annotations>
                        <common:Annotation>
                            <common:AnnotationType>ORDER</common:AnnotationType>
                            <common:AnnotationText xml:lang="en">10120</common:AnnotationText>
                            <common:AnnotationText xml:lang="fr">10120</common:AnnotationText>
                        </common:Annotation>
                    </common:Annotations>
                    <common:Name xml:lang="en">München Kreisfreie Stadt</common:Name>
                    <common:Name xml:lang="fr">München Kreisfreie Stadt</common:Name>
                    <structure:Parent>
                        <Ref id="DE2B"/>
                    </structure:Parent>
                </structure:Code>
                <structure:Code id="DE217">
                    <common:Annotations>
                        <common:Annotation>
                            <common:AnnotationType>ORDER</common:AnnotationType>
                            <common:AnnotationText xml:lang="en">10130</common:AnnotationText>
                            <common:AnnotationText xml:lang="fr">10130</common:AnnotationText>
                        </common:Annotation>
                    </common:Annotations>
                    <common:Name xml:lang="en">Dachau</common:Name>
                    <common:Name xml:lang="fr">Dachau</common:Name>
                    <structure:Parent>
                        <Ref id="DE2B"/>
                    </structure:Parent>
                </structure:Code>
                <structure:Code id="DE218">
                    <common:Annotations>
                        <common:Annotation>
                            <common:AnnotationType>ORDER</common:AnnotationType>
                            <common:AnnotationText xml:lang="en">10140</common:AnnotationText>
                            <common:AnnotationText xml:lang="fr">10140</common:AnnotationText>
                        </common:Annotation>
                    </common:Annotations>
                    <common:Name xml:lang="en">Ebersberg</common:Name>
                    <common:Name xml:lang="fr">Ebersberg</common:Name>
                    <structure:Parent>
                        <Ref id="DE2B"/>
                    </structure:Parent>
                </structure:Code>
                <structure:Code id="DE21A">
                    <common:Annotations>
                        <common:Annotation>
                            <common:AnnotationType>ORDER</common:AnnotationType>
                            <common:AnnotationText xml:lang="en">10150</common:AnnotationText>
                            <common:AnnotationText xml:lang="fr">10150</common:AnnotationText>
                        </common:Annotation>
                    </common:Annotations>
                    <common:Name xml:lang="en">Erding</common:Name>
                    <common:Name xml:lang="fr">Erding</common:Name>
                    <structure:Parent>
                        <Ref id="DE2B"/>
                    </structure:Parent>
                </structure:Code>
                <structure:Code id="DE21B">
                    <common:Annotations>
                        <common:Annotation>
                            <common:AnnotationType>ORDER</common:AnnotationType>
                            <common:AnnotationText xml:lang="en">10160</common:AnnotationText>
                            <common:AnnotationText xml:lang="fr">10160</common:AnnotationText>
                        </common:Annotation>
                    </common:Annotations>
                    <common:Name xml:lang="en">Freising</common:Name>
                    <common:Name xml:lang="fr">Freising</common:Name>
                    <structure:Parent>
                        <Ref id="DE2B"/>
                    </structure:Parent>
                </structure:Code>
                <structure:Code id="DE21C">
                    <common:Annotations>
                        <common:Annotation>
                            <common:AnnotationType>ORDER</common:AnnotationType>
                            <common:AnnotationText xml:lang="en">10170</common:AnnotationText>
                            <common:AnnotationText xml:lang="fr">10170</common:AnnotationText>
                        </common:Annotation>
                    </common:Annotations>
                    <common:Name xml:lang="en">Fürstenfeldbruck</common:Name>
                    <common:Name xml:lang="fr">Fürstenfeldbruck</common:Name>
                    <structure:Parent>
                        <Ref id="DE2B"/>
                    </structure:Parent>
                </structure:Code>
                <structure:Code id="DE21E">
                    <common:Annotations>
                        <common:Annotation>
                            <common:AnnotationType>ORDER</common:AnnotationType>
                            <common:AnnotationText xml:lang="en">10180</common:AnnotationText>
                            <common:AnnotationText xml:lang="fr">10180</common:AnnotationText>
                        </common:Annotation>
                    </common:Annotations>
                    <common:Name xml:lang="en">Landsberg am Lech</common:Name>
                    <common:Name xml:lang="fr">Landsberg am Lech</common:Name>
                    <structure:Parent>
                        <Ref id="DE2B"/>
                    </structure:Parent>
                </structure:Code>
                <structure:Code id="DE21H">
                    <common:Annotations>
                        <common:Annotation>
                            <common:AnnotationType>ORDER</common:AnnotationType>
                            <common:AnnotationText xml:lang="en">10190</common:AnnotationText>
                            <common:AnnotationText xml:lang="fr">10190</common:AnnotationText>
                        </common:Annotation>
                    </common:Annotations>
                    <common:Name xml:lang="en">München Landkreis</common:Name>
                    <common:Name xml:lang="fr">München Landkreis</common:Name>
                    <structure:Parent>
                        <Ref id="DE2B"/>
                    </structure:Parent>
                </structure:Code>
                <structure:Code id="DE21L">
                    <common:Annotations>
                        <common:Annotation>
                            <common:AnnotationType>ORDER</common:AnnotationType>
                            <common:AnnotationText xml:lang="en">10200</common:AnnotationText>
                            <common:AnnotationText xml:lang="fr">10200</common:AnnotationText>
                        </common:Annotation>
                    </common:Annotations>
                    <common:Name xml:lang="en">Starnberg</common:Name>
                    <common:Name xml:lang="fr">Starnberg</common:Name>
                    <structure:Parent>
                        <Ref id="DE2B"/>
                    </structure:Parent>
                </structure:Code>
                <structure:Code id="DE2R">
                    <common:Annotations>
                        <common:Annotation>
                            <common:AnnotationType>ORDER</common:AnnotationType>
                            <common:AnnotationText xml:lang="en">10210</common:AnnotationText>
                            <common:AnnotationText xml:lang="fr">10210</common:AnnotationText>
                        </common:Annotation>
                    </common:Annotations>
                    <common:Name xml:lang="en">Donau-Iller (By)</common:Name>
                    <common:Name xml:lang="fr">Donau-Iller (By)</common:Name>
                    <structure:Parent>
                        <Ref id="DE2"/>
                    </structure:Parent>
                </structure:Code>
                <structure:Code id="DE274">
                    <common:Annotations>
                        <common:Annotation>
                            <common:AnnotationType>ORDER</common:AnnotationType>
                            <common:AnnotationText xml:lang="en">10220</common:AnnotationText>
                            <common:AnnotationText xml:lang="fr">10220</common:AnnotationText>
                        </common:Annotation>
                    </common:Annotations>
                    <common:Name xml:lang="en">Memmingen Kreisfreie Stadt</common:Name>
                    <common:Name xml:lang="fr">Memmingen Kreisfreie Stadt</common:Name>
                    <structure:Parent>
                        <Ref id="DE2R"/>
                    </structure:Parent>
                </structure:Code>
                <structure:Code id="DE278">
                    <common:Annotations>
                        <common:Annotation>
                            <common:AnnotationType>ORDER</common:AnnotationType>
                            <common:AnnotationText xml:lang="en">10230</common:AnnotationText>
                            <common:AnnotationText xml:lang="fr">10230</common:AnnotationText>
                        </common:Annotation>
                    </common:Annotations>
                    <common:Name xml:lang="en">Günzburg</common:Name>
                    <common:Name xml:lang="fr">Günzburg</common:Name>
                    <structure:Parent>
                        <Ref id="DE2R"/>
                    </structure:Parent>
                </structure:Code>
                <structure:Code id="DE279">
                    <common:Annotations>
                        <common:Annotation>
                            <common:AnnotationType>ORDER</common:AnnotationType>
                            <common:AnnotationText xml:lang="en">10240</common:AnnotationText>
                            <common:AnnotationText xml:lang="fr">10240</common:AnnotationText>
                        </common:Annotation>
                    </common:Annotations>
                    <common:Name xml:lang="en">Neu-Ulm</common:Name>
                    <common:Name xml:lang="fr">Neu-Ulm</common:Name>
                    <structure:Parent>
                        <Ref id="DE2R"/>
                    </structure:Parent>
                </structure:Code>
                <structure:Code id="DE27C">
                    <common:Annotations>
                        <common:Annotation>
                            <common:AnnotationType>ORDER</common:AnnotationType>
                            <common:AnnotationText xml:lang="en">10250</common:AnnotationText>
                            <common:AnnotationText xml:lang="fr">10250</common:AnnotationText>
                        </common:Annotation>
                    </common:Annotations>
                    <common:Name xml:lang="en">Unterallgäu</common:Name>
                    <common:Name xml:lang="fr">Unterallgäu</common:Name>
                    <structure:Parent>
                        <Ref id="DE2R"/>
                    </structure:Parent>
                </structure:Code>
                <structure:Code id="DE2Q">
                    <common:Annotations>
                        <common:Annotation>
                            <common:AnnotationType>ORDER</common:AnnotationType>
                            <common:AnnotationText xml:lang="en">10260</common:AnnotationText>
                            <common:AnnotationText xml:lang="fr">10260</common:AnnotationText>
                        </common:Annotation>
                    </common:Annotations>
                    <common:Name xml:lang="en">Allgäu</common:Name>
                    <common:Name xml:lang="fr">Allgäu</common:Name>
                    <structure:Parent>
                        <Ref id="DE2"/>
                    </structure:Parent>
                </structure:Code>
                <structure:Code id="DE272">
                    <common:Annotations>
                        <common:Annotation>
                            <common:AnnotationType>ORDER</common:AnnotationType>
                            <common:AnnotationText xml:lang="en">10270</common:AnnotationText>
                            <common:AnnotationText xml:lang="fr">10270</common:AnnotationText>
                        </common:Annotation>
                    </common:Annotations>
                    <common:Name xml:lang="en">Kaufbeuren Kreisfreie Stadt</common:Name>
                    <common:Name xml:lang="fr">Kaufbeuren Kreisfreie Stadt</common:Name>
                    <structure:Parent>
                        <Ref id="DE2Q"/>
                    </structure:Parent>
                </structure:Code>
                <structure:Code id="DE273">
                    <common:Annotations>
                        <common:Annotation>
                            <common:AnnotationType>ORDER</common:AnnotationType>
                            <common:AnnotationText xml:lang="en">10280</common:AnnotationText>
                            <common:AnnotationText xml:lang="fr">10280</common:AnnotationText>
                        </common:Annotation>
                    </common:Annotations>
                    <common:Name xml:lang="en">Kempten (Allgäu) Kreisfreie Stadt</common:Name>
                    <common:Name xml:lang="fr">Kempten (Allgäu) Kreisfreie Stadt</common:Name>
                    <structure:Parent>
                        <Ref id="DE2Q"/>
                    </structure:Parent>
                </structure:Code>
                <structure:Code id="DE27A">
                    <common:Annotations>
                        <common:Annotation>
                            <common:AnnotationType>ORDER</common:AnnotationType>
                            <common:AnnotationText xml:lang="en">10290</common:AnnotationText>
                            <common:AnnotationText xml:lang="fr">10290</common:AnnotationText>
                        </common:Annotation>
                    </common:Annotations>
                    <common:Name xml:lang="en">Lindau (Bodensee)</common:Name>
                    <common:Name xml:lang="fr">Lindau (Bodensee)</common:Name>
                    <structure:Parent>
                        <Ref id="DE2Q"/>
                    </structure:Parent>
                </structure:Code>
                <structure:Code id="DE27B">
                    <common:Annotations>
                        <common:Annotation>
                            <common:AnnotationType>ORDER</common:AnnotationType>
                            <common:AnnotationText xml:lang="en">10300</common:AnnotationText>
                            <common:AnnotationText xml:lang="fr">10300</common:AnnotationText>
                        </common:Annotation>
                    </common:Annotations>
                    <common:Name xml:lang="en">Ostallgäu</common:Name>
                    <common:Name xml:lang="fr">Ostallgäu</common:Name>
                    <structure:Parent>
                        <Ref id="DE2Q"/>
                    </structure:Parent>
                </structure:Code>
                <structure:Code id="DE27E">
                    <common:Annotations>
                        <common:Annotation>
                            <common:AnnotationType>ORDER</common:AnnotationType>
                            <common:AnnotationText xml:lang="en">10310</common:AnnotationText>
                            <common:AnnotationText xml:lang="fr">10310</common:AnnotationText>
                        </common:Annotation>
                    </common:Annotations>
                    <common:Name xml:lang="en">Oberallgäu</common:Name>
                    <common:Name xml:lang="fr">Oberallgäu</common:Name>
                    <structure:Parent>
                        <Ref id="DE2Q"/>
                    </structure:Parent>
                </structure:Code>
                <structure:Code id="DE2D">
                    <common:Annotations>
                        <common:Annotation>
                            <common:AnnotationType>ORDER</common:AnnotationType>
                            <common:AnnotationText xml:lang="en">10320</common:AnnotationText>
                            <common:AnnotationText xml:lang="fr">10320</common:AnnotationText>
                        </common:Annotation>
                    </common:Annotations>
                    <common:Name xml:lang="en">Oberland</common:Name>
                    <common:Name xml:lang="fr">Oberland</common:Name>
                    <structure:Parent>
                        <Ref id="DE2"/>
                    </structure:Parent>
                </structure:Code>
                <structure:Code id="DE216">
                    <common:Annotations>
                        <common:Annotation>
                            <common:AnnotationType>ORDER</common:AnnotationType>
                            <common:AnnotationText xml:lang="en">10330</common:AnnotationText>
                            <common:AnnotationText xml:lang="fr">10330</common:AnnotationText>
                        </common:Annotation>
                    </common:Annotations>
                    <common:Name xml:lang="en">Bad Tölz-Wolfratshausen</common:Name>
                    <common:Name xml:lang="fr">Bad Tölz-Wolfratshausen</common:Name>
                    <structure:Parent>
                        <Ref id="DE2D"/>
                    </structure:Parent>
                </structure:Code>
                <structure:Code id="DE21D">
                    <common:Annotations>
                        <common:Annotation>
                            <common:AnnotationType>ORDER</common:AnnotationType>
                            <common:AnnotationText xml:lang="en">10340</common:AnnotationText>
                            <common:AnnotationText xml:lang="fr">10340</common:AnnotationText>
                        </common:Annotation>
                    </common:Annotations>
                    <common:Name xml:lang="en">Garmisch-Partenkirchen</common:Name>
                    <common:Name xml:lang="fr">Garmisch-Partenkirchen</common:Name>
                    <structure:Parent>
                        <Ref id="DE2D"/>
                    </structure:Parent>
                </structure:Code>
                <structure:Code id="DE21F">
                    <common:Annotations>
                        <common:Annotation>
                            <common:AnnotationType>ORDER</common:AnnotationType>
                            <common:AnnotationText xml:lang="en">10350</common:AnnotationText>
                            <common:AnnotationText xml:lang="fr">10350</common:AnnotationText>
                        </common:Annotation>
                    </common:Annotations>
                    <common:Name xml:lang="en">Miesbach</common:Name>
                    <common:Name xml:lang="fr">Miesbach</common:Name>
                    <structure:Parent>
                        <Ref id="DE2D"/>
                    </structure:Parent>
                </structure:Code>
                <structure:Code id="DE21N">
                    <common:Annotations>
                        <common:Annotation>
                            <common:AnnotationType>ORDER</common:AnnotationType>
                            <common:AnnotationText xml:lang="en">10360</common:AnnotationText>
                            <common:AnnotationText xml:lang="fr">10360</common:AnnotationText>
                        </common:Annotation>
                    </common:Annotations>
                    <common:Name xml:lang="en">Weilheim-Schongau</common:Name>
                    <common:Name xml:lang="fr">Weilheim-Schongau</common:Name>
                    <structure:Parent>
                        <Ref id="DE2D"/>
                    </structure:Parent>
                </structure:Code>
                <structure:Code id="DE2C">
                    <common:Annotations>
                        <common:Annotation>
                            <common:AnnotationType>ORDER</common:AnnotationType>
                            <common:AnnotationText xml:lang="en">10370</common:AnnotationText>
                            <common:AnnotationText xml:lang="fr">10370</common:AnnotationText>
                        </common:Annotation>
                    </common:Annotations>
                    <common:Name xml:lang="en">Südostoberbayern</common:Name>
                    <common:Name xml:lang="fr">Südostoberbayern</common:Name>
                    <structure:Parent>
                        <Ref id="DE2"/>
                    </structure:Parent>
                </structure:Code>
                <structure:Code id="DE213">
                    <common:Annotations>
                        <common:Annotation>
                            <common:AnnotationType>ORDER</common:AnnotationType>
                            <common:AnnotationText xml:lang="en">10380</common:AnnotationText>
                            <common:AnnotationText xml:lang="fr">10380</common:AnnotationText>
                        </common:Annotation>
                    </common:Annotations>
                    <common:Name xml:lang="en">Rosenheim Kreisfreie Stadt</common:Name>
                    <common:Name xml:lang="fr">Rosenheim Kreisfreie Stadt</common:Name>
                    <structure:Parent>
                        <Ref id="DE2C"/>
                    </structure:Parent>
                </structure:Code>
                <structure:Code id="DE214">
                    <common:Annotations>
                        <common:Annotation>
                            <common:AnnotationType>ORDER</common:AnnotationType>
                            <common:AnnotationText xml:lang="en">10390</common:AnnotationText>
                            <common:AnnotationText xml:lang="fr">10390</common:AnnotationText>
                        </common:Annotation>
                    </common:Annotations>
                    <common:Name xml:lang="en">Altötting</common:Name>
                    <common:Name xml:lang="fr">Altötting</common:Name>
                    <structure:Parent>
                        <Ref id="DE2C"/>
                    </structure:Parent>
                </structure:Code>
                <structure:Code id="DE215">
                    <common:Annotations>
                        <common:Annotation>
                            <common:AnnotationType>ORDER</common:AnnotationType>
                            <common:AnnotationText xml:lang="en">10400</common:AnnotationText>
                            <common:AnnotationText xml:lang="fr">10400</common:AnnotationText>
                        </common:Annotation>
                    </common:Annotations>
                    <common:Name xml:lang="en">Berchtesgadener Land</common:Name>
                    <common:Name xml:lang="fr">Berchtesgadener Land</common:Name>
                    <structure:Parent>
                        <Ref id="DE2C"/>
                    </structure:Parent>
                </structure:Code>
                <structure:Code id="DE21G">
                    <common:Annotations>
                        <common:Annotation>
                            <common:AnnotationType>ORDER</common:AnnotationType>
                            <common:AnnotationText xml:lang="en">10410</common:AnnotationText>
                            <common:AnnotationText xml:lang="fr">10410</common:AnnotationText>
                        </common:Annotation>
                    </common:Annotations>
                    <common:Name xml:lang="en">Mühldorf a. Inn</common:Name>
                    <common:Name xml:lang="fr">Mühldorf a. Inn</common:Name>
                    <structure:Parent>
                        <Ref id="DE2C"/>
                    </structure:Parent>
                </structure:Code>
                <structure:Code id="DE21K">
                    <common:Annotations>
                        <common:Annotation>
                            <common:AnnotationType>ORDER</common:AnnotationType>
                            <common:AnnotationText xml:lang="en">10420</common:AnnotationText>
                            <common:AnnotationText xml:lang="fr">10420</common:AnnotationText>
                        </common:Annotation>
                    </common:Annotations>
                    <common:Name xml:lang="en">Rosenheim Landkreis</common:Name>
                    <common:Name xml:lang="fr">Rosenheim Landkreis</common:Name>
                    <structure:Parent>
                        <Ref id="DE2C"/>
                    </structure:Parent>
                </structure:Code>
                <structure:Code id="DE21M">
                    <common:Annotations>
                        <common:Annotation>
                            <common:AnnotationType>ORDER</common:AnnotationType>
                            <common:AnnotationText xml:lang="en">10430</common:AnnotationText>
                            <common:AnnotationText xml:lang="fr">10430</common:AnnotationText>
                        </common:Annotation>
                    </common:Annotations>
                    <common:Name xml:lang="en">Traunstein</common:Name>
                    <common:Name xml:lang="fr">Traunstein</common:Name>
                    <structure:Parent>
                        <Ref id="DE2C"/>
                    </structure:Parent>
                </structure:Code>
                <structure:Code id="DE3">
                    <common:Annotations>
                        <common:Annotation>
                            <common:AnnotationType>ORDER</common:AnnotationType>
                            <common:AnnotationText xml:lang="en">10440</common:AnnotationText>
                            <common:AnnotationText xml:lang="fr">10440</common:AnnotationText>
                        </common:Annotation>
                    </common:Annotations>
                    <common:Name xml:lang="en">Berlin</common:Name>
                    <common:Name xml:lang="fr">Berlin</common:Name>
                    <structure:Parent>
                        <Ref id="DEU"/>
                    </structure:Parent>
                </structure:Code>
                <structure:Code id="DE3A">
                    <common:Annotations>
                        <common:Annotation>
                            <common:AnnotationType>ORDER</common:AnnotationType>
                            <common:AnnotationText xml:lang="en">10450</common:AnnotationText>
                            <common:AnnotationText xml:lang="fr">10450</common:AnnotationText>
                        </common:Annotation>
                    </common:Annotations>
                    <common:Name xml:lang="en">Berlin</common:Name>
                    <common:Name xml:lang="fr">Berlin</common:Name>
                    <structure:Parent>
                        <Ref id="DE3"/>
                    </structure:Parent>
                </structure:Code>
                <structure:Code id="DE300">
                    <common:Annotations>
                        <common:Annotation>
                            <common:AnnotationType>ORDER</common:AnnotationType>
                            <common:AnnotationText xml:lang="en">10460</common:AnnotationText>
                            <common:AnnotationText xml:lang="fr">10460</common:AnnotationText>
                        </common:Annotation>
                    </common:Annotations>
                    <common:Name xml:lang="en">Berlin</common:Name>
                    <common:Name xml:lang="fr">Berlin</common:Name>
                    <structure:Parent>
                        <Ref id="DE3A"/>
                    </structure:Parent>
                </structure:Code>
                <structure:Code id="DE4">
                    <common:Annotations>
                        <common:Annotation>
                            <common:AnnotationType>ORDER</common:AnnotationType>
                            <common:AnnotationText xml:lang="en">10470</common:AnnotationText>
                            <common:AnnotationText xml:lang="fr">10470</common:AnnotationText>
                        </common:Annotation>
                    </common:Annotations>
                    <common:Name xml:lang="en">Brandenburg</common:Name>
                    <common:Name xml:lang="fr">Brandenburg</common:Name>
                    <structure:Parent>
                        <Ref id="DEU"/>
                    </structure:Parent>
                </structure:Code>
                <structure:Code id="DE4E">
                    <common:Annotations>
                        <common:Annotation>
                            <common:AnnotationType>ORDER</common:AnnotationType>
                            <common:AnnotationText xml:lang="en">10480</common:AnnotationText>
                            <common:AnnotationText xml:lang="fr">10480</common:AnnotationText>
                        </common:Annotation>
                    </common:Annotations>
                    <common:Name xml:lang="en">Prignitz-Oberhavel</common:Name>
                    <common:Name xml:lang="fr">Prignitz-Oberhavel</common:Name>
                    <structure:Parent>
                        <Ref id="DE4"/>
                    </structure:Parent>
                </structure:Code>
                <structure:Code id="DE40A">
                    <common:Annotations>
                        <common:Annotation>
                            <common:AnnotationType>ORDER</common:AnnotationType>
                            <common:AnnotationText xml:lang="en">10490</common:AnnotationText>
                            <common:AnnotationText xml:lang="fr">10490</common:AnnotationText>
                        </common:Annotation>
                    </common:Annotations>
                    <common:Name xml:lang="en">Oberhavel</common:Name>
                    <common:Name xml:lang="fr">Oberhavel</common:Name>
                    <structure:Parent>
                        <Ref id="DE4E"/>
                    </structure:Parent>
                </structure:Code>
                <structure:Code id="DE40D">
                    <common:Annotations>
                        <common:Annotation>
                            <common:AnnotationType>ORDER</common:AnnotationType>
                            <common:AnnotationText xml:lang="en">10500</common:AnnotationText>
                            <common:AnnotationText xml:lang="fr">10500</common:AnnotationText>
                        </common:Annotation>
                    </common:Annotations>
                    <common:Name xml:lang="en">Ostprignitz-Ruppin</common:Name>
                    <common:Name xml:lang="fr">Ostprignitz-Ruppin</common:Name>
                    <structure:Parent>
                        <Ref id="DE4E"/>
                    </structure:Parent>
                </structure:Code>
                <structure:Code id="DE40F">
                    <common:Annotations>
                        <common:Annotation>
                            <common:AnnotationType>ORDER</common:AnnotationType>
                            <common:AnnotationText xml:lang="en">10510</common:AnnotationText>
                            <common:AnnotationText xml:lang="fr">10510</common:AnnotationText>
                        </common:Annotation>
                    </common:Annotations>
                    <common:Name xml:lang="en">Prignitz</common:Name>
                    <common:Name xml:lang="fr">Prignitz</common:Name>
                    <structure:Parent>
                        <Ref id="DE4E"/>
                    </structure:Parent>
                </structure:Code>
                <structure:Code id="DE4D">
                    <common:Annotations>
                        <common:Annotation>
                            <common:AnnotationType>ORDER</common:AnnotationType>
                            <common:AnnotationText xml:lang="en">10520</common:AnnotationText>
                            <common:AnnotationText xml:lang="fr">10520</common:AnnotationText>
                        </common:Annotation>
                    </common:Annotations>
                    <common:Name xml:lang="en">Uckermark-Barnim</common:Name>
                    <common:Name xml:lang="fr">Uckermark-Barnim</common:Name>
                    <structure:Parent>
                        <Ref id="DE4"/>
                    </structure:Parent>
                </structure:Code>
                <structure:Code id="DE405">
                    <common:Annotations>
                        <common:Annotation>
                            <common:AnnotationType>ORDER</common:AnnotationType>
                            <common:AnnotationText xml:lang="en">10530</common:AnnotationText>
                            <common:AnnotationText xml:lang="fr">10530</common:AnnotationText>
                        </common:Annotation>
                    </common:Annotations>
                    <common:Name xml:lang="en">Barnim</common:Name>
                    <common:Name xml:lang="fr">Barnim</common:Name>
                    <structure:Parent>
                        <Ref id="DE4D"/>
                    </structure:Parent>
                </structure:Code>
                <structure:Code id="DE40I">
                    <common:Annotations>
                        <common:Annotation>
                            <common:AnnotationType>ORDER</common:AnnotationType>
                            <common:AnnotationText xml:lang="en">10540</common:AnnotationText>
                            <common:AnnotationText xml:lang="fr">10540</common:AnnotationText>
                        </common:Annotation>
                    </common:Annotations>
                    <common:Name xml:lang="en">Uckermark</common:Name>
                    <common:Name xml:lang="fr">Uckermark</common:Name>
                    <structure:Parent>
                        <Ref id="DE4D"/>
                    </structure:Parent>
                </structure:Code>
                <structure:Code id="DE4C">
                    <common:Annotations>
                        <common:Annotation>
                            <common:AnnotationType>ORDER</common:AnnotationType>
                            <common:AnnotationText xml:lang="en">10550</common:AnnotationText>
                            <common:AnnotationText xml:lang="fr">10550</common:AnnotationText>
                        </common:Annotation>
                    </common:Annotations>
                    <common:Name xml:lang="en">Oderland-Spree</common:Name>
                    <common:Name xml:lang="fr">Oderland-Spree</common:Name>
                    <structure:Parent>
                        <Ref id="DE4"/>
                    </structure:Parent>
                </structure:Code>
                <structure:Code id="DE403">
                    <common:Annotations>
                        <common:Annotation>
                            <common:AnnotationType>ORDER</common:AnnotationType>
                            <common:AnnotationText xml:lang="en">10560</common:AnnotationText>
                            <common:AnnotationText xml:lang="fr">10560</common:AnnotationText>
                        </common:Annotation>
                    </common:Annotations>
                    <common:Name xml:lang="en">Frankfurt (Oder) Kreisfreie Stadt</common:Name>
                    <common:Name xml:lang="fr">Frankfurt (Oder) Kreisfreie Stadt</common:Name>
                    <structure:Parent>
                        <Ref id="DE4C"/>
                    </structure:Parent>
                </structure:Code>
                <structure:Code id="DE409">
                    <common:Annotations>
                        <common:Annotation>
                            <common:AnnotationType>ORDER</common:AnnotationType>
                            <common:AnnotationText xml:lang="en">10570</common:AnnotationText>
                            <common:AnnotationText xml:lang="fr">10570</common:AnnotationText>
                        </common:Annotation>
                    </common:Annotations>
                    <common:Name xml:lang="en">Märkisch-Oderland</common:Name>
                    <common:Name xml:lang="fr">Märkisch-Oderland</common:Name>
                    <structure:Parent>
                        <Ref id="DE4C"/>
                    </structure:Parent>
                </structure:Code>
                <structure:Code id="DE40C">
                    <common:Annotations>
                        <common:Annotation>
                            <common:AnnotationType>ORDER</common:AnnotationType>
                            <common:AnnotationText xml:lang="en">10580</common:AnnotationText>
                            <common:AnnotationText xml:lang="fr">10580</common:AnnotationText>
                        </common:Annotation>
                    </common:Annotations>
                    <common:Name xml:lang="en">Oder-Spree</common:Name>
                    <common:Name xml:lang="fr">Oder-Spree</common:Name>
                    <structure:Parent>
                        <Ref id="DE4C"/>
                    </structure:Parent>
                </structure:Code>
                <structure:Code id="DE4B">
                    <common:Annotations>
                        <common:Annotation>
                            <common:AnnotationType>ORDER</common:AnnotationType>
                            <common:AnnotationText xml:lang="en">10590</common:AnnotationText>
                            <common:AnnotationText xml:lang="fr">10590</common:AnnotationText>
                        </common:Annotation>
                    </common:Annotations>
                    <common:Name xml:lang="en">Lausitz-Spreewald</common:Name>
                    <common:Name xml:lang="fr">Lausitz-Spreewald</common:Name>
                    <structure:Parent>
                        <Ref id="DE4"/>
                    </structure:Parent>
                </structure:Code>
                <structure:Code id="DE402">
                    <common:Annotations>
                        <common:Annotation>
                            <common:AnnotationType>ORDER</common:AnnotationType>
                            <common:AnnotationText xml:lang="en">10600</common:AnnotationText>
                            <common:AnnotationText xml:lang="fr">10600</common:AnnotationText>
                        </common:Annotation>
                    </common:Annotations>
                    <common:Name xml:lang="en">Cottbus Kreisfreie Stadt</common:Name>
                    <common:Name xml:lang="fr">Cottbus Kreisfreie Stadt</common:Name>
                    <structure:Parent>
                        <Ref id="DE4B"/>
                    </structure:Parent>
                </structure:Code>
                <structure:Code id="DE406">
                    <common:Annotations>
                        <common:Annotation>
                            <common:AnnotationType>ORDER</common:AnnotationType>
                            <common:AnnotationText xml:lang="en">10610</common:AnnotationText>
                            <common:AnnotationText xml:lang="fr">10610</common:AnnotationText>
                        </common:Annotation>
                    </common:Annotations>
                    <common:Name xml:lang="en">Dahme-Spreewald</common:Name>
                    <common:Name xml:lang="fr">Dahme-Spreewald</common:Name>
                    <structure:Parent>
                        <Ref id="DE4B"/>
                    </structure:Parent>
                </structure:Code>
                <structure:Code id="DE407">
                    <common:Annotations>
                        <common:Annotation>
                            <common:AnnotationType>ORDER</common:AnnotationType>
                            <common:AnnotationText xml:lang="en">10620</common:AnnotationText>
                            <common:AnnotationText xml:lang="fr">10620</common:AnnotationText>
                        </common:Annotation>
                    </common:Annotations>
                    <common:Name xml:lang="en">Elbe-Elster</common:Name>
                    <common:Name xml:lang="fr">Elbe-Elster</common:Name>
                    <structure:Parent>
                        <Ref id="DE4B"/>
                    </structure:Parent>
                </structure:Code>
                <structure:Code id="DE40B">
                    <common:Annotations>
                        <common:Annotation>
                            <common:AnnotationType>ORDER</common:AnnotationType>
                            <common:AnnotationText xml:lang="en">10630</common:AnnotationText>
                            <common:AnnotationText xml:lang="fr">10630</common:AnnotationText>
                        </common:Annotation>
                    </common:Annotations>
                    <common:Name xml:lang="en">Oberspreewald-Lausitz</common:Name>
                    <common:Name xml:lang="fr">Oberspreewald-Lausitz</common:Name>
                    <structure:Parent>
                        <Ref id="DE4B"/>
                    </structure:Parent>
                </structure:Code>
                <structure:Code id="DE40G">
                    <common:Annotations>
                        <common:Annotation>
                            <common:AnnotationType>ORDER</common:AnnotationType>
                            <common:AnnotationText xml:lang="en">10640</common:AnnotationText>
                            <common:AnnotationText xml:lang="fr">10640</common:AnnotationText>
                        </common:Annotation>
                    </common:Annotations>
                    <common:Name xml:lang="en">Spree-Neiße</common:Name>
                    <common:Name xml:lang="fr">Spree-Neiße</common:Name>
                    <structure:Parent>
                        <Ref id="DE4B"/>
                    </structure:Parent>
                </structure:Code>
                <structure:Code id="DE4A">
                    <common:Annotations>
                        <common:Annotation>
                            <common:AnnotationType>ORDER</common:AnnotationType>
                            <common:AnnotationText xml:lang="en">10650</common:AnnotationText>
                            <common:AnnotationText xml:lang="fr">10650</common:AnnotationText>
                        </common:Annotation>
                    </common:Annotations>
                    <common:Name xml:lang="en">Havelland-Fläming</common:Name>
                    <common:Name xml:lang="fr">Havelland-Fläming</common:Name>
                    <structure:Parent>
                        <Ref id="DE4"/>
                    </structure:Parent>
                </structure:Code>
                <structure:Code id="DE401">
                    <common:Annotations>
                        <common:Annotation>
                            <common:AnnotationType>ORDER</common:AnnotationType>
                            <common:AnnotationText xml:lang="en">10660</common:AnnotationText>
                            <common:AnnotationText xml:lang="fr">10660</common:AnnotationText>
                        </common:Annotation>
                    </common:Annotations>
                    <common:Name xml:lang="en">Brandenburg an der Havel Kreisfreie Stadt</common:Name>
                    <common:Name xml:lang="fr">Brandenburg an der Havel Kreisfreie Stadt</common:Name>
                    <structure:Parent>
                        <Ref id="DE4A"/>
                    </structure:Parent>
                </structure:Code>
                <structure:Code id="DE404">
                    <common:Annotations>
                        <common:Annotation>
                            <common:AnnotationType>ORDER</common:AnnotationType>
                            <common:AnnotationText xml:lang="en">10670</common:AnnotationText>
                            <common:AnnotationText xml:lang="fr">10670</common:AnnotationText>
                        </common:Annotation>
                    </common:Annotations>
                    <common:Name xml:lang="en">Potsdam Kreisfreie Stadt</common:Name>
                    <common:Name xml:lang="fr">Potsdam Kreisfreie Stadt</common:Name>
                    <structure:Parent>
                        <Ref id="DE4A"/>
                    </structure:Parent>
                </structure:Code>
                <structure:Code id="DE408">
                    <common:Annotations>
                        <common:Annotation>
                            <common:AnnotationType>ORDER</common:AnnotationType>
                            <common:AnnotationText xml:lang="en">10680</common:AnnotationText>
                            <common:AnnotationText xml:lang="fr">10680</common:AnnotationText>
                        </common:Annotation>
                    </common:Annotations>
                    <common:Name xml:lang="en">Havelland</common:Name>
                    <common:Name xml:lang="fr">Havelland</common:Name>
                    <structure:Parent>
                        <Ref id="DE4A"/>
                    </structure:Parent>
                </structure:Code>
                <structure:Code id="DE40E">
                    <common:Annotations>
                        <common:Annotation>
                            <common:AnnotationType>ORDER</common:AnnotationType>
                            <common:AnnotationText xml:lang="en">10690</common:AnnotationText>
                            <common:AnnotationText xml:lang="fr">10690</common:AnnotationText>
                        </common:Annotation>
                    </common:Annotations>
                    <common:Name xml:lang="en">Potsdam-Mittelmark</common:Name>
                    <common:Name xml:lang="fr">Potsdam-Mittelmark</common:Name>
                    <structure:Parent>
                        <Ref id="DE4A"/>
                    </structure:Parent>
                </structure:Code>
                <structure:Code id="DE40H">
                    <common:Annotations>
                        <common:Annotation>
                            <common:AnnotationType>ORDER</common:AnnotationType>
                            <common:AnnotationText xml:lang="en">10700</common:AnnotationText>
                            <common:AnnotationText xml:lang="fr">10700</common:AnnotationText>
                        </common:Annotation>
                    </common:Annotations>
                    <common:Name xml:lang="en">Teltow-Fläming</common:Name>
                    <common:Name xml:lang="fr">Teltow-Fläming</common:Name>
                    <structure:Parent>
                        <Ref id="DE4A"/>
                    </structure:Parent>
                </structure:Code>
                <structure:Code id="DE5">
                    <common:Annotations>
                        <common:Annotation>
                            <common:AnnotationType>ORDER</common:AnnotationType>
                            <common:AnnotationText xml:lang="en">10710</common:AnnotationText>
                            <common:AnnotationText xml:lang="fr">10710</common:AnnotationText>
                        </common:Annotation>
                    </common:Annotations>
                    <common:Name xml:lang="en">Bremen</common:Name>
                    <common:Name xml:lang="fr">Bremen</common:Name>
                    <structure:Parent>
                        <Ref id="DEU"/>
                    </structure:Parent>
                </structure:Code>
                <structure:Code id="DE5A">
                    <common:Annotations>
                        <common:Annotation>
                            <common:AnnotationType>ORDER</common:AnnotationType>
                            <common:AnnotationText xml:lang="en">10720</common:AnnotationText>
                            <common:AnnotationText xml:lang="fr">10720</common:AnnotationText>
                        </common:Annotation>
                    </common:Annotations>
                    <common:Name xml:lang="en">Bremen</common:Name>
                    <common:Name xml:lang="fr">Bremen</common:Name>
                    <structure:Parent>
                        <Ref id="DE5"/>
                    </structure:Parent>
                </structure:Code>
                <structure:Code id="DE501">
                    <common:Annotations>
                        <common:Annotation>
                            <common:AnnotationType>ORDER</common:AnnotationType>
                            <common:AnnotationText xml:lang="en">10730</common:AnnotationText>
                            <common:AnnotationText xml:lang="fr">10730</common:AnnotationText>
                        </common:Annotation>
                    </common:Annotations>
                    <common:Name xml:lang="en">Bremen Kreisfreie Stadt</common:Name>
                    <common:Name xml:lang="fr">Bremen Kreisfreie Stadt</common:Name>
                    <structure:Parent>
                        <Ref id="DE5A"/>
                    </structure:Parent>
                </structure:Code>
                <structure:Code id="DE5B">
                    <common:Annotations>
                        <common:Annotation>
                            <common:AnnotationType>ORDER</common:AnnotationType>
                            <common:AnnotationText xml:lang="en">10740</common:AnnotationText>
                            <common:AnnotationText xml:lang="fr">10740</common:AnnotationText>
                        </common:Annotation>
                    </common:Annotations>
                    <common:Name xml:lang="en">Bremerhaven</common:Name>
                    <common:Name xml:lang="fr">Bremerhaven</common:Name>
                    <structure:Parent>
                        <Ref id="DE5"/>
                    </structure:Parent>
                </structure:Code>
                <structure:Code id="DE502">
                    <common:Annotations>
                        <common:Annotation>
                            <common:AnnotationType>ORDER</common:AnnotationType>
                            <common:AnnotationText xml:lang="en">10750</common:AnnotationText>
                            <common:AnnotationText xml:lang="fr">10750</common:AnnotationText>
                        </common:Annotation>
                    </common:Annotations>
                    <common:Name xml:lang="en">Bremerhaven Kreisfreie Stadt</common:Name>
                    <common:Name xml:lang="fr">Bremerhaven Kreisfreie Stadt</common:Name>
                    <structure:Parent>
                        <Ref id="DE5B"/>
                    </structure:Parent>
                </structure:Code>
                <structure:Code id="DE932">
                    <common:Annotations>
                        <common:Annotation>
                            <common:AnnotationType>ORDER</common:AnnotationType>
                            <common:AnnotationText xml:lang="en">10760</common:AnnotationText>
                            <common:AnnotationText xml:lang="fr">10760</common:AnnotationText>
                        </common:Annotation>
                    </common:Annotations>
                    <common:Name xml:lang="en">Cuxhaven</common:Name>
                    <common:Name xml:lang="fr">Cuxhaven</common:Name>
                    <structure:Parent>
                        <Ref id="DE5B"/>
                    </structure:Parent>
                </structure:Code>
                <structure:Code id="DE94G">
                    <common:Annotations>
                        <common:Annotation>
                            <common:AnnotationType>ORDER</common:AnnotationType>
                            <common:AnnotationText xml:lang="en">10770</common:AnnotationText>
                            <common:AnnotationText xml:lang="fr">10770</common:AnnotationText>
                        </common:Annotation>
                    </common:Annotations>
                    <common:Name xml:lang="en">Wesermarsch</common:Name>
                    <common:Name xml:lang="fr">Wesermarsch</common:Name>
                    <structure:Parent>
                        <Ref id="DE5B"/>
                    </structure:Parent>
                </structure:Code>
                <structure:Code id="DE6">
                    <common:Annotations>
                        <common:Annotation>
                            <common:AnnotationType>ORDER</common:AnnotationType>
                            <common:AnnotationText xml:lang="en">10780</common:AnnotationText>
                            <common:AnnotationText xml:lang="fr">10780</common:AnnotationText>
                        </common:Annotation>
                    </common:Annotations>
                    <common:Name xml:lang="en">Hamburg</common:Name>
                    <common:Name xml:lang="fr">Hamburg</common:Name>
                    <structure:Parent>
                        <Ref id="DEU"/>
                    </structure:Parent>
                </structure:Code>
                <structure:Code id="DE6A">
                    <common:Annotations>
                        <common:Annotation>
                            <common:AnnotationType>ORDER</common:AnnotationType>
                            <common:AnnotationText xml:lang="en">10790</common:AnnotationText>
                            <common:AnnotationText xml:lang="fr">10790</common:AnnotationText>
                        </common:Annotation>
                    </common:Annotations>
                    <common:Name xml:lang="en">Hamburg</common:Name>
                    <common:Name xml:lang="fr">Hamburg</common:Name>
                    <structure:Parent>
                        <Ref id="DE6"/>
                    </structure:Parent>
                </structure:Code>
                <structure:Code id="DE600">
                    <common:Annotations>
                        <common:Annotation>
                            <common:AnnotationType>ORDER</common:AnnotationType>
                            <common:AnnotationText xml:lang="en">10800</common:AnnotationText>
                            <common:AnnotationText xml:lang="fr">10800</common:AnnotationText>
                        </common:Annotation>
                    </common:Annotations>
                    <common:Name xml:lang="en">Hamburg</common:Name>
                    <common:Name xml:lang="fr">Hamburg</common:Name>
                    <structure:Parent>
                        <Ref id="DE6A"/>
                    </structure:Parent>
                </structure:Code>
                <structure:Code id="DE7">
                    <common:Annotations>
                        <common:Annotation>
                            <common:AnnotationType>ORDER</common:AnnotationType>
                            <common:AnnotationText xml:lang="en">10810</common:AnnotationText>
                            <common:AnnotationText xml:lang="fr">10810</common:AnnotationText>
                        </common:Annotation>
                    </common:Annotations>
                    <common:Name xml:lang="en">Hesse</common:Name>
                    <common:Name xml:lang="fr">Hesse</common:Name>
                    <structure:Parent>
                        <Ref id="DEU"/>
                    </structure:Parent>
                </structure:Code>
                <structure:Code id="DE7D">
                    <common:Annotations>
                        <common:Annotation>
                            <common:AnnotationType>ORDER</common:AnnotationType>
                            <common:AnnotationText xml:lang="en">10820</common:AnnotationText>
                            <common:AnnotationText xml:lang="fr">10820</common:AnnotationText>
                        </common:Annotation>
                    </common:Annotations>
                    <common:Name xml:lang="en">Nordhessen</common:Name>
                    <common:Name xml:lang="fr">Nordhessen</common:Name>
                    <structure:Parent>
                        <Ref id="DE7"/>
                    </structure:Parent>
                </structure:Code>
                <structure:Code id="DE731">
                    <common:Annotations>
                        <common:Annotation>
                            <common:AnnotationType>ORDER</common:AnnotationType>
                            <common:AnnotationText xml:lang="en">10830</common:AnnotationText>
                            <common:AnnotationText xml:lang="fr">10830</common:AnnotationText>
                        </common:Annotation>
                    </common:Annotations>
                    <common:Name xml:lang="en">Kassel Kreisfreie Stadt</common:Name>
                    <common:Name xml:lang="fr">Kassel Kreisfreie Stadt</common:Name>
                    <structure:Parent>
                        <Ref id="DE7D"/>
                    </structure:Parent>
                </structure:Code>
                <structure:Code id="DE734">
                    <common:Annotations>
                        <common:Annotation>
                            <common:AnnotationType>ORDER</common:AnnotationType>
                            <common:AnnotationText xml:lang="en">10840</common:AnnotationText>
                            <common:AnnotationText xml:lang="fr">10840</common:AnnotationText>
                        </common:Annotation>
                    </common:Annotations>
                    <common:Name xml:lang="en">Kassel Landkreis</common:Name>
                    <common:Name xml:lang="fr">Kassel Landkreis</common:Name>
                    <structure:Parent>
                        <Ref id="DE7D"/>
                    </structure:Parent>
                </structure:Code>
                <structure:Code id="DE735">
                    <common:Annotations>
                        <common:Annotation>
                            <common:AnnotationType>ORDER</common:AnnotationType>
                            <common:AnnotationText xml:lang="en">10850</common:AnnotationText>
                            <common:AnnotationText xml:lang="fr">10850</common:AnnotationText>
                        </common:Annotation>
                    </common:Annotations>
                    <common:Name xml:lang="en">Schwalm-Eder-Kreis</common:Name>
                    <common:Name xml:lang="fr">Schwalm-Eder-Kreis</common:Name>
                    <structure:Parent>
                        <Ref id="DE7D"/>
                    </structure:Parent>
                </structure:Code>
                <structure:Code id="DE736">
                    <common:Annotations>
                        <common:Annotation>
                            <common:AnnotationType>ORDER</common:AnnotationType>
                            <common:AnnotationText xml:lang="en">10860</common:AnnotationText>
                            <common:AnnotationText xml:lang="fr">10860</common:AnnotationText>
                        </common:Annotation>
                    </common:Annotations>
                    <common:Name xml:lang="en">Waldeck-Frankenberg</common:Name>
                    <common:Name xml:lang="fr">Waldeck-Frankenberg</common:Name>
                    <structure:Parent>
                        <Ref id="DE7D"/>
                    </structure:Parent>
                </structure:Code>
                <structure:Code id="DE737">
                    <common:Annotations>
                        <common:Annotation>
                            <common:AnnotationType>ORDER</common:AnnotationType>
                            <common:AnnotationText xml:lang="en">10870</common:AnnotationText>
                            <common:AnnotationText xml:lang="fr">10870</common:AnnotationText>
                        </common:Annotation>
                    </common:Annotations>
                    <common:Name xml:lang="en">Werra-Meißner-Kreis</common:Name>
                    <common:Name xml:lang="fr">Werra-Meißner-Kreis</common:Name>
                    <structure:Parent>
                        <Ref id="DE7D"/>
                    </structure:Parent>
                </structure:Code>
                <structure:Code id="DE7C">
                    <common:Annotations>
                        <common:Annotation>
                            <common:AnnotationType>ORDER</common:AnnotationType>
                            <common:AnnotationText xml:lang="en">10880</common:AnnotationText>
                            <common:AnnotationText xml:lang="fr">10880</common:AnnotationText>
                        </common:Annotation>
                    </common:Annotations>
                    <common:Name xml:lang="en">Mittelhessen</common:Name>
                    <common:Name xml:lang="fr">Mittelhessen</common:Name>
                    <structure:Parent>
                        <Ref id="DE7"/>
                    </structure:Parent>
                </structure:Code>
                <structure:Code id="DE721">
                    <common:Annotations>
                        <common:Annotation>
                            <common:AnnotationType>ORDER</common:AnnotationType>
                            <common:AnnotationText xml:lang="en">10890</common:AnnotationText>
                            <common:AnnotationText xml:lang="fr">10890</common:AnnotationText>
                        </common:Annotation>
                    </common:Annotations>
                    <common:Name xml:lang="en">Gießen Landkreis</common:Name>
                    <common:Name xml:lang="fr">Gießen Landkreis</common:Name>
                    <structure:Parent>
                        <Ref id="DE7C"/>
                    </structure:Parent>
                </structure:Code>
                <structure:Code id="DE722">
                    <common:Annotations>
                        <common:Annotation>
                            <common:AnnotationType>ORDER</common:AnnotationType>
                            <common:AnnotationText xml:lang="en">10900</common:AnnotationText>
                            <common:AnnotationText xml:lang="fr">10900</common:AnnotationText>
                        </common:Annotation>
                    </common:Annotations>
                    <common:Name xml:lang="en">Lahn-Dill-Kreis</common:Name>
                    <common:Name xml:lang="fr">Lahn-Dill-Kreis</common:Name>
                    <structure:Parent>
                        <Ref id="DE7C"/>
                    </structure:Parent>
                </structure:Code>
                <structure:Code id="DE723">
                    <common:Annotations>
                        <common:Annotation>
                            <common:AnnotationType>ORDER</common:AnnotationType>
                            <common:AnnotationText xml:lang="en">10910</common:AnnotationText>
                            <common:AnnotationText xml:lang="fr">10910</common:AnnotationText>
                        </common:Annotation>
                    </common:Annotations>
                    <common:Name xml:lang="en">Limburg-Weilburg</common:Name>
                    <common:Name xml:lang="fr">Limburg-Weilburg</common:Name>
                    <structure:Parent>
                        <Ref id="DE7C"/>
                    </structure:Parent>
                </structure:Code>
                <structure:Code id="DE724">
                    <common:Annotations>
                        <common:Annotation>
                            <common:AnnotationType>ORDER</common:AnnotationType>
                            <common:AnnotationText xml:lang="en">10920</common:AnnotationText>
                            <common:AnnotationText xml:lang="fr">10920</common:AnnotationText>
                        </common:Annotation>
                    </common:Annotations>
                    <common:Name xml:lang="en">Marburg-Biedenkopf</common:Name>
                    <common:Name xml:lang="fr">Marburg-Biedenkopf</common:Name>
                    <structure:Parent>
                        <Ref id="DE7C"/>
                    </structure:Parent>
                </structure:Code>
                <structure:Code id="DE725">
                    <common:Annotations>
                        <common:Annotation>
                            <common:AnnotationType>ORDER</common:AnnotationType>
                            <common:AnnotationText xml:lang="en">10930</common:AnnotationText>
                            <common:AnnotationText xml:lang="fr">10930</common:AnnotationText>
                        </common:Annotation>
                    </common:Annotations>
                    <common:Name xml:lang="en">Vogelsbergkreis</common:Name>
                    <common:Name xml:lang="fr">Vogelsbergkreis</common:Name>
                    <structure:Parent>
                        <Ref id="DE7C"/>
                    </structure:Parent>
                </structure:Code>
                <structure:Code id="DE7E">
                    <common:Annotations>
                        <common:Annotation>
                            <common:AnnotationType>ORDER</common:AnnotationType>
                            <common:AnnotationText xml:lang="en">10940</common:AnnotationText>
                            <common:AnnotationText xml:lang="fr">10940</common:AnnotationText>
                        </common:Annotation>
                    </common:Annotations>
                    <common:Name xml:lang="en">Osthessen</common:Name>
                    <common:Name xml:lang="fr">Osthessen</common:Name>
                    <structure:Parent>
                        <Ref id="DE7"/>
                    </structure:Parent>
                </structure:Code>
                <structure:Code id="DE732">
                    <common:Annotations>
                        <common:Annotation>
                            <common:AnnotationType>ORDER</common:AnnotationType>
                            <common:AnnotationText xml:lang="en">10950</common:AnnotationText>
                            <common:AnnotationText xml:lang="fr">10950</common:AnnotationText>
                        </common:Annotation>
                    </common:Annotations>
                    <common:Name xml:lang="en">Fulda</common:Name>
                    <common:Name xml:lang="fr">Fulda</common:Name>
                    <structure:Parent>
                        <Ref id="DE7E"/>
                    </structure:Parent>
                </structure:Code>
                <structure:Code id="DE733">
                    <common:Annotations>
                        <common:Annotation>
                            <common:AnnotationType>ORDER</common:AnnotationType>
                            <common:AnnotationText xml:lang="en">10960</common:AnnotationText>
                            <common:AnnotationText xml:lang="fr">10960</common:AnnotationText>
                        </common:Annotation>
                    </common:Annotations>
                    <common:Name xml:lang="en">Hersfeld-Rotenburg</common:Name>
                    <common:Name xml:lang="fr">Hersfeld-Rotenburg</common:Name>
                    <structure:Parent>
                        <Ref id="DE7E"/>
                    </structure:Parent>
                </structure:Code>
                <structure:Code id="DE7B">
                    <common:Annotations>
                        <common:Annotation>
                            <common:AnnotationType>ORDER</common:AnnotationType>
                            <common:AnnotationText xml:lang="en">10970</common:AnnotationText>
                            <common:AnnotationText xml:lang="fr">10970</common:AnnotationText>
                        </common:Annotation>
                    </common:Annotations>
                    <common:Name xml:lang="en">Rhein-Main</common:Name>
                    <common:Name xml:lang="fr">Rhein-Main</common:Name>
                    <structure:Parent>
                        <Ref id="DE7"/>
                    </structure:Parent>
                </structure:Code>
                <structure:Code id="DE712">
                    <common:Annotations>
                        <common:Annotation>
                            <common:AnnotationType>ORDER</common:AnnotationType>
                            <common:AnnotationText xml:lang="en">10980</common:AnnotationText>
                            <common:AnnotationText xml:lang="fr">10980</common:AnnotationText>
                        </common:Annotation>
                    </common:Annotations>
                    <common:Name xml:lang="en">Frankfurt am Main Kreisfreie Stadt</common:Name>
                    <common:Name xml:lang="fr">Frankfurt am Main Kreisfreie Stadt</common:Name>
                    <structure:Parent>
                        <Ref id="DE7B"/>
                    </structure:Parent>
                </structure:Code>
                <structure:Code id="DE713">
                    <common:Annotations>
                        <common:Annotation>
                            <common:AnnotationType>ORDER</common:AnnotationType>
                            <common:AnnotationText xml:lang="en">10990</common:AnnotationText>
                            <common:AnnotationText xml:lang="fr">10990</common:AnnotationText>
                        </common:Annotation>
                    </common:Annotations>
                    <common:Name xml:lang="en">Offenbach am Main Kreisfreie Stadt</common:Name>
                    <common:Name xml:lang="fr">Offenbach am Main Kreisfreie Stadt</common:Name>
                    <structure:Parent>
                        <Ref id="DE7B"/>
                    </structure:Parent>
                </structure:Code>
                <structure:Code id="DE714">
                    <common:Annotations>
                        <common:Annotation>
                            <common:AnnotationType>ORDER</common:AnnotationType>
                            <common:AnnotationText xml:lang="en">11000</common:AnnotationText>
                            <common:AnnotationText xml:lang="fr">11000</common:AnnotationText>
                        </common:Annotation>
                    </common:Annotations>
                    <common:Name xml:lang="en">Wiesbaden Kreisfreie Stadt</common:Name>
                    <common:Name xml:lang="fr">Wiesbaden Kreisfreie Stadt</common:Name>
                    <structure:Parent>
                        <Ref id="DE7B"/>
                    </structure:Parent>
                </structure:Code>
                <structure:Code id="DE718">
                    <common:Annotations>
                        <common:Annotation>
                            <common:AnnotationType>ORDER</common:AnnotationType>
                            <common:AnnotationText xml:lang="en">11010</common:AnnotationText>
                            <common:AnnotationText xml:lang="fr">11010</common:AnnotationText>
                        </common:Annotation>
                    </common:Annotations>
                    <common:Name xml:lang="en">Hochtaunuskreis</common:Name>
                    <common:Name xml:lang="fr">Hochtaunuskreis</common:Name>
                    <structure:Parent>
                        <Ref id="DE7B"/>
                    </structure:Parent>
                </structure:Code>
                <structure:Code id="DE719">
                    <common:Annotations>
                        <common:Annotation>
                            <common:AnnotationType>ORDER</common:AnnotationType>
                            <common:AnnotationText xml:lang="en">11020</common:AnnotationText>
                            <common:AnnotationText xml:lang="fr">11020</common:AnnotationText>
                        </common:Annotation>
                    </common:Annotations>
                    <common:Name xml:lang="en">Main-Kinzig-Kreis</common:Name>
                    <common:Name xml:lang="fr">Main-Kinzig-Kreis</common:Name>
                    <structure:Parent>
                        <Ref id="DE7B"/>
                    </structure:Parent>
                </structure:Code>
                <structure:Code id="DE71A">
                    <common:Annotations>
                        <common:Annotation>
                            <common:AnnotationType>ORDER</common:AnnotationType>
                            <common:AnnotationText xml:lang="en">11030</common:AnnotationText>
                            <common:AnnotationText xml:lang="fr">11030</common:AnnotationText>
                        </common:Annotation>
                    </common:Annotations>
                    <common:Name xml:lang="en">Main-Taunus-Kreis</common:Name>
                    <common:Name xml:lang="fr">Main-Taunus-Kreis</common:Name>
                    <structure:Parent>
                        <Ref id="DE7B"/>
                    </structure:Parent>
                </structure:Code>
                <structure:Code id="DE71C">
                    <common:Annotations>
                        <common:Annotation>
                            <common:AnnotationType>ORDER</common:AnnotationType>
                            <common:AnnotationText xml:lang="en">11040</common:AnnotationText>
                            <common:AnnotationText xml:lang="fr">11040</common:AnnotationText>
                        </common:Annotation>
                    </common:Annotations>
                    <common:Name xml:lang="en">Offenbach Landkreis</common:Name>
                    <common:Name xml:lang="fr">Offenbach Landkreis</common:Name>
                    <structure:Parent>
                        <Ref id="DE7B"/>
                    </structure:Parent>
                </structure:Code>
                <structure:Code id="DE71D">
                    <common:Annotations>
                        <common:Annotation>
                            <common:AnnotationType>ORDER</common:AnnotationType>
                            <common:AnnotationText xml:lang="en">11050</common:AnnotationText>
                            <common:AnnotationText xml:lang="fr">11050</common:AnnotationText>
                        </common:Annotation>
                    </common:Annotations>
                    <common:Name xml:lang="en">Rheingau-Taunus-Kreis</common:Name>
                    <common:Name xml:lang="fr">Rheingau-Taunus-Kreis</common:Name>
                    <structure:Parent>
                        <Ref id="DE7B"/>
                    </structure:Parent>
                </structure:Code>
                <structure:Code id="DE71E">
                    <common:Annotations>
                        <common:Annotation>
                            <common:AnnotationType>ORDER</common:AnnotationType>
                            <common:AnnotationText xml:lang="en">11060</common:AnnotationText>
                            <common:AnnotationText xml:lang="fr">11060</common:AnnotationText>
                        </common:Annotation>
                    </common:Annotations>
                    <common:Name xml:lang="en">Wetteraukreis</common:Name>
                    <common:Name xml:lang="fr">Wetteraukreis</common:Name>
                    <structure:Parent>
                        <Ref id="DE7B"/>
                    </structure:Parent>
                </structure:Code>
                <structure:Code id="DE7A">
                    <common:Annotations>
                        <common:Annotation>
                            <common:AnnotationType>ORDER</common:AnnotationType>
                            <common:AnnotationText xml:lang="en">11070</common:AnnotationText>
                            <common:AnnotationText xml:lang="fr">11070</common:AnnotationText>
                        </common:Annotation>
                    </common:Annotations>
                    <common:Name xml:lang="en">Starkenburg</common:Name>
                    <common:Name xml:lang="fr">Starkenburg</common:Name>
                    <structure:Parent>
                        <Ref id="DE7"/>
                    </structure:Parent>
                </structure:Code>
                <structure:Code id="DE711">
                    <common:Annotations>
                        <common:Annotation>
                            <common:AnnotationType>ORDER</common:AnnotationType>
                            <common:AnnotationText xml:lang="en">11080</common:AnnotationText>
                            <common:AnnotationText xml:lang="fr">11080</common:AnnotationText>
                        </common:Annotation>
                    </common:Annotations>
                    <common:Name xml:lang="en">Darmstadt Kreisfreie Stadt</common:Name>
                    <common:Name xml:lang="fr">Darmstadt Kreisfreie Stadt</common:Name>
                    <structure:Parent>
                        <Ref id="DE7A"/>
                    </structure:Parent>
                </structure:Code>
                <structure:Code id="DE715">
                    <common:Annotations>
                        <common:Annotation>
                            <common:AnnotationType>ORDER</common:AnnotationType>
                            <common:AnnotationText xml:lang="en">11090</common:AnnotationText>
                            <common:AnnotationText xml:lang="fr">11090</common:AnnotationText>
                        </common:Annotation>
                    </common:Annotations>
                    <common:Name xml:lang="en">Bergstraße</common:Name>
                    <common:Name xml:lang="fr">Bergstraße</common:Name>
                    <structure:Parent>
                        <Ref id="DE7A"/>
                    </structure:Parent>
                </structure:Code>
                <structure:Code id="DE716">
                    <common:Annotations>
                        <common:Annotation>
                            <common:AnnotationType>ORDER</common:AnnotationType>
                            <common:AnnotationText xml:lang="en">11100</common:AnnotationText>
                            <common:AnnotationText xml:lang="fr">11100</common:AnnotationText>
                        </common:Annotation>
                    </common:Annotations>
                    <common:Name xml:lang="en">Darmstadt-Dieburg</common:Name>
                    <common:Name xml:lang="fr">Darmstadt-Dieburg</common:Name>
                    <structure:Parent>
                        <Ref id="DE7A"/>
                    </structure:Parent>
                </structure:Code>
                <structure:Code id="DE717">
                    <common:Annotations>
                        <common:Annotation>
                            <common:AnnotationType>ORDER</common:AnnotationType>
                            <common:AnnotationText xml:lang="en">11110</common:AnnotationText>
                            <common:AnnotationText xml:lang="fr">11110</common:AnnotationText>
                        </common:Annotation>
                    </common:Annotations>
                    <common:Name xml:lang="en">Groß-Gerau</common:Name>
                    <common:Name xml:lang="fr">Groß-Gerau</common:Name>
                    <structure:Parent>
                        <Ref id="DE7A"/>
                    </structure:Parent>
                </structure:Code>
                <structure:Code id="DE71B">
                    <common:Annotations>
                        <common:Annotation>
                            <common:AnnotationType>ORDER</common:AnnotationType>
                            <common:AnnotationText xml:lang="en">11120</common:AnnotationText>
                            <common:AnnotationText xml:lang="fr">11120</common:AnnotationText>
                        </common:Annotation>
                    </common:Annotations>
                    <common:Name xml:lang="en">Odenwaldkreis</common:Name>
                    <common:Name xml:lang="fr">Odenwaldkreis</common:Name>
                    <structure:Parent>
                        <Ref id="DE7A"/>
                    </structure:Parent>
                </structure:Code>
                <structure:Code id="DE8">
                    <common:Annotations>
                        <common:Annotation>
                            <common:AnnotationType>ORDER</common:AnnotationType>
                            <common:AnnotationText xml:lang="en">11130</common:AnnotationText>
                            <common:AnnotationText xml:lang="fr">11130</common:AnnotationText>
                        </common:Annotation>
                    </common:Annotations>
                    <common:Name xml:lang="en">Mecklenburg-Vorpommern</common:Name>
                    <common:Name xml:lang="fr">Mecklenburg-Vorpommern</common:Name>
                    <structure:Parent>
                        <Ref id="DEU"/>
                    </structure:Parent>
                </structure:Code>
                <structure:Code id="DE8B">
                    <common:Annotations>
                        <common:Annotation>
                            <common:AnnotationType>ORDER</common:AnnotationType>
                            <common:AnnotationText xml:lang="en">11140</common:AnnotationText>
                            <common:AnnotationText xml:lang="fr">11140</common:AnnotationText>
                        </common:Annotation>
                    </common:Annotations>
                    <common:Name xml:lang="en">Westmecklenburg</common:Name>
                    <common:Name xml:lang="fr">Westmecklenburg</common:Name>
                    <structure:Parent>
                        <Ref id="DE8"/>
                    </structure:Parent>
                </structure:Code>
                <structure:Code id="DE804">
                    <common:Annotations>
                        <common:Annotation>
                            <common:AnnotationType>ORDER</common:AnnotationType>
                            <common:AnnotationText xml:lang="en">11150</common:AnnotationText>
                            <common:AnnotationText xml:lang="fr">11150</common:AnnotationText>
                        </common:Annotation>
                    </common:Annotations>
                    <common:Name xml:lang="en">Schwerin, Kreisfreie Stadt</common:Name>
                    <common:Name xml:lang="fr">Schwerin, Kreisfreie Stadt</common:Name>
                    <structure:Parent>
                        <Ref id="DE8B"/>
                    </structure:Parent>
                </structure:Code>
                <structure:Code id="DE80M">
                    <common:Annotations>
                        <common:Annotation>
                            <common:AnnotationType>ORDER</common:AnnotationType>
                            <common:AnnotationText xml:lang="en">11160</common:AnnotationText>
                            <common:AnnotationText xml:lang="fr">11160</common:AnnotationText>
                        </common:Annotation>
                    </common:Annotations>
                    <common:Name xml:lang="en">Nordwestmecklenburg</common:Name>
                    <common:Name xml:lang="fr">Nordwestmecklenburg</common:Name>
                    <structure:Parent>
                        <Ref id="DE8B"/>
                    </structure:Parent>
                </structure:Code>
                <structure:Code id="DE80O">
                    <common:Annotations>
                        <common:Annotation>
                            <common:AnnotationType>ORDER</common:AnnotationType>
                            <common:AnnotationText xml:lang="en">11170</common:AnnotationText>
                            <common:AnnotationText xml:lang="fr">11170</common:AnnotationText>
                        </common:Annotation>
                    </common:Annotations>
                    <common:Name xml:lang="en">Ludwigslust-Parchim</common:Name>
                    <common:Name xml:lang="fr">Ludwigslust-Parchim</common:Name>
                    <structure:Parent>
                        <Ref id="DE8B"/>
                    </structure:Parent>
                </structure:Code>
                <structure:Code id="DE8A">
                    <common:Annotations>
                        <common:Annotation>
                            <common:AnnotationType>ORDER</common:AnnotationType>
                            <common:AnnotationText xml:lang="en">11180</common:AnnotationText>
                            <common:AnnotationText xml:lang="fr">11180</common:AnnotationText>
                        </common:Annotation>
                    </common:Annotations>
                    <common:Name xml:lang="en">Mittleres Mecklenburg/Rostock</common:Name>
                    <common:Name xml:lang="fr">Mittleres Mecklenburg/Rostock</common:Name>
                    <structure:Parent>
                        <Ref id="DE8"/>
                    </structure:Parent>
                </structure:Code>
                <structure:Code id="DE803">
                    <common:Annotations>
                        <common:Annotation>
                            <common:AnnotationType>ORDER</common:AnnotationType>
                            <common:AnnotationText xml:lang="en">11190</common:AnnotationText>
                            <common:AnnotationText xml:lang="fr">11190</common:AnnotationText>
                        </common:Annotation>
                    </common:Annotations>
                    <common:Name xml:lang="en">Rostock, Kreisfreie Stadt</common:Name>
                    <common:Name xml:lang="fr">Rostock, Kreisfreie Stadt</common:Name>
                    <structure:Parent>
                        <Ref id="DE8A"/>
                    </structure:Parent>
                </structure:Code>
                <structure:Code id="DE80K">
                    <common:Annotations>
                        <common:Annotation>
                            <common:AnnotationType>ORDER</common:AnnotationType>
                            <common:AnnotationText xml:lang="en">11200</common:AnnotationText>
                            <common:AnnotationText xml:lang="fr">11200</common:AnnotationText>
                        </common:Annotation>
                    </common:Annotations>
                    <common:Name xml:lang="en">Landkreis Rostock</common:Name>
                    <common:Name xml:lang="fr">Landkreis Rostock</common:Name>
                    <structure:Parent>
                        <Ref id="DE8A"/>
                    </structure:Parent>
                </structure:Code>
                <structure:Code id="DE8C">
                    <common:Annotations>
                        <common:Annotation>
                            <common:AnnotationType>ORDER</common:AnnotationType>
                            <common:AnnotationText xml:lang="en">11210</common:AnnotationText>
                            <common:AnnotationText xml:lang="fr">11210</common:AnnotationText>
                        </common:Annotation>
                    </common:Annotations>
                    <common:Name xml:lang="en">Vorpommern</common:Name>
                    <common:Name xml:lang="fr">Vorpommern</common:Name>
                    <structure:Parent>
                        <Ref id="DE8"/>
                    </structure:Parent>
                </structure:Code>
                <structure:Code id="DE80L">
                    <common:Annotations>
                        <common:Annotation>
                            <common:AnnotationType>ORDER</common:AnnotationType>
                            <common:AnnotationText xml:lang="en">11220</common:AnnotationText>
                            <common:AnnotationText xml:lang="fr">11220</common:AnnotationText>
                        </common:Annotation>
                    </common:Annotations>
                    <common:Name xml:lang="en">Vorpommern-Rügen</common:Name>
                    <common:Name xml:lang="fr">Vorpommern-Rügen</common:Name>
                    <structure:Parent>
                        <Ref id="DE8C"/>
                    </structure:Parent>
                </structure:Code>
                <structure:Code id="DE80N">
                    <common:Annotations>
                        <common:Annotation>
                            <common:AnnotationType>ORDER</common:AnnotationType>
                            <common:AnnotationText xml:lang="en">11230</common:AnnotationText>
                            <common:AnnotationText xml:lang="fr">11230</common:AnnotationText>
                        </common:Annotation>
                    </common:Annotations>
                    <common:Name xml:lang="en">Vorpommern-Greifswald</common:Name>
                    <common:Name xml:lang="fr">Vorpommern-Greifswald</common:Name>
                    <structure:Parent>
                        <Ref id="DE8C"/>
                    </structure:Parent>
                </structure:Code>
                <structure:Code id="DE8D">
                    <common:Annotations>
                        <common:Annotation>
                            <common:AnnotationType>ORDER</common:AnnotationType>
                            <common:AnnotationText xml:lang="en">11240</common:AnnotationText>
                            <common:AnnotationText xml:lang="fr">11240</common:AnnotationText>
                        </common:Annotation>
                    </common:Annotations>
                    <common:Name xml:lang="en">Mecklenburgische Seenplatte</common:Name>
                    <common:Name xml:lang="fr">Mecklenburgische Seenplatte</common:Name>
                    <structure:Parent>
                        <Ref id="DE8"/>
                    </structure:Parent>
                </structure:Code>
                <structure:Code id="DE80J">
                    <common:Annotations>
                        <common:Annotation>
                            <common:AnnotationType>ORDER</common:AnnotationType>
                            <common:AnnotationText xml:lang="en">11250</common:AnnotationText>
                            <common:AnnotationText xml:lang="fr">11250</common:AnnotationText>
                        </common:Annotation>
                    </common:Annotations>
                    <common:Name xml:lang="en">Mecklenburgische Seenplatte</common:Name>
                    <common:Name xml:lang="fr">Mecklenburgische Seenplatte</common:Name>
                    <structure:Parent>
                        <Ref id="DE8D"/>
                    </structure:Parent>
                </structure:Code>
                <structure:Code id="DE9">
                    <common:Annotations>
                        <common:Annotation>
                            <common:AnnotationType>ORDER</common:AnnotationType>
                            <common:AnnotationText xml:lang="en">11260</common:AnnotationText>
                            <common:AnnotationText xml:lang="fr">11260</common:AnnotationText>
                        </common:Annotation>
                    </common:Annotations>
                    <common:Name xml:lang="en">Lower Saxony</common:Name>
                    <common:Name xml:lang="fr">Lower Saxony</common:Name>
                    <structure:Parent>
                        <Ref id="DEU"/>
                    </structure:Parent>
                </structure:Code>
                <structure:Code id="DE9J">
                    <common:Annotations>
                        <common:Annotation>
                            <common:AnnotationType>ORDER</common:AnnotationType>
                            <common:AnnotationText xml:lang="en">11270</common:AnnotationText>
                            <common:AnnotationText xml:lang="fr">11270</common:AnnotationText>
                        </common:Annotation>
                    </common:Annotations>
                    <common:Name xml:lang="en">Ost-Friesland</common:Name>
                    <common:Name xml:lang="fr">Ost-Friesland</common:Name>
                    <structure:Parent>
                        <Ref id="DE9"/>
                    </structure:Parent>
                </structure:Code>
                <structure:Code id="DE942">
                    <common:Annotations>
                        <common:Annotation>
                            <common:AnnotationType>ORDER</common:AnnotationType>
                            <common:AnnotationText xml:lang="en">11280</common:AnnotationText>
                            <common:AnnotationText xml:lang="fr">11280</common:AnnotationText>
                        </common:Annotation>
                    </common:Annotations>
                    <common:Name xml:lang="en">Emden Kreisfreie Stadt</common:Name>
                    <common:Name xml:lang="fr">Emden Kreisfreie Stadt</common:Name>
                    <structure:Parent>
                        <Ref id="DE9J"/>
                    </structure:Parent>
                </structure:Code>
                <structure:Code id="DE945">
                    <common:Annotations>
                        <common:Annotation>
                            <common:AnnotationType>ORDER</common:AnnotationType>
                            <common:AnnotationText xml:lang="en">11290</common:AnnotationText>
                            <common:AnnotationText xml:lang="fr">11290</common:AnnotationText>
                        </common:Annotation>
                    </common:Annotations>
                    <common:Name xml:lang="en">Wilhelmshaven Kreisfreie Stadt</common:Name>
                    <common:Name xml:lang="fr">Wilhelmshaven Kreisfreie Stadt</common:Name>
                    <structure:Parent>
                        <Ref id="DE9J"/>
                    </structure:Parent>
                </structure:Code>
                <structure:Code id="DE947">
                    <common:Annotations>
                        <common:Annotation>
                            <common:AnnotationType>ORDER</common:AnnotationType>
                            <common:AnnotationText xml:lang="en">11300</common:AnnotationText>
                            <common:AnnotationText xml:lang="fr">11300</common:AnnotationText>
                        </common:Annotation>
                    </common:Annotations>
                    <common:Name xml:lang="en">Aurich</common:Name>
                    <common:Name xml:lang="fr">Aurich</common:Name>
                    <structure:Parent>
                        <Ref id="DE9J"/>
                    </structure:Parent>
                </structure:Code>
                <structure:Code id="DE94A">
                    <common:Annotations>
                        <common:Annotation>
                            <common:AnnotationType>ORDER</common:AnnotationType>
                            <common:AnnotationText xml:lang="en">11310</common:AnnotationText>
                            <common:AnnotationText xml:lang="fr">11310</common:AnnotationText>
                        </common:Annotation>
                    </common:Annotations>
                    <common:Name xml:lang="en">Friesland (DE)</common:Name>
                    <common:Name xml:lang="fr">Friesland (DE)</common:Name>
                    <structure:Parent>
                        <Ref id="DE9J"/>
                    </structure:Parent>
                </structure:Code>
                <structure:Code id="DE94C">
                    <common:Annotations>
                        <common:Annotation>
                            <common:AnnotationType>ORDER</common:AnnotationType>
                            <common:AnnotationText xml:lang="en">11320</common:AnnotationText>
                            <common:AnnotationText xml:lang="fr">11320</common:AnnotationText>
                        </common:Annotation>
                    </common:Annotations>
                    <common:Name xml:lang="en">Leer</common:Name>
                    <common:Name xml:lang="fr">Leer</common:Name>
                    <structure:Parent>
                        <Ref id="DE9J"/>
                    </structure:Parent>
                </structure:Code>
                <structure:Code id="DE94H">
                    <common:Annotations>
                        <common:Annotation>
                            <common:AnnotationType>ORDER</common:AnnotationType>
                            <common:AnnotationText xml:lang="en">11330</common:AnnotationText>
                            <common:AnnotationText xml:lang="fr">11330</common:AnnotationText>
                        </common:Annotation>
                    </common:Annotations>
                    <common:Name xml:lang="en">Wittmund</common:Name>
                    <common:Name xml:lang="fr">Wittmund</common:Name>
                    <structure:Parent>
                        <Ref id="DE9J"/>
                    </structure:Parent>
                </structure:Code>
                <structure:Code id="DE9H">
                    <common:Annotations>
                        <common:Annotation>
                            <common:AnnotationType>ORDER</common:AnnotationType>
                            <common:AnnotationText xml:lang="en">11340</common:AnnotationText>
                            <common:AnnotationText xml:lang="fr">11340</common:AnnotationText>
                        </common:Annotation>
                    </common:Annotations>
                    <common:Name xml:lang="en">Hamburg-Umland-Süd</common:Name>
                    <common:Name xml:lang="fr">Hamburg-Umland-Süd</common:Name>
                    <structure:Parent>
                        <Ref id="DE9"/>
                    </structure:Parent>
                </structure:Code>
                <structure:Code id="DE933">
                    <common:Annotations>
                        <common:Annotation>
                            <common:AnnotationType>ORDER</common:AnnotationType>
                            <common:AnnotationText xml:lang="en">11350</common:AnnotationText>
                            <common:AnnotationText xml:lang="fr">11350</common:AnnotationText>
                        </common:Annotation>
                    </common:Annotations>
                    <common:Name xml:lang="en">Harburg</common:Name>
                    <common:Name xml:lang="fr">Harburg</common:Name>
                    <structure:Parent>
                        <Ref id="DE9H"/>
                    </structure:Parent>
                </structure:Code>
                <structure:Code id="DE937">
                    <common:Annotations>
                        <common:Annotation>
                            <common:AnnotationType>ORDER</common:AnnotationType>
                            <common:AnnotationText xml:lang="en">11360</common:AnnotationText>
                            <common:AnnotationText xml:lang="fr">11360</common:AnnotationText>
                        </common:Annotation>
                    </common:Annotations>
                    <common:Name xml:lang="en">Rotenburg (Wümme)</common:Name>
                    <common:Name xml:lang="fr">Rotenburg (Wümme)</common:Name>
                    <structure:Parent>
                        <Ref id="DE9H"/>
                    </structure:Parent>
                </structure:Code>
                <structure:Code id="DE939">
                    <common:Annotations>
                        <common:Annotation>
                            <common:AnnotationType>ORDER</common:AnnotationType>
                            <common:AnnotationText xml:lang="en">11370</common:AnnotationText>
                            <common:AnnotationText xml:lang="fr">11370</common:AnnotationText>
                        </common:Annotation>
                    </common:Annotations>
                    <common:Name xml:lang="en">Stade</common:Name>
                    <common:Name xml:lang="fr">Stade</common:Name>
                    <structure:Parent>
                        <Ref id="DE9H"/>
                    </structure:Parent>
                </structure:Code>
                <structure:Code id="DE9C">
                    <common:Annotations>
                        <common:Annotation>
                            <common:AnnotationType>ORDER</common:AnnotationType>
                            <common:AnnotationText xml:lang="en">11380</common:AnnotationText>
                            <common:AnnotationText xml:lang="fr">11380</common:AnnotationText>
                        </common:Annotation>
                    </common:Annotations>
                    <common:Name xml:lang="en">Bremen-Umland</common:Name>
                    <common:Name xml:lang="fr">Bremen-Umland</common:Name>
                    <structure:Parent>
                        <Ref id="DE9"/>
                    </structure:Parent>
                </structure:Code>
                <structure:Code id="DE922">
                    <common:Annotations>
                        <common:Annotation>
                            <common:AnnotationType>ORDER</common:AnnotationType>
                            <common:AnnotationText xml:lang="en">11390</common:AnnotationText>
                            <common:AnnotationText xml:lang="fr">11390</common:AnnotationText>
                        </common:Annotation>
                    </common:Annotations>
                    <common:Name xml:lang="en">Diepholz</common:Name>
                    <common:Name xml:lang="fr">Diepholz</common:Name>
                    <structure:Parent>
                        <Ref id="DE9C"/>
                    </structure:Parent>
                </structure:Code>
                <structure:Code id="DE936">
                    <common:Annotations>
                        <common:Annotation>
                            <common:AnnotationType>ORDER</common:AnnotationType>
                            <common:AnnotationText xml:lang="en">11400</common:AnnotationText>
                            <common:AnnotationText xml:lang="fr">11400</common:AnnotationText>
                        </common:Annotation>
                    </common:Annotations>
                    <common:Name xml:lang="en">Osterholz</common:Name>
                    <common:Name xml:lang="fr">Osterholz</common:Name>
                    <structure:Parent>
                        <Ref id="DE9C"/>
                    </structure:Parent>
                </structure:Code>
                <structure:Code id="DE93B">
                    <common:Annotations>
                        <common:Annotation>
                            <common:AnnotationType>ORDER</common:AnnotationType>
                            <common:AnnotationText xml:lang="en">11410</common:AnnotationText>
                            <common:AnnotationText xml:lang="fr">11410</common:AnnotationText>
                        </common:Annotation>
                    </common:Annotations>
                    <common:Name xml:lang="en">Verden</common:Name>
                    <common:Name xml:lang="fr">Verden</common:Name>
                    <structure:Parent>
                        <Ref id="DE9C"/>
                    </structure:Parent>
                </structure:Code>
                <structure:Code id="DE941">
                    <common:Annotations>
                        <common:Annotation>
                            <common:AnnotationType>ORDER</common:AnnotationType>
                            <common:AnnotationText xml:lang="en">11420</common:AnnotationText>
                            <common:AnnotationText xml:lang="fr">11420</common:AnnotationText>
                        </common:Annotation>
                    </common:Annotations>
                    <common:Name xml:lang="en">Delmenhorst Kreisfreie Stadt</common:Name>
                    <common:Name xml:lang="fr">Delmenhorst Kreisfreie Stadt</common:Name>
                    <structure:Parent>
                        <Ref id="DE9C"/>
                    </structure:Parent>
                </structure:Code>
                <structure:Code id="DE9K">
                    <common:Annotations>
                        <common:Annotation>
                            <common:AnnotationType>ORDER</common:AnnotationType>
                            <common:AnnotationText xml:lang="en">11430</common:AnnotationText>
                            <common:AnnotationText xml:lang="fr">11430</common:AnnotationText>
                        </common:Annotation>
                    </common:Annotations>
                    <common:Name xml:lang="en">Oldenburg</common:Name>
                    <common:Name xml:lang="fr">Oldenburg</common:Name>
                    <structure:Parent>
                        <Ref id="DE9"/>
                    </structure:Parent>
                </structure:Code>
                <structure:Code id="DE943">
                    <common:Annotations>
                        <common:Annotation>
                            <common:AnnotationType>ORDER</common:AnnotationType>
                            <common:AnnotationText xml:lang="en">11440</common:AnnotationText>
                            <common:AnnotationText xml:lang="fr">11440</common:AnnotationText>
                        </common:Annotation>
                    </common:Annotations>
                    <common:Name xml:lang="en">Oldenburg (Oldenburg) Kreisfreie Stadt</common:Name>
                    <common:Name xml:lang="fr">Oldenburg (Oldenburg) Kreisfreie Stadt</common:Name>
                    <structure:Parent>
                        <Ref id="DE9K"/>
                    </structure:Parent>
                </structure:Code>
                <structure:Code id="DE946">
                    <common:Annotations>
                        <common:Annotation>
                            <common:AnnotationType>ORDER</common:AnnotationType>
                            <common:AnnotationText xml:lang="en">11450</common:AnnotationText>
                            <common:AnnotationText xml:lang="fr">11450</common:AnnotationText>
                        </common:Annotation>
                    </common:Annotations>
                    <common:Name xml:lang="en">Ammerland</common:Name>
                    <common:Name xml:lang="fr">Ammerland</common:Name>
                    <structure:Parent>
                        <Ref id="DE9K"/>
                    </structure:Parent>
                </structure:Code>
                <structure:Code id="DE948">
                    <common:Annotations>
                        <common:Annotation>
                            <common:AnnotationType>ORDER</common:AnnotationType>
                            <common:AnnotationText xml:lang="en">11460</common:AnnotationText>
                            <common:AnnotationText xml:lang="fr">11460</common:AnnotationText>
                        </common:Annotation>
                    </common:Annotations>
                    <common:Name xml:lang="en">Cloppenburg</common:Name>
                    <common:Name xml:lang="fr">Cloppenburg</common:Name>
                    <structure:Parent>
                        <Ref id="DE9K"/>
                    </structure:Parent>
                </structure:Code>
                <structure:Code id="DE94D">
                    <common:Annotations>
                        <common:Annotation>
                            <common:AnnotationType>ORDER</common:AnnotationType>
                            <common:AnnotationText xml:lang="en">11470</common:AnnotationText>
                            <common:AnnotationText xml:lang="fr">11470</common:AnnotationText>
                        </common:Annotation>
                    </common:Annotations>
                    <common:Name xml:lang="en">Oldenburg Landkreis</common:Name>
                    <common:Name xml:lang="fr">Oldenburg Landkreis</common:Name>
                    <structure:Parent>
                        <Ref id="DE9K"/>
                    </structure:Parent>
                </structure:Code>
                <structure:Code id="DE9M">
                    <common:Annotations>
                        <common:Annotation>
                            <common:AnnotationType>ORDER</common:AnnotationType>
                            <common:AnnotationText xml:lang="en">11480</common:AnnotationText>
                            <common:AnnotationText xml:lang="fr">11480</common:AnnotationText>
                        </common:Annotation>
                    </common:Annotations>
                    <common:Name xml:lang="en">Emsland</common:Name>
                    <common:Name xml:lang="fr">Emsland</common:Name>
                    <structure:Parent>
                        <Ref id="DE9"/>
                    </structure:Parent>
                </structure:Code>
                <structure:Code id="DE949">
                    <common:Annotations>
                        <common:Annotation>
                            <common:AnnotationType>ORDER</common:AnnotationType>
                            <common:AnnotationText xml:lang="en">11490</common:AnnotationText>
                            <common:AnnotationText xml:lang="fr">11490</common:AnnotationText>
                        </common:Annotation>
                    </common:Annotations>
                    <common:Name xml:lang="en">Emsland</common:Name>
                    <common:Name xml:lang="fr">Emsland</common:Name>
                    <structure:Parent>
                        <Ref id="DE9M"/>
                    </structure:Parent>
                </structure:Code>
                <structure:Code id="DE94B">
                    <common:Annotations>
                        <common:Annotation>
                            <common:AnnotationType>ORDER</common:AnnotationType>
                            <common:AnnotationText xml:lang="en">11500</common:AnnotationText>
                            <common:AnnotationText xml:lang="fr">11500</common:AnnotationText>
                        </common:Annotation>
                    </common:Annotations>
                    <common:Name xml:lang="en">Grafschaft Bentheim</common:Name>
                    <common:Name xml:lang="fr">Grafschaft Bentheim</common:Name>
                    <structure:Parent>
                        <Ref id="DE9M"/>
                    </structure:Parent>
                </structure:Code>
                <structure:Code id="DE9L">
                    <common:Annotations>
                        <common:Annotation>
                            <common:AnnotationType>ORDER</common:AnnotationType>
                            <common:AnnotationText xml:lang="en">11510</common:AnnotationText>
                            <common:AnnotationText xml:lang="fr">11510</common:AnnotationText>
                        </common:Annotation>
                    </common:Annotations>
                    <common:Name xml:lang="en">Osnabrück</common:Name>
                    <common:Name xml:lang="fr">Osnabrück</common:Name>
                    <structure:Parent>
                        <Ref id="DE9"/>
                    </structure:Parent>
                </structure:Code>
                <structure:Code id="DE944">
                    <common:Annotations>
                        <common:Annotation>
                            <common:AnnotationType>ORDER</common:AnnotationType>
                            <common:AnnotationText xml:lang="en">11520</common:AnnotationText>
                            <common:AnnotationText xml:lang="fr">11520</common:AnnotationText>
                        </common:Annotation>
                    </common:Annotations>
                    <common:Name xml:lang="en">Osnabrück Kreisfreie Stadt</common:Name>
                    <common:Name xml:lang="fr">Osnabrück Kreisfreie Stadt</common:Name>
                    <structure:Parent>
                        <Ref id="DE9L"/>
                    </structure:Parent>
                </structure:Code>
                <structure:Code id="DE94E">
                    <common:Annotations>
                        <common:Annotation>
                            <common:AnnotationType>ORDER</common:AnnotationType>
                            <common:AnnotationText xml:lang="en">11530</common:AnnotationText>
                            <common:AnnotationText xml:lang="fr">11530</common:AnnotationText>
                        </common:Annotation>
                    </common:Annotations>
                    <common:Name xml:lang="en">Osnabrück Landkreis</common:Name>
                    <common:Name xml:lang="fr">Osnabrück Landkreis</common:Name>
                    <structure:Parent>
                        <Ref id="DE9L"/>
                    </structure:Parent>
                </structure:Code>
                <structure:Code id="DE94F">
                    <common:Annotations>
                        <common:Annotation>
                            <common:AnnotationType>ORDER</common:AnnotationType>
                            <common:AnnotationText xml:lang="en">11540</common:AnnotationText>
                            <common:AnnotationText xml:lang="fr">11540</common:AnnotationText>
                        </common:Annotation>
                    </common:Annotations>
                    <common:Name xml:lang="en">Vechta</common:Name>
                    <common:Name xml:lang="fr">Vechta</common:Name>
                    <structure:Parent>
                        <Ref id="DE9L"/>
                    </structure:Parent>
                </structure:Code>
                <structure:Code id="DE9E">
                    <common:Annotations>
                        <common:Annotation>
                            <common:AnnotationType>ORDER</common:AnnotationType>
                            <common:AnnotationText xml:lang="en">11550</common:AnnotationText>
                            <common:AnnotationText xml:lang="fr">11550</common:AnnotationText>
                        </common:Annotation>
                    </common:Annotations>
                    <common:Name xml:lang="en">Hannover</common:Name>
                    <common:Name xml:lang="fr">Hannover</common:Name>
                    <structure:Parent>
                        <Ref id="DE9"/>
                    </structure:Parent>
                </structure:Code>
                <structure:Code id="DE927">
                    <common:Annotations>
                        <common:Annotation>
                            <common:AnnotationType>ORDER</common:AnnotationType>
                            <common:AnnotationText xml:lang="en">11560</common:AnnotationText>
                            <common:AnnotationText xml:lang="fr">11560</common:AnnotationText>
                        </common:Annotation>
                    </common:Annotations>
                    <common:Name xml:lang="en">Nienburg (Weser)</common:Name>
                    <common:Name xml:lang="fr">Nienburg (Weser)</common:Name>
                    <structure:Parent>
                        <Ref id="DE9E"/>
                    </structure:Parent>
                </structure:Code>
                <structure:Code id="DE928">
                    <common:Annotations>
                        <common:Annotation>
                            <common:AnnotationType>ORDER</common:AnnotationType>
                            <common:AnnotationText xml:lang="en">11570</common:AnnotationText>
                            <common:AnnotationText xml:lang="fr">11570</common:AnnotationText>
                        </common:Annotation>
                    </common:Annotations>
                    <common:Name xml:lang="en">Schaumburg</common:Name>
                    <common:Name xml:lang="fr">Schaumburg</common:Name>
                    <structure:Parent>
                        <Ref id="DE9E"/>
                    </structure:Parent>
                </structure:Code>
                <structure:Code id="DE929">
                    <common:Annotations>
                        <common:Annotation>
                            <common:AnnotationType>ORDER</common:AnnotationType>
                            <common:AnnotationText xml:lang="en">11580</common:AnnotationText>
                            <common:AnnotationText xml:lang="fr">11580</common:AnnotationText>
                        </common:Annotation>
                    </common:Annotations>
                    <common:Name xml:lang="en">Region Hannover</common:Name>
                    <common:Name xml:lang="fr">Region Hannover</common:Name>
                    <structure:Parent>
                        <Ref id="DE9E"/>
                    </structure:Parent>
                </structure:Code>
                <structure:Code id="DE9F">
                    <common:Annotations>
                        <common:Annotation>
                            <common:AnnotationType>ORDER</common:AnnotationType>
                            <common:AnnotationText xml:lang="en">11590</common:AnnotationText>
                            <common:AnnotationText xml:lang="fr">11590</common:AnnotationText>
                        </common:Annotation>
                    </common:Annotations>
                    <common:Name xml:lang="en">Südheide</common:Name>
                    <common:Name xml:lang="fr">Südheide</common:Name>
                    <structure:Parent>
                        <Ref id="DE9"/>
                    </structure:Parent>
                </structure:Code>
                <structure:Code id="DE931">
                    <common:Annotations>
                        <common:Annotation>
                            <common:AnnotationType>ORDER</common:AnnotationType>
                            <common:AnnotationText xml:lang="en">11600</common:AnnotationText>
                            <common:AnnotationText xml:lang="fr">11600</common:AnnotationText>
                        </common:Annotation>
                    </common:Annotations>
                    <common:Name xml:lang="en">Celle</common:Name>
                    <common:Name xml:lang="fr">Celle</common:Name>
                    <structure:Parent>
                        <Ref id="DE9F"/>
                    </structure:Parent>
                </structure:Code>
                <structure:Code id="DE938">
                    <common:Annotations>
                        <common:Annotation>
                            <common:AnnotationType>ORDER</common:AnnotationType>
                            <common:AnnotationText xml:lang="en">11610</common:AnnotationText>
                            <common:AnnotationText xml:lang="fr">11610</common:AnnotationText>
                        </common:Annotation>
                    </common:Annotations>
                    <common:Name xml:lang="en">Heidekreis</common:Name>
                    <common:Name xml:lang="fr">Heidekreis</common:Name>
                    <structure:Parent>
                        <Ref id="DE9F"/>
                    </structure:Parent>
                </structure:Code>
                <structure:Code id="DE9G">
                    <common:Annotations>
                        <common:Annotation>
                            <common:AnnotationType>ORDER</common:AnnotationType>
                            <common:AnnotationText xml:lang="en">11620</common:AnnotationText>
                            <common:AnnotationText xml:lang="fr">11620</common:AnnotationText>
                        </common:Annotation>
                    </common:Annotations>
                    <common:Name xml:lang="en">Bremerhaven-Umland</common:Name>
                    <common:Name xml:lang="fr">Bremerhaven-Umland</common:Name>
                    <structure:Parent>
                        <Ref id="DE9"/>
                    </structure:Parent>
                </structure:Code>
                <structure:Code id="DE9I">
                    <common:Annotations>
                        <common:Annotation>
                            <common:AnnotationType>ORDER</common:AnnotationType>
                            <common:AnnotationText xml:lang="en">11630</common:AnnotationText>
                            <common:AnnotationText xml:lang="fr">11630</common:AnnotationText>
                        </common:Annotation>
                    </common:Annotations>
                    <common:Name xml:lang="en">Lüneburg</common:Name>
                    <common:Name xml:lang="fr">Lüneburg</common:Name>
                    <structure:Parent>
                        <Ref id="DE9"/>
                    </structure:Parent>
                </structure:Code>
                <structure:Code id="DE934">
                    <common:Annotations>
                        <common:Annotation>
                            <common:AnnotationType>ORDER</common:AnnotationType>
                            <common:AnnotationText xml:lang="en">11640</common:AnnotationText>
                            <common:AnnotationText xml:lang="fr">11640</common:AnnotationText>
                        </common:Annotation>
                    </common:Annotations>
                    <common:Name xml:lang="en">Lüchow-Dannenberg</common:Name>
                    <common:Name xml:lang="fr">Lüchow-Dannenberg</common:Name>
                    <structure:Parent>
                        <Ref id="DE9I"/>
                    </structure:Parent>
                </structure:Code>
                <structure:Code id="DE935">
                    <common:Annotations>
                        <common:Annotation>
                            <common:AnnotationType>ORDER</common:AnnotationType>
                            <common:AnnotationText xml:lang="en">11650</common:AnnotationText>
                            <common:AnnotationText xml:lang="fr">11650</common:AnnotationText>
                        </common:Annotation>
                    </common:Annotations>
                    <common:Name xml:lang="en">Lüneburg Landkreis</common:Name>
                    <common:Name xml:lang="fr">Lüneburg Landkreis</common:Name>
                    <structure:Parent>
                        <Ref id="DE9I"/>
                    </structure:Parent>
                </structure:Code>
                <structure:Code id="DE93A">
                    <common:Annotations>
                        <common:Annotation>
                            <common:AnnotationType>ORDER</common:AnnotationType>
                            <common:AnnotationText xml:lang="en">11660</common:AnnotationText>
                            <common:AnnotationText xml:lang="fr">11660</common:AnnotationText>
                        </common:Annotation>
                    </common:Annotations>
                    <common:Name xml:lang="en">Uelzen</common:Name>
                    <common:Name xml:lang="fr">Uelzen</common:Name>
                    <structure:Parent>
                        <Ref id="DE9I"/>
                    </structure:Parent>
                </structure:Code>
                <structure:Code id="DE9A">
                    <common:Annotations>
                        <common:Annotation>
                            <common:AnnotationType>ORDER</common:AnnotationType>
                            <common:AnnotationText xml:lang="en">11670</common:AnnotationText>
                            <common:AnnotationText xml:lang="fr">11670</common:AnnotationText>
                        </common:Annotation>
                    </common:Annotations>
                    <common:Name xml:lang="en">Braunschweig</common:Name>
                    <common:Name xml:lang="fr">Braunschweig</common:Name>
                    <structure:Parent>
                        <Ref id="DE9"/>
                    </structure:Parent>
                </structure:Code>
                <structure:Code id="DE911">
                    <common:Annotations>
                        <common:Annotation>
                            <common:AnnotationType>ORDER</common:AnnotationType>
                            <common:AnnotationText xml:lang="en">11680</common:AnnotationText>
                            <common:AnnotationText xml:lang="fr">11680</common:AnnotationText>
                        </common:Annotation>
                    </common:Annotations>
                    <common:Name xml:lang="en">Braunschweig Kreisfreie Stadt</common:Name>
                    <common:Name xml:lang="fr">Braunschweig Kreisfreie Stadt</common:Name>
                    <structure:Parent>
                        <Ref id="DE9A"/>
                    </structure:Parent>
                </structure:Code>
                <structure:Code id="DE912">
                    <common:Annotations>
                        <common:Annotation>
                            <common:AnnotationType>ORDER</common:AnnotationType>
                            <common:AnnotationText xml:lang="en">11690</common:AnnotationText>
                            <common:AnnotationText xml:lang="fr">11690</common:AnnotationText>
                        </common:Annotation>
                    </common:Annotations>
                    <common:Name xml:lang="en">Salzgitter Kreisfreie Stadt</common:Name>
                    <common:Name xml:lang="fr">Salzgitter Kreisfreie Stadt</common:Name>
                    <structure:Parent>
                        <Ref id="DE9A"/>
                    </structure:Parent>
                </structure:Code>
                <structure:Code id="DE913">
                    <common:Annotations>
                        <common:Annotation>
                            <common:AnnotationType>ORDER</common:AnnotationType>
                            <common:AnnotationText xml:lang="en">11700</common:AnnotationText>
                            <common:AnnotationText xml:lang="fr">11700</common:AnnotationText>
                        </common:Annotation>
                    </common:Annotations>
                    <common:Name xml:lang="en">Wolfsburg Kreisfreie Stadt</common:Name>
                    <common:Name xml:lang="fr">Wolfsburg Kreisfreie Stadt</common:Name>
                    <structure:Parent>
                        <Ref id="DE9A"/>
                    </structure:Parent>
                </structure:Code>
                <structure:Code id="DE914">
                    <common:Annotations>
                        <common:Annotation>
                            <common:AnnotationType>ORDER</common:AnnotationType>
                            <common:AnnotationText xml:lang="en">11710</common:AnnotationText>
                            <common:AnnotationText xml:lang="fr">11710</common:AnnotationText>
                        </common:Annotation>
                    </common:Annotations>
                    <common:Name xml:lang="en">Gifhorn</common:Name>
                    <common:Name xml:lang="fr">Gifhorn</common:Name>
                    <structure:Parent>
                        <Ref id="DE9A"/>
                    </structure:Parent>
                </structure:Code>
                <structure:Code id="DE916">
                    <common:Annotations>
                        <common:Annotation>
                            <common:AnnotationType>ORDER</common:AnnotationType>
                            <common:AnnotationText xml:lang="en">11720</common:AnnotationText>
                            <common:AnnotationText xml:lang="fr">11720</common:AnnotationText>
                        </common:Annotation>
                    </common:Annotations>
                    <common:Name xml:lang="en">Goslar</common:Name>
                    <common:Name xml:lang="fr">Goslar</common:Name>
                    <structure:Parent>
                        <Ref id="DE9A"/>
                    </structure:Parent>
                </structure:Code>
                <structure:Code id="DE917">
                    <common:Annotations>
                        <common:Annotation>
                            <common:AnnotationType>ORDER</common:AnnotationType>
                            <common:AnnotationText xml:lang="en">11730</common:AnnotationText>
                            <common:AnnotationText xml:lang="fr">11730</common:AnnotationText>
                        </common:Annotation>
                    </common:Annotations>
                    <common:Name xml:lang="en">Helmstedt</common:Name>
                    <common:Name xml:lang="fr">Helmstedt</common:Name>
                    <structure:Parent>
                        <Ref id="DE9A"/>
                    </structure:Parent>
                </structure:Code>
                <structure:Code id="DE91A">
                    <common:Annotations>
                        <common:Annotation>
                            <common:AnnotationType>ORDER</common:AnnotationType>
                            <common:AnnotationText xml:lang="en">11740</common:AnnotationText>
                            <common:AnnotationText xml:lang="fr">11740</common:AnnotationText>
                        </common:Annotation>
                    </common:Annotations>
                    <common:Name xml:lang="en">Peine</common:Name>
                    <common:Name xml:lang="fr">Peine</common:Name>
                    <structure:Parent>
                        <Ref id="DE9A"/>
                    </structure:Parent>
                </structure:Code>
                <structure:Code id="DE91B">
                    <common:Annotations>
                        <common:Annotation>
                            <common:AnnotationType>ORDER</common:AnnotationType>
                            <common:AnnotationText xml:lang="en">11750</common:AnnotationText>
                            <common:AnnotationText xml:lang="fr">11750</common:AnnotationText>
                        </common:Annotation>
                    </common:Annotations>
                    <common:Name xml:lang="en">Wolfenbüttel</common:Name>
                    <common:Name xml:lang="fr">Wolfenbüttel</common:Name>
                    <structure:Parent>
                        <Ref id="DE9A"/>
                    </structure:Parent>
                </structure:Code>
                <structure:Code id="DE9D">
                    <common:Annotations>
                        <common:Annotation>
                            <common:AnnotationType>ORDER</common:AnnotationType>
                            <common:AnnotationText xml:lang="en">11760</common:AnnotationText>
                            <common:AnnotationText xml:lang="fr">11760</common:AnnotationText>
                        </common:Annotation>
                    </common:Annotations>
                    <common:Name xml:lang="en">Hildesheim</common:Name>
                    <common:Name xml:lang="fr">Hildesheim</common:Name>
                    <structure:Parent>
                        <Ref id="DE9"/>
                    </structure:Parent>
                </structure:Code>
                <structure:Code id="DE923">
                    <common:Annotations>
                        <common:Annotation>
                            <common:AnnotationType>ORDER</common:AnnotationType>
                            <common:AnnotationText xml:lang="en">11770</common:AnnotationText>
                            <common:AnnotationText xml:lang="fr">11770</common:AnnotationText>
                        </common:Annotation>
                    </common:Annotations>
                    <common:Name xml:lang="en">Hameln-Pyrmont</common:Name>
                    <common:Name xml:lang="fr">Hameln-Pyrmont</common:Name>
                    <structure:Parent>
                        <Ref id="DE9D"/>
                    </structure:Parent>
                </structure:Code>
                <structure:Code id="DE925">
                    <common:Annotations>
                        <common:Annotation>
                            <common:AnnotationType>ORDER</common:AnnotationType>
                            <common:AnnotationText xml:lang="en">11780</common:AnnotationText>
                            <common:AnnotationText xml:lang="fr">11780</common:AnnotationText>
                        </common:Annotation>
                    </common:Annotations>
                    <common:Name xml:lang="en">Hildesheim</common:Name>
                    <common:Name xml:lang="fr">Hildesheim</common:Name>
                    <structure:Parent>
                        <Ref id="DE9D"/>
                    </structure:Parent>
                </structure:Code>
                <structure:Code id="DE9B">
                    <common:Annotations>
                        <common:Annotation>
                            <common:AnnotationType>ORDER</common:AnnotationType>
                            <common:AnnotationText xml:lang="en">11790</common:AnnotationText>
                            <common:AnnotationText xml:lang="fr">11790</common:AnnotationText>
                        </common:Annotation>
                    </common:Annotations>
                    <common:Name xml:lang="en">Göttingen</common:Name>
                    <common:Name xml:lang="fr">Göttingen</common:Name>
                    <structure:Parent>
                        <Ref id="DE9"/>
                    </structure:Parent>
                </structure:Code>
                <structure:Code id="DE91C">
                    <common:Annotations>
                        <common:Annotation>
                            <common:AnnotationType>ORDER</common:AnnotationType>
                            <common:AnnotationText xml:lang="en">11800</common:AnnotationText>
                            <common:AnnotationText xml:lang="fr">11800</common:AnnotationText>
                        </common:Annotation>
                    </common:Annotations>
                    <common:Name xml:lang="en">Göttingen</common:Name>
                    <common:Name xml:lang="fr">Göttingen</common:Name>
                    <structure:Parent>
                        <Ref id="DE9"/>
                    </structure:Parent>
                </structure:Code>
                <structure:Code id="DE915">
                    <common:Annotations>
                        <common:Annotation>
                            <common:AnnotationType>ORDER</common:AnnotationType>
                            <common:AnnotationText xml:lang="en">11810</common:AnnotationText>
                            <common:AnnotationText xml:lang="fr">11810</common:AnnotationText>
                        </common:Annotation>
                    </common:Annotations>
                    <common:Name xml:lang="en">Göttingen</common:Name>
                    <common:Name xml:lang="fr">Göttingen</common:Name>
                    <structure:Parent>
                        <Ref id="DE9B"/>
                    </structure:Parent>
                </structure:Code>
                <structure:Code id="DE919">
                    <common:Annotations>
                        <common:Annotation>
                            <common:AnnotationType>ORDER</common:AnnotationType>
                            <common:AnnotationText xml:lang="en">11820</common:AnnotationText>
                            <common:AnnotationText xml:lang="fr">11820</common:AnnotationText>
                        </common:Annotation>
                    </common:Annotations>
                    <common:Name xml:lang="en">Osterode am Harz</common:Name>
                    <common:Name xml:lang="fr">Osterode am Harz</common:Name>
                    <structure:Parent>
                        <Ref id="DE9B"/>
                    </structure:Parent>
                </structure:Code>
                <structure:Code id="DE918">
                    <common:Annotations>
                        <common:Annotation>
                            <common:AnnotationType>ORDER</common:AnnotationType>
                            <common:AnnotationText xml:lang="en">11830</common:AnnotationText>
                            <common:AnnotationText xml:lang="fr">11830</common:AnnotationText>
                        </common:Annotation>
                    </common:Annotations>
                    <common:Name xml:lang="en">Northeim</common:Name>
                    <common:Name xml:lang="fr">Northeim</common:Name>
                    <structure:Parent>
                        <Ref id="DE9B"/>
                    </structure:Parent>
                </structure:Code>
                <structure:Code id="DE926">
                    <common:Annotations>
                        <common:Annotation>
                            <common:AnnotationType>ORDER</common:AnnotationType>
                            <common:AnnotationText xml:lang="en">11840</common:AnnotationText>
                            <common:AnnotationText xml:lang="fr">11840</common:AnnotationText>
                        </common:Annotation>
                    </common:Annotations>
                    <common:Name xml:lang="en">Holzminden</common:Name>
                    <common:Name xml:lang="fr">Holzminden</common:Name>
                    <structure:Parent>
                        <Ref id="DE9B"/>
                    </structure:Parent>
                </structure:Code>
                <structure:Code id="DEA">
                    <common:Annotations>
                        <common:Annotation>
                            <common:AnnotationType>ORDER</common:AnnotationType>
                            <common:AnnotationText xml:lang="en">11850</common:AnnotationText>
                            <common:AnnotationText xml:lang="fr">11850</common:AnnotationText>
                        </common:Annotation>
                    </common:Annotations>
                    <common:Name xml:lang="en">North Rhine-Westphalia</common:Name>
                    <common:Name xml:lang="fr">North Rhine-Westphalia</common:Name>
                    <structure:Parent>
                        <Ref id="DEU"/>
                    </structure:Parent>
                </structure:Code>
                <structure:Code id="DEAG">
                    <common:Annotations>
                        <common:Annotation>
                            <common:AnnotationType>ORDER</common:AnnotationType>
                            <common:AnnotationText xml:lang="en">11860</common:AnnotationText>
                            <common:AnnotationText xml:lang="fr">11860</common:AnnotationText>
                        </common:Annotation>
                    </common:Annotations>
                    <common:Name xml:lang="en">Münster</common:Name>
                    <common:Name xml:lang="fr">Münster</common:Name>
                    <structure:Parent>
                        <Ref id="DEA"/>
                    </structure:Parent>
                </structure:Code>
                <structure:Code id="DEA33">
                    <common:Annotations>
                        <common:Annotation>
                            <common:AnnotationType>ORDER</common:AnnotationType>
                            <common:AnnotationText xml:lang="en">11870</common:AnnotationText>
                            <common:AnnotationText xml:lang="fr">11870</common:AnnotationText>
                        </common:Annotation>
                    </common:Annotations>
                    <common:Name xml:lang="en">Münster Kreisfreie Stadt</common:Name>
                    <common:Name xml:lang="fr">Münster Kreisfreie Stadt</common:Name>
                    <structure:Parent>
                        <Ref id="DEAG"/>
                    </structure:Parent>
                </structure:Code>
                <structure:Code id="DEA34">
                    <common:Annotations>
                        <common:Annotation>
                            <common:AnnotationType>ORDER</common:AnnotationType>
                            <common:AnnotationText xml:lang="en">11880</common:AnnotationText>
                            <common:AnnotationText xml:lang="fr">11880</common:AnnotationText>
                        </common:Annotation>
                    </common:Annotations>
                    <common:Name xml:lang="en">Borken</common:Name>
                    <common:Name xml:lang="fr">Borken</common:Name>
                    <structure:Parent>
                        <Ref id="DEAG"/>
                    </structure:Parent>
                </structure:Code>
                <structure:Code id="DEA35">
                    <common:Annotations>
                        <common:Annotation>
                            <common:AnnotationType>ORDER</common:AnnotationType>
                            <common:AnnotationText xml:lang="en">11890</common:AnnotationText>
                            <common:AnnotationText xml:lang="fr">11890</common:AnnotationText>
                        </common:Annotation>
                    </common:Annotations>
                    <common:Name xml:lang="en">Coesfeld</common:Name>
                    <common:Name xml:lang="fr">Coesfeld</common:Name>
                    <structure:Parent>
                        <Ref id="DEAG"/>
                    </structure:Parent>
                </structure:Code>
                <structure:Code id="DEA37">
                    <common:Annotations>
                        <common:Annotation>
                            <common:AnnotationType>ORDER</common:AnnotationType>
                            <common:AnnotationText xml:lang="en">11900</common:AnnotationText>
                            <common:AnnotationText xml:lang="fr">11900</common:AnnotationText>
                        </common:Annotation>
                    </common:Annotations>
                    <common:Name xml:lang="en">Steinfurt</common:Name>
                    <common:Name xml:lang="fr">Steinfurt</common:Name>
                    <structure:Parent>
                        <Ref id="DEAG"/>
                    </structure:Parent>
                </structure:Code>
                <structure:Code id="DEA38">
                    <common:Annotations>
                        <common:Annotation>
                            <common:AnnotationType>ORDER</common:AnnotationType>
                            <common:AnnotationText xml:lang="en">11910</common:AnnotationText>
                            <common:AnnotationText xml:lang="fr">11910</common:AnnotationText>
                        </common:Annotation>
                    </common:Annotations>
                    <common:Name xml:lang="en">Warendorf</common:Name>
                    <common:Name xml:lang="fr">Warendorf</common:Name>
                    <structure:Parent>
                        <Ref id="DEAG"/>
                    </structure:Parent>
                </structure:Code>
                <structure:Code id="DEAH">
                    <common:Annotations>
                        <common:Annotation>
                            <common:AnnotationType>ORDER</common:AnnotationType>
                            <common:AnnotationText xml:lang="en">11920</common:AnnotationText>
                            <common:AnnotationText xml:lang="fr">11920</common:AnnotationText>
                        </common:Annotation>
                    </common:Annotations>
                    <common:Name xml:lang="en">Bielefeld</common:Name>
                    <common:Name xml:lang="fr">Bielefeld</common:Name>
                    <structure:Parent>
                        <Ref id="DEA"/>
                    </structure:Parent>
                </structure:Code>
                <structure:Code id="DEA41">
                    <common:Annotations>
                        <common:Annotation>
                            <common:AnnotationType>ORDER</common:AnnotationType>
                            <common:AnnotationText xml:lang="en">11930</common:AnnotationText>
                            <common:AnnotationText xml:lang="fr">11930</common:AnnotationText>
                        </common:Annotation>
                    </common:Annotations>
                    <common:Name xml:lang="en">Bielefeld Kreisfreie Stadt</common:Name>
                    <common:Name xml:lang="fr">Bielefeld Kreisfreie Stadt</common:Name>
                    <structure:Parent>
                        <Ref id="DEAH"/>
                    </structure:Parent>
                </structure:Code>
                <structure:Code id="DEA42">
                    <common:Annotations>
                        <common:Annotation>
                            <common:AnnotationType>ORDER</common:AnnotationType>
                            <common:AnnotationText xml:lang="en">11940</common:AnnotationText>
                            <common:AnnotationText xml:lang="fr">11940</common:AnnotationText>
                        </common:Annotation>
                    </common:Annotations>
                    <common:Name xml:lang="en">Gütersloh</common:Name>
                    <common:Name xml:lang="fr">Gütersloh</common:Name>
                    <structure:Parent>
                        <Ref id="DEAH"/>
                    </structure:Parent>
                </structure:Code>
                <structure:Code id="DEA43">
                    <common:Annotations>
                        <common:Annotation>
                            <common:AnnotationType>ORDER</common:AnnotationType>
                            <common:AnnotationText xml:lang="en">11950</common:AnnotationText>
                            <common:AnnotationText xml:lang="fr">11950</common:AnnotationText>
                        </common:Annotation>
                    </common:Annotations>
                    <common:Name xml:lang="en">Herford</common:Name>
                    <common:Name xml:lang="fr">Herford</common:Name>
                    <structure:Parent>
                        <Ref id="DEAH"/>
                    </structure:Parent>
                </structure:Code>
                <structure:Code id="DEA45">
                    <common:Annotations>
                        <common:Annotation>
                            <common:AnnotationType>ORDER</common:AnnotationType>
                            <common:AnnotationText xml:lang="en">11960</common:AnnotationText>
                            <common:AnnotationText xml:lang="fr">11960</common:AnnotationText>
                        </common:Annotation>
                    </common:Annotations>
                    <common:Name xml:lang="en">Lippe</common:Name>
                    <common:Name xml:lang="fr">Lippe</common:Name>
                    <structure:Parent>
                        <Ref id="DEAH"/>
                    </structure:Parent>
                </structure:Code>
                <structure:Code id="DEA46">
                    <common:Annotations>
                        <common:Annotation>
                            <common:AnnotationType>ORDER</common:AnnotationType>
                            <common:AnnotationText xml:lang="en">11970</common:AnnotationText>
                            <common:AnnotationText xml:lang="fr">11970</common:AnnotationText>
                        </common:Annotation>
                    </common:Annotations>
                    <common:Name xml:lang="en">Minden-Lübbecke</common:Name>
                    <common:Name xml:lang="fr">Minden-Lübbecke</common:Name>
                    <structure:Parent>
                        <Ref id="DEAH"/>
                    </structure:Parent>
                </structure:Code>
                <structure:Code id="DEAI">
                    <common:Annotations>
                        <common:Annotation>
                            <common:AnnotationType>ORDER</common:AnnotationType>
                            <common:AnnotationText xml:lang="en">11980</common:AnnotationText>
                            <common:AnnotationText xml:lang="fr">11980</common:AnnotationText>
                        </common:Annotation>
                    </common:Annotations>
                    <common:Name xml:lang="en">Paderborn</common:Name>
                    <common:Name xml:lang="fr">Paderborn</common:Name>
                    <structure:Parent>
                        <Ref id="DEA"/>
                    </structure:Parent>
                </structure:Code>
                <structure:Code id="DEA44">
                    <common:Annotations>
                        <common:Annotation>
                            <common:AnnotationType>ORDER</common:AnnotationType>
                            <common:AnnotationText xml:lang="en">11990</common:AnnotationText>
                            <common:AnnotationText xml:lang="fr">11990</common:AnnotationText>
                        </common:Annotation>
                    </common:Annotations>
                    <common:Name xml:lang="en">Höxter</common:Name>
                    <common:Name xml:lang="fr">Höxter</common:Name>
                    <structure:Parent>
                        <Ref id="DEAI"/>
                    </structure:Parent>
                </structure:Code>
                <structure:Code id="DEA47">
                    <common:Annotations>
                        <common:Annotation>
                            <common:AnnotationType>ORDER</common:AnnotationType>
                            <common:AnnotationText xml:lang="en">12000</common:AnnotationText>
                            <common:AnnotationText xml:lang="fr">12000</common:AnnotationText>
                        </common:Annotation>
                    </common:Annotations>
                    <common:Name xml:lang="en">Paderborn</common:Name>
                    <common:Name xml:lang="fr">Paderborn</common:Name>
                    <structure:Parent>
                        <Ref id="DEAI"/>
                    </structure:Parent>
                </structure:Code>
                <structure:Code id="DEAL">
                    <common:Annotations>
                        <common:Annotation>
                            <common:AnnotationType>ORDER</common:AnnotationType>
                            <common:AnnotationText xml:lang="en">12010</common:AnnotationText>
                            <common:AnnotationText xml:lang="fr">12010</common:AnnotationText>
                        </common:Annotation>
                    </common:Annotations>
                    <common:Name xml:lang="en">Arnsberg</common:Name>
                    <common:Name xml:lang="fr">Arnsberg</common:Name>
                    <structure:Parent>
                        <Ref id="DEA"/>
                    </structure:Parent>
                </structure:Code>
                <structure:Code id="DEA57">
                    <common:Annotations>
                        <common:Annotation>
                            <common:AnnotationType>ORDER</common:AnnotationType>
                            <common:AnnotationText xml:lang="en">12020</common:AnnotationText>
                            <common:AnnotationText xml:lang="fr">12020</common:AnnotationText>
                        </common:Annotation>
                    </common:Annotations>
                    <common:Name xml:lang="en">Hochsauerlandkreis</common:Name>
                    <common:Name xml:lang="fr">Hochsauerlandkreis</common:Name>
                    <structure:Parent>
                        <Ref id="DEAL"/>
                    </structure:Parent>
                </structure:Code>
                <structure:Code id="DEA5B">
                    <common:Annotations>
                        <common:Annotation>
                            <common:AnnotationType>ORDER</common:AnnotationType>
                            <common:AnnotationText xml:lang="en">12030</common:AnnotationText>
                            <common:AnnotationText xml:lang="fr">12030</common:AnnotationText>
                        </common:Annotation>
                    </common:Annotations>
                    <common:Name xml:lang="en">Soest</common:Name>
                    <common:Name xml:lang="fr">Soest</common:Name>
                    <structure:Parent>
                        <Ref id="DEAL"/>
                    </structure:Parent>
                </structure:Code>
                <structure:Code id="DEAK">
                    <common:Annotations>
                        <common:Annotation>
                            <common:AnnotationType>ORDER</common:AnnotationType>
                            <common:AnnotationText xml:lang="en">12040</common:AnnotationText>
                            <common:AnnotationText xml:lang="fr">12040</common:AnnotationText>
                        </common:Annotation>
                    </common:Annotations>
                    <common:Name xml:lang="en">Dortmund</common:Name>
                    <common:Name xml:lang="fr">Dortmund</common:Name>
                    <structure:Parent>
                        <Ref id="DEA"/>
                    </structure:Parent>
                </structure:Code>
                <structure:Code id="DEA52">
                    <common:Annotations>
                        <common:Annotation>
                            <common:AnnotationType>ORDER</common:AnnotationType>
                            <common:AnnotationText xml:lang="en">12050</common:AnnotationText>
                            <common:AnnotationText xml:lang="fr">12050</common:AnnotationText>
                        </common:Annotation>
                    </common:Annotations>
                    <common:Name xml:lang="en">Dortmund Kreisfreie Stadt</common:Name>
                    <common:Name xml:lang="fr">Dortmund Kreisfreie Stadt</common:Name>
                    <structure:Parent>
                        <Ref id="DEAK"/>
                    </structure:Parent>
                </structure:Code>
                <structure:Code id="DEA54">
                    <common:Annotations>
                        <common:Annotation>
                            <common:AnnotationType>ORDER</common:AnnotationType>
                            <common:AnnotationText xml:lang="en">12060</common:AnnotationText>
                            <common:AnnotationText xml:lang="fr">12060</common:AnnotationText>
                        </common:Annotation>
                    </common:Annotations>
                    <common:Name xml:lang="en">Hamm Kreisfreie Stadt</common:Name>
                    <common:Name xml:lang="fr">Hamm Kreisfreie Stadt</common:Name>
                    <structure:Parent>
                        <Ref id="DEAK"/>
                    </structure:Parent>
                </structure:Code>
                <structure:Code id="DEA5C">
                    <common:Annotations>
                        <common:Annotation>
                            <common:AnnotationType>ORDER</common:AnnotationType>
                            <common:AnnotationText xml:lang="en">12070</common:AnnotationText>
                            <common:AnnotationText xml:lang="fr">12070</common:AnnotationText>
                        </common:Annotation>
                    </common:Annotations>
                    <common:Name xml:lang="en">Unna</common:Name>
                    <common:Name xml:lang="fr">Unna</common:Name>
                    <structure:Parent>
                        <Ref id="DEAK"/>
                    </structure:Parent>
                </structure:Code>
                <structure:Code id="DEAF">
                    <common:Annotations>
                        <common:Annotation>
                            <common:AnnotationType>ORDER</common:AnnotationType>
                            <common:AnnotationText xml:lang="en">12080</common:AnnotationText>
                            <common:AnnotationText xml:lang="fr">12080</common:AnnotationText>
                        </common:Annotation>
                    </common:Annotations>
                    <common:Name xml:lang="en">Emscher-Lippe</common:Name>
                    <common:Name xml:lang="fr">Emscher-Lippe</common:Name>
                    <structure:Parent>
                        <Ref id="DEA"/>
                    </structure:Parent>
                </structure:Code>
                <structure:Code id="DEA31">
                    <common:Annotations>
                        <common:Annotation>
                            <common:AnnotationType>ORDER</common:AnnotationType>
                            <common:AnnotationText xml:lang="en">12090</common:AnnotationText>
                            <common:AnnotationText xml:lang="fr">12090</common:AnnotationText>
                        </common:Annotation>
                    </common:Annotations>
                    <common:Name xml:lang="en">Bottrop Kreisfreie Stadt</common:Name>
                    <common:Name xml:lang="fr">Bottrop Kreisfreie Stadt</common:Name>
                    <structure:Parent>
                        <Ref id="DEAF"/>
                    </structure:Parent>
                </structure:Code>
                <structure:Code id="DEA32">
                    <common:Annotations>
                        <common:Annotation>
                            <common:AnnotationType>ORDER</common:AnnotationType>
                            <common:AnnotationText xml:lang="en">12100</common:AnnotationText>
                            <common:AnnotationText xml:lang="fr">12100</common:AnnotationText>
                        </common:Annotation>
                    </common:Annotations>
                    <common:Name xml:lang="en">Gelsenkirchen Kreisfreie Stadt</common:Name>
                    <common:Name xml:lang="fr">Gelsenkirchen Kreisfreie Stadt</common:Name>
                    <structure:Parent>
                        <Ref id="DEAF"/>
                    </structure:Parent>
                </structure:Code>
                <structure:Code id="DEA36">
                    <common:Annotations>
                        <common:Annotation>
                            <common:AnnotationType>ORDER</common:AnnotationType>
                            <common:AnnotationText xml:lang="en">12110</common:AnnotationText>
                            <common:AnnotationText xml:lang="fr">12110</common:AnnotationText>
                        </common:Annotation>
                    </common:Annotations>
                    <common:Name xml:lang="en">Recklinghausen</common:Name>
                    <common:Name xml:lang="fr">Recklinghausen</common:Name>
                    <structure:Parent>
                        <Ref id="DEAF"/>
                    </structure:Parent>
                </structure:Code>
                <structure:Code id="DEAB">
                    <common:Annotations>
                        <common:Annotation>
                            <common:AnnotationType>ORDER</common:AnnotationType>
                            <common:AnnotationText xml:lang="en">12120</common:AnnotationText>
                            <common:AnnotationText xml:lang="fr">12120</common:AnnotationText>
                        </common:Annotation>
                    </common:Annotations>
                    <common:Name xml:lang="en">Duisburg/Essen</common:Name>
                    <common:Name xml:lang="fr">Duisburg/Essen</common:Name>
                    <structure:Parent>
                        <Ref id="DEA"/>
                    </structure:Parent>
                </structure:Code>
                <structure:Code id="DEA12">
                    <common:Annotations>
                        <common:Annotation>
                            <common:AnnotationType>ORDER</common:AnnotationType>
                            <common:AnnotationText xml:lang="en">12130</common:AnnotationText>
                            <common:AnnotationText xml:lang="fr">12130</common:AnnotationText>
                        </common:Annotation>
                    </common:Annotations>
                    <common:Name xml:lang="en">Duisburg Kreisfreie Stadt</common:Name>
                    <common:Name xml:lang="fr">Duisburg Kreisfreie Stadt</common:Name>
                    <structure:Parent>
                        <Ref id="DEAB"/>
                    </structure:Parent>
                </structure:Code>
                <structure:Code id="DEA13">
                    <common:Annotations>
                        <common:Annotation>
                            <common:AnnotationType>ORDER</common:AnnotationType>
                            <common:AnnotationText xml:lang="en">12140</common:AnnotationText>
                            <common:AnnotationText xml:lang="fr">12140</common:AnnotationText>
                        </common:Annotation>
                    </common:Annotations>
                    <common:Name xml:lang="en">Essen Kreisfreie Stadt</common:Name>
                    <common:Name xml:lang="fr">Essen Kreisfreie Stadt</common:Name>
                    <structure:Parent>
                        <Ref id="DEAB"/>
                    </structure:Parent>
                </structure:Code>
                <structure:Code id="DEA16">
                    <common:Annotations>
                        <common:Annotation>
                            <common:AnnotationType>ORDER</common:AnnotationType>
                            <common:AnnotationText xml:lang="en">12150</common:AnnotationText>
                            <common:AnnotationText xml:lang="fr">12150</common:AnnotationText>
                        </common:Annotation>
                    </common:Annotations>
                    <common:Name xml:lang="en">Mülheim an der Ruhr,Kreisfreie Stadt</common:Name>
                    <common:Name xml:lang="fr">Mülheim an der Ruhr,Kreisfreie Stadt</common:Name>
                    <structure:Parent>
                        <Ref id="DEAB"/>
                    </structure:Parent>
                </structure:Code>
                <structure:Code id="DEA17">
                    <common:Annotations>
                        <common:Annotation>
                            <common:AnnotationType>ORDER</common:AnnotationType>
                            <common:AnnotationText xml:lang="en">12160</common:AnnotationText>
                            <common:AnnotationText xml:lang="fr">12160</common:AnnotationText>
                        </common:Annotation>
                    </common:Annotations>
                    <common:Name xml:lang="en">Oberhausen Kreisfreie Stadt</common:Name>
                    <common:Name xml:lang="fr">Oberhausen Kreisfreie Stadt</common:Name>
                    <structure:Parent>
                        <Ref id="DEAB"/>
                    </structure:Parent>
                </structure:Code>
                <structure:Code id="DEA1B">
                    <common:Annotations>
                        <common:Annotation>
                            <common:AnnotationType>ORDER</common:AnnotationType>
                            <common:AnnotationText xml:lang="en">12170</common:AnnotationText>
                            <common:AnnotationText xml:lang="fr">12170</common:AnnotationText>
                        </common:Annotation>
                    </common:Annotations>
                    <common:Name xml:lang="en">Kleve</common:Name>
                    <common:Name xml:lang="fr">Kleve</common:Name>
                    <structure:Parent>
                        <Ref id="DEAB"/>
                    </structure:Parent>
                </structure:Code>
                <structure:Code id="DEA1F">
                    <common:Annotations>
                        <common:Annotation>
                            <common:AnnotationType>ORDER</common:AnnotationType>
                            <common:AnnotationText xml:lang="en">12180</common:AnnotationText>
                            <common:AnnotationText xml:lang="fr">12180</common:AnnotationText>
                        </common:Annotation>
                    </common:Annotations>
                    <common:Name xml:lang="en">Wesel</common:Name>
                    <common:Name xml:lang="fr">Wesel</common:Name>
                    <structure:Parent>
                        <Ref id="DEAB"/>
                    </structure:Parent>
                </structure:Code>
                <structure:Code id="DEAA">
                    <common:Annotations>
                        <common:Annotation>
                            <common:AnnotationType>ORDER</common:AnnotationType>
                            <common:AnnotationText xml:lang="en">12190</common:AnnotationText>
                            <common:AnnotationText xml:lang="fr">12190</common:AnnotationText>
                        </common:Annotation>
                    </common:Annotations>
                    <common:Name xml:lang="en">Düsseldorf</common:Name>
                    <common:Name xml:lang="fr">Düsseldorf</common:Name>
                    <structure:Parent>
                        <Ref id="DEA"/>
                    </structure:Parent>
                </structure:Code>
                <structure:Code id="DEA11">
                    <common:Annotations>
                        <common:Annotation>
                            <common:AnnotationType>ORDER</common:AnnotationType>
                            <common:AnnotationText xml:lang="en">12200</common:AnnotationText>
                            <common:AnnotationText xml:lang="fr">12200</common:AnnotationText>
                        </common:Annotation>
                    </common:Annotations>
                    <common:Name xml:lang="en">Düsseldorf Kreisfreie Stadt</common:Name>
                    <common:Name xml:lang="fr">Düsseldorf Kreisfreie Stadt</common:Name>
                    <structure:Parent>
                        <Ref id="DEAA"/>
                    </structure:Parent>
                </structure:Code>
                <structure:Code id="DEA14">
                    <common:Annotations>
                        <common:Annotation>
                            <common:AnnotationType>ORDER</common:AnnotationType>
                            <common:AnnotationText xml:lang="en">12210</common:AnnotationText>
                            <common:AnnotationText xml:lang="fr">12210</common:AnnotationText>
                        </common:Annotation>
                    </common:Annotations>
                    <common:Name xml:lang="en">Krefeld Kreisfreie Stadt</common:Name>
                    <common:Name xml:lang="fr">Krefeld Kreisfreie Stadt</common:Name>
                    <structure:Parent>
                        <Ref id="DEAA"/>
                    </structure:Parent>
                </structure:Code>
                <structure:Code id="DEA15">
                    <common:Annotations>
                        <common:Annotation>
                            <common:AnnotationType>ORDER</common:AnnotationType>
                            <common:AnnotationText xml:lang="en">12220</common:AnnotationText>
                            <common:AnnotationText xml:lang="fr">12220</common:AnnotationText>
                        </common:Annotation>
                    </common:Annotations>
                    <common:Name xml:lang="en">Mönchengladbach Kreisfreie Stadt</common:Name>
                    <common:Name xml:lang="fr">Mönchengladbach Kreisfreie Stadt</common:Name>
                    <structure:Parent>
                        <Ref id="DEAA"/>
                    </structure:Parent>
                </structure:Code>
                <structure:Code id="DEA18">
                    <common:Annotations>
                        <common:Annotation>
                            <common:AnnotationType>ORDER</common:AnnotationType>
                            <common:AnnotationText xml:lang="en">12230</common:AnnotationText>
                            <common:AnnotationText xml:lang="fr">12230</common:AnnotationText>
                        </common:Annotation>
                    </common:Annotations>
                    <common:Name xml:lang="en">Remscheid Kreisfreie Stadt</common:Name>
                    <common:Name xml:lang="fr">Remscheid Kreisfreie Stadt</common:Name>
                    <structure:Parent>
                        <Ref id="DEAA"/>
                    </structure:Parent>
                </structure:Code>
                <structure:Code id="DEA19">
                    <common:Annotations>
                        <common:Annotation>
                            <common:AnnotationType>ORDER</common:AnnotationType>
                            <common:AnnotationText xml:lang="en">12240</common:AnnotationText>
                            <common:AnnotationText xml:lang="fr">12240</common:AnnotationText>
                        </common:Annotation>
                    </common:Annotations>
                    <common:Name xml:lang="en">Solingen Kreisfreie Stadt</common:Name>
                    <common:Name xml:lang="fr">Solingen Kreisfreie Stadt</common:Name>
                    <structure:Parent>
                        <Ref id="DEAA"/>
                    </structure:Parent>
                </structure:Code>
                <structure:Code id="DEA1A">
                    <common:Annotations>
                        <common:Annotation>
                            <common:AnnotationType>ORDER</common:AnnotationType>
                            <common:AnnotationText xml:lang="en">12250</common:AnnotationText>
                            <common:AnnotationText xml:lang="fr">12250</common:AnnotationText>
                        </common:Annotation>
                    </common:Annotations>
                    <common:Name xml:lang="en">Wuppertal Kreisfreie Stadt</common:Name>
                    <common:Name xml:lang="fr">Wuppertal Kreisfreie Stadt</common:Name>
                    <structure:Parent>
                        <Ref id="DEAA"/>
                    </structure:Parent>
                </structure:Code>
                <structure:Code id="DEA1C">
                    <common:Annotations>
                        <common:Annotation>
                            <common:AnnotationType>ORDER</common:AnnotationType>
                            <common:AnnotationText xml:lang="en">12260</common:AnnotationText>
                            <common:AnnotationText xml:lang="fr">12260</common:AnnotationText>
                        </common:Annotation>
                    </common:Annotations>
                    <common:Name xml:lang="en">Mettmann</common:Name>
                    <common:Name xml:lang="fr">Mettmann</common:Name>
                    <structure:Parent>
                        <Ref id="DEAA"/>
                    </structure:Parent>
                </structure:Code>
                <structure:Code id="DEA1D">
                    <common:Annotations>
                        <common:Annotation>
                            <common:AnnotationType>ORDER</common:AnnotationType>
                            <common:AnnotationText xml:lang="en">12270</common:AnnotationText>
                            <common:AnnotationText xml:lang="fr">12270</common:AnnotationText>
                        </common:Annotation>
                    </common:Annotations>
                    <common:Name xml:lang="en">Rhein-Kreis Neuss</common:Name>
                    <common:Name xml:lang="fr">Rhein-Kreis Neuss</common:Name>
                    <structure:Parent>
                        <Ref id="DEAA"/>
                    </structure:Parent>
                </structure:Code>
                <structure:Code id="DEA1E">
                    <common:Annotations>
                        <common:Annotation>
                            <common:AnnotationType>ORDER</common:AnnotationType>
                            <common:AnnotationText xml:lang="en">12280</common:AnnotationText>
                            <common:AnnotationText xml:lang="fr">12280</common:AnnotationText>
                        </common:Annotation>
                    </common:Annotations>
                    <common:Name xml:lang="en">Viersen</common:Name>
                    <common:Name xml:lang="fr">Viersen</common:Name>
                    <structure:Parent>
                        <Ref id="DEAA"/>
                    </structure:Parent>
                </structure:Code>
                <structure:Code id="DEAJ">
                    <common:Annotations>
                        <common:Annotation>
                            <common:AnnotationType>ORDER</common:AnnotationType>
                            <common:AnnotationText xml:lang="en">12290</common:AnnotationText>
                            <common:AnnotationText xml:lang="fr">12290</common:AnnotationText>
                        </common:Annotation>
                    </common:Annotations>
                    <common:Name xml:lang="en">Bochum/Hagen</common:Name>
                    <common:Name xml:lang="fr">Bochum/Hagen</common:Name>
                    <structure:Parent>
                        <Ref id="DEA"/>
                    </structure:Parent>
                </structure:Code>
                <structure:Code id="DEA51">
                    <common:Annotations>
                        <common:Annotation>
                            <common:AnnotationType>ORDER</common:AnnotationType>
                            <common:AnnotationText xml:lang="en">12300</common:AnnotationText>
                            <common:AnnotationText xml:lang="fr">12300</common:AnnotationText>
                        </common:Annotation>
                    </common:Annotations>
                    <common:Name xml:lang="en">Bochum Kreisfreie Stadt</common:Name>
                    <common:Name xml:lang="fr">Bochum Kreisfreie Stadt</common:Name>
                    <structure:Parent>
                        <Ref id="DEAJ"/>
                    </structure:Parent>
                </structure:Code>
                <structure:Code id="DEA53">
                    <common:Annotations>
                        <common:Annotation>
                            <common:AnnotationType>ORDER</common:AnnotationType>
                            <common:AnnotationText xml:lang="en">12310</common:AnnotationText>
                            <common:AnnotationText xml:lang="fr">12310</common:AnnotationText>
                        </common:Annotation>
                    </common:Annotations>
                    <common:Name xml:lang="en">Hagen Kreisfreie Stadt</common:Name>
                    <common:Name xml:lang="fr">Hagen Kreisfreie Stadt</common:Name>
                    <structure:Parent>
                        <Ref id="DEAJ"/>
                    </structure:Parent>
                </structure:Code>
                <structure:Code id="DEA55">
                    <common:Annotations>
                        <common:Annotation>
                            <common:AnnotationType>ORDER</common:AnnotationType>
                            <common:AnnotationText xml:lang="en">12320</common:AnnotationText>
                            <common:AnnotationText xml:lang="fr">12320</common:AnnotationText>
                        </common:Annotation>
                    </common:Annotations>
                    <common:Name xml:lang="en">Herne Kreisfreie Stadt</common:Name>
                    <common:Name xml:lang="fr">Herne Kreisfreie Stadt</common:Name>
                    <structure:Parent>
                        <Ref id="DEAJ"/>
                    </structure:Parent>
                </structure:Code>
                <structure:Code id="DEA56">
                    <common:Annotations>
                        <common:Annotation>
                            <common:AnnotationType>ORDER</common:AnnotationType>
                            <common:AnnotationText xml:lang="en">12330</common:AnnotationText>
                            <common:AnnotationText xml:lang="fr">12330</common:AnnotationText>
                        </common:Annotation>
                    </common:Annotations>
                    <common:Name xml:lang="en">Ennepe-Ruhr-Kreis</common:Name>
                    <common:Name xml:lang="fr">Ennepe-Ruhr-Kreis</common:Name>
                    <structure:Parent>
                        <Ref id="DEAJ"/>
                    </structure:Parent>
                </structure:Code>
                <structure:Code id="DEA58">
                    <common:Annotations>
                        <common:Annotation>
                            <common:AnnotationType>ORDER</common:AnnotationType>
                            <common:AnnotationText xml:lang="en">12340</common:AnnotationText>
                            <common:AnnotationText xml:lang="fr">12340</common:AnnotationText>
                        </common:Annotation>
                    </common:Annotations>
                    <common:Name xml:lang="en">Märkischer Kreis</common:Name>
                    <common:Name xml:lang="fr">Märkischer Kreis</common:Name>
                    <structure:Parent>
                        <Ref id="DEAJ"/>
                    </structure:Parent>
                </structure:Code>
                <structure:Code id="DEAD">
                    <common:Annotations>
                        <common:Annotation>
                            <common:AnnotationType>ORDER</common:AnnotationType>
                            <common:AnnotationText xml:lang="en">12350</common:AnnotationText>
                            <common:AnnotationText xml:lang="fr">12350</common:AnnotationText>
                        </common:Annotation>
                    </common:Annotations>
                    <common:Name xml:lang="en">Cologne</common:Name>
                    <common:Name xml:lang="fr">Cologne</common:Name>
                    <structure:Parent>
                        <Ref id="DEA"/>
                    </structure:Parent>
                </structure:Code>
                <structure:Code id="DEA23">
                    <common:Annotations>
                        <common:Annotation>
                            <common:AnnotationType>ORDER</common:AnnotationType>
                            <common:AnnotationText xml:lang="en">12360</common:AnnotationText>
                            <common:AnnotationText xml:lang="fr">12360</common:AnnotationText>
                        </common:Annotation>
                    </common:Annotations>
                    <common:Name xml:lang="en">Köln Kreisfreie Stadt</common:Name>
                    <common:Name xml:lang="fr">Köln Kreisfreie Stadt</common:Name>
                    <structure:Parent>
                        <Ref id="DEAD"/>
                    </structure:Parent>
                </structure:Code>
                <structure:Code id="DEA24">
                    <common:Annotations>
                        <common:Annotation>
                            <common:AnnotationType>ORDER</common:AnnotationType>
                            <common:AnnotationText xml:lang="en">12370</common:AnnotationText>
                            <common:AnnotationText xml:lang="fr">12370</common:AnnotationText>
                        </common:Annotation>
                    </common:Annotations>
                    <common:Name xml:lang="en">Leverkusen Kreisfreie Stadt</common:Name>
                    <common:Name xml:lang="fr">Leverkusen Kreisfreie Stadt</common:Name>
                    <structure:Parent>
                        <Ref id="DEAD"/>
                    </structure:Parent>
                </structure:Code>
                <structure:Code id="DEA27">
                    <common:Annotations>
                        <common:Annotation>
                            <common:AnnotationType>ORDER</common:AnnotationType>
                            <common:AnnotationText xml:lang="en">12380</common:AnnotationText>
                            <common:AnnotationText xml:lang="fr">12380</common:AnnotationText>
                        </common:Annotation>
                    </common:Annotations>
                    <common:Name xml:lang="en">Rhein-Erft-Kreis</common:Name>
                    <common:Name xml:lang="fr">Rhein-Erft-Kreis</common:Name>
                    <structure:Parent>
                        <Ref id="DEAD"/>
                    </structure:Parent>
                </structure:Code>
                <structure:Code id="DEA2A">
                    <common:Annotations>
                        <common:Annotation>
                            <common:AnnotationType>ORDER</common:AnnotationType>
                            <common:AnnotationText xml:lang="en">12390</common:AnnotationText>
                            <common:AnnotationText xml:lang="fr">12390</common:AnnotationText>
                        </common:Annotation>
                    </common:Annotations>
                    <common:Name xml:lang="en">Oberbergischer Kreis</common:Name>
                    <common:Name xml:lang="fr">Oberbergischer Kreis</common:Name>
                    <structure:Parent>
                        <Ref id="DEAD"/>
                    </structure:Parent>
                </structure:Code>
                <structure:Code id="DEA2B">
                    <common:Annotations>
                        <common:Annotation>
                            <common:AnnotationType>ORDER</common:AnnotationType>
                            <common:AnnotationText xml:lang="en">12400</common:AnnotationText>
                            <common:AnnotationText xml:lang="fr">12400</common:AnnotationText>
                        </common:Annotation>
                    </common:Annotations>
                    <common:Name xml:lang="en">Rheinisch-Bergischer Kreis</common:Name>
                    <common:Name xml:lang="fr">Rheinisch-Bergischer Kreis</common:Name>
                    <structure:Parent>
                        <Ref id="DEAD"/>
                    </structure:Parent>
                </structure:Code>
                <structure:Code id="DEAE">
                    <common:Annotations>
                        <common:Annotation>
                            <common:AnnotationType>ORDER</common:AnnotationType>
                            <common:AnnotationText xml:lang="en">12410</common:AnnotationText>
                            <common:AnnotationText xml:lang="fr">12410</common:AnnotationText>
                        </common:Annotation>
                    </common:Annotations>
                    <common:Name xml:lang="en">Aachen</common:Name>
                    <common:Name xml:lang="fr">Aachen</common:Name>
                    <structure:Parent>
                        <Ref id="DEA"/>
                    </structure:Parent>
                </structure:Code>
                <structure:Code id="DEA26">
                    <common:Annotations>
                        <common:Annotation>
                            <common:AnnotationType>ORDER</common:AnnotationType>
                            <common:AnnotationText xml:lang="en">12420</common:AnnotationText>
                            <common:AnnotationText xml:lang="fr">12420</common:AnnotationText>
                        </common:Annotation>
                    </common:Annotations>
                    <common:Name xml:lang="en">Düren</common:Name>
                    <common:Name xml:lang="fr">Düren</common:Name>
                    <structure:Parent>
                        <Ref id="DEAE"/>
                    </structure:Parent>
                </structure:Code>
                <structure:Code id="DEA28">
                    <common:Annotations>
                        <common:Annotation>
                            <common:AnnotationType>ORDER</common:AnnotationType>
                            <common:AnnotationText xml:lang="en">12430</common:AnnotationText>
                            <common:AnnotationText xml:lang="fr">12430</common:AnnotationText>
                        </common:Annotation>
                    </common:Annotations>
                    <common:Name xml:lang="en">Euskirchen</common:Name>
                    <common:Name xml:lang="fr">Euskirchen</common:Name>
                    <structure:Parent>
                        <Ref id="DEAE"/>
                    </structure:Parent>
                </structure:Code>
                <structure:Code id="DEA29">
                    <common:Annotations>
                        <common:Annotation>
                            <common:AnnotationType>ORDER</common:AnnotationType>
                            <common:AnnotationText xml:lang="en">12440</common:AnnotationText>
                            <common:AnnotationText xml:lang="fr">12440</common:AnnotationText>
                        </common:Annotation>
                    </common:Annotations>
                    <common:Name xml:lang="en">Heinsberg</common:Name>
                    <common:Name xml:lang="fr">Heinsberg</common:Name>
                    <structure:Parent>
                        <Ref id="DEAE"/>
                    </structure:Parent>
                </structure:Code>
                <structure:Code id="DEA2D">
                    <common:Annotations>
                        <common:Annotation>
                            <common:AnnotationType>ORDER</common:AnnotationType>
                            <common:AnnotationText xml:lang="en">12450</common:AnnotationText>
                            <common:AnnotationText xml:lang="fr">12450</common:AnnotationText>
                        </common:Annotation>
                    </common:Annotations>
                    <common:Name xml:lang="en">Städteregion Aachen</common:Name>
                    <common:Name xml:lang="fr">Städteregion Aachen</common:Name>
                    <structure:Parent>
                        <Ref id="DEAE"/>
                    </structure:Parent>
                </structure:Code>
                <structure:Code id="DEAC">
                    <common:Annotations>
                        <common:Annotation>
                            <common:AnnotationType>ORDER</common:AnnotationType>
                            <common:AnnotationText xml:lang="en">12460</common:AnnotationText>
                            <common:AnnotationText xml:lang="fr">12460</common:AnnotationText>
                        </common:Annotation>
                    </common:Annotations>
                    <common:Name xml:lang="en">Bonn</common:Name>
                    <common:Name xml:lang="fr">Bonn</common:Name>
                    <structure:Parent>
                        <Ref id="DEA"/>
                    </structure:Parent>
                </structure:Code>
                <structure:Code id="DEA22">
                    <common:Annotations>
                        <common:Annotation>
                            <common:AnnotationType>ORDER</common:AnnotationType>
                            <common:AnnotationText xml:lang="en">12470</common:AnnotationText>
                            <common:AnnotationText xml:lang="fr">12470</common:AnnotationText>
                        </common:Annotation>
                    </common:Annotations>
                    <common:Name xml:lang="en">Bonn Kreisfreie Stadt</common:Name>
                    <common:Name xml:lang="fr">Bonn Kreisfreie Stadt</common:Name>
                    <structure:Parent>
                        <Ref id="DEAC"/>
                    </structure:Parent>
                </structure:Code>
                <structure:Code id="DEA2C">
                    <common:Annotations>
                        <common:Annotation>
                            <common:AnnotationType>ORDER</common:AnnotationType>
                            <common:AnnotationText xml:lang="en">12480</common:AnnotationText>
                            <common:AnnotationText xml:lang="fr">12480</common:AnnotationText>
                        </common:Annotation>
                    </common:Annotations>
                    <common:Name xml:lang="en">Rhein-Sieg-Kreis</common:Name>
                    <common:Name xml:lang="fr">Rhein-Sieg-Kreis</common:Name>
                    <structure:Parent>
                        <Ref id="DEAC"/>
                    </structure:Parent>
                </structure:Code>
                <structure:Code id="DEAM">
                    <common:Annotations>
                        <common:Annotation>
                            <common:AnnotationType>ORDER</common:AnnotationType>
                            <common:AnnotationText xml:lang="en">12490</common:AnnotationText>
                            <common:AnnotationText xml:lang="fr">12490</common:AnnotationText>
                        </common:Annotation>
                    </common:Annotations>
                    <common:Name xml:lang="en">Siegen</common:Name>
                    <common:Name xml:lang="fr">Siegen</common:Name>
                    <structure:Parent>
                        <Ref id="DEA"/>
                    </structure:Parent>
                </structure:Code>
                <structure:Code id="DEA59">
                    <common:Annotations>
                        <common:Annotation>
                            <common:AnnotationType>ORDER</common:AnnotationType>
                            <common:AnnotationText xml:lang="en">12500</common:AnnotationText>
                            <common:AnnotationText xml:lang="fr">12500</common:AnnotationText>
                        </common:Annotation>
                    </common:Annotations>
                    <common:Name xml:lang="en">Olpe</common:Name>
                    <common:Name xml:lang="fr">Olpe</common:Name>
                    <structure:Parent>
                        <Ref id="DEAM"/>
                    </structure:Parent>
                </structure:Code>
                <structure:Code id="DEA5A">
                    <common:Annotations>
                        <common:Annotation>
                            <common:AnnotationType>ORDER</common:AnnotationType>
                            <common:AnnotationText xml:lang="en">12510</common:AnnotationText>
                            <common:AnnotationText xml:lang="fr">12510</common:AnnotationText>
                        </common:Annotation>
                    </common:Annotations>
                    <common:Name xml:lang="en">Siegen-Wittgenstein</common:Name>
                    <common:Name xml:lang="fr">Siegen-Wittgenstein</common:Name>
                    <structure:Parent>
                        <Ref id="DEAM"/>
                    </structure:Parent>
                </structure:Code>
                <structure:Code id="DEB">
                    <common:Annotations>
                        <common:Annotation>
                            <common:AnnotationType>ORDER</common:AnnotationType>
                            <common:AnnotationText xml:lang="en">12520</common:AnnotationText>
                            <common:AnnotationText xml:lang="fr">12520</common:AnnotationText>
                        </common:Annotation>
                    </common:Annotations>
                    <common:Name xml:lang="en">Rhineland-Palatinate</common:Name>
                    <common:Name xml:lang="fr">Rhineland-Palatinate</common:Name>
                    <structure:Parent>
                        <Ref id="DEU"/>
                    </structure:Parent>
                </structure:Code>
                <structure:Code id="DEBA">
                    <common:Annotations>
                        <common:Annotation>
                            <common:AnnotationType>ORDER</common:AnnotationType>
                            <common:AnnotationText xml:lang="en">12530</common:AnnotationText>
                            <common:AnnotationText xml:lang="fr">12530</common:AnnotationText>
                        </common:Annotation>
                    </common:Annotations>
                    <common:Name xml:lang="en">Mittelrhein-Westerwald</common:Name>
                    <common:Name xml:lang="fr">Mittelrhein-Westerwald</common:Name>
                    <structure:Parent>
                        <Ref id="DEB"/>
                    </structure:Parent>
                </structure:Code>
                <structure:Code id="DEB11">
                    <common:Annotations>
                        <common:Annotation>
                            <common:AnnotationType>ORDER</common:AnnotationType>
                            <common:AnnotationText xml:lang="en">12540</common:AnnotationText>
                            <common:AnnotationText xml:lang="fr">12540</common:AnnotationText>
                        </common:Annotation>
                    </common:Annotations>
                    <common:Name xml:lang="en">Koblenz Kreisfreie Stadt</common:Name>
                    <common:Name xml:lang="fr">Koblenz Kreisfreie Stadt</common:Name>
                    <structure:Parent>
                        <Ref id="DEBA"/>
                    </structure:Parent>
                </structure:Code>
                <structure:Code id="DEB12">
                    <common:Annotations>
                        <common:Annotation>
                            <common:AnnotationType>ORDER</common:AnnotationType>
                            <common:AnnotationText xml:lang="en">12550</common:AnnotationText>
                            <common:AnnotationText xml:lang="fr">12550</common:AnnotationText>
                        </common:Annotation>
                    </common:Annotations>
                    <common:Name xml:lang="en">Ahrweiler</common:Name>
                    <common:Name xml:lang="fr">Ahrweiler</common:Name>
                    <structure:Parent>
                        <Ref id="DEBA"/>
                    </structure:Parent>
                </structure:Code>
                <structure:Code id="DEB13">
                    <common:Annotations>
                        <common:Annotation>
                            <common:AnnotationType>ORDER</common:AnnotationType>
                            <common:AnnotationText xml:lang="en">12560</common:AnnotationText>
                            <common:AnnotationText xml:lang="fr">12560</common:AnnotationText>
                        </common:Annotation>
                    </common:Annotations>
                    <common:Name xml:lang="en">Altenkirchen (Westerwald)</common:Name>
                    <common:Name xml:lang="fr">Altenkirchen (Westerwald)</common:Name>
                    <structure:Parent>
                        <Ref id="DEBA"/>
                    </structure:Parent>
                </structure:Code>
                <structure:Code id="DEB1C">
                    <common:Annotations>
                        <common:Annotation>
                            <common:AnnotationType>ORDER</common:AnnotationType>
                            <common:AnnotationText xml:lang="en">12570</common:AnnotationText>
                            <common:AnnotationText xml:lang="fr">12570</common:AnnotationText>
                        </common:Annotation>
                    </common:Annotations>
                    <common:Name xml:lang="en">Cochem-Zell</common:Name>
                    <common:Name xml:lang="fr">Cochem-Zell</common:Name>
                    <structure:Parent>
                        <Ref id="DEBA"/>
                    </structure:Parent>
                </structure:Code>
                <structure:Code id="DEB17">
                    <common:Annotations>
                        <common:Annotation>
                            <common:AnnotationType>ORDER</common:AnnotationType>
                            <common:AnnotationText xml:lang="en">12580</common:AnnotationText>
                            <common:AnnotationText xml:lang="fr">12580</common:AnnotationText>
                        </common:Annotation>
                    </common:Annotations>
                    <common:Name xml:lang="en">Mayen-Koblenz</common:Name>
                    <common:Name xml:lang="fr">Mayen-Koblenz</common:Name>
                    <structure:Parent>
                        <Ref id="DEBA"/>
                    </structure:Parent>
                </structure:Code>
                <structure:Code id="DEB18">
                    <common:Annotations>
                        <common:Annotation>
                            <common:AnnotationType>ORDER</common:AnnotationType>
                            <common:AnnotationText xml:lang="en">12590</common:AnnotationText>
                            <common:AnnotationText xml:lang="fr">12590</common:AnnotationText>
                        </common:Annotation>
                    </common:Annotations>
                    <common:Name xml:lang="en">Neuwied</common:Name>
                    <common:Name xml:lang="fr">Neuwied</common:Name>
                    <structure:Parent>
                        <Ref id="DEBA"/>
                    </structure:Parent>
                </structure:Code>
                <structure:Code id="DEB1D">
                    <common:Annotations>
                        <common:Annotation>
                            <common:AnnotationType>ORDER</common:AnnotationType>
                            <common:AnnotationText xml:lang="en">12600</common:AnnotationText>
                            <common:AnnotationText xml:lang="fr">12600</common:AnnotationText>
                        </common:Annotation>
                    </common:Annotations>
                    <common:Name xml:lang="en">Rhein-Hunsrück-Kreis</common:Name>
                    <common:Name xml:lang="fr">Rhein-Hunsrück-Kreis</common:Name>
                    <structure:Parent>
                        <Ref id="DEBA"/>
                    </structure:Parent>
                </structure:Code>
                <structure:Code id="DEB1A">
                    <common:Annotations>
                        <common:Annotation>
                            <common:AnnotationType>ORDER</common:AnnotationType>
                            <common:AnnotationText xml:lang="en">12610</common:AnnotationText>
                            <common:AnnotationText xml:lang="fr">12610</common:AnnotationText>
                        </common:Annotation>
                    </common:Annotations>
                    <common:Name xml:lang="en">Rhein-Lahn-Kreis</common:Name>
                    <common:Name xml:lang="fr">Rhein-Lahn-Kreis</common:Name>
                    <structure:Parent>
                        <Ref id="DEBA"/>
                    </structure:Parent>
                </structure:Code>
                <structure:Code id="DEB1B">
                    <common:Annotations>
                        <common:Annotation>
                            <common:AnnotationType>ORDER</common:AnnotationType>
                            <common:AnnotationText xml:lang="en">12620</common:AnnotationText>
                            <common:AnnotationText xml:lang="fr">12620</common:AnnotationText>
                        </common:Annotation>
                    </common:Annotations>
                    <common:Name xml:lang="en">Westerwaldkreis</common:Name>
                    <common:Name xml:lang="fr">Westerwaldkreis</common:Name>
                    <structure:Parent>
                        <Ref id="DEBA"/>
                    </structure:Parent>
                </structure:Code>
                <structure:Code id="DEBC">
                    <common:Annotations>
                        <common:Annotation>
                            <common:AnnotationType>ORDER</common:AnnotationType>
                            <common:AnnotationText xml:lang="en">12630</common:AnnotationText>
                            <common:AnnotationText xml:lang="fr">12630</common:AnnotationText>
                        </common:Annotation>
                    </common:Annotations>
                    <common:Name xml:lang="en">Trier</common:Name>
                    <common:Name xml:lang="fr">Trier</common:Name>
                    <structure:Parent>
                        <Ref id="DEB"/>
                    </structure:Parent>
                </structure:Code>
                <structure:Code id="DEB21">
                    <common:Annotations>
                        <common:Annotation>
                            <common:AnnotationType>ORDER</common:AnnotationType>
                            <common:AnnotationText xml:lang="en">12640</common:AnnotationText>
                            <common:AnnotationText xml:lang="fr">12640</common:AnnotationText>
                        </common:Annotation>
                    </common:Annotations>
                    <common:Name xml:lang="en">Trier Kreisfreie Stadt</common:Name>
                    <common:Name xml:lang="fr">Trier Kreisfreie Stadt</common:Name>
                    <structure:Parent>
                        <Ref id="DEBC"/>
                    </structure:Parent>
                </structure:Code>
                <structure:Code id="DEB22">
                    <common:Annotations>
                        <common:Annotation>
                            <common:AnnotationType>ORDER</common:AnnotationType>
                            <common:AnnotationText xml:lang="en">12650</common:AnnotationText>
                            <common:AnnotationText xml:lang="fr">12650</common:AnnotationText>
                        </common:Annotation>
                    </common:Annotations>
                    <common:Name xml:lang="en">Bernkastel-Wittlich</common:Name>
                    <common:Name xml:lang="fr">Bernkastel-Wittlich</common:Name>
                    <structure:Parent>
                        <Ref id="DEBC"/>
                    </structure:Parent>
                </structure:Code>
                <structure:Code id="DEB23">
                    <common:Annotations>
                        <common:Annotation>
                            <common:AnnotationType>ORDER</common:AnnotationType>
                            <common:AnnotationText xml:lang="en">12660</common:AnnotationText>
                            <common:AnnotationText xml:lang="fr">12660</common:AnnotationText>
                        </common:Annotation>
                    </common:Annotations>
                    <common:Name xml:lang="en">Eifelkreis Bitburg-Prüm</common:Name>
                    <common:Name xml:lang="fr">Eifelkreis Bitburg-Prüm</common:Name>
                    <structure:Parent>
                        <Ref id="DEBC"/>
                    </structure:Parent>
                </structure:Code>
                <structure:Code id="DEB24">
                    <common:Annotations>
                        <common:Annotation>
                            <common:AnnotationType>ORDER</common:AnnotationType>
                            <common:AnnotationText xml:lang="en">12670</common:AnnotationText>
                            <common:AnnotationText xml:lang="fr">12670</common:AnnotationText>
                        </common:Annotation>
                    </common:Annotations>
                    <common:Name xml:lang="en">Vulkaneifel</common:Name>
                    <common:Name xml:lang="fr">Vulkaneifel</common:Name>
                    <structure:Parent>
                        <Ref id="DEBC"/>
                    </structure:Parent>
                </structure:Code>
                <structure:Code id="DEB25">
                    <common:Annotations>
                        <common:Annotation>
                            <common:AnnotationType>ORDER</common:AnnotationType>
                            <common:AnnotationText xml:lang="en">12680</common:AnnotationText>
                            <common:AnnotationText xml:lang="fr">12680</common:AnnotationText>
                        </common:Annotation>
                    </common:Annotations>
                    <common:Name xml:lang="en">Trier-Saarburg</common:Name>
                    <common:Name xml:lang="fr">Trier-Saarburg</common:Name>
                    <structure:Parent>
                        <Ref id="DEBC"/>
                    </structure:Parent>
                </structure:Code>
                <structure:Code id="DEBB">
                    <common:Annotations>
                        <common:Annotation>
                            <common:AnnotationType>ORDER</common:AnnotationType>
                            <common:AnnotationText xml:lang="en">12690</common:AnnotationText>
                            <common:AnnotationText xml:lang="fr">12690</common:AnnotationText>
                        </common:Annotation>
                    </common:Annotations>
                    <common:Name xml:lang="en">Rheinhessen-Nahe</common:Name>
                    <common:Name xml:lang="fr">Rheinhessen-Nahe</common:Name>
                    <structure:Parent>
                        <Ref id="DEB"/>
                    </structure:Parent>
                </structure:Code>
                <structure:Code id="DEB14">
                    <common:Annotations>
                        <common:Annotation>
                            <common:AnnotationType>ORDER</common:AnnotationType>
                            <common:AnnotationText xml:lang="en">12700</common:AnnotationText>
                            <common:AnnotationText xml:lang="fr">12700</common:AnnotationText>
                        </common:Annotation>
                    </common:Annotations>
                    <common:Name xml:lang="en">Bad Kreuznach</common:Name>
                    <common:Name xml:lang="fr">Bad Kreuznach</common:Name>
                    <structure:Parent>
                        <Ref id="DEBB"/>
                    </structure:Parent>
                </structure:Code>
                <structure:Code id="DEB15">
                    <common:Annotations>
                        <common:Annotation>
                            <common:AnnotationType>ORDER</common:AnnotationType>
                            <common:AnnotationText xml:lang="en">12710</common:AnnotationText>
                            <common:AnnotationText xml:lang="fr">12710</common:AnnotationText>
                        </common:Annotation>
                    </common:Annotations>
                    <common:Name xml:lang="en">Birkenfeld</common:Name>
                    <common:Name xml:lang="fr">Birkenfeld</common:Name>
                    <structure:Parent>
                        <Ref id="DEBB"/>
                    </structure:Parent>
                </structure:Code>
                <structure:Code id="DEB35">
                    <common:Annotations>
                        <common:Annotation>
                            <common:AnnotationType>ORDER</common:AnnotationType>
                            <common:AnnotationText xml:lang="en">12720</common:AnnotationText>
                            <common:AnnotationText xml:lang="fr">12720</common:AnnotationText>
                        </common:Annotation>
                    </common:Annotations>
                    <common:Name xml:lang="en">Mainz Kreisfreie Stadt</common:Name>
                    <common:Name xml:lang="fr">Mainz Kreisfreie Stadt</common:Name>
                    <structure:Parent>
                        <Ref id="DEBB"/>
                    </structure:Parent>
                </structure:Code>
                <structure:Code id="DEB39">
                    <common:Annotations>
                        <common:Annotation>
                            <common:AnnotationType>ORDER</common:AnnotationType>
                            <common:AnnotationText xml:lang="en">12730</common:AnnotationText>
                            <common:AnnotationText xml:lang="fr">12730</common:AnnotationText>
                        </common:Annotation>
                    </common:Annotations>
                    <common:Name xml:lang="en">Worms Kreisfreie Stadt</common:Name>
                    <common:Name xml:lang="fr">Worms Kreisfreie Stadt</common:Name>
                    <structure:Parent>
                        <Ref id="DEBB"/>
                    </structure:Parent>
                </structure:Code>
                <structure:Code id="DEB3B">
                    <common:Annotations>
                        <common:Annotation>
                            <common:AnnotationType>ORDER</common:AnnotationType>
                            <common:AnnotationText xml:lang="en">12740</common:AnnotationText>
                            <common:AnnotationText xml:lang="fr">12740</common:AnnotationText>
                        </common:Annotation>
                    </common:Annotations>
                    <common:Name xml:lang="en">Alzey-Worms</common:Name>
                    <common:Name xml:lang="fr">Alzey-Worms</common:Name>
                    <structure:Parent>
                        <Ref id="DEBB"/>
                    </structure:Parent>
                </structure:Code>
                <structure:Code id="DEB3J">
                    <common:Annotations>
                        <common:Annotation>
                            <common:AnnotationType>ORDER</common:AnnotationType>
                            <common:AnnotationText xml:lang="en">12750</common:AnnotationText>
                            <common:AnnotationText xml:lang="fr">12750</common:AnnotationText>
                        </common:Annotation>
                    </common:Annotations>
                    <common:Name xml:lang="en">Mainz-Bingen</common:Name>
                    <common:Name xml:lang="fr">Mainz-Bingen</common:Name>
                    <structure:Parent>
                        <Ref id="DEBB"/>
                    </structure:Parent>
                </structure:Code>
                <structure:Code id="DEBE">
                    <common:Annotations>
                        <common:Annotation>
                            <common:AnnotationType>ORDER</common:AnnotationType>
                            <common:AnnotationText xml:lang="en">12760</common:AnnotationText>
                            <common:AnnotationText xml:lang="fr">12760</common:AnnotationText>
                        </common:Annotation>
                    </common:Annotations>
                    <common:Name xml:lang="en">Westpfalz</common:Name>
                    <common:Name xml:lang="fr">Westpfalz</common:Name>
                    <structure:Parent>
                        <Ref id="DEB"/>
                    </structure:Parent>
                </structure:Code>
                <structure:Code id="DEB32">
                    <common:Annotations>
                        <common:Annotation>
                            <common:AnnotationType>ORDER</common:AnnotationType>
                            <common:AnnotationText xml:lang="en">12770</common:AnnotationText>
                            <common:AnnotationText xml:lang="fr">12770</common:AnnotationText>
                        </common:Annotation>
                    </common:Annotations>
                    <common:Name xml:lang="en">Kaiserslautern Kreisfreie Stadt</common:Name>
                    <common:Name xml:lang="fr">Kaiserslautern Kreisfreie Stadt</common:Name>
                    <structure:Parent>
                        <Ref id="DEBE"/>
                    </structure:Parent>
                </structure:Code>
                <structure:Code id="DEB37">
                    <common:Annotations>
                        <common:Annotation>
                            <common:AnnotationType>ORDER</common:AnnotationType>
                            <common:AnnotationText xml:lang="en">12780</common:AnnotationText>
                            <common:AnnotationText xml:lang="fr">12780</common:AnnotationText>
                        </common:Annotation>
                    </common:Annotations>
                    <common:Name xml:lang="en">Pirmasens Kreisfreie Stadt</common:Name>
                    <common:Name xml:lang="fr">Pirmasens Kreisfreie Stadt</common:Name>
                    <structure:Parent>
                        <Ref id="DEBE"/>
                    </structure:Parent>
                </structure:Code>
                <structure:Code id="DEB3A">
                    <common:Annotations>
                        <common:Annotation>
                            <common:AnnotationType>ORDER</common:AnnotationType>
                            <common:AnnotationText xml:lang="en">12790</common:AnnotationText>
                            <common:AnnotationText xml:lang="fr">12790</common:AnnotationText>
                        </common:Annotation>
                    </common:Annotations>
                    <common:Name xml:lang="en">Zweibrücken Kreisfreie Stadt</common:Name>
                    <common:Name xml:lang="fr">Zweibrücken Kreisfreie Stadt</common:Name>
                    <structure:Parent>
                        <Ref id="DEBE"/>
                    </structure:Parent>
                </structure:Code>
                <structure:Code id="DEB3D">
                    <common:Annotations>
                        <common:Annotation>
                            <common:AnnotationType>ORDER</common:AnnotationType>
                            <common:AnnotationText xml:lang="en">12800</common:AnnotationText>
                            <common:AnnotationText xml:lang="fr">12800</common:AnnotationText>
                        </common:Annotation>
                    </common:Annotations>
                    <common:Name xml:lang="en">Donnersbergkreis</common:Name>
                    <common:Name xml:lang="fr">Donnersbergkreis</common:Name>
                    <structure:Parent>
                        <Ref id="DEBE"/>
                    </structure:Parent>
                </structure:Code>
                <structure:Code id="DEB3F">
                    <common:Annotations>
                        <common:Annotation>
                            <common:AnnotationType>ORDER</common:AnnotationType>
                            <common:AnnotationText xml:lang="en">12810</common:AnnotationText>
                            <common:AnnotationText xml:lang="fr">12810</common:AnnotationText>
                        </common:Annotation>
                    </common:Annotations>
                    <common:Name xml:lang="en">Kaiserslautern Landkreis</common:Name>
                    <common:Name xml:lang="fr">Kaiserslautern Landkreis</common:Name>
                    <structure:Parent>
                        <Ref id="DEBE"/>
                    </structure:Parent>
                </structure:Code>
                <structure:Code id="DEB3G">
                    <common:Annotations>
                        <common:Annotation>
                            <common:AnnotationType>ORDER</common:AnnotationType>
                            <common:AnnotationText xml:lang="en">12820</common:AnnotationText>
                            <common:AnnotationText xml:lang="fr">12820</common:AnnotationText>
                        </common:Annotation>
                    </common:Annotations>
                    <common:Name xml:lang="en">Kusel</common:Name>
                    <common:Name xml:lang="fr">Kusel</common:Name>
                    <structure:Parent>
                        <Ref id="DEBE"/>
                    </structure:Parent>
                </structure:Code>
                <structure:Code id="DEB3K">
                    <common:Annotations>
                        <common:Annotation>
                            <common:AnnotationType>ORDER</common:AnnotationType>
                            <common:AnnotationText xml:lang="en">12830</common:AnnotationText>
                            <common:AnnotationText xml:lang="fr">12830</common:AnnotationText>
                        </common:Annotation>
                    </common:Annotations>
                    <common:Name xml:lang="en">Südwestpfalz</common:Name>
                    <common:Name xml:lang="fr">Südwestpfalz</common:Name>
                    <structure:Parent>
                        <Ref id="DEBE"/>
                    </structure:Parent>
                </structure:Code>
                <structure:Code id="DEBD">
                    <common:Annotations>
                        <common:Annotation>
                            <common:AnnotationType>ORDER</common:AnnotationType>
                            <common:AnnotationText xml:lang="en">12840</common:AnnotationText>
                            <common:AnnotationText xml:lang="fr">12840</common:AnnotationText>
                        </common:Annotation>
                    </common:Annotations>
                    <common:Name xml:lang="en">Rheinpfalz</common:Name>
                    <common:Name xml:lang="fr">Rheinpfalz</common:Name>
                    <structure:Parent>
                        <Ref id="DEB"/>
                    </structure:Parent>
                </structure:Code>
                <structure:Code id="DEB31">
                    <common:Annotations>
                        <common:Annotation>
                            <common:AnnotationType>ORDER</common:AnnotationType>
                            <common:AnnotationText xml:lang="en">12850</common:AnnotationText>
                            <common:AnnotationText xml:lang="fr">12850</common:AnnotationText>
                        </common:Annotation>
                    </common:Annotations>
                    <common:Name xml:lang="en">Frankenthal (Pfalz) Kreisfreie Stadt</common:Name>
                    <common:Name xml:lang="fr">Frankenthal (Pfalz) Kreisfreie Stadt</common:Name>
                    <structure:Parent>
                        <Ref id="DEBD"/>
                    </structure:Parent>
                </structure:Code>
                <structure:Code id="DEB33">
                    <common:Annotations>
                        <common:Annotation>
                            <common:AnnotationType>ORDER</common:AnnotationType>
                            <common:AnnotationText xml:lang="en">12860</common:AnnotationText>
                            <common:AnnotationText xml:lang="fr">12860</common:AnnotationText>
                        </common:Annotation>
                    </common:Annotations>
                    <common:Name xml:lang="en">Landau in der Pfalz Kreisfreie Stadt</common:Name>
                    <common:Name xml:lang="fr">Landau in der Pfalz Kreisfreie Stadt</common:Name>
                    <structure:Parent>
                        <Ref id="DEBD"/>
                    </structure:Parent>
                </structure:Code>
                <structure:Code id="DEB34">
                    <common:Annotations>
                        <common:Annotation>
                            <common:AnnotationType>ORDER</common:AnnotationType>
                            <common:AnnotationText xml:lang="en">12870</common:AnnotationText>
                            <common:AnnotationText xml:lang="fr">12870</common:AnnotationText>
                        </common:Annotation>
                    </common:Annotations>
                    <common:Name xml:lang="en">Ludwigshafen am Rhein Kreisfreie Stadt</common:Name>
                    <common:Name xml:lang="fr">Ludwigshafen am Rhein Kreisfreie Stadt</common:Name>
                    <structure:Parent>
                        <Ref id="DEBD"/>
                    </structure:Parent>
                </structure:Code>
                <structure:Code id="DEB36">
                    <common:Annotations>
                        <common:Annotation>
                            <common:AnnotationType>ORDER</common:AnnotationType>
                            <common:AnnotationText xml:lang="en">12880</common:AnnotationText>
                            <common:AnnotationText xml:lang="fr">12880</common:AnnotationText>
                        </common:Annotation>
                    </common:Annotations>
                    <common:Name xml:lang="en">Neustadt an der Weinstraße Kreisfreie Stadt</common:Name>
                    <common:Name xml:lang="fr">Neustadt an der Weinstraße Kreisfreie Stadt</common:Name>
                    <structure:Parent>
                        <Ref id="DEBD"/>
                    </structure:Parent>
                </structure:Code>
                <structure:Code id="DEB38">
                    <common:Annotations>
                        <common:Annotation>
                            <common:AnnotationType>ORDER</common:AnnotationType>
                            <common:AnnotationText xml:lang="en">12890</common:AnnotationText>
                            <common:AnnotationText xml:lang="fr">12890</common:AnnotationText>
                        </common:Annotation>
                    </common:Annotations>
                    <common:Name xml:lang="en">Speyer Kreisfreie Stadt</common:Name>
                    <common:Name xml:lang="fr">Speyer Kreisfreie Stadt</common:Name>
                    <structure:Parent>
                        <Ref id="DEBD"/>
                    </structure:Parent>
                </structure:Code>
                <structure:Code id="DEB3C">
                    <common:Annotations>
                        <common:Annotation>
                            <common:AnnotationType>ORDER</common:AnnotationType>
                            <common:AnnotationText xml:lang="en">12900</common:AnnotationText>
                            <common:AnnotationText xml:lang="fr">12900</common:AnnotationText>
                        </common:Annotation>
                    </common:Annotations>
                    <common:Name xml:lang="en">Bad Dürkheim</common:Name>
                    <common:Name xml:lang="fr">Bad Dürkheim</common:Name>
                    <structure:Parent>
                        <Ref id="DEBD"/>
                    </structure:Parent>
                </structure:Code>
                <structure:Code id="DEB3E">
                    <common:Annotations>
                        <common:Annotation>
                            <common:AnnotationType>ORDER</common:AnnotationType>
                            <common:AnnotationText xml:lang="en">12910</common:AnnotationText>
                            <common:AnnotationText xml:lang="fr">12910</common:AnnotationText>
                        </common:Annotation>
                    </common:Annotations>
                    <common:Name xml:lang="en">Germersheim</common:Name>
                    <common:Name xml:lang="fr">Germersheim</common:Name>
                    <structure:Parent>
                        <Ref id="DEBD"/>
                    </structure:Parent>
                </structure:Code>
                <structure:Code id="DEB3H">
                    <common:Annotations>
                        <common:Annotation>
                            <common:AnnotationType>ORDER</common:AnnotationType>
                            <common:AnnotationText xml:lang="en">12920</common:AnnotationText>
                            <common:AnnotationText xml:lang="fr">12920</common:AnnotationText>
                        </common:Annotation>
                    </common:Annotations>
                    <common:Name xml:lang="en">Südliche Weinstraße</common:Name>
                    <common:Name xml:lang="fr">Südliche Weinstraße</common:Name>
                    <structure:Parent>
                        <Ref id="DEBD"/>
                    </structure:Parent>
                </structure:Code>
                <structure:Code id="DEB3I">
                    <common:Annotations>
                        <common:Annotation>
                            <common:AnnotationType>ORDER</common:AnnotationType>
                            <common:AnnotationText xml:lang="en">12930</common:AnnotationText>
                            <common:AnnotationText xml:lang="fr">12930</common:AnnotationText>
                        </common:Annotation>
                    </common:Annotations>
                    <common:Name xml:lang="en">Rhein-Pfalz-Kreis</common:Name>
                    <common:Name xml:lang="fr">Rhein-Pfalz-Kreis</common:Name>
                    <structure:Parent>
                        <Ref id="DEBD"/>
                    </structure:Parent>
                </structure:Code>
                <structure:Code id="DEC">
                    <common:Annotations>
                        <common:Annotation>
                            <common:AnnotationType>ORDER</common:AnnotationType>
                            <common:AnnotationText xml:lang="en">12940</common:AnnotationText>
                            <common:AnnotationText xml:lang="fr">12940</common:AnnotationText>
                        </common:Annotation>
                    </common:Annotations>
                    <common:Name xml:lang="en">Saarland</common:Name>
                    <common:Name xml:lang="fr">Saarland</common:Name>
                    <structure:Parent>
                        <Ref id="DEU"/>
                    </structure:Parent>
                </structure:Code>
                <structure:Code id="DECA">
                    <common:Annotations>
                        <common:Annotation>
                            <common:AnnotationType>ORDER</common:AnnotationType>
                            <common:AnnotationText xml:lang="en">12950</common:AnnotationText>
                            <common:AnnotationText xml:lang="fr">12950</common:AnnotationText>
                        </common:Annotation>
                    </common:Annotations>
                    <common:Name xml:lang="en">Saar</common:Name>
                    <common:Name xml:lang="fr">Saar</common:Name>
                    <structure:Parent>
                        <Ref id="DEC"/>
                    </structure:Parent>
                </structure:Code>
                <structure:Code id="DEC01">
                    <common:Annotations>
                        <common:Annotation>
                            <common:AnnotationType>ORDER</common:AnnotationType>
                            <common:AnnotationText xml:lang="en">12960</common:AnnotationText>
                            <common:AnnotationText xml:lang="fr">12960</common:AnnotationText>
                        </common:Annotation>
                    </common:Annotations>
                    <common:Name xml:lang="en">Regionalverband Saarbrücken</common:Name>
                    <common:Name xml:lang="fr">Regionalverband Saarbrücken</common:Name>
                    <structure:Parent>
                        <Ref id="DECA"/>
                    </structure:Parent>
                </structure:Code>
                <structure:Code id="DEC02">
                    <common:Annotations>
                        <common:Annotation>
                            <common:AnnotationType>ORDER</common:AnnotationType>
                            <common:AnnotationText xml:lang="en">12970</common:AnnotationText>
                            <common:AnnotationText xml:lang="fr">12970</common:AnnotationText>
                        </common:Annotation>
                    </common:Annotations>
                    <common:Name xml:lang="en">Merzig-Wadern</common:Name>
                    <common:Name xml:lang="fr">Merzig-Wadern</common:Name>
                    <structure:Parent>
                        <Ref id="DECA"/>
                    </structure:Parent>
                </structure:Code>
                <structure:Code id="DEC03">
                    <common:Annotations>
                        <common:Annotation>
                            <common:AnnotationType>ORDER</common:AnnotationType>
                            <common:AnnotationText xml:lang="en">12980</common:AnnotationText>
                            <common:AnnotationText xml:lang="fr">12980</common:AnnotationText>
                        </common:Annotation>
                    </common:Annotations>
                    <common:Name xml:lang="en">Neunkirchen</common:Name>
                    <common:Name xml:lang="fr">Neunkirchen</common:Name>
                    <structure:Parent>
                        <Ref id="DECA"/>
                    </structure:Parent>
                </structure:Code>
                <structure:Code id="DEC04">
                    <common:Annotations>
                        <common:Annotation>
                            <common:AnnotationType>ORDER</common:AnnotationType>
                            <common:AnnotationText xml:lang="en">12990</common:AnnotationText>
                            <common:AnnotationText xml:lang="fr">12990</common:AnnotationText>
                        </common:Annotation>
                    </common:Annotations>
                    <common:Name xml:lang="en">Saarlouis</common:Name>
                    <common:Name xml:lang="fr">Saarlouis</common:Name>
                    <structure:Parent>
                        <Ref id="DECA"/>
                    </structure:Parent>
                </structure:Code>
                <structure:Code id="DEC05">
                    <common:Annotations>
                        <common:Annotation>
                            <common:AnnotationType>ORDER</common:AnnotationType>
                            <common:AnnotationText xml:lang="en">13000</common:AnnotationText>
                            <common:AnnotationText xml:lang="fr">13000</common:AnnotationText>
                        </common:Annotation>
                    </common:Annotations>
                    <common:Name xml:lang="en">Saarpfalz-Kreis</common:Name>
                    <common:Name xml:lang="fr">Saarpfalz-Kreis</common:Name>
                    <structure:Parent>
                        <Ref id="DECA"/>
                    </structure:Parent>
                </structure:Code>
                <structure:Code id="DEC06">
                    <common:Annotations>
                        <common:Annotation>
                            <common:AnnotationType>ORDER</common:AnnotationType>
                            <common:AnnotationText xml:lang="en">13010</common:AnnotationText>
                            <common:AnnotationText xml:lang="fr">13010</common:AnnotationText>
                        </common:Annotation>
                    </common:Annotations>
                    <common:Name xml:lang="en">St. Wendel</common:Name>
                    <common:Name xml:lang="fr">St. Wendel</common:Name>
                    <structure:Parent>
                        <Ref id="DECA"/>
                    </structure:Parent>
                </structure:Code>
                <structure:Code id="DED">
                    <common:Annotations>
                        <common:Annotation>
                            <common:AnnotationType>ORDER</common:AnnotationType>
                            <common:AnnotationText xml:lang="en">13020</common:AnnotationText>
                            <common:AnnotationText xml:lang="fr">13020</common:AnnotationText>
                        </common:Annotation>
                    </common:Annotations>
                    <common:Name xml:lang="en">Saxony</common:Name>
                    <common:Name xml:lang="fr">Saxony</common:Name>
                    <structure:Parent>
                        <Ref id="DEU"/>
                    </structure:Parent>
                </structure:Code>
                <structure:Code id="DEDD">
                    <common:Annotations>
                        <common:Annotation>
                            <common:AnnotationType>ORDER</common:AnnotationType>
                            <common:AnnotationText xml:lang="en">13030</common:AnnotationText>
                            <common:AnnotationText xml:lang="fr">13030</common:AnnotationText>
                        </common:Annotation>
                    </common:Annotations>
                    <common:Name xml:lang="en">Westsachsen</common:Name>
                    <common:Name xml:lang="fr">Westsachsen</common:Name>
                    <structure:Parent>
                        <Ref id="DED"/>
                    </structure:Parent>
                </structure:Code>
                <structure:Code id="DED51">
                    <common:Annotations>
                        <common:Annotation>
                            <common:AnnotationType>ORDER</common:AnnotationType>
                            <common:AnnotationText xml:lang="en">13040</common:AnnotationText>
                            <common:AnnotationText xml:lang="fr">13040</common:AnnotationText>
                        </common:Annotation>
                    </common:Annotations>
                    <common:Name xml:lang="en">Leipzig Kreisfreie Stadt</common:Name>
                    <common:Name xml:lang="fr">Leipzig Kreisfreie Stadt</common:Name>
                    <structure:Parent>
                        <Ref id="DEDD"/>
                    </structure:Parent>
                </structure:Code>
                <structure:Code id="DED53">
                    <common:Annotations>
                        <common:Annotation>
                            <common:AnnotationType>ORDER</common:AnnotationType>
                            <common:AnnotationText xml:lang="en">13050</common:AnnotationText>
                            <common:AnnotationText xml:lang="fr">13050</common:AnnotationText>
                        </common:Annotation>
                    </common:Annotations>
                    <common:Name xml:lang="en">Nordsachsen</common:Name>
                    <common:Name xml:lang="fr">Nordsachsen</common:Name>
                    <structure:Parent>
                        <Ref id="DEDD"/>
                    </structure:Parent>
                </structure:Code>
                <structure:Code id="DED52">
                    <common:Annotations>
                        <common:Annotation>
                            <common:AnnotationType>ORDER</common:AnnotationType>
                            <common:AnnotationText xml:lang="en">13060</common:AnnotationText>
                            <common:AnnotationText xml:lang="fr">13060</common:AnnotationText>
                        </common:Annotation>
                    </common:Annotations>
                    <common:Name xml:lang="en">Leipzig</common:Name>
                    <common:Name xml:lang="fr">Leipzig</common:Name>
                    <structure:Parent>
                        <Ref id="DEDD"/>
                    </structure:Parent>
                </structure:Code>
                <structure:Code id="DEDA">
                    <common:Annotations>
                        <common:Annotation>
                            <common:AnnotationType>ORDER</common:AnnotationType>
                            <common:AnnotationText xml:lang="en">13070</common:AnnotationText>
                            <common:AnnotationText xml:lang="fr">13070</common:AnnotationText>
                        </common:Annotation>
                    </common:Annotations>
                    <common:Name xml:lang="en">Oberes Elbtal/Osterzgebirge</common:Name>
                    <common:Name xml:lang="fr">Oberes Elbtal/Osterzgebirge</common:Name>
                    <structure:Parent>
                        <Ref id="DED"/>
                    </structure:Parent>
                </structure:Code>
                <structure:Code id="DED21">
                    <common:Annotations>
                        <common:Annotation>
                            <common:AnnotationType>ORDER</common:AnnotationType>
                            <common:AnnotationText xml:lang="en">13080</common:AnnotationText>
                            <common:AnnotationText xml:lang="fr">13080</common:AnnotationText>
                        </common:Annotation>
                    </common:Annotations>
                    <common:Name xml:lang="en">Dresden Kreisfreie Stadt</common:Name>
                    <common:Name xml:lang="fr">Dresden Kreisfreie Stadt</common:Name>
                    <structure:Parent>
                        <Ref id="DEDA"/>
                    </structure:Parent>
                </structure:Code>
                <structure:Code id="DED2E">
                    <common:Annotations>
                        <common:Annotation>
                            <common:AnnotationType>ORDER</common:AnnotationType>
                            <common:AnnotationText xml:lang="en">13090</common:AnnotationText>
                            <common:AnnotationText xml:lang="fr">13090</common:AnnotationText>
                        </common:Annotation>
                    </common:Annotations>
                    <common:Name xml:lang="en">Meißen</common:Name>
                    <common:Name xml:lang="fr">Meißen</common:Name>
                    <structure:Parent>
                        <Ref id="DEDA"/>
                    </structure:Parent>
                </structure:Code>
                <structure:Code id="DED2F">
                    <common:Annotations>
                        <common:Annotation>
                            <common:AnnotationType>ORDER</common:AnnotationType>
                            <common:AnnotationText xml:lang="en">13100</common:AnnotationText>
                            <common:AnnotationText xml:lang="fr">13100</common:AnnotationText>
                        </common:Annotation>
                    </common:Annotations>
                    <common:Name xml:lang="en">Sächsische Schweiz-Osterzgebirge</common:Name>
                    <common:Name xml:lang="fr">Sächsische Schweiz-Osterzgebirge</common:Name>
                    <structure:Parent>
                        <Ref id="DEDA"/>
                    </structure:Parent>
                </structure:Code>
                <structure:Code id="DEDB">
                    <common:Annotations>
                        <common:Annotation>
                            <common:AnnotationType>ORDER</common:AnnotationType>
                            <common:AnnotationText xml:lang="en">13110</common:AnnotationText>
                            <common:AnnotationText xml:lang="fr">13110</common:AnnotationText>
                        </common:Annotation>
                    </common:Annotations>
                    <common:Name xml:lang="en">Oberlausitz-Niederschlesien</common:Name>
                    <common:Name xml:lang="fr">Oberlausitz-Niederschlesien</common:Name>
                    <structure:Parent>
                        <Ref id="DED"/>
                    </structure:Parent>
                </structure:Code>
                <structure:Code id="DED2D">
                    <common:Annotations>
                        <common:Annotation>
                            <common:AnnotationType>ORDER</common:AnnotationType>
                            <common:AnnotationText xml:lang="en">13120</common:AnnotationText>
                            <common:AnnotationText xml:lang="fr">13120</common:AnnotationText>
                        </common:Annotation>
                    </common:Annotations>
                    <common:Name xml:lang="en">Görlitz</common:Name>
                    <common:Name xml:lang="fr">Görlitz</common:Name>
                    <structure:Parent>
                        <Ref id="DEDB"/>
                    </structure:Parent>
                </structure:Code>
                <structure:Code id="DED2C">
                    <common:Annotations>
                        <common:Annotation>
                            <common:AnnotationType>ORDER</common:AnnotationType>
                            <common:AnnotationText xml:lang="en">13130</common:AnnotationText>
                            <common:AnnotationText xml:lang="fr">13130</common:AnnotationText>
                        </common:Annotation>
                    </common:Annotations>
                    <common:Name xml:lang="en">Bautzen</common:Name>
                    <common:Name xml:lang="fr">Bautzen</common:Name>
                    <structure:Parent>
                        <Ref id="DEDB"/>
                    </structure:Parent>
                </structure:Code>
                <structure:Code id="DEDC">
                    <common:Annotations>
                        <common:Annotation>
                            <common:AnnotationType>ORDER</common:AnnotationType>
                            <common:AnnotationText xml:lang="en">13140</common:AnnotationText>
                            <common:AnnotationText xml:lang="fr">13140</common:AnnotationText>
                        </common:Annotation>
                    </common:Annotations>
                    <common:Name xml:lang="en">Südwestsachsen</common:Name>
                    <common:Name xml:lang="fr">Südwestsachsen</common:Name>
                    <structure:Parent>
                        <Ref id="DED"/>
                    </structure:Parent>
                </structure:Code>
                <structure:Code id="DED41">
                    <common:Annotations>
                        <common:Annotation>
                            <common:AnnotationType>ORDER</common:AnnotationType>
                            <common:AnnotationText xml:lang="en">13150</common:AnnotationText>
                            <common:AnnotationText xml:lang="fr">13150</common:AnnotationText>
                        </common:Annotation>
                    </common:Annotations>
                    <common:Name xml:lang="en">Chemnitz Kreisfreie Stadt</common:Name>
                    <common:Name xml:lang="fr">Chemnitz Kreisfreie Stadt</common:Name>
                    <structure:Parent>
                        <Ref id="DEDC"/>
                    </structure:Parent>
                </structure:Code>
                <structure:Code id="DED44">
                    <common:Annotations>
                        <common:Annotation>
                            <common:AnnotationType>ORDER</common:AnnotationType>
                            <common:AnnotationText xml:lang="en">13160</common:AnnotationText>
                            <common:AnnotationText xml:lang="fr">13160</common:AnnotationText>
                        </common:Annotation>
                    </common:Annotations>
                    <common:Name xml:lang="en">Vogtlandkreis</common:Name>
                    <common:Name xml:lang="fr">Vogtlandkreis</common:Name>
                    <structure:Parent>
                        <Ref id="DEDC"/>
                    </structure:Parent>
                </structure:Code>
                <structure:Code id="DED45">
                    <common:Annotations>
                        <common:Annotation>
                            <common:AnnotationType>ORDER</common:AnnotationType>
                            <common:AnnotationText xml:lang="en">13170</common:AnnotationText>
                            <common:AnnotationText xml:lang="fr">13170</common:AnnotationText>
                        </common:Annotation>
                    </common:Annotations>
                    <common:Name xml:lang="en">Zwickau</common:Name>
                    <common:Name xml:lang="fr">Zwickau</common:Name>
                    <structure:Parent>
                        <Ref id="DEDC"/>
                    </structure:Parent>
                </structure:Code>
                <structure:Code id="DED42">
                    <common:Annotations>
                        <common:Annotation>
                            <common:AnnotationType>ORDER</common:AnnotationType>
                            <common:AnnotationText xml:lang="en">13180</common:AnnotationText>
                            <common:AnnotationText xml:lang="fr">13180</common:AnnotationText>
                        </common:Annotation>
                    </common:Annotations>
                    <common:Name xml:lang="en">Erzgebirgskreis</common:Name>
                    <common:Name xml:lang="fr">Erzgebirgskreis</common:Name>
                    <structure:Parent>
                        <Ref id="DEDC"/>
                    </structure:Parent>
                </structure:Code>
                <structure:Code id="DED43">
                    <common:Annotations>
                        <common:Annotation>
                            <common:AnnotationType>ORDER</common:AnnotationType>
                            <common:AnnotationText xml:lang="en">13190</common:AnnotationText>
                            <common:AnnotationText xml:lang="fr">13190</common:AnnotationText>
                        </common:Annotation>
                    </common:Annotations>
                    <common:Name xml:lang="en">Mittelsachsen</common:Name>
                    <common:Name xml:lang="fr">Mittelsachsen</common:Name>
                    <structure:Parent>
                        <Ref id="DEDC"/>
                    </structure:Parent>
                </structure:Code>
                <structure:Code id="DEE">
                    <common:Annotations>
                        <common:Annotation>
                            <common:AnnotationType>ORDER</common:AnnotationType>
                            <common:AnnotationText xml:lang="en">13200</common:AnnotationText>
                            <common:AnnotationText xml:lang="fr">13200</common:AnnotationText>
                        </common:Annotation>
                    </common:Annotations>
                    <common:Name xml:lang="en">Saxony-Anhalt</common:Name>
                    <common:Name xml:lang="fr">Saxony-Anhalt</common:Name>
                    <structure:Parent>
                        <Ref id="DEU"/>
                    </structure:Parent>
                </structure:Code>
                <structure:Code id="DEED">
                    <common:Annotations>
                        <common:Annotation>
                            <common:AnnotationType>ORDER</common:AnnotationType>
                            <common:AnnotationText xml:lang="en">13210</common:AnnotationText>
                            <common:AnnotationText xml:lang="fr">13210</common:AnnotationText>
                        </common:Annotation>
                    </common:Annotations>
                    <common:Name xml:lang="en">Altmark</common:Name>
                    <common:Name xml:lang="fr">Altmark</common:Name>
                    <structure:Parent>
                        <Ref id="DEE"/>
                    </structure:Parent>
                </structure:Code>
                <structure:Code id="DEE04">
                    <common:Annotations>
                        <common:Annotation>
                            <common:AnnotationType>ORDER</common:AnnotationType>
                            <common:AnnotationText xml:lang="en">13220</common:AnnotationText>
                            <common:AnnotationText xml:lang="fr">13220</common:AnnotationText>
                        </common:Annotation>
                    </common:Annotations>
                    <common:Name xml:lang="en">Altmarkkreis Salzwedel</common:Name>
                    <common:Name xml:lang="fr">Altmarkkreis Salzwedel</common:Name>
                    <structure:Parent>
                        <Ref id="DEED"/>
                    </structure:Parent>
                </structure:Code>
                <structure:Code id="DEE0D">
                    <common:Annotations>
                        <common:Annotation>
                            <common:AnnotationType>ORDER</common:AnnotationType>
                            <common:AnnotationText xml:lang="en">13230</common:AnnotationText>
                            <common:AnnotationText xml:lang="fr">13230</common:AnnotationText>
                        </common:Annotation>
                    </common:Annotations>
                    <common:Name xml:lang="en">Stendal</common:Name>
                    <common:Name xml:lang="fr">Stendal</common:Name>
                    <structure:Parent>
                        <Ref id="DEED"/>
                    </structure:Parent>
                </structure:Code>
                <structure:Code id="DEEC">
                    <common:Annotations>
                        <common:Annotation>
                            <common:AnnotationType>ORDER</common:AnnotationType>
                            <common:AnnotationText xml:lang="en">13240</common:AnnotationText>
                            <common:AnnotationText xml:lang="fr">13240</common:AnnotationText>
                        </common:Annotation>
                    </common:Annotations>
                    <common:Name xml:lang="en">Magdeburg</common:Name>
                    <common:Name xml:lang="fr">Magdeburg</common:Name>
                    <structure:Parent>
                        <Ref id="DEE"/>
                    </structure:Parent>
                </structure:Code>
                <structure:Code id="DEE03">
                    <common:Annotations>
                        <common:Annotation>
                            <common:AnnotationType>ORDER</common:AnnotationType>
                            <common:AnnotationText xml:lang="en">13250</common:AnnotationText>
                            <common:AnnotationText xml:lang="fr">13250</common:AnnotationText>
                        </common:Annotation>
                    </common:Annotations>
                    <common:Name xml:lang="en">Magdeburg Kreisfreie Stadt</common:Name>
                    <common:Name xml:lang="fr">Magdeburg Kreisfreie Stadt</common:Name>
                    <structure:Parent>
                        <Ref id="DEEC"/>
                    </structure:Parent>
                </structure:Code>
                <structure:Code id="DEE06">
                    <common:Annotations>
                        <common:Annotation>
                            <common:AnnotationType>ORDER</common:AnnotationType>
                            <common:AnnotationText xml:lang="en">13260</common:AnnotationText>
                            <common:AnnotationText xml:lang="fr">13260</common:AnnotationText>
                        </common:Annotation>
                    </common:Annotations>
                    <common:Name xml:lang="en">Jerichower Land</common:Name>
                    <common:Name xml:lang="fr">Jerichower Land</common:Name>
                    <structure:Parent>
                        <Ref id="DEEC"/>
                    </structure:Parent>
                </structure:Code>
                <structure:Code id="DEE07">
                    <common:Annotations>
                        <common:Annotation>
                            <common:AnnotationType>ORDER</common:AnnotationType>
                            <common:AnnotationText xml:lang="en">13270</common:AnnotationText>
                            <common:AnnotationText xml:lang="fr">13270</common:AnnotationText>
                        </common:Annotation>
                    </common:Annotations>
                    <common:Name xml:lang="en">Börde</common:Name>
                    <common:Name xml:lang="fr">Börde</common:Name>
                    <structure:Parent>
                        <Ref id="DEEC"/>
                    </structure:Parent>
                </structure:Code>
                <structure:Code id="DEE09">
                    <common:Annotations>
                        <common:Annotation>
                            <common:AnnotationType>ORDER</common:AnnotationType>
                            <common:AnnotationText xml:lang="en">13280</common:AnnotationText>
                            <common:AnnotationText xml:lang="fr">13280</common:AnnotationText>
                        </common:Annotation>
                    </common:Annotations>
                    <common:Name xml:lang="en">Harz</common:Name>
                    <common:Name xml:lang="fr">Harz</common:Name>
                    <structure:Parent>
                        <Ref id="DEEC"/>
                    </structure:Parent>
                </structure:Code>
                <structure:Code id="DEE0C">
                    <common:Annotations>
                        <common:Annotation>
                            <common:AnnotationType>ORDER</common:AnnotationType>
                            <common:AnnotationText xml:lang="en">13290</common:AnnotationText>
                            <common:AnnotationText xml:lang="fr">13290</common:AnnotationText>
                        </common:Annotation>
                    </common:Annotations>
                    <common:Name xml:lang="en">Salzlandkreis</common:Name>
                    <common:Name xml:lang="fr">Salzlandkreis</common:Name>
                    <structure:Parent>
                        <Ref id="DEEC"/>
                    </structure:Parent>
                </structure:Code>
                <structure:Code id="DEEA">
                    <common:Annotations>
                        <common:Annotation>
                            <common:AnnotationType>ORDER</common:AnnotationType>
                            <common:AnnotationText xml:lang="en">13300</common:AnnotationText>
                            <common:AnnotationText xml:lang="fr">13300</common:AnnotationText>
                        </common:Annotation>
                    </common:Annotations>
                    <common:Name xml:lang="en">Dessau</common:Name>
                    <common:Name xml:lang="fr">Dessau</common:Name>
                    <structure:Parent>
                        <Ref id="DEE"/>
                    </structure:Parent>
                </structure:Code>
                <structure:Code id="DEE01">
                    <common:Annotations>
                        <common:Annotation>
                            <common:AnnotationType>ORDER</common:AnnotationType>
                            <common:AnnotationText xml:lang="en">13310</common:AnnotationText>
                            <common:AnnotationText xml:lang="fr">13310</common:AnnotationText>
                        </common:Annotation>
                    </common:Annotations>
                    <common:Name xml:lang="en">Dessau-Roßlau Kreisfreie Stadt</common:Name>
                    <common:Name xml:lang="fr">Dessau-Roßlau Kreisfreie Stadt</common:Name>
                    <structure:Parent>
                        <Ref id="DEEA"/>
                    </structure:Parent>
                </structure:Code>
                <structure:Code id="DEE05">
                    <common:Annotations>
                        <common:Annotation>
                            <common:AnnotationType>ORDER</common:AnnotationType>
                            <common:AnnotationText xml:lang="en">13320</common:AnnotationText>
                            <common:AnnotationText xml:lang="fr">13320</common:AnnotationText>
                        </common:Annotation>
                    </common:Annotations>
                    <common:Name xml:lang="en">Anhalt-Bitterfeld</common:Name>
                    <common:Name xml:lang="fr">Anhalt-Bitterfeld</common:Name>
                    <structure:Parent>
                        <Ref id="DEEA"/>
                    </structure:Parent>
                </structure:Code>
                <structure:Code id="DEE0E">
                    <common:Annotations>
                        <common:Annotation>
                            <common:AnnotationType>ORDER</common:AnnotationType>
                            <common:AnnotationText xml:lang="en">13330</common:AnnotationText>
                            <common:AnnotationText xml:lang="fr">13330</common:AnnotationText>
                        </common:Annotation>
                    </common:Annotations>
                    <common:Name xml:lang="en">Wittenberg</common:Name>
                    <common:Name xml:lang="fr">Wittenberg</common:Name>
                    <structure:Parent>
                        <Ref id="DEEA"/>
                    </structure:Parent>
                </structure:Code>
                <structure:Code id="DEEB">
                    <common:Annotations>
                        <common:Annotation>
                            <common:AnnotationType>ORDER</common:AnnotationType>
                            <common:AnnotationText xml:lang="en">13340</common:AnnotationText>
                            <common:AnnotationText xml:lang="fr">13340</common:AnnotationText>
                        </common:Annotation>
                    </common:Annotations>
                    <common:Name xml:lang="en">Halle/S.</common:Name>
                    <common:Name xml:lang="fr">Halle/S.</common:Name>
                    <structure:Parent>
                        <Ref id="DEE"/>
                    </structure:Parent>
                </structure:Code>
                <structure:Code id="DEE02">
                    <common:Annotations>
                        <common:Annotation>
                            <common:AnnotationType>ORDER</common:AnnotationType>
                            <common:AnnotationText xml:lang="en">13350</common:AnnotationText>
                            <common:AnnotationText xml:lang="fr">13350</common:AnnotationText>
                        </common:Annotation>
                    </common:Annotations>
                    <common:Name xml:lang="en">Halle (Saale) Kreisfreie Stadt</common:Name>
                    <common:Name xml:lang="fr">Halle (Saale) Kreisfreie Stadt</common:Name>
                    <structure:Parent>
                        <Ref id="DEEB"/>
                    </structure:Parent>
                </structure:Code>
                <structure:Code id="DEE08">
                    <common:Annotations>
                        <common:Annotation>
                            <common:AnnotationType>ORDER</common:AnnotationType>
                            <common:AnnotationText xml:lang="en">13360</common:AnnotationText>
                            <common:AnnotationText xml:lang="fr">13360</common:AnnotationText>
                        </common:Annotation>
                    </common:Annotations>
                    <common:Name xml:lang="en">Burgenland (DE)</common:Name>
                    <common:Name xml:lang="fr">Burgenland (DE)</common:Name>
                    <structure:Parent>
                        <Ref id="DEEB"/>
                    </structure:Parent>
                </structure:Code>
                <structure:Code id="DEE0A">
                    <common:Annotations>
                        <common:Annotation>
                            <common:AnnotationType>ORDER</common:AnnotationType>
                            <common:AnnotationText xml:lang="en">13370</common:AnnotationText>
                            <common:AnnotationText xml:lang="fr">13370</common:AnnotationText>
                        </common:Annotation>
                    </common:Annotations>
                    <common:Name xml:lang="en">Mansfeld-Südharz</common:Name>
                    <common:Name xml:lang="fr">Mansfeld-Südharz</common:Name>
                    <structure:Parent>
                        <Ref id="DEEB"/>
                    </structure:Parent>
                </structure:Code>
                <structure:Code id="DEE0B">
                    <common:Annotations>
                        <common:Annotation>
                            <common:AnnotationType>ORDER</common:AnnotationType>
                            <common:AnnotationText xml:lang="en">13380</common:AnnotationText>
                            <common:AnnotationText xml:lang="fr">13380</common:AnnotationText>
                        </common:Annotation>
                    </common:Annotations>
                    <common:Name xml:lang="en">Saalekreis</common:Name>
                    <common:Name xml:lang="fr">Saalekreis</common:Name>
                    <structure:Parent>
                        <Ref id="DEEB"/>
                    </structure:Parent>
                </structure:Code>
                <structure:Code id="DEF">
                    <common:Annotations>
                        <common:Annotation>
                            <common:AnnotationType>ORDER</common:AnnotationType>
                            <common:AnnotationText xml:lang="en">13390</common:AnnotationText>
                            <common:AnnotationText xml:lang="fr">13390</common:AnnotationText>
                        </common:Annotation>
                    </common:Annotations>
                    <common:Name xml:lang="en">Schleswig-Holstein</common:Name>
                    <common:Name xml:lang="fr">Schleswig-Holstein</common:Name>
                    <structure:Parent>
                        <Ref id="DEU"/>
                    </structure:Parent>
                </structure:Code>
                <structure:Code id="DEFA">
                    <common:Annotations>
                        <common:Annotation>
                            <common:AnnotationType>ORDER</common:AnnotationType>
                            <common:AnnotationText xml:lang="en">13400</common:AnnotationText>
                            <common:AnnotationText xml:lang="fr">13400</common:AnnotationText>
                        </common:Annotation>
                    </common:Annotations>
                    <common:Name xml:lang="en">Schleswig-Holstein Nord</common:Name>
                    <common:Name xml:lang="fr">Schleswig-Holstein Nord</common:Name>
                    <structure:Parent>
                        <Ref id="DEF"/>
                    </structure:Parent>
                </structure:Code>
                <structure:Code id="DEF01">
                    <common:Annotations>
                        <common:Annotation>
                            <common:AnnotationType>ORDER</common:AnnotationType>
                            <common:AnnotationText xml:lang="en">13410</common:AnnotationText>
                            <common:AnnotationText xml:lang="fr">13410</common:AnnotationText>
                        </common:Annotation>
                    </common:Annotations>
                    <common:Name xml:lang="en">Flensburg Kreisfreie Stadt</common:Name>
                    <common:Name xml:lang="fr">Flensburg Kreisfreie Stadt</common:Name>
                    <structure:Parent>
                        <Ref id="DEFA"/>
                    </structure:Parent>
                </structure:Code>
                <structure:Code id="DEF07">
                    <common:Annotations>
                        <common:Annotation>
                            <common:AnnotationType>ORDER</common:AnnotationType>
                            <common:AnnotationText xml:lang="en">13420</common:AnnotationText>
                            <common:AnnotationText xml:lang="fr">13420</common:AnnotationText>
                        </common:Annotation>
                    </common:Annotations>
                    <common:Name xml:lang="en">Nordfriesland</common:Name>
                    <common:Name xml:lang="fr">Nordfriesland</common:Name>
                    <structure:Parent>
                        <Ref id="DEFA"/>
                    </structure:Parent>
                </structure:Code>
                <structure:Code id="DEF0C">
                    <common:Annotations>
                        <common:Annotation>
                            <common:AnnotationType>ORDER</common:AnnotationType>
                            <common:AnnotationText xml:lang="en">13430</common:AnnotationText>
                            <common:AnnotationText xml:lang="fr">13430</common:AnnotationText>
                        </common:Annotation>
                    </common:Annotations>
                    <common:Name xml:lang="en">Schleswig-Flensburg</common:Name>
                    <common:Name xml:lang="fr">Schleswig-Flensburg</common:Name>
                    <structure:Parent>
                        <Ref id="DEFA"/>
                    </structure:Parent>
                </structure:Code>
                <structure:Code id="DEFD">
                    <common:Annotations>
                        <common:Annotation>
                            <common:AnnotationType>ORDER</common:AnnotationType>
                            <common:AnnotationText xml:lang="en">13440</common:AnnotationText>
                            <common:AnnotationText xml:lang="fr">13440</common:AnnotationText>
                        </common:Annotation>
                    </common:Annotations>
                    <common:Name xml:lang="en">Schleswig-Holstein Süd-West</common:Name>
                    <common:Name xml:lang="fr">Schleswig-Holstein Süd-West</common:Name>
                    <structure:Parent>
                        <Ref id="DEF"/>
                    </structure:Parent>
                </structure:Code>
                <structure:Code id="DEF05">
                    <common:Annotations>
                        <common:Annotation>
                            <common:AnnotationType>ORDER</common:AnnotationType>
                            <common:AnnotationText xml:lang="en">13450</common:AnnotationText>
                            <common:AnnotationText xml:lang="fr">13450</common:AnnotationText>
                        </common:Annotation>
                    </common:Annotations>
                    <common:Name xml:lang="en">Dithmarschen</common:Name>
                    <common:Name xml:lang="fr">Dithmarschen</common:Name>
                    <structure:Parent>
                        <Ref id="DEFD"/>
                    </structure:Parent>
                </structure:Code>
                <structure:Code id="DEF0E">
                    <common:Annotations>
                        <common:Annotation>
                            <common:AnnotationType>ORDER</common:AnnotationType>
                            <common:AnnotationText xml:lang="en">13460</common:AnnotationText>
                            <common:AnnotationText xml:lang="fr">13460</common:AnnotationText>
                        </common:Annotation>
                    </common:Annotations>
                    <common:Name xml:lang="en">Steinburg</common:Name>
                    <common:Name xml:lang="fr">Steinburg</common:Name>
                    <structure:Parent>
                        <Ref id="DEFD"/>
                    </structure:Parent>
                </structure:Code>
                <structure:Code id="DEFB">
                    <common:Annotations>
                        <common:Annotation>
                            <common:AnnotationType>ORDER</common:AnnotationType>
                            <common:AnnotationText xml:lang="en">13470</common:AnnotationText>
                            <common:AnnotationText xml:lang="fr">13470</common:AnnotationText>
                        </common:Annotation>
                    </common:Annotations>
                    <common:Name xml:lang="en">Schleswig-Holstein Mitte</common:Name>
                    <common:Name xml:lang="fr">Schleswig-Holstein Mitte</common:Name>
                    <structure:Parent>
                        <Ref id="DEF"/>
                    </structure:Parent>
                </structure:Code>
                <structure:Code id="DEF02">
                    <common:Annotations>
                        <common:Annotation>
                            <common:AnnotationType>ORDER</common:AnnotationType>
                            <common:AnnotationText xml:lang="en">13480</common:AnnotationText>
                            <common:AnnotationText xml:lang="fr">13480</common:AnnotationText>
                        </common:Annotation>
                    </common:Annotations>
                    <common:Name xml:lang="en">Kiel Kreisfreie Stadt</common:Name>
                    <common:Name xml:lang="fr">Kiel Kreisfreie Stadt</common:Name>
                    <structure:Parent>
                        <Ref id="DEFB"/>
                    </structure:Parent>
                </structure:Code>
                <structure:Code id="DEF04">
                    <common:Annotations>
                        <common:Annotation>
                            <common:AnnotationType>ORDER</common:AnnotationType>
                            <common:AnnotationText xml:lang="en">13490</common:AnnotationText>
                            <common:AnnotationText xml:lang="fr">13490</common:AnnotationText>
                        </common:Annotation>
                    </common:Annotations>
                    <common:Name xml:lang="en">Neumünster Kreisfreie Stadt</common:Name>
                    <common:Name xml:lang="fr">Neumünster Kreisfreie Stadt</common:Name>
                    <structure:Parent>
                        <Ref id="DEFB"/>
                    </structure:Parent>
                </structure:Code>
                <structure:Code id="DEF0A">
                    <common:Annotations>
                        <common:Annotation>
                            <common:AnnotationType>ORDER</common:AnnotationType>
                            <common:AnnotationText xml:lang="en">13500</common:AnnotationText>
                            <common:AnnotationText xml:lang="fr">13500</common:AnnotationText>
                        </common:Annotation>
                    </common:Annotations>
                    <common:Name xml:lang="en">Plön</common:Name>
                    <common:Name xml:lang="fr">Plön</common:Name>
                    <structure:Parent>
                        <Ref id="DEFB"/>
                    </structure:Parent>
                </structure:Code>
                <structure:Code id="DEF0B">
                    <common:Annotations>
                        <common:Annotation>
                            <common:AnnotationType>ORDER</common:AnnotationType>
                            <common:AnnotationText xml:lang="en">13510</common:AnnotationText>
                            <common:AnnotationText xml:lang="fr">13510</common:AnnotationText>
                        </common:Annotation>
                    </common:Annotations>
                    <common:Name xml:lang="en">Rendsburg-Eckernförde</common:Name>
                    <common:Name xml:lang="fr">Rendsburg-Eckernförde</common:Name>
                    <structure:Parent>
                        <Ref id="DEFB"/>
                    </structure:Parent>
                </structure:Code>
                <structure:Code id="DEFC">
                    <common:Annotations>
                        <common:Annotation>
                            <common:AnnotationType>ORDER</common:AnnotationType>
                            <common:AnnotationText xml:lang="en">13520</common:AnnotationText>
                            <common:AnnotationText xml:lang="fr">13520</common:AnnotationText>
                        </common:Annotation>
                    </common:Annotations>
                    <common:Name xml:lang="en">Schleswig-Holstein Ost</common:Name>
                    <common:Name xml:lang="fr">Schleswig-Holstein Ost</common:Name>
                    <structure:Parent>
                        <Ref id="DEF"/>
                    </structure:Parent>
                </structure:Code>
                <structure:Code id="DEF03">
                    <common:Annotations>
                        <common:Annotation>
                            <common:AnnotationType>ORDER</common:AnnotationType>
                            <common:AnnotationText xml:lang="en">13530</common:AnnotationText>
                            <common:AnnotationText xml:lang="fr">13530</common:AnnotationText>
                        </common:Annotation>
                    </common:Annotations>
                    <common:Name xml:lang="en">Lübeck Kreisfreie Stadt</common:Name>
                    <common:Name xml:lang="fr">Lübeck Kreisfreie Stadt</common:Name>
                    <structure:Parent>
                        <Ref id="DEFC"/>
                    </structure:Parent>
                </structure:Code>
                <structure:Code id="DEF08">
                    <common:Annotations>
                        <common:Annotation>
                            <common:AnnotationType>ORDER</common:AnnotationType>
                            <common:AnnotationText xml:lang="en">13540</common:AnnotationText>
                            <common:AnnotationText xml:lang="fr">13540</common:AnnotationText>
                        </common:Annotation>
                    </common:Annotations>
                    <common:Name xml:lang="en">Ostholstein</common:Name>
                    <common:Name xml:lang="fr">Ostholstein</common:Name>
                    <structure:Parent>
                        <Ref id="DEFC"/>
                    </structure:Parent>
                </structure:Code>
                <structure:Code id="DEFE">
                    <common:Annotations>
                        <common:Annotation>
                            <common:AnnotationType>ORDER</common:AnnotationType>
                            <common:AnnotationText xml:lang="en">13550</common:AnnotationText>
                            <common:AnnotationText xml:lang="fr">13550</common:AnnotationText>
                        </common:Annotation>
                    </common:Annotations>
                    <common:Name xml:lang="en">Schleswig-Holstein Süd</common:Name>
                    <common:Name xml:lang="fr">Schleswig-Holstein Süd</common:Name>
                    <structure:Parent>
                        <Ref id="DEF"/>
                    </structure:Parent>
                </structure:Code>
                <structure:Code id="DEF06">
                    <common:Annotations>
                        <common:Annotation>
                            <common:AnnotationType>ORDER</common:AnnotationType>
                            <common:AnnotationText xml:lang="en">13560</common:AnnotationText>
                            <common:AnnotationText xml:lang="fr">13560</common:AnnotationText>
                        </common:Annotation>
                    </common:Annotations>
                    <common:Name xml:lang="en">Herzogtum Lauenburg</common:Name>
                    <common:Name xml:lang="fr">Herzogtum Lauenburg</common:Name>
                    <structure:Parent>
                        <Ref id="DEFE"/>
                    </structure:Parent>
                </structure:Code>
                <structure:Code id="DEF09">
                    <common:Annotations>
                        <common:Annotation>
                            <common:AnnotationType>ORDER</common:AnnotationType>
                            <common:AnnotationText xml:lang="en">13570</common:AnnotationText>
                            <common:AnnotationText xml:lang="fr">13570</common:AnnotationText>
                        </common:Annotation>
                    </common:Annotations>
                    <common:Name xml:lang="en">Pinneberg</common:Name>
                    <common:Name xml:lang="fr">Pinneberg</common:Name>
                    <structure:Parent>
                        <Ref id="DEFE"/>
                    </structure:Parent>
                </structure:Code>
                <structure:Code id="DEF0D">
                    <common:Annotations>
                        <common:Annotation>
                            <common:AnnotationType>ORDER</common:AnnotationType>
                            <common:AnnotationText xml:lang="en">13580</common:AnnotationText>
                            <common:AnnotationText xml:lang="fr">13580</common:AnnotationText>
                        </common:Annotation>
                    </common:Annotations>
                    <common:Name xml:lang="en">Segeberg</common:Name>
                    <common:Name xml:lang="fr">Segeberg</common:Name>
                    <structure:Parent>
                        <Ref id="DEFE"/>
                    </structure:Parent>
                </structure:Code>
                <structure:Code id="DEF0F">
                    <common:Annotations>
                        <common:Annotation>
                            <common:AnnotationType>ORDER</common:AnnotationType>
                            <common:AnnotationText xml:lang="en">13590</common:AnnotationText>
                            <common:AnnotationText xml:lang="fr">13590</common:AnnotationText>
                        </common:Annotation>
                    </common:Annotations>
                    <common:Name xml:lang="en">Stormarn</common:Name>
                    <common:Name xml:lang="fr">Stormarn</common:Name>
                    <structure:Parent>
                        <Ref id="DEFE"/>
                    </structure:Parent>
                </structure:Code>
                <structure:Code id="DEG">
                    <common:Annotations>
                        <common:Annotation>
                            <common:AnnotationType>ORDER</common:AnnotationType>
                            <common:AnnotationText xml:lang="en">13600</common:AnnotationText>
                            <common:AnnotationText xml:lang="fr">13600</common:AnnotationText>
                        </common:Annotation>
                    </common:Annotations>
                    <common:Name xml:lang="en">Thuringia</common:Name>
                    <common:Name xml:lang="fr">Thuringia</common:Name>
                    <structure:Parent>
                        <Ref id="DEU"/>
                    </structure:Parent>
                </structure:Code>
                <structure:Code id="DEGD">
                    <common:Annotations>
                        <common:Annotation>
                            <common:AnnotationType>ORDER</common:AnnotationType>
                            <common:AnnotationText xml:lang="en">13610</common:AnnotationText>
                            <common:AnnotationText xml:lang="fr">13610</common:AnnotationText>
                        </common:Annotation>
                    </common:Annotations>
                    <common:Name xml:lang="en">Nordthüringen</common:Name>
                    <common:Name xml:lang="fr">Nordthüringen</common:Name>
                    <structure:Parent>
                        <Ref id="DEG"/>
                    </structure:Parent>
                </structure:Code>
                <structure:Code id="DEG06">
                    <common:Annotations>
                        <common:Annotation>
                            <common:AnnotationType>ORDER</common:AnnotationType>
                            <common:AnnotationText xml:lang="en">13620</common:AnnotationText>
                            <common:AnnotationText xml:lang="fr">13620</common:AnnotationText>
                        </common:Annotation>
                    </common:Annotations>
                    <common:Name xml:lang="en">Eichsfeld</common:Name>
                    <common:Name xml:lang="fr">Eichsfeld</common:Name>
                    <structure:Parent>
                        <Ref id="DEGD"/>
                    </structure:Parent>
                </structure:Code>
                <structure:Code id="DEG07">
                    <common:Annotations>
                        <common:Annotation>
                            <common:AnnotationType>ORDER</common:AnnotationType>
                            <common:AnnotationText xml:lang="en">13630</common:AnnotationText>
                            <common:AnnotationText xml:lang="fr">13630</common:AnnotationText>
                        </common:Annotation>
                    </common:Annotations>
                    <common:Name xml:lang="en">Nordhausen</common:Name>
                    <common:Name xml:lang="fr">Nordhausen</common:Name>
                    <structure:Parent>
                        <Ref id="DEGD"/>
                    </structure:Parent>
                </structure:Code>
                <structure:Code id="DEG09">
                    <common:Annotations>
                        <common:Annotation>
                            <common:AnnotationType>ORDER</common:AnnotationType>
                            <common:AnnotationText xml:lang="en">13640</common:AnnotationText>
                            <common:AnnotationText xml:lang="fr">13640</common:AnnotationText>
                        </common:Annotation>
                    </common:Annotations>
                    <common:Name xml:lang="en">Unstrut-Hainich-Kreis</common:Name>
                    <common:Name xml:lang="fr">Unstrut-Hainich-Kreis</common:Name>
                    <structure:Parent>
                        <Ref id="DEGD"/>
                    </structure:Parent>
                </structure:Code>
                <structure:Code id="DEG0A">
                    <common:Annotations>
                        <common:Annotation>
                            <common:AnnotationType>ORDER</common:AnnotationType>
                            <common:AnnotationText xml:lang="en">13650</common:AnnotationText>
                            <common:AnnotationText xml:lang="fr">13650</common:AnnotationText>
                        </common:Annotation>
                    </common:Annotations>
                    <common:Name xml:lang="en">Kyffhäuserkreis</common:Name>
                    <common:Name xml:lang="fr">Kyffhäuserkreis</common:Name>
                    <structure:Parent>
                        <Ref id="DEGD"/>
                    </structure:Parent>
                </structure:Code>
                <structure:Code id="DEGA">
                    <common:Annotations>
                        <common:Annotation>
                            <common:AnnotationType>ORDER</common:AnnotationType>
                            <common:AnnotationText xml:lang="en">13660</common:AnnotationText>
                            <common:AnnotationText xml:lang="fr">13660</common:AnnotationText>
                        </common:Annotation>
                    </common:Annotations>
                    <common:Name xml:lang="en">Mittelthüringen</common:Name>
                    <common:Name xml:lang="fr">Mittelthüringen</common:Name>
                    <structure:Parent>
                        <Ref id="DEG"/>
                    </structure:Parent>
                </structure:Code>
                <structure:Code id="DEG01">
                    <common:Annotations>
                        <common:Annotation>
                            <common:AnnotationType>ORDER</common:AnnotationType>
                            <common:AnnotationText xml:lang="en">13670</common:AnnotationText>
                            <common:AnnotationText xml:lang="fr">13670</common:AnnotationText>
                        </common:Annotation>
                    </common:Annotations>
                    <common:Name xml:lang="en">Erfurt Kreisfreie Stadt</common:Name>
                    <common:Name xml:lang="fr">Erfurt Kreisfreie Stadt</common:Name>
                    <structure:Parent>
                        <Ref id="DEGA"/>
                    </structure:Parent>
                </structure:Code>
                <structure:Code id="DEG05">
                    <common:Annotations>
                        <common:Annotation>
                            <common:AnnotationType>ORDER</common:AnnotationType>
                            <common:AnnotationText xml:lang="en">13680</common:AnnotationText>
                            <common:AnnotationText xml:lang="fr">13680</common:AnnotationText>
                        </common:Annotation>
                    </common:Annotations>
                    <common:Name xml:lang="en">Weimar Kreisfreie Stadt</common:Name>
                    <common:Name xml:lang="fr">Weimar Kreisfreie Stadt</common:Name>
                    <structure:Parent>
                        <Ref id="DEGA"/>
                    </structure:Parent>
                </structure:Code>
                <structure:Code id="DEG0C">
                    <common:Annotations>
                        <common:Annotation>
                            <common:AnnotationType>ORDER</common:AnnotationType>
                            <common:AnnotationText xml:lang="en">13690</common:AnnotationText>
                            <common:AnnotationText xml:lang="fr">13690</common:AnnotationText>
                        </common:Annotation>
                    </common:Annotations>
                    <common:Name xml:lang="en">Gotha</common:Name>
                    <common:Name xml:lang="fr">Gotha</common:Name>
                    <structure:Parent>
                        <Ref id="DEGA"/>
                    </structure:Parent>
                </structure:Code>
                <structure:Code id="DEG0D">
                    <common:Annotations>
                        <common:Annotation>
                            <common:AnnotationType>ORDER</common:AnnotationType>
                            <common:AnnotationText xml:lang="en">13700</common:AnnotationText>
                            <common:AnnotationText xml:lang="fr">13700</common:AnnotationText>
                        </common:Annotation>
                    </common:Annotations>
                    <common:Name xml:lang="en">Sömmerda</common:Name>
                    <common:Name xml:lang="fr">Sömmerda</common:Name>
                    <structure:Parent>
                        <Ref id="DEGA"/>
                    </structure:Parent>
                </structure:Code>
                <structure:Code id="DEG0F">
                    <common:Annotations>
                        <common:Annotation>
                            <common:AnnotationType>ORDER</common:AnnotationType>
                            <common:AnnotationText xml:lang="en">13710</common:AnnotationText>
                            <common:AnnotationText xml:lang="fr">13710</common:AnnotationText>
                        </common:Annotation>
                    </common:Annotations>
                    <common:Name xml:lang="en">Ilm-Kreis</common:Name>
                    <common:Name xml:lang="fr">Ilm-Kreis</common:Name>
                    <structure:Parent>
                        <Ref id="DEGA"/>
                    </structure:Parent>
                </structure:Code>
                <structure:Code id="DEG0G">
                    <common:Annotations>
                        <common:Annotation>
                            <common:AnnotationType>ORDER</common:AnnotationType>
                            <common:AnnotationText xml:lang="en">13720</common:AnnotationText>
                            <common:AnnotationText xml:lang="fr">13720</common:AnnotationText>
                        </common:Annotation>
                    </common:Annotations>
                    <common:Name xml:lang="en">Weimarer Land</common:Name>
                    <common:Name xml:lang="fr">Weimarer Land</common:Name>
                    <structure:Parent>
                        <Ref id="DEGA"/>
                    </structure:Parent>
                </structure:Code>
                <structure:Code id="DEGC">
                    <common:Annotations>
                        <common:Annotation>
                            <common:AnnotationType>ORDER</common:AnnotationType>
                            <common:AnnotationText xml:lang="en">13730</common:AnnotationText>
                            <common:AnnotationText xml:lang="fr">13730</common:AnnotationText>
                        </common:Annotation>
                    </common:Annotations>
                    <common:Name xml:lang="en">Südthüringen</common:Name>
                    <common:Name xml:lang="fr">Südthüringen</common:Name>
                    <structure:Parent>
                        <Ref id="DEG"/>
                    </structure:Parent>
                </structure:Code>
                <structure:Code id="DEG04">
                    <common:Annotations>
                        <common:Annotation>
                            <common:AnnotationType>ORDER</common:AnnotationType>
                            <common:AnnotationText xml:lang="en">13740</common:AnnotationText>
                            <common:AnnotationText xml:lang="fr">13740</common:AnnotationText>
                        </common:Annotation>
                    </common:Annotations>
                    <common:Name xml:lang="en">Suhl Kreisfreie Stadt</common:Name>
                    <common:Name xml:lang="fr">Suhl Kreisfreie Stadt</common:Name>
                    <structure:Parent>
                        <Ref id="DEGC"/>
                    </structure:Parent>
                </structure:Code>
                <structure:Code id="DEG0B">
                    <common:Annotations>
                        <common:Annotation>
                            <common:AnnotationType>ORDER</common:AnnotationType>
                            <common:AnnotationText xml:lang="en">13750</common:AnnotationText>
                            <common:AnnotationText xml:lang="fr">13750</common:AnnotationText>
                        </common:Annotation>
                    </common:Annotations>
                    <common:Name xml:lang="en">Schmalkalden-Meiningen</common:Name>
                    <common:Name xml:lang="fr">Schmalkalden-Meiningen</common:Name>
                    <structure:Parent>
                        <Ref id="DEGC"/>
                    </structure:Parent>
                </structure:Code>
                <structure:Code id="DEG0E">
                    <common:Annotations>
                        <common:Annotation>
                            <common:AnnotationType>ORDER</common:AnnotationType>
                            <common:AnnotationText xml:lang="en">13760</common:AnnotationText>
                            <common:AnnotationText xml:lang="fr">13760</common:AnnotationText>
                        </common:Annotation>
                    </common:Annotations>
                    <common:Name xml:lang="en">Hildburghausen</common:Name>
                    <common:Name xml:lang="fr">Hildburghausen</common:Name>
                    <structure:Parent>
                        <Ref id="DEGC"/>
                    </structure:Parent>
                </structure:Code>
                <structure:Code id="DEG0H">
                    <common:Annotations>
                        <common:Annotation>
                            <common:AnnotationType>ORDER</common:AnnotationType>
                            <common:AnnotationText xml:lang="en">13770</common:AnnotationText>
                            <common:AnnotationText xml:lang="fr">13770</common:AnnotationText>
                        </common:Annotation>
                    </common:Annotations>
                    <common:Name xml:lang="en">Sonneberg</common:Name>
                    <common:Name xml:lang="fr">Sonneberg</common:Name>
                    <structure:Parent>
                        <Ref id="DEGC"/>
                    </structure:Parent>
                </structure:Code>
                <structure:Code id="DEG0N">
                    <common:Annotations>
                        <common:Annotation>
                            <common:AnnotationType>ORDER</common:AnnotationType>
                            <common:AnnotationText xml:lang="en">13780</common:AnnotationText>
                            <common:AnnotationText xml:lang="fr">13780</common:AnnotationText>
                        </common:Annotation>
                    </common:Annotations>
                    <common:Name xml:lang="en">Eisenach Kreisfreie Stadt</common:Name>
                    <common:Name xml:lang="fr">Eisenach Kreisfreie Stadt</common:Name>
                    <structure:Parent>
                        <Ref id="DEGC"/>
                    </structure:Parent>
                </structure:Code>
                <structure:Code id="DEG0P">
                    <common:Annotations>
                        <common:Annotation>
                            <common:AnnotationType>ORDER</common:AnnotationType>
                            <common:AnnotationText xml:lang="en">13790</common:AnnotationText>
                            <common:AnnotationText xml:lang="fr">13790</common:AnnotationText>
                        </common:Annotation>
                    </common:Annotations>
                    <common:Name xml:lang="en">Wartburgkreis</common:Name>
                    <common:Name xml:lang="fr">Wartburgkreis</common:Name>
                    <structure:Parent>
                        <Ref id="DEGC"/>
                    </structure:Parent>
                </structure:Code>
                <structure:Code id="DEGB">
                    <common:Annotations>
                        <common:Annotation>
                            <common:AnnotationType>ORDER</common:AnnotationType>
                            <common:AnnotationText xml:lang="en">13800</common:AnnotationText>
                            <common:AnnotationText xml:lang="fr">13800</common:AnnotationText>
                        </common:Annotation>
                    </common:Annotations>
                    <common:Name xml:lang="en">Ostthüringen</common:Name>
                    <common:Name xml:lang="fr">Ostthüringen</common:Name>
                    <structure:Parent>
                        <Ref id="DEG"/>
                    </structure:Parent>
                </structure:Code>
                <structure:Code id="DEG02">
                    <common:Annotations>
                        <common:Annotation>
                            <common:AnnotationType>ORDER</common:AnnotationType>
                            <common:AnnotationText xml:lang="en">13810</common:AnnotationText>
                            <common:AnnotationText xml:lang="fr">13810</common:AnnotationText>
                        </common:Annotation>
                    </common:Annotations>
                    <common:Name xml:lang="en">Gera Kreisfreie Stadt</common:Name>
                    <common:Name xml:lang="fr">Gera Kreisfreie Stadt</common:Name>
                    <structure:Parent>
                        <Ref id="DEGB"/>
                    </structure:Parent>
                </structure:Code>
                <structure:Code id="DEG03">
                    <common:Annotations>
                        <common:Annotation>
                            <common:AnnotationType>ORDER</common:AnnotationType>
                            <common:AnnotationText xml:lang="en">13820</common:AnnotationText>
                            <common:AnnotationText xml:lang="fr">13820</common:AnnotationText>
                        </common:Annotation>
                    </common:Annotations>
                    <common:Name xml:lang="en">Jena Kreisfreie Stadt</common:Name>
                    <common:Name xml:lang="fr">Jena Kreisfreie Stadt</common:Name>
                    <structure:Parent>
                        <Ref id="DEGB"/>
                    </structure:Parent>
                </structure:Code>
                <structure:Code id="DEG0I">
                    <common:Annotations>
                        <common:Annotation>
                            <common:AnnotationType>ORDER</common:AnnotationType>
                            <common:AnnotationText xml:lang="en">13830</common:AnnotationText>
                            <common:AnnotationText xml:lang="fr">13830</common:AnnotationText>
                        </common:Annotation>
                    </common:Annotations>
                    <common:Name xml:lang="en">Saalfeld-Rudolstadt</common:Name>
                    <common:Name xml:lang="fr">Saalfeld-Rudolstadt</common:Name>
                    <structure:Parent>
                        <Ref id="DEGB"/>
                    </structure:Parent>
                </structure:Code>
                <structure:Code id="DEG0J">
                    <common:Annotations>
                        <common:Annotation>
                            <common:AnnotationType>ORDER</common:AnnotationType>
                            <common:AnnotationText xml:lang="en">13840</common:AnnotationText>
                            <common:AnnotationText xml:lang="fr">13840</common:AnnotationText>
                        </common:Annotation>
                    </common:Annotations>
                    <common:Name xml:lang="en">Saale-Holzland-Kreis</common:Name>
                    <common:Name xml:lang="fr">Saale-Holzland-Kreis</common:Name>
                    <structure:Parent>
                        <Ref id="DEGB"/>
                    </structure:Parent>
                </structure:Code>
                <structure:Code id="DEG0K">
                    <common:Annotations>
                        <common:Annotation>
                            <common:AnnotationType>ORDER</common:AnnotationType>
                            <common:AnnotationText xml:lang="en">13850</common:AnnotationText>
                            <common:AnnotationText xml:lang="fr">13850</common:AnnotationText>
                        </common:Annotation>
                    </common:Annotations>
                    <common:Name xml:lang="en">Saale-Orla-Kreis</common:Name>
                    <common:Name xml:lang="fr">Saale-Orla-Kreis</common:Name>
                    <structure:Parent>
                        <Ref id="DEGB"/>
                    </structure:Parent>
                </structure:Code>
                <structure:Code id="DEG0L">
                    <common:Annotations>
                        <common:Annotation>
                            <common:AnnotationType>ORDER</common:AnnotationType>
                            <common:AnnotationText xml:lang="en">13860</common:AnnotationText>
                            <common:AnnotationText xml:lang="fr">13860</common:AnnotationText>
                        </common:Annotation>
                    </common:Annotations>
                    <common:Name xml:lang="en">Greiz</common:Name>
                    <common:Name xml:lang="fr">Greiz</common:Name>
                    <structure:Parent>
                        <Ref id="DEGB"/>
                    </structure:Parent>
                </structure:Code>
                <structure:Code id="DEG0M">
                    <common:Annotations>
                        <common:Annotation>
                            <common:AnnotationType>ORDER</common:AnnotationType>
                            <common:AnnotationText xml:lang="en">13870</common:AnnotationText>
                            <common:AnnotationText xml:lang="fr">13870</common:AnnotationText>
                        </common:Annotation>
                    </common:Annotations>
                    <common:Name xml:lang="en">Altenburger Land</common:Name>
                    <common:Name xml:lang="fr">Altenburger Land</common:Name>
                    <structure:Parent>
                        <Ref id="DEGB"/>
                    </structure:Parent>
                </structure:Code>
                <structure:Code id="GRC">
                    <common:Annotations>
                        <common:Annotation>
                            <common:AnnotationType>ORDER</common:AnnotationType>
                            <common:AnnotationText xml:lang="en">13880</common:AnnotationText>
                            <common:AnnotationText xml:lang="fr">13880</common:AnnotationText>
                        </common:Annotation>
                    </common:Annotations>
                    <common:Name xml:lang="en">Greece</common:Name>
                    <common:Name xml:lang="fr">Grèce</common:Name>
                </structure:Code>
                <structure:Code id="EL30">
                    <common:Annotations>
                        <common:Annotation>
                            <common:AnnotationType>ORDER</common:AnnotationType>
                            <common:AnnotationText xml:lang="en">13890</common:AnnotationText>
                            <common:AnnotationText xml:lang="fr">13890</common:AnnotationText>
                        </common:Annotation>
                    </common:Annotations>
                    <common:Name xml:lang="en">Attica</common:Name>
                    <common:Name xml:lang="fr">Attica</common:Name>
                    <structure:Parent>
                        <Ref id="GRC"/>
                    </structure:Parent>
                </structure:Code>
                <structure:Code id="EL301">
                    <common:Annotations>
                        <common:Annotation>
                            <common:AnnotationType>ORDER</common:AnnotationType>
                            <common:AnnotationText xml:lang="en">13900</common:AnnotationText>
                            <common:AnnotationText xml:lang="fr">13900</common:AnnotationText>
                        </common:Annotation>
                    </common:Annotations>
                    <common:Name xml:lang="en">Northern Athens</common:Name>
                    <common:Name xml:lang="fr">Northern Athens</common:Name>
                    <structure:Parent>
                        <Ref id="EL30"/>
                    </structure:Parent>
                </structure:Code>
                <structure:Code id="EL302">
                    <common:Annotations>
                        <common:Annotation>
                            <common:AnnotationType>ORDER</common:AnnotationType>
                            <common:AnnotationText xml:lang="en">13910</common:AnnotationText>
                            <common:AnnotationText xml:lang="fr">13910</common:AnnotationText>
                        </common:Annotation>
                    </common:Annotations>
                    <common:Name xml:lang="en">Western Athens</common:Name>
                    <common:Name xml:lang="fr">Western Athens</common:Name>
                    <structure:Parent>
                        <Ref id="EL30"/>
                    </structure:Parent>
                </structure:Code>
                <structure:Code id="EL303">
                    <common:Annotations>
                        <common:Annotation>
                            <common:AnnotationType>ORDER</common:AnnotationType>
                            <common:AnnotationText xml:lang="en">13920</common:AnnotationText>
                            <common:AnnotationText xml:lang="fr">13920</common:AnnotationText>
                        </common:Annotation>
                    </common:Annotations>
                    <common:Name xml:lang="en">Central Athens</common:Name>
                    <common:Name xml:lang="fr">Central Athens</common:Name>
                    <structure:Parent>
                        <Ref id="EL30"/>
                    </structure:Parent>
                </structure:Code>
                <structure:Code id="EL304">
                    <common:Annotations>
                        <common:Annotation>
                            <common:AnnotationType>ORDER</common:AnnotationType>
                            <common:AnnotationText xml:lang="en">13930</common:AnnotationText>
                            <common:AnnotationText xml:lang="fr">13930</common:AnnotationText>
                        </common:Annotation>
                    </common:Annotations>
                    <common:Name xml:lang="en">Southern Athens</common:Name>
                    <common:Name xml:lang="fr">Southern Athens</common:Name>
                    <structure:Parent>
                        <Ref id="EL30"/>
                    </structure:Parent>
                </structure:Code>
                <structure:Code id="EL305">
                    <common:Annotations>
                        <common:Annotation>
                            <common:AnnotationType>ORDER</common:AnnotationType>
                            <common:AnnotationText xml:lang="en">13940</common:AnnotationText>
                            <common:AnnotationText xml:lang="fr">13940</common:AnnotationText>
                        </common:Annotation>
                    </common:Annotations>
                    <common:Name xml:lang="en">Eastern Attica</common:Name>
                    <common:Name xml:lang="fr">Eastern Attica</common:Name>
                    <structure:Parent>
                        <Ref id="EL30"/>
                    </structure:Parent>
                </structure:Code>
                <structure:Code id="EL306">
                    <common:Annotations>
                        <common:Annotation>
                            <common:AnnotationType>ORDER</common:AnnotationType>
                            <common:AnnotationText xml:lang="en">13950</common:AnnotationText>
                            <common:AnnotationText xml:lang="fr">13950</common:AnnotationText>
                        </common:Annotation>
                    </common:Annotations>
                    <common:Name xml:lang="en">Western Attica</common:Name>
                    <common:Name xml:lang="fr">Western Attica</common:Name>
                    <structure:Parent>
                        <Ref id="EL30"/>
                    </structure:Parent>
                </structure:Code>
                <structure:Code id="EL307">
                    <common:Annotations>
                        <common:Annotation>
                            <common:AnnotationType>ORDER</common:AnnotationType>
                            <common:AnnotationText xml:lang="en">13960</common:AnnotationText>
                            <common:AnnotationText xml:lang="fr">13960</common:AnnotationText>
                        </common:Annotation>
                    </common:Annotations>
                    <common:Name xml:lang="en">Piraeus, Islands</common:Name>
                    <common:Name xml:lang="fr">Piraeus, Islands</common:Name>
                    <structure:Parent>
                        <Ref id="EL30"/>
                    </structure:Parent>
                </structure:Code>
                <structure:Code id="EL41">
                    <common:Annotations>
                        <common:Annotation>
                            <common:AnnotationType>ORDER</common:AnnotationType>
                            <common:AnnotationText xml:lang="en">13970</common:AnnotationText>
                            <common:AnnotationText xml:lang="fr">13970</common:AnnotationText>
                        </common:Annotation>
                    </common:Annotations>
                    <common:Name xml:lang="en">North Aegean</common:Name>
                    <common:Name xml:lang="fr">North Aegean</common:Name>
                    <structure:Parent>
                        <Ref id="GRC"/>
                    </structure:Parent>
                </structure:Code>
                <structure:Code id="EL411">
                    <common:Annotations>
                        <common:Annotation>
                            <common:AnnotationType>ORDER</common:AnnotationType>
                            <common:AnnotationText xml:lang="en">13980</common:AnnotationText>
                            <common:AnnotationText xml:lang="fr">13980</common:AnnotationText>
                        </common:Annotation>
                    </common:Annotations>
                    <common:Name xml:lang="en">Lesbos, Lemnos</common:Name>
                    <common:Name xml:lang="fr">Lesbos, Lemnos</common:Name>
                    <structure:Parent>
                        <Ref id="EL41"/>
                    </structure:Parent>
                </structure:Code>
                <structure:Code id="EL412">
                    <common:Annotations>
                        <common:Annotation>
                            <common:AnnotationType>ORDER</common:AnnotationType>
                            <common:AnnotationText xml:lang="en">13990</common:AnnotationText>
                            <common:AnnotationText xml:lang="fr">13990</common:AnnotationText>
                        </common:Annotation>
                    </common:Annotations>
                    <common:Name xml:lang="en">Ikaria, Samos</common:Name>
                    <common:Name xml:lang="fr">Ikaria, Samos</common:Name>
                    <structure:Parent>
                        <Ref id="EL41"/>
                    </structure:Parent>
                </structure:Code>
                <structure:Code id="EL413">
                    <common:Annotations>
                        <common:Annotation>
                            <common:AnnotationType>ORDER</common:AnnotationType>
                            <common:AnnotationText xml:lang="en">14000</common:AnnotationText>
                            <common:AnnotationText xml:lang="fr">14000</common:AnnotationText>
                        </common:Annotation>
                    </common:Annotations>
                    <common:Name xml:lang="en">Chios</common:Name>
                    <common:Name xml:lang="fr">Chios</common:Name>
                    <structure:Parent>
                        <Ref id="EL41"/>
                    </structure:Parent>
                </structure:Code>
                <structure:Code id="EL42">
                    <common:Annotations>
                        <common:Annotation>
                            <common:AnnotationType>ORDER</common:AnnotationType>
                            <common:AnnotationText xml:lang="en">14010</common:AnnotationText>
                            <common:AnnotationText xml:lang="fr">14010</common:AnnotationText>
                        </common:Annotation>
                    </common:Annotations>
                    <common:Name xml:lang="en">South Aegean</common:Name>
                    <common:Name xml:lang="fr">South Aegean</common:Name>
                    <structure:Parent>
                        <Ref id="GRC"/>
                    </structure:Parent>
                </structure:Code>
                <structure:Code id="EL421">
                    <common:Annotations>
                        <common:Annotation>
                            <common:AnnotationType>ORDER</common:AnnotationType>
                            <common:AnnotationText xml:lang="en">14020</common:AnnotationText>
                            <common:AnnotationText xml:lang="fr">14020</common:AnnotationText>
                        </common:Annotation>
                    </common:Annotations>
                    <common:Name xml:lang="en">Kalymnos, Karpathos, Kos, Rhodes</common:Name>
                    <common:Name xml:lang="fr">Kalymnos, Karpathos, Kos, Rhodes</common:Name>
                    <structure:Parent>
                        <Ref id="EL42"/>
                    </structure:Parent>
                </structure:Code>
                <structure:Code id="EL422">
                    <common:Annotations>
                        <common:Annotation>
                            <common:AnnotationType>ORDER</common:AnnotationType>
                            <common:AnnotationText xml:lang="en">14030</common:AnnotationText>
                            <common:AnnotationText xml:lang="fr">14030</common:AnnotationText>
                        </common:Annotation>
                    </common:Annotations>
                    <common:Name xml:lang="en">Andros, Thira, Kea, Milos, Mykonos, Naxos, Paros, Syros, Tinos</common:Name>
                    <common:Name xml:lang="fr">Andros, Thira, Kea, Milos, Mykonos, Naxos, Paros, Syros, Tinos</common:Name>
                    <structure:Parent>
                        <Ref id="EL42"/>
                    </structure:Parent>
                </structure:Code>
                <structure:Code id="EL43">
                    <common:Annotations>
                        <common:Annotation>
                            <common:AnnotationType>ORDER</common:AnnotationType>
                            <common:AnnotationText xml:lang="en">14040</common:AnnotationText>
                            <common:AnnotationText xml:lang="fr">14040</common:AnnotationText>
                        </common:Annotation>
                    </common:Annotations>
                    <common:Name xml:lang="en">Crete</common:Name>
                    <common:Name xml:lang="fr">Crete</common:Name>
                    <structure:Parent>
                        <Ref id="GRC"/>
                    </structure:Parent>
                </structure:Code>
                <structure:Code id="EL431">
                    <common:Annotations>
                        <common:Annotation>
                            <common:AnnotationType>ORDER</common:AnnotationType>
                            <common:AnnotationText xml:lang="en">14050</common:AnnotationText>
                            <common:AnnotationText xml:lang="fr">14050</common:AnnotationText>
                        </common:Annotation>
                    </common:Annotations>
                    <common:Name xml:lang="en">Heraklion</common:Name>
                    <common:Name xml:lang="fr">Heraklion</common:Name>
                    <structure:Parent>
                        <Ref id="EL43"/>
                    </structure:Parent>
                </structure:Code>
                <structure:Code id="EL432">
                    <common:Annotations>
                        <common:Annotation>
                            <common:AnnotationType>ORDER</common:AnnotationType>
                            <common:AnnotationText xml:lang="en">14060</common:AnnotationText>
                            <common:AnnotationText xml:lang="fr">14060</common:AnnotationText>
                        </common:Annotation>
                    </common:Annotations>
                    <common:Name xml:lang="en">Lasithi</common:Name>
                    <common:Name xml:lang="fr">Lasithi</common:Name>
                    <structure:Parent>
                        <Ref id="EL43"/>
                    </structure:Parent>
                </structure:Code>
                <structure:Code id="EL433">
                    <common:Annotations>
                        <common:Annotation>
                            <common:AnnotationType>ORDER</common:AnnotationType>
                            <common:AnnotationText xml:lang="en">14070</common:AnnotationText>
                            <common:AnnotationText xml:lang="fr">14070</common:AnnotationText>
                        </common:Annotation>
                    </common:Annotations>
                    <common:Name xml:lang="en">Rethymno</common:Name>
                    <common:Name xml:lang="fr">Rethymno</common:Name>
                    <structure:Parent>
                        <Ref id="EL43"/>
                    </structure:Parent>
                </structure:Code>
                <structure:Code id="EL434">
                    <common:Annotations>
                        <common:Annotation>
                            <common:AnnotationType>ORDER</common:AnnotationType>
                            <common:AnnotationText xml:lang="en">14080</common:AnnotationText>
                            <common:AnnotationText xml:lang="fr">14080</common:AnnotationText>
                        </common:Annotation>
                    </common:Annotations>
                    <common:Name xml:lang="en">Chania</common:Name>
                    <common:Name xml:lang="fr">Chania</common:Name>
                    <structure:Parent>
                        <Ref id="EL43"/>
                    </structure:Parent>
                </structure:Code>
                <structure:Code id="EL51">
                    <common:Annotations>
                        <common:Annotation>
                            <common:AnnotationType>ORDER</common:AnnotationType>
                            <common:AnnotationText xml:lang="en">14090</common:AnnotationText>
                            <common:AnnotationText xml:lang="fr">14090</common:AnnotationText>
                        </common:Annotation>
                    </common:Annotations>
                    <common:Name xml:lang="en">Eastern Macedonia, Thrace</common:Name>
                    <common:Name xml:lang="fr">Eastern Macedonia, Thrace</common:Name>
                    <structure:Parent>
                        <Ref id="GRC"/>
                    </structure:Parent>
                </structure:Code>
                <structure:Code id="EL511">
                    <common:Annotations>
                        <common:Annotation>
                            <common:AnnotationType>ORDER</common:AnnotationType>
                            <common:AnnotationText xml:lang="en">14100</common:AnnotationText>
                            <common:AnnotationText xml:lang="fr">14100</common:AnnotationText>
                        </common:Annotation>
                    </common:Annotations>
                    <common:Name xml:lang="en">Evros</common:Name>
                    <common:Name xml:lang="fr">Evros</common:Name>
                    <structure:Parent>
                        <Ref id="EL51"/>
                    </structure:Parent>
                </structure:Code>
                <structure:Code id="EL512">
                    <common:Annotations>
                        <common:Annotation>
                            <common:AnnotationType>ORDER</common:AnnotationType>
                            <common:AnnotationText xml:lang="en">14110</common:AnnotationText>
                            <common:AnnotationText xml:lang="fr">14110</common:AnnotationText>
                        </common:Annotation>
                    </common:Annotations>
                    <common:Name xml:lang="en">Xanthi</common:Name>
                    <common:Name xml:lang="fr">Xanthi</common:Name>
                    <structure:Parent>
                        <Ref id="EL51"/>
                    </structure:Parent>
                </structure:Code>
                <structure:Code id="EL513">
                    <common:Annotations>
                        <common:Annotation>
                            <common:AnnotationType>ORDER</common:AnnotationType>
                            <common:AnnotationText xml:lang="en">14120</common:AnnotationText>
                            <common:AnnotationText xml:lang="fr">14120</common:AnnotationText>
                        </common:Annotation>
                    </common:Annotations>
                    <common:Name xml:lang="en">Rodope</common:Name>
                    <common:Name xml:lang="fr">Rodope</common:Name>
                    <structure:Parent>
                        <Ref id="EL51"/>
                    </structure:Parent>
                </structure:Code>
                <structure:Code id="EL514">
                    <common:Annotations>
                        <common:Annotation>
                            <common:AnnotationType>ORDER</common:AnnotationType>
                            <common:AnnotationText xml:lang="en">14130</common:AnnotationText>
                            <common:AnnotationText xml:lang="fr">14130</common:AnnotationText>
                        </common:Annotation>
                    </common:Annotations>
                    <common:Name xml:lang="en">Drama</common:Name>
                    <common:Name xml:lang="fr">Drama</common:Name>
                    <structure:Parent>
                        <Ref id="EL51"/>
                    </structure:Parent>
                </structure:Code>
                <structure:Code id="EL515">
                    <common:Annotations>
                        <common:Annotation>
                            <common:AnnotationType>ORDER</common:AnnotationType>
                            <common:AnnotationText xml:lang="en">14140</common:AnnotationText>
                            <common:AnnotationText xml:lang="fr">14140</common:AnnotationText>
                        </common:Annotation>
                    </common:Annotations>
                    <common:Name xml:lang="en">Thassos, Kavala</common:Name>
                    <common:Name xml:lang="fr">Thassos, Kavala</common:Name>
                    <structure:Parent>
                        <Ref id="EL51"/>
                    </structure:Parent>
                </structure:Code>
                <structure:Code id="EL52">
                    <common:Annotations>
                        <common:Annotation>
                            <common:AnnotationType>ORDER</common:AnnotationType>
                            <common:AnnotationText xml:lang="en">14150</common:AnnotationText>
                            <common:AnnotationText xml:lang="fr">14150</common:AnnotationText>
                        </common:Annotation>
                    </common:Annotations>
                    <common:Name xml:lang="en">Central Macedonia</common:Name>
                    <common:Name xml:lang="fr">Central Macedonia</common:Name>
                    <structure:Parent>
                        <Ref id="GRC"/>
                    </structure:Parent>
                </structure:Code>
                <structure:Code id="EL521">
                    <common:Annotations>
                        <common:Annotation>
                            <common:AnnotationType>ORDER</common:AnnotationType>
                            <common:AnnotationText xml:lang="en">14160</common:AnnotationText>
                            <common:AnnotationText xml:lang="fr">14160</common:AnnotationText>
                        </common:Annotation>
                    </common:Annotations>
                    <common:Name xml:lang="en">Imathia</common:Name>
                    <common:Name xml:lang="fr">Imathia</common:Name>
                    <structure:Parent>
                        <Ref id="EL52"/>
                    </structure:Parent>
                </structure:Code>
                <structure:Code id="EL522">
                    <common:Annotations>
                        <common:Annotation>
                            <common:AnnotationType>ORDER</common:AnnotationType>
                            <common:AnnotationText xml:lang="en">14170</common:AnnotationText>
                            <common:AnnotationText xml:lang="fr">14170</common:AnnotationText>
                        </common:Annotation>
                    </common:Annotations>
                    <common:Name xml:lang="en">Thessalonica</common:Name>
                    <common:Name xml:lang="fr">Thessalonica</common:Name>
                    <structure:Parent>
                        <Ref id="EL52"/>
                    </structure:Parent>
                </structure:Code>
                <structure:Code id="EL523">
                    <common:Annotations>
                        <common:Annotation>
                            <common:AnnotationType>ORDER</common:AnnotationType>
                            <common:AnnotationText xml:lang="en">14180</common:AnnotationText>
                            <common:AnnotationText xml:lang="fr">14180</common:AnnotationText>
                        </common:Annotation>
                    </common:Annotations>
                    <common:Name xml:lang="en">Kilkis</common:Name>
                    <common:Name xml:lang="fr">Kilkis</common:Name>
                    <structure:Parent>
                        <Ref id="EL52"/>
                    </structure:Parent>
                </structure:Code>
                <structure:Code id="EL524">
                    <common:Annotations>
                        <common:Annotation>
                            <common:AnnotationType>ORDER</common:AnnotationType>
                            <common:AnnotationText xml:lang="en">14190</common:AnnotationText>
                            <common:AnnotationText xml:lang="fr">14190</common:AnnotationText>
                        </common:Annotation>
                    </common:Annotations>
                    <common:Name xml:lang="en">Pella</common:Name>
                    <common:Name xml:lang="fr">Pella</common:Name>
                    <structure:Parent>
                        <Ref id="EL52"/>
                    </structure:Parent>
                </structure:Code>
                <structure:Code id="EL525">
                    <common:Annotations>
                        <common:Annotation>
                            <common:AnnotationType>ORDER</common:AnnotationType>
                            <common:AnnotationText xml:lang="en">14200</common:AnnotationText>
                            <common:AnnotationText xml:lang="fr">14200</common:AnnotationText>
                        </common:Annotation>
                    </common:Annotations>
                    <common:Name xml:lang="en">Pieria</common:Name>
                    <common:Name xml:lang="fr">Pieria</common:Name>
                    <structure:Parent>
                        <Ref id="EL52"/>
                    </structure:Parent>
                </structure:Code>
                <structure:Code id="EL526">
                    <common:Annotations>
                        <common:Annotation>
                            <common:AnnotationType>ORDER</common:AnnotationType>
                            <common:AnnotationText xml:lang="en">14210</common:AnnotationText>
                            <common:AnnotationText xml:lang="fr">14210</common:AnnotationText>
                        </common:Annotation>
                    </common:Annotations>
                    <common:Name xml:lang="en">Serres</common:Name>
                    <common:Name xml:lang="fr">Serres</common:Name>
                    <structure:Parent>
                        <Ref id="EL52"/>
                    </structure:Parent>
                </structure:Code>
                <structure:Code id="EL527">
                    <common:Annotations>
                        <common:Annotation>
                            <common:AnnotationType>ORDER</common:AnnotationType>
                            <common:AnnotationText xml:lang="en">14220</common:AnnotationText>
                            <common:AnnotationText xml:lang="fr">14220</common:AnnotationText>
                        </common:Annotation>
                    </common:Annotations>
                    <common:Name xml:lang="en">Chalcidice</common:Name>
                    <common:Name xml:lang="fr">Chalcidice</common:Name>
                    <structure:Parent>
                        <Ref id="EL52"/>
                    </structure:Parent>
                </structure:Code>
                <structure:Code id="EL53">
                    <common:Annotations>
                        <common:Annotation>
                            <common:AnnotationType>ORDER</common:AnnotationType>
                            <common:AnnotationText xml:lang="en">14230</common:AnnotationText>
                            <common:AnnotationText xml:lang="fr">14230</common:AnnotationText>
                        </common:Annotation>
                    </common:Annotations>
                    <common:Name xml:lang="en">Western Macedonia</common:Name>
                    <common:Name xml:lang="fr">Western Macedonia</common:Name>
                    <structure:Parent>
                        <Ref id="GRC"/>
                    </structure:Parent>
                </structure:Code>
                <structure:Code id="EL531">
                    <common:Annotations>
                        <common:Annotation>
                            <common:AnnotationType>ORDER</common:AnnotationType>
                            <common:AnnotationText xml:lang="en">14240</common:AnnotationText>
                            <common:AnnotationText xml:lang="fr">14240</common:AnnotationText>
                        </common:Annotation>
                    </common:Annotations>
                    <common:Name xml:lang="en">Grevena, Kozani</common:Name>
                    <common:Name xml:lang="fr">Grevena, Kozani</common:Name>
                    <structure:Parent>
                        <Ref id="EL53"/>
                    </structure:Parent>
                </structure:Code>
                <structure:Code id="EL532">
                    <common:Annotations>
                        <common:Annotation>
                            <common:AnnotationType>ORDER</common:AnnotationType>
                            <common:AnnotationText xml:lang="en">14250</common:AnnotationText>
                            <common:AnnotationText xml:lang="fr">14250</common:AnnotationText>
                        </common:Annotation>
                    </common:Annotations>
                    <common:Name xml:lang="en">Kastoria</common:Name>
                    <common:Name xml:lang="fr">Kastoria</common:Name>
                    <structure:Parent>
                        <Ref id="EL53"/>
                    </structure:Parent>
                </structure:Code>
                <structure:Code id="EL533">
                    <common:Annotations>
                        <common:Annotation>
                            <common:AnnotationType>ORDER</common:AnnotationType>
                            <common:AnnotationText xml:lang="en">14260</common:AnnotationText>
                            <common:AnnotationText xml:lang="fr">14260</common:AnnotationText>
                        </common:Annotation>
                    </common:Annotations>
                    <common:Name xml:lang="en">Florina</common:Name>
                    <common:Name xml:lang="fr">Florina</common:Name>
                    <structure:Parent>
                        <Ref id="EL53"/>
                    </structure:Parent>
                </structure:Code>
                <structure:Code id="EL54">
                    <common:Annotations>
                        <common:Annotation>
                            <common:AnnotationType>ORDER</common:AnnotationType>
                            <common:AnnotationText xml:lang="en">14270</common:AnnotationText>
                            <common:AnnotationText xml:lang="fr">14270</common:AnnotationText>
                        </common:Annotation>
                    </common:Annotations>
                    <common:Name xml:lang="en">Epirus</common:Name>
                    <common:Name xml:lang="fr">Epirus</common:Name>
                    <structure:Parent>
                        <Ref id="GRC"/>
                    </structure:Parent>
                </structure:Code>
                <structure:Code id="EL541">
                    <common:Annotations>
                        <common:Annotation>
                            <common:AnnotationType>ORDER</common:AnnotationType>
                            <common:AnnotationText xml:lang="en">14280</common:AnnotationText>
                            <common:AnnotationText xml:lang="fr">14280</common:AnnotationText>
                        </common:Annotation>
                    </common:Annotations>
                    <common:Name xml:lang="en">Arta, Preveza</common:Name>
                    <common:Name xml:lang="fr">Arta, Preveza</common:Name>
                    <structure:Parent>
                        <Ref id="EL54"/>
                    </structure:Parent>
                </structure:Code>
                <structure:Code id="EL542">
                    <common:Annotations>
                        <common:Annotation>
                            <common:AnnotationType>ORDER</common:AnnotationType>
                            <common:AnnotationText xml:lang="en">14290</common:AnnotationText>
                            <common:AnnotationText xml:lang="fr">14290</common:AnnotationText>
                        </common:Annotation>
                    </common:Annotations>
                    <common:Name xml:lang="en">Thesprotia</common:Name>
                    <common:Name xml:lang="fr">Thesprotia</common:Name>
                    <structure:Parent>
                        <Ref id="EL54"/>
                    </structure:Parent>
                </structure:Code>
                <structure:Code id="EL543">
                    <common:Annotations>
                        <common:Annotation>
                            <common:AnnotationType>ORDER</common:AnnotationType>
                            <common:AnnotationText xml:lang="en">14300</common:AnnotationText>
                            <common:AnnotationText xml:lang="fr">14300</common:AnnotationText>
                        </common:Annotation>
                    </common:Annotations>
                    <common:Name xml:lang="en">Ioannina</common:Name>
                    <common:Name xml:lang="fr">Ioannina</common:Name>
                    <structure:Parent>
                        <Ref id="EL54"/>
                    </structure:Parent>
                </structure:Code>
                <structure:Code id="EL61">
                    <common:Annotations>
                        <common:Annotation>
                            <common:AnnotationType>ORDER</common:AnnotationType>
                            <common:AnnotationText xml:lang="en">14310</common:AnnotationText>
                            <common:AnnotationText xml:lang="fr">14310</common:AnnotationText>
                        </common:Annotation>
                    </common:Annotations>
                    <common:Name xml:lang="en">Thessaly</common:Name>
                    <common:Name xml:lang="fr">Thessaly</common:Name>
                    <structure:Parent>
                        <Ref id="GRC"/>
                    </structure:Parent>
                </structure:Code>
                <structure:Code id="EL611">
                    <common:Annotations>
                        <common:Annotation>
                            <common:AnnotationType>ORDER</common:AnnotationType>
                            <common:AnnotationText xml:lang="en">14320</common:AnnotationText>
                            <common:AnnotationText xml:lang="fr">14320</common:AnnotationText>
                        </common:Annotation>
                    </common:Annotations>
                    <common:Name xml:lang="en">Karditsa, Trikala</common:Name>
                    <common:Name xml:lang="fr">Karditsa, Trikala</common:Name>
                    <structure:Parent>
                        <Ref id="EL61"/>
                    </structure:Parent>
                </structure:Code>
                <structure:Code id="EL612">
                    <common:Annotations>
                        <common:Annotation>
                            <common:AnnotationType>ORDER</common:AnnotationType>
                            <common:AnnotationText xml:lang="en">14330</common:AnnotationText>
                            <common:AnnotationText xml:lang="fr">14330</common:AnnotationText>
                        </common:Annotation>
                    </common:Annotations>
                    <common:Name xml:lang="en">Larissa</common:Name>
                    <common:Name xml:lang="fr">Larissa</common:Name>
                    <structure:Parent>
                        <Ref id="EL61"/>
                    </structure:Parent>
                </structure:Code>
                <structure:Code id="EL613">
                    <common:Annotations>
                        <common:Annotation>
                            <common:AnnotationType>ORDER</common:AnnotationType>
                            <common:AnnotationText xml:lang="en">14340</common:AnnotationText>
                            <common:AnnotationText xml:lang="fr">14340</common:AnnotationText>
                        </common:Annotation>
                    </common:Annotations>
                    <common:Name xml:lang="en">Magnesia</common:Name>
                    <common:Name xml:lang="fr">Magnesia</common:Name>
                    <structure:Parent>
                        <Ref id="EL61"/>
                    </structure:Parent>
                </structure:Code>
                <structure:Code id="EL62">
                    <common:Annotations>
                        <common:Annotation>
                            <common:AnnotationType>ORDER</common:AnnotationType>
                            <common:AnnotationText xml:lang="en">14350</common:AnnotationText>
                            <common:AnnotationText xml:lang="fr">14350</common:AnnotationText>
                        </common:Annotation>
                    </common:Annotations>
                    <common:Name xml:lang="en">Ionian Islands</common:Name>
                    <common:Name xml:lang="fr">Ionian Islands</common:Name>
                    <structure:Parent>
                        <Ref id="GRC"/>
                    </structure:Parent>
                </structure:Code>
                <structure:Code id="EL621">
                    <common:Annotations>
                        <common:Annotation>
                            <common:AnnotationType>ORDER</common:AnnotationType>
                            <common:AnnotationText xml:lang="en">14360</common:AnnotationText>
                            <common:AnnotationText xml:lang="fr">14360</common:AnnotationText>
                        </common:Annotation>
                    </common:Annotations>
                    <common:Name xml:lang="en">Zakynthos</common:Name>
                    <common:Name xml:lang="fr">Zakynthos</common:Name>
                    <structure:Parent>
                        <Ref id="EL62"/>
                    </structure:Parent>
                </structure:Code>
                <structure:Code id="EL622">
                    <common:Annotations>
                        <common:Annotation>
                            <common:AnnotationType>ORDER</common:AnnotationType>
                            <common:AnnotationText xml:lang="en">14370</common:AnnotationText>
                            <common:AnnotationText xml:lang="fr">14370</common:AnnotationText>
                        </common:Annotation>
                    </common:Annotations>
                    <common:Name xml:lang="en">Corfu</common:Name>
                    <common:Name xml:lang="fr">Corfu</common:Name>
                    <structure:Parent>
                        <Ref id="EL62"/>
                    </structure:Parent>
                </structure:Code>
                <structure:Code id="EL623">
                    <common:Annotations>
                        <common:Annotation>
                            <common:AnnotationType>ORDER</common:AnnotationType>
                            <common:AnnotationText xml:lang="en">14380</common:AnnotationText>
                            <common:AnnotationText xml:lang="fr">14380</common:AnnotationText>
                        </common:Annotation>
                    </common:Annotations>
                    <common:Name xml:lang="en">Ithaca, Cephalonia</common:Name>
                    <common:Name xml:lang="fr">Ithaca, Cephalonia</common:Name>
                    <structure:Parent>
                        <Ref id="EL62"/>
                    </structure:Parent>
                </structure:Code>
                <structure:Code id="EL624">
                    <common:Annotations>
                        <common:Annotation>
                            <common:AnnotationType>ORDER</common:AnnotationType>
                            <common:AnnotationText xml:lang="en">14390</common:AnnotationText>
                            <common:AnnotationText xml:lang="fr">14390</common:AnnotationText>
                        </common:Annotation>
                    </common:Annotations>
                    <common:Name xml:lang="en">Lefkada</common:Name>
                    <common:Name xml:lang="fr">Lefkada</common:Name>
                    <structure:Parent>
                        <Ref id="EL62"/>
                    </structure:Parent>
                </structure:Code>
                <structure:Code id="EL63">
                    <common:Annotations>
                        <common:Annotation>
                            <common:AnnotationType>ORDER</common:AnnotationType>
                            <common:AnnotationText xml:lang="en">14400</common:AnnotationText>
                            <common:AnnotationText xml:lang="fr">14400</common:AnnotationText>
                        </common:Annotation>
                    </common:Annotations>
                    <common:Name xml:lang="en">Western Greece</common:Name>
                    <common:Name xml:lang="fr">Western Greece</common:Name>
                    <structure:Parent>
                        <Ref id="GRC"/>
                    </structure:Parent>
                </structure:Code>
                <structure:Code id="EL631">
                    <common:Annotations>
                        <common:Annotation>
                            <common:AnnotationType>ORDER</common:AnnotationType>
                            <common:AnnotationText xml:lang="en">14410</common:AnnotationText>
                            <common:AnnotationText xml:lang="fr">14410</common:AnnotationText>
                        </common:Annotation>
                    </common:Annotations>
                    <common:Name xml:lang="en">Aetolia-Acarnania</common:Name>
                    <common:Name xml:lang="fr">Aetolia-Acarnania</common:Name>
                    <structure:Parent>
                        <Ref id="EL63"/>
                    </structure:Parent>
                </structure:Code>
                <structure:Code id="EL632">
                    <common:Annotations>
                        <common:Annotation>
                            <common:AnnotationType>ORDER</common:AnnotationType>
                            <common:AnnotationText xml:lang="en">14420</common:AnnotationText>
                            <common:AnnotationText xml:lang="fr">14420</common:AnnotationText>
                        </common:Annotation>
                    </common:Annotations>
                    <common:Name xml:lang="en">Achaea</common:Name>
                    <common:Name xml:lang="fr">Achaea</common:Name>
                    <structure:Parent>
                        <Ref id="EL63"/>
                    </structure:Parent>
                </structure:Code>
                <structure:Code id="EL633">
                    <common:Annotations>
                        <common:Annotation>
                            <common:AnnotationType>ORDER</common:AnnotationType>
                            <common:AnnotationText xml:lang="en">14430</common:AnnotationText>
                            <common:AnnotationText xml:lang="fr">14430</common:AnnotationText>
                        </common:Annotation>
                    </common:Annotations>
                    <common:Name xml:lang="en">Elis</common:Name>
                    <common:Name xml:lang="fr">Elis</common:Name>
                    <structure:Parent>
                        <Ref id="EL63"/>
                    </structure:Parent>
                </structure:Code>
                <structure:Code id="EL64">
                    <common:Annotations>
                        <common:Annotation>
                            <common:AnnotationType>ORDER</common:AnnotationType>
                            <common:AnnotationText xml:lang="en">14440</common:AnnotationText>
                            <common:AnnotationText xml:lang="fr">14440</common:AnnotationText>
                        </common:Annotation>
                    </common:Annotations>
                    <common:Name xml:lang="en">Central Greece</common:Name>
                    <common:Name xml:lang="fr">Central Greece</common:Name>
                    <structure:Parent>
                        <Ref id="GRC"/>
                    </structure:Parent>
                </structure:Code>
                <structure:Code id="EL641">
                    <common:Annotations>
                        <common:Annotation>
                            <common:AnnotationType>ORDER</common:AnnotationType>
                            <common:AnnotationText xml:lang="en">14450</common:AnnotationText>
                            <common:AnnotationText xml:lang="fr">14450</common:AnnotationText>
                        </common:Annotation>
                    </common:Annotations>
                    <common:Name xml:lang="en">Boeotia</common:Name>
                    <common:Name xml:lang="fr">Boeotia</common:Name>
                    <structure:Parent>
                        <Ref id="EL64"/>
                    </structure:Parent>
                </structure:Code>
                <structure:Code id="EL642">
                    <common:Annotations>
                        <common:Annotation>
                            <common:AnnotationType>ORDER</common:AnnotationType>
                            <common:AnnotationText xml:lang="en">14460</common:AnnotationText>
                            <common:AnnotationText xml:lang="fr">14460</common:AnnotationText>
                        </common:Annotation>
                    </common:Annotations>
                    <common:Name xml:lang="en">Euboea</common:Name>
                    <common:Name xml:lang="fr">Euboea</common:Name>
                    <structure:Parent>
                        <Ref id="EL64"/>
                    </structure:Parent>
                </structure:Code>
                <structure:Code id="EL643">
                    <common:Annotations>
                        <common:Annotation>
                            <common:AnnotationType>ORDER</common:AnnotationType>
                            <common:AnnotationText xml:lang="en">14470</common:AnnotationText>
                            <common:AnnotationText xml:lang="fr">14470</common:AnnotationText>
                        </common:Annotation>
                    </common:Annotations>
                    <common:Name xml:lang="en">Evrytania</common:Name>
                    <common:Name xml:lang="fr">Evrytania</common:Name>
                    <structure:Parent>
                        <Ref id="EL64"/>
                    </structure:Parent>
                </structure:Code>
                <structure:Code id="EL644">
                    <common:Annotations>
                        <common:Annotation>
                            <common:AnnotationType>ORDER</common:AnnotationType>
                            <common:AnnotationText xml:lang="en">14480</common:AnnotationText>
                            <common:AnnotationText xml:lang="fr">14480</common:AnnotationText>
                        </common:Annotation>
                    </common:Annotations>
                    <common:Name xml:lang="en">Phthiotis</common:Name>
                    <common:Name xml:lang="fr">Phthiotis</common:Name>
                    <structure:Parent>
                        <Ref id="EL64"/>
                    </structure:Parent>
                </structure:Code>
                <structure:Code id="EL645">
                    <common:Annotations>
                        <common:Annotation>
                            <common:AnnotationType>ORDER</common:AnnotationType>
                            <common:AnnotationText xml:lang="en">14490</common:AnnotationText>
                            <common:AnnotationText xml:lang="fr">14490</common:AnnotationText>
                        </common:Annotation>
                    </common:Annotations>
                    <common:Name xml:lang="en">Phocis</common:Name>
                    <common:Name xml:lang="fr">Phocis</common:Name>
                    <structure:Parent>
                        <Ref id="EL64"/>
                    </structure:Parent>
                </structure:Code>
                <structure:Code id="EL65">
                    <common:Annotations>
                        <common:Annotation>
                            <common:AnnotationType>ORDER</common:AnnotationType>
                            <common:AnnotationText xml:lang="en">14500</common:AnnotationText>
                            <common:AnnotationText xml:lang="fr">14500</common:AnnotationText>
                        </common:Annotation>
                    </common:Annotations>
                    <common:Name xml:lang="en">Peloponnese</common:Name>
                    <common:Name xml:lang="fr">Peloponnese</common:Name>
                    <structure:Parent>
                        <Ref id="GRC"/>
                    </structure:Parent>
                </structure:Code>
                <structure:Code id="EL651">
                    <common:Annotations>
                        <common:Annotation>
                            <common:AnnotationType>ORDER</common:AnnotationType>
                            <common:AnnotationText xml:lang="en">14510</common:AnnotationText>
                            <common:AnnotationText xml:lang="fr">14510</common:AnnotationText>
                        </common:Annotation>
                    </common:Annotations>
                    <common:Name xml:lang="en">Argolida, Arcadia</common:Name>
                    <common:Name xml:lang="fr">Argolida, Arcadia</common:Name>
                    <structure:Parent>
                        <Ref id="EL65"/>
                    </structure:Parent>
                </structure:Code>
                <structure:Code id="EL652">
                    <common:Annotations>
                        <common:Annotation>
                            <common:AnnotationType>ORDER</common:AnnotationType>
                            <common:AnnotationText xml:lang="en">14520</common:AnnotationText>
                            <common:AnnotationText xml:lang="fr">14520</common:AnnotationText>
                        </common:Annotation>
                    </common:Annotations>
                    <common:Name xml:lang="en">Corinthia</common:Name>
                    <common:Name xml:lang="fr">Corinthia</common:Name>
                    <structure:Parent>
                        <Ref id="EL65"/>
                    </structure:Parent>
                </structure:Code>
                <structure:Code id="EL653">
                    <common:Annotations>
                        <common:Annotation>
                            <common:AnnotationType>ORDER</common:AnnotationType>
                            <common:AnnotationText xml:lang="en">14530</common:AnnotationText>
                            <common:AnnotationText xml:lang="fr">14530</common:AnnotationText>
                        </common:Annotation>
                    </common:Annotations>
                    <common:Name xml:lang="en">Laconia, Messinia</common:Name>
                    <common:Name xml:lang="fr">Laconia, Messinia</common:Name>
                    <structure:Parent>
                        <Ref id="EL65"/>
                    </structure:Parent>
                </structure:Code>
                <structure:Code id="HUN">
                    <common:Annotations>
                        <common:Annotation>
                            <common:AnnotationType>ORDER</common:AnnotationType>
                            <common:AnnotationText xml:lang="en">14540</common:AnnotationText>
                            <common:AnnotationText xml:lang="fr">14540</common:AnnotationText>
                        </common:Annotation>
                    </common:Annotations>
                    <common:Name xml:lang="en">Hungary</common:Name>
                    <common:Name xml:lang="fr">Hongrie</common:Name>
                </structure:Code>
                <structure:Code id="HU11">
                    <common:Annotations>
                        <common:Annotation>
                            <common:AnnotationType>ORDER</common:AnnotationType>
                            <common:AnnotationText xml:lang="en">14550</common:AnnotationText>
                            <common:AnnotationText xml:lang="fr">14550</common:AnnotationText>
                        </common:Annotation>
                    </common:Annotations>
                    <common:Name xml:lang="en">Budapest</common:Name>
                    <common:Name xml:lang="fr">Budapest</common:Name>
                    <structure:Parent>
                        <Ref id="HUN"/>
                    </structure:Parent>
                </structure:Code>
                <structure:Code id="HU110">
                    <common:Annotations>
                        <common:Annotation>
                            <common:AnnotationType>ORDER</common:AnnotationType>
                            <common:AnnotationText xml:lang="en">14560</common:AnnotationText>
                            <common:AnnotationText xml:lang="fr">14560</common:AnnotationText>
                        </common:Annotation>
                    </common:Annotations>
                    <common:Name xml:lang="en">Budapest</common:Name>
                    <common:Name xml:lang="fr">Budapest</common:Name>
                    <structure:Parent>
                        <Ref id="HU11"/>
                    </structure:Parent>
                </structure:Code>
                <structure:Code id="HU12">
                    <common:Annotations>
                        <common:Annotation>
                            <common:AnnotationType>ORDER</common:AnnotationType>
                            <common:AnnotationText xml:lang="en">14570</common:AnnotationText>
                            <common:AnnotationText xml:lang="fr">14570</common:AnnotationText>
                        </common:Annotation>
                    </common:Annotations>
                    <common:Name xml:lang="en">Pest</common:Name>
                    <common:Name xml:lang="fr">Pest</common:Name>
                    <structure:Parent>
                        <Ref id="HUN"/>
                    </structure:Parent>
                </structure:Code>
                <structure:Code id="HU120">
                    <common:Annotations>
                        <common:Annotation>
                            <common:AnnotationType>ORDER</common:AnnotationType>
                            <common:AnnotationText xml:lang="en">14580</common:AnnotationText>
                            <common:AnnotationText xml:lang="fr">14580</common:AnnotationText>
                        </common:Annotation>
                    </common:Annotations>
                    <common:Name xml:lang="en">Pest</common:Name>
                    <common:Name xml:lang="fr">Pest</common:Name>
                    <structure:Parent>
                        <Ref id="HU12"/>
                    </structure:Parent>
                </structure:Code>
                <structure:Code id="HU21">
                    <common:Annotations>
                        <common:Annotation>
                            <common:AnnotationType>ORDER</common:AnnotationType>
                            <common:AnnotationText xml:lang="en">14590</common:AnnotationText>
                            <common:AnnotationText xml:lang="fr">14590</common:AnnotationText>
                        </common:Annotation>
                    </common:Annotations>
                    <common:Name xml:lang="en">Central Transdanubia</common:Name>
                    <common:Name xml:lang="fr">Central Transdanubia</common:Name>
                    <structure:Parent>
                        <Ref id="HUN"/>
                    </structure:Parent>
                </structure:Code>
                <structure:Code id="HU211">
                    <common:Annotations>
                        <common:Annotation>
                            <common:AnnotationType>ORDER</common:AnnotationType>
                            <common:AnnotationText xml:lang="en">14600</common:AnnotationText>
                            <common:AnnotationText xml:lang="fr">14600</common:AnnotationText>
                        </common:Annotation>
                    </common:Annotations>
                    <common:Name xml:lang="en">Fejér</common:Name>
                    <common:Name xml:lang="fr">Fejér</common:Name>
                    <structure:Parent>
                        <Ref id="HU21"/>
                    </structure:Parent>
                </structure:Code>
                <structure:Code id="HU212">
                    <common:Annotations>
                        <common:Annotation>
                            <common:AnnotationType>ORDER</common:AnnotationType>
                            <common:AnnotationText xml:lang="en">14610</common:AnnotationText>
                            <common:AnnotationText xml:lang="fr">14610</common:AnnotationText>
                        </common:Annotation>
                    </common:Annotations>
                    <common:Name xml:lang="en">Komárom-Esztergom</common:Name>
                    <common:Name xml:lang="fr">Komárom-Esztergom</common:Name>
                    <structure:Parent>
                        <Ref id="HU21"/>
                    </structure:Parent>
                </structure:Code>
                <structure:Code id="HU213">
                    <common:Annotations>
                        <common:Annotation>
                            <common:AnnotationType>ORDER</common:AnnotationType>
                            <common:AnnotationText xml:lang="en">14620</common:AnnotationText>
                            <common:AnnotationText xml:lang="fr">14620</common:AnnotationText>
                        </common:Annotation>
                    </common:Annotations>
                    <common:Name xml:lang="en">Veszprém</common:Name>
                    <common:Name xml:lang="fr">Veszprém</common:Name>
                    <structure:Parent>
                        <Ref id="HU21"/>
                    </structure:Parent>
                </structure:Code>
                <structure:Code id="HU22">
                    <common:Annotations>
                        <common:Annotation>
                            <common:AnnotationType>ORDER</common:AnnotationType>
                            <common:AnnotationText xml:lang="en">14630</common:AnnotationText>
                            <common:AnnotationText xml:lang="fr">14630</common:AnnotationText>
                        </common:Annotation>
                    </common:Annotations>
                    <common:Name xml:lang="en">Western Transdanubia</common:Name>
                    <common:Name xml:lang="fr">Western Transdanubia</common:Name>
                    <structure:Parent>
                        <Ref id="HUN"/>
                    </structure:Parent>
                </structure:Code>
                <structure:Code id="HU221">
                    <common:Annotations>
                        <common:Annotation>
                            <common:AnnotationType>ORDER</common:AnnotationType>
                            <common:AnnotationText xml:lang="en">14640</common:AnnotationText>
                            <common:AnnotationText xml:lang="fr">14640</common:AnnotationText>
                        </common:Annotation>
                    </common:Annotations>
                    <common:Name xml:lang="en">Gyor-Moson-Sopron</common:Name>
                    <common:Name xml:lang="fr">Gyor-Moson-Sopron</common:Name>
                    <structure:Parent>
                        <Ref id="HU22"/>
                    </structure:Parent>
                </structure:Code>
                <structure:Code id="HU222">
                    <common:Annotations>
                        <common:Annotation>
                            <common:AnnotationType>ORDER</common:AnnotationType>
                            <common:AnnotationText xml:lang="en">14650</common:AnnotationText>
                            <common:AnnotationText xml:lang="fr">14650</common:AnnotationText>
                        </common:Annotation>
                    </common:Annotations>
                    <common:Name xml:lang="en">Vas</common:Name>
                    <common:Name xml:lang="fr">Vas</common:Name>
                    <structure:Parent>
                        <Ref id="HU22"/>
                    </structure:Parent>
                </structure:Code>
                <structure:Code id="HU223">
                    <common:Annotations>
                        <common:Annotation>
                            <common:AnnotationType>ORDER</common:AnnotationType>
                            <common:AnnotationText xml:lang="en">14660</common:AnnotationText>
                            <common:AnnotationText xml:lang="fr">14660</common:AnnotationText>
                        </common:Annotation>
                    </common:Annotations>
                    <common:Name xml:lang="en">Zala</common:Name>
                    <common:Name xml:lang="fr">Zala</common:Name>
                    <structure:Parent>
                        <Ref id="HU22"/>
                    </structure:Parent>
                </structure:Code>
                <structure:Code id="HU23">
                    <common:Annotations>
                        <common:Annotation>
                            <common:AnnotationType>ORDER</common:AnnotationType>
                            <common:AnnotationText xml:lang="en">14670</common:AnnotationText>
                            <common:AnnotationText xml:lang="fr">14670</common:AnnotationText>
                        </common:Annotation>
                    </common:Annotations>
                    <common:Name xml:lang="en">Southern Transdanubia</common:Name>
                    <common:Name xml:lang="fr">Southern Transdanubia</common:Name>
                    <structure:Parent>
                        <Ref id="HUN"/>
                    </structure:Parent>
                </structure:Code>
                <structure:Code id="HU231">
                    <common:Annotations>
                        <common:Annotation>
                            <common:AnnotationType>ORDER</common:AnnotationType>
                            <common:AnnotationText xml:lang="en">14680</common:AnnotationText>
                            <common:AnnotationText xml:lang="fr">14680</common:AnnotationText>
                        </common:Annotation>
                    </common:Annotations>
                    <common:Name xml:lang="en">Baranya</common:Name>
                    <common:Name xml:lang="fr">Baranya</common:Name>
                    <structure:Parent>
                        <Ref id="HU23"/>
                    </structure:Parent>
                </structure:Code>
                <structure:Code id="HU232">
                    <common:Annotations>
                        <common:Annotation>
                            <common:AnnotationType>ORDER</common:AnnotationType>
                            <common:AnnotationText xml:lang="en">14690</common:AnnotationText>
                            <common:AnnotationText xml:lang="fr">14690</common:AnnotationText>
                        </common:Annotation>
                    </common:Annotations>
                    <common:Name xml:lang="en">Somogy</common:Name>
                    <common:Name xml:lang="fr">Somogy</common:Name>
                    <structure:Parent>
                        <Ref id="HU23"/>
                    </structure:Parent>
                </structure:Code>
                <structure:Code id="HU233">
                    <common:Annotations>
                        <common:Annotation>
                            <common:AnnotationType>ORDER</common:AnnotationType>
                            <common:AnnotationText xml:lang="en">14700</common:AnnotationText>
                            <common:AnnotationText xml:lang="fr">14700</common:AnnotationText>
                        </common:Annotation>
                    </common:Annotations>
                    <common:Name xml:lang="en">Tolna</common:Name>
                    <common:Name xml:lang="fr">Tolna</common:Name>
                    <structure:Parent>
                        <Ref id="HU23"/>
                    </structure:Parent>
                </structure:Code>
                <structure:Code id="HU31">
                    <common:Annotations>
                        <common:Annotation>
                            <common:AnnotationType>ORDER</common:AnnotationType>
                            <common:AnnotationText xml:lang="en">14710</common:AnnotationText>
                            <common:AnnotationText xml:lang="fr">14710</common:AnnotationText>
                        </common:Annotation>
                    </common:Annotations>
                    <common:Name xml:lang="en">Northern Hungary</common:Name>
                    <common:Name xml:lang="fr">Northern Hungary</common:Name>
                    <structure:Parent>
                        <Ref id="HUN"/>
                    </structure:Parent>
                </structure:Code>
                <structure:Code id="HU311">
                    <common:Annotations>
                        <common:Annotation>
                            <common:AnnotationType>ORDER</common:AnnotationType>
                            <common:AnnotationText xml:lang="en">14720</common:AnnotationText>
                            <common:AnnotationText xml:lang="fr">14720</common:AnnotationText>
                        </common:Annotation>
                    </common:Annotations>
                    <common:Name xml:lang="en">Borsod-Abaúj-Zemplén</common:Name>
                    <common:Name xml:lang="fr">Borsod-Abaúj-Zemplén</common:Name>
                    <structure:Parent>
                        <Ref id="HU31"/>
                    </structure:Parent>
                </structure:Code>
                <structure:Code id="HU312">
                    <common:Annotations>
                        <common:Annotation>
                            <common:AnnotationType>ORDER</common:AnnotationType>
                            <common:AnnotationText xml:lang="en">14730</common:AnnotationText>
                            <common:AnnotationText xml:lang="fr">14730</common:AnnotationText>
                        </common:Annotation>
                    </common:Annotations>
                    <common:Name xml:lang="en">Heves</common:Name>
                    <common:Name xml:lang="fr">Heves</common:Name>
                    <structure:Parent>
                        <Ref id="HU31"/>
                    </structure:Parent>
                </structure:Code>
                <structure:Code id="HU313">
                    <common:Annotations>
                        <common:Annotation>
                            <common:AnnotationType>ORDER</common:AnnotationType>
                            <common:AnnotationText xml:lang="en">14740</common:AnnotationText>
                            <common:AnnotationText xml:lang="fr">14740</common:AnnotationText>
                        </common:Annotation>
                    </common:Annotations>
                    <common:Name xml:lang="en">Nógrád</common:Name>
                    <common:Name xml:lang="fr">Nógrád</common:Name>
                    <structure:Parent>
                        <Ref id="HU31"/>
                    </structure:Parent>
                </structure:Code>
                <structure:Code id="HU32">
                    <common:Annotations>
                        <common:Annotation>
                            <common:AnnotationType>ORDER</common:AnnotationType>
                            <common:AnnotationText xml:lang="en">14750</common:AnnotationText>
                            <common:AnnotationText xml:lang="fr">14750</common:AnnotationText>
                        </common:Annotation>
                    </common:Annotations>
                    <common:Name xml:lang="en">Northern Great Plain</common:Name>
                    <common:Name xml:lang="fr">Northern Great Plain</common:Name>
                    <structure:Parent>
                        <Ref id="HUN"/>
                    </structure:Parent>
                </structure:Code>
                <structure:Code id="HU321">
                    <common:Annotations>
                        <common:Annotation>
                            <common:AnnotationType>ORDER</common:AnnotationType>
                            <common:AnnotationText xml:lang="en">14760</common:AnnotationText>
                            <common:AnnotationText xml:lang="fr">14760</common:AnnotationText>
                        </common:Annotation>
                    </common:Annotations>
                    <common:Name xml:lang="en">Hajdú-Bihar</common:Name>
                    <common:Name xml:lang="fr">Hajdú-Bihar</common:Name>
                    <structure:Parent>
                        <Ref id="HU32"/>
                    </structure:Parent>
                </structure:Code>
                <structure:Code id="HU322">
                    <common:Annotations>
                        <common:Annotation>
                            <common:AnnotationType>ORDER</common:AnnotationType>
                            <common:AnnotationText xml:lang="en">14770</common:AnnotationText>
                            <common:AnnotationText xml:lang="fr">14770</common:AnnotationText>
                        </common:Annotation>
                    </common:Annotations>
                    <common:Name xml:lang="en">Jász-Nagykun-Szolnok</common:Name>
                    <common:Name xml:lang="fr">Jász-Nagykun-Szolnok</common:Name>
                    <structure:Parent>
                        <Ref id="HU32"/>
                    </structure:Parent>
                </structure:Code>
                <structure:Code id="HU323">
                    <common:Annotations>
                        <common:Annotation>
                            <common:AnnotationType>ORDER</common:AnnotationType>
                            <common:AnnotationText xml:lang="en">14780</common:AnnotationText>
                            <common:AnnotationText xml:lang="fr">14780</common:AnnotationText>
                        </common:Annotation>
                    </common:Annotations>
                    <common:Name xml:lang="en">Szabolcs-Szatmár-Bereg</common:Name>
                    <common:Name xml:lang="fr">Szabolcs-Szatmár-Bereg</common:Name>
                    <structure:Parent>
                        <Ref id="HU32"/>
                    </structure:Parent>
                </structure:Code>
                <structure:Code id="HU33">
                    <common:Annotations>
                        <common:Annotation>
                            <common:AnnotationType>ORDER</common:AnnotationType>
                            <common:AnnotationText xml:lang="en">14790</common:AnnotationText>
                            <common:AnnotationText xml:lang="fr">14790</common:AnnotationText>
                        </common:Annotation>
                    </common:Annotations>
                    <common:Name xml:lang="en">Southern Great Plain</common:Name>
                    <common:Name xml:lang="fr">Southern Great Plain</common:Name>
                    <structure:Parent>
                        <Ref id="HUN"/>
                    </structure:Parent>
                </structure:Code>
                <structure:Code id="HU331">
                    <common:Annotations>
                        <common:Annotation>
                            <common:AnnotationType>ORDER</common:AnnotationType>
                            <common:AnnotationText xml:lang="en">14800</common:AnnotationText>
                            <common:AnnotationText xml:lang="fr">14800</common:AnnotationText>
                        </common:Annotation>
                    </common:Annotations>
                    <common:Name xml:lang="en">Bács-Kiskun</common:Name>
                    <common:Name xml:lang="fr">Bács-Kiskun</common:Name>
                    <structure:Parent>
                        <Ref id="HU33"/>
                    </structure:Parent>
                </structure:Code>
                <structure:Code id="HU332">
                    <common:Annotations>
                        <common:Annotation>
                            <common:AnnotationType>ORDER</common:AnnotationType>
                            <common:AnnotationText xml:lang="en">14810</common:AnnotationText>
                            <common:AnnotationText xml:lang="fr">14810</common:AnnotationText>
                        </common:Annotation>
                    </common:Annotations>
                    <common:Name xml:lang="en">Békés</common:Name>
                    <common:Name xml:lang="fr">Békés</common:Name>
                    <structure:Parent>
                        <Ref id="HU33"/>
                    </structure:Parent>
                </structure:Code>
                <structure:Code id="HU333">
                    <common:Annotations>
                        <common:Annotation>
                            <common:AnnotationType>ORDER</common:AnnotationType>
                            <common:AnnotationText xml:lang="en">14820</common:AnnotationText>
                            <common:AnnotationText xml:lang="fr">14820</common:AnnotationText>
                        </common:Annotation>
                    </common:Annotations>
                    <common:Name xml:lang="en">Csongrád</common:Name>
                    <common:Name xml:lang="fr">Csongrád</common:Name>
                    <structure:Parent>
                        <Ref id="HU33"/>
                    </structure:Parent>
                </structure:Code>
                <structure:Code id="ISL">
                    <common:Annotations>
                        <common:Annotation>
                            <common:AnnotationType>ORDER</common:AnnotationType>
                            <common:AnnotationText xml:lang="en">14830</common:AnnotationText>
                            <common:AnnotationText xml:lang="fr">14830</common:AnnotationText>
                        </common:Annotation>
                    </common:Annotations>
                    <common:Name xml:lang="en">Iceland</common:Name>
                    <common:Name xml:lang="fr">Islande</common:Name>
                </structure:Code>
                <structure:Code id="IS01">
                    <common:Annotations>
                        <common:Annotation>
                            <common:AnnotationType>ORDER</common:AnnotationType>
                            <common:AnnotationText xml:lang="en">14840</common:AnnotationText>
                            <common:AnnotationText xml:lang="fr">14840</common:AnnotationText>
                        </common:Annotation>
                    </common:Annotations>
                    <common:Name xml:lang="en">Capital Region</common:Name>
                    <common:Name xml:lang="fr">Capital Region</common:Name>
                    <structure:Parent>
                        <Ref id="ISL"/>
                    </structure:Parent>
                </structure:Code>
                <structure:Code id="IS011">
                    <common:Annotations>
                        <common:Annotation>
                            <common:AnnotationType>ORDER</common:AnnotationType>
                            <common:AnnotationText xml:lang="en">14850</common:AnnotationText>
                            <common:AnnotationText xml:lang="fr">14850</common:AnnotationText>
                        </common:Annotation>
                    </common:Annotations>
                    <common:Name xml:lang="en">Capital Region</common:Name>
                    <common:Name xml:lang="fr">Capital Region</common:Name>
                    <structure:Parent>
                        <Ref id="IS01"/>
                    </structure:Parent>
                </structure:Code>
                <structure:Code id="IS02">
                    <common:Annotations>
                        <common:Annotation>
                            <common:AnnotationType>ORDER</common:AnnotationType>
                            <common:AnnotationText xml:lang="en">14860</common:AnnotationText>
                            <common:AnnotationText xml:lang="fr">14860</common:AnnotationText>
                        </common:Annotation>
                    </common:Annotations>
                    <common:Name xml:lang="en">Other Regions</common:Name>
                    <common:Name xml:lang="fr">Other Regions</common:Name>
                    <structure:Parent>
                        <Ref id="ISL"/>
                    </structure:Parent>
                </structure:Code>
                <structure:Code id="IS021">
                    <common:Annotations>
                        <common:Annotation>
                            <common:AnnotationType>ORDER</common:AnnotationType>
                            <common:AnnotationText xml:lang="en">14870</common:AnnotationText>
                            <common:AnnotationText xml:lang="fr">14870</common:AnnotationText>
                        </common:Annotation>
                    </common:Annotations>
                    <common:Name xml:lang="en">Southern Peninsula</common:Name>
                    <common:Name xml:lang="fr">Southern Peninsula</common:Name>
                    <structure:Parent>
                        <Ref id="IS02"/>
                    </structure:Parent>
                </structure:Code>
                <structure:Code id="IS022">
                    <common:Annotations>
                        <common:Annotation>
                            <common:AnnotationType>ORDER</common:AnnotationType>
                            <common:AnnotationText xml:lang="en">14880</common:AnnotationText>
                            <common:AnnotationText xml:lang="fr">14880</common:AnnotationText>
                        </common:Annotation>
                    </common:Annotations>
                    <common:Name xml:lang="en">Western Region (IS)</common:Name>
                    <common:Name xml:lang="fr">Western Region (IS)</common:Name>
                    <structure:Parent>
                        <Ref id="IS02"/>
                    </structure:Parent>
                </structure:Code>
                <structure:Code id="IS023">
                    <common:Annotations>
                        <common:Annotation>
                            <common:AnnotationType>ORDER</common:AnnotationType>
                            <common:AnnotationText xml:lang="en">14890</common:AnnotationText>
                            <common:AnnotationText xml:lang="fr">14890</common:AnnotationText>
                        </common:Annotation>
                    </common:Annotations>
                    <common:Name xml:lang="en">Westfjords</common:Name>
                    <common:Name xml:lang="fr">Westfjords</common:Name>
                    <structure:Parent>
                        <Ref id="IS02"/>
                    </structure:Parent>
                </structure:Code>
                <structure:Code id="IS024">
                    <common:Annotations>
                        <common:Annotation>
                            <common:AnnotationType>ORDER</common:AnnotationType>
                            <common:AnnotationText xml:lang="en">14900</common:AnnotationText>
                            <common:AnnotationText xml:lang="fr">14900</common:AnnotationText>
                        </common:Annotation>
                    </common:Annotations>
                    <common:Name xml:lang="en">Northwestern Region (IS)</common:Name>
                    <common:Name xml:lang="fr">Northwestern Region (IS)</common:Name>
                    <structure:Parent>
                        <Ref id="IS02"/>
                    </structure:Parent>
                </structure:Code>
                <structure:Code id="IS025">
                    <common:Annotations>
                        <common:Annotation>
                            <common:AnnotationType>ORDER</common:AnnotationType>
                            <common:AnnotationText xml:lang="en">14910</common:AnnotationText>
                            <common:AnnotationText xml:lang="fr">14910</common:AnnotationText>
                        </common:Annotation>
                    </common:Annotations>
                    <common:Name xml:lang="en">Southern Region (IS)</common:Name>
                    <common:Name xml:lang="fr">Southern Region (IS)</common:Name>
                    <structure:Parent>
                        <Ref id="IS02"/>
                    </structure:Parent>
                </structure:Code>
                <structure:Code id="IS026">
                    <common:Annotations>
                        <common:Annotation>
                            <common:AnnotationType>ORDER</common:AnnotationType>
                            <common:AnnotationText xml:lang="en">14920</common:AnnotationText>
                            <common:AnnotationText xml:lang="fr">14920</common:AnnotationText>
                        </common:Annotation>
                    </common:Annotations>
                    <common:Name xml:lang="en">Northeastern Region (IS)</common:Name>
                    <common:Name xml:lang="fr">Northeastern Region (IS)</common:Name>
                    <structure:Parent>
                        <Ref id="IS02"/>
                    </structure:Parent>
                </structure:Code>
                <structure:Code id="IS027">
                    <common:Annotations>
                        <common:Annotation>
                            <common:AnnotationType>ORDER</common:AnnotationType>
                            <common:AnnotationText xml:lang="en">14930</common:AnnotationText>
                            <common:AnnotationText xml:lang="fr">14930</common:AnnotationText>
                        </common:Annotation>
                    </common:Annotations>
                    <common:Name xml:lang="en">Austurland</common:Name>
                    <common:Name xml:lang="fr">Austurland</common:Name>
                    <structure:Parent>
                        <Ref id="IS02"/>
                    </structure:Parent>
                </structure:Code>
                <structure:Code id="IRL">
                    <common:Annotations>
                        <common:Annotation>
                            <common:AnnotationType>ORDER</common:AnnotationType>
                            <common:AnnotationText xml:lang="en">14940</common:AnnotationText>
                            <common:AnnotationText xml:lang="fr">14940</common:AnnotationText>
                        </common:Annotation>
                    </common:Annotations>
                    <common:Name xml:lang="en">Ireland</common:Name>
                    <common:Name xml:lang="fr">Irlande</common:Name>
                </structure:Code>
                <structure:Code id="IE04">
                    <common:Annotations>
                        <common:Annotation>
                            <common:AnnotationType>ORDER</common:AnnotationType>
                            <common:AnnotationText xml:lang="en">14950</common:AnnotationText>
                            <common:AnnotationText xml:lang="fr">14950</common:AnnotationText>
                        </common:Annotation>
                    </common:Annotations>
                    <common:Name xml:lang="en">Northern and Western</common:Name>
                    <common:Name xml:lang="fr">Northern and Western</common:Name>
                    <structure:Parent>
                        <Ref id="IRL"/>
                    </structure:Parent>
                </structure:Code>
                <structure:Code id="IE041">
                    <common:Annotations>
                        <common:Annotation>
                            <common:AnnotationType>ORDER</common:AnnotationType>
                            <common:AnnotationText xml:lang="en">14960</common:AnnotationText>
                            <common:AnnotationText xml:lang="fr">14960</common:AnnotationText>
                        </common:Annotation>
                    </common:Annotations>
                    <common:Name xml:lang="en">Border</common:Name>
                    <common:Name xml:lang="fr">Border</common:Name>
                    <structure:Parent>
                        <Ref id="IE04"/>
                    </structure:Parent>
                </structure:Code>
                <structure:Code id="IE042">
                    <common:Annotations>
                        <common:Annotation>
                            <common:AnnotationType>ORDER</common:AnnotationType>
                            <common:AnnotationText xml:lang="en">14970</common:AnnotationText>
                            <common:AnnotationText xml:lang="fr">14970</common:AnnotationText>
                        </common:Annotation>
                    </common:Annotations>
                    <common:Name xml:lang="en">West</common:Name>
                    <common:Name xml:lang="fr">West</common:Name>
                    <structure:Parent>
                        <Ref id="IE04"/>
                    </structure:Parent>
                </structure:Code>
                <structure:Code id="IE05">
                    <common:Annotations>
                        <common:Annotation>
                            <common:AnnotationType>ORDER</common:AnnotationType>
                            <common:AnnotationText xml:lang="en">14980</common:AnnotationText>
                            <common:AnnotationText xml:lang="fr">14980</common:AnnotationText>
                        </common:Annotation>
                    </common:Annotations>
                    <common:Name xml:lang="en">Southern and Eastern</common:Name>
                    <common:Name xml:lang="fr">Southern and Eastern</common:Name>
                    <structure:Parent>
                        <Ref id="IRL"/>
                    </structure:Parent>
                </structure:Code>
                <structure:Code id="IE051">
                    <common:Annotations>
                        <common:Annotation>
                            <common:AnnotationType>ORDER</common:AnnotationType>
                            <common:AnnotationText xml:lang="en">14990</common:AnnotationText>
                            <common:AnnotationText xml:lang="fr">14990</common:AnnotationText>
                        </common:Annotation>
                    </common:Annotations>
                    <common:Name xml:lang="en">Mid-West</common:Name>
                    <common:Name xml:lang="fr">Mid-West</common:Name>
                    <structure:Parent>
                        <Ref id="IE05"/>
                    </structure:Parent>
                </structure:Code>
                <structure:Code id="IE052">
                    <common:Annotations>
                        <common:Annotation>
                            <common:AnnotationType>ORDER</common:AnnotationType>
                            <common:AnnotationText xml:lang="en">15000</common:AnnotationText>
                            <common:AnnotationText xml:lang="fr">15000</common:AnnotationText>
                        </common:Annotation>
                    </common:Annotations>
                    <common:Name xml:lang="en">South-East (IE)</common:Name>
                    <common:Name xml:lang="fr">South-East (IE)</common:Name>
                    <structure:Parent>
                        <Ref id="IE05"/>
                    </structure:Parent>
                </structure:Code>
                <structure:Code id="IE053">
                    <common:Annotations>
                        <common:Annotation>
                            <common:AnnotationType>ORDER</common:AnnotationType>
                            <common:AnnotationText xml:lang="en">15010</common:AnnotationText>
                            <common:AnnotationText xml:lang="fr">15010</common:AnnotationText>
                        </common:Annotation>
                    </common:Annotations>
                    <common:Name xml:lang="en">South-West (IE)</common:Name>
                    <common:Name xml:lang="fr">South-West (IE)</common:Name>
                    <structure:Parent>
                        <Ref id="IE05"/>
                    </structure:Parent>
                </structure:Code>
                <structure:Code id="IE06">
                    <common:Annotations>
                        <common:Annotation>
                            <common:AnnotationType>ORDER</common:AnnotationType>
                            <common:AnnotationText xml:lang="en">15020</common:AnnotationText>
                            <common:AnnotationText xml:lang="fr">15020</common:AnnotationText>
                        </common:Annotation>
                    </common:Annotations>
                    <common:Name xml:lang="en">Southern and Eastern</common:Name>
                    <common:Name xml:lang="fr">Southern and Eastern</common:Name>
                    <structure:Parent>
                        <Ref id="IRL"/>
                    </structure:Parent>
                </structure:Code>
                <structure:Code id="IE061">
                    <common:Annotations>
                        <common:Annotation>
                            <common:AnnotationType>ORDER</common:AnnotationType>
                            <common:AnnotationText xml:lang="en">15030</common:AnnotationText>
                            <common:AnnotationText xml:lang="fr">15030</common:AnnotationText>
                        </common:Annotation>
                    </common:Annotations>
                    <common:Name xml:lang="en">Dublin</common:Name>
                    <common:Name xml:lang="fr">Dublin</common:Name>
                    <structure:Parent>
                        <Ref id="IE06"/>
                    </structure:Parent>
                </structure:Code>
                <structure:Code id="IE062">
                    <common:Annotations>
                        <common:Annotation>
                            <common:AnnotationType>ORDER</common:AnnotationType>
                            <common:AnnotationText xml:lang="en">15040</common:AnnotationText>
                            <common:AnnotationText xml:lang="fr">15040</common:AnnotationText>
                        </common:Annotation>
                    </common:Annotations>
                    <common:Name xml:lang="en">Mid-East</common:Name>
                    <common:Name xml:lang="fr">Mid-East</common:Name>
                    <structure:Parent>
                        <Ref id="IE06"/>
                    </structure:Parent>
                </structure:Code>
                <structure:Code id="IE063">
                    <common:Annotations>
                        <common:Annotation>
                            <common:AnnotationType>ORDER</common:AnnotationType>
                            <common:AnnotationText xml:lang="en">15050</common:AnnotationText>
                            <common:AnnotationText xml:lang="fr">15050</common:AnnotationText>
                        </common:Annotation>
                    </common:Annotations>
                    <common:Name xml:lang="en">Midlands</common:Name>
                    <common:Name xml:lang="fr">Midlands</common:Name>
                    <structure:Parent>
                        <Ref id="IE06"/>
                    </structure:Parent>
                </structure:Code>
                <structure:Code id="IE01">
                    <common:Annotations>
                        <common:Annotation>
                            <common:AnnotationType>ORDER</common:AnnotationType>
                            <common:AnnotationText xml:lang="en">15060</common:AnnotationText>
                            <common:AnnotationText xml:lang="fr">15060</common:AnnotationText>
                        </common:Annotation>
                    </common:Annotations>
                    <common:Name xml:lang="en">Border, Midland and Western</common:Name>
                    <common:Name xml:lang="fr">Border, Midland and Western</common:Name>
                    <structure:Parent>
                        <Ref id="IRL"/>
                    </structure:Parent>
                </structure:Code>
                <structure:Code id="IE02">
                    <common:Annotations>
                        <common:Annotation>
                            <common:AnnotationType>ORDER</common:AnnotationType>
                            <common:AnnotationText xml:lang="en">15070</common:AnnotationText>
                            <common:AnnotationText xml:lang="fr">15070</common:AnnotationText>
                        </common:Annotation>
                    </common:Annotations>
                    <common:Name xml:lang="en">Southern and Eastern</common:Name>
                    <common:Name xml:lang="fr">Southern and Eastern</common:Name>
                    <structure:Parent>
                        <Ref id="IRL"/>
                    </structure:Parent>
                </structure:Code>
                <structure:Code id="ISR">
                    <common:Annotations>
                        <common:Annotation>
                            <common:AnnotationType>ORDER</common:AnnotationType>
                            <common:AnnotationText xml:lang="en">15080</common:AnnotationText>
                            <common:AnnotationText xml:lang="fr">15080</common:AnnotationText>
                        </common:Annotation>
                    </common:Annotations>
                    <common:Name xml:lang="en">Israel</common:Name>
                    <common:Name xml:lang="fr">Israël</common:Name>
                </structure:Code>
                <structure:Code id="IL01">
                    <common:Annotations>
                        <common:Annotation>
                            <common:AnnotationType>ORDER</common:AnnotationType>
                            <common:AnnotationText xml:lang="en">15090</common:AnnotationText>
                            <common:AnnotationText xml:lang="fr">15090</common:AnnotationText>
                        </common:Annotation>
                    </common:Annotations>
                    <common:Name xml:lang="en">Jerusalem District</common:Name>
                    <common:Name xml:lang="fr">Jerusalem District</common:Name>
                    <structure:Parent>
                        <Ref id="ISR"/>
                    </structure:Parent>
                </structure:Code>
                <structure:Code id="IL010">
                    <common:Annotations>
                        <common:Annotation>
                            <common:AnnotationType>ORDER</common:AnnotationType>
                            <common:AnnotationText xml:lang="en">15100</common:AnnotationText>
                            <common:AnnotationText xml:lang="fr">15100</common:AnnotationText>
                        </common:Annotation>
                    </common:Annotations>
                    <common:Name xml:lang="en">Jerusalem District</common:Name>
                    <common:Name xml:lang="fr">Jerusalem District</common:Name>
                    <structure:Parent>
                        <Ref id="IL01"/>
                    </structure:Parent>
                </structure:Code>
                <structure:Code id="IL02">
                    <common:Annotations>
                        <common:Annotation>
                            <common:AnnotationType>ORDER</common:AnnotationType>
                            <common:AnnotationText xml:lang="en">15110</common:AnnotationText>
                            <common:AnnotationText xml:lang="fr">15110</common:AnnotationText>
                        </common:Annotation>
                    </common:Annotations>
                    <common:Name xml:lang="en">Northern District</common:Name>
                    <common:Name xml:lang="fr">Northern District</common:Name>
                    <structure:Parent>
                        <Ref id="ISR"/>
                    </structure:Parent>
                </structure:Code>
                <structure:Code id="IL020">
                    <common:Annotations>
                        <common:Annotation>
                            <common:AnnotationType>ORDER</common:AnnotationType>
                            <common:AnnotationText xml:lang="en">15120</common:AnnotationText>
                            <common:AnnotationText xml:lang="fr">15120</common:AnnotationText>
                        </common:Annotation>
                    </common:Annotations>
                    <common:Name xml:lang="en">Northern District</common:Name>
                    <common:Name xml:lang="fr">Northern District</common:Name>
                    <structure:Parent>
                        <Ref id="IL02"/>
                    </structure:Parent>
                </structure:Code>
                <structure:Code id="IL03">
                    <common:Annotations>
                        <common:Annotation>
                            <common:AnnotationType>ORDER</common:AnnotationType>
                            <common:AnnotationText xml:lang="en">15130</common:AnnotationText>
                            <common:AnnotationText xml:lang="fr">15130</common:AnnotationText>
                        </common:Annotation>
                    </common:Annotations>
                    <common:Name xml:lang="en">Haifa District</common:Name>
                    <common:Name xml:lang="fr">Haifa District</common:Name>
                    <structure:Parent>
                        <Ref id="ISR"/>
                    </structure:Parent>
                </structure:Code>
                <structure:Code id="IL030">
                    <common:Annotations>
                        <common:Annotation>
                            <common:AnnotationType>ORDER</common:AnnotationType>
                            <common:AnnotationText xml:lang="en">15140</common:AnnotationText>
                            <common:AnnotationText xml:lang="fr">15140</common:AnnotationText>
                        </common:Annotation>
                    </common:Annotations>
                    <common:Name xml:lang="en">Haifa District</common:Name>
                    <common:Name xml:lang="fr">Haifa District</common:Name>
                    <structure:Parent>
                        <Ref id="IL03"/>
                    </structure:Parent>
                </structure:Code>
                <structure:Code id="IL04">
                    <common:Annotations>
                        <common:Annotation>
                            <common:AnnotationType>ORDER</common:AnnotationType>
                            <common:AnnotationText xml:lang="en">15150</common:AnnotationText>
                            <common:AnnotationText xml:lang="fr">15150</common:AnnotationText>
                        </common:Annotation>
                    </common:Annotations>
                    <common:Name xml:lang="en">Central District</common:Name>
                    <common:Name xml:lang="fr">Central District</common:Name>
                    <structure:Parent>
                        <Ref id="ISR"/>
                    </structure:Parent>
                </structure:Code>
                <structure:Code id="IL040">
                    <common:Annotations>
                        <common:Annotation>
                            <common:AnnotationType>ORDER</common:AnnotationType>
                            <common:AnnotationText xml:lang="en">15160</common:AnnotationText>
                            <common:AnnotationText xml:lang="fr">15160</common:AnnotationText>
                        </common:Annotation>
                    </common:Annotations>
                    <common:Name xml:lang="en">Central District</common:Name>
                    <common:Name xml:lang="fr">Central District</common:Name>
                    <structure:Parent>
                        <Ref id="IL04"/>
                    </structure:Parent>
                </structure:Code>
                <structure:Code id="IL05">
                    <common:Annotations>
                        <common:Annotation>
                            <common:AnnotationType>ORDER</common:AnnotationType>
                            <common:AnnotationText xml:lang="en">15170</common:AnnotationText>
                            <common:AnnotationText xml:lang="fr">15170</common:AnnotationText>
                        </common:Annotation>
                    </common:Annotations>
                    <common:Name xml:lang="en">Tel Aviv District</common:Name>
                    <common:Name xml:lang="fr">Tel Aviv District</common:Name>
                    <structure:Parent>
                        <Ref id="ISR"/>
                    </structure:Parent>
                </structure:Code>
                <structure:Code id="IL050">
                    <common:Annotations>
                        <common:Annotation>
                            <common:AnnotationType>ORDER</common:AnnotationType>
                            <common:AnnotationText xml:lang="en">15180</common:AnnotationText>
                            <common:AnnotationText xml:lang="fr">15180</common:AnnotationText>
                        </common:Annotation>
                    </common:Annotations>
                    <common:Name xml:lang="en">Tel Aviv District</common:Name>
                    <common:Name xml:lang="fr">Tel Aviv District</common:Name>
                    <structure:Parent>
                        <Ref id="IL05"/>
                    </structure:Parent>
                </structure:Code>
                <structure:Code id="IL06">
                    <common:Annotations>
                        <common:Annotation>
                            <common:AnnotationType>ORDER</common:AnnotationType>
                            <common:AnnotationText xml:lang="en">15190</common:AnnotationText>
                            <common:AnnotationText xml:lang="fr">15190</common:AnnotationText>
                        </common:Annotation>
                    </common:Annotations>
                    <common:Name xml:lang="en">Southern District</common:Name>
                    <common:Name xml:lang="fr">Southern District</common:Name>
                    <structure:Parent>
                        <Ref id="ISR"/>
                    </structure:Parent>
                </structure:Code>
                <structure:Code id="IL060">
                    <common:Annotations>
                        <common:Annotation>
                            <common:AnnotationType>ORDER</common:AnnotationType>
                            <common:AnnotationText xml:lang="en">15200</common:AnnotationText>
                            <common:AnnotationText xml:lang="fr">15200</common:AnnotationText>
                        </common:Annotation>
                    </common:Annotations>
                    <common:Name xml:lang="en">Southern District</common:Name>
                    <common:Name xml:lang="fr">Southern District</common:Name>
                    <structure:Parent>
                        <Ref id="IL06"/>
                    </structure:Parent>
                </structure:Code>
                <structure:Code id="ITA">
                    <common:Annotations>
                        <common:Annotation>
                            <common:AnnotationType>ORDER</common:AnnotationType>
                            <common:AnnotationText xml:lang="en">15210</common:AnnotationText>
                            <common:AnnotationText xml:lang="fr">15210</common:AnnotationText>
                        </common:Annotation>
                    </common:Annotations>
                    <common:Name xml:lang="en">Italy</common:Name>
                    <common:Name xml:lang="fr">Italie</common:Name>
                </structure:Code>
                <structure:Code id="ITC1">
                    <common:Annotations>
                        <common:Annotation>
                            <common:AnnotationType>ORDER</common:AnnotationType>
                            <common:AnnotationText xml:lang="en">15220</common:AnnotationText>
                            <common:AnnotationText xml:lang="fr">15220</common:AnnotationText>
                        </common:Annotation>
                    </common:Annotations>
                    <common:Name xml:lang="en">Piedmont</common:Name>
                    <common:Name xml:lang="fr">Piedmont</common:Name>
                    <structure:Parent>
                        <Ref id="ITA"/>
                    </structure:Parent>
                </structure:Code>
                <structure:Code id="ITC11">
                    <common:Annotations>
                        <common:Annotation>
                            <common:AnnotationType>ORDER</common:AnnotationType>
                            <common:AnnotationText xml:lang="en">15230</common:AnnotationText>
                            <common:AnnotationText xml:lang="fr">15230</common:AnnotationText>
                        </common:Annotation>
                    </common:Annotations>
                    <common:Name xml:lang="en">Turin</common:Name>
                    <common:Name xml:lang="fr">Turin</common:Name>
                    <structure:Parent>
                        <Ref id="ITC1"/>
                    </structure:Parent>
                </structure:Code>
                <structure:Code id="ITC12">
                    <common:Annotations>
                        <common:Annotation>
                            <common:AnnotationType>ORDER</common:AnnotationType>
                            <common:AnnotationText xml:lang="en">15240</common:AnnotationText>
                            <common:AnnotationText xml:lang="fr">15240</common:AnnotationText>
                        </common:Annotation>
                    </common:Annotations>
                    <common:Name xml:lang="en">Vercelli</common:Name>
                    <common:Name xml:lang="fr">Vercelli</common:Name>
                    <structure:Parent>
                        <Ref id="ITC1"/>
                    </structure:Parent>
                </structure:Code>
                <structure:Code id="ITC13">
                    <common:Annotations>
                        <common:Annotation>
                            <common:AnnotationType>ORDER</common:AnnotationType>
                            <common:AnnotationText xml:lang="en">15250</common:AnnotationText>
                            <common:AnnotationText xml:lang="fr">15250</common:AnnotationText>
                        </common:Annotation>
                    </common:Annotations>
                    <common:Name xml:lang="en">Biella</common:Name>
                    <common:Name xml:lang="fr">Biella</common:Name>
                    <structure:Parent>
                        <Ref id="ITC1"/>
                    </structure:Parent>
                </structure:Code>
                <structure:Code id="ITC14">
                    <common:Annotations>
                        <common:Annotation>
                            <common:AnnotationType>ORDER</common:AnnotationType>
                            <common:AnnotationText xml:lang="en">15260</common:AnnotationText>
                            <common:AnnotationText xml:lang="fr">15260</common:AnnotationText>
                        </common:Annotation>
                    </common:Annotations>
                    <common:Name xml:lang="en">Verbano-Cusio-Ossola</common:Name>
                    <common:Name xml:lang="fr">Verbano-Cusio-Ossola</common:Name>
                    <structure:Parent>
                        <Ref id="ITC1"/>
                    </structure:Parent>
                </structure:Code>
                <structure:Code id="ITC15">
                    <common:Annotations>
                        <common:Annotation>
                            <common:AnnotationType>ORDER</common:AnnotationType>
                            <common:AnnotationText xml:lang="en">15270</common:AnnotationText>
                            <common:AnnotationText xml:lang="fr">15270</common:AnnotationText>
                        </common:Annotation>
                    </common:Annotations>
                    <common:Name xml:lang="en">Novara</common:Name>
                    <common:Name xml:lang="fr">Novara</common:Name>
                    <structure:Parent>
                        <Ref id="ITC1"/>
                    </structure:Parent>
                </structure:Code>
                <structure:Code id="ITC16">
                    <common:Annotations>
                        <common:Annotation>
                            <common:AnnotationType>ORDER</common:AnnotationType>
                            <common:AnnotationText xml:lang="en">15280</common:AnnotationText>
                            <common:AnnotationText xml:lang="fr">15280</common:AnnotationText>
                        </common:Annotation>
                    </common:Annotations>
                    <common:Name xml:lang="en">Cuneo</common:Name>
                    <common:Name xml:lang="fr">Cuneo</common:Name>
                    <structure:Parent>
                        <Ref id="ITC1"/>
                    </structure:Parent>
                </structure:Code>
                <structure:Code id="ITC17">
                    <common:Annotations>
                        <common:Annotation>
                            <common:AnnotationType>ORDER</common:AnnotationType>
                            <common:AnnotationText xml:lang="en">15290</common:AnnotationText>
                            <common:AnnotationText xml:lang="fr">15290</common:AnnotationText>
                        </common:Annotation>
                    </common:Annotations>
                    <common:Name xml:lang="en">Asti</common:Name>
                    <common:Name xml:lang="fr">Asti</common:Name>
                    <structure:Parent>
                        <Ref id="ITC1"/>
                    </structure:Parent>
                </structure:Code>
                <structure:Code id="ITC18">
                    <common:Annotations>
                        <common:Annotation>
                            <common:AnnotationType>ORDER</common:AnnotationType>
                            <common:AnnotationText xml:lang="en">15300</common:AnnotationText>
                            <common:AnnotationText xml:lang="fr">15300</common:AnnotationText>
                        </common:Annotation>
                    </common:Annotations>
                    <common:Name xml:lang="en">Alessandria</common:Name>
                    <common:Name xml:lang="fr">Alessandria</common:Name>
                    <structure:Parent>
                        <Ref id="ITC1"/>
                    </structure:Parent>
                </structure:Code>
                <structure:Code id="ITC2">
                    <common:Annotations>
                        <common:Annotation>
                            <common:AnnotationType>ORDER</common:AnnotationType>
                            <common:AnnotationText xml:lang="en">15310</common:AnnotationText>
                            <common:AnnotationText xml:lang="fr">15310</common:AnnotationText>
                        </common:Annotation>
                    </common:Annotations>
                    <common:Name xml:lang="en">Aosta Valley</common:Name>
                    <common:Name xml:lang="fr">Aosta Valley</common:Name>
                    <structure:Parent>
                        <Ref id="ITA"/>
                    </structure:Parent>
                </structure:Code>
                <structure:Code id="ITC20">
                    <common:Annotations>
                        <common:Annotation>
                            <common:AnnotationType>ORDER</common:AnnotationType>
                            <common:AnnotationText xml:lang="en">15320</common:AnnotationText>
                            <common:AnnotationText xml:lang="fr">15320</common:AnnotationText>
                        </common:Annotation>
                    </common:Annotations>
                    <common:Name xml:lang="en">Aosta Valley</common:Name>
                    <common:Name xml:lang="fr">Aosta Valley</common:Name>
                    <structure:Parent>
                        <Ref id="ITC2"/>
                    </structure:Parent>
                </structure:Code>
                <structure:Code id="ITC3">
                    <common:Annotations>
                        <common:Annotation>
                            <common:AnnotationType>ORDER</common:AnnotationType>
                            <common:AnnotationText xml:lang="en">15330</common:AnnotationText>
                            <common:AnnotationText xml:lang="fr">15330</common:AnnotationText>
                        </common:Annotation>
                    </common:Annotations>
                    <common:Name xml:lang="en">Liguria</common:Name>
                    <common:Name xml:lang="fr">Liguria</common:Name>
                    <structure:Parent>
                        <Ref id="ITA"/>
                    </structure:Parent>
                </structure:Code>
                <structure:Code id="ITC31">
                    <common:Annotations>
                        <common:Annotation>
                            <common:AnnotationType>ORDER</common:AnnotationType>
                            <common:AnnotationText xml:lang="en">15340</common:AnnotationText>
                            <common:AnnotationText xml:lang="fr">15340</common:AnnotationText>
                        </common:Annotation>
                    </common:Annotations>
                    <common:Name xml:lang="en">Imperia</common:Name>
                    <common:Name xml:lang="fr">Imperia</common:Name>
                    <structure:Parent>
                        <Ref id="ITC3"/>
                    </structure:Parent>
                </structure:Code>
                <structure:Code id="ITC32">
                    <common:Annotations>
                        <common:Annotation>
                            <common:AnnotationType>ORDER</common:AnnotationType>
                            <common:AnnotationText xml:lang="en">15350</common:AnnotationText>
                            <common:AnnotationText xml:lang="fr">15350</common:AnnotationText>
                        </common:Annotation>
                    </common:Annotations>
                    <common:Name xml:lang="en">Savona</common:Name>
                    <common:Name xml:lang="fr">Savona</common:Name>
                    <structure:Parent>
                        <Ref id="ITC3"/>
                    </structure:Parent>
                </structure:Code>
                <structure:Code id="ITC33">
                    <common:Annotations>
                        <common:Annotation>
                            <common:AnnotationType>ORDER</common:AnnotationType>
                            <common:AnnotationText xml:lang="en">15360</common:AnnotationText>
                            <common:AnnotationText xml:lang="fr">15360</common:AnnotationText>
                        </common:Annotation>
                    </common:Annotations>
                    <common:Name xml:lang="en">Genoa</common:Name>
                    <common:Name xml:lang="fr">Genoa</common:Name>
                    <structure:Parent>
                        <Ref id="ITC3"/>
                    </structure:Parent>
                </structure:Code>
                <structure:Code id="ITC34">
                    <common:Annotations>
                        <common:Annotation>
                            <common:AnnotationType>ORDER</common:AnnotationType>
                            <common:AnnotationText xml:lang="en">15370</common:AnnotationText>
                            <common:AnnotationText xml:lang="fr">15370</common:AnnotationText>
                        </common:Annotation>
                    </common:Annotations>
                    <common:Name xml:lang="en">La Spezia</common:Name>
                    <common:Name xml:lang="fr">La Spezia</common:Name>
                    <structure:Parent>
                        <Ref id="ITC3"/>
                    </structure:Parent>
                </structure:Code>
                <structure:Code id="ITC4">
                    <common:Annotations>
                        <common:Annotation>
                            <common:AnnotationType>ORDER</common:AnnotationType>
                            <common:AnnotationText xml:lang="en">15380</common:AnnotationText>
                            <common:AnnotationText xml:lang="fr">15380</common:AnnotationText>
                        </common:Annotation>
                    </common:Annotations>
                    <common:Name xml:lang="en">Lombardy</common:Name>
                    <common:Name xml:lang="fr">Lombardy</common:Name>
                    <structure:Parent>
                        <Ref id="ITA"/>
                    </structure:Parent>
                </structure:Code>
                <structure:Code id="ITC41">
                    <common:Annotations>
                        <common:Annotation>
                            <common:AnnotationType>ORDER</common:AnnotationType>
                            <common:AnnotationText xml:lang="en">15390</common:AnnotationText>
                            <common:AnnotationText xml:lang="fr">15390</common:AnnotationText>
                        </common:Annotation>
                    </common:Annotations>
                    <common:Name xml:lang="en">Varese</common:Name>
                    <common:Name xml:lang="fr">Varese</common:Name>
                    <structure:Parent>
                        <Ref id="ITC4"/>
                    </structure:Parent>
                </structure:Code>
                <structure:Code id="ITC42">
                    <common:Annotations>
                        <common:Annotation>
                            <common:AnnotationType>ORDER</common:AnnotationType>
                            <common:AnnotationText xml:lang="en">15400</common:AnnotationText>
                            <common:AnnotationText xml:lang="fr">15400</common:AnnotationText>
                        </common:Annotation>
                    </common:Annotations>
                    <common:Name xml:lang="en">Como</common:Name>
                    <common:Name xml:lang="fr">Como</common:Name>
                    <structure:Parent>
                        <Ref id="ITC4"/>
                    </structure:Parent>
                </structure:Code>
                <structure:Code id="ITC43">
                    <common:Annotations>
                        <common:Annotation>
                            <common:AnnotationType>ORDER</common:AnnotationType>
                            <common:AnnotationText xml:lang="en">15410</common:AnnotationText>
                            <common:AnnotationText xml:lang="fr">15410</common:AnnotationText>
                        </common:Annotation>
                    </common:Annotations>
                    <common:Name xml:lang="en">Lecco</common:Name>
                    <common:Name xml:lang="fr">Lecco</common:Name>
                    <structure:Parent>
                        <Ref id="ITC4"/>
                    </structure:Parent>
                </structure:Code>
                <structure:Code id="ITC44">
                    <common:Annotations>
                        <common:Annotation>
                            <common:AnnotationType>ORDER</common:AnnotationType>
                            <common:AnnotationText xml:lang="en">15420</common:AnnotationText>
                            <common:AnnotationText xml:lang="fr">15420</common:AnnotationText>
                        </common:Annotation>
                    </common:Annotations>
                    <common:Name xml:lang="en">Sondrio</common:Name>
                    <common:Name xml:lang="fr">Sondrio</common:Name>
                    <structure:Parent>
                        <Ref id="ITC4"/>
                    </structure:Parent>
                </structure:Code>
                <structure:Code id="ITC46">
                    <common:Annotations>
                        <common:Annotation>
                            <common:AnnotationType>ORDER</common:AnnotationType>
                            <common:AnnotationText xml:lang="en">15430</common:AnnotationText>
                            <common:AnnotationText xml:lang="fr">15430</common:AnnotationText>
                        </common:Annotation>
                    </common:Annotations>
                    <common:Name xml:lang="en">Bergamo</common:Name>
                    <common:Name xml:lang="fr">Bergamo</common:Name>
                    <structure:Parent>
                        <Ref id="ITC4"/>
                    </structure:Parent>
                </structure:Code>
                <structure:Code id="ITC47">
                    <common:Annotations>
                        <common:Annotation>
                            <common:AnnotationType>ORDER</common:AnnotationType>
                            <common:AnnotationText xml:lang="en">15440</common:AnnotationText>
                            <common:AnnotationText xml:lang="fr">15440</common:AnnotationText>
                        </common:Annotation>
                    </common:Annotations>
                    <common:Name xml:lang="en">Brescia</common:Name>
                    <common:Name xml:lang="fr">Brescia</common:Name>
                    <structure:Parent>
                        <Ref id="ITC4"/>
                    </structure:Parent>
                </structure:Code>
                <structure:Code id="ITC48">
                    <common:Annotations>
                        <common:Annotation>
                            <common:AnnotationType>ORDER</common:AnnotationType>
                            <common:AnnotationText xml:lang="en">15450</common:AnnotationText>
                            <common:AnnotationText xml:lang="fr">15450</common:AnnotationText>
                        </common:Annotation>
                    </common:Annotations>
                    <common:Name xml:lang="en">Pavia</common:Name>
                    <common:Name xml:lang="fr">Pavia</common:Name>
                    <structure:Parent>
                        <Ref id="ITC4"/>
                    </structure:Parent>
                </structure:Code>
                <structure:Code id="ITC49">
                    <common:Annotations>
                        <common:Annotation>
                            <common:AnnotationType>ORDER</common:AnnotationType>
                            <common:AnnotationText xml:lang="en">15460</common:AnnotationText>
                            <common:AnnotationText xml:lang="fr">15460</common:AnnotationText>
                        </common:Annotation>
                    </common:Annotations>
                    <common:Name xml:lang="en">Lodi</common:Name>
                    <common:Name xml:lang="fr">Lodi</common:Name>
                    <structure:Parent>
                        <Ref id="ITC4"/>
                    </structure:Parent>
                </structure:Code>
                <structure:Code id="ITC4A">
                    <common:Annotations>
                        <common:Annotation>
                            <common:AnnotationType>ORDER</common:AnnotationType>
                            <common:AnnotationText xml:lang="en">15470</common:AnnotationText>
                            <common:AnnotationText xml:lang="fr">15470</common:AnnotationText>
                        </common:Annotation>
                    </common:Annotations>
                    <common:Name xml:lang="en">Cremona</common:Name>
                    <common:Name xml:lang="fr">Cremona</common:Name>
                    <structure:Parent>
                        <Ref id="ITC4"/>
                    </structure:Parent>
                </structure:Code>
                <structure:Code id="ITC4B">
                    <common:Annotations>
                        <common:Annotation>
                            <common:AnnotationType>ORDER</common:AnnotationType>
                            <common:AnnotationText xml:lang="en">15480</common:AnnotationText>
                            <common:AnnotationText xml:lang="fr">15480</common:AnnotationText>
                        </common:Annotation>
                    </common:Annotations>
                    <common:Name xml:lang="en">Mantua</common:Name>
                    <common:Name xml:lang="fr">Mantua</common:Name>
                    <structure:Parent>
                        <Ref id="ITC4"/>
                    </structure:Parent>
                </structure:Code>
                <structure:Code id="ITC4C">
                    <common:Annotations>
                        <common:Annotation>
                            <common:AnnotationType>ORDER</common:AnnotationType>
                            <common:AnnotationText xml:lang="en">15490</common:AnnotationText>
                            <common:AnnotationText xml:lang="fr">15490</common:AnnotationText>
                        </common:Annotation>
                    </common:Annotations>
                    <common:Name xml:lang="en">Milan</common:Name>
                    <common:Name xml:lang="fr">Milan</common:Name>
                    <structure:Parent>
                        <Ref id="ITC4"/>
                    </structure:Parent>
                </structure:Code>
                <structure:Code id="ITC4D">
                    <common:Annotations>
                        <common:Annotation>
                            <common:AnnotationType>ORDER</common:AnnotationType>
                            <common:AnnotationText xml:lang="en">15500</common:AnnotationText>
                            <common:AnnotationText xml:lang="fr">15500</common:AnnotationText>
                        </common:Annotation>
                    </common:Annotations>
                    <common:Name xml:lang="en">Monza e della Brianza</common:Name>
                    <common:Name xml:lang="fr">Monza e della Brianza</common:Name>
                    <structure:Parent>
                        <Ref id="ITC4"/>
                    </structure:Parent>
                </structure:Code>
                <structure:Code id="ITF1">
                    <common:Annotations>
                        <common:Annotation>
                            <common:AnnotationType>ORDER</common:AnnotationType>
                            <common:AnnotationText xml:lang="en">15510</common:AnnotationText>
                            <common:AnnotationText xml:lang="fr">15510</common:AnnotationText>
                        </common:Annotation>
                    </common:Annotations>
                    <common:Name xml:lang="en">Abruzzo</common:Name>
                    <common:Name xml:lang="fr">Abruzzo</common:Name>
                    <structure:Parent>
                        <Ref id="ITA"/>
                    </structure:Parent>
                </structure:Code>
                <structure:Code id="ITF11">
                    <common:Annotations>
                        <common:Annotation>
                            <common:AnnotationType>ORDER</common:AnnotationType>
                            <common:AnnotationText xml:lang="en">15520</common:AnnotationText>
                            <common:AnnotationText xml:lang="fr">15520</common:AnnotationText>
                        </common:Annotation>
                    </common:Annotations>
                    <common:Name xml:lang="en">L'Aquila</common:Name>
                    <common:Name xml:lang="fr">L'Aquila</common:Name>
                    <structure:Parent>
                        <Ref id="ITF1"/>
                    </structure:Parent>
                </structure:Code>
                <structure:Code id="ITF12">
                    <common:Annotations>
                        <common:Annotation>
                            <common:AnnotationType>ORDER</common:AnnotationType>
                            <common:AnnotationText xml:lang="en">15530</common:AnnotationText>
                            <common:AnnotationText xml:lang="fr">15530</common:AnnotationText>
                        </common:Annotation>
                    </common:Annotations>
                    <common:Name xml:lang="en">Teramo</common:Name>
                    <common:Name xml:lang="fr">Teramo</common:Name>
                    <structure:Parent>
                        <Ref id="ITF1"/>
                    </structure:Parent>
                </structure:Code>
                <structure:Code id="ITF13">
                    <common:Annotations>
                        <common:Annotation>
                            <common:AnnotationType>ORDER</common:AnnotationType>
                            <common:AnnotationText xml:lang="en">15540</common:AnnotationText>
                            <common:AnnotationText xml:lang="fr">15540</common:AnnotationText>
                        </common:Annotation>
                    </common:Annotations>
                    <common:Name xml:lang="en">Pescara</common:Name>
                    <common:Name xml:lang="fr">Pescara</common:Name>
                    <structure:Parent>
                        <Ref id="ITF1"/>
                    </structure:Parent>
                </structure:Code>
                <structure:Code id="ITF14">
                    <common:Annotations>
                        <common:Annotation>
                            <common:AnnotationType>ORDER</common:AnnotationType>
                            <common:AnnotationText xml:lang="en">15550</common:AnnotationText>
                            <common:AnnotationText xml:lang="fr">15550</common:AnnotationText>
                        </common:Annotation>
                    </common:Annotations>
                    <common:Name xml:lang="en">Chieti</common:Name>
                    <common:Name xml:lang="fr">Chieti</common:Name>
                    <structure:Parent>
                        <Ref id="ITF1"/>
                    </structure:Parent>
                </structure:Code>
                <structure:Code id="ITF2">
                    <common:Annotations>
                        <common:Annotation>
                            <common:AnnotationType>ORDER</common:AnnotationType>
                            <common:AnnotationText xml:lang="en">15560</common:AnnotationText>
                            <common:AnnotationText xml:lang="fr">15560</common:AnnotationText>
                        </common:Annotation>
                    </common:Annotations>
                    <common:Name xml:lang="en">Molise</common:Name>
                    <common:Name xml:lang="fr">Molise</common:Name>
                    <structure:Parent>
                        <Ref id="ITA"/>
                    </structure:Parent>
                </structure:Code>
                <structure:Code id="ITF21">
                    <common:Annotations>
                        <common:Annotation>
                            <common:AnnotationType>ORDER</common:AnnotationType>
                            <common:AnnotationText xml:lang="en">15570</common:AnnotationText>
                            <common:AnnotationText xml:lang="fr">15570</common:AnnotationText>
                        </common:Annotation>
                    </common:Annotations>
                    <common:Name xml:lang="en">Isernia</common:Name>
                    <common:Name xml:lang="fr">Isernia</common:Name>
                    <structure:Parent>
                        <Ref id="ITF2"/>
                    </structure:Parent>
                </structure:Code>
                <structure:Code id="ITF22">
                    <common:Annotations>
                        <common:Annotation>
                            <common:AnnotationType>ORDER</common:AnnotationType>
                            <common:AnnotationText xml:lang="en">15580</common:AnnotationText>
                            <common:AnnotationText xml:lang="fr">15580</common:AnnotationText>
                        </common:Annotation>
                    </common:Annotations>
                    <common:Name xml:lang="en">Campobasso</common:Name>
                    <common:Name xml:lang="fr">Campobasso</common:Name>
                    <structure:Parent>
                        <Ref id="ITF2"/>
                    </structure:Parent>
                </structure:Code>
                <structure:Code id="ITF3">
                    <common:Annotations>
                        <common:Annotation>
                            <common:AnnotationType>ORDER</common:AnnotationType>
                            <common:AnnotationText xml:lang="en">15590</common:AnnotationText>
                            <common:AnnotationText xml:lang="fr">15590</common:AnnotationText>
                        </common:Annotation>
                    </common:Annotations>
                    <common:Name xml:lang="en">Campania</common:Name>
                    <common:Name xml:lang="fr">Campania</common:Name>
                    <structure:Parent>
                        <Ref id="ITA"/>
                    </structure:Parent>
                </structure:Code>
                <structure:Code id="ITF31">
                    <common:Annotations>
                        <common:Annotation>
                            <common:AnnotationType>ORDER</common:AnnotationType>
                            <common:AnnotationText xml:lang="en">15600</common:AnnotationText>
                            <common:AnnotationText xml:lang="fr">15600</common:AnnotationText>
                        </common:Annotation>
                    </common:Annotations>
                    <common:Name xml:lang="en">Caserta</common:Name>
                    <common:Name xml:lang="fr">Caserta</common:Name>
                    <structure:Parent>
                        <Ref id="ITF3"/>
                    </structure:Parent>
                </structure:Code>
                <structure:Code id="ITF32">
                    <common:Annotations>
                        <common:Annotation>
                            <common:AnnotationType>ORDER</common:AnnotationType>
                            <common:AnnotationText xml:lang="en">15610</common:AnnotationText>
                            <common:AnnotationText xml:lang="fr">15610</common:AnnotationText>
                        </common:Annotation>
                    </common:Annotations>
                    <common:Name xml:lang="en">Benevento</common:Name>
                    <common:Name xml:lang="fr">Benevento</common:Name>
                    <structure:Parent>
                        <Ref id="ITF3"/>
                    </structure:Parent>
                </structure:Code>
                <structure:Code id="ITF33">
                    <common:Annotations>
                        <common:Annotation>
                            <common:AnnotationType>ORDER</common:AnnotationType>
                            <common:AnnotationText xml:lang="en">15620</common:AnnotationText>
                            <common:AnnotationText xml:lang="fr">15620</common:AnnotationText>
                        </common:Annotation>
                    </common:Annotations>
                    <common:Name xml:lang="en">Naples</common:Name>
                    <common:Name xml:lang="fr">Naples</common:Name>
                    <structure:Parent>
                        <Ref id="ITF3"/>
                    </structure:Parent>
                </structure:Code>
                <structure:Code id="ITF34">
                    <common:Annotations>
                        <common:Annotation>
                            <common:AnnotationType>ORDER</common:AnnotationType>
                            <common:AnnotationText xml:lang="en">15630</common:AnnotationText>
                            <common:AnnotationText xml:lang="fr">15630</common:AnnotationText>
                        </common:Annotation>
                    </common:Annotations>
                    <common:Name xml:lang="en">Avellino</common:Name>
                    <common:Name xml:lang="fr">Avellino</common:Name>
                    <structure:Parent>
                        <Ref id="ITF3"/>
                    </structure:Parent>
                </structure:Code>
                <structure:Code id="ITF35">
                    <common:Annotations>
                        <common:Annotation>
                            <common:AnnotationType>ORDER</common:AnnotationType>
                            <common:AnnotationText xml:lang="en">15640</common:AnnotationText>
                            <common:AnnotationText xml:lang="fr">15640</common:AnnotationText>
                        </common:Annotation>
                    </common:Annotations>
                    <common:Name xml:lang="en">Salerno</common:Name>
                    <common:Name xml:lang="fr">Salerno</common:Name>
                    <structure:Parent>
                        <Ref id="ITF3"/>
                    </structure:Parent>
                </structure:Code>
                <structure:Code id="ITF4">
                    <common:Annotations>
                        <common:Annotation>
                            <common:AnnotationType>ORDER</common:AnnotationType>
                            <common:AnnotationText xml:lang="en">15650</common:AnnotationText>
                            <common:AnnotationText xml:lang="fr">15650</common:AnnotationText>
                        </common:Annotation>
                    </common:Annotations>
                    <common:Name xml:lang="en">Apulia</common:Name>
                    <common:Name xml:lang="fr">Apulia</common:Name>
                    <structure:Parent>
                        <Ref id="ITA"/>
                    </structure:Parent>
                </structure:Code>
                <structure:Code id="ITF43">
                    <common:Annotations>
                        <common:Annotation>
                            <common:AnnotationType>ORDER</common:AnnotationType>
                            <common:AnnotationText xml:lang="en">15660</common:AnnotationText>
                            <common:AnnotationText xml:lang="fr">15660</common:AnnotationText>
                        </common:Annotation>
                    </common:Annotations>
                    <common:Name xml:lang="en">Taranto</common:Name>
                    <common:Name xml:lang="fr">Taranto</common:Name>
                    <structure:Parent>
                        <Ref id="ITF4"/>
                    </structure:Parent>
                </structure:Code>
                <structure:Code id="ITF44">
                    <common:Annotations>
                        <common:Annotation>
                            <common:AnnotationType>ORDER</common:AnnotationType>
                            <common:AnnotationText xml:lang="en">15670</common:AnnotationText>
                            <common:AnnotationText xml:lang="fr">15670</common:AnnotationText>
                        </common:Annotation>
                    </common:Annotations>
                    <common:Name xml:lang="en">Brindisi</common:Name>
                    <common:Name xml:lang="fr">Brindisi</common:Name>
                    <structure:Parent>
                        <Ref id="ITF4"/>
                    </structure:Parent>
                </structure:Code>
                <structure:Code id="ITF45">
                    <common:Annotations>
                        <common:Annotation>
                            <common:AnnotationType>ORDER</common:AnnotationType>
                            <common:AnnotationText xml:lang="en">15680</common:AnnotationText>
                            <common:AnnotationText xml:lang="fr">15680</common:AnnotationText>
                        </common:Annotation>
                    </common:Annotations>
                    <common:Name xml:lang="en">Lecce</common:Name>
                    <common:Name xml:lang="fr">Lecce</common:Name>
                    <structure:Parent>
                        <Ref id="ITF4"/>
                    </structure:Parent>
                </structure:Code>
                <structure:Code id="ITF46">
                    <common:Annotations>
                        <common:Annotation>
                            <common:AnnotationType>ORDER</common:AnnotationType>
                            <common:AnnotationText xml:lang="en">15690</common:AnnotationText>
                            <common:AnnotationText xml:lang="fr">15690</common:AnnotationText>
                        </common:Annotation>
                    </common:Annotations>
                    <common:Name xml:lang="en">Foggia</common:Name>
                    <common:Name xml:lang="fr">Foggia</common:Name>
                    <structure:Parent>
                        <Ref id="ITF4"/>
                    </structure:Parent>
                </structure:Code>
                <structure:Code id="ITF47">
                    <common:Annotations>
                        <common:Annotation>
                            <common:AnnotationType>ORDER</common:AnnotationType>
                            <common:AnnotationText xml:lang="en">15700</common:AnnotationText>
                            <common:AnnotationText xml:lang="fr">15700</common:AnnotationText>
                        </common:Annotation>
                    </common:Annotations>
                    <common:Name xml:lang="en">Bari</common:Name>
                    <common:Name xml:lang="fr">Bari</common:Name>
                    <structure:Parent>
                        <Ref id="ITF4"/>
                    </structure:Parent>
                </structure:Code>
                <structure:Code id="ITF48">
                    <common:Annotations>
                        <common:Annotation>
                            <common:AnnotationType>ORDER</common:AnnotationType>
                            <common:AnnotationText xml:lang="en">15710</common:AnnotationText>
                            <common:AnnotationText xml:lang="fr">15710</common:AnnotationText>
                        </common:Annotation>
                    </common:Annotations>
                    <common:Name xml:lang="en">Barletta-Andria-Trani</common:Name>
                    <common:Name xml:lang="fr">Barletta-Andria-Trani</common:Name>
                    <structure:Parent>
                        <Ref id="ITF4"/>
                    </structure:Parent>
                </structure:Code>
                <structure:Code id="ITF5">
                    <common:Annotations>
                        <common:Annotation>
                            <common:AnnotationType>ORDER</common:AnnotationType>
                            <common:AnnotationText xml:lang="en">15720</common:AnnotationText>
                            <common:AnnotationText xml:lang="fr">15720</common:AnnotationText>
                        </common:Annotation>
                    </common:Annotations>
                    <common:Name xml:lang="en">Basilicata</common:Name>
                    <common:Name xml:lang="fr">Basilicata</common:Name>
                    <structure:Parent>
                        <Ref id="ITA"/>
                    </structure:Parent>
                </structure:Code>
                <structure:Code id="ITF51">
                    <common:Annotations>
                        <common:Annotation>
                            <common:AnnotationType>ORDER</common:AnnotationType>
                            <common:AnnotationText xml:lang="en">15730</common:AnnotationText>
                            <common:AnnotationText xml:lang="fr">15730</common:AnnotationText>
                        </common:Annotation>
                    </common:Annotations>
                    <common:Name xml:lang="en">Potenza</common:Name>
                    <common:Name xml:lang="fr">Potenza</common:Name>
                    <structure:Parent>
                        <Ref id="ITF5"/>
                    </structure:Parent>
                </structure:Code>
                <structure:Code id="ITF52">
                    <common:Annotations>
                        <common:Annotation>
                            <common:AnnotationType>ORDER</common:AnnotationType>
                            <common:AnnotationText xml:lang="en">15740</common:AnnotationText>
                            <common:AnnotationText xml:lang="fr">15740</common:AnnotationText>
                        </common:Annotation>
                    </common:Annotations>
                    <common:Name xml:lang="en">Matera</common:Name>
                    <common:Name xml:lang="fr">Matera</common:Name>
                    <structure:Parent>
                        <Ref id="ITF5"/>
                    </structure:Parent>
                </structure:Code>
                <structure:Code id="ITF6">
                    <common:Annotations>
                        <common:Annotation>
                            <common:AnnotationType>ORDER</common:AnnotationType>
                            <common:AnnotationText xml:lang="en">15750</common:AnnotationText>
                            <common:AnnotationText xml:lang="fr">15750</common:AnnotationText>
                        </common:Annotation>
                    </common:Annotations>
                    <common:Name xml:lang="en">Calabria</common:Name>
                    <common:Name xml:lang="fr">Calabria</common:Name>
                    <structure:Parent>
                        <Ref id="ITA"/>
                    </structure:Parent>
                </structure:Code>
                <structure:Code id="ITF61">
                    <common:Annotations>
                        <common:Annotation>
                            <common:AnnotationType>ORDER</common:AnnotationType>
                            <common:AnnotationText xml:lang="en">15760</common:AnnotationText>
                            <common:AnnotationText xml:lang="fr">15760</common:AnnotationText>
                        </common:Annotation>
                    </common:Annotations>
                    <common:Name xml:lang="en">Cosenza</common:Name>
                    <common:Name xml:lang="fr">Cosenza</common:Name>
                    <structure:Parent>
                        <Ref id="ITF6"/>
                    </structure:Parent>
                </structure:Code>
                <structure:Code id="ITF62">
                    <common:Annotations>
                        <common:Annotation>
                            <common:AnnotationType>ORDER</common:AnnotationType>
                            <common:AnnotationText xml:lang="en">15770</common:AnnotationText>
                            <common:AnnotationText xml:lang="fr">15770</common:AnnotationText>
                        </common:Annotation>
                    </common:Annotations>
                    <common:Name xml:lang="en">Crotone</common:Name>
                    <common:Name xml:lang="fr">Crotone</common:Name>
                    <structure:Parent>
                        <Ref id="ITF6"/>
                    </structure:Parent>
                </structure:Code>
                <structure:Code id="ITF63">
                    <common:Annotations>
                        <common:Annotation>
                            <common:AnnotationType>ORDER</common:AnnotationType>
                            <common:AnnotationText xml:lang="en">15780</common:AnnotationText>
                            <common:AnnotationText xml:lang="fr">15780</common:AnnotationText>
                        </common:Annotation>
                    </common:Annotations>
                    <common:Name xml:lang="en">Catanzaro</common:Name>
                    <common:Name xml:lang="fr">Catanzaro</common:Name>
                    <structure:Parent>
                        <Ref id="ITF6"/>
                    </structure:Parent>
                </structure:Code>
                <structure:Code id="ITF64">
                    <common:Annotations>
                        <common:Annotation>
                            <common:AnnotationType>ORDER</common:AnnotationType>
                            <common:AnnotationText xml:lang="en">15790</common:AnnotationText>
                            <common:AnnotationText xml:lang="fr">15790</common:AnnotationText>
                        </common:Annotation>
                    </common:Annotations>
                    <common:Name xml:lang="en">Vibo Valentia</common:Name>
                    <common:Name xml:lang="fr">Vibo Valentia</common:Name>
                    <structure:Parent>
                        <Ref id="ITF6"/>
                    </structure:Parent>
                </structure:Code>
                <structure:Code id="ITF65">
                    <common:Annotations>
                        <common:Annotation>
                            <common:AnnotationType>ORDER</common:AnnotationType>
                            <common:AnnotationText xml:lang="en">15800</common:AnnotationText>
                            <common:AnnotationText xml:lang="fr">15800</common:AnnotationText>
                        </common:Annotation>
                    </common:Annotations>
                    <common:Name xml:lang="en">Reggio di Calabria</common:Name>
                    <common:Name xml:lang="fr">Reggio di Calabria</common:Name>
                    <structure:Parent>
                        <Ref id="ITF6"/>
                    </structure:Parent>
                </structure:Code>
                <structure:Code id="ITG1">
                    <common:Annotations>
                        <common:Annotation>
                            <common:AnnotationType>ORDER</common:AnnotationType>
                            <common:AnnotationText xml:lang="en">15810</common:AnnotationText>
                            <common:AnnotationText xml:lang="fr">15810</common:AnnotationText>
                        </common:Annotation>
                    </common:Annotations>
                    <common:Name xml:lang="en">Sicily</common:Name>
                    <common:Name xml:lang="fr">Sicily</common:Name>
                    <structure:Parent>
                        <Ref id="ITA"/>
                    </structure:Parent>
                </structure:Code>
                <structure:Code id="ITG11">
                    <common:Annotations>
                        <common:Annotation>
                            <common:AnnotationType>ORDER</common:AnnotationType>
                            <common:AnnotationText xml:lang="en">15820</common:AnnotationText>
                            <common:AnnotationText xml:lang="fr">15820</common:AnnotationText>
                        </common:Annotation>
                    </common:Annotations>
                    <common:Name xml:lang="en">Trapani</common:Name>
                    <common:Name xml:lang="fr">Trapani</common:Name>
                    <structure:Parent>
                        <Ref id="ITG1"/>
                    </structure:Parent>
                </structure:Code>
                <structure:Code id="ITG12">
                    <common:Annotations>
                        <common:Annotation>
                            <common:AnnotationType>ORDER</common:AnnotationType>
                            <common:AnnotationText xml:lang="en">15830</common:AnnotationText>
                            <common:AnnotationText xml:lang="fr">15830</common:AnnotationText>
                        </common:Annotation>
                    </common:Annotations>
                    <common:Name xml:lang="en">Palermo</common:Name>
                    <common:Name xml:lang="fr">Palermo</common:Name>
                    <structure:Parent>
                        <Ref id="ITG1"/>
                    </structure:Parent>
                </structure:Code>
                <structure:Code id="ITG13">
                    <common:Annotations>
                        <common:Annotation>
                            <common:AnnotationType>ORDER</common:AnnotationType>
                            <common:AnnotationText xml:lang="en">15840</common:AnnotationText>
                            <common:AnnotationText xml:lang="fr">15840</common:AnnotationText>
                        </common:Annotation>
                    </common:Annotations>
                    <common:Name xml:lang="en">Messina</common:Name>
                    <common:Name xml:lang="fr">Messina</common:Name>
                    <structure:Parent>
                        <Ref id="ITG1"/>
                    </structure:Parent>
                </structure:Code>
                <structure:Code id="ITG14">
                    <common:Annotations>
                        <common:Annotation>
                            <common:AnnotationType>ORDER</common:AnnotationType>
                            <common:AnnotationText xml:lang="en">15850</common:AnnotationText>
                            <common:AnnotationText xml:lang="fr">15850</common:AnnotationText>
                        </common:Annotation>
                    </common:Annotations>
                    <common:Name xml:lang="en">Agrigento</common:Name>
                    <common:Name xml:lang="fr">Agrigento</common:Name>
                    <structure:Parent>
                        <Ref id="ITG1"/>
                    </structure:Parent>
                </structure:Code>
                <structure:Code id="ITG15">
                    <common:Annotations>
                        <common:Annotation>
                            <common:AnnotationType>ORDER</common:AnnotationType>
                            <common:AnnotationText xml:lang="en">15860</common:AnnotationText>
                            <common:AnnotationText xml:lang="fr">15860</common:AnnotationText>
                        </common:Annotation>
                    </common:Annotations>
                    <common:Name xml:lang="en">Caltanissetta</common:Name>
                    <common:Name xml:lang="fr">Caltanissetta</common:Name>
                    <structure:Parent>
                        <Ref id="ITG1"/>
                    </structure:Parent>
                </structure:Code>
                <structure:Code id="ITG16">
                    <common:Annotations>
                        <common:Annotation>
                            <common:AnnotationType>ORDER</common:AnnotationType>
                            <common:AnnotationText xml:lang="en">15870</common:AnnotationText>
                            <common:AnnotationText xml:lang="fr">15870</common:AnnotationText>
                        </common:Annotation>
                    </common:Annotations>
                    <common:Name xml:lang="en">Enna</common:Name>
                    <common:Name xml:lang="fr">Enna</common:Name>
                    <structure:Parent>
                        <Ref id="ITG1"/>
                    </structure:Parent>
                </structure:Code>
                <structure:Code id="ITG17">
                    <common:Annotations>
                        <common:Annotation>
                            <common:AnnotationType>ORDER</common:AnnotationType>
                            <common:AnnotationText xml:lang="en">15880</common:AnnotationText>
                            <common:AnnotationText xml:lang="fr">15880</common:AnnotationText>
                        </common:Annotation>
                    </common:Annotations>
                    <common:Name xml:lang="en">Catania</common:Name>
                    <common:Name xml:lang="fr">Catania</common:Name>
                    <structure:Parent>
                        <Ref id="ITG1"/>
                    </structure:Parent>
                </structure:Code>
                <structure:Code id="ITG18">
                    <common:Annotations>
                        <common:Annotation>
                            <common:AnnotationType>ORDER</common:AnnotationType>
                            <common:AnnotationText xml:lang="en">15890</common:AnnotationText>
                            <common:AnnotationText xml:lang="fr">15890</common:AnnotationText>
                        </common:Annotation>
                    </common:Annotations>
                    <common:Name xml:lang="en">Ragusa</common:Name>
                    <common:Name xml:lang="fr">Ragusa</common:Name>
                    <structure:Parent>
                        <Ref id="ITG1"/>
                    </structure:Parent>
                </structure:Code>
                <structure:Code id="ITG19">
                    <common:Annotations>
                        <common:Annotation>
                            <common:AnnotationType>ORDER</common:AnnotationType>
                            <common:AnnotationText xml:lang="en">15900</common:AnnotationText>
                            <common:AnnotationText xml:lang="fr">15900</common:AnnotationText>
                        </common:Annotation>
                    </common:Annotations>
                    <common:Name xml:lang="en">Siracusa</common:Name>
                    <common:Name xml:lang="fr">Siracusa</common:Name>
                    <structure:Parent>
                        <Ref id="ITG1"/>
                    </structure:Parent>
                </structure:Code>
                <structure:Code id="ITG2">
                    <common:Annotations>
                        <common:Annotation>
                            <common:AnnotationType>ORDER</common:AnnotationType>
                            <common:AnnotationText xml:lang="en">15910</common:AnnotationText>
                            <common:AnnotationText xml:lang="fr">15910</common:AnnotationText>
                        </common:Annotation>
                    </common:Annotations>
                    <common:Name xml:lang="en">Sardinia</common:Name>
                    <common:Name xml:lang="fr">Sardinia</common:Name>
                    <structure:Parent>
                        <Ref id="ITA"/>
                    </structure:Parent>
                </structure:Code>
                <structure:Code id="ITG25">
                    <common:Annotations>
                        <common:Annotation>
                            <common:AnnotationType>ORDER</common:AnnotationType>
                            <common:AnnotationText xml:lang="en">15920</common:AnnotationText>
                            <common:AnnotationText xml:lang="fr">15920</common:AnnotationText>
                        </common:Annotation>
                    </common:Annotations>
                    <common:Name xml:lang="en">Sassari</common:Name>
                    <common:Name xml:lang="fr">Sassari</common:Name>
                    <structure:Parent>
                        <Ref id="ITG2"/>
                    </structure:Parent>
                </structure:Code>
                <structure:Code id="ITG26">
                    <common:Annotations>
                        <common:Annotation>
                            <common:AnnotationType>ORDER</common:AnnotationType>
                            <common:AnnotationText xml:lang="en">15930</common:AnnotationText>
                            <common:AnnotationText xml:lang="fr">15930</common:AnnotationText>
                        </common:Annotation>
                    </common:Annotations>
                    <common:Name xml:lang="en">Nuoro</common:Name>
                    <common:Name xml:lang="fr">Nuoro</common:Name>
                    <structure:Parent>
                        <Ref id="ITG2"/>
                    </structure:Parent>
                </structure:Code>
                <structure:Code id="ITG27">
                    <common:Annotations>
                        <common:Annotation>
                            <common:AnnotationType>ORDER</common:AnnotationType>
                            <common:AnnotationText xml:lang="en">15940</common:AnnotationText>
                            <common:AnnotationText xml:lang="fr">15940</common:AnnotationText>
                        </common:Annotation>
                    </common:Annotations>
                    <common:Name xml:lang="en">Cagliari</common:Name>
                    <common:Name xml:lang="fr">Cagliari</common:Name>
                    <structure:Parent>
                        <Ref id="ITG2"/>
                    </structure:Parent>
                </structure:Code>
                <structure:Code id="ITG28">
                    <common:Annotations>
                        <common:Annotation>
                            <common:AnnotationType>ORDER</common:AnnotationType>
                            <common:AnnotationText xml:lang="en">15950</common:AnnotationText>
                            <common:AnnotationText xml:lang="fr">15950</common:AnnotationText>
                        </common:Annotation>
                    </common:Annotations>
                    <common:Name xml:lang="en">Oristano</common:Name>
                    <common:Name xml:lang="fr">Oristano</common:Name>
                    <structure:Parent>
                        <Ref id="ITG2"/>
                    </structure:Parent>
                </structure:Code>
                <structure:Code id="ITG29">
                    <common:Annotations>
                        <common:Annotation>
                            <common:AnnotationType>ORDER</common:AnnotationType>
                            <common:AnnotationText xml:lang="en">15960</common:AnnotationText>
                            <common:AnnotationText xml:lang="fr">15960</common:AnnotationText>
                        </common:Annotation>
                    </common:Annotations>
                    <common:Name xml:lang="en">Olbia-Tempio</common:Name>
                    <common:Name xml:lang="fr">Olbia-Tempio</common:Name>
                    <structure:Parent>
                        <Ref id="ITG2"/>
                    </structure:Parent>
                </structure:Code>
                <structure:Code id="ITG2A">
                    <common:Annotations>
                        <common:Annotation>
                            <common:AnnotationType>ORDER</common:AnnotationType>
                            <common:AnnotationText xml:lang="en">15970</common:AnnotationText>
                            <common:AnnotationText xml:lang="fr">15970</common:AnnotationText>
                        </common:Annotation>
                    </common:Annotations>
                    <common:Name xml:lang="en">Ogliastra</common:Name>
                    <common:Name xml:lang="fr">Ogliastra</common:Name>
                    <structure:Parent>
                        <Ref id="ITG2"/>
                    </structure:Parent>
                </structure:Code>
                <structure:Code id="ITG2B">
                    <common:Annotations>
                        <common:Annotation>
                            <common:AnnotationType>ORDER</common:AnnotationType>
                            <common:AnnotationText xml:lang="en">15980</common:AnnotationText>
                            <common:AnnotationText xml:lang="fr">15980</common:AnnotationText>
                        </common:Annotation>
                    </common:Annotations>
                    <common:Name xml:lang="en">Medio Campidano</common:Name>
                    <common:Name xml:lang="fr">Medio Campidano</common:Name>
                    <structure:Parent>
                        <Ref id="ITG2"/>
                    </structure:Parent>
                </structure:Code>
                <structure:Code id="ITG2C">
                    <common:Annotations>
                        <common:Annotation>
                            <common:AnnotationType>ORDER</common:AnnotationType>
                            <common:AnnotationText xml:lang="en">15990</common:AnnotationText>
                            <common:AnnotationText xml:lang="fr">15990</common:AnnotationText>
                        </common:Annotation>
                    </common:Annotations>
                    <common:Name xml:lang="en">Carbonia-Iglesias</common:Name>
                    <common:Name xml:lang="fr">Carbonia-Iglesias</common:Name>
                    <structure:Parent>
                        <Ref id="ITG2"/>
                    </structure:Parent>
                </structure:Code>
                <structure:Code id="ITH1">
                    <common:Annotations>
                        <common:Annotation>
                            <common:AnnotationType>ORDER</common:AnnotationType>
                            <common:AnnotationText xml:lang="en">16000</common:AnnotationText>
                            <common:AnnotationText xml:lang="fr">16000</common:AnnotationText>
                        </common:Annotation>
                    </common:Annotations>
                    <common:Name xml:lang="en">Province of Bolzano-Bozen</common:Name>
                    <common:Name xml:lang="fr">Province of Bolzano-Bozen</common:Name>
                    <structure:Parent>
                        <Ref id="ITA"/>
                    </structure:Parent>
                </structure:Code>
                <structure:Code id="ITH10">
                    <common:Annotations>
                        <common:Annotation>
                            <common:AnnotationType>ORDER</common:AnnotationType>
                            <common:AnnotationText xml:lang="en">16010</common:AnnotationText>
                            <common:AnnotationText xml:lang="fr">16010</common:AnnotationText>
                        </common:Annotation>
                    </common:Annotations>
                    <common:Name xml:lang="en">Bolzano-Bozen</common:Name>
                    <common:Name xml:lang="fr">Bolzano-Bozen</common:Name>
                    <structure:Parent>
                        <Ref id="ITH1"/>
                    </structure:Parent>
                </structure:Code>
                <structure:Code id="ITH2">
                    <common:Annotations>
                        <common:Annotation>
                            <common:AnnotationType>ORDER</common:AnnotationType>
                            <common:AnnotationText xml:lang="en">16020</common:AnnotationText>
                            <common:AnnotationText xml:lang="fr">16020</common:AnnotationText>
                        </common:Annotation>
                    </common:Annotations>
                    <common:Name xml:lang="en">Province of Trento</common:Name>
                    <common:Name xml:lang="fr">Province of Trento</common:Name>
                    <structure:Parent>
                        <Ref id="ITA"/>
                    </structure:Parent>
                </structure:Code>
                <structure:Code id="ITH20">
                    <common:Annotations>
                        <common:Annotation>
                            <common:AnnotationType>ORDER</common:AnnotationType>
                            <common:AnnotationText xml:lang="en">16030</common:AnnotationText>
                            <common:AnnotationText xml:lang="fr">16030</common:AnnotationText>
                        </common:Annotation>
                    </common:Annotations>
                    <common:Name xml:lang="en">Trento</common:Name>
                    <common:Name xml:lang="fr">Trento</common:Name>
                    <structure:Parent>
                        <Ref id="ITH2"/>
                    </structure:Parent>
                </structure:Code>
                <structure:Code id="ITH3">
                    <common:Annotations>
                        <common:Annotation>
                            <common:AnnotationType>ORDER</common:AnnotationType>
                            <common:AnnotationText xml:lang="en">16040</common:AnnotationText>
                            <common:AnnotationText xml:lang="fr">16040</common:AnnotationText>
                        </common:Annotation>
                    </common:Annotations>
                    <common:Name xml:lang="en">Veneto</common:Name>
                    <common:Name xml:lang="fr">Veneto</common:Name>
                    <structure:Parent>
                        <Ref id="ITA"/>
                    </structure:Parent>
                </structure:Code>
                <structure:Code id="ITH31">
                    <common:Annotations>
                        <common:Annotation>
                            <common:AnnotationType>ORDER</common:AnnotationType>
                            <common:AnnotationText xml:lang="en">16050</common:AnnotationText>
                            <common:AnnotationText xml:lang="fr">16050</common:AnnotationText>
                        </common:Annotation>
                    </common:Annotations>
                    <common:Name xml:lang="en">Verona</common:Name>
                    <common:Name xml:lang="fr">Verona</common:Name>
                    <structure:Parent>
                        <Ref id="ITH3"/>
                    </structure:Parent>
                </structure:Code>
                <structure:Code id="ITH32">
                    <common:Annotations>
                        <common:Annotation>
                            <common:AnnotationType>ORDER</common:AnnotationType>
                            <common:AnnotationText xml:lang="en">16060</common:AnnotationText>
                            <common:AnnotationText xml:lang="fr">16060</common:AnnotationText>
                        </common:Annotation>
                    </common:Annotations>
                    <common:Name xml:lang="en">Vicenza</common:Name>
                    <common:Name xml:lang="fr">Vicenza</common:Name>
                    <structure:Parent>
                        <Ref id="ITH3"/>
                    </structure:Parent>
                </structure:Code>
                <structure:Code id="ITH33">
                    <common:Annotations>
                        <common:Annotation>
                            <common:AnnotationType>ORDER</common:AnnotationType>
                            <common:AnnotationText xml:lang="en">16070</common:AnnotationText>
                            <common:AnnotationText xml:lang="fr">16070</common:AnnotationText>
                        </common:Annotation>
                    </common:Annotations>
                    <common:Name xml:lang="en">Belluno</common:Name>
                    <common:Name xml:lang="fr">Belluno</common:Name>
                    <structure:Parent>
                        <Ref id="ITH3"/>
                    </structure:Parent>
                </structure:Code>
                <structure:Code id="ITH34">
                    <common:Annotations>
                        <common:Annotation>
                            <common:AnnotationType>ORDER</common:AnnotationType>
                            <common:AnnotationText xml:lang="en">16080</common:AnnotationText>
                            <common:AnnotationText xml:lang="fr">16080</common:AnnotationText>
                        </common:Annotation>
                    </common:Annotations>
                    <common:Name xml:lang="en">Treviso</common:Name>
                    <common:Name xml:lang="fr">Treviso</common:Name>
                    <structure:Parent>
                        <Ref id="ITH3"/>
                    </structure:Parent>
                </structure:Code>
                <structure:Code id="ITH35">
                    <common:Annotations>
                        <common:Annotation>
                            <common:AnnotationType>ORDER</common:AnnotationType>
                            <common:AnnotationText xml:lang="en">16090</common:AnnotationText>
                            <common:AnnotationText xml:lang="fr">16090</common:AnnotationText>
                        </common:Annotation>
                    </common:Annotations>
                    <common:Name xml:lang="en">Venice</common:Name>
                    <common:Name xml:lang="fr">Venice</common:Name>
                    <structure:Parent>
                        <Ref id="ITH3"/>
                    </structure:Parent>
                </structure:Code>
                <structure:Code id="ITH36">
                    <common:Annotations>
                        <common:Annotation>
                            <common:AnnotationType>ORDER</common:AnnotationType>
                            <common:AnnotationText xml:lang="en">16100</common:AnnotationText>
                            <common:AnnotationText xml:lang="fr">16100</common:AnnotationText>
                        </common:Annotation>
                    </common:Annotations>
                    <common:Name xml:lang="en">Padua</common:Name>
                    <common:Name xml:lang="fr">Padua</common:Name>
                    <structure:Parent>
                        <Ref id="ITH3"/>
                    </structure:Parent>
                </structure:Code>
                <structure:Code id="ITH37">
                    <common:Annotations>
                        <common:Annotation>
                            <common:AnnotationType>ORDER</common:AnnotationType>
                            <common:AnnotationText xml:lang="en">16110</common:AnnotationText>
                            <common:AnnotationText xml:lang="fr">16110</common:AnnotationText>
                        </common:Annotation>
                    </common:Annotations>
                    <common:Name xml:lang="en">Rovigo</common:Name>
                    <common:Name xml:lang="fr">Rovigo</common:Name>
                    <structure:Parent>
                        <Ref id="ITH3"/>
                    </structure:Parent>
                </structure:Code>
                <structure:Code id="ITH4">
                    <common:Annotations>
                        <common:Annotation>
                            <common:AnnotationType>ORDER</common:AnnotationType>
                            <common:AnnotationText xml:lang="en">16120</common:AnnotationText>
                            <common:AnnotationText xml:lang="fr">16120</common:AnnotationText>
                        </common:Annotation>
                    </common:Annotations>
                    <common:Name xml:lang="en">Friuli-Venezia Giulia</common:Name>
                    <common:Name xml:lang="fr">Friuli-Venezia Giulia</common:Name>
                    <structure:Parent>
                        <Ref id="ITA"/>
                    </structure:Parent>
                </structure:Code>
                <structure:Code id="ITH41">
                    <common:Annotations>
                        <common:Annotation>
                            <common:AnnotationType>ORDER</common:AnnotationType>
                            <common:AnnotationText xml:lang="en">16130</common:AnnotationText>
                            <common:AnnotationText xml:lang="fr">16130</common:AnnotationText>
                        </common:Annotation>
                    </common:Annotations>
                    <common:Name xml:lang="en">Pordenone</common:Name>
                    <common:Name xml:lang="fr">Pordenone</common:Name>
                    <structure:Parent>
                        <Ref id="ITH4"/>
                    </structure:Parent>
                </structure:Code>
                <structure:Code id="ITH42">
                    <common:Annotations>
                        <common:Annotation>
                            <common:AnnotationType>ORDER</common:AnnotationType>
                            <common:AnnotationText xml:lang="en">16140</common:AnnotationText>
                            <common:AnnotationText xml:lang="fr">16140</common:AnnotationText>
                        </common:Annotation>
                    </common:Annotations>
                    <common:Name xml:lang="en">Udine</common:Name>
                    <common:Name xml:lang="fr">Udine</common:Name>
                    <structure:Parent>
                        <Ref id="ITH4"/>
                    </structure:Parent>
                </structure:Code>
                <structure:Code id="ITH43">
                    <common:Annotations>
                        <common:Annotation>
                            <common:AnnotationType>ORDER</common:AnnotationType>
                            <common:AnnotationText xml:lang="en">16150</common:AnnotationText>
                            <common:AnnotationText xml:lang="fr">16150</common:AnnotationText>
                        </common:Annotation>
                    </common:Annotations>
                    <common:Name xml:lang="en">Gorizia</common:Name>
                    <common:Name xml:lang="fr">Gorizia</common:Name>
                    <structure:Parent>
                        <Ref id="ITH4"/>
                    </structure:Parent>
                </structure:Code>
                <structure:Code id="ITH44">
                    <common:Annotations>
                        <common:Annotation>
                            <common:AnnotationType>ORDER</common:AnnotationType>
                            <common:AnnotationText xml:lang="en">16160</common:AnnotationText>
                            <common:AnnotationText xml:lang="fr">16160</common:AnnotationText>
                        </common:Annotation>
                    </common:Annotations>
                    <common:Name xml:lang="en">Trieste</common:Name>
                    <common:Name xml:lang="fr">Trieste</common:Name>
                    <structure:Parent>
                        <Ref id="ITH4"/>
                    </structure:Parent>
                </structure:Code>
                <structure:Code id="ITH5">
                    <common:Annotations>
                        <common:Annotation>
                            <common:AnnotationType>ORDER</common:AnnotationType>
                            <common:AnnotationText xml:lang="en">16170</common:AnnotationText>
                            <common:AnnotationText xml:lang="fr">16170</common:AnnotationText>
                        </common:Annotation>
                    </common:Annotations>
                    <common:Name xml:lang="en">Emilia-Romagna</common:Name>
                    <common:Name xml:lang="fr">Emilia-Romagna</common:Name>
                    <structure:Parent>
                        <Ref id="ITA"/>
                    </structure:Parent>
                </structure:Code>
                <structure:Code id="ITH51">
                    <common:Annotations>
                        <common:Annotation>
                            <common:AnnotationType>ORDER</common:AnnotationType>
                            <common:AnnotationText xml:lang="en">16180</common:AnnotationText>
                            <common:AnnotationText xml:lang="fr">16180</common:AnnotationText>
                        </common:Annotation>
                    </common:Annotations>
                    <common:Name xml:lang="en">Piacenza</common:Name>
                    <common:Name xml:lang="fr">Piacenza</common:Name>
                    <structure:Parent>
                        <Ref id="ITH5"/>
                    </structure:Parent>
                </structure:Code>
                <structure:Code id="ITH52">
                    <common:Annotations>
                        <common:Annotation>
                            <common:AnnotationType>ORDER</common:AnnotationType>
                            <common:AnnotationText xml:lang="en">16190</common:AnnotationText>
                            <common:AnnotationText xml:lang="fr">16190</common:AnnotationText>
                        </common:Annotation>
                    </common:Annotations>
                    <common:Name xml:lang="en">Parma</common:Name>
                    <common:Name xml:lang="fr">Parma</common:Name>
                    <structure:Parent>
                        <Ref id="ITH5"/>
                    </structure:Parent>
                </structure:Code>
                <structure:Code id="ITH53">
                    <common:Annotations>
                        <common:Annotation>
                            <common:AnnotationType>ORDER</common:AnnotationType>
                            <common:AnnotationText xml:lang="en">16200</common:AnnotationText>
                            <common:AnnotationText xml:lang="fr">16200</common:AnnotationText>
                        </common:Annotation>
                    </common:Annotations>
                    <common:Name xml:lang="en">Reggio Nell'Emilia</common:Name>
                    <common:Name xml:lang="fr">Reggio Nell'Emilia</common:Name>
                    <structure:Parent>
                        <Ref id="ITH5"/>
                    </structure:Parent>
                </structure:Code>
                <structure:Code id="ITH54">
                    <common:Annotations>
                        <common:Annotation>
                            <common:AnnotationType>ORDER</common:AnnotationType>
                            <common:AnnotationText xml:lang="en">16210</common:AnnotationText>
                            <common:AnnotationText xml:lang="fr">16210</common:AnnotationText>
                        </common:Annotation>
                    </common:Annotations>
                    <common:Name xml:lang="en">Modena</common:Name>
                    <common:Name xml:lang="fr">Modena</common:Name>
                    <structure:Parent>
                        <Ref id="ITH5"/>
                    </structure:Parent>
                </structure:Code>
                <structure:Code id="ITH55">
                    <common:Annotations>
                        <common:Annotation>
                            <common:AnnotationType>ORDER</common:AnnotationType>
                            <common:AnnotationText xml:lang="en">16220</common:AnnotationText>
                            <common:AnnotationText xml:lang="fr">16220</common:AnnotationText>
                        </common:Annotation>
                    </common:Annotations>
                    <common:Name xml:lang="en">Bologna</common:Name>
                    <common:Name xml:lang="fr">Bologna</common:Name>
                    <structure:Parent>
                        <Ref id="ITH5"/>
                    </structure:Parent>
                </structure:Code>
                <structure:Code id="ITH56">
                    <common:Annotations>
                        <common:Annotation>
                            <common:AnnotationType>ORDER</common:AnnotationType>
                            <common:AnnotationText xml:lang="en">16230</common:AnnotationText>
                            <common:AnnotationText xml:lang="fr">16230</common:AnnotationText>
                        </common:Annotation>
                    </common:Annotations>
                    <common:Name xml:lang="en">Ferrara</common:Name>
                    <common:Name xml:lang="fr">Ferrara</common:Name>
                    <structure:Parent>
                        <Ref id="ITH5"/>
                    </structure:Parent>
                </structure:Code>
                <structure:Code id="ITH57">
                    <common:Annotations>
                        <common:Annotation>
                            <common:AnnotationType>ORDER</common:AnnotationType>
                            <common:AnnotationText xml:lang="en">16240</common:AnnotationText>
                            <common:AnnotationText xml:lang="fr">16240</common:AnnotationText>
                        </common:Annotation>
                    </common:Annotations>
                    <common:Name xml:lang="en">Ravenna</common:Name>
                    <common:Name xml:lang="fr">Ravenna</common:Name>
                    <structure:Parent>
                        <Ref id="ITH5"/>
                    </structure:Parent>
                </structure:Code>
                <structure:Code id="ITH58">
                    <common:Annotations>
                        <common:Annotation>
                            <common:AnnotationType>ORDER</common:AnnotationType>
                            <common:AnnotationText xml:lang="en">16250</common:AnnotationText>
                            <common:AnnotationText xml:lang="fr">16250</common:AnnotationText>
                        </common:Annotation>
                    </common:Annotations>
                    <common:Name xml:lang="en">Forlì-Cesena</common:Name>
                    <common:Name xml:lang="fr">Forlì-Cesena</common:Name>
                    <structure:Parent>
                        <Ref id="ITH5"/>
                    </structure:Parent>
                </structure:Code>
                <structure:Code id="ITH59">
                    <common:Annotations>
                        <common:Annotation>
                            <common:AnnotationType>ORDER</common:AnnotationType>
                            <common:AnnotationText xml:lang="en">16260</common:AnnotationText>
                            <common:AnnotationText xml:lang="fr">16260</common:AnnotationText>
                        </common:Annotation>
                    </common:Annotations>
                    <common:Name xml:lang="en">Rimini</common:Name>
                    <common:Name xml:lang="fr">Rimini</common:Name>
                    <structure:Parent>
                        <Ref id="ITH5"/>
                    </structure:Parent>
                </structure:Code>
                <structure:Code id="ITI1">
                    <common:Annotations>
                        <common:Annotation>
                            <common:AnnotationType>ORDER</common:AnnotationType>
                            <common:AnnotationText xml:lang="en">16270</common:AnnotationText>
                            <common:AnnotationText xml:lang="fr">16270</common:AnnotationText>
                        </common:Annotation>
                    </common:Annotations>
                    <common:Name xml:lang="en">Tuscany</common:Name>
                    <common:Name xml:lang="fr">Tuscany</common:Name>
                    <structure:Parent>
                        <Ref id="ITA"/>
                    </structure:Parent>
                </structure:Code>
                <structure:Code id="ITI11">
                    <common:Annotations>
                        <common:Annotation>
                            <common:AnnotationType>ORDER</common:AnnotationType>
                            <common:AnnotationText xml:lang="en">16280</common:AnnotationText>
                            <common:AnnotationText xml:lang="fr">16280</common:AnnotationText>
                        </common:Annotation>
                    </common:Annotations>
                    <common:Name xml:lang="en">Massa-Carrara</common:Name>
                    <common:Name xml:lang="fr">Massa-Carrara</common:Name>
                    <structure:Parent>
                        <Ref id="ITI1"/>
                    </structure:Parent>
                </structure:Code>
                <structure:Code id="ITI12">
                    <common:Annotations>
                        <common:Annotation>
                            <common:AnnotationType>ORDER</common:AnnotationType>
                            <common:AnnotationText xml:lang="en">16290</common:AnnotationText>
                            <common:AnnotationText xml:lang="fr">16290</common:AnnotationText>
                        </common:Annotation>
                    </common:Annotations>
                    <common:Name xml:lang="en">Lucca</common:Name>
                    <common:Name xml:lang="fr">Lucca</common:Name>
                    <structure:Parent>
                        <Ref id="ITI1"/>
                    </structure:Parent>
                </structure:Code>
                <structure:Code id="ITI13">
                    <common:Annotations>
                        <common:Annotation>
                            <common:AnnotationType>ORDER</common:AnnotationType>
                            <common:AnnotationText xml:lang="en">16300</common:AnnotationText>
                            <common:AnnotationText xml:lang="fr">16300</common:AnnotationText>
                        </common:Annotation>
                    </common:Annotations>
                    <common:Name xml:lang="en">Pistoia</common:Name>
                    <common:Name xml:lang="fr">Pistoia</common:Name>
                    <structure:Parent>
                        <Ref id="ITI1"/>
                    </structure:Parent>
                </structure:Code>
                <structure:Code id="ITI14">
                    <common:Annotations>
                        <common:Annotation>
                            <common:AnnotationType>ORDER</common:AnnotationType>
                            <common:AnnotationText xml:lang="en">16310</common:AnnotationText>
                            <common:AnnotationText xml:lang="fr">16310</common:AnnotationText>
                        </common:Annotation>
                    </common:Annotations>
                    <common:Name xml:lang="en">Florence</common:Name>
                    <common:Name xml:lang="fr">Florence</common:Name>
                    <structure:Parent>
                        <Ref id="ITI1"/>
                    </structure:Parent>
                </structure:Code>
                <structure:Code id="ITI15">
                    <common:Annotations>
                        <common:Annotation>
                            <common:AnnotationType>ORDER</common:AnnotationType>
                            <common:AnnotationText xml:lang="en">16320</common:AnnotationText>
                            <common:AnnotationText xml:lang="fr">16320</common:AnnotationText>
                        </common:Annotation>
                    </common:Annotations>
                    <common:Name xml:lang="en">Prato</common:Name>
                    <common:Name xml:lang="fr">Prato</common:Name>
                    <structure:Parent>
                        <Ref id="ITI1"/>
                    </structure:Parent>
                </structure:Code>
                <structure:Code id="ITI16">
                    <common:Annotations>
                        <common:Annotation>
                            <common:AnnotationType>ORDER</common:AnnotationType>
                            <common:AnnotationText xml:lang="en">16330</common:AnnotationText>
                            <common:AnnotationText xml:lang="fr">16330</common:AnnotationText>
                        </common:Annotation>
                    </common:Annotations>
                    <common:Name xml:lang="en">Livorno</common:Name>
                    <common:Name xml:lang="fr">Livorno</common:Name>
                    <structure:Parent>
                        <Ref id="ITI1"/>
                    </structure:Parent>
                </structure:Code>
                <structure:Code id="ITI17">
                    <common:Annotations>
                        <common:Annotation>
                            <common:AnnotationType>ORDER</common:AnnotationType>
                            <common:AnnotationText xml:lang="en">16340</common:AnnotationText>
                            <common:AnnotationText xml:lang="fr">16340</common:AnnotationText>
                        </common:Annotation>
                    </common:Annotations>
                    <common:Name xml:lang="en">Pisa</common:Name>
                    <common:Name xml:lang="fr">Pisa</common:Name>
                    <structure:Parent>
                        <Ref id="ITI1"/>
                    </structure:Parent>
                </structure:Code>
                <structure:Code id="ITI18">
                    <common:Annotations>
                        <common:Annotation>
                            <common:AnnotationType>ORDER</common:AnnotationType>
                            <common:AnnotationText xml:lang="en">16350</common:AnnotationText>
                            <common:AnnotationText xml:lang="fr">16350</common:AnnotationText>
                        </common:Annotation>
                    </common:Annotations>
                    <common:Name xml:lang="en">Arezzo</common:Name>
                    <common:Name xml:lang="fr">Arezzo</common:Name>
                    <structure:Parent>
                        <Ref id="ITI1"/>
                    </structure:Parent>
                </structure:Code>
                <structure:Code id="ITI19">
                    <common:Annotations>
                        <common:Annotation>
                            <common:AnnotationType>ORDER</common:AnnotationType>
                            <common:AnnotationText xml:lang="en">16360</common:AnnotationText>
                            <common:AnnotationText xml:lang="fr">16360</common:AnnotationText>
                        </common:Annotation>
                    </common:Annotations>
                    <common:Name xml:lang="en">Siena</common:Name>
                    <common:Name xml:lang="fr">Siena</common:Name>
                    <structure:Parent>
                        <Ref id="ITI1"/>
                    </structure:Parent>
                </structure:Code>
                <structure:Code id="ITI1A">
                    <common:Annotations>
                        <common:Annotation>
                            <common:AnnotationType>ORDER</common:AnnotationType>
                            <common:AnnotationText xml:lang="en">16370</common:AnnotationText>
                            <common:AnnotationText xml:lang="fr">16370</common:AnnotationText>
                        </common:Annotation>
                    </common:Annotations>
                    <common:Name xml:lang="en">Grosseto</common:Name>
                    <common:Name xml:lang="fr">Grosseto</common:Name>
                    <structure:Parent>
                        <Ref id="ITI1"/>
                    </structure:Parent>
                </structure:Code>
                <structure:Code id="ITI2">
                    <common:Annotations>
                        <common:Annotation>
                            <common:AnnotationType>ORDER</common:AnnotationType>
                            <common:AnnotationText xml:lang="en">16380</common:AnnotationText>
                            <common:AnnotationText xml:lang="fr">16380</common:AnnotationText>
                        </common:Annotation>
                    </common:Annotations>
                    <common:Name xml:lang="en">Umbria</common:Name>
                    <common:Name xml:lang="fr">Umbria</common:Name>
                    <structure:Parent>
                        <Ref id="ITA"/>
                    </structure:Parent>
                </structure:Code>
                <structure:Code id="ITI21">
                    <common:Annotations>
                        <common:Annotation>
                            <common:AnnotationType>ORDER</common:AnnotationType>
                            <common:AnnotationText xml:lang="en">16390</common:AnnotationText>
                            <common:AnnotationText xml:lang="fr">16390</common:AnnotationText>
                        </common:Annotation>
                    </common:Annotations>
                    <common:Name xml:lang="en">Perugia</common:Name>
                    <common:Name xml:lang="fr">Perugia</common:Name>
                    <structure:Parent>
                        <Ref id="ITI2"/>
                    </structure:Parent>
                </structure:Code>
                <structure:Code id="ITI22">
                    <common:Annotations>
                        <common:Annotation>
                            <common:AnnotationType>ORDER</common:AnnotationType>
                            <common:AnnotationText xml:lang="en">16400</common:AnnotationText>
                            <common:AnnotationText xml:lang="fr">16400</common:AnnotationText>
                        </common:Annotation>
                    </common:Annotations>
                    <common:Name xml:lang="en">Terni</common:Name>
                    <common:Name xml:lang="fr">Terni</common:Name>
                    <structure:Parent>
                        <Ref id="ITI2"/>
                    </structure:Parent>
                </structure:Code>
                <structure:Code id="ITI3">
                    <common:Annotations>
                        <common:Annotation>
                            <common:AnnotationType>ORDER</common:AnnotationType>
                            <common:AnnotationText xml:lang="en">16410</common:AnnotationText>
                            <common:AnnotationText xml:lang="fr">16410</common:AnnotationText>
                        </common:Annotation>
                    </common:Annotations>
                    <common:Name xml:lang="en">Marche</common:Name>
                    <common:Name xml:lang="fr">Marche</common:Name>
                    <structure:Parent>
                        <Ref id="ITA"/>
                    </structure:Parent>
                </structure:Code>
                <structure:Code id="ITI31">
                    <common:Annotations>
                        <common:Annotation>
                            <common:AnnotationType>ORDER</common:AnnotationType>
                            <common:AnnotationText xml:lang="en">16420</common:AnnotationText>
                            <common:AnnotationText xml:lang="fr">16420</common:AnnotationText>
                        </common:Annotation>
                    </common:Annotations>
                    <common:Name xml:lang="en">Pesaro e Urbino</common:Name>
                    <common:Name xml:lang="fr">Pesaro e Urbino</common:Name>
                    <structure:Parent>
                        <Ref id="ITI3"/>
                    </structure:Parent>
                </structure:Code>
                <structure:Code id="ITI32">
                    <common:Annotations>
                        <common:Annotation>
                            <common:AnnotationType>ORDER</common:AnnotationType>
                            <common:AnnotationText xml:lang="en">16430</common:AnnotationText>
                            <common:AnnotationText xml:lang="fr">16430</common:AnnotationText>
                        </common:Annotation>
                    </common:Annotations>
                    <common:Name xml:lang="en">Ancona</common:Name>
                    <common:Name xml:lang="fr">Ancona</common:Name>
                    <structure:Parent>
                        <Ref id="ITI3"/>
                    </structure:Parent>
                </structure:Code>
                <structure:Code id="ITI33">
                    <common:Annotations>
                        <common:Annotation>
                            <common:AnnotationType>ORDER</common:AnnotationType>
                            <common:AnnotationText xml:lang="en">16440</common:AnnotationText>
                            <common:AnnotationText xml:lang="fr">16440</common:AnnotationText>
                        </common:Annotation>
                    </common:Annotations>
                    <common:Name xml:lang="en">Macerata</common:Name>
                    <common:Name xml:lang="fr">Macerata</common:Name>
                    <structure:Parent>
                        <Ref id="ITI3"/>
                    </structure:Parent>
                </structure:Code>
                <structure:Code id="ITI34">
                    <common:Annotations>
                        <common:Annotation>
                            <common:AnnotationType>ORDER</common:AnnotationType>
                            <common:AnnotationText xml:lang="en">16450</common:AnnotationText>
                            <common:AnnotationText xml:lang="fr">16450</common:AnnotationText>
                        </common:Annotation>
                    </common:Annotations>
                    <common:Name xml:lang="en">Ascoli Piceno</common:Name>
                    <common:Name xml:lang="fr">Ascoli Piceno</common:Name>
                    <structure:Parent>
                        <Ref id="ITI3"/>
                    </structure:Parent>
                </structure:Code>
                <structure:Code id="ITI35">
                    <common:Annotations>
                        <common:Annotation>
                            <common:AnnotationType>ORDER</common:AnnotationType>
                            <common:AnnotationText xml:lang="en">16460</common:AnnotationText>
                            <common:AnnotationText xml:lang="fr">16460</common:AnnotationText>
                        </common:Annotation>
                    </common:Annotations>
                    <common:Name xml:lang="en">Fermo</common:Name>
                    <common:Name xml:lang="fr">Fermo</common:Name>
                    <structure:Parent>
                        <Ref id="ITI3"/>
                    </structure:Parent>
                </structure:Code>
                <structure:Code id="ITI4">
                    <common:Annotations>
                        <common:Annotation>
                            <common:AnnotationType>ORDER</common:AnnotationType>
                            <common:AnnotationText xml:lang="en">16470</common:AnnotationText>
                            <common:AnnotationText xml:lang="fr">16470</common:AnnotationText>
                        </common:Annotation>
                    </common:Annotations>
                    <common:Name xml:lang="en">Lazio</common:Name>
                    <common:Name xml:lang="fr">Lazio</common:Name>
                    <structure:Parent>
                        <Ref id="ITA"/>
                    </structure:Parent>
                </structure:Code>
                <structure:Code id="ITI41">
                    <common:Annotations>
                        <common:Annotation>
                            <common:AnnotationType>ORDER</common:AnnotationType>
                            <common:AnnotationText xml:lang="en">16480</common:AnnotationText>
                            <common:AnnotationText xml:lang="fr">16480</common:AnnotationText>
                        </common:Annotation>
                    </common:Annotations>
                    <common:Name xml:lang="en">Viterbo</common:Name>
                    <common:Name xml:lang="fr">Viterbo</common:Name>
                    <structure:Parent>
                        <Ref id="ITI4"/>
                    </structure:Parent>
                </structure:Code>
                <structure:Code id="ITI42">
                    <common:Annotations>
                        <common:Annotation>
                            <common:AnnotationType>ORDER</common:AnnotationType>
                            <common:AnnotationText xml:lang="en">16490</common:AnnotationText>
                            <common:AnnotationText xml:lang="fr">16490</common:AnnotationText>
                        </common:Annotation>
                    </common:Annotations>
                    <common:Name xml:lang="en">Rieti</common:Name>
                    <common:Name xml:lang="fr">Rieti</common:Name>
                    <structure:Parent>
                        <Ref id="ITI4"/>
                    </structure:Parent>
                </structure:Code>
                <structure:Code id="ITI43">
                    <common:Annotations>
                        <common:Annotation>
                            <common:AnnotationType>ORDER</common:AnnotationType>
                            <common:AnnotationText xml:lang="en">16500</common:AnnotationText>
                            <common:AnnotationText xml:lang="fr">16500</common:AnnotationText>
                        </common:Annotation>
                    </common:Annotations>
                    <common:Name xml:lang="en">Rome</common:Name>
                    <common:Name xml:lang="fr">Rome</common:Name>
                    <structure:Parent>
                        <Ref id="ITI4"/>
                    </structure:Parent>
                </structure:Code>
                <structure:Code id="ITI44">
                    <common:Annotations>
                        <common:Annotation>
                            <common:AnnotationType>ORDER</common:AnnotationType>
                            <common:AnnotationText xml:lang="en">16510</common:AnnotationText>
                            <common:AnnotationText xml:lang="fr">16510</common:AnnotationText>
                        </common:Annotation>
                    </common:Annotations>
                    <common:Name xml:lang="en">Latina</common:Name>
                    <common:Name xml:lang="fr">Latina</common:Name>
                    <structure:Parent>
                        <Ref id="ITI4"/>
                    </structure:Parent>
                </structure:Code>
                <structure:Code id="ITI45">
                    <common:Annotations>
                        <common:Annotation>
                            <common:AnnotationType>ORDER</common:AnnotationType>
                            <common:AnnotationText xml:lang="en">16520</common:AnnotationText>
                            <common:AnnotationText xml:lang="fr">16520</common:AnnotationText>
                        </common:Annotation>
                    </common:Annotations>
                    <common:Name xml:lang="en">Frosinone</common:Name>
                    <common:Name xml:lang="fr">Frosinone</common:Name>
                    <structure:Parent>
                        <Ref id="ITI4"/>
                    </structure:Parent>
                </structure:Code>
                <structure:Code id="JPN">
                    <common:Annotations>
                        <common:Annotation>
                            <common:AnnotationType>ORDER</common:AnnotationType>
                            <common:AnnotationText xml:lang="en">16530</common:AnnotationText>
                            <common:AnnotationText xml:lang="fr">16530</common:AnnotationText>
                        </common:Annotation>
                    </common:Annotations>
                    <common:Name xml:lang="en">Japan</common:Name>
                    <common:Name xml:lang="fr">Japan</common:Name>
                </structure:Code>
                <structure:Code id="JPA">
                    <common:Annotations>
                        <common:Annotation>
                            <common:AnnotationType>ORDER</common:AnnotationType>
                            <common:AnnotationText xml:lang="en">16540</common:AnnotationText>
                            <common:AnnotationText xml:lang="fr">16540</common:AnnotationText>
                        </common:Annotation>
                    </common:Annotations>
                    <common:Name xml:lang="en">Hokkaido</common:Name>
                    <common:Name xml:lang="fr">Hokkaido</common:Name>
                    <structure:Parent>
                        <Ref id="JPN"/>
                    </structure:Parent>
                </structure:Code>
                <structure:Code id="JPA01">
                    <common:Annotations>
                        <common:Annotation>
                            <common:AnnotationType>ORDER</common:AnnotationType>
                            <common:AnnotationText xml:lang="en">16550</common:AnnotationText>
                            <common:AnnotationText xml:lang="fr">16550</common:AnnotationText>
                        </common:Annotation>
                    </common:Annotations>
                    <common:Name xml:lang="en">Hokkaido</common:Name>
                    <common:Name xml:lang="fr">Hokkaido</common:Name>
                    <structure:Parent>
                        <Ref id="JPA"/>
                    </structure:Parent>
                </structure:Code>
                <structure:Code id="JPB">
                    <common:Annotations>
                        <common:Annotation>
                            <common:AnnotationType>ORDER</common:AnnotationType>
                            <common:AnnotationText xml:lang="en">16560</common:AnnotationText>
                            <common:AnnotationText xml:lang="fr">16560</common:AnnotationText>
                        </common:Annotation>
                    </common:Annotations>
                    <common:Name xml:lang="en">Tohoku</common:Name>
                    <common:Name xml:lang="fr">Tohoku</common:Name>
                    <structure:Parent>
                        <Ref id="JPN"/>
                    </structure:Parent>
                </structure:Code>
                <structure:Code id="JPB02">
                    <common:Annotations>
                        <common:Annotation>
                            <common:AnnotationType>ORDER</common:AnnotationType>
                            <common:AnnotationText xml:lang="en">16570</common:AnnotationText>
                            <common:AnnotationText xml:lang="fr">16570</common:AnnotationText>
                        </common:Annotation>
                    </common:Annotations>
                    <common:Name xml:lang="en">Aomori</common:Name>
                    <common:Name xml:lang="fr">Aomori</common:Name>
                    <structure:Parent>
                        <Ref id="JPB"/>
                    </structure:Parent>
                </structure:Code>
                <structure:Code id="JPB03">
                    <common:Annotations>
                        <common:Annotation>
                            <common:AnnotationType>ORDER</common:AnnotationType>
                            <common:AnnotationText xml:lang="en">16580</common:AnnotationText>
                            <common:AnnotationText xml:lang="fr">16580</common:AnnotationText>
                        </common:Annotation>
                    </common:Annotations>
                    <common:Name xml:lang="en">Iwate</common:Name>
                    <common:Name xml:lang="fr">Iwate</common:Name>
                    <structure:Parent>
                        <Ref id="JPB"/>
                    </structure:Parent>
                </structure:Code>
                <structure:Code id="JPB04">
                    <common:Annotations>
                        <common:Annotation>
                            <common:AnnotationType>ORDER</common:AnnotationType>
                            <common:AnnotationText xml:lang="en">16590</common:AnnotationText>
                            <common:AnnotationText xml:lang="fr">16590</common:AnnotationText>
                        </common:Annotation>
                    </common:Annotations>
                    <common:Name xml:lang="en">Miyagi</common:Name>
                    <common:Name xml:lang="fr">Miyagi</common:Name>
                    <structure:Parent>
                        <Ref id="JPB"/>
                    </structure:Parent>
                </structure:Code>
                <structure:Code id="JPB05">
                    <common:Annotations>
                        <common:Annotation>
                            <common:AnnotationType>ORDER</common:AnnotationType>
                            <common:AnnotationText xml:lang="en">16600</common:AnnotationText>
                            <common:AnnotationText xml:lang="fr">16600</common:AnnotationText>
                        </common:Annotation>
                    </common:Annotations>
                    <common:Name xml:lang="en">Akita</common:Name>
                    <common:Name xml:lang="fr">Akita</common:Name>
                    <structure:Parent>
                        <Ref id="JPB"/>
                    </structure:Parent>
                </structure:Code>
                <structure:Code id="JPB06">
                    <common:Annotations>
                        <common:Annotation>
                            <common:AnnotationType>ORDER</common:AnnotationType>
                            <common:AnnotationText xml:lang="en">16610</common:AnnotationText>
                            <common:AnnotationText xml:lang="fr">16610</common:AnnotationText>
                        </common:Annotation>
                    </common:Annotations>
                    <common:Name xml:lang="en">Yamagata</common:Name>
                    <common:Name xml:lang="fr">Yamagata</common:Name>
                    <structure:Parent>
                        <Ref id="JPB"/>
                    </structure:Parent>
                </structure:Code>
                <structure:Code id="JPB07">
                    <common:Annotations>
                        <common:Annotation>
                            <common:AnnotationType>ORDER</common:AnnotationType>
                            <common:AnnotationText xml:lang="en">16620</common:AnnotationText>
                            <common:AnnotationText xml:lang="fr">16620</common:AnnotationText>
                        </common:Annotation>
                    </common:Annotations>
                    <common:Name xml:lang="en">Fukushima</common:Name>
                    <common:Name xml:lang="fr">Fukushima</common:Name>
                    <structure:Parent>
                        <Ref id="JPB"/>
                    </structure:Parent>
                </structure:Code>
                <structure:Code id="JPC">
                    <common:Annotations>
                        <common:Annotation>
                            <common:AnnotationType>ORDER</common:AnnotationType>
                            <common:AnnotationText xml:lang="en">16630</common:AnnotationText>
                            <common:AnnotationText xml:lang="fr">16630</common:AnnotationText>
                        </common:Annotation>
                    </common:Annotations>
                    <common:Name xml:lang="en">Northern-Kanto, Koshin</common:Name>
                    <common:Name xml:lang="fr">Northern-Kanto, Koshin</common:Name>
                    <structure:Parent>
                        <Ref id="JPN"/>
                    </structure:Parent>
                </structure:Code>
                <structure:Code id="JPC08">
                    <common:Annotations>
                        <common:Annotation>
                            <common:AnnotationType>ORDER</common:AnnotationType>
                            <common:AnnotationText xml:lang="en">16640</common:AnnotationText>
                            <common:AnnotationText xml:lang="fr">16640</common:AnnotationText>
                        </common:Annotation>
                    </common:Annotations>
                    <common:Name xml:lang="en">Ibaraki</common:Name>
                    <common:Name xml:lang="fr">Ibaraki</common:Name>
                    <structure:Parent>
                        <Ref id="JPC"/>
                    </structure:Parent>
                </structure:Code>
                <structure:Code id="JPC09">
                    <common:Annotations>
                        <common:Annotation>
                            <common:AnnotationType>ORDER</common:AnnotationType>
                            <common:AnnotationText xml:lang="en">16650</common:AnnotationText>
                            <common:AnnotationText xml:lang="fr">16650</common:AnnotationText>
                        </common:Annotation>
                    </common:Annotations>
                    <common:Name xml:lang="en">Tochigi</common:Name>
                    <common:Name xml:lang="fr">Tochigi</common:Name>
                    <structure:Parent>
                        <Ref id="JPC"/>
                    </structure:Parent>
                </structure:Code>
                <structure:Code id="JPC10">
                    <common:Annotations>
                        <common:Annotation>
                            <common:AnnotationType>ORDER</common:AnnotationType>
                            <common:AnnotationText xml:lang="en">16660</common:AnnotationText>
                            <common:AnnotationText xml:lang="fr">16660</common:AnnotationText>
                        </common:Annotation>
                    </common:Annotations>
                    <common:Name xml:lang="en">Gumma</common:Name>
                    <common:Name xml:lang="fr">Gumma</common:Name>
                    <structure:Parent>
                        <Ref id="JPC"/>
                    </structure:Parent>
                </structure:Code>
                <structure:Code id="JPC19">
                    <common:Annotations>
                        <common:Annotation>
                            <common:AnnotationType>ORDER</common:AnnotationType>
                            <common:AnnotationText xml:lang="en">16670</common:AnnotationText>
                            <common:AnnotationText xml:lang="fr">16670</common:AnnotationText>
                        </common:Annotation>
                    </common:Annotations>
                    <common:Name xml:lang="en">Yamanashi</common:Name>
                    <common:Name xml:lang="fr">Yamanashi</common:Name>
                    <structure:Parent>
                        <Ref id="JPC"/>
                    </structure:Parent>
                </structure:Code>
                <structure:Code id="JPC20">
                    <common:Annotations>
                        <common:Annotation>
                            <common:AnnotationType>ORDER</common:AnnotationType>
                            <common:AnnotationText xml:lang="en">16680</common:AnnotationText>
                            <common:AnnotationText xml:lang="fr">16680</common:AnnotationText>
                        </common:Annotation>
                    </common:Annotations>
                    <common:Name xml:lang="en">Nagano</common:Name>
                    <common:Name xml:lang="fr">Nagano</common:Name>
                    <structure:Parent>
                        <Ref id="JPC"/>
                    </structure:Parent>
                </structure:Code>
                <structure:Code id="JPD">
                    <common:Annotations>
                        <common:Annotation>
                            <common:AnnotationType>ORDER</common:AnnotationType>
                            <common:AnnotationText xml:lang="en">16690</common:AnnotationText>
                            <common:AnnotationText xml:lang="fr">16690</common:AnnotationText>
                        </common:Annotation>
                    </common:Annotations>
                    <common:Name xml:lang="en">Southern-Kanto</common:Name>
                    <common:Name xml:lang="fr">Southern-Kanto</common:Name>
                    <structure:Parent>
                        <Ref id="JPN"/>
                    </structure:Parent>
                </structure:Code>
                <structure:Code id="JPD11">
                    <common:Annotations>
                        <common:Annotation>
                            <common:AnnotationType>ORDER</common:AnnotationType>
                            <common:AnnotationText xml:lang="en">16700</common:AnnotationText>
                            <common:AnnotationText xml:lang="fr">16700</common:AnnotationText>
                        </common:Annotation>
                    </common:Annotations>
                    <common:Name xml:lang="en">Saitama</common:Name>
                    <common:Name xml:lang="fr">Saitama</common:Name>
                    <structure:Parent>
                        <Ref id="JPD"/>
                    </structure:Parent>
                </structure:Code>
                <structure:Code id="JPD12">
                    <common:Annotations>
                        <common:Annotation>
                            <common:AnnotationType>ORDER</common:AnnotationType>
                            <common:AnnotationText xml:lang="en">16710</common:AnnotationText>
                            <common:AnnotationText xml:lang="fr">16710</common:AnnotationText>
                        </common:Annotation>
                    </common:Annotations>
                    <common:Name xml:lang="en">Chiba</common:Name>
                    <common:Name xml:lang="fr">Chiba</common:Name>
                    <structure:Parent>
                        <Ref id="JPD"/>
                    </structure:Parent>
                </structure:Code>
                <structure:Code id="JPD13">
                    <common:Annotations>
                        <common:Annotation>
                            <common:AnnotationType>ORDER</common:AnnotationType>
                            <common:AnnotationText xml:lang="en">16720</common:AnnotationText>
                            <common:AnnotationText xml:lang="fr">16720</common:AnnotationText>
                        </common:Annotation>
                    </common:Annotations>
                    <common:Name xml:lang="en">Tokyo</common:Name>
                    <common:Name xml:lang="fr">Tokyo</common:Name>
                    <structure:Parent>
                        <Ref id="JPD"/>
                    </structure:Parent>
                </structure:Code>
                <structure:Code id="JPD14">
                    <common:Annotations>
                        <common:Annotation>
                            <common:AnnotationType>ORDER</common:AnnotationType>
                            <common:AnnotationText xml:lang="en">16730</common:AnnotationText>
                            <common:AnnotationText xml:lang="fr">16730</common:AnnotationText>
                        </common:Annotation>
                    </common:Annotations>
                    <common:Name xml:lang="en">Kanagawa</common:Name>
                    <common:Name xml:lang="fr">Kanagawa</common:Name>
                    <structure:Parent>
                        <Ref id="JPD"/>
                    </structure:Parent>
                </structure:Code>
                <structure:Code id="JPE">
                    <common:Annotations>
                        <common:Annotation>
                            <common:AnnotationType>ORDER</common:AnnotationType>
                            <common:AnnotationText xml:lang="en">16740</common:AnnotationText>
                            <common:AnnotationText xml:lang="fr">16740</common:AnnotationText>
                        </common:Annotation>
                    </common:Annotations>
                    <common:Name xml:lang="en">Hokuriku</common:Name>
                    <common:Name xml:lang="fr">Hokuriku</common:Name>
                    <structure:Parent>
                        <Ref id="JPN"/>
                    </structure:Parent>
                </structure:Code>
                <structure:Code id="JPE15">
                    <common:Annotations>
                        <common:Annotation>
                            <common:AnnotationType>ORDER</common:AnnotationType>
                            <common:AnnotationText xml:lang="en">16750</common:AnnotationText>
                            <common:AnnotationText xml:lang="fr">16750</common:AnnotationText>
                        </common:Annotation>
                    </common:Annotations>
                    <common:Name xml:lang="en">Niigata</common:Name>
                    <common:Name xml:lang="fr">Niigata</common:Name>
                    <structure:Parent>
                        <Ref id="JPE"/>
                    </structure:Parent>
                </structure:Code>
                <structure:Code id="JPE16">
                    <common:Annotations>
                        <common:Annotation>
                            <common:AnnotationType>ORDER</common:AnnotationType>
                            <common:AnnotationText xml:lang="en">16760</common:AnnotationText>
                            <common:AnnotationText xml:lang="fr">16760</common:AnnotationText>
                        </common:Annotation>
                    </common:Annotations>
                    <common:Name xml:lang="en">Toyama</common:Name>
                    <common:Name xml:lang="fr">Toyama</common:Name>
                    <structure:Parent>
                        <Ref id="JPE"/>
                    </structure:Parent>
                </structure:Code>
                <structure:Code id="JPE17">
                    <common:Annotations>
                        <common:Annotation>
                            <common:AnnotationType>ORDER</common:AnnotationType>
                            <common:AnnotationText xml:lang="en">16770</common:AnnotationText>
                            <common:AnnotationText xml:lang="fr">16770</common:AnnotationText>
                        </common:Annotation>
                    </common:Annotations>
                    <common:Name xml:lang="en">Ishikawa</common:Name>
                    <common:Name xml:lang="fr">Ishikawa</common:Name>
                    <structure:Parent>
                        <Ref id="JPE"/>
                    </structure:Parent>
                </structure:Code>
                <structure:Code id="JPE18">
                    <common:Annotations>
                        <common:Annotation>
                            <common:AnnotationType>ORDER</common:AnnotationType>
                            <common:AnnotationText xml:lang="en">16780</common:AnnotationText>
                            <common:AnnotationText xml:lang="fr">16780</common:AnnotationText>
                        </common:Annotation>
                    </common:Annotations>
                    <common:Name xml:lang="en">Fukui</common:Name>
                    <common:Name xml:lang="fr">Fukui</common:Name>
                    <structure:Parent>
                        <Ref id="JPE"/>
                    </structure:Parent>
                </structure:Code>
                <structure:Code id="JPF">
                    <common:Annotations>
                        <common:Annotation>
                            <common:AnnotationType>ORDER</common:AnnotationType>
                            <common:AnnotationText xml:lang="en">16790</common:AnnotationText>
                            <common:AnnotationText xml:lang="fr">16790</common:AnnotationText>
                        </common:Annotation>
                    </common:Annotations>
                    <common:Name xml:lang="en">Toukai</common:Name>
                    <common:Name xml:lang="fr">Toukai</common:Name>
                    <structure:Parent>
                        <Ref id="JPN"/>
                    </structure:Parent>
                </structure:Code>
                <structure:Code id="JPF21">
                    <common:Annotations>
                        <common:Annotation>
                            <common:AnnotationType>ORDER</common:AnnotationType>
                            <common:AnnotationText xml:lang="en">16800</common:AnnotationText>
                            <common:AnnotationText xml:lang="fr">16800</common:AnnotationText>
                        </common:Annotation>
                    </common:Annotations>
                    <common:Name xml:lang="en">Gifu</common:Name>
                    <common:Name xml:lang="fr">Gifu</common:Name>
                    <structure:Parent>
                        <Ref id="JPF"/>
                    </structure:Parent>
                </structure:Code>
                <structure:Code id="JPF22">
                    <common:Annotations>
                        <common:Annotation>
                            <common:AnnotationType>ORDER</common:AnnotationType>
                            <common:AnnotationText xml:lang="en">16810</common:AnnotationText>
                            <common:AnnotationText xml:lang="fr">16810</common:AnnotationText>
                        </common:Annotation>
                    </common:Annotations>
                    <common:Name xml:lang="en">Shizuoka</common:Name>
                    <common:Name xml:lang="fr">Shizuoka</common:Name>
                    <structure:Parent>
                        <Ref id="JPF"/>
                    </structure:Parent>
                </structure:Code>
                <structure:Code id="JPF23">
                    <common:Annotations>
                        <common:Annotation>
                            <common:AnnotationType>ORDER</common:AnnotationType>
                            <common:AnnotationText xml:lang="en">16820</common:AnnotationText>
                            <common:AnnotationText xml:lang="fr">16820</common:AnnotationText>
                        </common:Annotation>
                    </common:Annotations>
                    <common:Name xml:lang="en">Aichi</common:Name>
                    <common:Name xml:lang="fr">Aichi</common:Name>
                    <structure:Parent>
                        <Ref id="JPF"/>
                    </structure:Parent>
                </structure:Code>
                <structure:Code id="JPF24">
                    <common:Annotations>
                        <common:Annotation>
                            <common:AnnotationType>ORDER</common:AnnotationType>
                            <common:AnnotationText xml:lang="en">16830</common:AnnotationText>
                            <common:AnnotationText xml:lang="fr">16830</common:AnnotationText>
                        </common:Annotation>
                    </common:Annotations>
                    <common:Name xml:lang="en">Mie</common:Name>
                    <common:Name xml:lang="fr">Mie</common:Name>
                    <structure:Parent>
                        <Ref id="JPF"/>
                    </structure:Parent>
                </structure:Code>
                <structure:Code id="JPG">
                    <common:Annotations>
                        <common:Annotation>
                            <common:AnnotationType>ORDER</common:AnnotationType>
                            <common:AnnotationText xml:lang="en">16840</common:AnnotationText>
                            <common:AnnotationText xml:lang="fr">16840</common:AnnotationText>
                        </common:Annotation>
                    </common:Annotations>
                    <common:Name xml:lang="en">Kansai region</common:Name>
                    <common:Name xml:lang="fr">Kansai region</common:Name>
                    <structure:Parent>
                        <Ref id="JPN"/>
                    </structure:Parent>
                </structure:Code>
                <structure:Code id="JPG25">
                    <common:Annotations>
                        <common:Annotation>
                            <common:AnnotationType>ORDER</common:AnnotationType>
                            <common:AnnotationText xml:lang="en">16850</common:AnnotationText>
                            <common:AnnotationText xml:lang="fr">16850</common:AnnotationText>
                        </common:Annotation>
                    </common:Annotations>
                    <common:Name xml:lang="en">Shiga</common:Name>
                    <common:Name xml:lang="fr">Shiga</common:Name>
                    <structure:Parent>
                        <Ref id="JPG"/>
                    </structure:Parent>
                </structure:Code>
                <structure:Code id="JPG26">
                    <common:Annotations>
                        <common:Annotation>
                            <common:AnnotationType>ORDER</common:AnnotationType>
                            <common:AnnotationText xml:lang="en">16860</common:AnnotationText>
                            <common:AnnotationText xml:lang="fr">16860</common:AnnotationText>
                        </common:Annotation>
                    </common:Annotations>
                    <common:Name xml:lang="en">Kyoto</common:Name>
                    <common:Name xml:lang="fr">Kyoto</common:Name>
                    <structure:Parent>
                        <Ref id="JPG"/>
                    </structure:Parent>
                </structure:Code>
                <structure:Code id="JPG27">
                    <common:Annotations>
                        <common:Annotation>
                            <common:AnnotationType>ORDER</common:AnnotationType>
                            <common:AnnotationText xml:lang="en">16870</common:AnnotationText>
                            <common:AnnotationText xml:lang="fr">16870</common:AnnotationText>
                        </common:Annotation>
                    </common:Annotations>
                    <common:Name xml:lang="en">Osaka</common:Name>
                    <common:Name xml:lang="fr">Osaka</common:Name>
                    <structure:Parent>
                        <Ref id="JPG"/>
                    </structure:Parent>
                </structure:Code>
                <structure:Code id="JPG28">
                    <common:Annotations>
                        <common:Annotation>
                            <common:AnnotationType>ORDER</common:AnnotationType>
                            <common:AnnotationText xml:lang="en">16880</common:AnnotationText>
                            <common:AnnotationText xml:lang="fr">16880</common:AnnotationText>
                        </common:Annotation>
                    </common:Annotations>
                    <common:Name xml:lang="en">Hyogo</common:Name>
                    <common:Name xml:lang="fr">Hyogo</common:Name>
                    <structure:Parent>
                        <Ref id="JPG"/>
                    </structure:Parent>
                </structure:Code>
                <structure:Code id="JPG29">
                    <common:Annotations>
                        <common:Annotation>
                            <common:AnnotationType>ORDER</common:AnnotationType>
                            <common:AnnotationText xml:lang="en">16890</common:AnnotationText>
                            <common:AnnotationText xml:lang="fr">16890</common:AnnotationText>
                        </common:Annotation>
                    </common:Annotations>
                    <common:Name xml:lang="en">Nara</common:Name>
                    <common:Name xml:lang="fr">Nara</common:Name>
                    <structure:Parent>
                        <Ref id="JPG"/>
                    </structure:Parent>
                </structure:Code>
                <structure:Code id="JPG30">
                    <common:Annotations>
                        <common:Annotation>
                            <common:AnnotationType>ORDER</common:AnnotationType>
                            <common:AnnotationText xml:lang="en">16900</common:AnnotationText>
                            <common:AnnotationText xml:lang="fr">16900</common:AnnotationText>
                        </common:Annotation>
                    </common:Annotations>
                    <common:Name xml:lang="en">Wakayama</common:Name>
                    <common:Name xml:lang="fr">Wakayama</common:Name>
                    <structure:Parent>
                        <Ref id="JPG"/>
                    </structure:Parent>
                </structure:Code>
                <structure:Code id="JPH">
                    <common:Annotations>
                        <common:Annotation>
                            <common:AnnotationType>ORDER</common:AnnotationType>
                            <common:AnnotationText xml:lang="en">16910</common:AnnotationText>
                            <common:AnnotationText xml:lang="fr">16910</common:AnnotationText>
                        </common:Annotation>
                    </common:Annotations>
                    <common:Name xml:lang="en">Chugoku</common:Name>
                    <common:Name xml:lang="fr">Chugoku</common:Name>
                    <structure:Parent>
                        <Ref id="JPN"/>
                    </structure:Parent>
                </structure:Code>
                <structure:Code id="JPH31">
                    <common:Annotations>
                        <common:Annotation>
                            <common:AnnotationType>ORDER</common:AnnotationType>
                            <common:AnnotationText xml:lang="en">16920</common:AnnotationText>
                            <common:AnnotationText xml:lang="fr">16920</common:AnnotationText>
                        </common:Annotation>
                    </common:Annotations>
                    <common:Name xml:lang="en">Tottori</common:Name>
                    <common:Name xml:lang="fr">Tottori</common:Name>
                    <structure:Parent>
                        <Ref id="JPH"/>
                    </structure:Parent>
                </structure:Code>
                <structure:Code id="JPH32">
                    <common:Annotations>
                        <common:Annotation>
                            <common:AnnotationType>ORDER</common:AnnotationType>
                            <common:AnnotationText xml:lang="en">16930</common:AnnotationText>
                            <common:AnnotationText xml:lang="fr">16930</common:AnnotationText>
                        </common:Annotation>
                    </common:Annotations>
                    <common:Name xml:lang="en">Shimane</common:Name>
                    <common:Name xml:lang="fr">Shimane</common:Name>
                    <structure:Parent>
                        <Ref id="JPH"/>
                    </structure:Parent>
                </structure:Code>
                <structure:Code id="JPH33">
                    <common:Annotations>
                        <common:Annotation>
                            <common:AnnotationType>ORDER</common:AnnotationType>
                            <common:AnnotationText xml:lang="en">16940</common:AnnotationText>
                            <common:AnnotationText xml:lang="fr">16940</common:AnnotationText>
                        </common:Annotation>
                    </common:Annotations>
                    <common:Name xml:lang="en">Okayama</common:Name>
                    <common:Name xml:lang="fr">Okayama</common:Name>
                    <structure:Parent>
                        <Ref id="JPH"/>
                    </structure:Parent>
                </structure:Code>
                <structure:Code id="JPH34">
                    <common:Annotations>
                        <common:Annotation>
                            <common:AnnotationType>ORDER</common:AnnotationType>
                            <common:AnnotationText xml:lang="en">16950</common:AnnotationText>
                            <common:AnnotationText xml:lang="fr">16950</common:AnnotationText>
                        </common:Annotation>
                    </common:Annotations>
                    <common:Name xml:lang="en">Hiroshima</common:Name>
                    <common:Name xml:lang="fr">Hiroshima</common:Name>
                    <structure:Parent>
                        <Ref id="JPH"/>
                    </structure:Parent>
                </structure:Code>
                <structure:Code id="JPH35">
                    <common:Annotations>
                        <common:Annotation>
                            <common:AnnotationType>ORDER</common:AnnotationType>
                            <common:AnnotationText xml:lang="en">16960</common:AnnotationText>
                            <common:AnnotationText xml:lang="fr">16960</common:AnnotationText>
                        </common:Annotation>
                    </common:Annotations>
                    <common:Name xml:lang="en">Yamaguchi</common:Name>
                    <common:Name xml:lang="fr">Yamaguchi</common:Name>
                    <structure:Parent>
                        <Ref id="JPH"/>
                    </structure:Parent>
                </structure:Code>
                <structure:Code id="JPI">
                    <common:Annotations>
                        <common:Annotation>
                            <common:AnnotationType>ORDER</common:AnnotationType>
                            <common:AnnotationText xml:lang="en">16970</common:AnnotationText>
                            <common:AnnotationText xml:lang="fr">16970</common:AnnotationText>
                        </common:Annotation>
                    </common:Annotations>
                    <common:Name xml:lang="en">Shikoku</common:Name>
                    <common:Name xml:lang="fr">Shikoku</common:Name>
                    <structure:Parent>
                        <Ref id="JPN"/>
                    </structure:Parent>
                </structure:Code>
                <structure:Code id="JPI36">
                    <common:Annotations>
                        <common:Annotation>
                            <common:AnnotationType>ORDER</common:AnnotationType>
                            <common:AnnotationText xml:lang="en">16980</common:AnnotationText>
                            <common:AnnotationText xml:lang="fr">16980</common:AnnotationText>
                        </common:Annotation>
                    </common:Annotations>
                    <common:Name xml:lang="en">Tokushima</common:Name>
                    <common:Name xml:lang="fr">Tokushima</common:Name>
                    <structure:Parent>
                        <Ref id="JPI"/>
                    </structure:Parent>
                </structure:Code>
                <structure:Code id="JPI37">
                    <common:Annotations>
                        <common:Annotation>
                            <common:AnnotationType>ORDER</common:AnnotationType>
                            <common:AnnotationText xml:lang="en">16990</common:AnnotationText>
                            <common:AnnotationText xml:lang="fr">16990</common:AnnotationText>
                        </common:Annotation>
                    </common:Annotations>
                    <common:Name xml:lang="en">Kagawa</common:Name>
                    <common:Name xml:lang="fr">Kagawa</common:Name>
                    <structure:Parent>
                        <Ref id="JPI"/>
                    </structure:Parent>
                </structure:Code>
                <structure:Code id="JPI38">
                    <common:Annotations>
                        <common:Annotation>
                            <common:AnnotationType>ORDER</common:AnnotationType>
                            <common:AnnotationText xml:lang="en">17000</common:AnnotationText>
                            <common:AnnotationText xml:lang="fr">17000</common:AnnotationText>
                        </common:Annotation>
                    </common:Annotations>
                    <common:Name xml:lang="en">Ehime</common:Name>
                    <common:Name xml:lang="fr">Ehime</common:Name>
                    <structure:Parent>
                        <Ref id="JPI"/>
                    </structure:Parent>
                </structure:Code>
                <structure:Code id="JPI39">
                    <common:Annotations>
                        <common:Annotation>
                            <common:AnnotationType>ORDER</common:AnnotationType>
                            <common:AnnotationText xml:lang="en">17010</common:AnnotationText>
                            <common:AnnotationText xml:lang="fr">17010</common:AnnotationText>
                        </common:Annotation>
                    </common:Annotations>
                    <common:Name xml:lang="en">Kochi</common:Name>
                    <common:Name xml:lang="fr">Kochi</common:Name>
                    <structure:Parent>
                        <Ref id="JPI"/>
                    </structure:Parent>
                </structure:Code>
                <structure:Code id="JPJ">
                    <common:Annotations>
                        <common:Annotation>
                            <common:AnnotationType>ORDER</common:AnnotationType>
                            <common:AnnotationText xml:lang="en">17020</common:AnnotationText>
                            <common:AnnotationText xml:lang="fr">17020</common:AnnotationText>
                        </common:Annotation>
                    </common:Annotations>
                    <common:Name xml:lang="en">Kyushu, Okinawa</common:Name>
                    <common:Name xml:lang="fr">Kyushu, Okinawa</common:Name>
                    <structure:Parent>
                        <Ref id="JPN"/>
                    </structure:Parent>
                </structure:Code>
                <structure:Code id="JPJ40">
                    <common:Annotations>
                        <common:Annotation>
                            <common:AnnotationType>ORDER</common:AnnotationType>
                            <common:AnnotationText xml:lang="en">17030</common:AnnotationText>
                            <common:AnnotationText xml:lang="fr">17030</common:AnnotationText>
                        </common:Annotation>
                    </common:Annotations>
                    <common:Name xml:lang="en">Fukuoka</common:Name>
                    <common:Name xml:lang="fr">Fukuoka</common:Name>
                    <structure:Parent>
                        <Ref id="JPJ"/>
                    </structure:Parent>
                </structure:Code>
                <structure:Code id="JPJ41">
                    <common:Annotations>
                        <common:Annotation>
                            <common:AnnotationType>ORDER</common:AnnotationType>
                            <common:AnnotationText xml:lang="en">17040</common:AnnotationText>
                            <common:AnnotationText xml:lang="fr">17040</common:AnnotationText>
                        </common:Annotation>
                    </common:Annotations>
                    <common:Name xml:lang="en">Saga</common:Name>
                    <common:Name xml:lang="fr">Saga</common:Name>
                    <structure:Parent>
                        <Ref id="JPJ"/>
                    </structure:Parent>
                </structure:Code>
                <structure:Code id="JPJ42">
                    <common:Annotations>
                        <common:Annotation>
                            <common:AnnotationType>ORDER</common:AnnotationType>
                            <common:AnnotationText xml:lang="en">17050</common:AnnotationText>
                            <common:AnnotationText xml:lang="fr">17050</common:AnnotationText>
                        </common:Annotation>
                    </common:Annotations>
                    <common:Name xml:lang="en">Nagasaki</common:Name>
                    <common:Name xml:lang="fr">Nagasaki</common:Name>
                    <structure:Parent>
                        <Ref id="JPJ"/>
                    </structure:Parent>
                </structure:Code>
                <structure:Code id="JPJ43">
                    <common:Annotations>
                        <common:Annotation>
                            <common:AnnotationType>ORDER</common:AnnotationType>
                            <common:AnnotationText xml:lang="en">17060</common:AnnotationText>
                            <common:AnnotationText xml:lang="fr">17060</common:AnnotationText>
                        </common:Annotation>
                    </common:Annotations>
                    <common:Name xml:lang="en">Kumamoto</common:Name>
                    <common:Name xml:lang="fr">Kumamoto</common:Name>
                    <structure:Parent>
                        <Ref id="JPJ"/>
                    </structure:Parent>
                </structure:Code>
                <structure:Code id="JPJ44">
                    <common:Annotations>
                        <common:Annotation>
                            <common:AnnotationType>ORDER</common:AnnotationType>
                            <common:AnnotationText xml:lang="en">17070</common:AnnotationText>
                            <common:AnnotationText xml:lang="fr">17070</common:AnnotationText>
                        </common:Annotation>
                    </common:Annotations>
                    <common:Name xml:lang="en">Oita</common:Name>
                    <common:Name xml:lang="fr">Oita</common:Name>
                    <structure:Parent>
                        <Ref id="JPJ"/>
                    </structure:Parent>
                </structure:Code>
                <structure:Code id="JPJ45">
                    <common:Annotations>
                        <common:Annotation>
                            <common:AnnotationType>ORDER</common:AnnotationType>
                            <common:AnnotationText xml:lang="en">17080</common:AnnotationText>
                            <common:AnnotationText xml:lang="fr">17080</common:AnnotationText>
                        </common:Annotation>
                    </common:Annotations>
                    <common:Name xml:lang="en">Miyazaki</common:Name>
                    <common:Name xml:lang="fr">Miyazaki</common:Name>
                    <structure:Parent>
                        <Ref id="JPJ"/>
                    </structure:Parent>
                </structure:Code>
                <structure:Code id="JPJ46">
                    <common:Annotations>
                        <common:Annotation>
                            <common:AnnotationType>ORDER</common:AnnotationType>
                            <common:AnnotationText xml:lang="en">17090</common:AnnotationText>
                            <common:AnnotationText xml:lang="fr">17090</common:AnnotationText>
                        </common:Annotation>
                    </common:Annotations>
                    <common:Name xml:lang="en">Kagoshima</common:Name>
                    <common:Name xml:lang="fr">Kagoshima</common:Name>
                    <structure:Parent>
                        <Ref id="JPJ"/>
                    </structure:Parent>
                </structure:Code>
                <structure:Code id="JPJ47">
                    <common:Annotations>
                        <common:Annotation>
                            <common:AnnotationType>ORDER</common:AnnotationType>
                            <common:AnnotationText xml:lang="en">17100</common:AnnotationText>
                            <common:AnnotationText xml:lang="fr">17100</common:AnnotationText>
                        </common:Annotation>
                    </common:Annotations>
                    <common:Name xml:lang="en">Okinawa</common:Name>
                    <common:Name xml:lang="fr">Okinawa</common:Name>
                    <structure:Parent>
                        <Ref id="JPJ"/>
                    </structure:Parent>
                </structure:Code>
                <structure:Code id="KOR">
                    <common:Annotations>
                        <common:Annotation>
                            <common:AnnotationType>ORDER</common:AnnotationType>
                            <common:AnnotationText xml:lang="en">17110</common:AnnotationText>
                            <common:AnnotationText xml:lang="fr">17110</common:AnnotationText>
                        </common:Annotation>
                    </common:Annotations>
                    <common:Name xml:lang="en">Korea</common:Name>
                    <common:Name xml:lang="fr">Corée</common:Name>
                </structure:Code>
                <structure:Code id="KR01">
                    <common:Annotations>
                        <common:Annotation>
                            <common:AnnotationType>ORDER</common:AnnotationType>
                            <common:AnnotationText xml:lang="en">17120</common:AnnotationText>
                            <common:AnnotationText xml:lang="fr">17120</common:AnnotationText>
                        </common:Annotation>
                    </common:Annotations>
                    <common:Name xml:lang="en">Capital Region (KR)</common:Name>
                    <common:Name xml:lang="fr">Capital Region (KR)</common:Name>
                    <structure:Parent>
                        <Ref id="KOR"/>
                    </structure:Parent>
                </structure:Code>
                <structure:Code id="KR011">
                    <common:Annotations>
                        <common:Annotation>
                            <common:AnnotationType>ORDER</common:AnnotationType>
                            <common:AnnotationText xml:lang="en">17130</common:AnnotationText>
                            <common:AnnotationText xml:lang="fr">17130</common:AnnotationText>
                        </common:Annotation>
                    </common:Annotations>
                    <common:Name xml:lang="en">Seoul</common:Name>
                    <common:Name xml:lang="fr">Seoul</common:Name>
                    <structure:Parent>
                        <Ref id="KR01"/>
                    </structure:Parent>
                </structure:Code>
                <structure:Code id="KR012">
                    <common:Annotations>
                        <common:Annotation>
                            <common:AnnotationType>ORDER</common:AnnotationType>
                            <common:AnnotationText xml:lang="en">17140</common:AnnotationText>
                            <common:AnnotationText xml:lang="fr">17140</common:AnnotationText>
                        </common:Annotation>
                    </common:Annotations>
                    <common:Name xml:lang="en">Incheon</common:Name>
                    <common:Name xml:lang="fr">Incheon</common:Name>
                    <structure:Parent>
                        <Ref id="KR01"/>
                    </structure:Parent>
                </structure:Code>
                <structure:Code id="KR013">
                    <common:Annotations>
                        <common:Annotation>
                            <common:AnnotationType>ORDER</common:AnnotationType>
                            <common:AnnotationText xml:lang="en">17150</common:AnnotationText>
                            <common:AnnotationText xml:lang="fr">17150</common:AnnotationText>
                        </common:Annotation>
                    </common:Annotations>
                    <common:Name xml:lang="en">Gyeonggi-do</common:Name>
                    <common:Name xml:lang="fr">Gyeonggi-do</common:Name>
                    <structure:Parent>
                        <Ref id="KR01"/>
                    </structure:Parent>
                </structure:Code>
                <structure:Code id="KR02">
                    <common:Annotations>
                        <common:Annotation>
                            <common:AnnotationType>ORDER</common:AnnotationType>
                            <common:AnnotationText xml:lang="en">17160</common:AnnotationText>
                            <common:AnnotationText xml:lang="fr">17160</common:AnnotationText>
                        </common:Annotation>
                    </common:Annotations>
                    <common:Name xml:lang="en">Gyeongnam Region</common:Name>
                    <common:Name xml:lang="fr">Gyeongnam Region</common:Name>
                    <structure:Parent>
                        <Ref id="KOR"/>
                    </structure:Parent>
                </structure:Code>
                <structure:Code id="KR021">
                    <common:Annotations>
                        <common:Annotation>
                            <common:AnnotationType>ORDER</common:AnnotationType>
                            <common:AnnotationText xml:lang="en">17170</common:AnnotationText>
                            <common:AnnotationText xml:lang="fr">17170</common:AnnotationText>
                        </common:Annotation>
                    </common:Annotations>
                    <common:Name xml:lang="en">Busan</common:Name>
                    <common:Name xml:lang="fr">Busan</common:Name>
                    <structure:Parent>
                        <Ref id="KR02"/>
                    </structure:Parent>
                </structure:Code>
                <structure:Code id="KR022">
                    <common:Annotations>
                        <common:Annotation>
                            <common:AnnotationType>ORDER</common:AnnotationType>
                            <common:AnnotationText xml:lang="en">17180</common:AnnotationText>
                            <common:AnnotationText xml:lang="fr">17180</common:AnnotationText>
                        </common:Annotation>
                    </common:Annotations>
                    <common:Name xml:lang="en">Ulsan</common:Name>
                    <common:Name xml:lang="fr">Ulsan</common:Name>
                    <structure:Parent>
                        <Ref id="KR02"/>
                    </structure:Parent>
                </structure:Code>
                <structure:Code id="KR023">
                    <common:Annotations>
                        <common:Annotation>
                            <common:AnnotationType>ORDER</common:AnnotationType>
                            <common:AnnotationText xml:lang="en">17190</common:AnnotationText>
                            <common:AnnotationText xml:lang="fr">17190</common:AnnotationText>
                        </common:Annotation>
                    </common:Annotations>
                    <common:Name xml:lang="en">Gyeongsangnam-do</common:Name>
                    <common:Name xml:lang="fr">Gyeongsangnam-do</common:Name>
                    <structure:Parent>
                        <Ref id="KR02"/>
                    </structure:Parent>
                </structure:Code>
                <structure:Code id="KR03">
                    <common:Annotations>
                        <common:Annotation>
                            <common:AnnotationType>ORDER</common:AnnotationType>
                            <common:AnnotationText xml:lang="en">17200</common:AnnotationText>
                            <common:AnnotationText xml:lang="fr">17200</common:AnnotationText>
                        </common:Annotation>
                    </common:Annotations>
                    <common:Name xml:lang="en">Gyeongbuk Region</common:Name>
                    <common:Name xml:lang="fr">Gyeongbuk Region</common:Name>
                    <structure:Parent>
                        <Ref id="KOR"/>
                    </structure:Parent>
                </structure:Code>
                <structure:Code id="KR031">
                    <common:Annotations>
                        <common:Annotation>
                            <common:AnnotationType>ORDER</common:AnnotationType>
                            <common:AnnotationText xml:lang="en">17210</common:AnnotationText>
                            <common:AnnotationText xml:lang="fr">17210</common:AnnotationText>
                        </common:Annotation>
                    </common:Annotations>
                    <common:Name xml:lang="en">Daegu</common:Name>
                    <common:Name xml:lang="fr">Daegu</common:Name>
                    <structure:Parent>
                        <Ref id="KR03"/>
                    </structure:Parent>
                </structure:Code>
                <structure:Code id="KR032">
                    <common:Annotations>
                        <common:Annotation>
                            <common:AnnotationType>ORDER</common:AnnotationType>
                            <common:AnnotationText xml:lang="en">17220</common:AnnotationText>
                            <common:AnnotationText xml:lang="fr">17220</common:AnnotationText>
                        </common:Annotation>
                    </common:Annotations>
                    <common:Name xml:lang="en">Gyeongsangbuk-do</common:Name>
                    <common:Name xml:lang="fr">Gyeongsangbuk-do</common:Name>
                    <structure:Parent>
                        <Ref id="KR03"/>
                    </structure:Parent>
                </structure:Code>
                <structure:Code id="KR04">
                    <common:Annotations>
                        <common:Annotation>
                            <common:AnnotationType>ORDER</common:AnnotationType>
                            <common:AnnotationText xml:lang="en">17230</common:AnnotationText>
                            <common:AnnotationText xml:lang="fr">17230</common:AnnotationText>
                        </common:Annotation>
                    </common:Annotations>
                    <common:Name xml:lang="en">Jeolla Region</common:Name>
                    <common:Name xml:lang="fr">Jeolla Region</common:Name>
                    <structure:Parent>
                        <Ref id="KOR"/>
                    </structure:Parent>
                </structure:Code>
                <structure:Code id="KR041">
                    <common:Annotations>
                        <common:Annotation>
                            <common:AnnotationType>ORDER</common:AnnotationType>
                            <common:AnnotationText xml:lang="en">17240</common:AnnotationText>
                            <common:AnnotationText xml:lang="fr">17240</common:AnnotationText>
                        </common:Annotation>
                    </common:Annotations>
                    <common:Name xml:lang="en">Gwangju</common:Name>
                    <common:Name xml:lang="fr">Gwangju</common:Name>
                    <structure:Parent>
                        <Ref id="KR04"/>
                    </structure:Parent>
                </structure:Code>
                <structure:Code id="KR042">
                    <common:Annotations>
                        <common:Annotation>
                            <common:AnnotationType>ORDER</common:AnnotationType>
                            <common:AnnotationText xml:lang="en">17250</common:AnnotationText>
                            <common:AnnotationText xml:lang="fr">17250</common:AnnotationText>
                        </common:Annotation>
                    </common:Annotations>
                    <common:Name xml:lang="en">Jeollabuk-do</common:Name>
                    <common:Name xml:lang="fr">Jeollabuk-do</common:Name>
                    <structure:Parent>
                        <Ref id="KR04"/>
                    </structure:Parent>
                </structure:Code>
                <structure:Code id="KR043">
                    <common:Annotations>
                        <common:Annotation>
                            <common:AnnotationType>ORDER</common:AnnotationType>
                            <common:AnnotationText xml:lang="en">17260</common:AnnotationText>
                            <common:AnnotationText xml:lang="fr">17260</common:AnnotationText>
                        </common:Annotation>
                    </common:Annotations>
                    <common:Name xml:lang="en">Jeollanam-do</common:Name>
                    <common:Name xml:lang="fr">Jeollanam-do</common:Name>
                    <structure:Parent>
                        <Ref id="KR04"/>
                    </structure:Parent>
                </structure:Code>
                <structure:Code id="KR05">
                    <common:Annotations>
                        <common:Annotation>
                            <common:AnnotationType>ORDER</common:AnnotationType>
                            <common:AnnotationText xml:lang="en">17270</common:AnnotationText>
                            <common:AnnotationText xml:lang="fr">17270</common:AnnotationText>
                        </common:Annotation>
                    </common:Annotations>
                    <common:Name xml:lang="en">Chungcheong Region</common:Name>
                    <common:Name xml:lang="fr">Chungcheong Region</common:Name>
                    <structure:Parent>
                        <Ref id="KOR"/>
                    </structure:Parent>
                </structure:Code>
                <structure:Code id="KR051">
                    <common:Annotations>
                        <common:Annotation>
                            <common:AnnotationType>ORDER</common:AnnotationType>
                            <common:AnnotationText xml:lang="en">17280</common:AnnotationText>
                            <common:AnnotationText xml:lang="fr">17280</common:AnnotationText>
                        </common:Annotation>
                    </common:Annotations>
                    <common:Name xml:lang="en">Daejeon</common:Name>
                    <common:Name xml:lang="fr">Daejeon</common:Name>
                    <structure:Parent>
                        <Ref id="KR05"/>
                    </structure:Parent>
                </structure:Code>
                <structure:Code id="KR052">
                    <common:Annotations>
                        <common:Annotation>
                            <common:AnnotationType>ORDER</common:AnnotationType>
                            <common:AnnotationText xml:lang="en">17290</common:AnnotationText>
                            <common:AnnotationText xml:lang="fr">17290</common:AnnotationText>
                        </common:Annotation>
                    </common:Annotations>
                    <common:Name xml:lang="en">Chungcheongbuk-do</common:Name>
                    <common:Name xml:lang="fr">Chungcheongbuk-do</common:Name>
                    <structure:Parent>
                        <Ref id="KR05"/>
                    </structure:Parent>
                </structure:Code>
                <structure:Code id="KR053">
                    <common:Annotations>
                        <common:Annotation>
                            <common:AnnotationType>ORDER</common:AnnotationType>
                            <common:AnnotationText xml:lang="en">17300</common:AnnotationText>
                            <common:AnnotationText xml:lang="fr">17300</common:AnnotationText>
                        </common:Annotation>
                    </common:Annotations>
                    <common:Name xml:lang="en">Chungcheongnam-do</common:Name>
                    <common:Name xml:lang="fr">Chungcheongnam-do</common:Name>
                    <structure:Parent>
                        <Ref id="KR05"/>
                    </structure:Parent>
                </structure:Code>
                <structure:Code id="KR054">
                    <common:Annotations>
                        <common:Annotation>
                            <common:AnnotationType>ORDER</common:AnnotationType>
                            <common:AnnotationText xml:lang="en">17310</common:AnnotationText>
                            <common:AnnotationText xml:lang="fr">17310</common:AnnotationText>
                        </common:Annotation>
                    </common:Annotations>
                    <common:Name xml:lang="en">Sejong</common:Name>
                    <common:Name xml:lang="fr">Sejong</common:Name>
                    <structure:Parent>
                        <Ref id="KR05"/>
                    </structure:Parent>
                </structure:Code>
                <structure:Code id="KR06">
                    <common:Annotations>
                        <common:Annotation>
                            <common:AnnotationType>ORDER</common:AnnotationType>
                            <common:AnnotationText xml:lang="en">17320</common:AnnotationText>
                            <common:AnnotationText xml:lang="fr">17320</common:AnnotationText>
                        </common:Annotation>
                    </common:Annotations>
                    <common:Name xml:lang="en">Gangwon Region</common:Name>
                    <common:Name xml:lang="fr">Gangwon Region</common:Name>
                    <structure:Parent>
                        <Ref id="KOR"/>
                    </structure:Parent>
                </structure:Code>
                <structure:Code id="KR061">
                    <common:Annotations>
                        <common:Annotation>
                            <common:AnnotationType>ORDER</common:AnnotationType>
                            <common:AnnotationText xml:lang="en">17330</common:AnnotationText>
                            <common:AnnotationText xml:lang="fr">17330</common:AnnotationText>
                        </common:Annotation>
                    </common:Annotations>
                    <common:Name xml:lang="en">Gangwon-do</common:Name>
                    <common:Name xml:lang="fr">Gangwon-do</common:Name>
                    <structure:Parent>
                        <Ref id="KR06"/>
                    </structure:Parent>
                </structure:Code>
                <structure:Code id="KR07">
                    <common:Annotations>
                        <common:Annotation>
                            <common:AnnotationType>ORDER</common:AnnotationType>
                            <common:AnnotationText xml:lang="en">17340</common:AnnotationText>
                            <common:AnnotationText xml:lang="fr">17340</common:AnnotationText>
                        </common:Annotation>
                    </common:Annotations>
                    <common:Name xml:lang="en">Jeju</common:Name>
                    <common:Name xml:lang="fr">Jeju</common:Name>
                    <structure:Parent>
                        <Ref id="KOR"/>
                    </structure:Parent>
                </structure:Code>
                <structure:Code id="KR071">
                    <common:Annotations>
                        <common:Annotation>
                            <common:AnnotationType>ORDER</common:AnnotationType>
                            <common:AnnotationText xml:lang="en">17350</common:AnnotationText>
                            <common:AnnotationText xml:lang="fr">17350</common:AnnotationText>
                        </common:Annotation>
                    </common:Annotations>
                    <common:Name xml:lang="en">Jeju-do</common:Name>
                    <common:Name xml:lang="fr">Jeju-do</common:Name>
                    <structure:Parent>
                        <Ref id="KR07"/>
                    </structure:Parent>
                </structure:Code>
                <structure:Code id="LVA">
                    <common:Annotations>
                        <common:Annotation>
                            <common:AnnotationType>ORDER</common:AnnotationType>
                            <common:AnnotationText xml:lang="en">17360</common:AnnotationText>
                            <common:AnnotationText xml:lang="fr">17360</common:AnnotationText>
                        </common:Annotation>
                    </common:Annotations>
                    <common:Name xml:lang="en">Latvia</common:Name>
                    <common:Name xml:lang="fr">Lettonie</common:Name>
                </structure:Code>
                <structure:Code id="LV00">
                    <common:Annotations>
                        <common:Annotation>
                            <common:AnnotationType>ORDER</common:AnnotationType>
                            <common:AnnotationText xml:lang="en">17370</common:AnnotationText>
                            <common:AnnotationText xml:lang="fr">17370</common:AnnotationText>
                        </common:Annotation>
                    </common:Annotations>
                    <common:Name xml:lang="en">Latvia</common:Name>
                    <common:Name xml:lang="fr">Latvia</common:Name>
                    <structure:Parent>
                        <Ref id="LVA"/>
                    </structure:Parent>
                </structure:Code>
                <structure:Code id="LV003">
                    <common:Annotations>
                        <common:Annotation>
                            <common:AnnotationType>ORDER</common:AnnotationType>
                            <common:AnnotationText xml:lang="en">17380</common:AnnotationText>
                            <common:AnnotationText xml:lang="fr">17380</common:AnnotationText>
                        </common:Annotation>
                    </common:Annotations>
                    <common:Name xml:lang="en">Kurzeme</common:Name>
                    <common:Name xml:lang="fr">Kurzeme</common:Name>
                    <structure:Parent>
                        <Ref id="LV00"/>
                    </structure:Parent>
                </structure:Code>
                <structure:Code id="LV005">
                    <common:Annotations>
                        <common:Annotation>
                            <common:AnnotationType>ORDER</common:AnnotationType>
                            <common:AnnotationText xml:lang="en">17390</common:AnnotationText>
                            <common:AnnotationText xml:lang="fr">17390</common:AnnotationText>
                        </common:Annotation>
                    </common:Annotations>
                    <common:Name xml:lang="en">Latgale</common:Name>
                    <common:Name xml:lang="fr">Latgale</common:Name>
                    <structure:Parent>
                        <Ref id="LV00"/>
                    </structure:Parent>
                </structure:Code>
                <structure:Code id="LV006">
                    <common:Annotations>
                        <common:Annotation>
                            <common:AnnotationType>ORDER</common:AnnotationType>
                            <common:AnnotationText xml:lang="en">17400</common:AnnotationText>
                            <common:AnnotationText xml:lang="fr">17400</common:AnnotationText>
                        </common:Annotation>
                    </common:Annotations>
                    <common:Name xml:lang="en">Riga</common:Name>
                    <common:Name xml:lang="fr">Riga</common:Name>
                    <structure:Parent>
                        <Ref id="LV00"/>
                    </structure:Parent>
                </structure:Code>
                <structure:Code id="LV007">
                    <common:Annotations>
                        <common:Annotation>
                            <common:AnnotationType>ORDER</common:AnnotationType>
                            <common:AnnotationText xml:lang="en">17410</common:AnnotationText>
                            <common:AnnotationText xml:lang="fr">17410</common:AnnotationText>
                        </common:Annotation>
                    </common:Annotations>
                    <common:Name xml:lang="en">Pieriga</common:Name>
                    <common:Name xml:lang="fr">Pieriga</common:Name>
                    <structure:Parent>
                        <Ref id="LV00"/>
                    </structure:Parent>
                </structure:Code>
                <structure:Code id="LV008">
                    <common:Annotations>
                        <common:Annotation>
                            <common:AnnotationType>ORDER</common:AnnotationType>
                            <common:AnnotationText xml:lang="en">17420</common:AnnotationText>
                            <common:AnnotationText xml:lang="fr">17420</common:AnnotationText>
                        </common:Annotation>
                    </common:Annotations>
                    <common:Name xml:lang="en">Vidzeme</common:Name>
                    <common:Name xml:lang="fr">Vidzeme</common:Name>
                    <structure:Parent>
                        <Ref id="LV00"/>
                    </structure:Parent>
                </structure:Code>
                <structure:Code id="LV009">
                    <common:Annotations>
                        <common:Annotation>
                            <common:AnnotationType>ORDER</common:AnnotationType>
                            <common:AnnotationText xml:lang="en">17430</common:AnnotationText>
                            <common:AnnotationText xml:lang="fr">17430</common:AnnotationText>
                        </common:Annotation>
                    </common:Annotations>
                    <common:Name xml:lang="en">Zemgale</common:Name>
                    <common:Name xml:lang="fr">Zemgale</common:Name>
                    <structure:Parent>
                        <Ref id="LV00"/>
                    </structure:Parent>
                </structure:Code>
                <structure:Code id="LTU">
                    <common:Annotations>
                        <common:Annotation>
                            <common:AnnotationType>ORDER</common:AnnotationType>
                            <common:AnnotationText xml:lang="en">17440</common:AnnotationText>
                            <common:AnnotationText xml:lang="fr">17440</common:AnnotationText>
                        </common:Annotation>
                    </common:Annotations>
                    <common:Name xml:lang="en">Lithuania</common:Name>
                    <common:Name xml:lang="fr">Lituanie</common:Name>
                </structure:Code>
                <structure:Code id="LT01">
                    <common:Annotations>
                        <common:Annotation>
                            <common:AnnotationType>ORDER</common:AnnotationType>
                            <common:AnnotationText xml:lang="en">17450</common:AnnotationText>
                            <common:AnnotationText xml:lang="fr">17450</common:AnnotationText>
                        </common:Annotation>
                    </common:Annotations>
                    <common:Name xml:lang="en">Vilnius Region</common:Name>
                    <common:Name xml:lang="fr">Vilnius Region</common:Name>
                    <structure:Parent>
                        <Ref id="LTU"/>
                    </structure:Parent>
                </structure:Code>
                <structure:Code id="LT011">
                    <common:Annotations>
                        <common:Annotation>
                            <common:AnnotationType>ORDER</common:AnnotationType>
                            <common:AnnotationText xml:lang="en">17460</common:AnnotationText>
                            <common:AnnotationText xml:lang="fr">17460</common:AnnotationText>
                        </common:Annotation>
                    </common:Annotations>
                    <common:Name xml:lang="en">Vilnius county</common:Name>
                    <common:Name xml:lang="fr">Vilnius county</common:Name>
                    <structure:Parent>
                        <Ref id="LT01"/>
                    </structure:Parent>
                </structure:Code>
                <structure:Code id="LT02">
                    <common:Annotations>
                        <common:Annotation>
                            <common:AnnotationType>ORDER</common:AnnotationType>
                            <common:AnnotationText xml:lang="en">17470</common:AnnotationText>
                            <common:AnnotationText xml:lang="fr">17470</common:AnnotationText>
                        </common:Annotation>
                    </common:Annotations>
                    <common:Name xml:lang="en">Central and Western Lithuania</common:Name>
                    <common:Name xml:lang="fr">Central and Western Lithuania</common:Name>
                    <structure:Parent>
                        <Ref id="LTU"/>
                    </structure:Parent>
                </structure:Code>
                <structure:Code id="LT021">
                    <common:Annotations>
                        <common:Annotation>
                            <common:AnnotationType>ORDER</common:AnnotationType>
                            <common:AnnotationText xml:lang="en">17480</common:AnnotationText>
                            <common:AnnotationText xml:lang="fr">17480</common:AnnotationText>
                        </common:Annotation>
                    </common:Annotations>
                    <common:Name xml:lang="en">Alytus county</common:Name>
                    <common:Name xml:lang="fr">Alytus county</common:Name>
                    <structure:Parent>
                        <Ref id="LT02"/>
                    </structure:Parent>
                </structure:Code>
                <structure:Code id="LT022">
                    <common:Annotations>
                        <common:Annotation>
                            <common:AnnotationType>ORDER</common:AnnotationType>
                            <common:AnnotationText xml:lang="en">17490</common:AnnotationText>
                            <common:AnnotationText xml:lang="fr">17490</common:AnnotationText>
                        </common:Annotation>
                    </common:Annotations>
                    <common:Name xml:lang="en">Kaunas county</common:Name>
                    <common:Name xml:lang="fr">Kaunas county</common:Name>
                    <structure:Parent>
                        <Ref id="LT02"/>
                    </structure:Parent>
                </structure:Code>
                <structure:Code id="LT023">
                    <common:Annotations>
                        <common:Annotation>
                            <common:AnnotationType>ORDER</common:AnnotationType>
                            <common:AnnotationText xml:lang="en">17500</common:AnnotationText>
                            <common:AnnotationText xml:lang="fr">17500</common:AnnotationText>
                        </common:Annotation>
                    </common:Annotations>
                    <common:Name xml:lang="en">Klaipeda county</common:Name>
                    <common:Name xml:lang="fr">Klaipeda county</common:Name>
                    <structure:Parent>
                        <Ref id="LT02"/>
                    </structure:Parent>
                </structure:Code>
                <structure:Code id="LT024">
                    <common:Annotations>
                        <common:Annotation>
                            <common:AnnotationType>ORDER</common:AnnotationType>
                            <common:AnnotationText xml:lang="en">17510</common:AnnotationText>
                            <common:AnnotationText xml:lang="fr">17510</common:AnnotationText>
                        </common:Annotation>
                    </common:Annotations>
                    <common:Name xml:lang="en">Marijampole county</common:Name>
                    <common:Name xml:lang="fr">Marijampole county</common:Name>
                    <structure:Parent>
                        <Ref id="LT02"/>
                    </structure:Parent>
                </structure:Code>
                <structure:Code id="LT025">
                    <common:Annotations>
                        <common:Annotation>
                            <common:AnnotationType>ORDER</common:AnnotationType>
                            <common:AnnotationText xml:lang="en">17520</common:AnnotationText>
                            <common:AnnotationText xml:lang="fr">17520</common:AnnotationText>
                        </common:Annotation>
                    </common:Annotations>
                    <common:Name xml:lang="en">Panevežys county</common:Name>
                    <common:Name xml:lang="fr">Panevežys county</common:Name>
                    <structure:Parent>
                        <Ref id="LT02"/>
                    </structure:Parent>
                </structure:Code>
                <structure:Code id="LT026">
                    <common:Annotations>
                        <common:Annotation>
                            <common:AnnotationType>ORDER</common:AnnotationType>
                            <common:AnnotationText xml:lang="en">17530</common:AnnotationText>
                            <common:AnnotationText xml:lang="fr">17530</common:AnnotationText>
                        </common:Annotation>
                    </common:Annotations>
                    <common:Name xml:lang="en">Šiauliai county</common:Name>
                    <common:Name xml:lang="fr">Šiauliai county</common:Name>
                    <structure:Parent>
                        <Ref id="LT02"/>
                    </structure:Parent>
                </structure:Code>
                <structure:Code id="LT027">
                    <common:Annotations>
                        <common:Annotation>
                            <common:AnnotationType>ORDER</common:AnnotationType>
                            <common:AnnotationText xml:lang="en">17540</common:AnnotationText>
                            <common:AnnotationText xml:lang="fr">17540</common:AnnotationText>
                        </common:Annotation>
                    </common:Annotations>
                    <common:Name xml:lang="en">Taurage county</common:Name>
                    <common:Name xml:lang="fr">Taurage county</common:Name>
                    <structure:Parent>
                        <Ref id="LT02"/>
                    </structure:Parent>
                </structure:Code>
                <structure:Code id="LT028">
                    <common:Annotations>
                        <common:Annotation>
                            <common:AnnotationType>ORDER</common:AnnotationType>
                            <common:AnnotationText xml:lang="en">17550</common:AnnotationText>
                            <common:AnnotationText xml:lang="fr">17550</common:AnnotationText>
                        </common:Annotation>
                    </common:Annotations>
                    <common:Name xml:lang="en">Telšiai county</common:Name>
                    <common:Name xml:lang="fr">Telšiai county</common:Name>
                    <structure:Parent>
                        <Ref id="LT02"/>
                    </structure:Parent>
                </structure:Code>
                <structure:Code id="LT029">
                    <common:Annotations>
                        <common:Annotation>
                            <common:AnnotationType>ORDER</common:AnnotationType>
                            <common:AnnotationText xml:lang="en">17560</common:AnnotationText>
                            <common:AnnotationText xml:lang="fr">17560</common:AnnotationText>
                        </common:Annotation>
                    </common:Annotations>
                    <common:Name xml:lang="en">Utena county</common:Name>
                    <common:Name xml:lang="fr">Utena county</common:Name>
                    <structure:Parent>
                        <Ref id="LT02"/>
                    </structure:Parent>
                </structure:Code>
                <structure:Code id="LT00">
                    <common:Annotations>
                        <common:Annotation>
                            <common:AnnotationType>ORDER</common:AnnotationType>
                            <common:AnnotationText xml:lang="en">17570</common:AnnotationText>
                            <common:AnnotationText xml:lang="fr">17570</common:AnnotationText>
                        </common:Annotation>
                    </common:Annotations>
                    <common:Name xml:lang="en">Lithuania</common:Name>
                    <common:Name xml:lang="fr">Lithuania</common:Name>
                    <structure:Parent>
                        <Ref id="LTU"/>
                    </structure:Parent>
                </structure:Code>
                <structure:Code id="LUX">
                    <common:Annotations>
                        <common:Annotation>
                            <common:AnnotationType>ORDER</common:AnnotationType>
                            <common:AnnotationText xml:lang="en">17580</common:AnnotationText>
                            <common:AnnotationText xml:lang="fr">17580</common:AnnotationText>
                        </common:Annotation>
                    </common:Annotations>
                    <common:Name xml:lang="en">Luxembourg</common:Name>
                    <common:Name xml:lang="fr">Luxembourg</common:Name>
                </structure:Code>
                <structure:Code id="LU00">
                    <common:Annotations>
                        <common:Annotation>
                            <common:AnnotationType>ORDER</common:AnnotationType>
                            <common:AnnotationText xml:lang="en">17590</common:AnnotationText>
                            <common:AnnotationText xml:lang="fr">17590</common:AnnotationText>
                        </common:Annotation>
                    </common:Annotations>
                    <common:Name xml:lang="en">Luxembourg</common:Name>
                    <common:Name xml:lang="fr">Luxembourg</common:Name>
                    <structure:Parent>
                        <Ref id="LUX"/>
                    </structure:Parent>
                </structure:Code>
                <structure:Code id="LU000">
                    <common:Annotations>
                        <common:Annotation>
                            <common:AnnotationType>ORDER</common:AnnotationType>
                            <common:AnnotationText xml:lang="en">17600</common:AnnotationText>
                            <common:AnnotationText xml:lang="fr">17600</common:AnnotationText>
                        </common:Annotation>
                    </common:Annotations>
                    <common:Name xml:lang="en">Luxembourg</common:Name>
                    <common:Name xml:lang="fr">Luxembourg</common:Name>
                    <structure:Parent>
                        <Ref id="LU00"/>
                    </structure:Parent>
                </structure:Code>
                <structure:Code id="MEX">
                    <common:Annotations>
                        <common:Annotation>
                            <common:AnnotationType>ORDER</common:AnnotationType>
                            <common:AnnotationText xml:lang="en">17610</common:AnnotationText>
                            <common:AnnotationText xml:lang="fr">17610</common:AnnotationText>
                        </common:Annotation>
                    </common:Annotations>
                    <common:Name xml:lang="en">Mexico</common:Name>
                    <common:Name xml:lang="fr">Mexique</common:Name>
                </structure:Code>
                <structure:Code id="ME01">
                    <common:Annotations>
                        <common:Annotation>
                            <common:AnnotationType>ORDER</common:AnnotationType>
                            <common:AnnotationText xml:lang="en">17620</common:AnnotationText>
                            <common:AnnotationText xml:lang="fr">17620</common:AnnotationText>
                        </common:Annotation>
                    </common:Annotations>
                    <common:Name xml:lang="en">Aguascalientes</common:Name>
                    <common:Name xml:lang="fr">Aguascalientes</common:Name>
                    <structure:Parent>
                        <Ref id="MEX"/>
                    </structure:Parent>
                </structure:Code>
                <structure:Code id="ME01R1">
                    <common:Annotations>
                        <common:Annotation>
                            <common:AnnotationType>ORDER</common:AnnotationType>
                            <common:AnnotationText xml:lang="en">17630</common:AnnotationText>
                            <common:AnnotationText xml:lang="fr">17630</common:AnnotationText>
                        </common:Annotation>
                    </common:Annotations>
                    <common:Name xml:lang="en">Aguacalientes, R1</common:Name>
                    <common:Name xml:lang="fr">Aguacalientes, R1</common:Name>
                    <structure:Parent>
                        <Ref id="ME01"/>
                    </structure:Parent>
                </structure:Code>
                <structure:Code id="ME01R2">
                    <common:Annotations>
                        <common:Annotation>
                            <common:AnnotationType>ORDER</common:AnnotationType>
                            <common:AnnotationText xml:lang="en">17640</common:AnnotationText>
                            <common:AnnotationText xml:lang="fr">17640</common:AnnotationText>
                        </common:Annotation>
                    </common:Annotations>
                    <common:Name xml:lang="en">Aguacalientes, R2</common:Name>
                    <common:Name xml:lang="fr">Aguacalientes, R2</common:Name>
                    <structure:Parent>
                        <Ref id="ME01"/>
                    </structure:Parent>
                </structure:Code>
                <structure:Code id="ME02">
                    <common:Annotations>
                        <common:Annotation>
                            <common:AnnotationType>ORDER</common:AnnotationType>
                            <common:AnnotationText xml:lang="en">17650</common:AnnotationText>
                            <common:AnnotationText xml:lang="fr">17650</common:AnnotationText>
                        </common:Annotation>
                    </common:Annotations>
                    <common:Name xml:lang="en">Baja California Norte</common:Name>
                    <common:Name xml:lang="fr">Baja California Norte</common:Name>
                    <structure:Parent>
                        <Ref id="MEX"/>
                    </structure:Parent>
                </structure:Code>
                <structure:Code id="ME02R1">
                    <common:Annotations>
                        <common:Annotation>
                            <common:AnnotationType>ORDER</common:AnnotationType>
                            <common:AnnotationText xml:lang="en">17660</common:AnnotationText>
                            <common:AnnotationText xml:lang="fr">17660</common:AnnotationText>
                        </common:Annotation>
                    </common:Annotations>
                    <common:Name xml:lang="en">Baja California Norte, R1</common:Name>
                    <common:Name xml:lang="fr">Baja California Norte, R1</common:Name>
                    <structure:Parent>
                        <Ref id="ME02"/>
                    </structure:Parent>
                </structure:Code>
                <structure:Code id="ME02R2">
                    <common:Annotations>
                        <common:Annotation>
                            <common:AnnotationType>ORDER</common:AnnotationType>
                            <common:AnnotationText xml:lang="en">17670</common:AnnotationText>
                            <common:AnnotationText xml:lang="fr">17670</common:AnnotationText>
                        </common:Annotation>
                    </common:Annotations>
                    <common:Name xml:lang="en">Baja California Norte, R2</common:Name>
                    <common:Name xml:lang="fr">Baja California Norte, R2</common:Name>
                    <structure:Parent>
                        <Ref id="ME02"/>
                    </structure:Parent>
                </structure:Code>
                <structure:Code id="ME02R3">
                    <common:Annotations>
                        <common:Annotation>
                            <common:AnnotationType>ORDER</common:AnnotationType>
                            <common:AnnotationText xml:lang="en">17680</common:AnnotationText>
                            <common:AnnotationText xml:lang="fr">17680</common:AnnotationText>
                        </common:Annotation>
                    </common:Annotations>
                    <common:Name xml:lang="en">Baja California Norte, R3</common:Name>
                    <common:Name xml:lang="fr">Baja California Norte, R3</common:Name>
                    <structure:Parent>
                        <Ref id="ME02"/>
                    </structure:Parent>
                </structure:Code>
                <structure:Code id="ME02R4">
                    <common:Annotations>
                        <common:Annotation>
                            <common:AnnotationType>ORDER</common:AnnotationType>
                            <common:AnnotationText xml:lang="en">17690</common:AnnotationText>
                            <common:AnnotationText xml:lang="fr">17690</common:AnnotationText>
                        </common:Annotation>
                    </common:Annotations>
                    <common:Name xml:lang="en">Baja California Norte, R4</common:Name>
                    <common:Name xml:lang="fr">Baja California Norte, R4</common:Name>
                    <structure:Parent>
                        <Ref id="ME02"/>
                    </structure:Parent>
                </structure:Code>
                <structure:Code id="ME03">
                    <common:Annotations>
                        <common:Annotation>
                            <common:AnnotationType>ORDER</common:AnnotationType>
                            <common:AnnotationText xml:lang="en">17700</common:AnnotationText>
                            <common:AnnotationText xml:lang="fr">17700</common:AnnotationText>
                        </common:Annotation>
                    </common:Annotations>
                    <common:Name xml:lang="en">Baja California Sur</common:Name>
                    <common:Name xml:lang="fr">Baja California Sur</common:Name>
                    <structure:Parent>
                        <Ref id="MEX"/>
                    </structure:Parent>
                </structure:Code>
                <structure:Code id="ME03R1">
                    <common:Annotations>
                        <common:Annotation>
                            <common:AnnotationType>ORDER</common:AnnotationType>
                            <common:AnnotationText xml:lang="en">17710</common:AnnotationText>
                            <common:AnnotationText xml:lang="fr">17710</common:AnnotationText>
                        </common:Annotation>
                    </common:Annotations>
                    <common:Name xml:lang="en">Baja California Sur, R1</common:Name>
                    <common:Name xml:lang="fr">Baja California Sur, R1</common:Name>
                    <structure:Parent>
                        <Ref id="ME03"/>
                    </structure:Parent>
                </structure:Code>
                <structure:Code id="ME03R2">
                    <common:Annotations>
                        <common:Annotation>
                            <common:AnnotationType>ORDER</common:AnnotationType>
                            <common:AnnotationText xml:lang="en">17720</common:AnnotationText>
                            <common:AnnotationText xml:lang="fr">17720</common:AnnotationText>
                        </common:Annotation>
                    </common:Annotations>
                    <common:Name xml:lang="en">Baja California Sur, R2</common:Name>
                    <common:Name xml:lang="fr">Baja California Sur, R2</common:Name>
                    <structure:Parent>
                        <Ref id="ME03"/>
                    </structure:Parent>
                </structure:Code>
                <structure:Code id="ME03R3">
                    <common:Annotations>
                        <common:Annotation>
                            <common:AnnotationType>ORDER</common:AnnotationType>
                            <common:AnnotationText xml:lang="en">17730</common:AnnotationText>
                            <common:AnnotationText xml:lang="fr">17730</common:AnnotationText>
                        </common:Annotation>
                    </common:Annotations>
                    <common:Name xml:lang="en">Baja California Sur, R3</common:Name>
                    <common:Name xml:lang="fr">Baja California Sur, R3</common:Name>
                    <structure:Parent>
                        <Ref id="ME03"/>
                    </structure:Parent>
                </structure:Code>
                <structure:Code id="ME03R4">
                    <common:Annotations>
                        <common:Annotation>
                            <common:AnnotationType>ORDER</common:AnnotationType>
                            <common:AnnotationText xml:lang="en">17740</common:AnnotationText>
                            <common:AnnotationText xml:lang="fr">17740</common:AnnotationText>
                        </common:Annotation>
                    </common:Annotations>
                    <common:Name xml:lang="en">Baja California Sur, R4</common:Name>
                    <common:Name xml:lang="fr">Baja California Sur, R4</common:Name>
                    <structure:Parent>
                        <Ref id="ME03"/>
                    </structure:Parent>
                </structure:Code>
                <structure:Code id="ME04">
                    <common:Annotations>
                        <common:Annotation>
                            <common:AnnotationType>ORDER</common:AnnotationType>
                            <common:AnnotationText xml:lang="en">17750</common:AnnotationText>
                            <common:AnnotationText xml:lang="fr">17750</common:AnnotationText>
                        </common:Annotation>
                    </common:Annotations>
                    <common:Name xml:lang="en">Campeche</common:Name>
                    <common:Name xml:lang="fr">Campeche</common:Name>
                    <structure:Parent>
                        <Ref id="MEX"/>
                    </structure:Parent>
                </structure:Code>
                <structure:Code id="ME04R1">
                    <common:Annotations>
                        <common:Annotation>
                            <common:AnnotationType>ORDER</common:AnnotationType>
                            <common:AnnotationText xml:lang="en">17760</common:AnnotationText>
                            <common:AnnotationText xml:lang="fr">17760</common:AnnotationText>
                        </common:Annotation>
                    </common:Annotations>
                    <common:Name xml:lang="en">Campeche, R1</common:Name>
                    <common:Name xml:lang="fr">Campeche, R1</common:Name>
                    <structure:Parent>
                        <Ref id="ME04"/>
                    </structure:Parent>
                </structure:Code>
                <structure:Code id="ME04R2">
                    <common:Annotations>
                        <common:Annotation>
                            <common:AnnotationType>ORDER</common:AnnotationType>
                            <common:AnnotationText xml:lang="en">17770</common:AnnotationText>
                            <common:AnnotationText xml:lang="fr">17770</common:AnnotationText>
                        </common:Annotation>
                    </common:Annotations>
                    <common:Name xml:lang="en">Campeche, R2</common:Name>
                    <common:Name xml:lang="fr">Campeche, R2</common:Name>
                    <structure:Parent>
                        <Ref id="ME04"/>
                    </structure:Parent>
                </structure:Code>
                <structure:Code id="ME04R3">
                    <common:Annotations>
                        <common:Annotation>
                            <common:AnnotationType>ORDER</common:AnnotationType>
                            <common:AnnotationText xml:lang="en">17780</common:AnnotationText>
                            <common:AnnotationText xml:lang="fr">17780</common:AnnotationText>
                        </common:Annotation>
                    </common:Annotations>
                    <common:Name xml:lang="en">Campeche, R3</common:Name>
                    <common:Name xml:lang="fr">Campeche, R3</common:Name>
                    <structure:Parent>
                        <Ref id="ME04"/>
                    </structure:Parent>
                </structure:Code>
                <structure:Code id="ME04R4">
                    <common:Annotations>
                        <common:Annotation>
                            <common:AnnotationType>ORDER</common:AnnotationType>
                            <common:AnnotationText xml:lang="en">17790</common:AnnotationText>
                            <common:AnnotationText xml:lang="fr">17790</common:AnnotationText>
                        </common:Annotation>
                    </common:Annotations>
                    <common:Name xml:lang="en">Campeche, R4</common:Name>
                    <common:Name xml:lang="fr">Campeche, R4</common:Name>
                    <structure:Parent>
                        <Ref id="ME04"/>
                    </structure:Parent>
                </structure:Code>
                <structure:Code id="ME05">
                    <common:Annotations>
                        <common:Annotation>
                            <common:AnnotationType>ORDER</common:AnnotationType>
                            <common:AnnotationText xml:lang="en">17800</common:AnnotationText>
                            <common:AnnotationText xml:lang="fr">17800</common:AnnotationText>
                        </common:Annotation>
                    </common:Annotations>
                    <common:Name xml:lang="en">Coahuila</common:Name>
                    <common:Name xml:lang="fr">Coahuila</common:Name>
                    <structure:Parent>
                        <Ref id="MEX"/>
                    </structure:Parent>
                </structure:Code>
                <structure:Code id="ME05R1">
                    <common:Annotations>
                        <common:Annotation>
                            <common:AnnotationType>ORDER</common:AnnotationType>
                            <common:AnnotationText xml:lang="en">17810</common:AnnotationText>
                            <common:AnnotationText xml:lang="fr">17810</common:AnnotationText>
                        </common:Annotation>
                    </common:Annotations>
                    <common:Name xml:lang="en">Coahuila, R1</common:Name>
                    <common:Name xml:lang="fr">Coahuila, R1</common:Name>
                    <structure:Parent>
                        <Ref id="ME05"/>
                    </structure:Parent>
                </structure:Code>
                <structure:Code id="ME05R2">
                    <common:Annotations>
                        <common:Annotation>
                            <common:AnnotationType>ORDER</common:AnnotationType>
                            <common:AnnotationText xml:lang="en">17820</common:AnnotationText>
                            <common:AnnotationText xml:lang="fr">17820</common:AnnotationText>
                        </common:Annotation>
                    </common:Annotations>
                    <common:Name xml:lang="en">Coahuila, R2</common:Name>
                    <common:Name xml:lang="fr">Coahuila, R2</common:Name>
                    <structure:Parent>
                        <Ref id="ME05"/>
                    </structure:Parent>
                </structure:Code>
                <structure:Code id="ME05R3">
                    <common:Annotations>
                        <common:Annotation>
                            <common:AnnotationType>ORDER</common:AnnotationType>
                            <common:AnnotationText xml:lang="en">17830</common:AnnotationText>
                            <common:AnnotationText xml:lang="fr">17830</common:AnnotationText>
                        </common:Annotation>
                    </common:Annotations>
                    <common:Name xml:lang="en">Coahuila, R3</common:Name>
                    <common:Name xml:lang="fr">Coahuila, R3</common:Name>
                    <structure:Parent>
                        <Ref id="ME05"/>
                    </structure:Parent>
                </structure:Code>
                <structure:Code id="ME05R4">
                    <common:Annotations>
                        <common:Annotation>
                            <common:AnnotationType>ORDER</common:AnnotationType>
                            <common:AnnotationText xml:lang="en">17840</common:AnnotationText>
                            <common:AnnotationText xml:lang="fr">17840</common:AnnotationText>
                        </common:Annotation>
                    </common:Annotations>
                    <common:Name xml:lang="en">Coahuila, R4</common:Name>
                    <common:Name xml:lang="fr">Coahuila, R4</common:Name>
                    <structure:Parent>
                        <Ref id="ME05"/>
                    </structure:Parent>
                </structure:Code>
                <structure:Code id="ME05R5">
                    <common:Annotations>
                        <common:Annotation>
                            <common:AnnotationType>ORDER</common:AnnotationType>
                            <common:AnnotationText xml:lang="en">17850</common:AnnotationText>
                            <common:AnnotationText xml:lang="fr">17850</common:AnnotationText>
                        </common:Annotation>
                    </common:Annotations>
                    <common:Name xml:lang="en">Coahuila, R5</common:Name>
                    <common:Name xml:lang="fr">Coahuila, R5</common:Name>
                    <structure:Parent>
                        <Ref id="ME05"/>
                    </structure:Parent>
                </structure:Code>
                <structure:Code id="ME05R6">
                    <common:Annotations>
                        <common:Annotation>
                            <common:AnnotationType>ORDER</common:AnnotationType>
                            <common:AnnotationText xml:lang="en">17860</common:AnnotationText>
                            <common:AnnotationText xml:lang="fr">17860</common:AnnotationText>
                        </common:Annotation>
                    </common:Annotations>
                    <common:Name xml:lang="en">Coahuila, R6</common:Name>
                    <common:Name xml:lang="fr">Coahuila, R6</common:Name>
                    <structure:Parent>
                        <Ref id="ME05"/>
                    </structure:Parent>
                </structure:Code>
                <structure:Code id="ME06">
                    <common:Annotations>
                        <common:Annotation>
                            <common:AnnotationType>ORDER</common:AnnotationType>
                            <common:AnnotationText xml:lang="en">17870</common:AnnotationText>
                            <common:AnnotationText xml:lang="fr">17870</common:AnnotationText>
                        </common:Annotation>
                    </common:Annotations>
                    <common:Name xml:lang="en">Colima</common:Name>
                    <common:Name xml:lang="fr">Colima</common:Name>
                    <structure:Parent>
                        <Ref id="MEX"/>
                    </structure:Parent>
                </structure:Code>
                <structure:Code id="ME06R1">
                    <common:Annotations>
                        <common:Annotation>
                            <common:AnnotationType>ORDER</common:AnnotationType>
                            <common:AnnotationText xml:lang="en">17880</common:AnnotationText>
                            <common:AnnotationText xml:lang="fr">17880</common:AnnotationText>
                        </common:Annotation>
                    </common:Annotations>
                    <common:Name xml:lang="en">Colima, R1</common:Name>
                    <common:Name xml:lang="fr">Colima, R1</common:Name>
                    <structure:Parent>
                        <Ref id="ME06"/>
                    </structure:Parent>
                </structure:Code>
                <structure:Code id="ME06R2">
                    <common:Annotations>
                        <common:Annotation>
                            <common:AnnotationType>ORDER</common:AnnotationType>
                            <common:AnnotationText xml:lang="en">17890</common:AnnotationText>
                            <common:AnnotationText xml:lang="fr">17890</common:AnnotationText>
                        </common:Annotation>
                    </common:Annotations>
                    <common:Name xml:lang="en">Colima, R2</common:Name>
                    <common:Name xml:lang="fr">Colima, R2</common:Name>
                    <structure:Parent>
                        <Ref id="ME06"/>
                    </structure:Parent>
                </structure:Code>
                <structure:Code id="ME06R3">
                    <common:Annotations>
                        <common:Annotation>
                            <common:AnnotationType>ORDER</common:AnnotationType>
                            <common:AnnotationText xml:lang="en">17900</common:AnnotationText>
                            <common:AnnotationText xml:lang="fr">17900</common:AnnotationText>
                        </common:Annotation>
                    </common:Annotations>
                    <common:Name xml:lang="en">Colima, R3</common:Name>
                    <common:Name xml:lang="fr">Colima, R3</common:Name>
                    <structure:Parent>
                        <Ref id="ME06"/>
                    </structure:Parent>
                </structure:Code>
                <structure:Code id="ME07">
                    <common:Annotations>
                        <common:Annotation>
                            <common:AnnotationType>ORDER</common:AnnotationType>
                            <common:AnnotationText xml:lang="en">17910</common:AnnotationText>
                            <common:AnnotationText xml:lang="fr">17910</common:AnnotationText>
                        </common:Annotation>
                    </common:Annotations>
                    <common:Name xml:lang="en">Chiapas</common:Name>
                    <common:Name xml:lang="fr">Chiapas</common:Name>
                    <structure:Parent>
                        <Ref id="MEX"/>
                    </structure:Parent>
                </structure:Code>
                <structure:Code id="ME07R1">
                    <common:Annotations>
                        <common:Annotation>
                            <common:AnnotationType>ORDER</common:AnnotationType>
                            <common:AnnotationText xml:lang="en">17920</common:AnnotationText>
                            <common:AnnotationText xml:lang="fr">17920</common:AnnotationText>
                        </common:Annotation>
                    </common:Annotations>
                    <common:Name xml:lang="en">Chiapas, R1</common:Name>
                    <common:Name xml:lang="fr">Chiapas, R1</common:Name>
                    <structure:Parent>
                        <Ref id="ME07"/>
                    </structure:Parent>
                </structure:Code>
                <structure:Code id="ME07R2">
                    <common:Annotations>
                        <common:Annotation>
                            <common:AnnotationType>ORDER</common:AnnotationType>
                            <common:AnnotationText xml:lang="en">17930</common:AnnotationText>
                            <common:AnnotationText xml:lang="fr">17930</common:AnnotationText>
                        </common:Annotation>
                    </common:Annotations>
                    <common:Name xml:lang="en">Chiapas, R2</common:Name>
                    <common:Name xml:lang="fr">Chiapas, R2</common:Name>
                    <structure:Parent>
                        <Ref id="ME07"/>
                    </structure:Parent>
                </structure:Code>
                <structure:Code id="ME07R3">
                    <common:Annotations>
                        <common:Annotation>
                            <common:AnnotationType>ORDER</common:AnnotationType>
                            <common:AnnotationText xml:lang="en">17940</common:AnnotationText>
                            <common:AnnotationText xml:lang="fr">17940</common:AnnotationText>
                        </common:Annotation>
                    </common:Annotations>
                    <common:Name xml:lang="en">Chiapas, R3</common:Name>
                    <common:Name xml:lang="fr">Chiapas, R3</common:Name>
                    <structure:Parent>
                        <Ref id="ME07"/>
                    </structure:Parent>
                </structure:Code>
                <structure:Code id="ME07R4">
                    <common:Annotations>
                        <common:Annotation>
                            <common:AnnotationType>ORDER</common:AnnotationType>
                            <common:AnnotationText xml:lang="en">17950</common:AnnotationText>
                            <common:AnnotationText xml:lang="fr">17950</common:AnnotationText>
                        </common:Annotation>
                    </common:Annotations>
                    <common:Name xml:lang="en">Chiapas, R4</common:Name>
                    <common:Name xml:lang="fr">Chiapas, R4</common:Name>
                    <structure:Parent>
                        <Ref id="ME07"/>
                    </structure:Parent>
                </structure:Code>
                <structure:Code id="ME07R5">
                    <common:Annotations>
                        <common:Annotation>
                            <common:AnnotationType>ORDER</common:AnnotationType>
                            <common:AnnotationText xml:lang="en">17960</common:AnnotationText>
                            <common:AnnotationText xml:lang="fr">17960</common:AnnotationText>
                        </common:Annotation>
                    </common:Annotations>
                    <common:Name xml:lang="en">Chiapas, R5</common:Name>
                    <common:Name xml:lang="fr">Chiapas, R5</common:Name>
                    <structure:Parent>
                        <Ref id="ME07"/>
                    </structure:Parent>
                </structure:Code>
                <structure:Code id="ME07R6">
                    <common:Annotations>
                        <common:Annotation>
                            <common:AnnotationType>ORDER</common:AnnotationType>
                            <common:AnnotationText xml:lang="en">17970</common:AnnotationText>
                            <common:AnnotationText xml:lang="fr">17970</common:AnnotationText>
                        </common:Annotation>
                    </common:Annotations>
                    <common:Name xml:lang="en">Chiapas, R6</common:Name>
                    <common:Name xml:lang="fr">Chiapas, R6</common:Name>
                    <structure:Parent>
                        <Ref id="ME07"/>
                    </structure:Parent>
                </structure:Code>
                <structure:Code id="ME07R7">
                    <common:Annotations>
                        <common:Annotation>
                            <common:AnnotationType>ORDER</common:AnnotationType>
                            <common:AnnotationText xml:lang="en">17980</common:AnnotationText>
                            <common:AnnotationText xml:lang="fr">17980</common:AnnotationText>
                        </common:Annotation>
                    </common:Annotations>
                    <common:Name xml:lang="en">Chiapas, R7</common:Name>
                    <common:Name xml:lang="fr">Chiapas, R7</common:Name>
                    <structure:Parent>
                        <Ref id="ME07"/>
                    </structure:Parent>
                </structure:Code>
                <structure:Code id="ME07R8">
                    <common:Annotations>
                        <common:Annotation>
                            <common:AnnotationType>ORDER</common:AnnotationType>
                            <common:AnnotationText xml:lang="en">17990</common:AnnotationText>
                            <common:AnnotationText xml:lang="fr">17990</common:AnnotationText>
                        </common:Annotation>
                    </common:Annotations>
                    <common:Name xml:lang="en">Chiapas, R8</common:Name>
                    <common:Name xml:lang="fr">Chiapas, R8</common:Name>
                    <structure:Parent>
                        <Ref id="ME07"/>
                    </structure:Parent>
                </structure:Code>
                <structure:Code id="ME07R9">
                    <common:Annotations>
                        <common:Annotation>
                            <common:AnnotationType>ORDER</common:AnnotationType>
                            <common:AnnotationText xml:lang="en">18000</common:AnnotationText>
                            <common:AnnotationText xml:lang="fr">18000</common:AnnotationText>
                        </common:Annotation>
                    </common:Annotations>
                    <common:Name xml:lang="en">Chiapas, R9</common:Name>
                    <common:Name xml:lang="fr">Chiapas, R9</common:Name>
                    <structure:Parent>
                        <Ref id="ME07"/>
                    </structure:Parent>
                </structure:Code>
                <structure:Code id="ME08">
                    <common:Annotations>
                        <common:Annotation>
                            <common:AnnotationType>ORDER</common:AnnotationType>
                            <common:AnnotationText xml:lang="en">18010</common:AnnotationText>
                            <common:AnnotationText xml:lang="fr">18010</common:AnnotationText>
                        </common:Annotation>
                    </common:Annotations>
                    <common:Name xml:lang="en">Chihuahua</common:Name>
                    <common:Name xml:lang="fr">Chihuahua</common:Name>
                    <structure:Parent>
                        <Ref id="MEX"/>
                    </structure:Parent>
                </structure:Code>
                <structure:Code id="ME08R1">
                    <common:Annotations>
                        <common:Annotation>
                            <common:AnnotationType>ORDER</common:AnnotationType>
                            <common:AnnotationText xml:lang="en">18020</common:AnnotationText>
                            <common:AnnotationText xml:lang="fr">18020</common:AnnotationText>
                        </common:Annotation>
                    </common:Annotations>
                    <common:Name xml:lang="en">Chihuahua, R1</common:Name>
                    <common:Name xml:lang="fr">Chihuahua, R1</common:Name>
                    <structure:Parent>
                        <Ref id="ME08"/>
                    </structure:Parent>
                </structure:Code>
                <structure:Code id="ME08R10">
                    <common:Annotations>
                        <common:Annotation>
                            <common:AnnotationType>ORDER</common:AnnotationType>
                            <common:AnnotationText xml:lang="en">18030</common:AnnotationText>
                            <common:AnnotationText xml:lang="fr">18030</common:AnnotationText>
                        </common:Annotation>
                    </common:Annotations>
                    <common:Name xml:lang="en">Chihuahua, R10</common:Name>
                    <common:Name xml:lang="fr">Chihuahua, R10</common:Name>
                    <structure:Parent>
                        <Ref id="ME08"/>
                    </structure:Parent>
                </structure:Code>
                <structure:Code id="ME08R11">
                    <common:Annotations>
                        <common:Annotation>
                            <common:AnnotationType>ORDER</common:AnnotationType>
                            <common:AnnotationText xml:lang="en">18040</common:AnnotationText>
                            <common:AnnotationText xml:lang="fr">18040</common:AnnotationText>
                        </common:Annotation>
                    </common:Annotations>
                    <common:Name xml:lang="en">Chihuahua, R11</common:Name>
                    <common:Name xml:lang="fr">Chihuahua, R11</common:Name>
                    <structure:Parent>
                        <Ref id="ME08"/>
                    </structure:Parent>
                </structure:Code>
                <structure:Code id="ME08R12">
                    <common:Annotations>
                        <common:Annotation>
                            <common:AnnotationType>ORDER</common:AnnotationType>
                            <common:AnnotationText xml:lang="en">18050</common:AnnotationText>
                            <common:AnnotationText xml:lang="fr">18050</common:AnnotationText>
                        </common:Annotation>
                    </common:Annotations>
                    <common:Name xml:lang="en">Chihuahua, R12</common:Name>
                    <common:Name xml:lang="fr">Chihuahua, R12</common:Name>
                    <structure:Parent>
                        <Ref id="ME08"/>
                    </structure:Parent>
                </structure:Code>
                <structure:Code id="ME08R13">
                    <common:Annotations>
                        <common:Annotation>
                            <common:AnnotationType>ORDER</common:AnnotationType>
                            <common:AnnotationText xml:lang="en">18060</common:AnnotationText>
                            <common:AnnotationText xml:lang="fr">18060</common:AnnotationText>
                        </common:Annotation>
                    </common:Annotations>
                    <common:Name xml:lang="en">Chihuahua, R13</common:Name>
                    <common:Name xml:lang="fr">Chihuahua, R13</common:Name>
                    <structure:Parent>
                        <Ref id="ME08"/>
                    </structure:Parent>
                </structure:Code>
                <structure:Code id="ME08R2">
                    <common:Annotations>
                        <common:Annotation>
                            <common:AnnotationType>ORDER</common:AnnotationType>
                            <common:AnnotationText xml:lang="en">18070</common:AnnotationText>
                            <common:AnnotationText xml:lang="fr">18070</common:AnnotationText>
                        </common:Annotation>
                    </common:Annotations>
                    <common:Name xml:lang="en">Chihuahua, R2</common:Name>
                    <common:Name xml:lang="fr">Chihuahua, R2</common:Name>
                    <structure:Parent>
                        <Ref id="ME08"/>
                    </structure:Parent>
                </structure:Code>
                <structure:Code id="ME08R3">
                    <common:Annotations>
                        <common:Annotation>
                            <common:AnnotationType>ORDER</common:AnnotationType>
                            <common:AnnotationText xml:lang="en">18080</common:AnnotationText>
                            <common:AnnotationText xml:lang="fr">18080</common:AnnotationText>
                        </common:Annotation>
                    </common:Annotations>
                    <common:Name xml:lang="en">Chihuahua, R3</common:Name>
                    <common:Name xml:lang="fr">Chihuahua, R3</common:Name>
                    <structure:Parent>
                        <Ref id="ME08"/>
                    </structure:Parent>
                </structure:Code>
                <structure:Code id="ME08R4">
                    <common:Annotations>
                        <common:Annotation>
                            <common:AnnotationType>ORDER</common:AnnotationType>
                            <common:AnnotationText xml:lang="en">18090</common:AnnotationText>
                            <common:AnnotationText xml:lang="fr">18090</common:AnnotationText>
                        </common:Annotation>
                    </common:Annotations>
                    <common:Name xml:lang="en">Chihuahua, R4</common:Name>
                    <common:Name xml:lang="fr">Chihuahua, R4</common:Name>
                    <structure:Parent>
                        <Ref id="ME08"/>
                    </structure:Parent>
                </structure:Code>
                <structure:Code id="ME08R5">
                    <common:Annotations>
                        <common:Annotation>
                            <common:AnnotationType>ORDER</common:AnnotationType>
                            <common:AnnotationText xml:lang="en">18100</common:AnnotationText>
                            <common:AnnotationText xml:lang="fr">18100</common:AnnotationText>
                        </common:Annotation>
                    </common:Annotations>
                    <common:Name xml:lang="en">Chihuahua, R5</common:Name>
                    <common:Name xml:lang="fr">Chihuahua, R5</common:Name>
                    <structure:Parent>
                        <Ref id="ME08"/>
                    </structure:Parent>
                </structure:Code>
                <structure:Code id="ME08R6">
                    <common:Annotations>
                        <common:Annotation>
                            <common:AnnotationType>ORDER</common:AnnotationType>
                            <common:AnnotationText xml:lang="en">18110</common:AnnotationText>
                            <common:AnnotationText xml:lang="fr">18110</common:AnnotationText>
                        </common:Annotation>
                    </common:Annotations>
                    <common:Name xml:lang="en">Chihuahua, R6</common:Name>
                    <common:Name xml:lang="fr">Chihuahua, R6</common:Name>
                    <structure:Parent>
                        <Ref id="ME08"/>
                    </structure:Parent>
                </structure:Code>
                <structure:Code id="ME08R7">
                    <common:Annotations>
                        <common:Annotation>
                            <common:AnnotationType>ORDER</common:AnnotationType>
                            <common:AnnotationText xml:lang="en">18120</common:AnnotationText>
                            <common:AnnotationText xml:lang="fr">18120</common:AnnotationText>
                        </common:Annotation>
                    </common:Annotations>
                    <common:Name xml:lang="en">Chihuahua, R7</common:Name>
                    <common:Name xml:lang="fr">Chihuahua, R7</common:Name>
                    <structure:Parent>
                        <Ref id="ME08"/>
                    </structure:Parent>
                </structure:Code>
                <structure:Code id="ME08R8">
                    <common:Annotations>
                        <common:Annotation>
                            <common:AnnotationType>ORDER</common:AnnotationType>
                            <common:AnnotationText xml:lang="en">18130</common:AnnotationText>
                            <common:AnnotationText xml:lang="fr">18130</common:AnnotationText>
                        </common:Annotation>
                    </common:Annotations>
                    <common:Name xml:lang="en">Chihuahua, R8</common:Name>
                    <common:Name xml:lang="fr">Chihuahua, R8</common:Name>
                    <structure:Parent>
                        <Ref id="ME08"/>
                    </structure:Parent>
                </structure:Code>
                <structure:Code id="ME08R9">
                    <common:Annotations>
                        <common:Annotation>
                            <common:AnnotationType>ORDER</common:AnnotationType>
                            <common:AnnotationText xml:lang="en">18140</common:AnnotationText>
                            <common:AnnotationText xml:lang="fr">18140</common:AnnotationText>
                        </common:Annotation>
                    </common:Annotations>
                    <common:Name xml:lang="en">Chihuahua, R9</common:Name>
                    <common:Name xml:lang="fr">Chihuahua, R9</common:Name>
                    <structure:Parent>
                        <Ref id="ME08"/>
                    </structure:Parent>
                </structure:Code>
                <structure:Code id="ME09">
                    <common:Annotations>
                        <common:Annotation>
                            <common:AnnotationType>ORDER</common:AnnotationType>
                            <common:AnnotationText xml:lang="en">18150</common:AnnotationText>
                            <common:AnnotationText xml:lang="fr">18150</common:AnnotationText>
                        </common:Annotation>
                    </common:Annotations>
                    <common:Name xml:lang="en">Federal District (MX)</common:Name>
                    <common:Name xml:lang="fr">Federal District (MX)</common:Name>
                    <structure:Parent>
                        <Ref id="MEX"/>
                    </structure:Parent>
                </structure:Code>
                <structure:Code id="ME09R1">
                    <common:Annotations>
                        <common:Annotation>
                            <common:AnnotationType>ORDER</common:AnnotationType>
                            <common:AnnotationText xml:lang="en">18160</common:AnnotationText>
                            <common:AnnotationText xml:lang="fr">18160</common:AnnotationText>
                        </common:Annotation>
                    </common:Annotations>
                    <common:Name xml:lang="en">Distrito Federal (MX), R1</common:Name>
                    <common:Name xml:lang="fr">Distrito Federal (MX), R1</common:Name>
                    <structure:Parent>
                        <Ref id="ME09"/>
                    </structure:Parent>
                </structure:Code>
                <structure:Code id="ME09R2">
                    <common:Annotations>
                        <common:Annotation>
                            <common:AnnotationType>ORDER</common:AnnotationType>
                            <common:AnnotationText xml:lang="en">18170</common:AnnotationText>
                            <common:AnnotationText xml:lang="fr">18170</common:AnnotationText>
                        </common:Annotation>
                    </common:Annotations>
                    <common:Name xml:lang="en">Distrito Federal (MX), R2</common:Name>
                    <common:Name xml:lang="fr">Distrito Federal (MX), R2</common:Name>
                    <structure:Parent>
                        <Ref id="ME09"/>
                    </structure:Parent>
                </structure:Code>
                <structure:Code id="ME10">
                    <common:Annotations>
                        <common:Annotation>
                            <common:AnnotationType>ORDER</common:AnnotationType>
                            <common:AnnotationText xml:lang="en">18180</common:AnnotationText>
                            <common:AnnotationText xml:lang="fr">18180</common:AnnotationText>
                        </common:Annotation>
                    </common:Annotations>
                    <common:Name xml:lang="en">Durango</common:Name>
                    <common:Name xml:lang="fr">Durango</common:Name>
                    <structure:Parent>
                        <Ref id="MEX"/>
                    </structure:Parent>
                </structure:Code>
                <structure:Code id="ME10R1">
                    <common:Annotations>
                        <common:Annotation>
                            <common:AnnotationType>ORDER</common:AnnotationType>
                            <common:AnnotationText xml:lang="en">18190</common:AnnotationText>
                            <common:AnnotationText xml:lang="fr">18190</common:AnnotationText>
                        </common:Annotation>
                    </common:Annotations>
                    <common:Name xml:lang="en">Durango, R1</common:Name>
                    <common:Name xml:lang="fr">Durango, R1</common:Name>
                    <structure:Parent>
                        <Ref id="ME10"/>
                    </structure:Parent>
                </structure:Code>
                <structure:Code id="ME10R2">
                    <common:Annotations>
                        <common:Annotation>
                            <common:AnnotationType>ORDER</common:AnnotationType>
                            <common:AnnotationText xml:lang="en">18200</common:AnnotationText>
                            <common:AnnotationText xml:lang="fr">18200</common:AnnotationText>
                        </common:Annotation>
                    </common:Annotations>
                    <common:Name xml:lang="en">Durango, R2</common:Name>
                    <common:Name xml:lang="fr">Durango, R2</common:Name>
                    <structure:Parent>
                        <Ref id="ME10"/>
                    </structure:Parent>
                </structure:Code>
                <structure:Code id="ME10R3">
                    <common:Annotations>
                        <common:Annotation>
                            <common:AnnotationType>ORDER</common:AnnotationType>
                            <common:AnnotationText xml:lang="en">18210</common:AnnotationText>
                            <common:AnnotationText xml:lang="fr">18210</common:AnnotationText>
                        </common:Annotation>
                    </common:Annotations>
                    <common:Name xml:lang="en">Durango, R3</common:Name>
                    <common:Name xml:lang="fr">Durango, R3</common:Name>
                    <structure:Parent>
                        <Ref id="ME10"/>
                    </structure:Parent>
                </structure:Code>
                <structure:Code id="ME10R4">
                    <common:Annotations>
                        <common:Annotation>
                            <common:AnnotationType>ORDER</common:AnnotationType>
                            <common:AnnotationText xml:lang="en">18220</common:AnnotationText>
                            <common:AnnotationText xml:lang="fr">18220</common:AnnotationText>
                        </common:Annotation>
                    </common:Annotations>
                    <common:Name xml:lang="en">Durango, R4</common:Name>
                    <common:Name xml:lang="fr">Durango, R4</common:Name>
                    <structure:Parent>
                        <Ref id="ME10"/>
                    </structure:Parent>
                </structure:Code>
                <structure:Code id="ME10R5">
                    <common:Annotations>
                        <common:Annotation>
                            <common:AnnotationType>ORDER</common:AnnotationType>
                            <common:AnnotationText xml:lang="en">18230</common:AnnotationText>
                            <common:AnnotationText xml:lang="fr">18230</common:AnnotationText>
                        </common:Annotation>
                    </common:Annotations>
                    <common:Name xml:lang="en">Durango, R5</common:Name>
                    <common:Name xml:lang="fr">Durango, R5</common:Name>
                    <structure:Parent>
                        <Ref id="ME10"/>
                    </structure:Parent>
                </structure:Code>
                <structure:Code id="ME10R6">
                    <common:Annotations>
                        <common:Annotation>
                            <common:AnnotationType>ORDER</common:AnnotationType>
                            <common:AnnotationText xml:lang="en">18240</common:AnnotationText>
                            <common:AnnotationText xml:lang="fr">18240</common:AnnotationText>
                        </common:Annotation>
                    </common:Annotations>
                    <common:Name xml:lang="en">Durango, R6</common:Name>
                    <common:Name xml:lang="fr">Durango, R6</common:Name>
                    <structure:Parent>
                        <Ref id="ME10"/>
                    </structure:Parent>
                </structure:Code>
                <structure:Code id="ME10R7">
                    <common:Annotations>
                        <common:Annotation>
                            <common:AnnotationType>ORDER</common:AnnotationType>
                            <common:AnnotationText xml:lang="en">18250</common:AnnotationText>
                            <common:AnnotationText xml:lang="fr">18250</common:AnnotationText>
                        </common:Annotation>
                    </common:Annotations>
                    <common:Name xml:lang="en">Durango, R7</common:Name>
                    <common:Name xml:lang="fr">Durango, R7</common:Name>
                    <structure:Parent>
                        <Ref id="ME10"/>
                    </structure:Parent>
                </structure:Code>
                <structure:Code id="ME10R8">
                    <common:Annotations>
                        <common:Annotation>
                            <common:AnnotationType>ORDER</common:AnnotationType>
                            <common:AnnotationText xml:lang="en">18260</common:AnnotationText>
                            <common:AnnotationText xml:lang="fr">18260</common:AnnotationText>
                        </common:Annotation>
                    </common:Annotations>
                    <common:Name xml:lang="en">Durango, R8</common:Name>
                    <common:Name xml:lang="fr">Durango, R8</common:Name>
                    <structure:Parent>
                        <Ref id="ME10"/>
                    </structure:Parent>
                </structure:Code>
                <structure:Code id="ME10R9">
                    <common:Annotations>
                        <common:Annotation>
                            <common:AnnotationType>ORDER</common:AnnotationType>
                            <common:AnnotationText xml:lang="en">18270</common:AnnotationText>
                            <common:AnnotationText xml:lang="fr">18270</common:AnnotationText>
                        </common:Annotation>
                    </common:Annotations>
                    <common:Name xml:lang="en">Durango, R9</common:Name>
                    <common:Name xml:lang="fr">Durango, R9</common:Name>
                    <structure:Parent>
                        <Ref id="ME10"/>
                    </structure:Parent>
                </structure:Code>
                <structure:Code id="ME11">
                    <common:Annotations>
                        <common:Annotation>
                            <common:AnnotationType>ORDER</common:AnnotationType>
                            <common:AnnotationText xml:lang="en">18280</common:AnnotationText>
                            <common:AnnotationText xml:lang="fr">18280</common:AnnotationText>
                        </common:Annotation>
                    </common:Annotations>
                    <common:Name xml:lang="en">Guanajuato</common:Name>
                    <common:Name xml:lang="fr">Guanajuato</common:Name>
                    <structure:Parent>
                        <Ref id="MEX"/>
                    </structure:Parent>
                </structure:Code>
                <structure:Code id="ME11R1">
                    <common:Annotations>
                        <common:Annotation>
                            <common:AnnotationType>ORDER</common:AnnotationType>
                            <common:AnnotationText xml:lang="en">18290</common:AnnotationText>
                            <common:AnnotationText xml:lang="fr">18290</common:AnnotationText>
                        </common:Annotation>
                    </common:Annotations>
                    <common:Name xml:lang="en">Guanajuato, R1</common:Name>
                    <common:Name xml:lang="fr">Guanajuato, R1</common:Name>
                    <structure:Parent>
                        <Ref id="ME11"/>
                    </structure:Parent>
                </structure:Code>
                <structure:Code id="ME11R2">
                    <common:Annotations>
                        <common:Annotation>
                            <common:AnnotationType>ORDER</common:AnnotationType>
                            <common:AnnotationText xml:lang="en">18300</common:AnnotationText>
                            <common:AnnotationText xml:lang="fr">18300</common:AnnotationText>
                        </common:Annotation>
                    </common:Annotations>
                    <common:Name xml:lang="en">Guanajuato, R2</common:Name>
                    <common:Name xml:lang="fr">Guanajuato, R2</common:Name>
                    <structure:Parent>
                        <Ref id="ME11"/>
                    </structure:Parent>
                </structure:Code>
                <structure:Code id="ME11R3">
                    <common:Annotations>
                        <common:Annotation>
                            <common:AnnotationType>ORDER</common:AnnotationType>
                            <common:AnnotationText xml:lang="en">18310</common:AnnotationText>
                            <common:AnnotationText xml:lang="fr">18310</common:AnnotationText>
                        </common:Annotation>
                    </common:Annotations>
                    <common:Name xml:lang="en">Guanajuato, R3</common:Name>
                    <common:Name xml:lang="fr">Guanajuato, R3</common:Name>
                    <structure:Parent>
                        <Ref id="ME11"/>
                    </structure:Parent>
                </structure:Code>
                <structure:Code id="ME11R4">
                    <common:Annotations>
                        <common:Annotation>
                            <common:AnnotationType>ORDER</common:AnnotationType>
                            <common:AnnotationText xml:lang="en">18320</common:AnnotationText>
                            <common:AnnotationText xml:lang="fr">18320</common:AnnotationText>
                        </common:Annotation>
                    </common:Annotations>
                    <common:Name xml:lang="en">Guanajuato, R4</common:Name>
                    <common:Name xml:lang="fr">Guanajuato, R4</common:Name>
                    <structure:Parent>
                        <Ref id="ME11"/>
                    </structure:Parent>
                </structure:Code>
                <structure:Code id="ME12">
                    <common:Annotations>
                        <common:Annotation>
                            <common:AnnotationType>ORDER</common:AnnotationType>
                            <common:AnnotationText xml:lang="en">18330</common:AnnotationText>
                            <common:AnnotationText xml:lang="fr">18330</common:AnnotationText>
                        </common:Annotation>
                    </common:Annotations>
                    <common:Name xml:lang="en">Guerrero</common:Name>
                    <common:Name xml:lang="fr">Guerrero</common:Name>
                    <structure:Parent>
                        <Ref id="MEX"/>
                    </structure:Parent>
                </structure:Code>
                <structure:Code id="ME12R1">
                    <common:Annotations>
                        <common:Annotation>
                            <common:AnnotationType>ORDER</common:AnnotationType>
                            <common:AnnotationText xml:lang="en">18340</common:AnnotationText>
                            <common:AnnotationText xml:lang="fr">18340</common:AnnotationText>
                        </common:Annotation>
                    </common:Annotations>
                    <common:Name xml:lang="en">Guerrero, R1</common:Name>
                    <common:Name xml:lang="fr">Guerrero, R1</common:Name>
                    <structure:Parent>
                        <Ref id="ME12"/>
                    </structure:Parent>
                </structure:Code>
                <structure:Code id="ME12R2">
                    <common:Annotations>
                        <common:Annotation>
                            <common:AnnotationType>ORDER</common:AnnotationType>
                            <common:AnnotationText xml:lang="en">18350</common:AnnotationText>
                            <common:AnnotationText xml:lang="fr">18350</common:AnnotationText>
                        </common:Annotation>
                    </common:Annotations>
                    <common:Name xml:lang="en">Guerrero, R2</common:Name>
                    <common:Name xml:lang="fr">Guerrero, R2</common:Name>
                    <structure:Parent>
                        <Ref id="ME12"/>
                    </structure:Parent>
                </structure:Code>
                <structure:Code id="ME12R3">
                    <common:Annotations>
                        <common:Annotation>
                            <common:AnnotationType>ORDER</common:AnnotationType>
                            <common:AnnotationText xml:lang="en">18360</common:AnnotationText>
                            <common:AnnotationText xml:lang="fr">18360</common:AnnotationText>
                        </common:Annotation>
                    </common:Annotations>
                    <common:Name xml:lang="en">Guerrero, R3</common:Name>
                    <common:Name xml:lang="fr">Guerrero, R3</common:Name>
                    <structure:Parent>
                        <Ref id="ME12"/>
                    </structure:Parent>
                </structure:Code>
                <structure:Code id="ME12R4">
                    <common:Annotations>
                        <common:Annotation>
                            <common:AnnotationType>ORDER</common:AnnotationType>
                            <common:AnnotationText xml:lang="en">18370</common:AnnotationText>
                            <common:AnnotationText xml:lang="fr">18370</common:AnnotationText>
                        </common:Annotation>
                    </common:Annotations>
                    <common:Name xml:lang="en">Guerrero, R4</common:Name>
                    <common:Name xml:lang="fr">Guerrero, R4</common:Name>
                    <structure:Parent>
                        <Ref id="ME12"/>
                    </structure:Parent>
                </structure:Code>
                <structure:Code id="ME12R5">
                    <common:Annotations>
                        <common:Annotation>
                            <common:AnnotationType>ORDER</common:AnnotationType>
                            <common:AnnotationText xml:lang="en">18380</common:AnnotationText>
                            <common:AnnotationText xml:lang="fr">18380</common:AnnotationText>
                        </common:Annotation>
                    </common:Annotations>
                    <common:Name xml:lang="en">Guerrero, R5</common:Name>
                    <common:Name xml:lang="fr">Guerrero, R5</common:Name>
                    <structure:Parent>
                        <Ref id="ME12"/>
                    </structure:Parent>
                </structure:Code>
                <structure:Code id="ME12R6">
                    <common:Annotations>
                        <common:Annotation>
                            <common:AnnotationType>ORDER</common:AnnotationType>
                            <common:AnnotationText xml:lang="en">18390</common:AnnotationText>
                            <common:AnnotationText xml:lang="fr">18390</common:AnnotationText>
                        </common:Annotation>
                    </common:Annotations>
                    <common:Name xml:lang="en">Guerrero, R6</common:Name>
                    <common:Name xml:lang="fr">Guerrero, R6</common:Name>
                    <structure:Parent>
                        <Ref id="ME12"/>
                    </structure:Parent>
                </structure:Code>
                <structure:Code id="ME12R7">
                    <common:Annotations>
                        <common:Annotation>
                            <common:AnnotationType>ORDER</common:AnnotationType>
                            <common:AnnotationText xml:lang="en">18400</common:AnnotationText>
                            <common:AnnotationText xml:lang="fr">18400</common:AnnotationText>
                        </common:Annotation>
                    </common:Annotations>
                    <common:Name xml:lang="en">Guerrero, R7</common:Name>
                    <common:Name xml:lang="fr">Guerrero, R7</common:Name>
                    <structure:Parent>
                        <Ref id="ME12"/>
                    </structure:Parent>
                </structure:Code>
                <structure:Code id="ME13">
                    <common:Annotations>
                        <common:Annotation>
                            <common:AnnotationType>ORDER</common:AnnotationType>
                            <common:AnnotationText xml:lang="en">18410</common:AnnotationText>
                            <common:AnnotationText xml:lang="fr">18410</common:AnnotationText>
                        </common:Annotation>
                    </common:Annotations>
                    <common:Name xml:lang="en">Hidalgo</common:Name>
                    <common:Name xml:lang="fr">Hidalgo</common:Name>
                    <structure:Parent>
                        <Ref id="MEX"/>
                    </structure:Parent>
                </structure:Code>
                <structure:Code id="ME13R1">
                    <common:Annotations>
                        <common:Annotation>
                            <common:AnnotationType>ORDER</common:AnnotationType>
                            <common:AnnotationText xml:lang="en">18420</common:AnnotationText>
                            <common:AnnotationText xml:lang="fr">18420</common:AnnotationText>
                        </common:Annotation>
                    </common:Annotations>
                    <common:Name xml:lang="en">Hidalgo, R1</common:Name>
                    <common:Name xml:lang="fr">Hidalgo, R1</common:Name>
                    <structure:Parent>
                        <Ref id="ME13"/>
                    </structure:Parent>
                </structure:Code>
                <structure:Code id="ME13R10">
                    <common:Annotations>
                        <common:Annotation>
                            <common:AnnotationType>ORDER</common:AnnotationType>
                            <common:AnnotationText xml:lang="en">18430</common:AnnotationText>
                            <common:AnnotationText xml:lang="fr">18430</common:AnnotationText>
                        </common:Annotation>
                    </common:Annotations>
                    <common:Name xml:lang="en">Hidalgo, R10</common:Name>
                    <common:Name xml:lang="fr">Hidalgo, R10</common:Name>
                    <structure:Parent>
                        <Ref id="ME13"/>
                    </structure:Parent>
                </structure:Code>
                <structure:Code id="ME13R11">
                    <common:Annotations>
                        <common:Annotation>
                            <common:AnnotationType>ORDER</common:AnnotationType>
                            <common:AnnotationText xml:lang="en">18440</common:AnnotationText>
                            <common:AnnotationText xml:lang="fr">18440</common:AnnotationText>
                        </common:Annotation>
                    </common:Annotations>
                    <common:Name xml:lang="en">Hidalgo, R11</common:Name>
                    <common:Name xml:lang="fr">Hidalgo, R11</common:Name>
                    <structure:Parent>
                        <Ref id="ME13"/>
                    </structure:Parent>
                </structure:Code>
                <structure:Code id="ME13R12">
                    <common:Annotations>
                        <common:Annotation>
                            <common:AnnotationType>ORDER</common:AnnotationType>
                            <common:AnnotationText xml:lang="en">18450</common:AnnotationText>
                            <common:AnnotationText xml:lang="fr">18450</common:AnnotationText>
                        </common:Annotation>
                    </common:Annotations>
                    <common:Name xml:lang="en">Hidalgo, R12</common:Name>
                    <common:Name xml:lang="fr">Hidalgo, R12</common:Name>
                    <structure:Parent>
                        <Ref id="ME13"/>
                    </structure:Parent>
                </structure:Code>
                <structure:Code id="ME13R13">
                    <common:Annotations>
                        <common:Annotation>
                            <common:AnnotationType>ORDER</common:AnnotationType>
                            <common:AnnotationText xml:lang="en">18460</common:AnnotationText>
                            <common:AnnotationText xml:lang="fr">18460</common:AnnotationText>
                        </common:Annotation>
                    </common:Annotations>
                    <common:Name xml:lang="en">Hidalgo, R13</common:Name>
                    <common:Name xml:lang="fr">Hidalgo, R13</common:Name>
                    <structure:Parent>
                        <Ref id="ME13"/>
                    </structure:Parent>
                </structure:Code>
                <structure:Code id="ME13R2">
                    <common:Annotations>
                        <common:Annotation>
                            <common:AnnotationType>ORDER</common:AnnotationType>
                            <common:AnnotationText xml:lang="en">18470</common:AnnotationText>
                            <common:AnnotationText xml:lang="fr">18470</common:AnnotationText>
                        </common:Annotation>
                    </common:Annotations>
                    <common:Name xml:lang="en">Hidalgo, R2</common:Name>
                    <common:Name xml:lang="fr">Hidalgo, R2</common:Name>
                    <structure:Parent>
                        <Ref id="ME13"/>
                    </structure:Parent>
                </structure:Code>
                <structure:Code id="ME13R3">
                    <common:Annotations>
                        <common:Annotation>
                            <common:AnnotationType>ORDER</common:AnnotationType>
                            <common:AnnotationText xml:lang="en">18480</common:AnnotationText>
                            <common:AnnotationText xml:lang="fr">18480</common:AnnotationText>
                        </common:Annotation>
                    </common:Annotations>
                    <common:Name xml:lang="en">Hidalgo, R3</common:Name>
                    <common:Name xml:lang="fr">Hidalgo, R3</common:Name>
                    <structure:Parent>
                        <Ref id="ME13"/>
                    </structure:Parent>
                </structure:Code>
                <structure:Code id="ME13R4">
                    <common:Annotations>
                        <common:Annotation>
                            <common:AnnotationType>ORDER</common:AnnotationType>
                            <common:AnnotationText xml:lang="en">18490</common:AnnotationText>
                            <common:AnnotationText xml:lang="fr">18490</common:AnnotationText>
                        </common:Annotation>
                    </common:Annotations>
                    <common:Name xml:lang="en">Hidalgo, R4</common:Name>
                    <common:Name xml:lang="fr">Hidalgo, R4</common:Name>
                    <structure:Parent>
                        <Ref id="ME13"/>
                    </structure:Parent>
                </structure:Code>
                <structure:Code id="ME13R5">
                    <common:Annotations>
                        <common:Annotation>
                            <common:AnnotationType>ORDER</common:AnnotationType>
                            <common:AnnotationText xml:lang="en">18500</common:AnnotationText>
                            <common:AnnotationText xml:lang="fr">18500</common:AnnotationText>
                        </common:Annotation>
                    </common:Annotations>
                    <common:Name xml:lang="en">Hidalgo, R5</common:Name>
                    <common:Name xml:lang="fr">Hidalgo, R5</common:Name>
                    <structure:Parent>
                        <Ref id="ME13"/>
                    </structure:Parent>
                </structure:Code>
                <structure:Code id="ME13R6">
                    <common:Annotations>
                        <common:Annotation>
                            <common:AnnotationType>ORDER</common:AnnotationType>
                            <common:AnnotationText xml:lang="en">18510</common:AnnotationText>
                            <common:AnnotationText xml:lang="fr">18510</common:AnnotationText>
                        </common:Annotation>
                    </common:Annotations>
                    <common:Name xml:lang="en">Hidalgo, R6</common:Name>
                    <common:Name xml:lang="fr">Hidalgo, R6</common:Name>
                    <structure:Parent>
                        <Ref id="ME13"/>
                    </structure:Parent>
                </structure:Code>
                <structure:Code id="ME13R7">
                    <common:Annotations>
                        <common:Annotation>
                            <common:AnnotationType>ORDER</common:AnnotationType>
                            <common:AnnotationText xml:lang="en">18520</common:AnnotationText>
                            <common:AnnotationText xml:lang="fr">18520</common:AnnotationText>
                        </common:Annotation>
                    </common:Annotations>
                    <common:Name xml:lang="en">Hidalgo, R7</common:Name>
                    <common:Name xml:lang="fr">Hidalgo, R7</common:Name>
                    <structure:Parent>
                        <Ref id="ME13"/>
                    </structure:Parent>
                </structure:Code>
                <structure:Code id="ME13R8">
                    <common:Annotations>
                        <common:Annotation>
                            <common:AnnotationType>ORDER</common:AnnotationType>
                            <common:AnnotationText xml:lang="en">18530</common:AnnotationText>
                            <common:AnnotationText xml:lang="fr">18530</common:AnnotationText>
                        </common:Annotation>
                    </common:Annotations>
                    <common:Name xml:lang="en">Hidalgo, R8</common:Name>
                    <common:Name xml:lang="fr">Hidalgo, R8</common:Name>
                    <structure:Parent>
                        <Ref id="ME13"/>
                    </structure:Parent>
                </structure:Code>
                <structure:Code id="ME13R9">
                    <common:Annotations>
                        <common:Annotation>
                            <common:AnnotationType>ORDER</common:AnnotationType>
                            <common:AnnotationText xml:lang="en">18540</common:AnnotationText>
                            <common:AnnotationText xml:lang="fr">18540</common:AnnotationText>
                        </common:Annotation>
                    </common:Annotations>
                    <common:Name xml:lang="en">Hidalgo, R9</common:Name>
                    <common:Name xml:lang="fr">Hidalgo, R9</common:Name>
                    <structure:Parent>
                        <Ref id="ME13"/>
                    </structure:Parent>
                </structure:Code>
                <structure:Code id="ME14">
                    <common:Annotations>
                        <common:Annotation>
                            <common:AnnotationType>ORDER</common:AnnotationType>
                            <common:AnnotationText xml:lang="en">18550</common:AnnotationText>
                            <common:AnnotationText xml:lang="fr">18550</common:AnnotationText>
                        </common:Annotation>
                    </common:Annotations>
                    <common:Name xml:lang="en">Jalisco</common:Name>
                    <common:Name xml:lang="fr">Jalisco</common:Name>
                    <structure:Parent>
                        <Ref id="MEX"/>
                    </structure:Parent>
                </structure:Code>
                <structure:Code id="ME14R1">
                    <common:Annotations>
                        <common:Annotation>
                            <common:AnnotationType>ORDER</common:AnnotationType>
                            <common:AnnotationText xml:lang="en">18560</common:AnnotationText>
                            <common:AnnotationText xml:lang="fr">18560</common:AnnotationText>
                        </common:Annotation>
                    </common:Annotations>
                    <common:Name xml:lang="en">Jalisco, R1</common:Name>
                    <common:Name xml:lang="fr">Jalisco, R1</common:Name>
                    <structure:Parent>
                        <Ref id="ME14"/>
                    </structure:Parent>
                </structure:Code>
                <structure:Code id="ME14R10">
                    <common:Annotations>
                        <common:Annotation>
                            <common:AnnotationType>ORDER</common:AnnotationType>
                            <common:AnnotationText xml:lang="en">18570</common:AnnotationText>
                            <common:AnnotationText xml:lang="fr">18570</common:AnnotationText>
                        </common:Annotation>
                    </common:Annotations>
                    <common:Name xml:lang="en">Jalisco, R10</common:Name>
                    <common:Name xml:lang="fr">Jalisco, R10</common:Name>
                    <structure:Parent>
                        <Ref id="ME14"/>
                    </structure:Parent>
                </structure:Code>
                <structure:Code id="ME14R2">
                    <common:Annotations>
                        <common:Annotation>
                            <common:AnnotationType>ORDER</common:AnnotationType>
                            <common:AnnotationText xml:lang="en">18580</common:AnnotationText>
                            <common:AnnotationText xml:lang="fr">18580</common:AnnotationText>
                        </common:Annotation>
                    </common:Annotations>
                    <common:Name xml:lang="en">Jalisco, R2</common:Name>
                    <common:Name xml:lang="fr">Jalisco, R2</common:Name>
                    <structure:Parent>
                        <Ref id="ME14"/>
                    </structure:Parent>
                </structure:Code>
                <structure:Code id="ME14R3">
                    <common:Annotations>
                        <common:Annotation>
                            <common:AnnotationType>ORDER</common:AnnotationType>
                            <common:AnnotationText xml:lang="en">18590</common:AnnotationText>
                            <common:AnnotationText xml:lang="fr">18590</common:AnnotationText>
                        </common:Annotation>
                    </common:Annotations>
                    <common:Name xml:lang="en">Jalisco, R3</common:Name>
                    <common:Name xml:lang="fr">Jalisco, R3</common:Name>
                    <structure:Parent>
                        <Ref id="ME14"/>
                    </structure:Parent>
                </structure:Code>
                <structure:Code id="ME14R4">
                    <common:Annotations>
                        <common:Annotation>
                            <common:AnnotationType>ORDER</common:AnnotationType>
                            <common:AnnotationText xml:lang="en">18600</common:AnnotationText>
                            <common:AnnotationText xml:lang="fr">18600</common:AnnotationText>
                        </common:Annotation>
                    </common:Annotations>
                    <common:Name xml:lang="en">Jalisco, R4</common:Name>
                    <common:Name xml:lang="fr">Jalisco, R4</common:Name>
                    <structure:Parent>
                        <Ref id="ME14"/>
                    </structure:Parent>
                </structure:Code>
                <structure:Code id="ME14R5">
                    <common:Annotations>
                        <common:Annotation>
                            <common:AnnotationType>ORDER</common:AnnotationType>
                            <common:AnnotationText xml:lang="en">18610</common:AnnotationText>
                            <common:AnnotationText xml:lang="fr">18610</common:AnnotationText>
                        </common:Annotation>
                    </common:Annotations>
                    <common:Name xml:lang="en">Jalisco, R5</common:Name>
                    <common:Name xml:lang="fr">Jalisco, R5</common:Name>
                    <structure:Parent>
                        <Ref id="ME14"/>
                    </structure:Parent>
                </structure:Code>
                <structure:Code id="ME14R6">
                    <common:Annotations>
                        <common:Annotation>
                            <common:AnnotationType>ORDER</common:AnnotationType>
                            <common:AnnotationText xml:lang="en">18620</common:AnnotationText>
                            <common:AnnotationText xml:lang="fr">18620</common:AnnotationText>
                        </common:Annotation>
                    </common:Annotations>
                    <common:Name xml:lang="en">Jalisco, R6</common:Name>
                    <common:Name xml:lang="fr">Jalisco, R6</common:Name>
                    <structure:Parent>
                        <Ref id="ME14"/>
                    </structure:Parent>
                </structure:Code>
                <structure:Code id="ME14R7">
                    <common:Annotations>
                        <common:Annotation>
                            <common:AnnotationType>ORDER</common:AnnotationType>
                            <common:AnnotationText xml:lang="en">18630</common:AnnotationText>
                            <common:AnnotationText xml:lang="fr">18630</common:AnnotationText>
                        </common:Annotation>
                    </common:Annotations>
                    <common:Name xml:lang="en">Jalisco, R7</common:Name>
                    <common:Name xml:lang="fr">Jalisco, R7</common:Name>
                    <structure:Parent>
                        <Ref id="ME14"/>
                    </structure:Parent>
                </structure:Code>
                <structure:Code id="ME14R8">
                    <common:Annotations>
                        <common:Annotation>
                            <common:AnnotationType>ORDER</common:AnnotationType>
                            <common:AnnotationText xml:lang="en">18640</common:AnnotationText>
                            <common:AnnotationText xml:lang="fr">18640</common:AnnotationText>
                        </common:Annotation>
                    </common:Annotations>
                    <common:Name xml:lang="en">Jalisco, R8</common:Name>
                    <common:Name xml:lang="fr">Jalisco, R8</common:Name>
                    <structure:Parent>
                        <Ref id="ME14"/>
                    </structure:Parent>
                </structure:Code>
                <structure:Code id="ME14R9">
                    <common:Annotations>
                        <common:Annotation>
                            <common:AnnotationType>ORDER</common:AnnotationType>
                            <common:AnnotationText xml:lang="en">18650</common:AnnotationText>
                            <common:AnnotationText xml:lang="fr">18650</common:AnnotationText>
                        </common:Annotation>
                    </common:Annotations>
                    <common:Name xml:lang="en">Jalisco, R9</common:Name>
                    <common:Name xml:lang="fr">Jalisco, R9</common:Name>
                    <structure:Parent>
                        <Ref id="ME14"/>
                    </structure:Parent>
                </structure:Code>
                <structure:Code id="ME15">
                    <common:Annotations>
                        <common:Annotation>
                            <common:AnnotationType>ORDER</common:AnnotationType>
                            <common:AnnotationText xml:lang="en">18660</common:AnnotationText>
                            <common:AnnotationText xml:lang="fr">18660</common:AnnotationText>
                        </common:Annotation>
                    </common:Annotations>
                    <common:Name xml:lang="en">Mexico</common:Name>
                    <common:Name xml:lang="fr">Mexico</common:Name>
                    <structure:Parent>
                        <Ref id="MEX"/>
                    </structure:Parent>
                </structure:Code>
                <structure:Code id="ME15R1">
                    <common:Annotations>
                        <common:Annotation>
                            <common:AnnotationType>ORDER</common:AnnotationType>
                            <common:AnnotationText xml:lang="en">18670</common:AnnotationText>
                            <common:AnnotationText xml:lang="fr">18670</common:AnnotationText>
                        </common:Annotation>
                    </common:Annotations>
                    <common:Name xml:lang="en">Mexico, R1</common:Name>
                    <common:Name xml:lang="fr">Mexico, R1</common:Name>
                    <structure:Parent>
                        <Ref id="ME15"/>
                    </structure:Parent>
                </structure:Code>
                <structure:Code id="ME15R2">
                    <common:Annotations>
                        <common:Annotation>
                            <common:AnnotationType>ORDER</common:AnnotationType>
                            <common:AnnotationText xml:lang="en">18680</common:AnnotationText>
                            <common:AnnotationText xml:lang="fr">18680</common:AnnotationText>
                        </common:Annotation>
                    </common:Annotations>
                    <common:Name xml:lang="en">Mexico, R2</common:Name>
                    <common:Name xml:lang="fr">Mexico, R2</common:Name>
                    <structure:Parent>
                        <Ref id="ME15"/>
                    </structure:Parent>
                </structure:Code>
                <structure:Code id="ME15R3">
                    <common:Annotations>
                        <common:Annotation>
                            <common:AnnotationType>ORDER</common:AnnotationType>
                            <common:AnnotationText xml:lang="en">18690</common:AnnotationText>
                            <common:AnnotationText xml:lang="fr">18690</common:AnnotationText>
                        </common:Annotation>
                    </common:Annotations>
                    <common:Name xml:lang="en">Mexico, R3</common:Name>
                    <common:Name xml:lang="fr">Mexico, R3</common:Name>
                    <structure:Parent>
                        <Ref id="ME15"/>
                    </structure:Parent>
                </structure:Code>
                <structure:Code id="ME15R4">
                    <common:Annotations>
                        <common:Annotation>
                            <common:AnnotationType>ORDER</common:AnnotationType>
                            <common:AnnotationText xml:lang="en">18700</common:AnnotationText>
                            <common:AnnotationText xml:lang="fr">18700</common:AnnotationText>
                        </common:Annotation>
                    </common:Annotations>
                    <common:Name xml:lang="en">Mexico, R4</common:Name>
                    <common:Name xml:lang="fr">Mexico, R4</common:Name>
                    <structure:Parent>
                        <Ref id="ME15"/>
                    </structure:Parent>
                </structure:Code>
                <structure:Code id="ME15R5">
                    <common:Annotations>
                        <common:Annotation>
                            <common:AnnotationType>ORDER</common:AnnotationType>
                            <common:AnnotationText xml:lang="en">18710</common:AnnotationText>
                            <common:AnnotationText xml:lang="fr">18710</common:AnnotationText>
                        </common:Annotation>
                    </common:Annotations>
                    <common:Name xml:lang="en">Mexico, R5</common:Name>
                    <common:Name xml:lang="fr">Mexico, R5</common:Name>
                    <structure:Parent>
                        <Ref id="ME15"/>
                    </structure:Parent>
                </structure:Code>
                <structure:Code id="ME15R6">
                    <common:Annotations>
                        <common:Annotation>
                            <common:AnnotationType>ORDER</common:AnnotationType>
                            <common:AnnotationText xml:lang="en">18720</common:AnnotationText>
                            <common:AnnotationText xml:lang="fr">18720</common:AnnotationText>
                        </common:Annotation>
                    </common:Annotations>
                    <common:Name xml:lang="en">Mexico, R6</common:Name>
                    <common:Name xml:lang="fr">Mexico, R6</common:Name>
                    <structure:Parent>
                        <Ref id="ME15"/>
                    </structure:Parent>
                </structure:Code>
                <structure:Code id="ME15R7">
                    <common:Annotations>
                        <common:Annotation>
                            <common:AnnotationType>ORDER</common:AnnotationType>
                            <common:AnnotationText xml:lang="en">18730</common:AnnotationText>
                            <common:AnnotationText xml:lang="fr">18730</common:AnnotationText>
                        </common:Annotation>
                    </common:Annotations>
                    <common:Name xml:lang="en">Mexico, R7</common:Name>
                    <common:Name xml:lang="fr">Mexico, R7</common:Name>
                    <structure:Parent>
                        <Ref id="ME15"/>
                    </structure:Parent>
                </structure:Code>
                <structure:Code id="ME15R8">
                    <common:Annotations>
                        <common:Annotation>
                            <common:AnnotationType>ORDER</common:AnnotationType>
                            <common:AnnotationText xml:lang="en">18740</common:AnnotationText>
                            <common:AnnotationText xml:lang="fr">18740</common:AnnotationText>
                        </common:Annotation>
                    </common:Annotations>
                    <common:Name xml:lang="en">Mexico, R8</common:Name>
                    <common:Name xml:lang="fr">Mexico, R8</common:Name>
                    <structure:Parent>
                        <Ref id="ME15"/>
                    </structure:Parent>
                </structure:Code>
                <structure:Code id="ME16">
                    <common:Annotations>
                        <common:Annotation>
                            <common:AnnotationType>ORDER</common:AnnotationType>
                            <common:AnnotationText xml:lang="en">18750</common:AnnotationText>
                            <common:AnnotationText xml:lang="fr">18750</common:AnnotationText>
                        </common:Annotation>
                    </common:Annotations>
                    <common:Name xml:lang="en">Michoacan</common:Name>
                    <common:Name xml:lang="fr">Michoacan</common:Name>
                    <structure:Parent>
                        <Ref id="MEX"/>
                    </structure:Parent>
                </structure:Code>
                <structure:Code id="ME16R1">
                    <common:Annotations>
                        <common:Annotation>
                            <common:AnnotationType>ORDER</common:AnnotationType>
                            <common:AnnotationText xml:lang="en">18760</common:AnnotationText>
                            <common:AnnotationText xml:lang="fr">18760</common:AnnotationText>
                        </common:Annotation>
                    </common:Annotations>
                    <common:Name xml:lang="en">Michoacan, R1</common:Name>
                    <common:Name xml:lang="fr">Michoacan, R1</common:Name>
                    <structure:Parent>
                        <Ref id="ME16"/>
                    </structure:Parent>
                </structure:Code>
                <structure:Code id="ME16R2">
                    <common:Annotations>
                        <common:Annotation>
                            <common:AnnotationType>ORDER</common:AnnotationType>
                            <common:AnnotationText xml:lang="en">18770</common:AnnotationText>
                            <common:AnnotationText xml:lang="fr">18770</common:AnnotationText>
                        </common:Annotation>
                    </common:Annotations>
                    <common:Name xml:lang="en">Michoacan, R2</common:Name>
                    <common:Name xml:lang="fr">Michoacan, R2</common:Name>
                    <structure:Parent>
                        <Ref id="ME16"/>
                    </structure:Parent>
                </structure:Code>
                <structure:Code id="ME16R3">
                    <common:Annotations>
                        <common:Annotation>
                            <common:AnnotationType>ORDER</common:AnnotationType>
                            <common:AnnotationText xml:lang="en">18780</common:AnnotationText>
                            <common:AnnotationText xml:lang="fr">18780</common:AnnotationText>
                        </common:Annotation>
                    </common:Annotations>
                    <common:Name xml:lang="en">Michoacan, R3</common:Name>
                    <common:Name xml:lang="fr">Michoacan, R3</common:Name>
                    <structure:Parent>
                        <Ref id="ME16"/>
                    </structure:Parent>
                </structure:Code>
                <structure:Code id="ME16R4">
                    <common:Annotations>
                        <common:Annotation>
                            <common:AnnotationType>ORDER</common:AnnotationType>
                            <common:AnnotationText xml:lang="en">18790</common:AnnotationText>
                            <common:AnnotationText xml:lang="fr">18790</common:AnnotationText>
                        </common:Annotation>
                    </common:Annotations>
                    <common:Name xml:lang="en">Michoacan, R4</common:Name>
                    <common:Name xml:lang="fr">Michoacan, R4</common:Name>
                    <structure:Parent>
                        <Ref id="ME16"/>
                    </structure:Parent>
                </structure:Code>
                <structure:Code id="ME16R5">
                    <common:Annotations>
                        <common:Annotation>
                            <common:AnnotationType>ORDER</common:AnnotationType>
                            <common:AnnotationText xml:lang="en">18800</common:AnnotationText>
                            <common:AnnotationText xml:lang="fr">18800</common:AnnotationText>
                        </common:Annotation>
                    </common:Annotations>
                    <common:Name xml:lang="en">Michoacan, R5</common:Name>
                    <common:Name xml:lang="fr">Michoacan, R5</common:Name>
                    <structure:Parent>
                        <Ref id="ME16"/>
                    </structure:Parent>
                </structure:Code>
                <structure:Code id="ME16R6">
                    <common:Annotations>
                        <common:Annotation>
                            <common:AnnotationType>ORDER</common:AnnotationType>
                            <common:AnnotationText xml:lang="en">18810</common:AnnotationText>
                            <common:AnnotationText xml:lang="fr">18810</common:AnnotationText>
                        </common:Annotation>
                    </common:Annotations>
                    <common:Name xml:lang="en">Michoacan, R6</common:Name>
                    <common:Name xml:lang="fr">Michoacan, R6</common:Name>
                    <structure:Parent>
                        <Ref id="ME16"/>
                    </structure:Parent>
                </structure:Code>
                <structure:Code id="ME17">
                    <common:Annotations>
                        <common:Annotation>
                            <common:AnnotationType>ORDER</common:AnnotationType>
                            <common:AnnotationText xml:lang="en">18820</common:AnnotationText>
                            <common:AnnotationText xml:lang="fr">18820</common:AnnotationText>
                        </common:Annotation>
                    </common:Annotations>
                    <common:Name xml:lang="en">Morelos</common:Name>
                    <common:Name xml:lang="fr">Morelos</common:Name>
                    <structure:Parent>
                        <Ref id="MEX"/>
                    </structure:Parent>
                </structure:Code>
                <structure:Code id="ME17R1">
                    <common:Annotations>
                        <common:Annotation>
                            <common:AnnotationType>ORDER</common:AnnotationType>
                            <common:AnnotationText xml:lang="en">18830</common:AnnotationText>
                            <common:AnnotationText xml:lang="fr">18830</common:AnnotationText>
                        </common:Annotation>
                    </common:Annotations>
                    <common:Name xml:lang="en">Morelos, R1</common:Name>
                    <common:Name xml:lang="fr">Morelos, R1</common:Name>
                    <structure:Parent>
                        <Ref id="ME17"/>
                    </structure:Parent>
                </structure:Code>
                <structure:Code id="ME17R2">
                    <common:Annotations>
                        <common:Annotation>
                            <common:AnnotationType>ORDER</common:AnnotationType>
                            <common:AnnotationText xml:lang="en">18840</common:AnnotationText>
                            <common:AnnotationText xml:lang="fr">18840</common:AnnotationText>
                        </common:Annotation>
                    </common:Annotations>
                    <common:Name xml:lang="en">Morelos, R2</common:Name>
                    <common:Name xml:lang="fr">Morelos, R2</common:Name>
                    <structure:Parent>
                        <Ref id="ME17"/>
                    </structure:Parent>
                </structure:Code>
                <structure:Code id="ME17R3">
                    <common:Annotations>
                        <common:Annotation>
                            <common:AnnotationType>ORDER</common:AnnotationType>
                            <common:AnnotationText xml:lang="en">18850</common:AnnotationText>
                            <common:AnnotationText xml:lang="fr">18850</common:AnnotationText>
                        </common:Annotation>
                    </common:Annotations>
                    <common:Name xml:lang="en">Morelos, R3</common:Name>
                    <common:Name xml:lang="fr">Morelos, R3</common:Name>
                    <structure:Parent>
                        <Ref id="ME17"/>
                    </structure:Parent>
                </structure:Code>
                <structure:Code id="ME17R4">
                    <common:Annotations>
                        <common:Annotation>
                            <common:AnnotationType>ORDER</common:AnnotationType>
                            <common:AnnotationText xml:lang="en">18860</common:AnnotationText>
                            <common:AnnotationText xml:lang="fr">18860</common:AnnotationText>
                        </common:Annotation>
                    </common:Annotations>
                    <common:Name xml:lang="en">Morelos, R4</common:Name>
                    <common:Name xml:lang="fr">Morelos, R4</common:Name>
                    <structure:Parent>
                        <Ref id="ME17"/>
                    </structure:Parent>
                </structure:Code>
                <structure:Code id="ME17R5">
                    <common:Annotations>
                        <common:Annotation>
                            <common:AnnotationType>ORDER</common:AnnotationType>
                            <common:AnnotationText xml:lang="en">18870</common:AnnotationText>
                            <common:AnnotationText xml:lang="fr">18870</common:AnnotationText>
                        </common:Annotation>
                    </common:Annotations>
                    <common:Name xml:lang="en">Morelos, R5</common:Name>
                    <common:Name xml:lang="fr">Morelos, R5</common:Name>
                    <structure:Parent>
                        <Ref id="ME17"/>
                    </structure:Parent>
                </structure:Code>
                <structure:Code id="ME17R6">
                    <common:Annotations>
                        <common:Annotation>
                            <common:AnnotationType>ORDER</common:AnnotationType>
                            <common:AnnotationText xml:lang="en">18880</common:AnnotationText>
                            <common:AnnotationText xml:lang="fr">18880</common:AnnotationText>
                        </common:Annotation>
                    </common:Annotations>
                    <common:Name xml:lang="en">Morelos, R6</common:Name>
                    <common:Name xml:lang="fr">Morelos, R6</common:Name>
                    <structure:Parent>
                        <Ref id="ME17"/>
                    </structure:Parent>
                </structure:Code>
                <structure:Code id="ME17R7">
                    <common:Annotations>
                        <common:Annotation>
                            <common:AnnotationType>ORDER</common:AnnotationType>
                            <common:AnnotationText xml:lang="en">18890</common:AnnotationText>
                            <common:AnnotationText xml:lang="fr">18890</common:AnnotationText>
                        </common:Annotation>
                    </common:Annotations>
                    <common:Name xml:lang="en">Morelos, R7</common:Name>
                    <common:Name xml:lang="fr">Morelos, R7</common:Name>
                    <structure:Parent>
                        <Ref id="ME17"/>
                    </structure:Parent>
                </structure:Code>
                <structure:Code id="ME18">
                    <common:Annotations>
                        <common:Annotation>
                            <common:AnnotationType>ORDER</common:AnnotationType>
                            <common:AnnotationText xml:lang="en">18900</common:AnnotationText>
                            <common:AnnotationText xml:lang="fr">18900</common:AnnotationText>
                        </common:Annotation>
                    </common:Annotations>
                    <common:Name xml:lang="en">Nayarit</common:Name>
                    <common:Name xml:lang="fr">Nayarit</common:Name>
                    <structure:Parent>
                        <Ref id="MEX"/>
                    </structure:Parent>
                </structure:Code>
                <structure:Code id="ME18R1">
                    <common:Annotations>
                        <common:Annotation>
                            <common:AnnotationType>ORDER</common:AnnotationType>
                            <common:AnnotationText xml:lang="en">18910</common:AnnotationText>
                            <common:AnnotationText xml:lang="fr">18910</common:AnnotationText>
                        </common:Annotation>
                    </common:Annotations>
                    <common:Name xml:lang="en">Nayarit, R1</common:Name>
                    <common:Name xml:lang="fr">Nayarit, R1</common:Name>
                    <structure:Parent>
                        <Ref id="ME18"/>
                    </structure:Parent>
                </structure:Code>
                <structure:Code id="ME18R2">
                    <common:Annotations>
                        <common:Annotation>
                            <common:AnnotationType>ORDER</common:AnnotationType>
                            <common:AnnotationText xml:lang="en">18920</common:AnnotationText>
                            <common:AnnotationText xml:lang="fr">18920</common:AnnotationText>
                        </common:Annotation>
                    </common:Annotations>
                    <common:Name xml:lang="en">Nayarit, R2</common:Name>
                    <common:Name xml:lang="fr">Nayarit, R2</common:Name>
                    <structure:Parent>
                        <Ref id="ME18"/>
                    </structure:Parent>
                </structure:Code>
                <structure:Code id="ME18R3">
                    <common:Annotations>
                        <common:Annotation>
                            <common:AnnotationType>ORDER</common:AnnotationType>
                            <common:AnnotationText xml:lang="en">18930</common:AnnotationText>
                            <common:AnnotationText xml:lang="fr">18930</common:AnnotationText>
                        </common:Annotation>
                    </common:Annotations>
                    <common:Name xml:lang="en">Nayarit, R3</common:Name>
                    <common:Name xml:lang="fr">Nayarit, R3</common:Name>
                    <structure:Parent>
                        <Ref id="ME18"/>
                    </structure:Parent>
                </structure:Code>
                <structure:Code id="ME18R4">
                    <common:Annotations>
                        <common:Annotation>
                            <common:AnnotationType>ORDER</common:AnnotationType>
                            <common:AnnotationText xml:lang="en">18940</common:AnnotationText>
                            <common:AnnotationText xml:lang="fr">18940</common:AnnotationText>
                        </common:Annotation>
                    </common:Annotations>
                    <common:Name xml:lang="en">Nayarit, R4</common:Name>
                    <common:Name xml:lang="fr">Nayarit, R4</common:Name>
                    <structure:Parent>
                        <Ref id="ME18"/>
                    </structure:Parent>
                </structure:Code>
                <structure:Code id="ME18R5">
                    <common:Annotations>
                        <common:Annotation>
                            <common:AnnotationType>ORDER</common:AnnotationType>
                            <common:AnnotationText xml:lang="en">18950</common:AnnotationText>
                            <common:AnnotationText xml:lang="fr">18950</common:AnnotationText>
                        </common:Annotation>
                    </common:Annotations>
                    <common:Name xml:lang="en">Nayarit, R5</common:Name>
                    <common:Name xml:lang="fr">Nayarit, R5</common:Name>
                    <structure:Parent>
                        <Ref id="ME18"/>
                    </structure:Parent>
                </structure:Code>
                <structure:Code id="ME19">
                    <common:Annotations>
                        <common:Annotation>
                            <common:AnnotationType>ORDER</common:AnnotationType>
                            <common:AnnotationText xml:lang="en">18960</common:AnnotationText>
                            <common:AnnotationText xml:lang="fr">18960</common:AnnotationText>
                        </common:Annotation>
                    </common:Annotations>
                    <common:Name xml:lang="en">Nuevo Leon</common:Name>
                    <common:Name xml:lang="fr">Nuevo Leon</common:Name>
                    <structure:Parent>
                        <Ref id="MEX"/>
                    </structure:Parent>
                </structure:Code>
                <structure:Code id="ME19R1">
                    <common:Annotations>
                        <common:Annotation>
                            <common:AnnotationType>ORDER</common:AnnotationType>
                            <common:AnnotationText xml:lang="en">18970</common:AnnotationText>
                            <common:AnnotationText xml:lang="fr">18970</common:AnnotationText>
                        </common:Annotation>
                    </common:Annotations>
                    <common:Name xml:lang="en">Nuevo Leon, R1</common:Name>
                    <common:Name xml:lang="fr">Nuevo Leon, R1</common:Name>
                    <structure:Parent>
                        <Ref id="ME19"/>
                    </structure:Parent>
                </structure:Code>
                <structure:Code id="ME19R2">
                    <common:Annotations>
                        <common:Annotation>
                            <common:AnnotationType>ORDER</common:AnnotationType>
                            <common:AnnotationText xml:lang="en">18980</common:AnnotationText>
                            <common:AnnotationText xml:lang="fr">18980</common:AnnotationText>
                        </common:Annotation>
                    </common:Annotations>
                    <common:Name xml:lang="en">Nuevo Leon, R2</common:Name>
                    <common:Name xml:lang="fr">Nuevo Leon, R2</common:Name>
                    <structure:Parent>
                        <Ref id="ME19"/>
                    </structure:Parent>
                </structure:Code>
                <structure:Code id="ME19R3">
                    <common:Annotations>
                        <common:Annotation>
                            <common:AnnotationType>ORDER</common:AnnotationType>
                            <common:AnnotationText xml:lang="en">18990</common:AnnotationText>
                            <common:AnnotationText xml:lang="fr">18990</common:AnnotationText>
                        </common:Annotation>
                    </common:Annotations>
                    <common:Name xml:lang="en">Nuevo Leon, R3</common:Name>
                    <common:Name xml:lang="fr">Nuevo Leon, R3</common:Name>
                    <structure:Parent>
                        <Ref id="ME19"/>
                    </structure:Parent>
                </structure:Code>
                <structure:Code id="ME19R4">
                    <common:Annotations>
                        <common:Annotation>
                            <common:AnnotationType>ORDER</common:AnnotationType>
                            <common:AnnotationText xml:lang="en">19000</common:AnnotationText>
                            <common:AnnotationText xml:lang="fr">19000</common:AnnotationText>
                        </common:Annotation>
                    </common:Annotations>
                    <common:Name xml:lang="en">Nuevo Leon, R4</common:Name>
                    <common:Name xml:lang="fr">Nuevo Leon, R4</common:Name>
                    <structure:Parent>
                        <Ref id="ME19"/>
                    </structure:Parent>
                </structure:Code>
                <structure:Code id="ME19R5">
                    <common:Annotations>
                        <common:Annotation>
                            <common:AnnotationType>ORDER</common:AnnotationType>
                            <common:AnnotationText xml:lang="en">19010</common:AnnotationText>
                            <common:AnnotationText xml:lang="fr">19010</common:AnnotationText>
                        </common:Annotation>
                    </common:Annotations>
                    <common:Name xml:lang="en">Nuevo Leon, R5</common:Name>
                    <common:Name xml:lang="fr">Nuevo Leon, R5</common:Name>
                    <structure:Parent>
                        <Ref id="ME19"/>
                    </structure:Parent>
                </structure:Code>
                <structure:Code id="ME19R6">
                    <common:Annotations>
                        <common:Annotation>
                            <common:AnnotationType>ORDER</common:AnnotationType>
                            <common:AnnotationText xml:lang="en">19020</common:AnnotationText>
                            <common:AnnotationText xml:lang="fr">19020</common:AnnotationText>
                        </common:Annotation>
                    </common:Annotations>
                    <common:Name xml:lang="en">Nuevo Leon, R6</common:Name>
                    <common:Name xml:lang="fr">Nuevo Leon, R6</common:Name>
                    <structure:Parent>
                        <Ref id="ME19"/>
                    </structure:Parent>
                </structure:Code>
                <structure:Code id="ME19R7">
                    <common:Annotations>
                        <common:Annotation>
                            <common:AnnotationType>ORDER</common:AnnotationType>
                            <common:AnnotationText xml:lang="en">19030</common:AnnotationText>
                            <common:AnnotationText xml:lang="fr">19030</common:AnnotationText>
                        </common:Annotation>
                    </common:Annotations>
                    <common:Name xml:lang="en">Nuevo Leon, R7</common:Name>
                    <common:Name xml:lang="fr">Nuevo Leon, R7</common:Name>
                    <structure:Parent>
                        <Ref id="ME19"/>
                    </structure:Parent>
                </structure:Code>
                <structure:Code id="ME20">
                    <common:Annotations>
                        <common:Annotation>
                            <common:AnnotationType>ORDER</common:AnnotationType>
                            <common:AnnotationText xml:lang="en">19040</common:AnnotationText>
                            <common:AnnotationText xml:lang="fr">19040</common:AnnotationText>
                        </common:Annotation>
                    </common:Annotations>
                    <common:Name xml:lang="en">Oaxaca</common:Name>
                    <common:Name xml:lang="fr">Oaxaca</common:Name>
                    <structure:Parent>
                        <Ref id="MEX"/>
                    </structure:Parent>
                </structure:Code>
                <structure:Code id="ME20R1">
                    <common:Annotations>
                        <common:Annotation>
                            <common:AnnotationType>ORDER</common:AnnotationType>
                            <common:AnnotationText xml:lang="en">19050</common:AnnotationText>
                            <common:AnnotationText xml:lang="fr">19050</common:AnnotationText>
                        </common:Annotation>
                    </common:Annotations>
                    <common:Name xml:lang="en">Oaxaca, R1</common:Name>
                    <common:Name xml:lang="fr">Oaxaca, R1</common:Name>
                    <structure:Parent>
                        <Ref id="ME20"/>
                    </structure:Parent>
                </structure:Code>
                <structure:Code id="ME20R2">
                    <common:Annotations>
                        <common:Annotation>
                            <common:AnnotationType>ORDER</common:AnnotationType>
                            <common:AnnotationText xml:lang="en">19060</common:AnnotationText>
                            <common:AnnotationText xml:lang="fr">19060</common:AnnotationText>
                        </common:Annotation>
                    </common:Annotations>
                    <common:Name xml:lang="en">Oaxaca, R2</common:Name>
                    <common:Name xml:lang="fr">Oaxaca, R2</common:Name>
                    <structure:Parent>
                        <Ref id="ME20"/>
                    </structure:Parent>
                </structure:Code>
                <structure:Code id="ME20R3">
                    <common:Annotations>
                        <common:Annotation>
                            <common:AnnotationType>ORDER</common:AnnotationType>
                            <common:AnnotationText xml:lang="en">19070</common:AnnotationText>
                            <common:AnnotationText xml:lang="fr">19070</common:AnnotationText>
                        </common:Annotation>
                    </common:Annotations>
                    <common:Name xml:lang="en">Oaxaca, R3</common:Name>
                    <common:Name xml:lang="fr">Oaxaca, R3</common:Name>
                    <structure:Parent>
                        <Ref id="ME20"/>
                    </structure:Parent>
                </structure:Code>
                <structure:Code id="ME20R4">
                    <common:Annotations>
                        <common:Annotation>
                            <common:AnnotationType>ORDER</common:AnnotationType>
                            <common:AnnotationText xml:lang="en">19080</common:AnnotationText>
                            <common:AnnotationText xml:lang="fr">19080</common:AnnotationText>
                        </common:Annotation>
                    </common:Annotations>
                    <common:Name xml:lang="en">Oaxaca, R4</common:Name>
                    <common:Name xml:lang="fr">Oaxaca, R4</common:Name>
                    <structure:Parent>
                        <Ref id="ME20"/>
                    </structure:Parent>
                </structure:Code>
                <structure:Code id="ME20R5">
                    <common:Annotations>
                        <common:Annotation>
                            <common:AnnotationType>ORDER</common:AnnotationType>
                            <common:AnnotationText xml:lang="en">19090</common:AnnotationText>
                            <common:AnnotationText xml:lang="fr">19090</common:AnnotationText>
                        </common:Annotation>
                    </common:Annotations>
                    <common:Name xml:lang="en">Oaxaca, R5</common:Name>
                    <common:Name xml:lang="fr">Oaxaca, R5</common:Name>
                    <structure:Parent>
                        <Ref id="ME20"/>
                    </structure:Parent>
                </structure:Code>
                <structure:Code id="ME20R6">
                    <common:Annotations>
                        <common:Annotation>
                            <common:AnnotationType>ORDER</common:AnnotationType>
                            <common:AnnotationText xml:lang="en">19100</common:AnnotationText>
                            <common:AnnotationText xml:lang="fr">19100</common:AnnotationText>
                        </common:Annotation>
                    </common:Annotations>
                    <common:Name xml:lang="en">Oaxaca, R6</common:Name>
                    <common:Name xml:lang="fr">Oaxaca, R6</common:Name>
                    <structure:Parent>
                        <Ref id="ME20"/>
                    </structure:Parent>
                </structure:Code>
                <structure:Code id="ME20R7">
                    <common:Annotations>
                        <common:Annotation>
                            <common:AnnotationType>ORDER</common:AnnotationType>
                            <common:AnnotationText xml:lang="en">19110</common:AnnotationText>
                            <common:AnnotationText xml:lang="fr">19110</common:AnnotationText>
                        </common:Annotation>
                    </common:Annotations>
                    <common:Name xml:lang="en">Oaxaca, R7</common:Name>
                    <common:Name xml:lang="fr">Oaxaca, R7</common:Name>
                    <structure:Parent>
                        <Ref id="ME20"/>
                    </structure:Parent>
                </structure:Code>
                <structure:Code id="ME20R8">
                    <common:Annotations>
                        <common:Annotation>
                            <common:AnnotationType>ORDER</common:AnnotationType>
                            <common:AnnotationText xml:lang="en">19120</common:AnnotationText>
                            <common:AnnotationText xml:lang="fr">19120</common:AnnotationText>
                        </common:Annotation>
                    </common:Annotations>
                    <common:Name xml:lang="en">Oaxaca, R8</common:Name>
                    <common:Name xml:lang="fr">Oaxaca, R8</common:Name>
                    <structure:Parent>
                        <Ref id="ME20"/>
                    </structure:Parent>
                </structure:Code>
                <structure:Code id="ME21">
                    <common:Annotations>
                        <common:Annotation>
                            <common:AnnotationType>ORDER</common:AnnotationType>
                            <common:AnnotationText xml:lang="en">19130</common:AnnotationText>
                            <common:AnnotationText xml:lang="fr">19130</common:AnnotationText>
                        </common:Annotation>
                    </common:Annotations>
                    <common:Name xml:lang="en">Puebla</common:Name>
                    <common:Name xml:lang="fr">Puebla</common:Name>
                    <structure:Parent>
                        <Ref id="MEX"/>
                    </structure:Parent>
                </structure:Code>
                <structure:Code id="ME21R1">
                    <common:Annotations>
                        <common:Annotation>
                            <common:AnnotationType>ORDER</common:AnnotationType>
                            <common:AnnotationText xml:lang="en">19140</common:AnnotationText>
                            <common:AnnotationText xml:lang="fr">19140</common:AnnotationText>
                        </common:Annotation>
                    </common:Annotations>
                    <common:Name xml:lang="en">Puebla, R1</common:Name>
                    <common:Name xml:lang="fr">Puebla, R1</common:Name>
                    <structure:Parent>
                        <Ref id="ME21"/>
                    </structure:Parent>
                </structure:Code>
                <structure:Code id="ME21R2">
                    <common:Annotations>
                        <common:Annotation>
                            <common:AnnotationType>ORDER</common:AnnotationType>
                            <common:AnnotationText xml:lang="en">19150</common:AnnotationText>
                            <common:AnnotationText xml:lang="fr">19150</common:AnnotationText>
                        </common:Annotation>
                    </common:Annotations>
                    <common:Name xml:lang="en">Puebla, R2</common:Name>
                    <common:Name xml:lang="fr">Puebla, R2</common:Name>
                    <structure:Parent>
                        <Ref id="ME21"/>
                    </structure:Parent>
                </structure:Code>
                <structure:Code id="ME21R3">
                    <common:Annotations>
                        <common:Annotation>
                            <common:AnnotationType>ORDER</common:AnnotationType>
                            <common:AnnotationText xml:lang="en">19160</common:AnnotationText>
                            <common:AnnotationText xml:lang="fr">19160</common:AnnotationText>
                        </common:Annotation>
                    </common:Annotations>
                    <common:Name xml:lang="en">Puebla, R3</common:Name>
                    <common:Name xml:lang="fr">Puebla, R3</common:Name>
                    <structure:Parent>
                        <Ref id="ME21"/>
                    </structure:Parent>
                </structure:Code>
                <structure:Code id="ME21R4">
                    <common:Annotations>
                        <common:Annotation>
                            <common:AnnotationType>ORDER</common:AnnotationType>
                            <common:AnnotationText xml:lang="en">19170</common:AnnotationText>
                            <common:AnnotationText xml:lang="fr">19170</common:AnnotationText>
                        </common:Annotation>
                    </common:Annotations>
                    <common:Name xml:lang="en">Puebla, R4</common:Name>
                    <common:Name xml:lang="fr">Puebla, R4</common:Name>
                    <structure:Parent>
                        <Ref id="ME21"/>
                    </structure:Parent>
                </structure:Code>
                <structure:Code id="ME21R5">
                    <common:Annotations>
                        <common:Annotation>
                            <common:AnnotationType>ORDER</common:AnnotationType>
                            <common:AnnotationText xml:lang="en">19180</common:AnnotationText>
                            <common:AnnotationText xml:lang="fr">19180</common:AnnotationText>
                        </common:Annotation>
                    </common:Annotations>
                    <common:Name xml:lang="en">Puebla, R5</common:Name>
                    <common:Name xml:lang="fr">Puebla, R5</common:Name>
                    <structure:Parent>
                        <Ref id="ME21"/>
                    </structure:Parent>
                </structure:Code>
                <structure:Code id="ME21R6">
                    <common:Annotations>
                        <common:Annotation>
                            <common:AnnotationType>ORDER</common:AnnotationType>
                            <common:AnnotationText xml:lang="en">19190</common:AnnotationText>
                            <common:AnnotationText xml:lang="fr">19190</common:AnnotationText>
                        </common:Annotation>
                    </common:Annotations>
                    <common:Name xml:lang="en">Puebla, R6</common:Name>
                    <common:Name xml:lang="fr">Puebla, R6</common:Name>
                    <structure:Parent>
                        <Ref id="ME21"/>
                    </structure:Parent>
                </structure:Code>
                <structure:Code id="ME21R7">
                    <common:Annotations>
                        <common:Annotation>
                            <common:AnnotationType>ORDER</common:AnnotationType>
                            <common:AnnotationText xml:lang="en">19200</common:AnnotationText>
                            <common:AnnotationText xml:lang="fr">19200</common:AnnotationText>
                        </common:Annotation>
                    </common:Annotations>
                    <common:Name xml:lang="en">Puebla, R7</common:Name>
                    <common:Name xml:lang="fr">Puebla, R7</common:Name>
                    <structure:Parent>
                        <Ref id="ME21"/>
                    </structure:Parent>
                </structure:Code>
                <structure:Code id="ME22">
                    <common:Annotations>
                        <common:Annotation>
                            <common:AnnotationType>ORDER</common:AnnotationType>
                            <common:AnnotationText xml:lang="en">19210</common:AnnotationText>
                            <common:AnnotationText xml:lang="fr">19210</common:AnnotationText>
                        </common:Annotation>
                    </common:Annotations>
                    <common:Name xml:lang="en">Queretaro</common:Name>
                    <common:Name xml:lang="fr">Queretaro</common:Name>
                    <structure:Parent>
                        <Ref id="MEX"/>
                    </structure:Parent>
                </structure:Code>
                <structure:Code id="ME22R1">
                    <common:Annotations>
                        <common:Annotation>
                            <common:AnnotationType>ORDER</common:AnnotationType>
                            <common:AnnotationText xml:lang="en">19220</common:AnnotationText>
                            <common:AnnotationText xml:lang="fr">19220</common:AnnotationText>
                        </common:Annotation>
                    </common:Annotations>
                    <common:Name xml:lang="en">Queretaro, R1</common:Name>
                    <common:Name xml:lang="fr">Queretaro, R1</common:Name>
                    <structure:Parent>
                        <Ref id="ME22"/>
                    </structure:Parent>
                </structure:Code>
                <structure:Code id="ME22R2">
                    <common:Annotations>
                        <common:Annotation>
                            <common:AnnotationType>ORDER</common:AnnotationType>
                            <common:AnnotationText xml:lang="en">19230</common:AnnotationText>
                            <common:AnnotationText xml:lang="fr">19230</common:AnnotationText>
                        </common:Annotation>
                    </common:Annotations>
                    <common:Name xml:lang="en">Queretaro, R2</common:Name>
                    <common:Name xml:lang="fr">Queretaro, R2</common:Name>
                    <structure:Parent>
                        <Ref id="ME22"/>
                    </structure:Parent>
                </structure:Code>
                <structure:Code id="ME22R3">
                    <common:Annotations>
                        <common:Annotation>
                            <common:AnnotationType>ORDER</common:AnnotationType>
                            <common:AnnotationText xml:lang="en">19240</common:AnnotationText>
                            <common:AnnotationText xml:lang="fr">19240</common:AnnotationText>
                        </common:Annotation>
                    </common:Annotations>
                    <common:Name xml:lang="en">Queretaro, R3</common:Name>
                    <common:Name xml:lang="fr">Queretaro, R3</common:Name>
                    <structure:Parent>
                        <Ref id="ME22"/>
                    </structure:Parent>
                </structure:Code>
                <structure:Code id="ME22R4">
                    <common:Annotations>
                        <common:Annotation>
                            <common:AnnotationType>ORDER</common:AnnotationType>
                            <common:AnnotationText xml:lang="en">19250</common:AnnotationText>
                            <common:AnnotationText xml:lang="fr">19250</common:AnnotationText>
                        </common:Annotation>
                    </common:Annotations>
                    <common:Name xml:lang="en">Queretaro, R4</common:Name>
                    <common:Name xml:lang="fr">Queretaro, R4</common:Name>
                    <structure:Parent>
                        <Ref id="ME22"/>
                    </structure:Parent>
                </structure:Code>
                <structure:Code id="ME22R5">
                    <common:Annotations>
                        <common:Annotation>
                            <common:AnnotationType>ORDER</common:AnnotationType>
                            <common:AnnotationText xml:lang="en">19260</common:AnnotationText>
                            <common:AnnotationText xml:lang="fr">19260</common:AnnotationText>
                        </common:Annotation>
                    </common:Annotations>
                    <common:Name xml:lang="en">Queretaro, R5</common:Name>
                    <common:Name xml:lang="fr">Queretaro, R5</common:Name>
                    <structure:Parent>
                        <Ref id="ME22"/>
                    </structure:Parent>
                </structure:Code>
                <structure:Code id="ME23">
                    <common:Annotations>
                        <common:Annotation>
                            <common:AnnotationType>ORDER</common:AnnotationType>
                            <common:AnnotationText xml:lang="en">19270</common:AnnotationText>
                            <common:AnnotationText xml:lang="fr">19270</common:AnnotationText>
                        </common:Annotation>
                    </common:Annotations>
                    <common:Name xml:lang="en">Quintana Roo</common:Name>
                    <common:Name xml:lang="fr">Quintana Roo</common:Name>
                    <structure:Parent>
                        <Ref id="MEX"/>
                    </structure:Parent>
                </structure:Code>
                <structure:Code id="ME23R1">
                    <common:Annotations>
                        <common:Annotation>
                            <common:AnnotationType>ORDER</common:AnnotationType>
                            <common:AnnotationText xml:lang="en">19280</common:AnnotationText>
                            <common:AnnotationText xml:lang="fr">19280</common:AnnotationText>
                        </common:Annotation>
                    </common:Annotations>
                    <common:Name xml:lang="en">Quintana Roo, R1</common:Name>
                    <common:Name xml:lang="fr">Quintana Roo, R1</common:Name>
                    <structure:Parent>
                        <Ref id="ME23"/>
                    </structure:Parent>
                </structure:Code>
                <structure:Code id="ME23R2">
                    <common:Annotations>
                        <common:Annotation>
                            <common:AnnotationType>ORDER</common:AnnotationType>
                            <common:AnnotationText xml:lang="en">19290</common:AnnotationText>
                            <common:AnnotationText xml:lang="fr">19290</common:AnnotationText>
                        </common:Annotation>
                    </common:Annotations>
                    <common:Name xml:lang="en">Quintana Roo, R2</common:Name>
                    <common:Name xml:lang="fr">Quintana Roo, R2</common:Name>
                    <structure:Parent>
                        <Ref id="ME23"/>
                    </structure:Parent>
                </structure:Code>
                <structure:Code id="ME23R3">
                    <common:Annotations>
                        <common:Annotation>
                            <common:AnnotationType>ORDER</common:AnnotationType>
                            <common:AnnotationText xml:lang="en">19300</common:AnnotationText>
                            <common:AnnotationText xml:lang="fr">19300</common:AnnotationText>
                        </common:Annotation>
                    </common:Annotations>
                    <common:Name xml:lang="en">Quintana Roo, R3</common:Name>
                    <common:Name xml:lang="fr">Quintana Roo, R3</common:Name>
                    <structure:Parent>
                        <Ref id="ME23"/>
                    </structure:Parent>
                </structure:Code>
                <structure:Code id="ME23R4">
                    <common:Annotations>
                        <common:Annotation>
                            <common:AnnotationType>ORDER</common:AnnotationType>
                            <common:AnnotationText xml:lang="en">19310</common:AnnotationText>
                            <common:AnnotationText xml:lang="fr">19310</common:AnnotationText>
                        </common:Annotation>
                    </common:Annotations>
                    <common:Name xml:lang="en">Quintana Roo, R4</common:Name>
                    <common:Name xml:lang="fr">Quintana Roo, R4</common:Name>
                    <structure:Parent>
                        <Ref id="ME23"/>
                    </structure:Parent>
                </structure:Code>
                <structure:Code id="ME24">
                    <common:Annotations>
                        <common:Annotation>
                            <common:AnnotationType>ORDER</common:AnnotationType>
                            <common:AnnotationText xml:lang="en">19320</common:AnnotationText>
                            <common:AnnotationText xml:lang="fr">19320</common:AnnotationText>
                        </common:Annotation>
                    </common:Annotations>
                    <common:Name xml:lang="en">San Luis Potosi</common:Name>
                    <common:Name xml:lang="fr">San Luis Potosi</common:Name>
                    <structure:Parent>
                        <Ref id="MEX"/>
                    </structure:Parent>
                </structure:Code>
                <structure:Code id="ME24R1">
                    <common:Annotations>
                        <common:Annotation>
                            <common:AnnotationType>ORDER</common:AnnotationType>
                            <common:AnnotationText xml:lang="en">19330</common:AnnotationText>
                            <common:AnnotationText xml:lang="fr">19330</common:AnnotationText>
                        </common:Annotation>
                    </common:Annotations>
                    <common:Name xml:lang="en">San Luis Potosi, R1</common:Name>
                    <common:Name xml:lang="fr">San Luis Potosi, R1</common:Name>
                    <structure:Parent>
                        <Ref id="ME24"/>
                    </structure:Parent>
                </structure:Code>
                <structure:Code id="ME24R2">
                    <common:Annotations>
                        <common:Annotation>
                            <common:AnnotationType>ORDER</common:AnnotationType>
                            <common:AnnotationText xml:lang="en">19340</common:AnnotationText>
                            <common:AnnotationText xml:lang="fr">19340</common:AnnotationText>
                        </common:Annotation>
                    </common:Annotations>
                    <common:Name xml:lang="en">San Luis Potosi, R2</common:Name>
                    <common:Name xml:lang="fr">San Luis Potosi, R2</common:Name>
                    <structure:Parent>
                        <Ref id="ME24"/>
                    </structure:Parent>
                </structure:Code>
                <structure:Code id="ME24R3">
                    <common:Annotations>
                        <common:Annotation>
                            <common:AnnotationType>ORDER</common:AnnotationType>
                            <common:AnnotationText xml:lang="en">19350</common:AnnotationText>
                            <common:AnnotationText xml:lang="fr">19350</common:AnnotationText>
                        </common:Annotation>
                    </common:Annotations>
                    <common:Name xml:lang="en">San Luis Potosi, R3</common:Name>
                    <common:Name xml:lang="fr">San Luis Potosi, R3</common:Name>
                    <structure:Parent>
                        <Ref id="ME24"/>
                    </structure:Parent>
                </structure:Code>
                <structure:Code id="ME24R4">
                    <common:Annotations>
                        <common:Annotation>
                            <common:AnnotationType>ORDER</common:AnnotationType>
                            <common:AnnotationText xml:lang="en">19360</common:AnnotationText>
                            <common:AnnotationText xml:lang="fr">19360</common:AnnotationText>
                        </common:Annotation>
                    </common:Annotations>
                    <common:Name xml:lang="en">San Luis Potosi, R4</common:Name>
                    <common:Name xml:lang="fr">San Luis Potosi, R4</common:Name>
                    <structure:Parent>
                        <Ref id="ME24"/>
                    </structure:Parent>
                </structure:Code>
                <structure:Code id="ME25">
                    <common:Annotations>
                        <common:Annotation>
                            <common:AnnotationType>ORDER</common:AnnotationType>
                            <common:AnnotationText xml:lang="en">19370</common:AnnotationText>
                            <common:AnnotationText xml:lang="fr">19370</common:AnnotationText>
                        </common:Annotation>
                    </common:Annotations>
                    <common:Name xml:lang="en">Sinaloa</common:Name>
                    <common:Name xml:lang="fr">Sinaloa</common:Name>
                    <structure:Parent>
                        <Ref id="MEX"/>
                    </structure:Parent>
                </structure:Code>
                <structure:Code id="ME25R1">
                    <common:Annotations>
                        <common:Annotation>
                            <common:AnnotationType>ORDER</common:AnnotationType>
                            <common:AnnotationText xml:lang="en">19380</common:AnnotationText>
                            <common:AnnotationText xml:lang="fr">19380</common:AnnotationText>
                        </common:Annotation>
                    </common:Annotations>
                    <common:Name xml:lang="en">Sinaloa, R1</common:Name>
                    <common:Name xml:lang="fr">Sinaloa, R1</common:Name>
                    <structure:Parent>
                        <Ref id="ME25"/>
                    </structure:Parent>
                </structure:Code>
                <structure:Code id="ME25R2">
                    <common:Annotations>
                        <common:Annotation>
                            <common:AnnotationType>ORDER</common:AnnotationType>
                            <common:AnnotationText xml:lang="en">19390</common:AnnotationText>
                            <common:AnnotationText xml:lang="fr">19390</common:AnnotationText>
                        </common:Annotation>
                    </common:Annotations>
                    <common:Name xml:lang="en">Sinaloa, R2</common:Name>
                    <common:Name xml:lang="fr">Sinaloa, R2</common:Name>
                    <structure:Parent>
                        <Ref id="ME25"/>
                    </structure:Parent>
                </structure:Code>
                <structure:Code id="ME25R3">
                    <common:Annotations>
                        <common:Annotation>
                            <common:AnnotationType>ORDER</common:AnnotationType>
                            <common:AnnotationText xml:lang="en">19400</common:AnnotationText>
                            <common:AnnotationText xml:lang="fr">19400</common:AnnotationText>
                        </common:Annotation>
                    </common:Annotations>
                    <common:Name xml:lang="en">Sinaloa, R3</common:Name>
                    <common:Name xml:lang="fr">Sinaloa, R3</common:Name>
                    <structure:Parent>
                        <Ref id="ME25"/>
                    </structure:Parent>
                </structure:Code>
                <structure:Code id="ME25R4">
                    <common:Annotations>
                        <common:Annotation>
                            <common:AnnotationType>ORDER</common:AnnotationType>
                            <common:AnnotationText xml:lang="en">19410</common:AnnotationText>
                            <common:AnnotationText xml:lang="fr">19410</common:AnnotationText>
                        </common:Annotation>
                    </common:Annotations>
                    <common:Name xml:lang="en">Sinaloa, R4</common:Name>
                    <common:Name xml:lang="fr">Sinaloa, R4</common:Name>
                    <structure:Parent>
                        <Ref id="ME25"/>
                    </structure:Parent>
                </structure:Code>
                <structure:Code id="ME25R5">
                    <common:Annotations>
                        <common:Annotation>
                            <common:AnnotationType>ORDER</common:AnnotationType>
                            <common:AnnotationText xml:lang="en">19420</common:AnnotationText>
                            <common:AnnotationText xml:lang="fr">19420</common:AnnotationText>
                        </common:Annotation>
                    </common:Annotations>
                    <common:Name xml:lang="en">Sinaloa, R5</common:Name>
                    <common:Name xml:lang="fr">Sinaloa, R5</common:Name>
                    <structure:Parent>
                        <Ref id="ME25"/>
                    </structure:Parent>
                </structure:Code>
                <structure:Code id="ME26">
                    <common:Annotations>
                        <common:Annotation>
                            <common:AnnotationType>ORDER</common:AnnotationType>
                            <common:AnnotationText xml:lang="en">19430</common:AnnotationText>
                            <common:AnnotationText xml:lang="fr">19430</common:AnnotationText>
                        </common:Annotation>
                    </common:Annotations>
                    <common:Name xml:lang="en">Sonora</common:Name>
                    <common:Name xml:lang="fr">Sonora</common:Name>
                    <structure:Parent>
                        <Ref id="MEX"/>
                    </structure:Parent>
                </structure:Code>
                <structure:Code id="ME26R1">
                    <common:Annotations>
                        <common:Annotation>
                            <common:AnnotationType>ORDER</common:AnnotationType>
                            <common:AnnotationText xml:lang="en">19440</common:AnnotationText>
                            <common:AnnotationText xml:lang="fr">19440</common:AnnotationText>
                        </common:Annotation>
                    </common:Annotations>
                    <common:Name xml:lang="en">Sonora, R1</common:Name>
                    <common:Name xml:lang="fr">Sonora, R1</common:Name>
                    <structure:Parent>
                        <Ref id="ME26"/>
                    </structure:Parent>
                </structure:Code>
                <structure:Code id="ME26R10">
                    <common:Annotations>
                        <common:Annotation>
                            <common:AnnotationType>ORDER</common:AnnotationType>
                            <common:AnnotationText xml:lang="en">19450</common:AnnotationText>
                            <common:AnnotationText xml:lang="fr">19450</common:AnnotationText>
                        </common:Annotation>
                    </common:Annotations>
                    <common:Name xml:lang="en">Sonora, R10</common:Name>
                    <common:Name xml:lang="fr">Sonora, R10</common:Name>
                    <structure:Parent>
                        <Ref id="ME26"/>
                    </structure:Parent>
                </structure:Code>
                <structure:Code id="ME26R11">
                    <common:Annotations>
                        <common:Annotation>
                            <common:AnnotationType>ORDER</common:AnnotationType>
                            <common:AnnotationText xml:lang="en">19460</common:AnnotationText>
                            <common:AnnotationText xml:lang="fr">19460</common:AnnotationText>
                        </common:Annotation>
                    </common:Annotations>
                    <common:Name xml:lang="en">Sonora, R11</common:Name>
                    <common:Name xml:lang="fr">Sonora, R11</common:Name>
                    <structure:Parent>
                        <Ref id="ME26"/>
                    </structure:Parent>
                </structure:Code>
                <structure:Code id="ME26R12">
                    <common:Annotations>
                        <common:Annotation>
                            <common:AnnotationType>ORDER</common:AnnotationType>
                            <common:AnnotationText xml:lang="en">19470</common:AnnotationText>
                            <common:AnnotationText xml:lang="fr">19470</common:AnnotationText>
                        </common:Annotation>
                    </common:Annotations>
                    <common:Name xml:lang="en">Sonora, R12</common:Name>
                    <common:Name xml:lang="fr">Sonora, R12</common:Name>
                    <structure:Parent>
                        <Ref id="ME26"/>
                    </structure:Parent>
                </structure:Code>
                <structure:Code id="ME26R2">
                    <common:Annotations>
                        <common:Annotation>
                            <common:AnnotationType>ORDER</common:AnnotationType>
                            <common:AnnotationText xml:lang="en">19480</common:AnnotationText>
                            <common:AnnotationText xml:lang="fr">19480</common:AnnotationText>
                        </common:Annotation>
                    </common:Annotations>
                    <common:Name xml:lang="en">Sonora, R2</common:Name>
                    <common:Name xml:lang="fr">Sonora, R2</common:Name>
                    <structure:Parent>
                        <Ref id="ME26"/>
                    </structure:Parent>
                </structure:Code>
                <structure:Code id="ME26R3">
                    <common:Annotations>
                        <common:Annotation>
                            <common:AnnotationType>ORDER</common:AnnotationType>
                            <common:AnnotationText xml:lang="en">19490</common:AnnotationText>
                            <common:AnnotationText xml:lang="fr">19490</common:AnnotationText>
                        </common:Annotation>
                    </common:Annotations>
                    <common:Name xml:lang="en">Sonora, R3</common:Name>
                    <common:Name xml:lang="fr">Sonora, R3</common:Name>
                    <structure:Parent>
                        <Ref id="ME26"/>
                    </structure:Parent>
                </structure:Code>
                <structure:Code id="ME26R4">
                    <common:Annotations>
                        <common:Annotation>
                            <common:AnnotationType>ORDER</common:AnnotationType>
                            <common:AnnotationText xml:lang="en">19500</common:AnnotationText>
                            <common:AnnotationText xml:lang="fr">19500</common:AnnotationText>
                        </common:Annotation>
                    </common:Annotations>
                    <common:Name xml:lang="en">Sonora, R4</common:Name>
                    <common:Name xml:lang="fr">Sonora, R4</common:Name>
                    <structure:Parent>
                        <Ref id="ME26"/>
                    </structure:Parent>
                </structure:Code>
                <structure:Code id="ME26R5">
                    <common:Annotations>
                        <common:Annotation>
                            <common:AnnotationType>ORDER</common:AnnotationType>
                            <common:AnnotationText xml:lang="en">19510</common:AnnotationText>
                            <common:AnnotationText xml:lang="fr">19510</common:AnnotationText>
                        </common:Annotation>
                    </common:Annotations>
                    <common:Name xml:lang="en">Sonora, R5</common:Name>
                    <common:Name xml:lang="fr">Sonora, R5</common:Name>
                    <structure:Parent>
                        <Ref id="ME26"/>
                    </structure:Parent>
                </structure:Code>
                <structure:Code id="ME26R6">
                    <common:Annotations>
                        <common:Annotation>
                            <common:AnnotationType>ORDER</common:AnnotationType>
                            <common:AnnotationText xml:lang="en">19520</common:AnnotationText>
                            <common:AnnotationText xml:lang="fr">19520</common:AnnotationText>
                        </common:Annotation>
                    </common:Annotations>
                    <common:Name xml:lang="en">Sonora, R6</common:Name>
                    <common:Name xml:lang="fr">Sonora, R6</common:Name>
                    <structure:Parent>
                        <Ref id="ME26"/>
                    </structure:Parent>
                </structure:Code>
                <structure:Code id="ME26R7">
                    <common:Annotations>
                        <common:Annotation>
                            <common:AnnotationType>ORDER</common:AnnotationType>
                            <common:AnnotationText xml:lang="en">19530</common:AnnotationText>
                            <common:AnnotationText xml:lang="fr">19530</common:AnnotationText>
                        </common:Annotation>
                    </common:Annotations>
                    <common:Name xml:lang="en">Sonora, R7</common:Name>
                    <common:Name xml:lang="fr">Sonora, R7</common:Name>
                    <structure:Parent>
                        <Ref id="ME26"/>
                    </structure:Parent>
                </structure:Code>
                <structure:Code id="ME26R8">
                    <common:Annotations>
                        <common:Annotation>
                            <common:AnnotationType>ORDER</common:AnnotationType>
                            <common:AnnotationText xml:lang="en">19540</common:AnnotationText>
                            <common:AnnotationText xml:lang="fr">19540</common:AnnotationText>
                        </common:Annotation>
                    </common:Annotations>
                    <common:Name xml:lang="en">Sonora, R8</common:Name>
                    <common:Name xml:lang="fr">Sonora, R8</common:Name>
                    <structure:Parent>
                        <Ref id="ME26"/>
                    </structure:Parent>
                </structure:Code>
                <structure:Code id="ME26R9">
                    <common:Annotations>
                        <common:Annotation>
                            <common:AnnotationType>ORDER</common:AnnotationType>
                            <common:AnnotationText xml:lang="en">19550</common:AnnotationText>
                            <common:AnnotationText xml:lang="fr">19550</common:AnnotationText>
                        </common:Annotation>
                    </common:Annotations>
                    <common:Name xml:lang="en">Sonora, R9</common:Name>
                    <common:Name xml:lang="fr">Sonora, R9</common:Name>
                    <structure:Parent>
                        <Ref id="ME26"/>
                    </structure:Parent>
                </structure:Code>
                <structure:Code id="ME27">
                    <common:Annotations>
                        <common:Annotation>
                            <common:AnnotationType>ORDER</common:AnnotationType>
                            <common:AnnotationText xml:lang="en">19560</common:AnnotationText>
                            <common:AnnotationText xml:lang="fr">19560</common:AnnotationText>
                        </common:Annotation>
                    </common:Annotations>
                    <common:Name xml:lang="en">Tabasco</common:Name>
                    <common:Name xml:lang="fr">Tabasco</common:Name>
                    <structure:Parent>
                        <Ref id="MEX"/>
                    </structure:Parent>
                </structure:Code>
                <structure:Code id="ME27R1">
                    <common:Annotations>
                        <common:Annotation>
                            <common:AnnotationType>ORDER</common:AnnotationType>
                            <common:AnnotationText xml:lang="en">19570</common:AnnotationText>
                            <common:AnnotationText xml:lang="fr">19570</common:AnnotationText>
                        </common:Annotation>
                    </common:Annotations>
                    <common:Name xml:lang="en">Tabasco, R1</common:Name>
                    <common:Name xml:lang="fr">Tabasco, R1</common:Name>
                    <structure:Parent>
                        <Ref id="ME27"/>
                    </structure:Parent>
                </structure:Code>
                <structure:Code id="ME27R2">
                    <common:Annotations>
                        <common:Annotation>
                            <common:AnnotationType>ORDER</common:AnnotationType>
                            <common:AnnotationText xml:lang="en">19580</common:AnnotationText>
                            <common:AnnotationText xml:lang="fr">19580</common:AnnotationText>
                        </common:Annotation>
                    </common:Annotations>
                    <common:Name xml:lang="en">Tabasco, R2</common:Name>
                    <common:Name xml:lang="fr">Tabasco, R2</common:Name>
                    <structure:Parent>
                        <Ref id="ME27"/>
                    </structure:Parent>
                </structure:Code>
                <structure:Code id="ME27R3">
                    <common:Annotations>
                        <common:Annotation>
                            <common:AnnotationType>ORDER</common:AnnotationType>
                            <common:AnnotationText xml:lang="en">19590</common:AnnotationText>
                            <common:AnnotationText xml:lang="fr">19590</common:AnnotationText>
                        </common:Annotation>
                    </common:Annotations>
                    <common:Name xml:lang="en">Tabasco, R3</common:Name>
                    <common:Name xml:lang="fr">Tabasco, R3</common:Name>
                    <structure:Parent>
                        <Ref id="ME27"/>
                    </structure:Parent>
                </structure:Code>
                <structure:Code id="ME27R4">
                    <common:Annotations>
                        <common:Annotation>
                            <common:AnnotationType>ORDER</common:AnnotationType>
                            <common:AnnotationText xml:lang="en">19600</common:AnnotationText>
                            <common:AnnotationText xml:lang="fr">19600</common:AnnotationText>
                        </common:Annotation>
                    </common:Annotations>
                    <common:Name xml:lang="en">Tabasco, R4</common:Name>
                    <common:Name xml:lang="fr">Tabasco, R4</common:Name>
                    <structure:Parent>
                        <Ref id="ME27"/>
                    </structure:Parent>
                </structure:Code>
                <structure:Code id="ME28">
                    <common:Annotations>
                        <common:Annotation>
                            <common:AnnotationType>ORDER</common:AnnotationType>
                            <common:AnnotationText xml:lang="en">19610</common:AnnotationText>
                            <common:AnnotationText xml:lang="fr">19610</common:AnnotationText>
                        </common:Annotation>
                    </common:Annotations>
                    <common:Name xml:lang="en">Tamaulipas</common:Name>
                    <common:Name xml:lang="fr">Tamaulipas</common:Name>
                    <structure:Parent>
                        <Ref id="MEX"/>
                    </structure:Parent>
                </structure:Code>
                <structure:Code id="ME28R1">
                    <common:Annotations>
                        <common:Annotation>
                            <common:AnnotationType>ORDER</common:AnnotationType>
                            <common:AnnotationText xml:lang="en">19620</common:AnnotationText>
                            <common:AnnotationText xml:lang="fr">19620</common:AnnotationText>
                        </common:Annotation>
                    </common:Annotations>
                    <common:Name xml:lang="en">Tamaulipas, R1</common:Name>
                    <common:Name xml:lang="fr">Tamaulipas, R1</common:Name>
                    <structure:Parent>
                        <Ref id="ME28"/>
                    </structure:Parent>
                </structure:Code>
                <structure:Code id="ME28R2">
                    <common:Annotations>
                        <common:Annotation>
                            <common:AnnotationType>ORDER</common:AnnotationType>
                            <common:AnnotationText xml:lang="en">19630</common:AnnotationText>
                            <common:AnnotationText xml:lang="fr">19630</common:AnnotationText>
                        </common:Annotation>
                    </common:Annotations>
                    <common:Name xml:lang="en">Tamaulipas, R2</common:Name>
                    <common:Name xml:lang="fr">Tamaulipas, R2</common:Name>
                    <structure:Parent>
                        <Ref id="ME28"/>
                    </structure:Parent>
                </structure:Code>
                <structure:Code id="ME28R3">
                    <common:Annotations>
                        <common:Annotation>
                            <common:AnnotationType>ORDER</common:AnnotationType>
                            <common:AnnotationText xml:lang="en">19640</common:AnnotationText>
                            <common:AnnotationText xml:lang="fr">19640</common:AnnotationText>
                        </common:Annotation>
                    </common:Annotations>
                    <common:Name xml:lang="en">Tamaulipas, R3</common:Name>
                    <common:Name xml:lang="fr">Tamaulipas, R3</common:Name>
                    <structure:Parent>
                        <Ref id="ME28"/>
                    </structure:Parent>
                </structure:Code>
                <structure:Code id="ME28R4">
                    <common:Annotations>
                        <common:Annotation>
                            <common:AnnotationType>ORDER</common:AnnotationType>
                            <common:AnnotationText xml:lang="en">19650</common:AnnotationText>
                            <common:AnnotationText xml:lang="fr">19650</common:AnnotationText>
                        </common:Annotation>
                    </common:Annotations>
                    <common:Name xml:lang="en">Tamaulipas, R4</common:Name>
                    <common:Name xml:lang="fr">Tamaulipas, R4</common:Name>
                    <structure:Parent>
                        <Ref id="ME28"/>
                    </structure:Parent>
                </structure:Code>
                <structure:Code id="ME29">
                    <common:Annotations>
                        <common:Annotation>
                            <common:AnnotationType>ORDER</common:AnnotationType>
                            <common:AnnotationText xml:lang="en">19660</common:AnnotationText>
                            <common:AnnotationText xml:lang="fr">19660</common:AnnotationText>
                        </common:Annotation>
                    </common:Annotations>
                    <common:Name xml:lang="en">Tlaxcala</common:Name>
                    <common:Name xml:lang="fr">Tlaxcala</common:Name>
                    <structure:Parent>
                        <Ref id="MEX"/>
                    </structure:Parent>
                </structure:Code>
                <structure:Code id="ME29R1">
                    <common:Annotations>
                        <common:Annotation>
                            <common:AnnotationType>ORDER</common:AnnotationType>
                            <common:AnnotationText xml:lang="en">19670</common:AnnotationText>
                            <common:AnnotationText xml:lang="fr">19670</common:AnnotationText>
                        </common:Annotation>
                    </common:Annotations>
                    <common:Name xml:lang="en">Tlaxcala, R1</common:Name>
                    <common:Name xml:lang="fr">Tlaxcala, R1</common:Name>
                    <structure:Parent>
                        <Ref id="ME29"/>
                    </structure:Parent>
                </structure:Code>
                <structure:Code id="ME29R2">
                    <common:Annotations>
                        <common:Annotation>
                            <common:AnnotationType>ORDER</common:AnnotationType>
                            <common:AnnotationText xml:lang="en">19680</common:AnnotationText>
                            <common:AnnotationText xml:lang="fr">19680</common:AnnotationText>
                        </common:Annotation>
                    </common:Annotations>
                    <common:Name xml:lang="en">Tlaxcala, R2</common:Name>
                    <common:Name xml:lang="fr">Tlaxcala, R2</common:Name>
                    <structure:Parent>
                        <Ref id="ME29"/>
                    </structure:Parent>
                </structure:Code>
                <structure:Code id="ME29R3">
                    <common:Annotations>
                        <common:Annotation>
                            <common:AnnotationType>ORDER</common:AnnotationType>
                            <common:AnnotationText xml:lang="en">19690</common:AnnotationText>
                            <common:AnnotationText xml:lang="fr">19690</common:AnnotationText>
                        </common:Annotation>
                    </common:Annotations>
                    <common:Name xml:lang="en">Tlaxcala, R3</common:Name>
                    <common:Name xml:lang="fr">Tlaxcala, R3</common:Name>
                    <structure:Parent>
                        <Ref id="ME29"/>
                    </structure:Parent>
                </structure:Code>
                <structure:Code id="ME29R4">
                    <common:Annotations>
                        <common:Annotation>
                            <common:AnnotationType>ORDER</common:AnnotationType>
                            <common:AnnotationText xml:lang="en">19700</common:AnnotationText>
                            <common:AnnotationText xml:lang="fr">19700</common:AnnotationText>
                        </common:Annotation>
                    </common:Annotations>
                    <common:Name xml:lang="en">Tlaxcala, R4</common:Name>
                    <common:Name xml:lang="fr">Tlaxcala, R4</common:Name>
                    <structure:Parent>
                        <Ref id="ME29"/>
                    </structure:Parent>
                </structure:Code>
                <structure:Code id="ME29R5">
                    <common:Annotations>
                        <common:Annotation>
                            <common:AnnotationType>ORDER</common:AnnotationType>
                            <common:AnnotationText xml:lang="en">19710</common:AnnotationText>
                            <common:AnnotationText xml:lang="fr">19710</common:AnnotationText>
                        </common:Annotation>
                    </common:Annotations>
                    <common:Name xml:lang="en">Tlaxcala, R5</common:Name>
                    <common:Name xml:lang="fr">Tlaxcala, R5</common:Name>
                    <structure:Parent>
                        <Ref id="ME29"/>
                    </structure:Parent>
                </structure:Code>
                <structure:Code id="ME29R6">
                    <common:Annotations>
                        <common:Annotation>
                            <common:AnnotationType>ORDER</common:AnnotationType>
                            <common:AnnotationText xml:lang="en">19720</common:AnnotationText>
                            <common:AnnotationText xml:lang="fr">19720</common:AnnotationText>
                        </common:Annotation>
                    </common:Annotations>
                    <common:Name xml:lang="en">Tlaxcala, R6</common:Name>
                    <common:Name xml:lang="fr">Tlaxcala, R6</common:Name>
                    <structure:Parent>
                        <Ref id="ME29"/>
                    </structure:Parent>
                </structure:Code>
                <structure:Code id="ME29R7">
                    <common:Annotations>
                        <common:Annotation>
                            <common:AnnotationType>ORDER</common:AnnotationType>
                            <common:AnnotationText xml:lang="en">19730</common:AnnotationText>
                            <common:AnnotationText xml:lang="fr">19730</common:AnnotationText>
                        </common:Annotation>
                    </common:Annotations>
                    <common:Name xml:lang="en">Tlaxcala, R7</common:Name>
                    <common:Name xml:lang="fr">Tlaxcala, R7</common:Name>
                    <structure:Parent>
                        <Ref id="ME29"/>
                    </structure:Parent>
                </structure:Code>
                <structure:Code id="ME29R8">
                    <common:Annotations>
                        <common:Annotation>
                            <common:AnnotationType>ORDER</common:AnnotationType>
                            <common:AnnotationText xml:lang="en">19740</common:AnnotationText>
                            <common:AnnotationText xml:lang="fr">19740</common:AnnotationText>
                        </common:Annotation>
                    </common:Annotations>
                    <common:Name xml:lang="en">Tlaxcala, R8</common:Name>
                    <common:Name xml:lang="fr">Tlaxcala, R8</common:Name>
                    <structure:Parent>
                        <Ref id="ME29"/>
                    </structure:Parent>
                </structure:Code>
                <structure:Code id="ME29R9">
                    <common:Annotations>
                        <common:Annotation>
                            <common:AnnotationType>ORDER</common:AnnotationType>
                            <common:AnnotationText xml:lang="en">19750</common:AnnotationText>
                            <common:AnnotationText xml:lang="fr">19750</common:AnnotationText>
                        </common:Annotation>
                    </common:Annotations>
                    <common:Name xml:lang="en">Tlaxcala, R9</common:Name>
                    <common:Name xml:lang="fr">Tlaxcala, R9</common:Name>
                    <structure:Parent>
                        <Ref id="ME29"/>
                    </structure:Parent>
                </structure:Code>
                <structure:Code id="ME30">
                    <common:Annotations>
                        <common:Annotation>
                            <common:AnnotationType>ORDER</common:AnnotationType>
                            <common:AnnotationText xml:lang="en">19760</common:AnnotationText>
                            <common:AnnotationText xml:lang="fr">19760</common:AnnotationText>
                        </common:Annotation>
                    </common:Annotations>
                    <common:Name xml:lang="en">Veracruz</common:Name>
                    <common:Name xml:lang="fr">Veracruz</common:Name>
                    <structure:Parent>
                        <Ref id="MEX"/>
                    </structure:Parent>
                </structure:Code>
                <structure:Code id="ME30R1">
                    <common:Annotations>
                        <common:Annotation>
                            <common:AnnotationType>ORDER</common:AnnotationType>
                            <common:AnnotationText xml:lang="en">19770</common:AnnotationText>
                            <common:AnnotationText xml:lang="fr">19770</common:AnnotationText>
                        </common:Annotation>
                    </common:Annotations>
                    <common:Name xml:lang="en">Veracruz, R1</common:Name>
                    <common:Name xml:lang="fr">Veracruz, R1</common:Name>
                    <structure:Parent>
                        <Ref id="ME30"/>
                    </structure:Parent>
                </structure:Code>
                <structure:Code id="ME30R2">
                    <common:Annotations>
                        <common:Annotation>
                            <common:AnnotationType>ORDER</common:AnnotationType>
                            <common:AnnotationText xml:lang="en">19780</common:AnnotationText>
                            <common:AnnotationText xml:lang="fr">19780</common:AnnotationText>
                        </common:Annotation>
                    </common:Annotations>
                    <common:Name xml:lang="en">Veracruz, R2</common:Name>
                    <common:Name xml:lang="fr">Veracruz, R2</common:Name>
                    <structure:Parent>
                        <Ref id="ME30"/>
                    </structure:Parent>
                </structure:Code>
                <structure:Code id="ME30R3">
                    <common:Annotations>
                        <common:Annotation>
                            <common:AnnotationType>ORDER</common:AnnotationType>
                            <common:AnnotationText xml:lang="en">19790</common:AnnotationText>
                            <common:AnnotationText xml:lang="fr">19790</common:AnnotationText>
                        </common:Annotation>
                    </common:Annotations>
                    <common:Name xml:lang="en">Veracruz, R3</common:Name>
                    <common:Name xml:lang="fr">Veracruz, R3</common:Name>
                    <structure:Parent>
                        <Ref id="ME30"/>
                    </structure:Parent>
                </structure:Code>
                <structure:Code id="ME30R4">
                    <common:Annotations>
                        <common:Annotation>
                            <common:AnnotationType>ORDER</common:AnnotationType>
                            <common:AnnotationText xml:lang="en">19800</common:AnnotationText>
                            <common:AnnotationText xml:lang="fr">19800</common:AnnotationText>
                        </common:Annotation>
                    </common:Annotations>
                    <common:Name xml:lang="en">Veracruz, R4</common:Name>
                    <common:Name xml:lang="fr">Veracruz, R4</common:Name>
                    <structure:Parent>
                        <Ref id="ME30"/>
                    </structure:Parent>
                </structure:Code>
                <structure:Code id="ME30R5">
                    <common:Annotations>
                        <common:Annotation>
                            <common:AnnotationType>ORDER</common:AnnotationType>
                            <common:AnnotationText xml:lang="en">19810</common:AnnotationText>
                            <common:AnnotationText xml:lang="fr">19810</common:AnnotationText>
                        </common:Annotation>
                    </common:Annotations>
                    <common:Name xml:lang="en">Veracruz, R5</common:Name>
                    <common:Name xml:lang="fr">Veracruz, R5</common:Name>
                    <structure:Parent>
                        <Ref id="ME30"/>
                    </structure:Parent>
                </structure:Code>
                <structure:Code id="ME30R6">
                    <common:Annotations>
                        <common:Annotation>
                            <common:AnnotationType>ORDER</common:AnnotationType>
                            <common:AnnotationText xml:lang="en">19820</common:AnnotationText>
                            <common:AnnotationText xml:lang="fr">19820</common:AnnotationText>
                        </common:Annotation>
                    </common:Annotations>
                    <common:Name xml:lang="en">Veracruz, R6</common:Name>
                    <common:Name xml:lang="fr">Veracruz, R6</common:Name>
                    <structure:Parent>
                        <Ref id="ME30"/>
                    </structure:Parent>
                </structure:Code>
                <structure:Code id="ME30R7">
                    <common:Annotations>
                        <common:Annotation>
                            <common:AnnotationType>ORDER</common:AnnotationType>
                            <common:AnnotationText xml:lang="en">19830</common:AnnotationText>
                            <common:AnnotationText xml:lang="fr">19830</common:AnnotationText>
                        </common:Annotation>
                    </common:Annotations>
                    <common:Name xml:lang="en">Veracruz, R7</common:Name>
                    <common:Name xml:lang="fr">Veracruz, R7</common:Name>
                    <structure:Parent>
                        <Ref id="ME30"/>
                    </structure:Parent>
                </structure:Code>
                <structure:Code id="ME31">
                    <common:Annotations>
                        <common:Annotation>
                            <common:AnnotationType>ORDER</common:AnnotationType>
                            <common:AnnotationText xml:lang="en">19840</common:AnnotationText>
                            <common:AnnotationText xml:lang="fr">19840</common:AnnotationText>
                        </common:Annotation>
                    </common:Annotations>
                    <common:Name xml:lang="en">Yucatan</common:Name>
                    <common:Name xml:lang="fr">Yucatan</common:Name>
                    <structure:Parent>
                        <Ref id="MEX"/>
                    </structure:Parent>
                </structure:Code>
                <structure:Code id="ME31R1">
                    <common:Annotations>
                        <common:Annotation>
                            <common:AnnotationType>ORDER</common:AnnotationType>
                            <common:AnnotationText xml:lang="en">19850</common:AnnotationText>
                            <common:AnnotationText xml:lang="fr">19850</common:AnnotationText>
                        </common:Annotation>
                    </common:Annotations>
                    <common:Name xml:lang="en">Yucatan, R1</common:Name>
                    <common:Name xml:lang="fr">Yucatan, R1</common:Name>
                    <structure:Parent>
                        <Ref id="ME31"/>
                    </structure:Parent>
                </structure:Code>
                <structure:Code id="ME31R2">
                    <common:Annotations>
                        <common:Annotation>
                            <common:AnnotationType>ORDER</common:AnnotationType>
                            <common:AnnotationText xml:lang="en">19860</common:AnnotationText>
                            <common:AnnotationText xml:lang="fr">19860</common:AnnotationText>
                        </common:Annotation>
                    </common:Annotations>
                    <common:Name xml:lang="en">Yucatan, R2</common:Name>
                    <common:Name xml:lang="fr">Yucatan, R2</common:Name>
                    <structure:Parent>
                        <Ref id="ME31"/>
                    </structure:Parent>
                </structure:Code>
                <structure:Code id="ME31R3">
                    <common:Annotations>
                        <common:Annotation>
                            <common:AnnotationType>ORDER</common:AnnotationType>
                            <common:AnnotationText xml:lang="en">19870</common:AnnotationText>
                            <common:AnnotationText xml:lang="fr">19870</common:AnnotationText>
                        </common:Annotation>
                    </common:Annotations>
                    <common:Name xml:lang="en">Yucatan, R3</common:Name>
                    <common:Name xml:lang="fr">Yucatan, R3</common:Name>
                    <structure:Parent>
                        <Ref id="ME31"/>
                    </structure:Parent>
                </structure:Code>
                <structure:Code id="ME31R4">
                    <common:Annotations>
                        <common:Annotation>
                            <common:AnnotationType>ORDER</common:AnnotationType>
                            <common:AnnotationText xml:lang="en">19880</common:AnnotationText>
                            <common:AnnotationText xml:lang="fr">19880</common:AnnotationText>
                        </common:Annotation>
                    </common:Annotations>
                    <common:Name xml:lang="en">Yucatan, R4</common:Name>
                    <common:Name xml:lang="fr">Yucatan, R4</common:Name>
                    <structure:Parent>
                        <Ref id="ME31"/>
                    </structure:Parent>
                </structure:Code>
                <structure:Code id="ME31R5">
                    <common:Annotations>
                        <common:Annotation>
                            <common:AnnotationType>ORDER</common:AnnotationType>
                            <common:AnnotationText xml:lang="en">19890</common:AnnotationText>
                            <common:AnnotationText xml:lang="fr">19890</common:AnnotationText>
                        </common:Annotation>
                    </common:Annotations>
                    <common:Name xml:lang="en">Yucatan, R5</common:Name>
                    <common:Name xml:lang="fr">Yucatan, R5</common:Name>
                    <structure:Parent>
                        <Ref id="ME31"/>
                    </structure:Parent>
                </structure:Code>
                <structure:Code id="ME31R6">
                    <common:Annotations>
                        <common:Annotation>
                            <common:AnnotationType>ORDER</common:AnnotationType>
                            <common:AnnotationText xml:lang="en">19900</common:AnnotationText>
                            <common:AnnotationText xml:lang="fr">19900</common:AnnotationText>
                        </common:Annotation>
                    </common:Annotations>
                    <common:Name xml:lang="en">Yucatan, R6</common:Name>
                    <common:Name xml:lang="fr">Yucatan, R6</common:Name>
                    <structure:Parent>
                        <Ref id="ME31"/>
                    </structure:Parent>
                </structure:Code>
                <structure:Code id="ME31R7">
                    <common:Annotations>
                        <common:Annotation>
                            <common:AnnotationType>ORDER</common:AnnotationType>
                            <common:AnnotationText xml:lang="en">19910</common:AnnotationText>
                            <common:AnnotationText xml:lang="fr">19910</common:AnnotationText>
                        </common:Annotation>
                    </common:Annotations>
                    <common:Name xml:lang="en">Yucatan, R7</common:Name>
                    <common:Name xml:lang="fr">Yucatan, R7</common:Name>
                    <structure:Parent>
                        <Ref id="ME31"/>
                    </structure:Parent>
                </structure:Code>
                <structure:Code id="ME31R8">
                    <common:Annotations>
                        <common:Annotation>
                            <common:AnnotationType>ORDER</common:AnnotationType>
                            <common:AnnotationText xml:lang="en">19920</common:AnnotationText>
                            <common:AnnotationText xml:lang="fr">19920</common:AnnotationText>
                        </common:Annotation>
                    </common:Annotations>
                    <common:Name xml:lang="en">Yucatan, R8</common:Name>
                    <common:Name xml:lang="fr">Yucatan, R8</common:Name>
                    <structure:Parent>
                        <Ref id="ME31"/>
                    </structure:Parent>
                </structure:Code>
                <structure:Code id="ME32">
                    <common:Annotations>
                        <common:Annotation>
                            <common:AnnotationType>ORDER</common:AnnotationType>
                            <common:AnnotationText xml:lang="en">19930</common:AnnotationText>
                            <common:AnnotationText xml:lang="fr">19930</common:AnnotationText>
                        </common:Annotation>
                    </common:Annotations>
                    <common:Name xml:lang="en">Zacatecas</common:Name>
                    <common:Name xml:lang="fr">Zacatecas</common:Name>
                    <structure:Parent>
                        <Ref id="MEX"/>
                    </structure:Parent>
                </structure:Code>
                <structure:Code id="ME32R1">
                    <common:Annotations>
                        <common:Annotation>
                            <common:AnnotationType>ORDER</common:AnnotationType>
                            <common:AnnotationText xml:lang="en">19940</common:AnnotationText>
                            <common:AnnotationText xml:lang="fr">19940</common:AnnotationText>
                        </common:Annotation>
                    </common:Annotations>
                    <common:Name xml:lang="en">Zacatecas, R1</common:Name>
                    <common:Name xml:lang="fr">Zacatecas, R1</common:Name>
                    <structure:Parent>
                        <Ref id="ME32"/>
                    </structure:Parent>
                </structure:Code>
                <structure:Code id="ME32R2">
                    <common:Annotations>
                        <common:Annotation>
                            <common:AnnotationType>ORDER</common:AnnotationType>
                            <common:AnnotationText xml:lang="en">19950</common:AnnotationText>
                            <common:AnnotationText xml:lang="fr">19950</common:AnnotationText>
                        </common:Annotation>
                    </common:Annotations>
                    <common:Name xml:lang="en">Zacatecas, R2</common:Name>
                    <common:Name xml:lang="fr">Zacatecas, R2</common:Name>
                    <structure:Parent>
                        <Ref id="ME32"/>
                    </structure:Parent>
                </structure:Code>
                <structure:Code id="ME32R3">
                    <common:Annotations>
                        <common:Annotation>
                            <common:AnnotationType>ORDER</common:AnnotationType>
                            <common:AnnotationText xml:lang="en">19960</common:AnnotationText>
                            <common:AnnotationText xml:lang="fr">19960</common:AnnotationText>
                        </common:Annotation>
                    </common:Annotations>
                    <common:Name xml:lang="en">Zacatecas, R3</common:Name>
                    <common:Name xml:lang="fr">Zacatecas, R3</common:Name>
                    <structure:Parent>
                        <Ref id="ME32"/>
                    </structure:Parent>
                </structure:Code>
                <structure:Code id="ME32R4">
                    <common:Annotations>
                        <common:Annotation>
                            <common:AnnotationType>ORDER</common:AnnotationType>
                            <common:AnnotationText xml:lang="en">19970</common:AnnotationText>
                            <common:AnnotationText xml:lang="fr">19970</common:AnnotationText>
                        </common:Annotation>
                    </common:Annotations>
                    <common:Name xml:lang="en">Zacatecas, R4</common:Name>
                    <common:Name xml:lang="fr">Zacatecas, R4</common:Name>
                    <structure:Parent>
                        <Ref id="ME32"/>
                    </structure:Parent>
                </structure:Code>
                <structure:Code id="ME32R5">
                    <common:Annotations>
                        <common:Annotation>
                            <common:AnnotationType>ORDER</common:AnnotationType>
                            <common:AnnotationText xml:lang="en">19980</common:AnnotationText>
                            <common:AnnotationText xml:lang="fr">19980</common:AnnotationText>
                        </common:Annotation>
                    </common:Annotations>
                    <common:Name xml:lang="en">Zacatecas, R5</common:Name>
                    <common:Name xml:lang="fr">Zacatecas, R5</common:Name>
                    <structure:Parent>
                        <Ref id="ME32"/>
                    </structure:Parent>
                </structure:Code>
                <structure:Code id="ME32R6">
                    <common:Annotations>
                        <common:Annotation>
                            <common:AnnotationType>ORDER</common:AnnotationType>
                            <common:AnnotationText xml:lang="en">19990</common:AnnotationText>
                            <common:AnnotationText xml:lang="fr">19990</common:AnnotationText>
                        </common:Annotation>
                    </common:Annotations>
                    <common:Name xml:lang="en">Zacatecas, R6</common:Name>
                    <common:Name xml:lang="fr">Zacatecas, R6</common:Name>
                    <structure:Parent>
                        <Ref id="ME32"/>
                    </structure:Parent>
                </structure:Code>
                <structure:Code id="ME32R7">
                    <common:Annotations>
                        <common:Annotation>
                            <common:AnnotationType>ORDER</common:AnnotationType>
                            <common:AnnotationText xml:lang="en">20000</common:AnnotationText>
                            <common:AnnotationText xml:lang="fr">20000</common:AnnotationText>
                        </common:Annotation>
                    </common:Annotations>
                    <common:Name xml:lang="en">Zacatecas, R7</common:Name>
                    <common:Name xml:lang="fr">Zacatecas, R7</common:Name>
                    <structure:Parent>
                        <Ref id="ME32"/>
                    </structure:Parent>
                </structure:Code>
                <structure:Code id="ME32R8">
                    <common:Annotations>
                        <common:Annotation>
                            <common:AnnotationType>ORDER</common:AnnotationType>
                            <common:AnnotationText xml:lang="en">20010</common:AnnotationText>
                            <common:AnnotationText xml:lang="fr">20010</common:AnnotationText>
                        </common:Annotation>
                    </common:Annotations>
                    <common:Name xml:lang="en">Zacatecas, R8</common:Name>
                    <common:Name xml:lang="fr">Zacatecas, R8</common:Name>
                    <structure:Parent>
                        <Ref id="ME32"/>
                    </structure:Parent>
                </structure:Code>
                <structure:Code id="ME32R9">
                    <common:Annotations>
                        <common:Annotation>
                            <common:AnnotationType>ORDER</common:AnnotationType>
                            <common:AnnotationText xml:lang="en">20020</common:AnnotationText>
                            <common:AnnotationText xml:lang="fr">20020</common:AnnotationText>
                        </common:Annotation>
                    </common:Annotations>
                    <common:Name xml:lang="en">Zacatecas, R9</common:Name>
                    <common:Name xml:lang="fr">Zacatecas, R9</common:Name>
                    <structure:Parent>
                        <Ref id="ME32"/>
                    </structure:Parent>
                </structure:Code>
                <structure:Code id="NLD">
                    <common:Annotations>
                        <common:Annotation>
                            <common:AnnotationType>ORDER</common:AnnotationType>
                            <common:AnnotationText xml:lang="en">20030</common:AnnotationText>
                            <common:AnnotationText xml:lang="fr">20030</common:AnnotationText>
                        </common:Annotation>
                    </common:Annotations>
                    <common:Name xml:lang="en">Netherlands</common:Name>
                    <common:Name xml:lang="fr">Pays-Bas</common:Name>
                </structure:Code>
                <structure:Code id="NL11">
                    <common:Annotations>
                        <common:Annotation>
                            <common:AnnotationType>ORDER</common:AnnotationType>
                            <common:AnnotationText xml:lang="en">20040</common:AnnotationText>
                            <common:AnnotationText xml:lang="fr">20040</common:AnnotationText>
                        </common:Annotation>
                    </common:Annotations>
                    <common:Name xml:lang="en">Groningen</common:Name>
                    <common:Name xml:lang="fr">Groningen</common:Name>
                    <structure:Parent>
                        <Ref id="NLD"/>
                    </structure:Parent>
                </structure:Code>
                <structure:Code id="NL111">
                    <common:Annotations>
                        <common:Annotation>
                            <common:AnnotationType>ORDER</common:AnnotationType>
                            <common:AnnotationText xml:lang="en">20050</common:AnnotationText>
                            <common:AnnotationText xml:lang="fr">20050</common:AnnotationText>
                        </common:Annotation>
                    </common:Annotations>
                    <common:Name xml:lang="en">Oost-Groningen</common:Name>
                    <common:Name xml:lang="fr">Oost-Groningen</common:Name>
                    <structure:Parent>
                        <Ref id="NL11"/>
                    </structure:Parent>
                </structure:Code>
                <structure:Code id="NL112">
                    <common:Annotations>
                        <common:Annotation>
                            <common:AnnotationType>ORDER</common:AnnotationType>
                            <common:AnnotationText xml:lang="en">20060</common:AnnotationText>
                            <common:AnnotationText xml:lang="fr">20060</common:AnnotationText>
                        </common:Annotation>
                    </common:Annotations>
                    <common:Name xml:lang="en">Delfzijl en omgeving</common:Name>
                    <common:Name xml:lang="fr">Delfzijl en omgeving</common:Name>
                    <structure:Parent>
                        <Ref id="NL11"/>
                    </structure:Parent>
                </structure:Code>
                <structure:Code id="NL113">
                    <common:Annotations>
                        <common:Annotation>
                            <common:AnnotationType>ORDER</common:AnnotationType>
                            <common:AnnotationText xml:lang="en">20070</common:AnnotationText>
                            <common:AnnotationText xml:lang="fr">20070</common:AnnotationText>
                        </common:Annotation>
                    </common:Annotations>
                    <common:Name xml:lang="en">Overig Groningen</common:Name>
                    <common:Name xml:lang="fr">Overig Groningen</common:Name>
                    <structure:Parent>
                        <Ref id="NL11"/>
                    </structure:Parent>
                </structure:Code>
                <structure:Code id="NL12">
                    <common:Annotations>
                        <common:Annotation>
                            <common:AnnotationType>ORDER</common:AnnotationType>
                            <common:AnnotationText xml:lang="en">20080</common:AnnotationText>
                            <common:AnnotationText xml:lang="fr">20080</common:AnnotationText>
                        </common:Annotation>
                    </common:Annotations>
                    <common:Name xml:lang="en">Friesland</common:Name>
                    <common:Name xml:lang="fr">Friesland</common:Name>
                    <structure:Parent>
                        <Ref id="NLD"/>
                    </structure:Parent>
                </structure:Code>
                <structure:Code id="NL124">
                    <common:Annotations>
                        <common:Annotation>
                            <common:AnnotationType>ORDER</common:AnnotationType>
                            <common:AnnotationText xml:lang="en">20090</common:AnnotationText>
                            <common:AnnotationText xml:lang="fr">20090</common:AnnotationText>
                        </common:Annotation>
                    </common:Annotations>
                    <common:Name xml:lang="en">Noord-Friesland</common:Name>
                    <common:Name xml:lang="fr">Noord-Friesland</common:Name>
                    <structure:Parent>
                        <Ref id="NL12"/>
                    </structure:Parent>
                </structure:Code>
                <structure:Code id="NL125">
                    <common:Annotations>
                        <common:Annotation>
                            <common:AnnotationType>ORDER</common:AnnotationType>
                            <common:AnnotationText xml:lang="en">20100</common:AnnotationText>
                            <common:AnnotationText xml:lang="fr">20100</common:AnnotationText>
                        </common:Annotation>
                    </common:Annotations>
                    <common:Name xml:lang="en">Zuidwest-Friesland</common:Name>
                    <common:Name xml:lang="fr">Zuidwest-Friesland</common:Name>
                    <structure:Parent>
                        <Ref id="NL12"/>
                    </structure:Parent>
                </structure:Code>
                <structure:Code id="NL126">
                    <common:Annotations>
                        <common:Annotation>
                            <common:AnnotationType>ORDER</common:AnnotationType>
                            <common:AnnotationText xml:lang="en">20110</common:AnnotationText>
                            <common:AnnotationText xml:lang="fr">20110</common:AnnotationText>
                        </common:Annotation>
                    </common:Annotations>
                    <common:Name xml:lang="en">Zuidoost-Friesland</common:Name>
                    <common:Name xml:lang="fr">Zuidoost-Friesland</common:Name>
                    <structure:Parent>
                        <Ref id="NL12"/>
                    </structure:Parent>
                </structure:Code>
                <structure:Code id="NL13">
                    <common:Annotations>
                        <common:Annotation>
                            <common:AnnotationType>ORDER</common:AnnotationType>
                            <common:AnnotationText xml:lang="en">20120</common:AnnotationText>
                            <common:AnnotationText xml:lang="fr">20120</common:AnnotationText>
                        </common:Annotation>
                    </common:Annotations>
                    <common:Name xml:lang="en">Drenthe</common:Name>
                    <common:Name xml:lang="fr">Drenthe</common:Name>
                    <structure:Parent>
                        <Ref id="NLD"/>
                    </structure:Parent>
                </structure:Code>
                <structure:Code id="NL131">
                    <common:Annotations>
                        <common:Annotation>
                            <common:AnnotationType>ORDER</common:AnnotationType>
                            <common:AnnotationText xml:lang="en">20130</common:AnnotationText>
                            <common:AnnotationText xml:lang="fr">20130</common:AnnotationText>
                        </common:Annotation>
                    </common:Annotations>
                    <common:Name xml:lang="en">Noord-Drenthe</common:Name>
                    <common:Name xml:lang="fr">Noord-Drenthe</common:Name>
                    <structure:Parent>
                        <Ref id="NL13"/>
                    </structure:Parent>
                </structure:Code>
                <structure:Code id="NL132">
                    <common:Annotations>
                        <common:Annotation>
                            <common:AnnotationType>ORDER</common:AnnotationType>
                            <common:AnnotationText xml:lang="en">20140</common:AnnotationText>
                            <common:AnnotationText xml:lang="fr">20140</common:AnnotationText>
                        </common:Annotation>
                    </common:Annotations>
                    <common:Name xml:lang="en">Zuidoost-Drenthe</common:Name>
                    <common:Name xml:lang="fr">Zuidoost-Drenthe</common:Name>
                    <structure:Parent>
                        <Ref id="NL13"/>
                    </structure:Parent>
                </structure:Code>
                <structure:Code id="NL133">
                    <common:Annotations>
                        <common:Annotation>
                            <common:AnnotationType>ORDER</common:AnnotationType>
                            <common:AnnotationText xml:lang="en">20150</common:AnnotationText>
                            <common:AnnotationText xml:lang="fr">20150</common:AnnotationText>
                        </common:Annotation>
                    </common:Annotations>
                    <common:Name xml:lang="en">Zuidwest-Drenthe</common:Name>
                    <common:Name xml:lang="fr">Zuidwest-Drenthe</common:Name>
                    <structure:Parent>
                        <Ref id="NL13"/>
                    </structure:Parent>
                </structure:Code>
                <structure:Code id="NL21">
                    <common:Annotations>
                        <common:Annotation>
                            <common:AnnotationType>ORDER</common:AnnotationType>
                            <common:AnnotationText xml:lang="en">20160</common:AnnotationText>
                            <common:AnnotationText xml:lang="fr">20160</common:AnnotationText>
                        </common:Annotation>
                    </common:Annotations>
                    <common:Name xml:lang="en">Overijssel</common:Name>
                    <common:Name xml:lang="fr">Overijssel</common:Name>
                    <structure:Parent>
                        <Ref id="NLD"/>
                    </structure:Parent>
                </structure:Code>
                <structure:Code id="NL211">
                    <common:Annotations>
                        <common:Annotation>
                            <common:AnnotationType>ORDER</common:AnnotationType>
                            <common:AnnotationText xml:lang="en">20170</common:AnnotationText>
                            <common:AnnotationText xml:lang="fr">20170</common:AnnotationText>
                        </common:Annotation>
                    </common:Annotations>
                    <common:Name xml:lang="en">Noord-Overijssel</common:Name>
                    <common:Name xml:lang="fr">Noord-Overijssel</common:Name>
                    <structure:Parent>
                        <Ref id="NL21"/>
                    </structure:Parent>
                </structure:Code>
                <structure:Code id="NL212">
                    <common:Annotations>
                        <common:Annotation>
                            <common:AnnotationType>ORDER</common:AnnotationType>
                            <common:AnnotationText xml:lang="en">20180</common:AnnotationText>
                            <common:AnnotationText xml:lang="fr">20180</common:AnnotationText>
                        </common:Annotation>
                    </common:Annotations>
                    <common:Name xml:lang="en">Zuidwest-Overijssel</common:Name>
                    <common:Name xml:lang="fr">Zuidwest-Overijssel</common:Name>
                    <structure:Parent>
                        <Ref id="NL21"/>
                    </structure:Parent>
                </structure:Code>
                <structure:Code id="NL213">
                    <common:Annotations>
                        <common:Annotation>
                            <common:AnnotationType>ORDER</common:AnnotationType>
                            <common:AnnotationText xml:lang="en">20190</common:AnnotationText>
                            <common:AnnotationText xml:lang="fr">20190</common:AnnotationText>
                        </common:Annotation>
                    </common:Annotations>
                    <common:Name xml:lang="en">Twente</common:Name>
                    <common:Name xml:lang="fr">Twente</common:Name>
                    <structure:Parent>
                        <Ref id="NL21"/>
                    </structure:Parent>
                </structure:Code>
                <structure:Code id="NL22">
                    <common:Annotations>
                        <common:Annotation>
                            <common:AnnotationType>ORDER</common:AnnotationType>
                            <common:AnnotationText xml:lang="en">20200</common:AnnotationText>
                            <common:AnnotationText xml:lang="fr">20200</common:AnnotationText>
                        </common:Annotation>
                    </common:Annotations>
                    <common:Name xml:lang="en">Gelderland</common:Name>
                    <common:Name xml:lang="fr">Gelderland</common:Name>
                    <structure:Parent>
                        <Ref id="NLD"/>
                    </structure:Parent>
                </structure:Code>
                <structure:Code id="NL221">
                    <common:Annotations>
                        <common:Annotation>
                            <common:AnnotationType>ORDER</common:AnnotationType>
                            <common:AnnotationText xml:lang="en">20210</common:AnnotationText>
                            <common:AnnotationText xml:lang="fr">20210</common:AnnotationText>
                        </common:Annotation>
                    </common:Annotations>
                    <common:Name xml:lang="en">Veluwe</common:Name>
                    <common:Name xml:lang="fr">Veluwe</common:Name>
                    <structure:Parent>
                        <Ref id="NL22"/>
                    </structure:Parent>
                </structure:Code>
                <structure:Code id="NL224">
                    <common:Annotations>
                        <common:Annotation>
                            <common:AnnotationType>ORDER</common:AnnotationType>
                            <common:AnnotationText xml:lang="en">20220</common:AnnotationText>
                            <common:AnnotationText xml:lang="fr">20220</common:AnnotationText>
                        </common:Annotation>
                    </common:Annotations>
                    <common:Name xml:lang="en">Zuidwest-Gelderland</common:Name>
                    <common:Name xml:lang="fr">Zuidwest-Gelderland</common:Name>
                    <structure:Parent>
                        <Ref id="NL22"/>
                    </structure:Parent>
                </structure:Code>
                <structure:Code id="NL225">
                    <common:Annotations>
                        <common:Annotation>
                            <common:AnnotationType>ORDER</common:AnnotationType>
                            <common:AnnotationText xml:lang="en">20230</common:AnnotationText>
                            <common:AnnotationText xml:lang="fr">20230</common:AnnotationText>
                        </common:Annotation>
                    </common:Annotations>
                    <common:Name xml:lang="en">Achterhoek</common:Name>
                    <common:Name xml:lang="fr">Achterhoek</common:Name>
                    <structure:Parent>
                        <Ref id="NL22"/>
                    </structure:Parent>
                </structure:Code>
                <structure:Code id="NL226">
                    <common:Annotations>
                        <common:Annotation>
                            <common:AnnotationType>ORDER</common:AnnotationType>
                            <common:AnnotationText xml:lang="en">20240</common:AnnotationText>
                            <common:AnnotationText xml:lang="fr">20240</common:AnnotationText>
                        </common:Annotation>
                    </common:Annotations>
                    <common:Name xml:lang="en">Arnhem/Nijmegen</common:Name>
                    <common:Name xml:lang="fr">Arnhem/Nijmegen</common:Name>
                    <structure:Parent>
                        <Ref id="NL22"/>
                    </structure:Parent>
                </structure:Code>
                <structure:Code id="NL23">
                    <common:Annotations>
                        <common:Annotation>
                            <common:AnnotationType>ORDER</common:AnnotationType>
                            <common:AnnotationText xml:lang="en">20250</common:AnnotationText>
                            <common:AnnotationText xml:lang="fr">20250</common:AnnotationText>
                        </common:Annotation>
                    </common:Annotations>
                    <common:Name xml:lang="en">Flevoland</common:Name>
                    <common:Name xml:lang="fr">Flevoland</common:Name>
                    <structure:Parent>
                        <Ref id="NLD"/>
                    </structure:Parent>
                </structure:Code>
                <structure:Code id="NL230">
                    <common:Annotations>
                        <common:Annotation>
                            <common:AnnotationType>ORDER</common:AnnotationType>
                            <common:AnnotationText xml:lang="en">20260</common:AnnotationText>
                            <common:AnnotationText xml:lang="fr">20260</common:AnnotationText>
                        </common:Annotation>
                    </common:Annotations>
                    <common:Name xml:lang="en">Flevoland</common:Name>
                    <common:Name xml:lang="fr">Flevoland</common:Name>
                    <structure:Parent>
                        <Ref id="NL23"/>
                    </structure:Parent>
                </structure:Code>
                <structure:Code id="NL31">
                    <common:Annotations>
                        <common:Annotation>
                            <common:AnnotationType>ORDER</common:AnnotationType>
                            <common:AnnotationText xml:lang="en">20270</common:AnnotationText>
                            <common:AnnotationText xml:lang="fr">20270</common:AnnotationText>
                        </common:Annotation>
                    </common:Annotations>
                    <common:Name xml:lang="en">Utrecht</common:Name>
                    <common:Name xml:lang="fr">Utrecht</common:Name>
                    <structure:Parent>
                        <Ref id="NLD"/>
                    </structure:Parent>
                </structure:Code>
                <structure:Code id="NL310">
                    <common:Annotations>
                        <common:Annotation>
                            <common:AnnotationType>ORDER</common:AnnotationType>
                            <common:AnnotationText xml:lang="en">20280</common:AnnotationText>
                            <common:AnnotationText xml:lang="fr">20280</common:AnnotationText>
                        </common:Annotation>
                    </common:Annotations>
                    <common:Name xml:lang="en">Utrecht</common:Name>
                    <common:Name xml:lang="fr">Utrecht</common:Name>
                    <structure:Parent>
                        <Ref id="NL31"/>
                    </structure:Parent>
                </structure:Code>
                <structure:Code id="NL32">
                    <common:Annotations>
                        <common:Annotation>
                            <common:AnnotationType>ORDER</common:AnnotationType>
                            <common:AnnotationText xml:lang="en">20290</common:AnnotationText>
                            <common:AnnotationText xml:lang="fr">20290</common:AnnotationText>
                        </common:Annotation>
                    </common:Annotations>
                    <common:Name xml:lang="en">North Holland</common:Name>
                    <common:Name xml:lang="fr">North Holland</common:Name>
                    <structure:Parent>
                        <Ref id="NLD"/>
                    </structure:Parent>
                </structure:Code>
                <structure:Code id="NL321">
                    <common:Annotations>
                        <common:Annotation>
                            <common:AnnotationType>ORDER</common:AnnotationType>
                            <common:AnnotationText xml:lang="en">20300</common:AnnotationText>
                            <common:AnnotationText xml:lang="fr">20300</common:AnnotationText>
                        </common:Annotation>
                    </common:Annotations>
                    <common:Name xml:lang="en">Kop van Noord-Holland</common:Name>
                    <common:Name xml:lang="fr">Kop van Noord-Holland</common:Name>
                    <structure:Parent>
                        <Ref id="NL32"/>
                    </structure:Parent>
                </structure:Code>
                <structure:Code id="NL323">
                    <common:Annotations>
                        <common:Annotation>
                            <common:AnnotationType>ORDER</common:AnnotationType>
                            <common:AnnotationText xml:lang="en">20310</common:AnnotationText>
                            <common:AnnotationText xml:lang="fr">20310</common:AnnotationText>
                        </common:Annotation>
                    </common:Annotations>
                    <common:Name xml:lang="en">IJmond</common:Name>
                    <common:Name xml:lang="fr">IJmond</common:Name>
                    <structure:Parent>
                        <Ref id="NL32"/>
                    </structure:Parent>
                </structure:Code>
                <structure:Code id="NL324">
                    <common:Annotations>
                        <common:Annotation>
                            <common:AnnotationType>ORDER</common:AnnotationType>
                            <common:AnnotationText xml:lang="en">20320</common:AnnotationText>
                            <common:AnnotationText xml:lang="fr">20320</common:AnnotationText>
                        </common:Annotation>
                    </common:Annotations>
                    <common:Name xml:lang="en">Agglomeratie Haarlem</common:Name>
                    <common:Name xml:lang="fr">Agglomeratie Haarlem</common:Name>
                    <structure:Parent>
                        <Ref id="NL32"/>
                    </structure:Parent>
                </structure:Code>
                <structure:Code id="NL325">
                    <common:Annotations>
                        <common:Annotation>
                            <common:AnnotationType>ORDER</common:AnnotationType>
                            <common:AnnotationText xml:lang="en">20330</common:AnnotationText>
                            <common:AnnotationText xml:lang="fr">20330</common:AnnotationText>
                        </common:Annotation>
                    </common:Annotations>
                    <common:Name xml:lang="en">Zaanstreek</common:Name>
                    <common:Name xml:lang="fr">Zaanstreek</common:Name>
                    <structure:Parent>
                        <Ref id="NL32"/>
                    </structure:Parent>
                </structure:Code>
                <structure:Code id="NL327">
                    <common:Annotations>
                        <common:Annotation>
                            <common:AnnotationType>ORDER</common:AnnotationType>
                            <common:AnnotationText xml:lang="en">20340</common:AnnotationText>
                            <common:AnnotationText xml:lang="fr">20340</common:AnnotationText>
                        </common:Annotation>
                    </common:Annotations>
                    <common:Name xml:lang="en">Het Gooi en Vechtstreek</common:Name>
                    <common:Name xml:lang="fr">Het Gooi en Vechtstreek</common:Name>
                    <structure:Parent>
                        <Ref id="NL32"/>
                    </structure:Parent>
                </structure:Code>
                <structure:Code id="NL328">
                    <common:Annotations>
                        <common:Annotation>
                            <common:AnnotationType>ORDER</common:AnnotationType>
                            <common:AnnotationText xml:lang="en">20350</common:AnnotationText>
                            <common:AnnotationText xml:lang="fr">20350</common:AnnotationText>
                        </common:Annotation>
                    </common:Annotations>
                    <common:Name xml:lang="en">Alkmaar en omgeving</common:Name>
                    <common:Name xml:lang="fr">Alkmaar en omgeving</common:Name>
                    <structure:Parent>
                        <Ref id="NL32"/>
                    </structure:Parent>
                </structure:Code>
                <structure:Code id="NL329">
                    <common:Annotations>
                        <common:Annotation>
                            <common:AnnotationType>ORDER</common:AnnotationType>
                            <common:AnnotationText xml:lang="en">20360</common:AnnotationText>
                            <common:AnnotationText xml:lang="fr">20360</common:AnnotationText>
                        </common:Annotation>
                    </common:Annotations>
                    <common:Name xml:lang="en">Groot-Amsterdam</common:Name>
                    <common:Name xml:lang="fr">Groot-Amsterdam</common:Name>
                    <structure:Parent>
                        <Ref id="NL32"/>
                    </structure:Parent>
                </structure:Code>
                <structure:Code id="NL33">
                    <common:Annotations>
                        <common:Annotation>
                            <common:AnnotationType>ORDER</common:AnnotationType>
                            <common:AnnotationText xml:lang="en">20370</common:AnnotationText>
                            <common:AnnotationText xml:lang="fr">20370</common:AnnotationText>
                        </common:Annotation>
                    </common:Annotations>
                    <common:Name xml:lang="en">South Holland</common:Name>
                    <common:Name xml:lang="fr">South Holland</common:Name>
                    <structure:Parent>
                        <Ref id="NLD"/>
                    </structure:Parent>
                </structure:Code>
                <structure:Code id="NL332">
                    <common:Annotations>
                        <common:Annotation>
                            <common:AnnotationType>ORDER</common:AnnotationType>
                            <common:AnnotationText xml:lang="en">20380</common:AnnotationText>
                            <common:AnnotationText xml:lang="fr">20380</common:AnnotationText>
                        </common:Annotation>
                    </common:Annotations>
                    <common:Name xml:lang="en">Agglomeratie 's-Gravenhage</common:Name>
                    <common:Name xml:lang="fr">Agglomeratie 's-Gravenhage</common:Name>
                    <structure:Parent>
                        <Ref id="NL33"/>
                    </structure:Parent>
                </structure:Code>
                <structure:Code id="NL333">
                    <common:Annotations>
                        <common:Annotation>
                            <common:AnnotationType>ORDER</common:AnnotationType>
                            <common:AnnotationText xml:lang="en">20390</common:AnnotationText>
                            <common:AnnotationText xml:lang="fr">20390</common:AnnotationText>
                        </common:Annotation>
                    </common:Annotations>
                    <common:Name xml:lang="en">Delft en Westland</common:Name>
                    <common:Name xml:lang="fr">Delft en Westland</common:Name>
                    <structure:Parent>
                        <Ref id="NL33"/>
                    </structure:Parent>
                </structure:Code>
                <structure:Code id="NL337">
                    <common:Annotations>
                        <common:Annotation>
                            <common:AnnotationType>ORDER</common:AnnotationType>
                            <common:AnnotationText xml:lang="en">20400</common:AnnotationText>
                            <common:AnnotationText xml:lang="fr">20400</common:AnnotationText>
                        </common:Annotation>
                    </common:Annotations>
                    <common:Name xml:lang="en">Agglomeratie Leiden en Bollenstreek</common:Name>
                    <common:Name xml:lang="fr">Agglomeratie Leiden en Bollenstreek</common:Name>
                    <structure:Parent>
                        <Ref id="NL33"/>
                    </structure:Parent>
                </structure:Code>
                <structure:Code id="NL33A">
                    <common:Annotations>
                        <common:Annotation>
                            <common:AnnotationType>ORDER</common:AnnotationType>
                            <common:AnnotationText xml:lang="en">20410</common:AnnotationText>
                            <common:AnnotationText xml:lang="fr">20410</common:AnnotationText>
                        </common:Annotation>
                    </common:Annotations>
                    <common:Name xml:lang="en">Zuidoost-Zuid-Holland</common:Name>
                    <common:Name xml:lang="fr">Zuidoost-Zuid-Holland</common:Name>
                    <structure:Parent>
                        <Ref id="NL33"/>
                    </structure:Parent>
                </structure:Code>
                <structure:Code id="NL33B">
                    <common:Annotations>
                        <common:Annotation>
                            <common:AnnotationType>ORDER</common:AnnotationType>
                            <common:AnnotationText xml:lang="en">20420</common:AnnotationText>
                            <common:AnnotationText xml:lang="fr">20420</common:AnnotationText>
                        </common:Annotation>
                    </common:Annotations>
                    <common:Name xml:lang="en">Oost-Zuid-Holland</common:Name>
                    <common:Name xml:lang="fr">Oost-Zuid-Holland</common:Name>
                    <structure:Parent>
                        <Ref id="NL33"/>
                    </structure:Parent>
                </structure:Code>
                <structure:Code id="NL33C">
                    <common:Annotations>
                        <common:Annotation>
                            <common:AnnotationType>ORDER</common:AnnotationType>
                            <common:AnnotationText xml:lang="en">20430</common:AnnotationText>
                            <common:AnnotationText xml:lang="fr">20430</common:AnnotationText>
                        </common:Annotation>
                    </common:Annotations>
                    <common:Name xml:lang="en">Groot-Rijnmond</common:Name>
                    <common:Name xml:lang="fr">Groot-Rijnmond</common:Name>
                    <structure:Parent>
                        <Ref id="NL33"/>
                    </structure:Parent>
                </structure:Code>
                <structure:Code id="NL34">
                    <common:Annotations>
                        <common:Annotation>
                            <common:AnnotationType>ORDER</common:AnnotationType>
                            <common:AnnotationText xml:lang="en">20440</common:AnnotationText>
                            <common:AnnotationText xml:lang="fr">20440</common:AnnotationText>
                        </common:Annotation>
                    </common:Annotations>
                    <common:Name xml:lang="en">Zeeland</common:Name>
                    <common:Name xml:lang="fr">Zeeland</common:Name>
                    <structure:Parent>
                        <Ref id="NLD"/>
                    </structure:Parent>
                </structure:Code>
                <structure:Code id="NL341">
                    <common:Annotations>
                        <common:Annotation>
                            <common:AnnotationType>ORDER</common:AnnotationType>
                            <common:AnnotationText xml:lang="en">20450</common:AnnotationText>
                            <common:AnnotationText xml:lang="fr">20450</common:AnnotationText>
                        </common:Annotation>
                    </common:Annotations>
                    <common:Name xml:lang="en">Zeeuwsch-Vlaanderen</common:Name>
                    <common:Name xml:lang="fr">Zeeuwsch-Vlaanderen</common:Name>
                    <structure:Parent>
                        <Ref id="NL34"/>
                    </structure:Parent>
                </structure:Code>
                <structure:Code id="NL342">
                    <common:Annotations>
                        <common:Annotation>
                            <common:AnnotationType>ORDER</common:AnnotationType>
                            <common:AnnotationText xml:lang="en">20460</common:AnnotationText>
                            <common:AnnotationText xml:lang="fr">20460</common:AnnotationText>
                        </common:Annotation>
                    </common:Annotations>
                    <common:Name xml:lang="en">Overig Zeeland</common:Name>
                    <common:Name xml:lang="fr">Overig Zeeland</common:Name>
                    <structure:Parent>
                        <Ref id="NL34"/>
                    </structure:Parent>
                </structure:Code>
                <structure:Code id="NL41">
                    <common:Annotations>
                        <common:Annotation>
                            <common:AnnotationType>ORDER</common:AnnotationType>
                            <common:AnnotationText xml:lang="en">20470</common:AnnotationText>
                            <common:AnnotationText xml:lang="fr">20470</common:AnnotationText>
                        </common:Annotation>
                    </common:Annotations>
                    <common:Name xml:lang="en">North Brabant</common:Name>
                    <common:Name xml:lang="fr">North Brabant</common:Name>
                    <structure:Parent>
                        <Ref id="NLD"/>
                    </structure:Parent>
                </structure:Code>
                <structure:Code id="NL411">
                    <common:Annotations>
                        <common:Annotation>
                            <common:AnnotationType>ORDER</common:AnnotationType>
                            <common:AnnotationText xml:lang="en">20480</common:AnnotationText>
                            <common:AnnotationText xml:lang="fr">20480</common:AnnotationText>
                        </common:Annotation>
                    </common:Annotations>
                    <common:Name xml:lang="en">West-Noord-Brabant</common:Name>
                    <common:Name xml:lang="fr">West-Noord-Brabant</common:Name>
                    <structure:Parent>
                        <Ref id="NL41"/>
                    </structure:Parent>
                </structure:Code>
                <structure:Code id="NL412">
                    <common:Annotations>
                        <common:Annotation>
                            <common:AnnotationType>ORDER</common:AnnotationType>
                            <common:AnnotationText xml:lang="en">20490</common:AnnotationText>
                            <common:AnnotationText xml:lang="fr">20490</common:AnnotationText>
                        </common:Annotation>
                    </common:Annotations>
                    <common:Name xml:lang="en">Midden-Noord-Brabant</common:Name>
                    <common:Name xml:lang="fr">Midden-Noord-Brabant</common:Name>
                    <structure:Parent>
                        <Ref id="NL41"/>
                    </structure:Parent>
                </structure:Code>
                <structure:Code id="NL413">
                    <common:Annotations>
                        <common:Annotation>
                            <common:AnnotationType>ORDER</common:AnnotationType>
                            <common:AnnotationText xml:lang="en">20500</common:AnnotationText>
                            <common:AnnotationText xml:lang="fr">20500</common:AnnotationText>
                        </common:Annotation>
                    </common:Annotations>
                    <common:Name xml:lang="en">Noordoost-Noord-Brabant</common:Name>
                    <common:Name xml:lang="fr">Noordoost-Noord-Brabant</common:Name>
                    <structure:Parent>
                        <Ref id="NL41"/>
                    </structure:Parent>
                </structure:Code>
                <structure:Code id="NL414">
                    <common:Annotations>
                        <common:Annotation>
                            <common:AnnotationType>ORDER</common:AnnotationType>
                            <common:AnnotationText xml:lang="en">20510</common:AnnotationText>
                            <common:AnnotationText xml:lang="fr">20510</common:AnnotationText>
                        </common:Annotation>
                    </common:Annotations>
                    <common:Name xml:lang="en">Zuidoost-Noord-Brabant</common:Name>
                    <common:Name xml:lang="fr">Zuidoost-Noord-Brabant</common:Name>
                    <structure:Parent>
                        <Ref id="NL41"/>
                    </structure:Parent>
                </structure:Code>
                <structure:Code id="NL42">
                    <common:Annotations>
                        <common:Annotation>
                            <common:AnnotationType>ORDER</common:AnnotationType>
                            <common:AnnotationText xml:lang="en">20520</common:AnnotationText>
                            <common:AnnotationText xml:lang="fr">20520</common:AnnotationText>
                        </common:Annotation>
                    </common:Annotations>
                    <common:Name xml:lang="en">Limburg</common:Name>
                    <common:Name xml:lang="fr">Limburg</common:Name>
                    <structure:Parent>
                        <Ref id="NLD"/>
                    </structure:Parent>
                </structure:Code>
                <structure:Code id="NL421">
                    <common:Annotations>
                        <common:Annotation>
                            <common:AnnotationType>ORDER</common:AnnotationType>
                            <common:AnnotationText xml:lang="en">20530</common:AnnotationText>
                            <common:AnnotationText xml:lang="fr">20530</common:AnnotationText>
                        </common:Annotation>
                    </common:Annotations>
                    <common:Name xml:lang="en">Noord-Limburg</common:Name>
                    <common:Name xml:lang="fr">Noord-Limburg</common:Name>
                    <structure:Parent>
                        <Ref id="NL42"/>
                    </structure:Parent>
                </structure:Code>
                <structure:Code id="NL422">
                    <common:Annotations>
                        <common:Annotation>
                            <common:AnnotationType>ORDER</common:AnnotationType>
                            <common:AnnotationText xml:lang="en">20540</common:AnnotationText>
                            <common:AnnotationText xml:lang="fr">20540</common:AnnotationText>
                        </common:Annotation>
                    </common:Annotations>
                    <common:Name xml:lang="en">Midden-Limburg</common:Name>
                    <common:Name xml:lang="fr">Midden-Limburg</common:Name>
                    <structure:Parent>
                        <Ref id="NL42"/>
                    </structure:Parent>
                </structure:Code>
                <structure:Code id="NL423">
                    <common:Annotations>
                        <common:Annotation>
                            <common:AnnotationType>ORDER</common:AnnotationType>
                            <common:AnnotationText xml:lang="en">20550</common:AnnotationText>
                            <common:AnnotationText xml:lang="fr">20550</common:AnnotationText>
                        </common:Annotation>
                    </common:Annotations>
                    <common:Name xml:lang="en">Zuid-Limburg</common:Name>
                    <common:Name xml:lang="fr">Zuid-Limburg</common:Name>
                    <structure:Parent>
                        <Ref id="NL42"/>
                    </structure:Parent>
                </structure:Code>
                <structure:Code id="NZL">
                    <common:Annotations>
                        <common:Annotation>
                            <common:AnnotationType>ORDER</common:AnnotationType>
                            <common:AnnotationText xml:lang="en">20560</common:AnnotationText>
                            <common:AnnotationText xml:lang="fr">20560</common:AnnotationText>
                        </common:Annotation>
                    </common:Annotations>
                    <common:Name xml:lang="en">New Zealand</common:Name>
                    <common:Name xml:lang="fr">Nouvelle-Zélande</common:Name>
                </structure:Code>
                <structure:Code id="NZ11">
                    <common:Annotations>
                        <common:Annotation>
                            <common:AnnotationType>ORDER</common:AnnotationType>
                            <common:AnnotationText xml:lang="en">20570</common:AnnotationText>
                            <common:AnnotationText xml:lang="fr">20570</common:AnnotationText>
                        </common:Annotation>
                    </common:Annotations>
                    <common:Name xml:lang="en">Northland Region</common:Name>
                    <common:Name xml:lang="fr">Northland Region</common:Name>
                    <structure:Parent>
                        <Ref id="NZL"/>
                    </structure:Parent>
                </structure:Code>
                <structure:Code id="NZ011">
                    <common:Annotations>
                        <common:Annotation>
                            <common:AnnotationType>ORDER</common:AnnotationType>
                            <common:AnnotationText xml:lang="en">20580</common:AnnotationText>
                            <common:AnnotationText xml:lang="fr">20580</common:AnnotationText>
                        </common:Annotation>
                    </common:Annotations>
                    <common:Name xml:lang="en">Northland Region</common:Name>
                    <common:Name xml:lang="fr">Northland Region</common:Name>
                    <structure:Parent>
                        <Ref id="NZ11"/>
                    </structure:Parent>
                </structure:Code>
                <structure:Code id="NZ12">
                    <common:Annotations>
                        <common:Annotation>
                            <common:AnnotationType>ORDER</common:AnnotationType>
                            <common:AnnotationText xml:lang="en">20590</common:AnnotationText>
                            <common:AnnotationText xml:lang="fr">20590</common:AnnotationText>
                        </common:Annotation>
                    </common:Annotations>
                    <common:Name xml:lang="en">Auckland Region</common:Name>
                    <common:Name xml:lang="fr">Auckland Region</common:Name>
                    <structure:Parent>
                        <Ref id="NZL"/>
                    </structure:Parent>
                </structure:Code>
                <structure:Code id="NZ012">
                    <common:Annotations>
                        <common:Annotation>
                            <common:AnnotationType>ORDER</common:AnnotationType>
                            <common:AnnotationText xml:lang="en">20600</common:AnnotationText>
                            <common:AnnotationText xml:lang="fr">20600</common:AnnotationText>
                        </common:Annotation>
                    </common:Annotations>
                    <common:Name xml:lang="en">Auckland Region</common:Name>
                    <common:Name xml:lang="fr">Auckland Region</common:Name>
                    <structure:Parent>
                        <Ref id="NZ12"/>
                    </structure:Parent>
                </structure:Code>
                <structure:Code id="NZ13">
                    <common:Annotations>
                        <common:Annotation>
                            <common:AnnotationType>ORDER</common:AnnotationType>
                            <common:AnnotationText xml:lang="en">20610</common:AnnotationText>
                            <common:AnnotationText xml:lang="fr">20610</common:AnnotationText>
                        </common:Annotation>
                    </common:Annotations>
                    <common:Name xml:lang="en">Waikato Region</common:Name>
                    <common:Name xml:lang="fr">Waikato Region</common:Name>
                    <structure:Parent>
                        <Ref id="NZL"/>
                    </structure:Parent>
                </structure:Code>
                <structure:Code id="NZ013">
                    <common:Annotations>
                        <common:Annotation>
                            <common:AnnotationType>ORDER</common:AnnotationType>
                            <common:AnnotationText xml:lang="en">20620</common:AnnotationText>
                            <common:AnnotationText xml:lang="fr">20620</common:AnnotationText>
                        </common:Annotation>
                    </common:Annotations>
                    <common:Name xml:lang="en">Waikato Region</common:Name>
                    <common:Name xml:lang="fr">Waikato Region</common:Name>
                    <structure:Parent>
                        <Ref id="NZ13"/>
                    </structure:Parent>
                </structure:Code>
                <structure:Code id="NZ14">
                    <common:Annotations>
                        <common:Annotation>
                            <common:AnnotationType>ORDER</common:AnnotationType>
                            <common:AnnotationText xml:lang="en">20630</common:AnnotationText>
                            <common:AnnotationText xml:lang="fr">20630</common:AnnotationText>
                        </common:Annotation>
                    </common:Annotations>
                    <common:Name xml:lang="en">Bay of Plenty Region</common:Name>
                    <common:Name xml:lang="fr">Bay of Plenty Region</common:Name>
                    <structure:Parent>
                        <Ref id="NZL"/>
                    </structure:Parent>
                </structure:Code>
                <structure:Code id="NZ014">
                    <common:Annotations>
                        <common:Annotation>
                            <common:AnnotationType>ORDER</common:AnnotationType>
                            <common:AnnotationText xml:lang="en">20640</common:AnnotationText>
                            <common:AnnotationText xml:lang="fr">20640</common:AnnotationText>
                        </common:Annotation>
                    </common:Annotations>
                    <common:Name xml:lang="en">Bay of Plenty Region</common:Name>
                    <common:Name xml:lang="fr">Bay of Plenty Region</common:Name>
                    <structure:Parent>
                        <Ref id="NZ14"/>
                    </structure:Parent>
                </structure:Code>
                <structure:Code id="NZ15">
                    <common:Annotations>
                        <common:Annotation>
                            <common:AnnotationType>ORDER</common:AnnotationType>
                            <common:AnnotationText xml:lang="en">20650</common:AnnotationText>
                            <common:AnnotationText xml:lang="fr">20650</common:AnnotationText>
                        </common:Annotation>
                    </common:Annotations>
                    <common:Name xml:lang="en">Gisborne Region</common:Name>
                    <common:Name xml:lang="fr">Gisborne Region</common:Name>
                    <structure:Parent>
                        <Ref id="NZL"/>
                    </structure:Parent>
                </structure:Code>
                <structure:Code id="NZ015">
                    <common:Annotations>
                        <common:Annotation>
                            <common:AnnotationType>ORDER</common:AnnotationType>
                            <common:AnnotationText xml:lang="en">20660</common:AnnotationText>
                            <common:AnnotationText xml:lang="fr">20660</common:AnnotationText>
                        </common:Annotation>
                    </common:Annotations>
                    <common:Name xml:lang="en">Gisborne Region</common:Name>
                    <common:Name xml:lang="fr">Gisborne Region</common:Name>
                    <structure:Parent>
                        <Ref id="NZ15"/>
                    </structure:Parent>
                </structure:Code>
                <structure:Code id="NZ16">
                    <common:Annotations>
                        <common:Annotation>
                            <common:AnnotationType>ORDER</common:AnnotationType>
                            <common:AnnotationText xml:lang="en">20670</common:AnnotationText>
                            <common:AnnotationText xml:lang="fr">20670</common:AnnotationText>
                        </common:Annotation>
                    </common:Annotations>
                    <common:Name xml:lang="en">Hawke's Bay Region</common:Name>
                    <common:Name xml:lang="fr">Hawke's Bay Region</common:Name>
                    <structure:Parent>
                        <Ref id="NZL"/>
                    </structure:Parent>
                </structure:Code>
                <structure:Code id="NZ016">
                    <common:Annotations>
                        <common:Annotation>
                            <common:AnnotationType>ORDER</common:AnnotationType>
                            <common:AnnotationText xml:lang="en">20680</common:AnnotationText>
                            <common:AnnotationText xml:lang="fr">20680</common:AnnotationText>
                        </common:Annotation>
                    </common:Annotations>
                    <common:Name xml:lang="en">Hawke's Bay Region</common:Name>
                    <common:Name xml:lang="fr">Hawke's Bay Region</common:Name>
                    <structure:Parent>
                        <Ref id="NZ16"/>
                    </structure:Parent>
                </structure:Code>
                <structure:Code id="NZ17">
                    <common:Annotations>
                        <common:Annotation>
                            <common:AnnotationType>ORDER</common:AnnotationType>
                            <common:AnnotationText xml:lang="en">20690</common:AnnotationText>
                            <common:AnnotationText xml:lang="fr">20690</common:AnnotationText>
                        </common:Annotation>
                    </common:Annotations>
                    <common:Name xml:lang="en">Taranaki Region</common:Name>
                    <common:Name xml:lang="fr">Taranaki Region</common:Name>
                    <structure:Parent>
                        <Ref id="NZL"/>
                    </structure:Parent>
                </structure:Code>
                <structure:Code id="NZ017">
                    <common:Annotations>
                        <common:Annotation>
                            <common:AnnotationType>ORDER</common:AnnotationType>
                            <common:AnnotationText xml:lang="en">20700</common:AnnotationText>
                            <common:AnnotationText xml:lang="fr">20700</common:AnnotationText>
                        </common:Annotation>
                    </common:Annotations>
                    <common:Name xml:lang="en">Taranaki Region</common:Name>
                    <common:Name xml:lang="fr">Taranaki Region</common:Name>
                    <structure:Parent>
                        <Ref id="NZ17"/>
                    </structure:Parent>
                </structure:Code>
                <structure:Code id="NZ18">
                    <common:Annotations>
                        <common:Annotation>
                            <common:AnnotationType>ORDER</common:AnnotationType>
                            <common:AnnotationText xml:lang="en">20710</common:AnnotationText>
                            <common:AnnotationText xml:lang="fr">20710</common:AnnotationText>
                        </common:Annotation>
                    </common:Annotations>
                    <common:Name xml:lang="en">Manawatu-Wanganui Region</common:Name>
                    <common:Name xml:lang="fr">Manawatu-Wanganui Region</common:Name>
                    <structure:Parent>
                        <Ref id="NZL"/>
                    </structure:Parent>
                </structure:Code>
                <structure:Code id="NZ018">
                    <common:Annotations>
                        <common:Annotation>
                            <common:AnnotationType>ORDER</common:AnnotationType>
                            <common:AnnotationText xml:lang="en">20720</common:AnnotationText>
                            <common:AnnotationText xml:lang="fr">20720</common:AnnotationText>
                        </common:Annotation>
                    </common:Annotations>
                    <common:Name xml:lang="en">Manawatu-Wanganui Region</common:Name>
                    <common:Name xml:lang="fr">Manawatu-Wanganui Region</common:Name>
                    <structure:Parent>
                        <Ref id="NZ18"/>
                    </structure:Parent>
                </structure:Code>
                <structure:Code id="NZ19">
                    <common:Annotations>
                        <common:Annotation>
                            <common:AnnotationType>ORDER</common:AnnotationType>
                            <common:AnnotationText xml:lang="en">20730</common:AnnotationText>
                            <common:AnnotationText xml:lang="fr">20730</common:AnnotationText>
                        </common:Annotation>
                    </common:Annotations>
                    <common:Name xml:lang="en">Wellington Region</common:Name>
                    <common:Name xml:lang="fr">Wellington Region</common:Name>
                    <structure:Parent>
                        <Ref id="NZL"/>
                    </structure:Parent>
                </structure:Code>
                <structure:Code id="NZ019">
                    <common:Annotations>
                        <common:Annotation>
                            <common:AnnotationType>ORDER</common:AnnotationType>
                            <common:AnnotationText xml:lang="en">20740</common:AnnotationText>
                            <common:AnnotationText xml:lang="fr">20740</common:AnnotationText>
                        </common:Annotation>
                    </common:Annotations>
                    <common:Name xml:lang="en">Wellington Region</common:Name>
                    <common:Name xml:lang="fr">Wellington Region</common:Name>
                    <structure:Parent>
                        <Ref id="NZ19"/>
                    </structure:Parent>
                </structure:Code>
                <structure:Code id="NZ21">
                    <common:Annotations>
                        <common:Annotation>
                            <common:AnnotationType>ORDER</common:AnnotationType>
                            <common:AnnotationText xml:lang="en">20750</common:AnnotationText>
                            <common:AnnotationText xml:lang="fr">20750</common:AnnotationText>
                        </common:Annotation>
                    </common:Annotations>
                    <common:Name xml:lang="en">Tasman-Nelson-Marlborough</common:Name>
                    <common:Name xml:lang="fr">Tasman-Nelson-Marlborough</common:Name>
                    <structure:Parent>
                        <Ref id="NZL"/>
                    </structure:Parent>
                </structure:Code>
                <structure:Code id="NZ021">
                    <common:Annotations>
                        <common:Annotation>
                            <common:AnnotationType>ORDER</common:AnnotationType>
                            <common:AnnotationText xml:lang="en">20760</common:AnnotationText>
                            <common:AnnotationText xml:lang="fr">20760</common:AnnotationText>
                        </common:Annotation>
                    </common:Annotations>
                    <common:Name xml:lang="en">Tasman-Nelson-Marlborough</common:Name>
                    <common:Name xml:lang="fr">Tasman-Nelson-Marlborough</common:Name>
                    <structure:Parent>
                        <Ref id="NZ21"/>
                    </structure:Parent>
                </structure:Code>
                <structure:Code id="NZ22">
                    <common:Annotations>
                        <common:Annotation>
                            <common:AnnotationType>ORDER</common:AnnotationType>
                            <common:AnnotationText xml:lang="en">20770</common:AnnotationText>
                            <common:AnnotationText xml:lang="fr">20770</common:AnnotationText>
                        </common:Annotation>
                    </common:Annotations>
                    <common:Name xml:lang="en">West Coast Region</common:Name>
                    <common:Name xml:lang="fr">West Coast Region</common:Name>
                    <structure:Parent>
                        <Ref id="NZL"/>
                    </structure:Parent>
                </structure:Code>
                <structure:Code id="NZ022">
                    <common:Annotations>
                        <common:Annotation>
                            <common:AnnotationType>ORDER</common:AnnotationType>
                            <common:AnnotationText xml:lang="en">20780</common:AnnotationText>
                            <common:AnnotationText xml:lang="fr">20780</common:AnnotationText>
                        </common:Annotation>
                    </common:Annotations>
                    <common:Name xml:lang="en">West Coast Region</common:Name>
                    <common:Name xml:lang="fr">West Coast Region</common:Name>
                    <structure:Parent>
                        <Ref id="NZ22"/>
                    </structure:Parent>
                </structure:Code>
                <structure:Code id="NZ23">
                    <common:Annotations>
                        <common:Annotation>
                            <common:AnnotationType>ORDER</common:AnnotationType>
                            <common:AnnotationText xml:lang="en">20790</common:AnnotationText>
                            <common:AnnotationText xml:lang="fr">20790</common:AnnotationText>
                        </common:Annotation>
                    </common:Annotations>
                    <common:Name xml:lang="en">Canterbury Region</common:Name>
                    <common:Name xml:lang="fr">Canterbury Region</common:Name>
                    <structure:Parent>
                        <Ref id="NZL"/>
                    </structure:Parent>
                </structure:Code>
                <structure:Code id="NZ023">
                    <common:Annotations>
                        <common:Annotation>
                            <common:AnnotationType>ORDER</common:AnnotationType>
                            <common:AnnotationText xml:lang="en">20800</common:AnnotationText>
                            <common:AnnotationText xml:lang="fr">20800</common:AnnotationText>
                        </common:Annotation>
                    </common:Annotations>
                    <common:Name xml:lang="en">Canterbury Region</common:Name>
                    <common:Name xml:lang="fr">Canterbury Region</common:Name>
                    <structure:Parent>
                        <Ref id="NZ23"/>
                    </structure:Parent>
                </structure:Code>
                <structure:Code id="NZ24">
                    <common:Annotations>
                        <common:Annotation>
                            <common:AnnotationType>ORDER</common:AnnotationType>
                            <common:AnnotationText xml:lang="en">20810</common:AnnotationText>
                            <common:AnnotationText xml:lang="fr">20810</common:AnnotationText>
                        </common:Annotation>
                    </common:Annotations>
                    <common:Name xml:lang="en">Otago Region</common:Name>
                    <common:Name xml:lang="fr">Otago Region</common:Name>
                    <structure:Parent>
                        <Ref id="NZL"/>
                    </structure:Parent>
                </structure:Code>
                <structure:Code id="NZ024">
                    <common:Annotations>
                        <common:Annotation>
                            <common:AnnotationType>ORDER</common:AnnotationType>
                            <common:AnnotationText xml:lang="en">20820</common:AnnotationText>
                            <common:AnnotationText xml:lang="fr">20820</common:AnnotationText>
                        </common:Annotation>
                    </common:Annotations>
                    <common:Name xml:lang="en">Otago Region</common:Name>
                    <common:Name xml:lang="fr">Otago Region</common:Name>
                    <structure:Parent>
                        <Ref id="NZ24"/>
                    </structure:Parent>
                </structure:Code>
                <structure:Code id="NZ25">
                    <common:Annotations>
                        <common:Annotation>
                            <common:AnnotationType>ORDER</common:AnnotationType>
                            <common:AnnotationText xml:lang="en">20830</common:AnnotationText>
                            <common:AnnotationText xml:lang="fr">20830</common:AnnotationText>
                        </common:Annotation>
                    </common:Annotations>
                    <common:Name xml:lang="en">Southland Region</common:Name>
                    <common:Name xml:lang="fr">Southland Region</common:Name>
                    <structure:Parent>
                        <Ref id="NZL"/>
                    </structure:Parent>
                </structure:Code>
                <structure:Code id="NZ025">
                    <common:Annotations>
                        <common:Annotation>
                            <common:AnnotationType>ORDER</common:AnnotationType>
                            <common:AnnotationText xml:lang="en">20840</common:AnnotationText>
                            <common:AnnotationText xml:lang="fr">20840</common:AnnotationText>
                        </common:Annotation>
                    </common:Annotations>
                    <common:Name xml:lang="en">Southland Region</common:Name>
                    <common:Name xml:lang="fr">Southland Region</common:Name>
                    <structure:Parent>
                        <Ref id="NZ25"/>
                    </structure:Parent>
                </structure:Code>
                <structure:Code id="NOR">
                    <common:Annotations>
                        <common:Annotation>
                            <common:AnnotationType>ORDER</common:AnnotationType>
                            <common:AnnotationText xml:lang="en">20850</common:AnnotationText>
                            <common:AnnotationText xml:lang="fr">20850</common:AnnotationText>
                        </common:Annotation>
                    </common:Annotations>
                    <common:Name xml:lang="en">Norway</common:Name>
                    <common:Name xml:lang="fr">Norvège</common:Name>
                </structure:Code>
                <structure:Code id="NO01">
                    <common:Annotations>
                        <common:Annotation>
                            <common:AnnotationType>ORDER</common:AnnotationType>
                            <common:AnnotationText xml:lang="en">20860</common:AnnotationText>
                            <common:AnnotationText xml:lang="fr">20860</common:AnnotationText>
                        </common:Annotation>
                    </common:Annotations>
                    <common:Name xml:lang="en">Oslo and Akershus</common:Name>
                    <common:Name xml:lang="fr">Oslo and Akershus</common:Name>
                    <structure:Parent>
                        <Ref id="NOR"/>
                    </structure:Parent>
                </structure:Code>
                <structure:Code id="NO011">
                    <common:Annotations>
                        <common:Annotation>
                            <common:AnnotationType>ORDER</common:AnnotationType>
                            <common:AnnotationText xml:lang="en">20870</common:AnnotationText>
                            <common:AnnotationText xml:lang="fr">20870</common:AnnotationText>
                        </common:Annotation>
                    </common:Annotations>
                    <common:Name xml:lang="en">Oslo</common:Name>
                    <common:Name xml:lang="fr">Oslo</common:Name>
                    <structure:Parent>
                        <Ref id="NO01"/>
                    </structure:Parent>
                </structure:Code>
                <structure:Code id="NO012">
                    <common:Annotations>
                        <common:Annotation>
                            <common:AnnotationType>ORDER</common:AnnotationType>
                            <common:AnnotationText xml:lang="en">20880</common:AnnotationText>
                            <common:AnnotationText xml:lang="fr">20880</common:AnnotationText>
                        </common:Annotation>
                    </common:Annotations>
                    <common:Name xml:lang="en">Akershus</common:Name>
                    <common:Name xml:lang="fr">Akershus</common:Name>
                    <structure:Parent>
                        <Ref id="NO01"/>
                    </structure:Parent>
                </structure:Code>
                <structure:Code id="NO02">
                    <common:Annotations>
                        <common:Annotation>
                            <common:AnnotationType>ORDER</common:AnnotationType>
                            <common:AnnotationText xml:lang="en">20890</common:AnnotationText>
                            <common:AnnotationText xml:lang="fr">20890</common:AnnotationText>
                        </common:Annotation>
                    </common:Annotations>
                    <common:Name xml:lang="en">Hedmark and Oppland</common:Name>
                    <common:Name xml:lang="fr">Hedmark and Oppland</common:Name>
                    <structure:Parent>
                        <Ref id="NOR"/>
                    </structure:Parent>
                </structure:Code>
                <structure:Code id="NO021">
                    <common:Annotations>
                        <common:Annotation>
                            <common:AnnotationType>ORDER</common:AnnotationType>
                            <common:AnnotationText xml:lang="en">20900</common:AnnotationText>
                            <common:AnnotationText xml:lang="fr">20900</common:AnnotationText>
                        </common:Annotation>
                    </common:Annotations>
                    <common:Name xml:lang="en">Hedmark</common:Name>
                    <common:Name xml:lang="fr">Hedmark</common:Name>
                    <structure:Parent>
                        <Ref id="NO02"/>
                    </structure:Parent>
                </structure:Code>
                <structure:Code id="NO022">
                    <common:Annotations>
                        <common:Annotation>
                            <common:AnnotationType>ORDER</common:AnnotationType>
                            <common:AnnotationText xml:lang="en">20910</common:AnnotationText>
                            <common:AnnotationText xml:lang="fr">20910</common:AnnotationText>
                        </common:Annotation>
                    </common:Annotations>
                    <common:Name xml:lang="en">Oppland</common:Name>
                    <common:Name xml:lang="fr">Oppland</common:Name>
                    <structure:Parent>
                        <Ref id="NO02"/>
                    </structure:Parent>
                </structure:Code>
                <structure:Code id="NO03">
                    <common:Annotations>
                        <common:Annotation>
                            <common:AnnotationType>ORDER</common:AnnotationType>
                            <common:AnnotationText xml:lang="en">20920</common:AnnotationText>
                            <common:AnnotationText xml:lang="fr">20920</common:AnnotationText>
                        </common:Annotation>
                    </common:Annotations>
                    <common:Name xml:lang="en">South-Eastern Norway</common:Name>
                    <common:Name xml:lang="fr">South-Eastern Norway</common:Name>
                    <structure:Parent>
                        <Ref id="NOR"/>
                    </structure:Parent>
                </structure:Code>
                <structure:Code id="NO031">
                    <common:Annotations>
                        <common:Annotation>
                            <common:AnnotationType>ORDER</common:AnnotationType>
                            <common:AnnotationText xml:lang="en">20930</common:AnnotationText>
                            <common:AnnotationText xml:lang="fr">20930</common:AnnotationText>
                        </common:Annotation>
                    </common:Annotations>
                    <common:Name xml:lang="en">Østfold</common:Name>
                    <common:Name xml:lang="fr">Østfold</common:Name>
                    <structure:Parent>
                        <Ref id="NO03"/>
                    </structure:Parent>
                </structure:Code>
                <structure:Code id="NO032">
                    <common:Annotations>
                        <common:Annotation>
                            <common:AnnotationType>ORDER</common:AnnotationType>
                            <common:AnnotationText xml:lang="en">20940</common:AnnotationText>
                            <common:AnnotationText xml:lang="fr">20940</common:AnnotationText>
                        </common:Annotation>
                    </common:Annotations>
                    <common:Name xml:lang="en">Buskerud</common:Name>
                    <common:Name xml:lang="fr">Buskerud</common:Name>
                    <structure:Parent>
                        <Ref id="NO03"/>
                    </structure:Parent>
                </structure:Code>
                <structure:Code id="NO033">
                    <common:Annotations>
                        <common:Annotation>
                            <common:AnnotationType>ORDER</common:AnnotationType>
                            <common:AnnotationText xml:lang="en">20950</common:AnnotationText>
                            <common:AnnotationText xml:lang="fr">20950</common:AnnotationText>
                        </common:Annotation>
                    </common:Annotations>
                    <common:Name xml:lang="en">Vestfold</common:Name>
                    <common:Name xml:lang="fr">Vestfold</common:Name>
                    <structure:Parent>
                        <Ref id="NO03"/>
                    </structure:Parent>
                </structure:Code>
                <structure:Code id="NO034">
                    <common:Annotations>
                        <common:Annotation>
                            <common:AnnotationType>ORDER</common:AnnotationType>
                            <common:AnnotationText xml:lang="en">20960</common:AnnotationText>
                            <common:AnnotationText xml:lang="fr">20960</common:AnnotationText>
                        </common:Annotation>
                    </common:Annotations>
                    <common:Name xml:lang="en">Telemark</common:Name>
                    <common:Name xml:lang="fr">Telemark</common:Name>
                    <structure:Parent>
                        <Ref id="NO03"/>
                    </structure:Parent>
                </structure:Code>
                <structure:Code id="NO04">
                    <common:Annotations>
                        <common:Annotation>
                            <common:AnnotationType>ORDER</common:AnnotationType>
                            <common:AnnotationText xml:lang="en">20970</common:AnnotationText>
                            <common:AnnotationText xml:lang="fr">20970</common:AnnotationText>
                        </common:Annotation>
                    </common:Annotations>
                    <common:Name xml:lang="en">Agder and Rogaland</common:Name>
                    <common:Name xml:lang="fr">Agder and Rogaland</common:Name>
                    <structure:Parent>
                        <Ref id="NOR"/>
                    </structure:Parent>
                </structure:Code>
                <structure:Code id="NO041">
                    <common:Annotations>
                        <common:Annotation>
                            <common:AnnotationType>ORDER</common:AnnotationType>
                            <common:AnnotationText xml:lang="en">20980</common:AnnotationText>
                            <common:AnnotationText xml:lang="fr">20980</common:AnnotationText>
                        </common:Annotation>
                    </common:Annotations>
                    <common:Name xml:lang="en">Aust-Agder</common:Name>
                    <common:Name xml:lang="fr">Aust-Agder</common:Name>
                    <structure:Parent>
                        <Ref id="NO04"/>
                    </structure:Parent>
                </structure:Code>
                <structure:Code id="NO042">
                    <common:Annotations>
                        <common:Annotation>
                            <common:AnnotationType>ORDER</common:AnnotationType>
                            <common:AnnotationText xml:lang="en">20990</common:AnnotationText>
                            <common:AnnotationText xml:lang="fr">20990</common:AnnotationText>
                        </common:Annotation>
                    </common:Annotations>
                    <common:Name xml:lang="en">Vest-Agder</common:Name>
                    <common:Name xml:lang="fr">Vest-Agder</common:Name>
                    <structure:Parent>
                        <Ref id="NO04"/>
                    </structure:Parent>
                </structure:Code>
                <structure:Code id="NO043">
                    <common:Annotations>
                        <common:Annotation>
                            <common:AnnotationType>ORDER</common:AnnotationType>
                            <common:AnnotationText xml:lang="en">21000</common:AnnotationText>
                            <common:AnnotationText xml:lang="fr">21000</common:AnnotationText>
                        </common:Annotation>
                    </common:Annotations>
                    <common:Name xml:lang="en">Rogaland</common:Name>
                    <common:Name xml:lang="fr">Rogaland</common:Name>
                    <structure:Parent>
                        <Ref id="NO04"/>
                    </structure:Parent>
                </structure:Code>
                <structure:Code id="NO05">
                    <common:Annotations>
                        <common:Annotation>
                            <common:AnnotationType>ORDER</common:AnnotationType>
                            <common:AnnotationText xml:lang="en">21010</common:AnnotationText>
                            <common:AnnotationText xml:lang="fr">21010</common:AnnotationText>
                        </common:Annotation>
                    </common:Annotations>
                    <common:Name xml:lang="en">Western Norway</common:Name>
                    <common:Name xml:lang="fr">Western Norway</common:Name>
                    <structure:Parent>
                        <Ref id="NOR"/>
                    </structure:Parent>
                </structure:Code>
                <structure:Code id="NO051">
                    <common:Annotations>
                        <common:Annotation>
                            <common:AnnotationType>ORDER</common:AnnotationType>
                            <common:AnnotationText xml:lang="en">21020</common:AnnotationText>
                            <common:AnnotationText xml:lang="fr">21020</common:AnnotationText>
                        </common:Annotation>
                    </common:Annotations>
                    <common:Name xml:lang="en">Hordaland</common:Name>
                    <common:Name xml:lang="fr">Hordaland</common:Name>
                    <structure:Parent>
                        <Ref id="NO05"/>
                    </structure:Parent>
                </structure:Code>
                <structure:Code id="NO052">
                    <common:Annotations>
                        <common:Annotation>
                            <common:AnnotationType>ORDER</common:AnnotationType>
                            <common:AnnotationText xml:lang="en">21030</common:AnnotationText>
                            <common:AnnotationText xml:lang="fr">21030</common:AnnotationText>
                        </common:Annotation>
                    </common:Annotations>
                    <common:Name xml:lang="en">Sogn og Fjordane</common:Name>
                    <common:Name xml:lang="fr">Sogn og Fjordane</common:Name>
                    <structure:Parent>
                        <Ref id="NO05"/>
                    </structure:Parent>
                </structure:Code>
                <structure:Code id="NO053">
                    <common:Annotations>
                        <common:Annotation>
                            <common:AnnotationType>ORDER</common:AnnotationType>
                            <common:AnnotationText xml:lang="en">21040</common:AnnotationText>
                            <common:AnnotationText xml:lang="fr">21040</common:AnnotationText>
                        </common:Annotation>
                    </common:Annotations>
                    <common:Name xml:lang="en">Møre og Romsdal</common:Name>
                    <common:Name xml:lang="fr">Møre og Romsdal</common:Name>
                    <structure:Parent>
                        <Ref id="NO05"/>
                    </structure:Parent>
                </structure:Code>
                <structure:Code id="NO06">
                    <common:Annotations>
                        <common:Annotation>
                            <common:AnnotationType>ORDER</common:AnnotationType>
                            <common:AnnotationText xml:lang="en">21050</common:AnnotationText>
                            <common:AnnotationText xml:lang="fr">21050</common:AnnotationText>
                        </common:Annotation>
                    </common:Annotations>
                    <common:Name xml:lang="en">Trøndelag</common:Name>
                    <common:Name xml:lang="fr">Trøndelag</common:Name>
                    <structure:Parent>
                        <Ref id="NOR"/>
                    </structure:Parent>
                </structure:Code>
                <structure:Code id="NO060">
                    <common:Annotations>
                        <common:Annotation>
                            <common:AnnotationType>ORDER</common:AnnotationType>
                            <common:AnnotationText xml:lang="en">21060</common:AnnotationText>
                            <common:AnnotationText xml:lang="fr">21060</common:AnnotationText>
                        </common:Annotation>
                    </common:Annotations>
                    <common:Name xml:lang="en">Trøndelag</common:Name>
                    <common:Name xml:lang="fr">Trøndelag</common:Name>
                    <structure:Parent>
                        <Ref id="NO06"/>
                    </structure:Parent>
                </structure:Code>
                <structure:Code id="NO07">
                    <common:Annotations>
                        <common:Annotation>
                            <common:AnnotationType>ORDER</common:AnnotationType>
                            <common:AnnotationText xml:lang="en">21070</common:AnnotationText>
                            <common:AnnotationText xml:lang="fr">21070</common:AnnotationText>
                        </common:Annotation>
                    </common:Annotations>
                    <common:Name xml:lang="en">Northern Norway</common:Name>
                    <common:Name xml:lang="fr">Northern Norway</common:Name>
                    <structure:Parent>
                        <Ref id="NOR"/>
                    </structure:Parent>
                </structure:Code>
                <structure:Code id="NO071">
                    <common:Annotations>
                        <common:Annotation>
                            <common:AnnotationType>ORDER</common:AnnotationType>
                            <common:AnnotationText xml:lang="en">21080</common:AnnotationText>
                            <common:AnnotationText xml:lang="fr">21080</common:AnnotationText>
                        </common:Annotation>
                    </common:Annotations>
                    <common:Name xml:lang="en">Nordland</common:Name>
                    <common:Name xml:lang="fr">Nordland</common:Name>
                    <structure:Parent>
                        <Ref id="NO07"/>
                    </structure:Parent>
                </structure:Code>
                <structure:Code id="NO072">
                    <common:Annotations>
                        <common:Annotation>
                            <common:AnnotationType>ORDER</common:AnnotationType>
                            <common:AnnotationText xml:lang="en">21090</common:AnnotationText>
                            <common:AnnotationText xml:lang="fr">21090</common:AnnotationText>
                        </common:Annotation>
                    </common:Annotations>
                    <common:Name xml:lang="en">Troms</common:Name>
                    <common:Name xml:lang="fr">Troms</common:Name>
                    <structure:Parent>
                        <Ref id="NO07"/>
                    </structure:Parent>
                </structure:Code>
                <structure:Code id="NO073">
                    <common:Annotations>
                        <common:Annotation>
                            <common:AnnotationType>ORDER</common:AnnotationType>
                            <common:AnnotationText xml:lang="en">21100</common:AnnotationText>
                            <common:AnnotationText xml:lang="fr">21100</common:AnnotationText>
                        </common:Annotation>
                    </common:Annotations>
                    <common:Name xml:lang="en">Finnmark</common:Name>
                    <common:Name xml:lang="fr">Finnmark</common:Name>
                    <structure:Parent>
                        <Ref id="NO07"/>
                    </structure:Parent>
                </structure:Code>
                <structure:Code id="POL">
                    <common:Annotations>
                        <common:Annotation>
                            <common:AnnotationType>ORDER</common:AnnotationType>
                            <common:AnnotationText xml:lang="en">21110</common:AnnotationText>
                            <common:AnnotationText xml:lang="fr">21110</common:AnnotationText>
                        </common:Annotation>
                    </common:Annotations>
                    <common:Name xml:lang="en">Poland</common:Name>
                    <common:Name xml:lang="fr">Pologne</common:Name>
                </structure:Code>
                <structure:Code id="PL21">
                    <common:Annotations>
                        <common:Annotation>
                            <common:AnnotationType>ORDER</common:AnnotationType>
                            <common:AnnotationText xml:lang="en">21120</common:AnnotationText>
                            <common:AnnotationText xml:lang="fr">21120</common:AnnotationText>
                        </common:Annotation>
                    </common:Annotations>
                    <common:Name xml:lang="en">Lesser Poland</common:Name>
                    <common:Name xml:lang="fr">Lesser Poland</common:Name>
                    <structure:Parent>
                        <Ref id="POL"/>
                    </structure:Parent>
                </structure:Code>
                <structure:Code id="PL213">
                    <common:Annotations>
                        <common:Annotation>
                            <common:AnnotationType>ORDER</common:AnnotationType>
                            <common:AnnotationText xml:lang="en">21130</common:AnnotationText>
                            <common:AnnotationText xml:lang="fr">21130</common:AnnotationText>
                        </common:Annotation>
                    </common:Annotations>
                    <common:Name xml:lang="en">City of Krakow</common:Name>
                    <common:Name xml:lang="fr">City of Krakow</common:Name>
                    <structure:Parent>
                        <Ref id="PL21"/>
                    </structure:Parent>
                </structure:Code>
                <structure:Code id="PL214">
                    <common:Annotations>
                        <common:Annotation>
                            <common:AnnotationType>ORDER</common:AnnotationType>
                            <common:AnnotationText xml:lang="en">21140</common:AnnotationText>
                            <common:AnnotationText xml:lang="fr">21140</common:AnnotationText>
                        </common:Annotation>
                    </common:Annotations>
                    <common:Name xml:lang="en">Krakowski</common:Name>
                    <common:Name xml:lang="fr">Krakowski</common:Name>
                    <structure:Parent>
                        <Ref id="PL21"/>
                    </structure:Parent>
                </structure:Code>
                <structure:Code id="PL217">
                    <common:Annotations>
                        <common:Annotation>
                            <common:AnnotationType>ORDER</common:AnnotationType>
                            <common:AnnotationText xml:lang="en">21150</common:AnnotationText>
                            <common:AnnotationText xml:lang="fr">21150</common:AnnotationText>
                        </common:Annotation>
                    </common:Annotations>
                    <common:Name xml:lang="en">Tarnowski</common:Name>
                    <common:Name xml:lang="fr">Tarnowski</common:Name>
                    <structure:Parent>
                        <Ref id="PL21"/>
                    </structure:Parent>
                </structure:Code>
                <structure:Code id="PL218">
                    <common:Annotations>
                        <common:Annotation>
                            <common:AnnotationType>ORDER</common:AnnotationType>
                            <common:AnnotationText xml:lang="en">21160</common:AnnotationText>
                            <common:AnnotationText xml:lang="fr">21160</common:AnnotationText>
                        </common:Annotation>
                    </common:Annotations>
                    <common:Name xml:lang="en">Nowosadecki</common:Name>
                    <common:Name xml:lang="fr">Nowosadecki</common:Name>
                    <structure:Parent>
                        <Ref id="PL21"/>
                    </structure:Parent>
                </structure:Code>
                <structure:Code id="PL219">
                    <common:Annotations>
                        <common:Annotation>
                            <common:AnnotationType>ORDER</common:AnnotationType>
                            <common:AnnotationText xml:lang="en">21170</common:AnnotationText>
                            <common:AnnotationText xml:lang="fr">21170</common:AnnotationText>
                        </common:Annotation>
                    </common:Annotations>
                    <common:Name xml:lang="en">Nowotarski</common:Name>
                    <common:Name xml:lang="fr">Nowotarski</common:Name>
                    <structure:Parent>
                        <Ref id="PL21"/>
                    </structure:Parent>
                </structure:Code>
                <structure:Code id="PL21A">
                    <common:Annotations>
                        <common:Annotation>
                            <common:AnnotationType>ORDER</common:AnnotationType>
                            <common:AnnotationText xml:lang="en">21180</common:AnnotationText>
                            <common:AnnotationText xml:lang="fr">21180</common:AnnotationText>
                        </common:Annotation>
                    </common:Annotations>
                    <common:Name xml:lang="en">Oswiecimski</common:Name>
                    <common:Name xml:lang="fr">Oswiecimski</common:Name>
                    <structure:Parent>
                        <Ref id="PL21"/>
                    </structure:Parent>
                </structure:Code>
                <structure:Code id="PL22">
                    <common:Annotations>
                        <common:Annotation>
                            <common:AnnotationType>ORDER</common:AnnotationType>
                            <common:AnnotationText xml:lang="en">21190</common:AnnotationText>
                            <common:AnnotationText xml:lang="fr">21190</common:AnnotationText>
                        </common:Annotation>
                    </common:Annotations>
                    <common:Name xml:lang="en">Silesia</common:Name>
                    <common:Name xml:lang="fr">Silesia</common:Name>
                    <structure:Parent>
                        <Ref id="POL"/>
                    </structure:Parent>
                </structure:Code>
                <structure:Code id="PL224">
                    <common:Annotations>
                        <common:Annotation>
                            <common:AnnotationType>ORDER</common:AnnotationType>
                            <common:AnnotationText xml:lang="en">21200</common:AnnotationText>
                            <common:AnnotationText xml:lang="fr">21200</common:AnnotationText>
                        </common:Annotation>
                    </common:Annotations>
                    <common:Name xml:lang="en">Czestochowski</common:Name>
                    <common:Name xml:lang="fr">Czestochowski</common:Name>
                    <structure:Parent>
                        <Ref id="PL22"/>
                    </structure:Parent>
                </structure:Code>
                <structure:Code id="PL225">
                    <common:Annotations>
                        <common:Annotation>
                            <common:AnnotationType>ORDER</common:AnnotationType>
                            <common:AnnotationText xml:lang="en">21210</common:AnnotationText>
                            <common:AnnotationText xml:lang="fr">21210</common:AnnotationText>
                        </common:Annotation>
                    </common:Annotations>
                    <common:Name xml:lang="en">Bielski</common:Name>
                    <common:Name xml:lang="fr">Bielski</common:Name>
                    <structure:Parent>
                        <Ref id="PL22"/>
                    </structure:Parent>
                </structure:Code>
                <structure:Code id="PL227">
                    <common:Annotations>
                        <common:Annotation>
                            <common:AnnotationType>ORDER</common:AnnotationType>
                            <common:AnnotationText xml:lang="en">21220</common:AnnotationText>
                            <common:AnnotationText xml:lang="fr">21220</common:AnnotationText>
                        </common:Annotation>
                    </common:Annotations>
                    <common:Name xml:lang="en">Rybnicki</common:Name>
                    <common:Name xml:lang="fr">Rybnicki</common:Name>
                    <structure:Parent>
                        <Ref id="PL22"/>
                    </structure:Parent>
                </structure:Code>
                <structure:Code id="PL228">
                    <common:Annotations>
                        <common:Annotation>
                            <common:AnnotationType>ORDER</common:AnnotationType>
                            <common:AnnotationText xml:lang="en">21230</common:AnnotationText>
                            <common:AnnotationText xml:lang="fr">21230</common:AnnotationText>
                        </common:Annotation>
                    </common:Annotations>
                    <common:Name xml:lang="en">Bytomski</common:Name>
                    <common:Name xml:lang="fr">Bytomski</common:Name>
                    <structure:Parent>
                        <Ref id="PL22"/>
                    </structure:Parent>
                </structure:Code>
                <structure:Code id="PL229">
                    <common:Annotations>
                        <common:Annotation>
                            <common:AnnotationType>ORDER</common:AnnotationType>
                            <common:AnnotationText xml:lang="en">21240</common:AnnotationText>
                            <common:AnnotationText xml:lang="fr">21240</common:AnnotationText>
                        </common:Annotation>
                    </common:Annotations>
                    <common:Name xml:lang="en">Gliwicki</common:Name>
                    <common:Name xml:lang="fr">Gliwicki</common:Name>
                    <structure:Parent>
                        <Ref id="PL22"/>
                    </structure:Parent>
                </structure:Code>
                <structure:Code id="PL22A">
                    <common:Annotations>
                        <common:Annotation>
                            <common:AnnotationType>ORDER</common:AnnotationType>
                            <common:AnnotationText xml:lang="en">21250</common:AnnotationText>
                            <common:AnnotationText xml:lang="fr">21250</common:AnnotationText>
                        </common:Annotation>
                    </common:Annotations>
                    <common:Name xml:lang="en">Katowicki</common:Name>
                    <common:Name xml:lang="fr">Katowicki</common:Name>
                    <structure:Parent>
                        <Ref id="PL22"/>
                    </structure:Parent>
                </structure:Code>
                <structure:Code id="PL22B">
                    <common:Annotations>
                        <common:Annotation>
                            <common:AnnotationType>ORDER</common:AnnotationType>
                            <common:AnnotationText xml:lang="en">21260</common:AnnotationText>
                            <common:AnnotationText xml:lang="fr">21260</common:AnnotationText>
                        </common:Annotation>
                    </common:Annotations>
                    <common:Name xml:lang="en">Sosnowiecki</common:Name>
                    <common:Name xml:lang="fr">Sosnowiecki</common:Name>
                    <structure:Parent>
                        <Ref id="PL22"/>
                    </structure:Parent>
                </structure:Code>
                <structure:Code id="PL22C">
                    <common:Annotations>
                        <common:Annotation>
                            <common:AnnotationType>ORDER</common:AnnotationType>
                            <common:AnnotationText xml:lang="en">21270</common:AnnotationText>
                            <common:AnnotationText xml:lang="fr">21270</common:AnnotationText>
                        </common:Annotation>
                    </common:Annotations>
                    <common:Name xml:lang="en">Tyski</common:Name>
                    <common:Name xml:lang="fr">Tyski</common:Name>
                    <structure:Parent>
                        <Ref id="PL22"/>
                    </structure:Parent>
                </structure:Code>
                <structure:Code id="PL41">
                    <common:Annotations>
                        <common:Annotation>
                            <common:AnnotationType>ORDER</common:AnnotationType>
                            <common:AnnotationText xml:lang="en">21280</common:AnnotationText>
                            <common:AnnotationText xml:lang="fr">21280</common:AnnotationText>
                        </common:Annotation>
                    </common:Annotations>
                    <common:Name xml:lang="en">Greater Poland</common:Name>
                    <common:Name xml:lang="fr">Greater Poland</common:Name>
                    <structure:Parent>
                        <Ref id="POL"/>
                    </structure:Parent>
                </structure:Code>
                <structure:Code id="PL411">
                    <common:Annotations>
                        <common:Annotation>
                            <common:AnnotationType>ORDER</common:AnnotationType>
                            <common:AnnotationText xml:lang="en">21290</common:AnnotationText>
                            <common:AnnotationText xml:lang="fr">21290</common:AnnotationText>
                        </common:Annotation>
                    </common:Annotations>
                    <common:Name xml:lang="en">Pilski</common:Name>
                    <common:Name xml:lang="fr">Pilski</common:Name>
                    <structure:Parent>
                        <Ref id="PL41"/>
                    </structure:Parent>
                </structure:Code>
                <structure:Code id="PL414">
                    <common:Annotations>
                        <common:Annotation>
                            <common:AnnotationType>ORDER</common:AnnotationType>
                            <common:AnnotationText xml:lang="en">21300</common:AnnotationText>
                            <common:AnnotationText xml:lang="fr">21300</common:AnnotationText>
                        </common:Annotation>
                    </common:Annotations>
                    <common:Name xml:lang="en">Koninski</common:Name>
                    <common:Name xml:lang="fr">Koninski</common:Name>
                    <structure:Parent>
                        <Ref id="PL41"/>
                    </structure:Parent>
                </structure:Code>
                <structure:Code id="PL415">
                    <common:Annotations>
                        <common:Annotation>
                            <common:AnnotationType>ORDER</common:AnnotationType>
                            <common:AnnotationText xml:lang="en">21310</common:AnnotationText>
                            <common:AnnotationText xml:lang="fr">21310</common:AnnotationText>
                        </common:Annotation>
                    </common:Annotations>
                    <common:Name xml:lang="en">City of Poznan</common:Name>
                    <common:Name xml:lang="fr">City of Poznan</common:Name>
                    <structure:Parent>
                        <Ref id="PL41"/>
                    </structure:Parent>
                </structure:Code>
                <structure:Code id="PL416">
                    <common:Annotations>
                        <common:Annotation>
                            <common:AnnotationType>ORDER</common:AnnotationType>
                            <common:AnnotationText xml:lang="en">21320</common:AnnotationText>
                            <common:AnnotationText xml:lang="fr">21320</common:AnnotationText>
                        </common:Annotation>
                    </common:Annotations>
                    <common:Name xml:lang="en">Kaliski</common:Name>
                    <common:Name xml:lang="fr">Kaliski</common:Name>
                    <structure:Parent>
                        <Ref id="PL41"/>
                    </structure:Parent>
                </structure:Code>
                <structure:Code id="PL417">
                    <common:Annotations>
                        <common:Annotation>
                            <common:AnnotationType>ORDER</common:AnnotationType>
                            <common:AnnotationText xml:lang="en">21330</common:AnnotationText>
                            <common:AnnotationText xml:lang="fr">21330</common:AnnotationText>
                        </common:Annotation>
                    </common:Annotations>
                    <common:Name xml:lang="en">Leszczynski</common:Name>
                    <common:Name xml:lang="fr">Leszczynski</common:Name>
                    <structure:Parent>
                        <Ref id="PL41"/>
                    </structure:Parent>
                </structure:Code>
                <structure:Code id="PL418">
                    <common:Annotations>
                        <common:Annotation>
                            <common:AnnotationType>ORDER</common:AnnotationType>
                            <common:AnnotationText xml:lang="en">21340</common:AnnotationText>
                            <common:AnnotationText xml:lang="fr">21340</common:AnnotationText>
                        </common:Annotation>
                    </common:Annotations>
                    <common:Name xml:lang="en">Poznanski</common:Name>
                    <common:Name xml:lang="fr">Poznanski</common:Name>
                    <structure:Parent>
                        <Ref id="PL41"/>
                    </structure:Parent>
                </structure:Code>
                <structure:Code id="PL42">
                    <common:Annotations>
                        <common:Annotation>
                            <common:AnnotationType>ORDER</common:AnnotationType>
                            <common:AnnotationText xml:lang="en">21350</common:AnnotationText>
                            <common:AnnotationText xml:lang="fr">21350</common:AnnotationText>
                        </common:Annotation>
                    </common:Annotations>
                    <common:Name xml:lang="en">West Pomerania</common:Name>
                    <common:Name xml:lang="fr">West Pomerania</common:Name>
                    <structure:Parent>
                        <Ref id="POL"/>
                    </structure:Parent>
                </structure:Code>
                <structure:Code id="PL424">
                    <common:Annotations>
                        <common:Annotation>
                            <common:AnnotationType>ORDER</common:AnnotationType>
                            <common:AnnotationText xml:lang="en">21360</common:AnnotationText>
                            <common:AnnotationText xml:lang="fr">21360</common:AnnotationText>
                        </common:Annotation>
                    </common:Annotations>
                    <common:Name xml:lang="en">City of Szczecin</common:Name>
                    <common:Name xml:lang="fr">City of Szczecin</common:Name>
                    <structure:Parent>
                        <Ref id="PL42"/>
                    </structure:Parent>
                </structure:Code>
                <structure:Code id="PL426">
                    <common:Annotations>
                        <common:Annotation>
                            <common:AnnotationType>ORDER</common:AnnotationType>
                            <common:AnnotationText xml:lang="en">21370</common:AnnotationText>
                            <common:AnnotationText xml:lang="fr">21370</common:AnnotationText>
                        </common:Annotation>
                    </common:Annotations>
                    <common:Name xml:lang="en">Koszalinski</common:Name>
                    <common:Name xml:lang="fr">Koszalinski</common:Name>
                    <structure:Parent>
                        <Ref id="PL42"/>
                    </structure:Parent>
                </structure:Code>
                <structure:Code id="PL427">
                    <common:Annotations>
                        <common:Annotation>
                            <common:AnnotationType>ORDER</common:AnnotationType>
                            <common:AnnotationText xml:lang="en">21380</common:AnnotationText>
                            <common:AnnotationText xml:lang="fr">21380</common:AnnotationText>
                        </common:Annotation>
                    </common:Annotations>
                    <common:Name xml:lang="en">Szczecinecko-pyrzycki</common:Name>
                    <common:Name xml:lang="fr">Szczecinecko-pyrzycki</common:Name>
                    <structure:Parent>
                        <Ref id="PL42"/>
                    </structure:Parent>
                </structure:Code>
                <structure:Code id="PL428">
                    <common:Annotations>
                        <common:Annotation>
                            <common:AnnotationType>ORDER</common:AnnotationType>
                            <common:AnnotationText xml:lang="en">21390</common:AnnotationText>
                            <common:AnnotationText xml:lang="fr">21390</common:AnnotationText>
                        </common:Annotation>
                    </common:Annotations>
                    <common:Name xml:lang="en">Szczecinski</common:Name>
                    <common:Name xml:lang="fr">Szczecinski</common:Name>
                    <structure:Parent>
                        <Ref id="PL42"/>
                    </structure:Parent>
                </structure:Code>
                <structure:Code id="PL43">
                    <common:Annotations>
                        <common:Annotation>
                            <common:AnnotationType>ORDER</common:AnnotationType>
                            <common:AnnotationText xml:lang="en">21400</common:AnnotationText>
                            <common:AnnotationText xml:lang="fr">21400</common:AnnotationText>
                        </common:Annotation>
                    </common:Annotations>
                    <common:Name xml:lang="en">Lubusz</common:Name>
                    <common:Name xml:lang="fr">Lubusz</common:Name>
                    <structure:Parent>
                        <Ref id="POL"/>
                    </structure:Parent>
                </structure:Code>
                <structure:Code id="PL431">
                    <common:Annotations>
                        <common:Annotation>
                            <common:AnnotationType>ORDER</common:AnnotationType>
                            <common:AnnotationText xml:lang="en">21410</common:AnnotationText>
                            <common:AnnotationText xml:lang="fr">21410</common:AnnotationText>
                        </common:Annotation>
                    </common:Annotations>
                    <common:Name xml:lang="en">Gorzowski</common:Name>
                    <common:Name xml:lang="fr">Gorzowski</common:Name>
                    <structure:Parent>
                        <Ref id="PL43"/>
                    </structure:Parent>
                </structure:Code>
                <structure:Code id="PL432">
                    <common:Annotations>
                        <common:Annotation>
                            <common:AnnotationType>ORDER</common:AnnotationType>
                            <common:AnnotationText xml:lang="en">21420</common:AnnotationText>
                            <common:AnnotationText xml:lang="fr">21420</common:AnnotationText>
                        </common:Annotation>
                    </common:Annotations>
                    <common:Name xml:lang="en">Zielonogórski</common:Name>
                    <common:Name xml:lang="fr">Zielonogórski</common:Name>
                    <structure:Parent>
                        <Ref id="PL43"/>
                    </structure:Parent>
                </structure:Code>
                <structure:Code id="PL51">
                    <common:Annotations>
                        <common:Annotation>
                            <common:AnnotationType>ORDER</common:AnnotationType>
                            <common:AnnotationText xml:lang="en">21430</common:AnnotationText>
                            <common:AnnotationText xml:lang="fr">21430</common:AnnotationText>
                        </common:Annotation>
                    </common:Annotations>
                    <common:Name xml:lang="en">Lower Silesia</common:Name>
                    <common:Name xml:lang="fr">Lower Silesia</common:Name>
                    <structure:Parent>
                        <Ref id="POL"/>
                    </structure:Parent>
                </structure:Code>
                <structure:Code id="PL514">
                    <common:Annotations>
                        <common:Annotation>
                            <common:AnnotationType>ORDER</common:AnnotationType>
                            <common:AnnotationText xml:lang="en">21440</common:AnnotationText>
                            <common:AnnotationText xml:lang="fr">21440</common:AnnotationText>
                        </common:Annotation>
                    </common:Annotations>
                    <common:Name xml:lang="en">City of Wroclaw</common:Name>
                    <common:Name xml:lang="fr">City of Wroclaw</common:Name>
                    <structure:Parent>
                        <Ref id="PL51"/>
                    </structure:Parent>
                </structure:Code>
                <structure:Code id="PL515">
                    <common:Annotations>
                        <common:Annotation>
                            <common:AnnotationType>ORDER</common:AnnotationType>
                            <common:AnnotationText xml:lang="en">21450</common:AnnotationText>
                            <common:AnnotationText xml:lang="fr">21450</common:AnnotationText>
                        </common:Annotation>
                    </common:Annotations>
                    <common:Name xml:lang="en">Jeleniogórski</common:Name>
                    <common:Name xml:lang="fr">Jeleniogórski</common:Name>
                    <structure:Parent>
                        <Ref id="PL51"/>
                    </structure:Parent>
                </structure:Code>
                <structure:Code id="PL516">
                    <common:Annotations>
                        <common:Annotation>
                            <common:AnnotationType>ORDER</common:AnnotationType>
                            <common:AnnotationText xml:lang="en">21460</common:AnnotationText>
                            <common:AnnotationText xml:lang="fr">21460</common:AnnotationText>
                        </common:Annotation>
                    </common:Annotations>
                    <common:Name xml:lang="en">Legnicko-Glogowski</common:Name>
                    <common:Name xml:lang="fr">Legnicko-Glogowski</common:Name>
                    <structure:Parent>
                        <Ref id="PL51"/>
                    </structure:Parent>
                </structure:Code>
                <structure:Code id="PL517">
                    <common:Annotations>
                        <common:Annotation>
                            <common:AnnotationType>ORDER</common:AnnotationType>
                            <common:AnnotationText xml:lang="en">21470</common:AnnotationText>
                            <common:AnnotationText xml:lang="fr">21470</common:AnnotationText>
                        </common:Annotation>
                    </common:Annotations>
                    <common:Name xml:lang="en">Walbrzyski</common:Name>
                    <common:Name xml:lang="fr">Walbrzyski</common:Name>
                    <structure:Parent>
                        <Ref id="PL51"/>
                    </structure:Parent>
                </structure:Code>
                <structure:Code id="PL518">
                    <common:Annotations>
                        <common:Annotation>
                            <common:AnnotationType>ORDER</common:AnnotationType>
                            <common:AnnotationText xml:lang="en">21480</common:AnnotationText>
                            <common:AnnotationText xml:lang="fr">21480</common:AnnotationText>
                        </common:Annotation>
                    </common:Annotations>
                    <common:Name xml:lang="en">Wroclawski</common:Name>
                    <common:Name xml:lang="fr">Wroclawski</common:Name>
                    <structure:Parent>
                        <Ref id="PL51"/>
                    </structure:Parent>
                </structure:Code>
                <structure:Code id="PL52">
                    <common:Annotations>
                        <common:Annotation>
                            <common:AnnotationType>ORDER</common:AnnotationType>
                            <common:AnnotationText xml:lang="en">21490</common:AnnotationText>
                            <common:AnnotationText xml:lang="fr">21490</common:AnnotationText>
                        </common:Annotation>
                    </common:Annotations>
                    <common:Name xml:lang="en">Opole region</common:Name>
                    <common:Name xml:lang="fr">Opole region</common:Name>
                    <structure:Parent>
                        <Ref id="POL"/>
                    </structure:Parent>
                </structure:Code>
                <structure:Code id="PL523">
                    <common:Annotations>
                        <common:Annotation>
                            <common:AnnotationType>ORDER</common:AnnotationType>
                            <common:AnnotationText xml:lang="en">21500</common:AnnotationText>
                            <common:AnnotationText xml:lang="fr">21500</common:AnnotationText>
                        </common:Annotation>
                    </common:Annotations>
                    <common:Name xml:lang="en">Nyski</common:Name>
                    <common:Name xml:lang="fr">Nyski</common:Name>
                    <structure:Parent>
                        <Ref id="PL52"/>
                    </structure:Parent>
                </structure:Code>
                <structure:Code id="PL524">
                    <common:Annotations>
                        <common:Annotation>
                            <common:AnnotationType>ORDER</common:AnnotationType>
                            <common:AnnotationText xml:lang="en">21510</common:AnnotationText>
                            <common:AnnotationText xml:lang="fr">21510</common:AnnotationText>
                        </common:Annotation>
                    </common:Annotations>
                    <common:Name xml:lang="en">Opolski</common:Name>
                    <common:Name xml:lang="fr">Opolski</common:Name>
                    <structure:Parent>
                        <Ref id="PL52"/>
                    </structure:Parent>
                </structure:Code>
                <structure:Code id="PL61">
                    <common:Annotations>
                        <common:Annotation>
                            <common:AnnotationType>ORDER</common:AnnotationType>
                            <common:AnnotationText xml:lang="en">21520</common:AnnotationText>
                            <common:AnnotationText xml:lang="fr">21520</common:AnnotationText>
                        </common:Annotation>
                    </common:Annotations>
                    <common:Name xml:lang="en">Kuyavian-Pomerania</common:Name>
                    <common:Name xml:lang="fr">Kuyavian-Pomerania</common:Name>
                    <structure:Parent>
                        <Ref id="POL"/>
                    </structure:Parent>
                </structure:Code>
                <structure:Code id="PL613">
                    <common:Annotations>
                        <common:Annotation>
                            <common:AnnotationType>ORDER</common:AnnotationType>
                            <common:AnnotationText xml:lang="en">21530</common:AnnotationText>
                            <common:AnnotationText xml:lang="fr">21530</common:AnnotationText>
                        </common:Annotation>
                    </common:Annotations>
                    <common:Name xml:lang="en">Bydgosko-Torunski</common:Name>
                    <common:Name xml:lang="fr">Bydgosko-Torunski</common:Name>
                    <structure:Parent>
                        <Ref id="PL61"/>
                    </structure:Parent>
                </structure:Code>
                <structure:Code id="PL616">
                    <common:Annotations>
                        <common:Annotation>
                            <common:AnnotationType>ORDER</common:AnnotationType>
                            <common:AnnotationText xml:lang="en">21540</common:AnnotationText>
                            <common:AnnotationText xml:lang="fr">21540</common:AnnotationText>
                        </common:Annotation>
                    </common:Annotations>
                    <common:Name xml:lang="en">Grudziadzki</common:Name>
                    <common:Name xml:lang="fr">Grudziadzki</common:Name>
                    <structure:Parent>
                        <Ref id="PL61"/>
                    </structure:Parent>
                </structure:Code>
                <structure:Code id="PL617">
                    <common:Annotations>
                        <common:Annotation>
                            <common:AnnotationType>ORDER</common:AnnotationType>
                            <common:AnnotationText xml:lang="en">21550</common:AnnotationText>
                            <common:AnnotationText xml:lang="fr">21550</common:AnnotationText>
                        </common:Annotation>
                    </common:Annotations>
                    <common:Name xml:lang="en">Inowroclawski</common:Name>
                    <common:Name xml:lang="fr">Inowroclawski</common:Name>
                    <structure:Parent>
                        <Ref id="PL61"/>
                    </structure:Parent>
                </structure:Code>
                <structure:Code id="PL618">
                    <common:Annotations>
                        <common:Annotation>
                            <common:AnnotationType>ORDER</common:AnnotationType>
                            <common:AnnotationText xml:lang="en">21560</common:AnnotationText>
                            <common:AnnotationText xml:lang="fr">21560</common:AnnotationText>
                        </common:Annotation>
                    </common:Annotations>
                    <common:Name xml:lang="en">Swiecki</common:Name>
                    <common:Name xml:lang="fr">Swiecki</common:Name>
                    <structure:Parent>
                        <Ref id="PL61"/>
                    </structure:Parent>
                </structure:Code>
                <structure:Code id="PL619">
                    <common:Annotations>
                        <common:Annotation>
                            <common:AnnotationType>ORDER</common:AnnotationType>
                            <common:AnnotationText xml:lang="en">21570</common:AnnotationText>
                            <common:AnnotationText xml:lang="fr">21570</common:AnnotationText>
                        </common:Annotation>
                    </common:Annotations>
                    <common:Name xml:lang="en">Wloclawski</common:Name>
                    <common:Name xml:lang="fr">Wloclawski</common:Name>
                    <structure:Parent>
                        <Ref id="PL61"/>
                    </structure:Parent>
                </structure:Code>
                <structure:Code id="PL62">
                    <common:Annotations>
                        <common:Annotation>
                            <common:AnnotationType>ORDER</common:AnnotationType>
                            <common:AnnotationText xml:lang="en">21580</common:AnnotationText>
                            <common:AnnotationText xml:lang="fr">21580</common:AnnotationText>
                        </common:Annotation>
                    </common:Annotations>
                    <common:Name xml:lang="en">Warmian-Masuria</common:Name>
                    <common:Name xml:lang="fr">Warmian-Masuria</common:Name>
                    <structure:Parent>
                        <Ref id="POL"/>
                    </structure:Parent>
                </structure:Code>
                <structure:Code id="PL621">
                    <common:Annotations>
                        <common:Annotation>
                            <common:AnnotationType>ORDER</common:AnnotationType>
                            <common:AnnotationText xml:lang="en">21590</common:AnnotationText>
                            <common:AnnotationText xml:lang="fr">21590</common:AnnotationText>
                        </common:Annotation>
                    </common:Annotations>
                    <common:Name xml:lang="en">Elblaski</common:Name>
                    <common:Name xml:lang="fr">Elblaski</common:Name>
                    <structure:Parent>
                        <Ref id="PL62"/>
                    </structure:Parent>
                </structure:Code>
                <structure:Code id="PL622">
                    <common:Annotations>
                        <common:Annotation>
                            <common:AnnotationType>ORDER</common:AnnotationType>
                            <common:AnnotationText xml:lang="en">21600</common:AnnotationText>
                            <common:AnnotationText xml:lang="fr">21600</common:AnnotationText>
                        </common:Annotation>
                    </common:Annotations>
                    <common:Name xml:lang="en">Olsztynski</common:Name>
                    <common:Name xml:lang="fr">Olsztynski</common:Name>
                    <structure:Parent>
                        <Ref id="PL62"/>
                    </structure:Parent>
                </structure:Code>
                <structure:Code id="PL623">
                    <common:Annotations>
                        <common:Annotation>
                            <common:AnnotationType>ORDER</common:AnnotationType>
                            <common:AnnotationText xml:lang="en">21610</common:AnnotationText>
                            <common:AnnotationText xml:lang="fr">21610</common:AnnotationText>
                        </common:Annotation>
                    </common:Annotations>
                    <common:Name xml:lang="en">Elcki</common:Name>
                    <common:Name xml:lang="fr">Elcki</common:Name>
                    <structure:Parent>
                        <Ref id="PL62"/>
                    </structure:Parent>
                </structure:Code>
                <structure:Code id="PL63">
                    <common:Annotations>
                        <common:Annotation>
                            <common:AnnotationType>ORDER</common:AnnotationType>
                            <common:AnnotationText xml:lang="en">21620</common:AnnotationText>
                            <common:AnnotationText xml:lang="fr">21620</common:AnnotationText>
                        </common:Annotation>
                    </common:Annotations>
                    <common:Name xml:lang="en">Pomerania</common:Name>
                    <common:Name xml:lang="fr">Pomerania</common:Name>
                    <structure:Parent>
                        <Ref id="POL"/>
                    </structure:Parent>
                </structure:Code>
                <structure:Code id="PL633">
                    <common:Annotations>
                        <common:Annotation>
                            <common:AnnotationType>ORDER</common:AnnotationType>
                            <common:AnnotationText xml:lang="en">21630</common:AnnotationText>
                            <common:AnnotationText xml:lang="fr">21630</common:AnnotationText>
                        </common:Annotation>
                    </common:Annotations>
                    <common:Name xml:lang="en">Trojmiejski</common:Name>
                    <common:Name xml:lang="fr">Trojmiejski</common:Name>
                    <structure:Parent>
                        <Ref id="PL63"/>
                    </structure:Parent>
                </structure:Code>
                <structure:Code id="PL634">
                    <common:Annotations>
                        <common:Annotation>
                            <common:AnnotationType>ORDER</common:AnnotationType>
                            <common:AnnotationText xml:lang="en">21640</common:AnnotationText>
                            <common:AnnotationText xml:lang="fr">21640</common:AnnotationText>
                        </common:Annotation>
                    </common:Annotations>
                    <common:Name xml:lang="en">Gdanski</common:Name>
                    <common:Name xml:lang="fr">Gdanski</common:Name>
                    <structure:Parent>
                        <Ref id="PL63"/>
                    </structure:Parent>
                </structure:Code>
                <structure:Code id="PL636">
                    <common:Annotations>
                        <common:Annotation>
                            <common:AnnotationType>ORDER</common:AnnotationType>
                            <common:AnnotationText xml:lang="en">21650</common:AnnotationText>
                            <common:AnnotationText xml:lang="fr">21650</common:AnnotationText>
                        </common:Annotation>
                    </common:Annotations>
                    <common:Name xml:lang="en">Slupski</common:Name>
                    <common:Name xml:lang="fr">Slupski</common:Name>
                    <structure:Parent>
                        <Ref id="PL63"/>
                    </structure:Parent>
                </structure:Code>
                <structure:Code id="PL637">
                    <common:Annotations>
                        <common:Annotation>
                            <common:AnnotationType>ORDER</common:AnnotationType>
                            <common:AnnotationText xml:lang="en">21660</common:AnnotationText>
                            <common:AnnotationText xml:lang="fr">21660</common:AnnotationText>
                        </common:Annotation>
                    </common:Annotations>
                    <common:Name xml:lang="en">Chojnicki</common:Name>
                    <common:Name xml:lang="fr">Chojnicki</common:Name>
                    <structure:Parent>
                        <Ref id="PL63"/>
                    </structure:Parent>
                </structure:Code>
                <structure:Code id="PL638">
                    <common:Annotations>
                        <common:Annotation>
                            <common:AnnotationType>ORDER</common:AnnotationType>
                            <common:AnnotationText xml:lang="en">21670</common:AnnotationText>
                            <common:AnnotationText xml:lang="fr">21670</common:AnnotationText>
                        </common:Annotation>
                    </common:Annotations>
                    <common:Name xml:lang="en">Starogardzki</common:Name>
                    <common:Name xml:lang="fr">Starogardzki</common:Name>
                    <structure:Parent>
                        <Ref id="PL63"/>
                    </structure:Parent>
                </structure:Code>
                <structure:Code id="PL71">
                    <common:Annotations>
                        <common:Annotation>
                            <common:AnnotationType>ORDER</common:AnnotationType>
                            <common:AnnotationText xml:lang="en">21680</common:AnnotationText>
                            <common:AnnotationText xml:lang="fr">21680</common:AnnotationText>
                        </common:Annotation>
                    </common:Annotations>
                    <common:Name xml:lang="en">Lodzkie</common:Name>
                    <common:Name xml:lang="fr">Lodzkie</common:Name>
                    <structure:Parent>
                        <Ref id="POL"/>
                    </structure:Parent>
                </structure:Code>
                <structure:Code id="PL711">
                    <common:Annotations>
                        <common:Annotation>
                            <common:AnnotationType>ORDER</common:AnnotationType>
                            <common:AnnotationText xml:lang="en">21690</common:AnnotationText>
                            <common:AnnotationText xml:lang="fr">21690</common:AnnotationText>
                        </common:Annotation>
                    </common:Annotations>
                    <common:Name xml:lang="en">City of Lódz</common:Name>
                    <common:Name xml:lang="fr">City of Lódz</common:Name>
                    <structure:Parent>
                        <Ref id="PL71"/>
                    </structure:Parent>
                </structure:Code>
                <structure:Code id="PL712">
                    <common:Annotations>
                        <common:Annotation>
                            <common:AnnotationType>ORDER</common:AnnotationType>
                            <common:AnnotationText xml:lang="en">21700</common:AnnotationText>
                            <common:AnnotationText xml:lang="fr">21700</common:AnnotationText>
                        </common:Annotation>
                    </common:Annotations>
                    <common:Name xml:lang="en">Lódzki</common:Name>
                    <common:Name xml:lang="fr">Lódzki</common:Name>
                    <structure:Parent>
                        <Ref id="PL71"/>
                    </structure:Parent>
                </structure:Code>
                <structure:Code id="PL713">
                    <common:Annotations>
                        <common:Annotation>
                            <common:AnnotationType>ORDER</common:AnnotationType>
                            <common:AnnotationText xml:lang="en">21710</common:AnnotationText>
                            <common:AnnotationText xml:lang="fr">21710</common:AnnotationText>
                        </common:Annotation>
                    </common:Annotations>
                    <common:Name xml:lang="en">Piotrkowski</common:Name>
                    <common:Name xml:lang="fr">Piotrkowski</common:Name>
                    <structure:Parent>
                        <Ref id="PL71"/>
                    </structure:Parent>
                </structure:Code>
                <structure:Code id="PL714">
                    <common:Annotations>
                        <common:Annotation>
                            <common:AnnotationType>ORDER</common:AnnotationType>
                            <common:AnnotationText xml:lang="en">21720</common:AnnotationText>
                            <common:AnnotationText xml:lang="fr">21720</common:AnnotationText>
                        </common:Annotation>
                    </common:Annotations>
                    <common:Name xml:lang="en">Sieradzki</common:Name>
                    <common:Name xml:lang="fr">Sieradzki</common:Name>
                    <structure:Parent>
                        <Ref id="PL71"/>
                    </structure:Parent>
                </structure:Code>
                <structure:Code id="PL715">
                    <common:Annotations>
                        <common:Annotation>
                            <common:AnnotationType>ORDER</common:AnnotationType>
                            <common:AnnotationText xml:lang="en">21730</common:AnnotationText>
                            <common:AnnotationText xml:lang="fr">21730</common:AnnotationText>
                        </common:Annotation>
                    </common:Annotations>
                    <common:Name xml:lang="en">Skierniewicki</common:Name>
                    <common:Name xml:lang="fr">Skierniewicki</common:Name>
                    <structure:Parent>
                        <Ref id="PL71"/>
                    </structure:Parent>
                </structure:Code>
                <structure:Code id="PL72">
                    <common:Annotations>
                        <common:Annotation>
                            <common:AnnotationType>ORDER</common:AnnotationType>
                            <common:AnnotationText xml:lang="en">21740</common:AnnotationText>
                            <common:AnnotationText xml:lang="fr">21740</common:AnnotationText>
                        </common:Annotation>
                    </common:Annotations>
                    <common:Name xml:lang="en">Swietokrzyskie</common:Name>
                    <common:Name xml:lang="fr">Swietokrzyskie</common:Name>
                    <structure:Parent>
                        <Ref id="POL"/>
                    </structure:Parent>
                </structure:Code>
                <structure:Code id="PL721">
                    <common:Annotations>
                        <common:Annotation>
                            <common:AnnotationType>ORDER</common:AnnotationType>
                            <common:AnnotationText xml:lang="en">21750</common:AnnotationText>
                            <common:AnnotationText xml:lang="fr">21750</common:AnnotationText>
                        </common:Annotation>
                    </common:Annotations>
                    <common:Name xml:lang="en">Kielecki</common:Name>
                    <common:Name xml:lang="fr">Kielecki</common:Name>
                    <structure:Parent>
                        <Ref id="PL72"/>
                    </structure:Parent>
                </structure:Code>
                <structure:Code id="PL722">
                    <common:Annotations>
                        <common:Annotation>
                            <common:AnnotationType>ORDER</common:AnnotationType>
                            <common:AnnotationText xml:lang="en">21760</common:AnnotationText>
                            <common:AnnotationText xml:lang="fr">21760</common:AnnotationText>
                        </common:Annotation>
                    </common:Annotations>
                    <common:Name xml:lang="en">Sandomiersko-Jedrzejowski</common:Name>
                    <common:Name xml:lang="fr">Sandomiersko-Jedrzejowski</common:Name>
                    <structure:Parent>
                        <Ref id="PL72"/>
                    </structure:Parent>
                </structure:Code>
                <structure:Code id="PL81">
                    <common:Annotations>
                        <common:Annotation>
                            <common:AnnotationType>ORDER</common:AnnotationType>
                            <common:AnnotationText xml:lang="en">21770</common:AnnotationText>
                            <common:AnnotationText xml:lang="fr">21770</common:AnnotationText>
                        </common:Annotation>
                    </common:Annotations>
                    <common:Name xml:lang="en">Lublin Province</common:Name>
                    <common:Name xml:lang="fr">Lublin Province</common:Name>
                    <structure:Parent>
                        <Ref id="POL"/>
                    </structure:Parent>
                </structure:Code>
                <structure:Code id="PL811">
                    <common:Annotations>
                        <common:Annotation>
                            <common:AnnotationType>ORDER</common:AnnotationType>
                            <common:AnnotationText xml:lang="en">21780</common:AnnotationText>
                            <common:AnnotationText xml:lang="fr">21780</common:AnnotationText>
                        </common:Annotation>
                    </common:Annotations>
                    <common:Name xml:lang="en">Bialski</common:Name>
                    <common:Name xml:lang="fr">Bialski</common:Name>
                    <structure:Parent>
                        <Ref id="PL81"/>
                    </structure:Parent>
                </structure:Code>
                <structure:Code id="PL812">
                    <common:Annotations>
                        <common:Annotation>
                            <common:AnnotationType>ORDER</common:AnnotationType>
                            <common:AnnotationText xml:lang="en">21790</common:AnnotationText>
                            <common:AnnotationText xml:lang="fr">21790</common:AnnotationText>
                        </common:Annotation>
                    </common:Annotations>
                    <common:Name xml:lang="en">Chelmsko-Zamojski</common:Name>
                    <common:Name xml:lang="fr">Chelmsko-Zamojski</common:Name>
                    <structure:Parent>
                        <Ref id="PL81"/>
                    </structure:Parent>
                </structure:Code>
                <structure:Code id="PL814">
                    <common:Annotations>
                        <common:Annotation>
                            <common:AnnotationType>ORDER</common:AnnotationType>
                            <common:AnnotationText xml:lang="en">21800</common:AnnotationText>
                            <common:AnnotationText xml:lang="fr">21800</common:AnnotationText>
                        </common:Annotation>
                    </common:Annotations>
                    <common:Name xml:lang="en">Lubelski</common:Name>
                    <common:Name xml:lang="fr">Lubelski</common:Name>
                    <structure:Parent>
                        <Ref id="PL81"/>
                    </structure:Parent>
                </structure:Code>
                <structure:Code id="PL815">
                    <common:Annotations>
                        <common:Annotation>
                            <common:AnnotationType>ORDER</common:AnnotationType>
                            <common:AnnotationText xml:lang="en">21810</common:AnnotationText>
                            <common:AnnotationText xml:lang="fr">21810</common:AnnotationText>
                        </common:Annotation>
                    </common:Annotations>
                    <common:Name xml:lang="en">Pulawski</common:Name>
                    <common:Name xml:lang="fr">Pulawski</common:Name>
                    <structure:Parent>
                        <Ref id="PL81"/>
                    </structure:Parent>
                </structure:Code>
                <structure:Code id="PL82">
                    <common:Annotations>
                        <common:Annotation>
                            <common:AnnotationType>ORDER</common:AnnotationType>
                            <common:AnnotationText xml:lang="en">21820</common:AnnotationText>
                            <common:AnnotationText xml:lang="fr">21820</common:AnnotationText>
                        </common:Annotation>
                    </common:Annotations>
                    <common:Name xml:lang="en">Podkarpacia</common:Name>
                    <common:Name xml:lang="fr">Podkarpacia</common:Name>
                    <structure:Parent>
                        <Ref id="POL"/>
                    </structure:Parent>
                </structure:Code>
                <structure:Code id="PL821">
                    <common:Annotations>
                        <common:Annotation>
                            <common:AnnotationType>ORDER</common:AnnotationType>
                            <common:AnnotationText xml:lang="en">21830</common:AnnotationText>
                            <common:AnnotationText xml:lang="fr">21830</common:AnnotationText>
                        </common:Annotation>
                    </common:Annotations>
                    <common:Name xml:lang="en">Krosnienski</common:Name>
                    <common:Name xml:lang="fr">Krosnienski</common:Name>
                    <structure:Parent>
                        <Ref id="PL82"/>
                    </structure:Parent>
                </structure:Code>
                <structure:Code id="PL822">
                    <common:Annotations>
                        <common:Annotation>
                            <common:AnnotationType>ORDER</common:AnnotationType>
                            <common:AnnotationText xml:lang="en">21840</common:AnnotationText>
                            <common:AnnotationText xml:lang="fr">21840</common:AnnotationText>
                        </common:Annotation>
                    </common:Annotations>
                    <common:Name xml:lang="en">Przemyski</common:Name>
                    <common:Name xml:lang="fr">Przemyski</common:Name>
                    <structure:Parent>
                        <Ref id="PL82"/>
                    </structure:Parent>
                </structure:Code>
                <structure:Code id="PL823">
                    <common:Annotations>
                        <common:Annotation>
                            <common:AnnotationType>ORDER</common:AnnotationType>
                            <common:AnnotationText xml:lang="en">21850</common:AnnotationText>
                            <common:AnnotationText xml:lang="fr">21850</common:AnnotationText>
                        </common:Annotation>
                    </common:Annotations>
                    <common:Name xml:lang="en">Rzeszowski</common:Name>
                    <common:Name xml:lang="fr">Rzeszowski</common:Name>
                    <structure:Parent>
                        <Ref id="PL82"/>
                    </structure:Parent>
                </structure:Code>
                <structure:Code id="PL824">
                    <common:Annotations>
                        <common:Annotation>
                            <common:AnnotationType>ORDER</common:AnnotationType>
                            <common:AnnotationText xml:lang="en">21860</common:AnnotationText>
                            <common:AnnotationText xml:lang="fr">21860</common:AnnotationText>
                        </common:Annotation>
                    </common:Annotations>
                    <common:Name xml:lang="en">Tarnobrzeski</common:Name>
                    <common:Name xml:lang="fr">Tarnobrzeski</common:Name>
                    <structure:Parent>
                        <Ref id="PL82"/>
                    </structure:Parent>
                </structure:Code>
                <structure:Code id="PL84">
                    <common:Annotations>
                        <common:Annotation>
                            <common:AnnotationType>ORDER</common:AnnotationType>
                            <common:AnnotationText xml:lang="en">21870</common:AnnotationText>
                            <common:AnnotationText xml:lang="fr">21870</common:AnnotationText>
                        </common:Annotation>
                    </common:Annotations>
                    <common:Name xml:lang="en">Podlaskie</common:Name>
                    <common:Name xml:lang="fr">Podlaskie</common:Name>
                    <structure:Parent>
                        <Ref id="POL"/>
                    </structure:Parent>
                </structure:Code>
                <structure:Code id="PL841">
                    <common:Annotations>
                        <common:Annotation>
                            <common:AnnotationType>ORDER</common:AnnotationType>
                            <common:AnnotationText xml:lang="en">21880</common:AnnotationText>
                            <common:AnnotationText xml:lang="fr">21880</common:AnnotationText>
                        </common:Annotation>
                    </common:Annotations>
                    <common:Name xml:lang="en">Bialostocki</common:Name>
                    <common:Name xml:lang="fr">Bialostocki</common:Name>
                    <structure:Parent>
                        <Ref id="PL84"/>
                    </structure:Parent>
                </structure:Code>
                <structure:Code id="PL842">
                    <common:Annotations>
                        <common:Annotation>
                            <common:AnnotationType>ORDER</common:AnnotationType>
                            <common:AnnotationText xml:lang="en">21890</common:AnnotationText>
                            <common:AnnotationText xml:lang="fr">21890</common:AnnotationText>
                        </common:Annotation>
                    </common:Annotations>
                    <common:Name xml:lang="en">Lomzynski</common:Name>
                    <common:Name xml:lang="fr">Lomzynski</common:Name>
                    <structure:Parent>
                        <Ref id="PL84"/>
                    </structure:Parent>
                </structure:Code>
                <structure:Code id="PL843">
                    <common:Annotations>
                        <common:Annotation>
                            <common:AnnotationType>ORDER</common:AnnotationType>
                            <common:AnnotationText xml:lang="en">21900</common:AnnotationText>
                            <common:AnnotationText xml:lang="fr">21900</common:AnnotationText>
                        </common:Annotation>
                    </common:Annotations>
                    <common:Name xml:lang="en">Suwalski</common:Name>
                    <common:Name xml:lang="fr">Suwalski</common:Name>
                    <structure:Parent>
                        <Ref id="PL84"/>
                    </structure:Parent>
                </structure:Code>
                <structure:Code id="PL91">
                    <common:Annotations>
                        <common:Annotation>
                            <common:AnnotationType>ORDER</common:AnnotationType>
                            <common:AnnotationText xml:lang="en">21910</common:AnnotationText>
                            <common:AnnotationText xml:lang="fr">21910</common:AnnotationText>
                        </common:Annotation>
                    </common:Annotations>
                    <common:Name xml:lang="en">Warsaw</common:Name>
                    <common:Name xml:lang="fr">Warsaw</common:Name>
                    <structure:Parent>
                        <Ref id="POL"/>
                    </structure:Parent>
                </structure:Code>
                <structure:Code id="PL911">
                    <common:Annotations>
                        <common:Annotation>
                            <common:AnnotationType>ORDER</common:AnnotationType>
                            <common:AnnotationText xml:lang="en">21920</common:AnnotationText>
                            <common:AnnotationText xml:lang="fr">21920</common:AnnotationText>
                        </common:Annotation>
                    </common:Annotations>
                    <common:Name xml:lang="en">City of Warsaw</common:Name>
                    <common:Name xml:lang="fr">City of Warsaw</common:Name>
                    <structure:Parent>
                        <Ref id="PL91"/>
                    </structure:Parent>
                </structure:Code>
                <structure:Code id="PL912">
                    <common:Annotations>
                        <common:Annotation>
                            <common:AnnotationType>ORDER</common:AnnotationType>
                            <common:AnnotationText xml:lang="en">21930</common:AnnotationText>
                            <common:AnnotationText xml:lang="fr">21930</common:AnnotationText>
                        </common:Annotation>
                    </common:Annotations>
                    <common:Name xml:lang="en">Warsaw-East</common:Name>
                    <common:Name xml:lang="fr">Warsaw-East</common:Name>
                    <structure:Parent>
                        <Ref id="PL91"/>
                    </structure:Parent>
                </structure:Code>
                <structure:Code id="PL913">
                    <common:Annotations>
                        <common:Annotation>
                            <common:AnnotationType>ORDER</common:AnnotationType>
                            <common:AnnotationText xml:lang="en">21940</common:AnnotationText>
                            <common:AnnotationText xml:lang="fr">21940</common:AnnotationText>
                        </common:Annotation>
                    </common:Annotations>
                    <common:Name xml:lang="en">Warsaw-West</common:Name>
                    <common:Name xml:lang="fr">Warsaw-West</common:Name>
                    <structure:Parent>
                        <Ref id="PL91"/>
                    </structure:Parent>
                </structure:Code>
                <structure:Code id="PL92">
                    <common:Annotations>
                        <common:Annotation>
                            <common:AnnotationType>ORDER</common:AnnotationType>
                            <common:AnnotationText xml:lang="en">21950</common:AnnotationText>
                            <common:AnnotationText xml:lang="fr">21950</common:AnnotationText>
                        </common:Annotation>
                    </common:Annotations>
                    <common:Name xml:lang="en">Mazowiecki region</common:Name>
                    <common:Name xml:lang="fr">Mazowiecki region</common:Name>
                    <structure:Parent>
                        <Ref id="POL"/>
                    </structure:Parent>
                </structure:Code>
                <structure:Code id="PL921">
                    <common:Annotations>
                        <common:Annotation>
                            <common:AnnotationType>ORDER</common:AnnotationType>
                            <common:AnnotationText xml:lang="en">21960</common:AnnotationText>
                            <common:AnnotationText xml:lang="fr">21960</common:AnnotationText>
                        </common:Annotation>
                    </common:Annotations>
                    <common:Name xml:lang="en">Radomski</common:Name>
                    <common:Name xml:lang="fr">Radomski</common:Name>
                    <structure:Parent>
                        <Ref id="PL92"/>
                    </structure:Parent>
                </structure:Code>
                <structure:Code id="PL922">
                    <common:Annotations>
                        <common:Annotation>
                            <common:AnnotationType>ORDER</common:AnnotationType>
                            <common:AnnotationText xml:lang="en">21970</common:AnnotationText>
                            <common:AnnotationText xml:lang="fr">21970</common:AnnotationText>
                        </common:Annotation>
                    </common:Annotations>
                    <common:Name xml:lang="en">Ciechanowski</common:Name>
                    <common:Name xml:lang="fr">Ciechanowski</common:Name>
                    <structure:Parent>
                        <Ref id="PL92"/>
                    </structure:Parent>
                </structure:Code>
                <structure:Code id="PL923">
                    <common:Annotations>
                        <common:Annotation>
                            <common:AnnotationType>ORDER</common:AnnotationType>
                            <common:AnnotationText xml:lang="en">21980</common:AnnotationText>
                            <common:AnnotationText xml:lang="fr">21980</common:AnnotationText>
                        </common:Annotation>
                    </common:Annotations>
                    <common:Name xml:lang="en">Plocki</common:Name>
                    <common:Name xml:lang="fr">Plocki</common:Name>
                    <structure:Parent>
                        <Ref id="PL92"/>
                    </structure:Parent>
                </structure:Code>
                <structure:Code id="PL924">
                    <common:Annotations>
                        <common:Annotation>
                            <common:AnnotationType>ORDER</common:AnnotationType>
                            <common:AnnotationText xml:lang="en">21990</common:AnnotationText>
                            <common:AnnotationText xml:lang="fr">21990</common:AnnotationText>
                        </common:Annotation>
                    </common:Annotations>
                    <common:Name xml:lang="en">Ostrolecki</common:Name>
                    <common:Name xml:lang="fr">Ostrolecki</common:Name>
                    <structure:Parent>
                        <Ref id="PL92"/>
                    </structure:Parent>
                </structure:Code>
                <structure:Code id="PL925">
                    <common:Annotations>
                        <common:Annotation>
                            <common:AnnotationType>ORDER</common:AnnotationType>
                            <common:AnnotationText xml:lang="en">22000</common:AnnotationText>
                            <common:AnnotationText xml:lang="fr">22000</common:AnnotationText>
                        </common:Annotation>
                    </common:Annotations>
                    <common:Name xml:lang="en">Siedlecki</common:Name>
                    <common:Name xml:lang="fr">Siedlecki</common:Name>
                    <structure:Parent>
                        <Ref id="PL92"/>
                    </structure:Parent>
                </structure:Code>
                <structure:Code id="PL926">
                    <common:Annotations>
                        <common:Annotation>
                            <common:AnnotationType>ORDER</common:AnnotationType>
                            <common:AnnotationText xml:lang="en">22010</common:AnnotationText>
                            <common:AnnotationText xml:lang="fr">22010</common:AnnotationText>
                        </common:Annotation>
                    </common:Annotations>
                    <common:Name xml:lang="en">Żyrardowski</common:Name>
                    <common:Name xml:lang="fr">Żyrardowski</common:Name>
                    <structure:Parent>
                        <Ref id="PL92"/>
                    </structure:Parent>
                </structure:Code>
                <structure:Code id="PL12">
                    <common:Annotations>
                        <common:Annotation>
                            <common:AnnotationType>ORDER</common:AnnotationType>
                            <common:AnnotationText xml:lang="en">22020</common:AnnotationText>
                            <common:AnnotationText xml:lang="fr">22020</common:AnnotationText>
                        </common:Annotation>
                    </common:Annotations>
                    <common:Name xml:lang="en">Mazovia</common:Name>
                    <common:Name xml:lang="fr">Mazovia</common:Name>
                    <structure:Parent>
                        <Ref id="POL"/>
                    </structure:Parent>
                </structure:Code>
                <structure:Code id="PRT">
                    <common:Annotations>
                        <common:Annotation>
                            <common:AnnotationType>ORDER</common:AnnotationType>
                            <common:AnnotationText xml:lang="en">22030</common:AnnotationText>
                            <common:AnnotationText xml:lang="fr">22030</common:AnnotationText>
                        </common:Annotation>
                    </common:Annotations>
                    <common:Name xml:lang="en">Portugal</common:Name>
                    <common:Name xml:lang="fr">Portugal</common:Name>
                </structure:Code>
                <structure:Code id="PT11">
                    <common:Annotations>
                        <common:Annotation>
                            <common:AnnotationType>ORDER</common:AnnotationType>
                            <common:AnnotationText xml:lang="en">22040</common:AnnotationText>
                            <common:AnnotationText xml:lang="fr">22040</common:AnnotationText>
                        </common:Annotation>
                    </common:Annotations>
                    <common:Name xml:lang="en">North (PT)</common:Name>
                    <common:Name xml:lang="fr">North (PT)</common:Name>
                    <structure:Parent>
                        <Ref id="PRT"/>
                    </structure:Parent>
                </structure:Code>
                <structure:Code id="PT111">
                    <common:Annotations>
                        <common:Annotation>
                            <common:AnnotationType>ORDER</common:AnnotationType>
                            <common:AnnotationText xml:lang="en">22050</common:AnnotationText>
                            <common:AnnotationText xml:lang="fr">22050</common:AnnotationText>
                        </common:Annotation>
                    </common:Annotations>
                    <common:Name xml:lang="en">Alto Minho</common:Name>
                    <common:Name xml:lang="fr">Alto Minho</common:Name>
                    <structure:Parent>
                        <Ref id="PT11"/>
                    </structure:Parent>
                </structure:Code>
                <structure:Code id="PT112">
                    <common:Annotations>
                        <common:Annotation>
                            <common:AnnotationType>ORDER</common:AnnotationType>
                            <common:AnnotationText xml:lang="en">22060</common:AnnotationText>
                            <common:AnnotationText xml:lang="fr">22060</common:AnnotationText>
                        </common:Annotation>
                    </common:Annotations>
                    <common:Name xml:lang="en">Cávado</common:Name>
                    <common:Name xml:lang="fr">Cávado</common:Name>
                    <structure:Parent>
                        <Ref id="PT11"/>
                    </structure:Parent>
                </structure:Code>
                <structure:Code id="PT119">
                    <common:Annotations>
                        <common:Annotation>
                            <common:AnnotationType>ORDER</common:AnnotationType>
                            <common:AnnotationText xml:lang="en">22070</common:AnnotationText>
                            <common:AnnotationText xml:lang="fr">22070</common:AnnotationText>
                        </common:Annotation>
                    </common:Annotations>
                    <common:Name xml:lang="en">Ave</common:Name>
                    <common:Name xml:lang="fr">Ave</common:Name>
                    <structure:Parent>
                        <Ref id="PT11"/>
                    </structure:Parent>
                </structure:Code>
                <structure:Code id="PT11A">
                    <common:Annotations>
                        <common:Annotation>
                            <common:AnnotationType>ORDER</common:AnnotationType>
                            <common:AnnotationText xml:lang="en">22080</common:AnnotationText>
                            <common:AnnotationText xml:lang="fr">22080</common:AnnotationText>
                        </common:Annotation>
                    </common:Annotations>
                    <common:Name xml:lang="en">Metropolitan area of Porto</common:Name>
                    <common:Name xml:lang="fr">Metropolitan area of Porto</common:Name>
                    <structure:Parent>
                        <Ref id="PT11"/>
                    </structure:Parent>
                </structure:Code>
                <structure:Code id="PT11B">
                    <common:Annotations>
                        <common:Annotation>
                            <common:AnnotationType>ORDER</common:AnnotationType>
                            <common:AnnotationText xml:lang="en">22090</common:AnnotationText>
                            <common:AnnotationText xml:lang="fr">22090</common:AnnotationText>
                        </common:Annotation>
                    </common:Annotations>
                    <common:Name xml:lang="en">Alto Tâmega</common:Name>
                    <common:Name xml:lang="fr">Alto Tâmega</common:Name>
                    <structure:Parent>
                        <Ref id="PT11"/>
                    </structure:Parent>
                </structure:Code>
                <structure:Code id="PT11C">
                    <common:Annotations>
                        <common:Annotation>
                            <common:AnnotationType>ORDER</common:AnnotationType>
                            <common:AnnotationText xml:lang="en">22100</common:AnnotationText>
                            <common:AnnotationText xml:lang="fr">22100</common:AnnotationText>
                        </common:Annotation>
                    </common:Annotations>
                    <common:Name xml:lang="en">Tâmega e Sousa</common:Name>
                    <common:Name xml:lang="fr">Tâmega e Sousa</common:Name>
                    <structure:Parent>
                        <Ref id="PT11"/>
                    </structure:Parent>
                </structure:Code>
                <structure:Code id="PT11D">
                    <common:Annotations>
                        <common:Annotation>
                            <common:AnnotationType>ORDER</common:AnnotationType>
                            <common:AnnotationText xml:lang="en">22110</common:AnnotationText>
                            <common:AnnotationText xml:lang="fr">22110</common:AnnotationText>
                        </common:Annotation>
                    </common:Annotations>
                    <common:Name xml:lang="en">Douro</common:Name>
                    <common:Name xml:lang="fr">Douro</common:Name>
                    <structure:Parent>
                        <Ref id="PT11"/>
                    </structure:Parent>
                </structure:Code>
                <structure:Code id="PT11E">
                    <common:Annotations>
                        <common:Annotation>
                            <common:AnnotationType>ORDER</common:AnnotationType>
                            <common:AnnotationText xml:lang="en">22120</common:AnnotationText>
                            <common:AnnotationText xml:lang="fr">22120</common:AnnotationText>
                        </common:Annotation>
                    </common:Annotations>
                    <common:Name xml:lang="en">Terras de Trás-os-Montes</common:Name>
                    <common:Name xml:lang="fr">Terras de Trás-os-Montes</common:Name>
                    <structure:Parent>
                        <Ref id="PT11"/>
                    </structure:Parent>
                </structure:Code>
                <structure:Code id="PT15">
                    <common:Annotations>
                        <common:Annotation>
                            <common:AnnotationType>ORDER</common:AnnotationType>
                            <common:AnnotationText xml:lang="en">22130</common:AnnotationText>
                            <common:AnnotationText xml:lang="fr">22130</common:AnnotationText>
                        </common:Annotation>
                    </common:Annotations>
                    <common:Name xml:lang="en">Algarve</common:Name>
                    <common:Name xml:lang="fr">Algarve</common:Name>
                    <structure:Parent>
                        <Ref id="PRT"/>
                    </structure:Parent>
                </structure:Code>
                <structure:Code id="PT150">
                    <common:Annotations>
                        <common:Annotation>
                            <common:AnnotationType>ORDER</common:AnnotationType>
                            <common:AnnotationText xml:lang="en">22140</common:AnnotationText>
                            <common:AnnotationText xml:lang="fr">22140</common:AnnotationText>
                        </common:Annotation>
                    </common:Annotations>
                    <common:Name xml:lang="en">Algarve</common:Name>
                    <common:Name xml:lang="fr">Algarve</common:Name>
                    <structure:Parent>
                        <Ref id="PT15"/>
                    </structure:Parent>
                </structure:Code>
                <structure:Code id="PT16">
                    <common:Annotations>
                        <common:Annotation>
                            <common:AnnotationType>ORDER</common:AnnotationType>
                            <common:AnnotationText xml:lang="en">22150</common:AnnotationText>
                            <common:AnnotationText xml:lang="fr">22150</common:AnnotationText>
                        </common:Annotation>
                    </common:Annotations>
                    <common:Name xml:lang="en">Central Portugal</common:Name>
                    <common:Name xml:lang="fr">Central Portugal</common:Name>
                    <structure:Parent>
                        <Ref id="PRT"/>
                    </structure:Parent>
                </structure:Code>
                <structure:Code id="PT16B">
                    <common:Annotations>
                        <common:Annotation>
                            <common:AnnotationType>ORDER</common:AnnotationType>
                            <common:AnnotationText xml:lang="en">22160</common:AnnotationText>
                            <common:AnnotationText xml:lang="fr">22160</common:AnnotationText>
                        </common:Annotation>
                    </common:Annotations>
                    <common:Name xml:lang="en">Oeste</common:Name>
                    <common:Name xml:lang="fr">Oeste</common:Name>
                    <structure:Parent>
                        <Ref id="PT16"/>
                    </structure:Parent>
                </structure:Code>
                <structure:Code id="PT16D">
                    <common:Annotations>
                        <common:Annotation>
                            <common:AnnotationType>ORDER</common:AnnotationType>
                            <common:AnnotationText xml:lang="en">22170</common:AnnotationText>
                            <common:AnnotationText xml:lang="fr">22170</common:AnnotationText>
                        </common:Annotation>
                    </common:Annotations>
                    <common:Name xml:lang="en">Região de Aveiro</common:Name>
                    <common:Name xml:lang="fr">Região de Aveiro</common:Name>
                    <structure:Parent>
                        <Ref id="PT16"/>
                    </structure:Parent>
                </structure:Code>
                <structure:Code id="PT16E">
                    <common:Annotations>
                        <common:Annotation>
                            <common:AnnotationType>ORDER</common:AnnotationType>
                            <common:AnnotationText xml:lang="en">22180</common:AnnotationText>
                            <common:AnnotationText xml:lang="fr">22180</common:AnnotationText>
                        </common:Annotation>
                    </common:Annotations>
                    <common:Name xml:lang="en">Região de Coimbra</common:Name>
                    <common:Name xml:lang="fr">Região de Coimbra</common:Name>
                    <structure:Parent>
                        <Ref id="PT16"/>
                    </structure:Parent>
                </structure:Code>
                <structure:Code id="PT16F">
                    <common:Annotations>
                        <common:Annotation>
                            <common:AnnotationType>ORDER</common:AnnotationType>
                            <common:AnnotationText xml:lang="en">22190</common:AnnotationText>
                            <common:AnnotationText xml:lang="fr">22190</common:AnnotationText>
                        </common:Annotation>
                    </common:Annotations>
                    <common:Name xml:lang="en">Região de Leiria</common:Name>
                    <common:Name xml:lang="fr">Região de Leiria</common:Name>
                    <structure:Parent>
                        <Ref id="PT16"/>
                    </structure:Parent>
                </structure:Code>
                <structure:Code id="PT16G">
                    <common:Annotations>
                        <common:Annotation>
                            <common:AnnotationType>ORDER</common:AnnotationType>
                            <common:AnnotationText xml:lang="en">22200</common:AnnotationText>
                            <common:AnnotationText xml:lang="fr">22200</common:AnnotationText>
                        </common:Annotation>
                    </common:Annotations>
                    <common:Name xml:lang="en">Viseu Dão Lafões</common:Name>
                    <common:Name xml:lang="fr">Viseu Dão Lafões</common:Name>
                    <structure:Parent>
                        <Ref id="PT16"/>
                    </structure:Parent>
                </structure:Code>
                <structure:Code id="PT16H">
                    <common:Annotations>
                        <common:Annotation>
                            <common:AnnotationType>ORDER</common:AnnotationType>
                            <common:AnnotationText xml:lang="en">22210</common:AnnotationText>
                            <common:AnnotationText xml:lang="fr">22210</common:AnnotationText>
                        </common:Annotation>
                    </common:Annotations>
                    <common:Name xml:lang="en">Beira Baixa</common:Name>
                    <common:Name xml:lang="fr">Beira Baixa</common:Name>
                    <structure:Parent>
                        <Ref id="PT16"/>
                    </structure:Parent>
                </structure:Code>
                <structure:Code id="PT16I">
                    <common:Annotations>
                        <common:Annotation>
                            <common:AnnotationType>ORDER</common:AnnotationType>
                            <common:AnnotationText xml:lang="en">22220</common:AnnotationText>
                            <common:AnnotationText xml:lang="fr">22220</common:AnnotationText>
                        </common:Annotation>
                    </common:Annotations>
                    <common:Name xml:lang="en">Médio Tejo</common:Name>
                    <common:Name xml:lang="fr">Médio Tejo</common:Name>
                    <structure:Parent>
                        <Ref id="PT16"/>
                    </structure:Parent>
                </structure:Code>
                <structure:Code id="PT16J">
                    <common:Annotations>
                        <common:Annotation>
                            <common:AnnotationType>ORDER</common:AnnotationType>
                            <common:AnnotationText xml:lang="en">22230</common:AnnotationText>
                            <common:AnnotationText xml:lang="fr">22230</common:AnnotationText>
                        </common:Annotation>
                    </common:Annotations>
                    <common:Name xml:lang="en">Beiras e Serra da Estrela</common:Name>
                    <common:Name xml:lang="fr">Beiras e Serra da Estrela</common:Name>
                    <structure:Parent>
                        <Ref id="PT16"/>
                    </structure:Parent>
                </structure:Code>
                <structure:Code id="PT17">
                    <common:Annotations>
                        <common:Annotation>
                            <common:AnnotationType>ORDER</common:AnnotationType>
                            <common:AnnotationText xml:lang="en">22240</common:AnnotationText>
                            <common:AnnotationText xml:lang="fr">22240</common:AnnotationText>
                        </common:Annotation>
                    </common:Annotations>
                    <common:Name xml:lang="en">Metropolitan area of Lisbon</common:Name>
                    <common:Name xml:lang="fr">Metropolitan area of Lisbon</common:Name>
                    <structure:Parent>
                        <Ref id="PRT"/>
                    </structure:Parent>
                </structure:Code>
                <structure:Code id="PT170">
                    <common:Annotations>
                        <common:Annotation>
                            <common:AnnotationType>ORDER</common:AnnotationType>
                            <common:AnnotationText xml:lang="en">22250</common:AnnotationText>
                            <common:AnnotationText xml:lang="fr">22250</common:AnnotationText>
                        </common:Annotation>
                    </common:Annotations>
                    <common:Name xml:lang="en">Metropolitan area of Lisbon</common:Name>
                    <common:Name xml:lang="fr">Metropolitan area of Lisbon</common:Name>
                    <structure:Parent>
                        <Ref id="PT17"/>
                    </structure:Parent>
                </structure:Code>
                <structure:Code id="PT18">
                    <common:Annotations>
                        <common:Annotation>
                            <common:AnnotationType>ORDER</common:AnnotationType>
                            <common:AnnotationText xml:lang="en">22260</common:AnnotationText>
                            <common:AnnotationText xml:lang="fr">22260</common:AnnotationText>
                        </common:Annotation>
                    </common:Annotations>
                    <common:Name xml:lang="en">Alentejo</common:Name>
                    <common:Name xml:lang="fr">Alentejo</common:Name>
                    <structure:Parent>
                        <Ref id="PRT"/>
                    </structure:Parent>
                </structure:Code>
                <structure:Code id="PT181">
                    <common:Annotations>
                        <common:Annotation>
                            <common:AnnotationType>ORDER</common:AnnotationType>
                            <common:AnnotationText xml:lang="en">22270</common:AnnotationText>
                            <common:AnnotationText xml:lang="fr">22270</common:AnnotationText>
                        </common:Annotation>
                    </common:Annotations>
                    <common:Name xml:lang="en">Alentejo Litoral</common:Name>
                    <common:Name xml:lang="fr">Alentejo Litoral</common:Name>
                    <structure:Parent>
                        <Ref id="PT18"/>
                    </structure:Parent>
                </structure:Code>
                <structure:Code id="PT184">
                    <common:Annotations>
                        <common:Annotation>
                            <common:AnnotationType>ORDER</common:AnnotationType>
                            <common:AnnotationText xml:lang="en">22280</common:AnnotationText>
                            <common:AnnotationText xml:lang="fr">22280</common:AnnotationText>
                        </common:Annotation>
                    </common:Annotations>
                    <common:Name xml:lang="en">Baixo Alentejo</common:Name>
                    <common:Name xml:lang="fr">Baixo Alentejo</common:Name>
                    <structure:Parent>
                        <Ref id="PT18"/>
                    </structure:Parent>
                </structure:Code>
                <structure:Code id="PT185">
                    <common:Annotations>
                        <common:Annotation>
                            <common:AnnotationType>ORDER</common:AnnotationType>
                            <common:AnnotationText xml:lang="en">22290</common:AnnotationText>
                            <common:AnnotationText xml:lang="fr">22290</common:AnnotationText>
                        </common:Annotation>
                    </common:Annotations>
                    <common:Name xml:lang="en">Lezíria do Tejo</common:Name>
                    <common:Name xml:lang="fr">Lezíria do Tejo</common:Name>
                    <structure:Parent>
                        <Ref id="PT18"/>
                    </structure:Parent>
                </structure:Code>
                <structure:Code id="PT186">
                    <common:Annotations>
                        <common:Annotation>
                            <common:AnnotationType>ORDER</common:AnnotationType>
                            <common:AnnotationText xml:lang="en">22300</common:AnnotationText>
                            <common:AnnotationText xml:lang="fr">22300</common:AnnotationText>
                        </common:Annotation>
                    </common:Annotations>
                    <common:Name xml:lang="en">Alto Alentejo</common:Name>
                    <common:Name xml:lang="fr">Alto Alentejo</common:Name>
                    <structure:Parent>
                        <Ref id="PT18"/>
                    </structure:Parent>
                </structure:Code>
                <structure:Code id="PT187">
                    <common:Annotations>
                        <common:Annotation>
                            <common:AnnotationType>ORDER</common:AnnotationType>
                            <common:AnnotationText xml:lang="en">22310</common:AnnotationText>
                            <common:AnnotationText xml:lang="fr">22310</common:AnnotationText>
                        </common:Annotation>
                    </common:Annotations>
                    <common:Name xml:lang="en">Alentejo Central</common:Name>
                    <common:Name xml:lang="fr">Alentejo Central</common:Name>
                    <structure:Parent>
                        <Ref id="PT18"/>
                    </structure:Parent>
                </structure:Code>
                <structure:Code id="PT20">
                    <common:Annotations>
                        <common:Annotation>
                            <common:AnnotationType>ORDER</common:AnnotationType>
                            <common:AnnotationText xml:lang="en">22320</common:AnnotationText>
                            <common:AnnotationText xml:lang="fr">22320</common:AnnotationText>
                        </common:Annotation>
                    </common:Annotations>
                    <common:Name xml:lang="en">Autonomous Region of the Azores</common:Name>
                    <common:Name xml:lang="fr">Autonomous Region of the Azores</common:Name>
                    <structure:Parent>
                        <Ref id="PRT"/>
                    </structure:Parent>
                </structure:Code>
                <structure:Code id="PT200">
                    <common:Annotations>
                        <common:Annotation>
                            <common:AnnotationType>ORDER</common:AnnotationType>
                            <common:AnnotationText xml:lang="en">22330</common:AnnotationText>
                            <common:AnnotationText xml:lang="fr">22330</common:AnnotationText>
                        </common:Annotation>
                    </common:Annotations>
                    <common:Name xml:lang="en">Autonomous Region of the Azores</common:Name>
                    <common:Name xml:lang="fr">Autonomous Region of the Azores</common:Name>
                    <structure:Parent>
                        <Ref id="PT20"/>
                    </structure:Parent>
                </structure:Code>
                <structure:Code id="PT30">
                    <common:Annotations>
                        <common:Annotation>
                            <common:AnnotationType>ORDER</common:AnnotationType>
                            <common:AnnotationText xml:lang="en">22340</common:AnnotationText>
                            <common:AnnotationText xml:lang="fr">22340</common:AnnotationText>
                        </common:Annotation>
                    </common:Annotations>
                    <common:Name xml:lang="en">Autonomous Region of Madeira</common:Name>
                    <common:Name xml:lang="fr">Autonomous Region of Madeira</common:Name>
                    <structure:Parent>
                        <Ref id="PRT"/>
                    </structure:Parent>
                </structure:Code>
                <structure:Code id="PT300">
                    <common:Annotations>
                        <common:Annotation>
                            <common:AnnotationType>ORDER</common:AnnotationType>
                            <common:AnnotationText xml:lang="en">22350</common:AnnotationText>
                            <common:AnnotationText xml:lang="fr">22350</common:AnnotationText>
                        </common:Annotation>
                    </common:Annotations>
                    <common:Name xml:lang="en">Autonomous Region of Madeira</common:Name>
                    <common:Name xml:lang="fr">Autonomous Region of Madeira</common:Name>
                    <structure:Parent>
                        <Ref id="PT30"/>
                    </structure:Parent>
                </structure:Code>
                <structure:Code id="SVK">
                    <common:Annotations>
                        <common:Annotation>
                            <common:AnnotationType>ORDER</common:AnnotationType>
                            <common:AnnotationText xml:lang="en">22360</common:AnnotationText>
                            <common:AnnotationText xml:lang="fr">22360</common:AnnotationText>
                        </common:Annotation>
                    </common:Annotations>
                    <common:Name xml:lang="en">Slovak Republic</common:Name>
                    <common:Name xml:lang="fr">République slovaque</common:Name>
                </structure:Code>
                <structure:Code id="SK01">
                    <common:Annotations>
                        <common:Annotation>
                            <common:AnnotationType>ORDER</common:AnnotationType>
                            <common:AnnotationText xml:lang="en">22370</common:AnnotationText>
                            <common:AnnotationText xml:lang="fr">22370</common:AnnotationText>
                        </common:Annotation>
                    </common:Annotations>
                    <common:Name xml:lang="en">Bratislava Region</common:Name>
                    <common:Name xml:lang="fr">Bratislava Region</common:Name>
                    <structure:Parent>
                        <Ref id="SVK"/>
                    </structure:Parent>
                </structure:Code>
                <structure:Code id="SK010">
                    <common:Annotations>
                        <common:Annotation>
                            <common:AnnotationType>ORDER</common:AnnotationType>
                            <common:AnnotationText xml:lang="en">22380</common:AnnotationText>
                            <common:AnnotationText xml:lang="fr">22380</common:AnnotationText>
                        </common:Annotation>
                    </common:Annotations>
                    <common:Name xml:lang="en">Bratislava Region</common:Name>
                    <common:Name xml:lang="fr">Bratislava Region</common:Name>
                    <structure:Parent>
                        <Ref id="SK01"/>
                    </structure:Parent>
                </structure:Code>
                <structure:Code id="SK02">
                    <common:Annotations>
                        <common:Annotation>
                            <common:AnnotationType>ORDER</common:AnnotationType>
                            <common:AnnotationText xml:lang="en">22390</common:AnnotationText>
                            <common:AnnotationText xml:lang="fr">22390</common:AnnotationText>
                        </common:Annotation>
                    </common:Annotations>
                    <common:Name xml:lang="en">West Slovakia</common:Name>
                    <common:Name xml:lang="fr">West Slovakia</common:Name>
                    <structure:Parent>
                        <Ref id="SVK"/>
                    </structure:Parent>
                </structure:Code>
                <structure:Code id="SK021">
                    <common:Annotations>
                        <common:Annotation>
                            <common:AnnotationType>ORDER</common:AnnotationType>
                            <common:AnnotationText xml:lang="en">22400</common:AnnotationText>
                            <common:AnnotationText xml:lang="fr">22400</common:AnnotationText>
                        </common:Annotation>
                    </common:Annotations>
                    <common:Name xml:lang="en">Trnava Region</common:Name>
                    <common:Name xml:lang="fr">Trnava Region</common:Name>
                    <structure:Parent>
                        <Ref id="SK02"/>
                    </structure:Parent>
                </structure:Code>
                <structure:Code id="SK022">
                    <common:Annotations>
                        <common:Annotation>
                            <common:AnnotationType>ORDER</common:AnnotationType>
                            <common:AnnotationText xml:lang="en">22410</common:AnnotationText>
                            <common:AnnotationText xml:lang="fr">22410</common:AnnotationText>
                        </common:Annotation>
                    </common:Annotations>
                    <common:Name xml:lang="en">Trencín Region</common:Name>
                    <common:Name xml:lang="fr">Trencín Region</common:Name>
                    <structure:Parent>
                        <Ref id="SK02"/>
                    </structure:Parent>
                </structure:Code>
                <structure:Code id="SK023">
                    <common:Annotations>
                        <common:Annotation>
                            <common:AnnotationType>ORDER</common:AnnotationType>
                            <common:AnnotationText xml:lang="en">22420</common:AnnotationText>
                            <common:AnnotationText xml:lang="fr">22420</common:AnnotationText>
                        </common:Annotation>
                    </common:Annotations>
                    <common:Name xml:lang="en">Nitra Region</common:Name>
                    <common:Name xml:lang="fr">Nitra Region</common:Name>
                    <structure:Parent>
                        <Ref id="SK02"/>
                    </structure:Parent>
                </structure:Code>
                <structure:Code id="SK03">
                    <common:Annotations>
                        <common:Annotation>
                            <common:AnnotationType>ORDER</common:AnnotationType>
                            <common:AnnotationText xml:lang="en">22430</common:AnnotationText>
                            <common:AnnotationText xml:lang="fr">22430</common:AnnotationText>
                        </common:Annotation>
                    </common:Annotations>
                    <common:Name xml:lang="en">Central Slovakia</common:Name>
                    <common:Name xml:lang="fr">Central Slovakia</common:Name>
                    <structure:Parent>
                        <Ref id="SVK"/>
                    </structure:Parent>
                </structure:Code>
                <structure:Code id="SK031">
                    <common:Annotations>
                        <common:Annotation>
                            <common:AnnotationType>ORDER</common:AnnotationType>
                            <common:AnnotationText xml:lang="en">22440</common:AnnotationText>
                            <common:AnnotationText xml:lang="fr">22440</common:AnnotationText>
                        </common:Annotation>
                    </common:Annotations>
                    <common:Name xml:lang="en">Žilina Region</common:Name>
                    <common:Name xml:lang="fr">Žilina Region</common:Name>
                    <structure:Parent>
                        <Ref id="SK03"/>
                    </structure:Parent>
                </structure:Code>
                <structure:Code id="SK032">
                    <common:Annotations>
                        <common:Annotation>
                            <common:AnnotationType>ORDER</common:AnnotationType>
                            <common:AnnotationText xml:lang="en">22450</common:AnnotationText>
                            <common:AnnotationText xml:lang="fr">22450</common:AnnotationText>
                        </common:Annotation>
                    </common:Annotations>
                    <common:Name xml:lang="en">Banská Bystrica Region</common:Name>
                    <common:Name xml:lang="fr">Banská Bystrica Region</common:Name>
                    <structure:Parent>
                        <Ref id="SK03"/>
                    </structure:Parent>
                </structure:Code>
                <structure:Code id="SK04">
                    <common:Annotations>
                        <common:Annotation>
                            <common:AnnotationType>ORDER</common:AnnotationType>
                            <common:AnnotationText xml:lang="en">22460</common:AnnotationText>
                            <common:AnnotationText xml:lang="fr">22460</common:AnnotationText>
                        </common:Annotation>
                    </common:Annotations>
                    <common:Name xml:lang="en">East Slovakia</common:Name>
                    <common:Name xml:lang="fr">East Slovakia</common:Name>
                    <structure:Parent>
                        <Ref id="SVK"/>
                    </structure:Parent>
                </structure:Code>
                <structure:Code id="SK041">
                    <common:Annotations>
                        <common:Annotation>
                            <common:AnnotationType>ORDER</common:AnnotationType>
                            <common:AnnotationText xml:lang="en">22470</common:AnnotationText>
                            <common:AnnotationText xml:lang="fr">22470</common:AnnotationText>
                        </common:Annotation>
                    </common:Annotations>
                    <common:Name xml:lang="en">Prešov Region</common:Name>
                    <common:Name xml:lang="fr">Prešov Region</common:Name>
                    <structure:Parent>
                        <Ref id="SK04"/>
                    </structure:Parent>
                </structure:Code>
                <structure:Code id="SK042">
                    <common:Annotations>
                        <common:Annotation>
                            <common:AnnotationType>ORDER</common:AnnotationType>
                            <common:AnnotationText xml:lang="en">22480</common:AnnotationText>
                            <common:AnnotationText xml:lang="fr">22480</common:AnnotationText>
                        </common:Annotation>
                    </common:Annotations>
                    <common:Name xml:lang="en">Košice Region</common:Name>
                    <common:Name xml:lang="fr">Košice Region</common:Name>
                    <structure:Parent>
                        <Ref id="SK04"/>
                    </structure:Parent>
                </structure:Code>
                <structure:Code id="SVN">
                    <common:Annotations>
                        <common:Annotation>
                            <common:AnnotationType>ORDER</common:AnnotationType>
                            <common:AnnotationText xml:lang="en">22490</common:AnnotationText>
                            <common:AnnotationText xml:lang="fr">22490</common:AnnotationText>
                        </common:Annotation>
                    </common:Annotations>
                    <common:Name xml:lang="en">Slovenia</common:Name>
                    <common:Name xml:lang="fr">Slovénie</common:Name>
                </structure:Code>
                <structure:Code id="SI03">
                    <common:Annotations>
                        <common:Annotation>
                            <common:AnnotationType>ORDER</common:AnnotationType>
                            <common:AnnotationText xml:lang="en">22500</common:AnnotationText>
                            <common:AnnotationText xml:lang="fr">22500</common:AnnotationText>
                        </common:Annotation>
                    </common:Annotations>
                    <common:Name xml:lang="en">Eastern Slovenia</common:Name>
                    <common:Name xml:lang="fr">Eastern Slovenia</common:Name>
                    <structure:Parent>
                        <Ref id="SVN"/>
                    </structure:Parent>
                </structure:Code>
                <structure:Code id="SI031">
                    <common:Annotations>
                        <common:Annotation>
                            <common:AnnotationType>ORDER</common:AnnotationType>
                            <common:AnnotationText xml:lang="en">22510</common:AnnotationText>
                            <common:AnnotationText xml:lang="fr">22510</common:AnnotationText>
                        </common:Annotation>
                    </common:Annotations>
                    <common:Name xml:lang="en">Mura</common:Name>
                    <common:Name xml:lang="fr">Mura</common:Name>
                    <structure:Parent>
                        <Ref id="SI03"/>
                    </structure:Parent>
                </structure:Code>
                <structure:Code id="SI032">
                    <common:Annotations>
                        <common:Annotation>
                            <common:AnnotationType>ORDER</common:AnnotationType>
                            <common:AnnotationText xml:lang="en">22520</common:AnnotationText>
                            <common:AnnotationText xml:lang="fr">22520</common:AnnotationText>
                        </common:Annotation>
                    </common:Annotations>
                    <common:Name xml:lang="en">Drava</common:Name>
                    <common:Name xml:lang="fr">Drava</common:Name>
                    <structure:Parent>
                        <Ref id="SI03"/>
                    </structure:Parent>
                </structure:Code>
                <structure:Code id="SI033">
                    <common:Annotations>
                        <common:Annotation>
                            <common:AnnotationType>ORDER</common:AnnotationType>
                            <common:AnnotationText xml:lang="en">22530</common:AnnotationText>
                            <common:AnnotationText xml:lang="fr">22530</common:AnnotationText>
                        </common:Annotation>
                    </common:Annotations>
                    <common:Name xml:lang="en">Carinthia</common:Name>
                    <common:Name xml:lang="fr">Carinthia</common:Name>
                    <structure:Parent>
                        <Ref id="SI03"/>
                    </structure:Parent>
                </structure:Code>
                <structure:Code id="SI034">
                    <common:Annotations>
                        <common:Annotation>
                            <common:AnnotationType>ORDER</common:AnnotationType>
                            <common:AnnotationText xml:lang="en">22540</common:AnnotationText>
                            <common:AnnotationText xml:lang="fr">22540</common:AnnotationText>
                        </common:Annotation>
                    </common:Annotations>
                    <common:Name xml:lang="en">Savinja</common:Name>
                    <common:Name xml:lang="fr">Savinja</common:Name>
                    <structure:Parent>
                        <Ref id="SI03"/>
                    </structure:Parent>
                </structure:Code>
                <structure:Code id="SI035">
                    <common:Annotations>
                        <common:Annotation>
                            <common:AnnotationType>ORDER</common:AnnotationType>
                            <common:AnnotationText xml:lang="en">22550</common:AnnotationText>
                            <common:AnnotationText xml:lang="fr">22550</common:AnnotationText>
                        </common:Annotation>
                    </common:Annotations>
                    <common:Name xml:lang="en">Central Sava</common:Name>
                    <common:Name xml:lang="fr">Central Sava</common:Name>
                    <structure:Parent>
                        <Ref id="SI03"/>
                    </structure:Parent>
                </structure:Code>
                <structure:Code id="SI036">
                    <common:Annotations>
                        <common:Annotation>
                            <common:AnnotationType>ORDER</common:AnnotationType>
                            <common:AnnotationText xml:lang="en">22560</common:AnnotationText>
                            <common:AnnotationText xml:lang="fr">22560</common:AnnotationText>
                        </common:Annotation>
                    </common:Annotations>
                    <common:Name xml:lang="en">Lower Sava</common:Name>
                    <common:Name xml:lang="fr">Lower Sava</common:Name>
                    <structure:Parent>
                        <Ref id="SI03"/>
                    </structure:Parent>
                </structure:Code>
                <structure:Code id="SI037">
                    <common:Annotations>
                        <common:Annotation>
                            <common:AnnotationType>ORDER</common:AnnotationType>
                            <common:AnnotationText xml:lang="en">22570</common:AnnotationText>
                            <common:AnnotationText xml:lang="fr">22570</common:AnnotationText>
                        </common:Annotation>
                    </common:Annotations>
                    <common:Name xml:lang="en">Southeast Slovenia</common:Name>
                    <common:Name xml:lang="fr">Southeast Slovenia</common:Name>
                    <structure:Parent>
                        <Ref id="SI03"/>
                    </structure:Parent>
                </structure:Code>
                <structure:Code id="SI038">
                    <common:Annotations>
                        <common:Annotation>
                            <common:AnnotationType>ORDER</common:AnnotationType>
                            <common:AnnotationText xml:lang="en">22580</common:AnnotationText>
                            <common:AnnotationText xml:lang="fr">22580</common:AnnotationText>
                        </common:Annotation>
                    </common:Annotations>
                    <common:Name xml:lang="en">Littoral–Inner Carniola</common:Name>
                    <common:Name xml:lang="fr">Littoral–Inner Carniola</common:Name>
                    <structure:Parent>
                        <Ref id="SI03"/>
                    </structure:Parent>
                </structure:Code>
                <structure:Code id="SI04">
                    <common:Annotations>
                        <common:Annotation>
                            <common:AnnotationType>ORDER</common:AnnotationType>
                            <common:AnnotationText xml:lang="en">22590</common:AnnotationText>
                            <common:AnnotationText xml:lang="fr">22590</common:AnnotationText>
                        </common:Annotation>
                    </common:Annotations>
                    <common:Name xml:lang="en">Western Slovenia</common:Name>
                    <common:Name xml:lang="fr">Western Slovenia</common:Name>
                    <structure:Parent>
                        <Ref id="SVN"/>
                    </structure:Parent>
                </structure:Code>
                <structure:Code id="SI041">
                    <common:Annotations>
                        <common:Annotation>
                            <common:AnnotationType>ORDER</common:AnnotationType>
                            <common:AnnotationText xml:lang="en">22600</common:AnnotationText>
                            <common:AnnotationText xml:lang="fr">22600</common:AnnotationText>
                        </common:Annotation>
                    </common:Annotations>
                    <common:Name xml:lang="en">Central Slovenia</common:Name>
                    <common:Name xml:lang="fr">Central Slovenia</common:Name>
                    <structure:Parent>
                        <Ref id="SI04"/>
                    </structure:Parent>
                </structure:Code>
                <structure:Code id="SI042">
                    <common:Annotations>
                        <common:Annotation>
                            <common:AnnotationType>ORDER</common:AnnotationType>
                            <common:AnnotationText xml:lang="en">22610</common:AnnotationText>
                            <common:AnnotationText xml:lang="fr">22610</common:AnnotationText>
                        </common:Annotation>
                    </common:Annotations>
                    <common:Name xml:lang="en">Upper Carniola</common:Name>
                    <common:Name xml:lang="fr">Upper Carniola</common:Name>
                    <structure:Parent>
                        <Ref id="SI04"/>
                    </structure:Parent>
                </structure:Code>
                <structure:Code id="SI043">
                    <common:Annotations>
                        <common:Annotation>
                            <common:AnnotationType>ORDER</common:AnnotationType>
                            <common:AnnotationText xml:lang="en">22620</common:AnnotationText>
                            <common:AnnotationText xml:lang="fr">22620</common:AnnotationText>
                        </common:Annotation>
                    </common:Annotations>
                    <common:Name xml:lang="en">Goriska</common:Name>
                    <common:Name xml:lang="fr">Goriska</common:Name>
                    <structure:Parent>
                        <Ref id="SI04"/>
                    </structure:Parent>
                </structure:Code>
                <structure:Code id="SI044">
                    <common:Annotations>
                        <common:Annotation>
                            <common:AnnotationType>ORDER</common:AnnotationType>
                            <common:AnnotationText xml:lang="en">22630</common:AnnotationText>
                            <common:AnnotationText xml:lang="fr">22630</common:AnnotationText>
                        </common:Annotation>
                    </common:Annotations>
                    <common:Name xml:lang="en">Coastal-Karst</common:Name>
                    <common:Name xml:lang="fr">Coastal-Karst</common:Name>
                    <structure:Parent>
                        <Ref id="SI04"/>
                    </structure:Parent>
                </structure:Code>
                <structure:Code id="ESP">
                    <common:Annotations>
                        <common:Annotation>
                            <common:AnnotationType>ORDER</common:AnnotationType>
                            <common:AnnotationText xml:lang="en">22640</common:AnnotationText>
                            <common:AnnotationText xml:lang="fr">22640</common:AnnotationText>
                        </common:Annotation>
                    </common:Annotations>
                    <common:Name xml:lang="en">Spain</common:Name>
                    <common:Name xml:lang="fr">Espagne</common:Name>
                </structure:Code>
                <structure:Code id="ES11">
                    <common:Annotations>
                        <common:Annotation>
                            <common:AnnotationType>ORDER</common:AnnotationType>
                            <common:AnnotationText xml:lang="en">22650</common:AnnotationText>
                            <common:AnnotationText xml:lang="fr">22650</common:AnnotationText>
                        </common:Annotation>
                    </common:Annotations>
                    <common:Name xml:lang="en">Galicia</common:Name>
                    <common:Name xml:lang="fr">Galicia</common:Name>
                    <structure:Parent>
                        <Ref id="ESP"/>
                    </structure:Parent>
                </structure:Code>
                <structure:Code id="ES111">
                    <common:Annotations>
                        <common:Annotation>
                            <common:AnnotationType>ORDER</common:AnnotationType>
                            <common:AnnotationText xml:lang="en">22660</common:AnnotationText>
                            <common:AnnotationText xml:lang="fr">22660</common:AnnotationText>
                        </common:Annotation>
                    </common:Annotations>
                    <common:Name xml:lang="en">La Corunna</common:Name>
                    <common:Name xml:lang="fr">La Corunna</common:Name>
                    <structure:Parent>
                        <Ref id="ES11"/>
                    </structure:Parent>
                </structure:Code>
                <structure:Code id="ES112">
                    <common:Annotations>
                        <common:Annotation>
                            <common:AnnotationType>ORDER</common:AnnotationType>
                            <common:AnnotationText xml:lang="en">22670</common:AnnotationText>
                            <common:AnnotationText xml:lang="fr">22670</common:AnnotationText>
                        </common:Annotation>
                    </common:Annotations>
                    <common:Name xml:lang="en">Lugo</common:Name>
                    <common:Name xml:lang="fr">Lugo</common:Name>
                    <structure:Parent>
                        <Ref id="ES11"/>
                    </structure:Parent>
                </structure:Code>
                <structure:Code id="ES113">
                    <common:Annotations>
                        <common:Annotation>
                            <common:AnnotationType>ORDER</common:AnnotationType>
                            <common:AnnotationText xml:lang="en">22680</common:AnnotationText>
                            <common:AnnotationText xml:lang="fr">22680</common:AnnotationText>
                        </common:Annotation>
                    </common:Annotations>
                    <common:Name xml:lang="en">Orense</common:Name>
                    <common:Name xml:lang="fr">Orense</common:Name>
                    <structure:Parent>
                        <Ref id="ES11"/>
                    </structure:Parent>
                </structure:Code>
                <structure:Code id="ES114">
                    <common:Annotations>
                        <common:Annotation>
                            <common:AnnotationType>ORDER</common:AnnotationType>
                            <common:AnnotationText xml:lang="en">22690</common:AnnotationText>
                            <common:AnnotationText xml:lang="fr">22690</common:AnnotationText>
                        </common:Annotation>
                    </common:Annotations>
                    <common:Name xml:lang="en">Pontevedra</common:Name>
                    <common:Name xml:lang="fr">Pontevedra</common:Name>
                    <structure:Parent>
                        <Ref id="ES11"/>
                    </structure:Parent>
                </structure:Code>
                <structure:Code id="ES12">
                    <common:Annotations>
                        <common:Annotation>
                            <common:AnnotationType>ORDER</common:AnnotationType>
                            <common:AnnotationText xml:lang="en">22700</common:AnnotationText>
                            <common:AnnotationText xml:lang="fr">22700</common:AnnotationText>
                        </common:Annotation>
                    </common:Annotations>
                    <common:Name xml:lang="en">Asturias</common:Name>
                    <common:Name xml:lang="fr">Asturias</common:Name>
                    <structure:Parent>
                        <Ref id="ESP"/>
                    </structure:Parent>
                </structure:Code>
                <structure:Code id="ES120">
                    <common:Annotations>
                        <common:Annotation>
                            <common:AnnotationType>ORDER</common:AnnotationType>
                            <common:AnnotationText xml:lang="en">22710</common:AnnotationText>
                            <common:AnnotationText xml:lang="fr">22710</common:AnnotationText>
                        </common:Annotation>
                    </common:Annotations>
                    <common:Name xml:lang="en">Asturias</common:Name>
                    <common:Name xml:lang="fr">Asturias</common:Name>
                    <structure:Parent>
                        <Ref id="ES12"/>
                    </structure:Parent>
                </structure:Code>
                <structure:Code id="ES13">
                    <common:Annotations>
                        <common:Annotation>
                            <common:AnnotationType>ORDER</common:AnnotationType>
                            <common:AnnotationText xml:lang="en">22720</common:AnnotationText>
                            <common:AnnotationText xml:lang="fr">22720</common:AnnotationText>
                        </common:Annotation>
                    </common:Annotations>
                    <common:Name xml:lang="en">Cantabria</common:Name>
                    <common:Name xml:lang="fr">Cantabria</common:Name>
                    <structure:Parent>
                        <Ref id="ESP"/>
                    </structure:Parent>
                </structure:Code>
                <structure:Code id="ES130">
                    <common:Annotations>
                        <common:Annotation>
                            <common:AnnotationType>ORDER</common:AnnotationType>
                            <common:AnnotationText xml:lang="en">22730</common:AnnotationText>
                            <common:AnnotationText xml:lang="fr">22730</common:AnnotationText>
                        </common:Annotation>
                    </common:Annotations>
                    <common:Name xml:lang="en">Cantabria</common:Name>
                    <common:Name xml:lang="fr">Cantabria</common:Name>
                    <structure:Parent>
                        <Ref id="ES13"/>
                    </structure:Parent>
                </structure:Code>
                <structure:Code id="ES21">
                    <common:Annotations>
                        <common:Annotation>
                            <common:AnnotationType>ORDER</common:AnnotationType>
                            <common:AnnotationText xml:lang="en">22740</common:AnnotationText>
                            <common:AnnotationText xml:lang="fr">22740</common:AnnotationText>
                        </common:Annotation>
                    </common:Annotations>
                    <common:Name xml:lang="en">Basque Country</common:Name>
                    <common:Name xml:lang="fr">Basque Country</common:Name>
                    <structure:Parent>
                        <Ref id="ESP"/>
                    </structure:Parent>
                </structure:Code>
                <structure:Code id="ES211">
                    <common:Annotations>
                        <common:Annotation>
                            <common:AnnotationType>ORDER</common:AnnotationType>
                            <common:AnnotationText xml:lang="en">22750</common:AnnotationText>
                            <common:AnnotationText xml:lang="fr">22750</common:AnnotationText>
                        </common:Annotation>
                    </common:Annotations>
                    <common:Name xml:lang="en">Araba/Álava</common:Name>
                    <common:Name xml:lang="fr">Araba/Álava</common:Name>
                    <structure:Parent>
                        <Ref id="ES21"/>
                    </structure:Parent>
                </structure:Code>
                <structure:Code id="ES212">
                    <common:Annotations>
                        <common:Annotation>
                            <common:AnnotationType>ORDER</common:AnnotationType>
                            <common:AnnotationText xml:lang="en">22760</common:AnnotationText>
                            <common:AnnotationText xml:lang="fr">22760</common:AnnotationText>
                        </common:Annotation>
                    </common:Annotations>
                    <common:Name xml:lang="en">Gipuzkoa</common:Name>
                    <common:Name xml:lang="fr">Gipuzkoa</common:Name>
                    <structure:Parent>
                        <Ref id="ES21"/>
                    </structure:Parent>
                </structure:Code>
                <structure:Code id="ES213">
                    <common:Annotations>
                        <common:Annotation>
                            <common:AnnotationType>ORDER</common:AnnotationType>
                            <common:AnnotationText xml:lang="en">22770</common:AnnotationText>
                            <common:AnnotationText xml:lang="fr">22770</common:AnnotationText>
                        </common:Annotation>
                    </common:Annotations>
                    <common:Name xml:lang="en">Biscay</common:Name>
                    <common:Name xml:lang="fr">Biscay</common:Name>
                    <structure:Parent>
                        <Ref id="ES21"/>
                    </structure:Parent>
                </structure:Code>
                <structure:Code id="ES22">
                    <common:Annotations>
                        <common:Annotation>
                            <common:AnnotationType>ORDER</common:AnnotationType>
                            <common:AnnotationText xml:lang="en">22780</common:AnnotationText>
                            <common:AnnotationText xml:lang="fr">22780</common:AnnotationText>
                        </common:Annotation>
                    </common:Annotations>
                    <common:Name xml:lang="en">Navarra</common:Name>
                    <common:Name xml:lang="fr">Navarra</common:Name>
                    <structure:Parent>
                        <Ref id="ESP"/>
                    </structure:Parent>
                </structure:Code>
                <structure:Code id="ES220">
                    <common:Annotations>
                        <common:Annotation>
                            <common:AnnotationType>ORDER</common:AnnotationType>
                            <common:AnnotationText xml:lang="en">22790</common:AnnotationText>
                            <common:AnnotationText xml:lang="fr">22790</common:AnnotationText>
                        </common:Annotation>
                    </common:Annotations>
                    <common:Name xml:lang="en">Navarre</common:Name>
                    <common:Name xml:lang="fr">Navarre</common:Name>
                    <structure:Parent>
                        <Ref id="ES22"/>
                    </structure:Parent>
                </structure:Code>
                <structure:Code id="ES23">
                    <common:Annotations>
                        <common:Annotation>
                            <common:AnnotationType>ORDER</common:AnnotationType>
                            <common:AnnotationText xml:lang="en">22800</common:AnnotationText>
                            <common:AnnotationText xml:lang="fr">22800</common:AnnotationText>
                        </common:Annotation>
                    </common:Annotations>
                    <common:Name xml:lang="en">La Rioja</common:Name>
                    <common:Name xml:lang="fr">La Rioja</common:Name>
                    <structure:Parent>
                        <Ref id="ESP"/>
                    </structure:Parent>
                </structure:Code>
                <structure:Code id="ES230">
                    <common:Annotations>
                        <common:Annotation>
                            <common:AnnotationType>ORDER</common:AnnotationType>
                            <common:AnnotationText xml:lang="en">22810</common:AnnotationText>
                            <common:AnnotationText xml:lang="fr">22810</common:AnnotationText>
                        </common:Annotation>
                    </common:Annotations>
                    <common:Name xml:lang="en">La Rioja (ES)</common:Name>
                    <common:Name xml:lang="fr">La Rioja (ES)</common:Name>
                    <structure:Parent>
                        <Ref id="ES23"/>
                    </structure:Parent>
                </structure:Code>
                <structure:Code id="ES24">
                    <common:Annotations>
                        <common:Annotation>
                            <common:AnnotationType>ORDER</common:AnnotationType>
                            <common:AnnotationText xml:lang="en">22820</common:AnnotationText>
                            <common:AnnotationText xml:lang="fr">22820</common:AnnotationText>
                        </common:Annotation>
                    </common:Annotations>
                    <common:Name xml:lang="en">Aragon</common:Name>
                    <common:Name xml:lang="fr">Aragon</common:Name>
                    <structure:Parent>
                        <Ref id="ESP"/>
                    </structure:Parent>
                </structure:Code>
                <structure:Code id="ES241">
                    <common:Annotations>
                        <common:Annotation>
                            <common:AnnotationType>ORDER</common:AnnotationType>
                            <common:AnnotationText xml:lang="en">22830</common:AnnotationText>
                            <common:AnnotationText xml:lang="fr">22830</common:AnnotationText>
                        </common:Annotation>
                    </common:Annotations>
                    <common:Name xml:lang="en">Huesca</common:Name>
                    <common:Name xml:lang="fr">Huesca</common:Name>
                    <structure:Parent>
                        <Ref id="ES24"/>
                    </structure:Parent>
                </structure:Code>
                <structure:Code id="ES242">
                    <common:Annotations>
                        <common:Annotation>
                            <common:AnnotationType>ORDER</common:AnnotationType>
                            <common:AnnotationText xml:lang="en">22840</common:AnnotationText>
                            <common:AnnotationText xml:lang="fr">22840</common:AnnotationText>
                        </common:Annotation>
                    </common:Annotations>
                    <common:Name xml:lang="en">Teruel</common:Name>
                    <common:Name xml:lang="fr">Teruel</common:Name>
                    <structure:Parent>
                        <Ref id="ES24"/>
                    </structure:Parent>
                </structure:Code>
                <structure:Code id="ES243">
                    <common:Annotations>
                        <common:Annotation>
                            <common:AnnotationType>ORDER</common:AnnotationType>
                            <common:AnnotationText xml:lang="en">22850</common:AnnotationText>
                            <common:AnnotationText xml:lang="fr">22850</common:AnnotationText>
                        </common:Annotation>
                    </common:Annotations>
                    <common:Name xml:lang="en">Saragossa</common:Name>
                    <common:Name xml:lang="fr">Saragossa</common:Name>
                    <structure:Parent>
                        <Ref id="ES24"/>
                    </structure:Parent>
                </structure:Code>
                <structure:Code id="ES30">
                    <common:Annotations>
                        <common:Annotation>
                            <common:AnnotationType>ORDER</common:AnnotationType>
                            <common:AnnotationText xml:lang="en">22860</common:AnnotationText>
                            <common:AnnotationText xml:lang="fr">22860</common:AnnotationText>
                        </common:Annotation>
                    </common:Annotations>
                    <common:Name xml:lang="en">Madrid</common:Name>
                    <common:Name xml:lang="fr">Madrid</common:Name>
                    <structure:Parent>
                        <Ref id="ESP"/>
                    </structure:Parent>
                </structure:Code>
                <structure:Code id="ES300">
                    <common:Annotations>
                        <common:Annotation>
                            <common:AnnotationType>ORDER</common:AnnotationType>
                            <common:AnnotationText xml:lang="en">22870</common:AnnotationText>
                            <common:AnnotationText xml:lang="fr">22870</common:AnnotationText>
                        </common:Annotation>
                    </common:Annotations>
                    <common:Name xml:lang="en">Madrid</common:Name>
                    <common:Name xml:lang="fr">Madrid</common:Name>
                    <structure:Parent>
                        <Ref id="ES30"/>
                    </structure:Parent>
                </structure:Code>
                <structure:Code id="ES41">
                    <common:Annotations>
                        <common:Annotation>
                            <common:AnnotationType>ORDER</common:AnnotationType>
                            <common:AnnotationText xml:lang="en">22880</common:AnnotationText>
                            <common:AnnotationText xml:lang="fr">22880</common:AnnotationText>
                        </common:Annotation>
                    </common:Annotations>
                    <common:Name xml:lang="en">Castile and León</common:Name>
                    <common:Name xml:lang="fr">Castile and León</common:Name>
                    <structure:Parent>
                        <Ref id="ESP"/>
                    </structure:Parent>
                </structure:Code>
                <structure:Code id="ES411">
                    <common:Annotations>
                        <common:Annotation>
                            <common:AnnotationType>ORDER</common:AnnotationType>
                            <common:AnnotationText xml:lang="en">22890</common:AnnotationText>
                            <common:AnnotationText xml:lang="fr">22890</common:AnnotationText>
                        </common:Annotation>
                    </common:Annotations>
                    <common:Name xml:lang="en">Ávila</common:Name>
                    <common:Name xml:lang="fr">Ávila</common:Name>
                    <structure:Parent>
                        <Ref id="ES41"/>
                    </structure:Parent>
                </structure:Code>
                <structure:Code id="ES412">
                    <common:Annotations>
                        <common:Annotation>
                            <common:AnnotationType>ORDER</common:AnnotationType>
                            <common:AnnotationText xml:lang="en">22900</common:AnnotationText>
                            <common:AnnotationText xml:lang="fr">22900</common:AnnotationText>
                        </common:Annotation>
                    </common:Annotations>
                    <common:Name xml:lang="en">Burgos</common:Name>
                    <common:Name xml:lang="fr">Burgos</common:Name>
                    <structure:Parent>
                        <Ref id="ES41"/>
                    </structure:Parent>
                </structure:Code>
                <structure:Code id="ES413">
                    <common:Annotations>
                        <common:Annotation>
                            <common:AnnotationType>ORDER</common:AnnotationType>
                            <common:AnnotationText xml:lang="en">22910</common:AnnotationText>
                            <common:AnnotationText xml:lang="fr">22910</common:AnnotationText>
                        </common:Annotation>
                    </common:Annotations>
                    <common:Name xml:lang="en">León</common:Name>
                    <common:Name xml:lang="fr">León</common:Name>
                    <structure:Parent>
                        <Ref id="ES41"/>
                    </structure:Parent>
                </structure:Code>
                <structure:Code id="ES414">
                    <common:Annotations>
                        <common:Annotation>
                            <common:AnnotationType>ORDER</common:AnnotationType>
                            <common:AnnotationText xml:lang="en">22920</common:AnnotationText>
                            <common:AnnotationText xml:lang="fr">22920</common:AnnotationText>
                        </common:Annotation>
                    </common:Annotations>
                    <common:Name xml:lang="en">Palencia</common:Name>
                    <common:Name xml:lang="fr">Palencia</common:Name>
                    <structure:Parent>
                        <Ref id="ES41"/>
                    </structure:Parent>
                </structure:Code>
                <structure:Code id="ES415">
                    <common:Annotations>
                        <common:Annotation>
                            <common:AnnotationType>ORDER</common:AnnotationType>
                            <common:AnnotationText xml:lang="en">22930</common:AnnotationText>
                            <common:AnnotationText xml:lang="fr">22930</common:AnnotationText>
                        </common:Annotation>
                    </common:Annotations>
                    <common:Name xml:lang="en">Salamanca</common:Name>
                    <common:Name xml:lang="fr">Salamanca</common:Name>
                    <structure:Parent>
                        <Ref id="ES41"/>
                    </structure:Parent>
                </structure:Code>
                <structure:Code id="ES416">
                    <common:Annotations>
                        <common:Annotation>
                            <common:AnnotationType>ORDER</common:AnnotationType>
                            <common:AnnotationText xml:lang="en">22940</common:AnnotationText>
                            <common:AnnotationText xml:lang="fr">22940</common:AnnotationText>
                        </common:Annotation>
                    </common:Annotations>
                    <common:Name xml:lang="en">Segovia</common:Name>
                    <common:Name xml:lang="fr">Segovia</common:Name>
                    <structure:Parent>
                        <Ref id="ES41"/>
                    </structure:Parent>
                </structure:Code>
                <structure:Code id="ES417">
                    <common:Annotations>
                        <common:Annotation>
                            <common:AnnotationType>ORDER</common:AnnotationType>
                            <common:AnnotationText xml:lang="en">22950</common:AnnotationText>
                            <common:AnnotationText xml:lang="fr">22950</common:AnnotationText>
                        </common:Annotation>
                    </common:Annotations>
                    <common:Name xml:lang="en">Soria</common:Name>
                    <common:Name xml:lang="fr">Soria</common:Name>
                    <structure:Parent>
                        <Ref id="ES41"/>
                    </structure:Parent>
                </structure:Code>
                <structure:Code id="ES418">
                    <common:Annotations>
                        <common:Annotation>
                            <common:AnnotationType>ORDER</common:AnnotationType>
                            <common:AnnotationText xml:lang="en">22960</common:AnnotationText>
                            <common:AnnotationText xml:lang="fr">22960</common:AnnotationText>
                        </common:Annotation>
                    </common:Annotations>
                    <common:Name xml:lang="en">Valladolid</common:Name>
                    <common:Name xml:lang="fr">Valladolid</common:Name>
                    <structure:Parent>
                        <Ref id="ES41"/>
                    </structure:Parent>
                </structure:Code>
                <structure:Code id="ES419">
                    <common:Annotations>
                        <common:Annotation>
                            <common:AnnotationType>ORDER</common:AnnotationType>
                            <common:AnnotationText xml:lang="en">22970</common:AnnotationText>
                            <common:AnnotationText xml:lang="fr">22970</common:AnnotationText>
                        </common:Annotation>
                    </common:Annotations>
                    <common:Name xml:lang="en">Zamora</common:Name>
                    <common:Name xml:lang="fr">Zamora</common:Name>
                    <structure:Parent>
                        <Ref id="ES41"/>
                    </structure:Parent>
                </structure:Code>
                <structure:Code id="ES42">
                    <common:Annotations>
                        <common:Annotation>
                            <common:AnnotationType>ORDER</common:AnnotationType>
                            <common:AnnotationText xml:lang="en">22980</common:AnnotationText>
                            <common:AnnotationText xml:lang="fr">22980</common:AnnotationText>
                        </common:Annotation>
                    </common:Annotations>
                    <common:Name xml:lang="en">Castile-La Mancha</common:Name>
                    <common:Name xml:lang="fr">Castile-La Mancha</common:Name>
                    <structure:Parent>
                        <Ref id="ESP"/>
                    </structure:Parent>
                </structure:Code>
                <structure:Code id="ES421">
                    <common:Annotations>
                        <common:Annotation>
                            <common:AnnotationType>ORDER</common:AnnotationType>
                            <common:AnnotationText xml:lang="en">22990</common:AnnotationText>
                            <common:AnnotationText xml:lang="fr">22990</common:AnnotationText>
                        </common:Annotation>
                    </common:Annotations>
                    <common:Name xml:lang="en">Albacete</common:Name>
                    <common:Name xml:lang="fr">Albacete</common:Name>
                    <structure:Parent>
                        <Ref id="ES42"/>
                    </structure:Parent>
                </structure:Code>
                <structure:Code id="ES422">
                    <common:Annotations>
                        <common:Annotation>
                            <common:AnnotationType>ORDER</common:AnnotationType>
                            <common:AnnotationText xml:lang="en">23000</common:AnnotationText>
                            <common:AnnotationText xml:lang="fr">23000</common:AnnotationText>
                        </common:Annotation>
                    </common:Annotations>
                    <common:Name xml:lang="en">Ciudad Real</common:Name>
                    <common:Name xml:lang="fr">Ciudad Real</common:Name>
                    <structure:Parent>
                        <Ref id="ES42"/>
                    </structure:Parent>
                </structure:Code>
                <structure:Code id="ES423">
                    <common:Annotations>
                        <common:Annotation>
                            <common:AnnotationType>ORDER</common:AnnotationType>
                            <common:AnnotationText xml:lang="en">23010</common:AnnotationText>
                            <common:AnnotationText xml:lang="fr">23010</common:AnnotationText>
                        </common:Annotation>
                    </common:Annotations>
                    <common:Name xml:lang="en">Cuenca</common:Name>
                    <common:Name xml:lang="fr">Cuenca</common:Name>
                    <structure:Parent>
                        <Ref id="ES42"/>
                    </structure:Parent>
                </structure:Code>
                <structure:Code id="ES424">
                    <common:Annotations>
                        <common:Annotation>
                            <common:AnnotationType>ORDER</common:AnnotationType>
                            <common:AnnotationText xml:lang="en">23020</common:AnnotationText>
                            <common:AnnotationText xml:lang="fr">23020</common:AnnotationText>
                        </common:Annotation>
                    </common:Annotations>
                    <common:Name xml:lang="en">Guadalajara</common:Name>
                    <common:Name xml:lang="fr">Guadalajara</common:Name>
                    <structure:Parent>
                        <Ref id="ES42"/>
                    </structure:Parent>
                </structure:Code>
                <structure:Code id="ES425">
                    <common:Annotations>
                        <common:Annotation>
                            <common:AnnotationType>ORDER</common:AnnotationType>
                            <common:AnnotationText xml:lang="en">23030</common:AnnotationText>
                            <common:AnnotationText xml:lang="fr">23030</common:AnnotationText>
                        </common:Annotation>
                    </common:Annotations>
                    <common:Name xml:lang="en">Toledo</common:Name>
                    <common:Name xml:lang="fr">Toledo</common:Name>
                    <structure:Parent>
                        <Ref id="ES42"/>
                    </structure:Parent>
                </structure:Code>
                <structure:Code id="ES43">
                    <common:Annotations>
                        <common:Annotation>
                            <common:AnnotationType>ORDER</common:AnnotationType>
                            <common:AnnotationText xml:lang="en">23040</common:AnnotationText>
                            <common:AnnotationText xml:lang="fr">23040</common:AnnotationText>
                        </common:Annotation>
                    </common:Annotations>
                    <common:Name xml:lang="en">Extremadura</common:Name>
                    <common:Name xml:lang="fr">Extremadura</common:Name>
                    <structure:Parent>
                        <Ref id="ESP"/>
                    </structure:Parent>
                </structure:Code>
                <structure:Code id="ES431">
                    <common:Annotations>
                        <common:Annotation>
                            <common:AnnotationType>ORDER</common:AnnotationType>
                            <common:AnnotationText xml:lang="en">23050</common:AnnotationText>
                            <common:AnnotationText xml:lang="fr">23050</common:AnnotationText>
                        </common:Annotation>
                    </common:Annotations>
                    <common:Name xml:lang="en">Badajoz</common:Name>
                    <common:Name xml:lang="fr">Badajoz</common:Name>
                    <structure:Parent>
                        <Ref id="ES43"/>
                    </structure:Parent>
                </structure:Code>
                <structure:Code id="ES432">
                    <common:Annotations>
                        <common:Annotation>
                            <common:AnnotationType>ORDER</common:AnnotationType>
                            <common:AnnotationText xml:lang="en">23060</common:AnnotationText>
                            <common:AnnotationText xml:lang="fr">23060</common:AnnotationText>
                        </common:Annotation>
                    </common:Annotations>
                    <common:Name xml:lang="en">Cáceres</common:Name>
                    <common:Name xml:lang="fr">Cáceres</common:Name>
                    <structure:Parent>
                        <Ref id="ES43"/>
                    </structure:Parent>
                </structure:Code>
                <structure:Code id="ES51">
                    <common:Annotations>
                        <common:Annotation>
                            <common:AnnotationType>ORDER</common:AnnotationType>
                            <common:AnnotationText xml:lang="en">23070</common:AnnotationText>
                            <common:AnnotationText xml:lang="fr">23070</common:AnnotationText>
                        </common:Annotation>
                    </common:Annotations>
                    <common:Name xml:lang="en">Catalonia</common:Name>
                    <common:Name xml:lang="fr">Catalonia</common:Name>
                    <structure:Parent>
                        <Ref id="ESP"/>
                    </structure:Parent>
                </structure:Code>
                <structure:Code id="ES511">
                    <common:Annotations>
                        <common:Annotation>
                            <common:AnnotationType>ORDER</common:AnnotationType>
                            <common:AnnotationText xml:lang="en">23080</common:AnnotationText>
                            <common:AnnotationText xml:lang="fr">23080</common:AnnotationText>
                        </common:Annotation>
                    </common:Annotations>
                    <common:Name xml:lang="en">Barcelona</common:Name>
                    <common:Name xml:lang="fr">Barcelona</common:Name>
                    <structure:Parent>
                        <Ref id="ES51"/>
                    </structure:Parent>
                </structure:Code>
                <structure:Code id="ES512">
                    <common:Annotations>
                        <common:Annotation>
                            <common:AnnotationType>ORDER</common:AnnotationType>
                            <common:AnnotationText xml:lang="en">23090</common:AnnotationText>
                            <common:AnnotationText xml:lang="fr">23090</common:AnnotationText>
                        </common:Annotation>
                    </common:Annotations>
                    <common:Name xml:lang="en">Gerona</common:Name>
                    <common:Name xml:lang="fr">Gerona</common:Name>
                    <structure:Parent>
                        <Ref id="ES51"/>
                    </structure:Parent>
                </structure:Code>
                <structure:Code id="ES513">
                    <common:Annotations>
                        <common:Annotation>
                            <common:AnnotationType>ORDER</common:AnnotationType>
                            <common:AnnotationText xml:lang="en">23100</common:AnnotationText>
                            <common:AnnotationText xml:lang="fr">23100</common:AnnotationText>
                        </common:Annotation>
                    </common:Annotations>
                    <common:Name xml:lang="en">Lérida</common:Name>
                    <common:Name xml:lang="fr">Lérida</common:Name>
                    <structure:Parent>
                        <Ref id="ES51"/>
                    </structure:Parent>
                </structure:Code>
                <structure:Code id="ES514">
                    <common:Annotations>
                        <common:Annotation>
                            <common:AnnotationType>ORDER</common:AnnotationType>
                            <common:AnnotationText xml:lang="en">23110</common:AnnotationText>
                            <common:AnnotationText xml:lang="fr">23110</common:AnnotationText>
                        </common:Annotation>
                    </common:Annotations>
                    <common:Name xml:lang="en">Tarragona</common:Name>
                    <common:Name xml:lang="fr">Tarragona</common:Name>
                    <structure:Parent>
                        <Ref id="ES51"/>
                    </structure:Parent>
                </structure:Code>
                <structure:Code id="ES52">
                    <common:Annotations>
                        <common:Annotation>
                            <common:AnnotationType>ORDER</common:AnnotationType>
                            <common:AnnotationText xml:lang="en">23120</common:AnnotationText>
                            <common:AnnotationText xml:lang="fr">23120</common:AnnotationText>
                        </common:Annotation>
                    </common:Annotations>
                    <common:Name xml:lang="en">Valencia</common:Name>
                    <common:Name xml:lang="fr">Valencia</common:Name>
                    <structure:Parent>
                        <Ref id="ESP"/>
                    </structure:Parent>
                </structure:Code>
                <structure:Code id="ES521">
                    <common:Annotations>
                        <common:Annotation>
                            <common:AnnotationType>ORDER</common:AnnotationType>
                            <common:AnnotationText xml:lang="en">23130</common:AnnotationText>
                            <common:AnnotationText xml:lang="fr">23130</common:AnnotationText>
                        </common:Annotation>
                    </common:Annotations>
                    <common:Name xml:lang="en">Alicante</common:Name>
                    <common:Name xml:lang="fr">Alicante</common:Name>
                    <structure:Parent>
                        <Ref id="ES52"/>
                    </structure:Parent>
                </structure:Code>
                <structure:Code id="ES522">
                    <common:Annotations>
                        <common:Annotation>
                            <common:AnnotationType>ORDER</common:AnnotationType>
                            <common:AnnotationText xml:lang="en">23140</common:AnnotationText>
                            <common:AnnotationText xml:lang="fr">23140</common:AnnotationText>
                        </common:Annotation>
                    </common:Annotations>
                    <common:Name xml:lang="en">Castellón</common:Name>
                    <common:Name xml:lang="fr">Castellón</common:Name>
                    <structure:Parent>
                        <Ref id="ES52"/>
                    </structure:Parent>
                </structure:Code>
                <structure:Code id="ES523">
                    <common:Annotations>
                        <common:Annotation>
                            <common:AnnotationType>ORDER</common:AnnotationType>
                            <common:AnnotationText xml:lang="en">23150</common:AnnotationText>
                            <common:AnnotationText xml:lang="fr">23150</common:AnnotationText>
                        </common:Annotation>
                    </common:Annotations>
                    <common:Name xml:lang="en">Valencia</common:Name>
                    <common:Name xml:lang="fr">Valencia</common:Name>
                    <structure:Parent>
                        <Ref id="ES52"/>
                    </structure:Parent>
                </structure:Code>
                <structure:Code id="ES53">
                    <common:Annotations>
                        <common:Annotation>
                            <common:AnnotationType>ORDER</common:AnnotationType>
                            <common:AnnotationText xml:lang="en">23160</common:AnnotationText>
                            <common:AnnotationText xml:lang="fr">23160</common:AnnotationText>
                        </common:Annotation>
                    </common:Annotations>
                    <common:Name xml:lang="en">Balearic Islands</common:Name>
                    <common:Name xml:lang="fr">Balearic Islands</common:Name>
                    <structure:Parent>
                        <Ref id="ESP"/>
                    </structure:Parent>
                </structure:Code>
                <structure:Code id="ES531">
                    <common:Annotations>
                        <common:Annotation>
                            <common:AnnotationType>ORDER</common:AnnotationType>
                            <common:AnnotationText xml:lang="en">23170</common:AnnotationText>
                            <common:AnnotationText xml:lang="fr">23170</common:AnnotationText>
                        </common:Annotation>
                    </common:Annotations>
                    <common:Name xml:lang="en">Eivissa y Formentera</common:Name>
                    <common:Name xml:lang="fr">Eivissa y Formentera</common:Name>
                    <structure:Parent>
                        <Ref id="ES53"/>
                    </structure:Parent>
                </structure:Code>
                <structure:Code id="ES532">
                    <common:Annotations>
                        <common:Annotation>
                            <common:AnnotationType>ORDER</common:AnnotationType>
                            <common:AnnotationText xml:lang="en">23180</common:AnnotationText>
                            <common:AnnotationText xml:lang="fr">23180</common:AnnotationText>
                        </common:Annotation>
                    </common:Annotations>
                    <common:Name xml:lang="en">Mallorca</common:Name>
                    <common:Name xml:lang="fr">Mallorca</common:Name>
                    <structure:Parent>
                        <Ref id="ES53"/>
                    </structure:Parent>
                </structure:Code>
                <structure:Code id="ES533">
                    <common:Annotations>
                        <common:Annotation>
                            <common:AnnotationType>ORDER</common:AnnotationType>
                            <common:AnnotationText xml:lang="en">23190</common:AnnotationText>
                            <common:AnnotationText xml:lang="fr">23190</common:AnnotationText>
                        </common:Annotation>
                    </common:Annotations>
                    <common:Name xml:lang="en">Menorca</common:Name>
                    <common:Name xml:lang="fr">Menorca</common:Name>
                    <structure:Parent>
                        <Ref id="ES53"/>
                    </structure:Parent>
                </structure:Code>
                <structure:Code id="ES61">
                    <common:Annotations>
                        <common:Annotation>
                            <common:AnnotationType>ORDER</common:AnnotationType>
                            <common:AnnotationText xml:lang="en">23200</common:AnnotationText>
                            <common:AnnotationText xml:lang="fr">23200</common:AnnotationText>
                        </common:Annotation>
                    </common:Annotations>
                    <common:Name xml:lang="en">Andalusia</common:Name>
                    <common:Name xml:lang="fr">Andalusia</common:Name>
                    <structure:Parent>
                        <Ref id="ESP"/>
                    </structure:Parent>
                </structure:Code>
                <structure:Code id="ES611">
                    <common:Annotations>
                        <common:Annotation>
                            <common:AnnotationType>ORDER</common:AnnotationType>
                            <common:AnnotationText xml:lang="en">23210</common:AnnotationText>
                            <common:AnnotationText xml:lang="fr">23210</common:AnnotationText>
                        </common:Annotation>
                    </common:Annotations>
                    <common:Name xml:lang="en">Almería</common:Name>
                    <common:Name xml:lang="fr">Almería</common:Name>
                    <structure:Parent>
                        <Ref id="ES61"/>
                    </structure:Parent>
                </structure:Code>
                <structure:Code id="ES612">
                    <common:Annotations>
                        <common:Annotation>
                            <common:AnnotationType>ORDER</common:AnnotationType>
                            <common:AnnotationText xml:lang="en">23220</common:AnnotationText>
                            <common:AnnotationText xml:lang="fr">23220</common:AnnotationText>
                        </common:Annotation>
                    </common:Annotations>
                    <common:Name xml:lang="en">Cádiz</common:Name>
                    <common:Name xml:lang="fr">Cádiz</common:Name>
                    <structure:Parent>
                        <Ref id="ES61"/>
                    </structure:Parent>
                </structure:Code>
                <structure:Code id="ES613">
                    <common:Annotations>
                        <common:Annotation>
                            <common:AnnotationType>ORDER</common:AnnotationType>
                            <common:AnnotationText xml:lang="en">23230</common:AnnotationText>
                            <common:AnnotationText xml:lang="fr">23230</common:AnnotationText>
                        </common:Annotation>
                    </common:Annotations>
                    <common:Name xml:lang="en">Cordoba (ES)</common:Name>
                    <common:Name xml:lang="fr">Cordoba (ES)</common:Name>
                    <structure:Parent>
                        <Ref id="ES61"/>
                    </structure:Parent>
                </structure:Code>
                <structure:Code id="ES614">
                    <common:Annotations>
                        <common:Annotation>
                            <common:AnnotationType>ORDER</common:AnnotationType>
                            <common:AnnotationText xml:lang="en">23240</common:AnnotationText>
                            <common:AnnotationText xml:lang="fr">23240</common:AnnotationText>
                        </common:Annotation>
                    </common:Annotations>
                    <common:Name xml:lang="en">Granada</common:Name>
                    <common:Name xml:lang="fr">Granada</common:Name>
                    <structure:Parent>
                        <Ref id="ES61"/>
                    </structure:Parent>
                </structure:Code>
                <structure:Code id="ES615">
                    <common:Annotations>
                        <common:Annotation>
                            <common:AnnotationType>ORDER</common:AnnotationType>
                            <common:AnnotationText xml:lang="en">23250</common:AnnotationText>
                            <common:AnnotationText xml:lang="fr">23250</common:AnnotationText>
                        </common:Annotation>
                    </common:Annotations>
                    <common:Name xml:lang="en">Huelva</common:Name>
                    <common:Name xml:lang="fr">Huelva</common:Name>
                    <structure:Parent>
                        <Ref id="ES61"/>
                    </structure:Parent>
                </structure:Code>
                <structure:Code id="ES616">
                    <common:Annotations>
                        <common:Annotation>
                            <common:AnnotationType>ORDER</common:AnnotationType>
                            <common:AnnotationText xml:lang="en">23260</common:AnnotationText>
                            <common:AnnotationText xml:lang="fr">23260</common:AnnotationText>
                        </common:Annotation>
                    </common:Annotations>
                    <common:Name xml:lang="en">Jaén</common:Name>
                    <common:Name xml:lang="fr">Jaén</common:Name>
                    <structure:Parent>
                        <Ref id="ES61"/>
                    </structure:Parent>
                </structure:Code>
                <structure:Code id="ES617">
                    <common:Annotations>
                        <common:Annotation>
                            <common:AnnotationType>ORDER</common:AnnotationType>
                            <common:AnnotationText xml:lang="en">23270</common:AnnotationText>
                            <common:AnnotationText xml:lang="fr">23270</common:AnnotationText>
                        </common:Annotation>
                    </common:Annotations>
                    <common:Name xml:lang="en">Málaga</common:Name>
                    <common:Name xml:lang="fr">Málaga</common:Name>
                    <structure:Parent>
                        <Ref id="ES61"/>
                    </structure:Parent>
                </structure:Code>
                <structure:Code id="ES618">
                    <common:Annotations>
                        <common:Annotation>
                            <common:AnnotationType>ORDER</common:AnnotationType>
                            <common:AnnotationText xml:lang="en">23280</common:AnnotationText>
                            <common:AnnotationText xml:lang="fr">23280</common:AnnotationText>
                        </common:Annotation>
                    </common:Annotations>
                    <common:Name xml:lang="en">Seville</common:Name>
                    <common:Name xml:lang="fr">Seville</common:Name>
                    <structure:Parent>
                        <Ref id="ES61"/>
                    </structure:Parent>
                </structure:Code>
                <structure:Code id="ES62">
                    <common:Annotations>
                        <common:Annotation>
                            <common:AnnotationType>ORDER</common:AnnotationType>
                            <common:AnnotationText xml:lang="en">23290</common:AnnotationText>
                            <common:AnnotationText xml:lang="fr">23290</common:AnnotationText>
                        </common:Annotation>
                    </common:Annotations>
                    <common:Name xml:lang="en">Murcia</common:Name>
                    <common:Name xml:lang="fr">Murcia</common:Name>
                    <structure:Parent>
                        <Ref id="ESP"/>
                    </structure:Parent>
                </structure:Code>
                <structure:Code id="ES620">
                    <common:Annotations>
                        <common:Annotation>
                            <common:AnnotationType>ORDER</common:AnnotationType>
                            <common:AnnotationText xml:lang="en">23300</common:AnnotationText>
                            <common:AnnotationText xml:lang="fr">23300</common:AnnotationText>
                        </common:Annotation>
                    </common:Annotations>
                    <common:Name xml:lang="en">Murcia</common:Name>
                    <common:Name xml:lang="fr">Murcia</common:Name>
                    <structure:Parent>
                        <Ref id="ES62"/>
                    </structure:Parent>
                </structure:Code>
                <structure:Code id="ES63">
                    <common:Annotations>
                        <common:Annotation>
                            <common:AnnotationType>ORDER</common:AnnotationType>
                            <common:AnnotationText xml:lang="en">23310</common:AnnotationText>
                            <common:AnnotationText xml:lang="fr">23310</common:AnnotationText>
                        </common:Annotation>
                    </common:Annotations>
                    <common:Name xml:lang="en">Ceuta</common:Name>
                    <common:Name xml:lang="fr">Ceuta</common:Name>
                    <structure:Parent>
                        <Ref id="ESP"/>
                    </structure:Parent>
                </structure:Code>
                <structure:Code id="ES630">
                    <common:Annotations>
                        <common:Annotation>
                            <common:AnnotationType>ORDER</common:AnnotationType>
                            <common:AnnotationText xml:lang="en">23320</common:AnnotationText>
                            <common:AnnotationText xml:lang="fr">23320</common:AnnotationText>
                        </common:Annotation>
                    </common:Annotations>
                    <common:Name xml:lang="en">Ceuta (ES)</common:Name>
                    <common:Name xml:lang="fr">Ceuta (ES)</common:Name>
                    <structure:Parent>
                        <Ref id="ES63"/>
                    </structure:Parent>
                </structure:Code>
                <structure:Code id="ES64">
                    <common:Annotations>
                        <common:Annotation>
                            <common:AnnotationType>ORDER</common:AnnotationType>
                            <common:AnnotationText xml:lang="en">23330</common:AnnotationText>
                            <common:AnnotationText xml:lang="fr">23330</common:AnnotationText>
                        </common:Annotation>
                    </common:Annotations>
                    <common:Name xml:lang="en">Melilla</common:Name>
                    <common:Name xml:lang="fr">Melilla</common:Name>
                    <structure:Parent>
                        <Ref id="ESP"/>
                    </structure:Parent>
                </structure:Code>
                <structure:Code id="ES640">
                    <common:Annotations>
                        <common:Annotation>
                            <common:AnnotationType>ORDER</common:AnnotationType>
                            <common:AnnotationText xml:lang="en">23340</common:AnnotationText>
                            <common:AnnotationText xml:lang="fr">23340</common:AnnotationText>
                        </common:Annotation>
                    </common:Annotations>
                    <common:Name xml:lang="en">Melilla (ES)</common:Name>
                    <common:Name xml:lang="fr">Melilla (ES)</common:Name>
                    <structure:Parent>
                        <Ref id="ES64"/>
                    </structure:Parent>
                </structure:Code>
                <structure:Code id="ES70">
                    <common:Annotations>
                        <common:Annotation>
                            <common:AnnotationType>ORDER</common:AnnotationType>
                            <common:AnnotationText xml:lang="en">23350</common:AnnotationText>
                            <common:AnnotationText xml:lang="fr">23350</common:AnnotationText>
                        </common:Annotation>
                    </common:Annotations>
                    <common:Name xml:lang="en">Canary Islands</common:Name>
                    <common:Name xml:lang="fr">Canary Islands</common:Name>
                    <structure:Parent>
                        <Ref id="ESP"/>
                    </structure:Parent>
                </structure:Code>
                <structure:Code id="ES703">
                    <common:Annotations>
                        <common:Annotation>
                            <common:AnnotationType>ORDER</common:AnnotationType>
                            <common:AnnotationText xml:lang="en">23360</common:AnnotationText>
                            <common:AnnotationText xml:lang="fr">23360</common:AnnotationText>
                        </common:Annotation>
                    </common:Annotations>
                    <common:Name xml:lang="en">El Hierro</common:Name>
                    <common:Name xml:lang="fr">El Hierro</common:Name>
                    <structure:Parent>
                        <Ref id="ES70"/>
                    </structure:Parent>
                </structure:Code>
                <structure:Code id="ES704">
                    <common:Annotations>
                        <common:Annotation>
                            <common:AnnotationType>ORDER</common:AnnotationType>
                            <common:AnnotationText xml:lang="en">23370</common:AnnotationText>
                            <common:AnnotationText xml:lang="fr">23370</common:AnnotationText>
                        </common:Annotation>
                    </common:Annotations>
                    <common:Name xml:lang="en">Fuerteventura</common:Name>
                    <common:Name xml:lang="fr">Fuerteventura</common:Name>
                    <structure:Parent>
                        <Ref id="ES70"/>
                    </structure:Parent>
                </structure:Code>
                <structure:Code id="ES705">
                    <common:Annotations>
                        <common:Annotation>
                            <common:AnnotationType>ORDER</common:AnnotationType>
                            <common:AnnotationText xml:lang="en">23380</common:AnnotationText>
                            <common:AnnotationText xml:lang="fr">23380</common:AnnotationText>
                        </common:Annotation>
                    </common:Annotations>
                    <common:Name xml:lang="en">Gran Canaria</common:Name>
                    <common:Name xml:lang="fr">Gran Canaria</common:Name>
                    <structure:Parent>
                        <Ref id="ES70"/>
                    </structure:Parent>
                </structure:Code>
                <structure:Code id="ES706">
                    <common:Annotations>
                        <common:Annotation>
                            <common:AnnotationType>ORDER</common:AnnotationType>
                            <common:AnnotationText xml:lang="en">23390</common:AnnotationText>
                            <common:AnnotationText xml:lang="fr">23390</common:AnnotationText>
                        </common:Annotation>
                    </common:Annotations>
                    <common:Name xml:lang="en">La Gomera</common:Name>
                    <common:Name xml:lang="fr">La Gomera</common:Name>
                    <structure:Parent>
                        <Ref id="ES70"/>
                    </structure:Parent>
                </structure:Code>
                <structure:Code id="ES707">
                    <common:Annotations>
                        <common:Annotation>
                            <common:AnnotationType>ORDER</common:AnnotationType>
                            <common:AnnotationText xml:lang="en">23400</common:AnnotationText>
                            <common:AnnotationText xml:lang="fr">23400</common:AnnotationText>
                        </common:Annotation>
                    </common:Annotations>
                    <common:Name xml:lang="en">La Palma</common:Name>
                    <common:Name xml:lang="fr">La Palma</common:Name>
                    <structure:Parent>
                        <Ref id="ES70"/>
                    </structure:Parent>
                </structure:Code>
                <structure:Code id="ES708">
                    <common:Annotations>
                        <common:Annotation>
                            <common:AnnotationType>ORDER</common:AnnotationType>
                            <common:AnnotationText xml:lang="en">23410</common:AnnotationText>
                            <common:AnnotationText xml:lang="fr">23410</common:AnnotationText>
                        </common:Annotation>
                    </common:Annotations>
                    <common:Name xml:lang="en">Lanzarote</common:Name>
                    <common:Name xml:lang="fr">Lanzarote</common:Name>
                    <structure:Parent>
                        <Ref id="ES70"/>
                    </structure:Parent>
                </structure:Code>
                <structure:Code id="ES709">
                    <common:Annotations>
                        <common:Annotation>
                            <common:AnnotationType>ORDER</common:AnnotationType>
                            <common:AnnotationText xml:lang="en">23420</common:AnnotationText>
                            <common:AnnotationText xml:lang="fr">23420</common:AnnotationText>
                        </common:Annotation>
                    </common:Annotations>
                    <common:Name xml:lang="en">Tenerife</common:Name>
                    <common:Name xml:lang="fr">Tenerife</common:Name>
                    <structure:Parent>
                        <Ref id="ES70"/>
                    </structure:Parent>
                </structure:Code>
                <structure:Code id="SWE">
                    <common:Annotations>
                        <common:Annotation>
                            <common:AnnotationType>ORDER</common:AnnotationType>
                            <common:AnnotationText xml:lang="en">23430</common:AnnotationText>
                            <common:AnnotationText xml:lang="fr">23430</common:AnnotationText>
                        </common:Annotation>
                    </common:Annotations>
                    <common:Name xml:lang="en">Sweden</common:Name>
                    <common:Name xml:lang="fr">Suède</common:Name>
                </structure:Code>
                <structure:Code id="SE11">
                    <common:Annotations>
                        <common:Annotation>
                            <common:AnnotationType>ORDER</common:AnnotationType>
                            <common:AnnotationText xml:lang="en">23440</common:AnnotationText>
                            <common:AnnotationText xml:lang="fr">23440</common:AnnotationText>
                        </common:Annotation>
                    </common:Annotations>
                    <common:Name xml:lang="en">Stockholm</common:Name>
                    <common:Name xml:lang="fr">Stockholm</common:Name>
                    <structure:Parent>
                        <Ref id="SWE"/>
                    </structure:Parent>
                </structure:Code>
                <structure:Code id="SE110">
                    <common:Annotations>
                        <common:Annotation>
                            <common:AnnotationType>ORDER</common:AnnotationType>
                            <common:AnnotationText xml:lang="en">23450</common:AnnotationText>
                            <common:AnnotationText xml:lang="fr">23450</common:AnnotationText>
                        </common:Annotation>
                    </common:Annotations>
                    <common:Name xml:lang="en">Stockholm County</common:Name>
                    <common:Name xml:lang="fr">Stockholm County</common:Name>
                    <structure:Parent>
                        <Ref id="SE11"/>
                    </structure:Parent>
                </structure:Code>
                <structure:Code id="SE12">
                    <common:Annotations>
                        <common:Annotation>
                            <common:AnnotationType>ORDER</common:AnnotationType>
                            <common:AnnotationText xml:lang="en">23460</common:AnnotationText>
                            <common:AnnotationText xml:lang="fr">23460</common:AnnotationText>
                        </common:Annotation>
                    </common:Annotations>
                    <common:Name xml:lang="en">East Middle Sweden</common:Name>
                    <common:Name xml:lang="fr">East Middle Sweden</common:Name>
                    <structure:Parent>
                        <Ref id="SWE"/>
                    </structure:Parent>
                </structure:Code>
                <structure:Code id="SE121">
                    <common:Annotations>
                        <common:Annotation>
                            <common:AnnotationType>ORDER</common:AnnotationType>
                            <common:AnnotationText xml:lang="en">23470</common:AnnotationText>
                            <common:AnnotationText xml:lang="fr">23470</common:AnnotationText>
                        </common:Annotation>
                    </common:Annotations>
                    <common:Name xml:lang="en">Uppsala County</common:Name>
                    <common:Name xml:lang="fr">Uppsala County</common:Name>
                    <structure:Parent>
                        <Ref id="SE12"/>
                    </structure:Parent>
                </structure:Code>
                <structure:Code id="SE122">
                    <common:Annotations>
                        <common:Annotation>
                            <common:AnnotationType>ORDER</common:AnnotationType>
                            <common:AnnotationText xml:lang="en">23480</common:AnnotationText>
                            <common:AnnotationText xml:lang="fr">23480</common:AnnotationText>
                        </common:Annotation>
                    </common:Annotations>
                    <common:Name xml:lang="en">Södermanland County</common:Name>
                    <common:Name xml:lang="fr">Södermanland County</common:Name>
                    <structure:Parent>
                        <Ref id="SE12"/>
                    </structure:Parent>
                </structure:Code>
                <structure:Code id="SE123">
                    <common:Annotations>
                        <common:Annotation>
                            <common:AnnotationType>ORDER</common:AnnotationType>
                            <common:AnnotationText xml:lang="en">23490</common:AnnotationText>
                            <common:AnnotationText xml:lang="fr">23490</common:AnnotationText>
                        </common:Annotation>
                    </common:Annotations>
                    <common:Name xml:lang="en">Östergötland County</common:Name>
                    <common:Name xml:lang="fr">Östergötland County</common:Name>
                    <structure:Parent>
                        <Ref id="SE12"/>
                    </structure:Parent>
                </structure:Code>
                <structure:Code id="SE124">
                    <common:Annotations>
                        <common:Annotation>
                            <common:AnnotationType>ORDER</common:AnnotationType>
                            <common:AnnotationText xml:lang="en">23500</common:AnnotationText>
                            <common:AnnotationText xml:lang="fr">23500</common:AnnotationText>
                        </common:Annotation>
                    </common:Annotations>
                    <common:Name xml:lang="en">Örebro County</common:Name>
                    <common:Name xml:lang="fr">Örebro County</common:Name>
                    <structure:Parent>
                        <Ref id="SE12"/>
                    </structure:Parent>
                </structure:Code>
                <structure:Code id="SE125">
                    <common:Annotations>
                        <common:Annotation>
                            <common:AnnotationType>ORDER</common:AnnotationType>
                            <common:AnnotationText xml:lang="en">23510</common:AnnotationText>
                            <common:AnnotationText xml:lang="fr">23510</common:AnnotationText>
                        </common:Annotation>
                    </common:Annotations>
                    <common:Name xml:lang="en">Västmanland County</common:Name>
                    <common:Name xml:lang="fr">Västmanland County</common:Name>
                    <structure:Parent>
                        <Ref id="SE12"/>
                    </structure:Parent>
                </structure:Code>
                <structure:Code id="SE21">
                    <common:Annotations>
                        <common:Annotation>
                            <common:AnnotationType>ORDER</common:AnnotationType>
                            <common:AnnotationText xml:lang="en">23520</common:AnnotationText>
                            <common:AnnotationText xml:lang="fr">23520</common:AnnotationText>
                        </common:Annotation>
                    </common:Annotations>
                    <common:Name xml:lang="en">Småland with Islands</common:Name>
                    <common:Name xml:lang="fr">Småland with Islands</common:Name>
                    <structure:Parent>
                        <Ref id="SWE"/>
                    </structure:Parent>
                </structure:Code>
                <structure:Code id="SE211">
                    <common:Annotations>
                        <common:Annotation>
                            <common:AnnotationType>ORDER</common:AnnotationType>
                            <common:AnnotationText xml:lang="en">23530</common:AnnotationText>
                            <common:AnnotationText xml:lang="fr">23530</common:AnnotationText>
                        </common:Annotation>
                    </common:Annotations>
                    <common:Name xml:lang="en">Jönköping County</common:Name>
                    <common:Name xml:lang="fr">Jönköping County</common:Name>
                    <structure:Parent>
                        <Ref id="SE21"/>
                    </structure:Parent>
                </structure:Code>
                <structure:Code id="SE212">
                    <common:Annotations>
                        <common:Annotation>
                            <common:AnnotationType>ORDER</common:AnnotationType>
                            <common:AnnotationText xml:lang="en">23540</common:AnnotationText>
                            <common:AnnotationText xml:lang="fr">23540</common:AnnotationText>
                        </common:Annotation>
                    </common:Annotations>
                    <common:Name xml:lang="en">Kronoberg County</common:Name>
                    <common:Name xml:lang="fr">Kronoberg County</common:Name>
                    <structure:Parent>
                        <Ref id="SE21"/>
                    </structure:Parent>
                </structure:Code>
                <structure:Code id="SE213">
                    <common:Annotations>
                        <common:Annotation>
                            <common:AnnotationType>ORDER</common:AnnotationType>
                            <common:AnnotationText xml:lang="en">23550</common:AnnotationText>
                            <common:AnnotationText xml:lang="fr">23550</common:AnnotationText>
                        </common:Annotation>
                    </common:Annotations>
                    <common:Name xml:lang="en">Kalmar County</common:Name>
                    <common:Name xml:lang="fr">Kalmar County</common:Name>
                    <structure:Parent>
                        <Ref id="SE21"/>
                    </structure:Parent>
                </structure:Code>
                <structure:Code id="SE214">
                    <common:Annotations>
                        <common:Annotation>
                            <common:AnnotationType>ORDER</common:AnnotationType>
                            <common:AnnotationText xml:lang="en">23560</common:AnnotationText>
                            <common:AnnotationText xml:lang="fr">23560</common:AnnotationText>
                        </common:Annotation>
                    </common:Annotations>
                    <common:Name xml:lang="en">Gotland County</common:Name>
                    <common:Name xml:lang="fr">Gotland County</common:Name>
                    <structure:Parent>
                        <Ref id="SE21"/>
                    </structure:Parent>
                </structure:Code>
                <structure:Code id="SE22">
                    <common:Annotations>
                        <common:Annotation>
                            <common:AnnotationType>ORDER</common:AnnotationType>
                            <common:AnnotationText xml:lang="en">23570</common:AnnotationText>
                            <common:AnnotationText xml:lang="fr">23570</common:AnnotationText>
                        </common:Annotation>
                    </common:Annotations>
                    <common:Name xml:lang="en">South Sweden</common:Name>
                    <common:Name xml:lang="fr">South Sweden</common:Name>
                    <structure:Parent>
                        <Ref id="SWE"/>
                    </structure:Parent>
                </structure:Code>
                <structure:Code id="SE221">
                    <common:Annotations>
                        <common:Annotation>
                            <common:AnnotationType>ORDER</common:AnnotationType>
                            <common:AnnotationText xml:lang="en">23580</common:AnnotationText>
                            <common:AnnotationText xml:lang="fr">23580</common:AnnotationText>
                        </common:Annotation>
                    </common:Annotations>
                    <common:Name xml:lang="en">Blekinge County</common:Name>
                    <common:Name xml:lang="fr">Blekinge County</common:Name>
                    <structure:Parent>
                        <Ref id="SE22"/>
                    </structure:Parent>
                </structure:Code>
                <structure:Code id="SE224">
                    <common:Annotations>
                        <common:Annotation>
                            <common:AnnotationType>ORDER</common:AnnotationType>
                            <common:AnnotationText xml:lang="en">23590</common:AnnotationText>
                            <common:AnnotationText xml:lang="fr">23590</common:AnnotationText>
                        </common:Annotation>
                    </common:Annotations>
                    <common:Name xml:lang="en">Skåne County</common:Name>
                    <common:Name xml:lang="fr">Skåne County</common:Name>
                    <structure:Parent>
                        <Ref id="SE22"/>
                    </structure:Parent>
                </structure:Code>
                <structure:Code id="SE23">
                    <common:Annotations>
                        <common:Annotation>
                            <common:AnnotationType>ORDER</common:AnnotationType>
                            <common:AnnotationText xml:lang="en">23600</common:AnnotationText>
                            <common:AnnotationText xml:lang="fr">23600</common:AnnotationText>
                        </common:Annotation>
                    </common:Annotations>
                    <common:Name xml:lang="en">West Sweden</common:Name>
                    <common:Name xml:lang="fr">West Sweden</common:Name>
                    <structure:Parent>
                        <Ref id="SWE"/>
                    </structure:Parent>
                </structure:Code>
                <structure:Code id="SE231">
                    <common:Annotations>
                        <common:Annotation>
                            <common:AnnotationType>ORDER</common:AnnotationType>
                            <common:AnnotationText xml:lang="en">23610</common:AnnotationText>
                            <common:AnnotationText xml:lang="fr">23610</common:AnnotationText>
                        </common:Annotation>
                    </common:Annotations>
                    <common:Name xml:lang="en">Halland County</common:Name>
                    <common:Name xml:lang="fr">Halland County</common:Name>
                    <structure:Parent>
                        <Ref id="SE23"/>
                    </structure:Parent>
                </structure:Code>
                <structure:Code id="SE232">
                    <common:Annotations>
                        <common:Annotation>
                            <common:AnnotationType>ORDER</common:AnnotationType>
                            <common:AnnotationText xml:lang="en">23620</common:AnnotationText>
                            <common:AnnotationText xml:lang="fr">23620</common:AnnotationText>
                        </common:Annotation>
                    </common:Annotations>
                    <common:Name xml:lang="en">Västra Götaland County</common:Name>
                    <common:Name xml:lang="fr">Västra Götaland County</common:Name>
                    <structure:Parent>
                        <Ref id="SE23"/>
                    </structure:Parent>
                </structure:Code>
                <structure:Code id="SE31">
                    <common:Annotations>
                        <common:Annotation>
                            <common:AnnotationType>ORDER</common:AnnotationType>
                            <common:AnnotationText xml:lang="en">23630</common:AnnotationText>
                            <common:AnnotationText xml:lang="fr">23630</common:AnnotationText>
                        </common:Annotation>
                    </common:Annotations>
                    <common:Name xml:lang="en">North Middle Sweden</common:Name>
                    <common:Name xml:lang="fr">North Middle Sweden</common:Name>
                    <structure:Parent>
                        <Ref id="SWE"/>
                    </structure:Parent>
                </structure:Code>
                <structure:Code id="SE311">
                    <common:Annotations>
                        <common:Annotation>
                            <common:AnnotationType>ORDER</common:AnnotationType>
                            <common:AnnotationText xml:lang="en">23640</common:AnnotationText>
                            <common:AnnotationText xml:lang="fr">23640</common:AnnotationText>
                        </common:Annotation>
                    </common:Annotations>
                    <common:Name xml:lang="en">Värmlands County</common:Name>
                    <common:Name xml:lang="fr">Värmlands County</common:Name>
                    <structure:Parent>
                        <Ref id="SE31"/>
                    </structure:Parent>
                </structure:Code>
                <structure:Code id="SE312">
                    <common:Annotations>
                        <common:Annotation>
                            <common:AnnotationType>ORDER</common:AnnotationType>
                            <common:AnnotationText xml:lang="en">23650</common:AnnotationText>
                            <common:AnnotationText xml:lang="fr">23650</common:AnnotationText>
                        </common:Annotation>
                    </common:Annotations>
                    <common:Name xml:lang="en">Dalarna County</common:Name>
                    <common:Name xml:lang="fr">Dalarna County</common:Name>
                    <structure:Parent>
                        <Ref id="SE31"/>
                    </structure:Parent>
                </structure:Code>
                <structure:Code id="SE313">
                    <common:Annotations>
                        <common:Annotation>
                            <common:AnnotationType>ORDER</common:AnnotationType>
                            <common:AnnotationText xml:lang="en">23660</common:AnnotationText>
                            <common:AnnotationText xml:lang="fr">23660</common:AnnotationText>
                        </common:Annotation>
                    </common:Annotations>
                    <common:Name xml:lang="en">Gävleborg County</common:Name>
                    <common:Name xml:lang="fr">Gävleborg County</common:Name>
                    <structure:Parent>
                        <Ref id="SE31"/>
                    </structure:Parent>
                </structure:Code>
                <structure:Code id="SE32">
                    <common:Annotations>
                        <common:Annotation>
                            <common:AnnotationType>ORDER</common:AnnotationType>
                            <common:AnnotationText xml:lang="en">23670</common:AnnotationText>
                            <common:AnnotationText xml:lang="fr">23670</common:AnnotationText>
                        </common:Annotation>
                    </common:Annotations>
                    <common:Name xml:lang="en">Central Norrland</common:Name>
                    <common:Name xml:lang="fr">Central Norrland</common:Name>
                    <structure:Parent>
                        <Ref id="SWE"/>
                    </structure:Parent>
                </structure:Code>
                <structure:Code id="SE321">
                    <common:Annotations>
                        <common:Annotation>
                            <common:AnnotationType>ORDER</common:AnnotationType>
                            <common:AnnotationText xml:lang="en">23680</common:AnnotationText>
                            <common:AnnotationText xml:lang="fr">23680</common:AnnotationText>
                        </common:Annotation>
                    </common:Annotations>
                    <common:Name xml:lang="en">Västernorrland County</common:Name>
                    <common:Name xml:lang="fr">Västernorrland County</common:Name>
                    <structure:Parent>
                        <Ref id="SE32"/>
                    </structure:Parent>
                </structure:Code>
                <structure:Code id="SE322">
                    <common:Annotations>
                        <common:Annotation>
                            <common:AnnotationType>ORDER</common:AnnotationType>
                            <common:AnnotationText xml:lang="en">23690</common:AnnotationText>
                            <common:AnnotationText xml:lang="fr">23690</common:AnnotationText>
                        </common:Annotation>
                    </common:Annotations>
                    <common:Name xml:lang="en">Jämtland County</common:Name>
                    <common:Name xml:lang="fr">Jämtland County</common:Name>
                    <structure:Parent>
                        <Ref id="SE32"/>
                    </structure:Parent>
                </structure:Code>
                <structure:Code id="SE33">
                    <common:Annotations>
                        <common:Annotation>
                            <common:AnnotationType>ORDER</common:AnnotationType>
                            <common:AnnotationText xml:lang="en">23700</common:AnnotationText>
                            <common:AnnotationText xml:lang="fr">23700</common:AnnotationText>
                        </common:Annotation>
                    </common:Annotations>
                    <common:Name xml:lang="en">Upper Norrland</common:Name>
                    <common:Name xml:lang="fr">Upper Norrland</common:Name>
                    <structure:Parent>
                        <Ref id="SWE"/>
                    </structure:Parent>
                </structure:Code>
                <structure:Code id="SE331">
                    <common:Annotations>
                        <common:Annotation>
                            <common:AnnotationType>ORDER</common:AnnotationType>
                            <common:AnnotationText xml:lang="en">23710</common:AnnotationText>
                            <common:AnnotationText xml:lang="fr">23710</common:AnnotationText>
                        </common:Annotation>
                    </common:Annotations>
                    <common:Name xml:lang="en">Västerbottens County</common:Name>
                    <common:Name xml:lang="fr">Västerbottens County</common:Name>
                    <structure:Parent>
                        <Ref id="SE33"/>
                    </structure:Parent>
                </structure:Code>
                <structure:Code id="SE332">
                    <common:Annotations>
                        <common:Annotation>
                            <common:AnnotationType>ORDER</common:AnnotationType>
                            <common:AnnotationText xml:lang="en">23720</common:AnnotationText>
                            <common:AnnotationText xml:lang="fr">23720</common:AnnotationText>
                        </common:Annotation>
                    </common:Annotations>
                    <common:Name xml:lang="en">Norrbottens County</common:Name>
                    <common:Name xml:lang="fr">Norrbottens County</common:Name>
                    <structure:Parent>
                        <Ref id="SE33"/>
                    </structure:Parent>
                </structure:Code>
                <structure:Code id="CHE">
                    <common:Annotations>
                        <common:Annotation>
                            <common:AnnotationType>ORDER</common:AnnotationType>
                            <common:AnnotationText xml:lang="en">23730</common:AnnotationText>
                            <common:AnnotationText xml:lang="fr">23730</common:AnnotationText>
                        </common:Annotation>
                    </common:Annotations>
                    <common:Name xml:lang="en">Switzerland</common:Name>
                    <common:Name xml:lang="fr">Suisse</common:Name>
                </structure:Code>
                <structure:Code id="CH01">
                    <common:Annotations>
                        <common:Annotation>
                            <common:AnnotationType>ORDER</common:AnnotationType>
                            <common:AnnotationText xml:lang="en">23740</common:AnnotationText>
                            <common:AnnotationText xml:lang="fr">23740</common:AnnotationText>
                        </common:Annotation>
                    </common:Annotations>
                    <common:Name xml:lang="en">Lake Geneva Region</common:Name>
                    <common:Name xml:lang="fr">Lake Geneva Region</common:Name>
                    <structure:Parent>
                        <Ref id="CHE"/>
                    </structure:Parent>
                </structure:Code>
                <structure:Code id="CH011">
                    <common:Annotations>
                        <common:Annotation>
                            <common:AnnotationType>ORDER</common:AnnotationType>
                            <common:AnnotationText xml:lang="en">23750</common:AnnotationText>
                            <common:AnnotationText xml:lang="fr">23750</common:AnnotationText>
                        </common:Annotation>
                    </common:Annotations>
                    <common:Name xml:lang="en">Vaud</common:Name>
                    <common:Name xml:lang="fr">Vaud</common:Name>
                    <structure:Parent>
                        <Ref id="CH01"/>
                    </structure:Parent>
                </structure:Code>
                <structure:Code id="CH012">
                    <common:Annotations>
                        <common:Annotation>
                            <common:AnnotationType>ORDER</common:AnnotationType>
                            <common:AnnotationText xml:lang="en">23760</common:AnnotationText>
                            <common:AnnotationText xml:lang="fr">23760</common:AnnotationText>
                        </common:Annotation>
                    </common:Annotations>
                    <common:Name xml:lang="en">Valais</common:Name>
                    <common:Name xml:lang="fr">Valais</common:Name>
                    <structure:Parent>
                        <Ref id="CH01"/>
                    </structure:Parent>
                </structure:Code>
                <structure:Code id="CH013">
                    <common:Annotations>
                        <common:Annotation>
                            <common:AnnotationType>ORDER</common:AnnotationType>
                            <common:AnnotationText xml:lang="en">23770</common:AnnotationText>
                            <common:AnnotationText xml:lang="fr">23770</common:AnnotationText>
                        </common:Annotation>
                    </common:Annotations>
                    <common:Name xml:lang="en">Genève</common:Name>
                    <common:Name xml:lang="fr">Genève</common:Name>
                    <structure:Parent>
                        <Ref id="CH01"/>
                    </structure:Parent>
                </structure:Code>
                <structure:Code id="CH02">
                    <common:Annotations>
                        <common:Annotation>
                            <common:AnnotationType>ORDER</common:AnnotationType>
                            <common:AnnotationText xml:lang="en">23780</common:AnnotationText>
                            <common:AnnotationText xml:lang="fr">23780</common:AnnotationText>
                        </common:Annotation>
                    </common:Annotations>
                    <common:Name xml:lang="en">Espace Mittelland</common:Name>
                    <common:Name xml:lang="fr">Espace Mittelland</common:Name>
                    <structure:Parent>
                        <Ref id="CHE"/>
                    </structure:Parent>
                </structure:Code>
                <structure:Code id="CH021">
                    <common:Annotations>
                        <common:Annotation>
                            <common:AnnotationType>ORDER</common:AnnotationType>
                            <common:AnnotationText xml:lang="en">23790</common:AnnotationText>
                            <common:AnnotationText xml:lang="fr">23790</common:AnnotationText>
                        </common:Annotation>
                    </common:Annotations>
                    <common:Name xml:lang="en">Bern</common:Name>
                    <common:Name xml:lang="fr">Bern</common:Name>
                    <structure:Parent>
                        <Ref id="CH02"/>
                    </structure:Parent>
                </structure:Code>
                <structure:Code id="CH022">
                    <common:Annotations>
                        <common:Annotation>
                            <common:AnnotationType>ORDER</common:AnnotationType>
                            <common:AnnotationText xml:lang="en">23800</common:AnnotationText>
                            <common:AnnotationText xml:lang="fr">23800</common:AnnotationText>
                        </common:Annotation>
                    </common:Annotations>
                    <common:Name xml:lang="en">Fribourg (CH)</common:Name>
                    <common:Name xml:lang="fr">Fribourg (CH)</common:Name>
                    <structure:Parent>
                        <Ref id="CH02"/>
                    </structure:Parent>
                </structure:Code>
                <structure:Code id="CH023">
                    <common:Annotations>
                        <common:Annotation>
                            <common:AnnotationType>ORDER</common:AnnotationType>
                            <common:AnnotationText xml:lang="en">23810</common:AnnotationText>
                            <common:AnnotationText xml:lang="fr">23810</common:AnnotationText>
                        </common:Annotation>
                    </common:Annotations>
                    <common:Name xml:lang="en">Solothurn</common:Name>
                    <common:Name xml:lang="fr">Solothurn</common:Name>
                    <structure:Parent>
                        <Ref id="CH02"/>
                    </structure:Parent>
                </structure:Code>
                <structure:Code id="CH024">
                    <common:Annotations>
                        <common:Annotation>
                            <common:AnnotationType>ORDER</common:AnnotationType>
                            <common:AnnotationText xml:lang="en">23820</common:AnnotationText>
                            <common:AnnotationText xml:lang="fr">23820</common:AnnotationText>
                        </common:Annotation>
                    </common:Annotations>
                    <common:Name xml:lang="en">Neuchâtel</common:Name>
                    <common:Name xml:lang="fr">Neuchâtel</common:Name>
                    <structure:Parent>
                        <Ref id="CH02"/>
                    </structure:Parent>
                </structure:Code>
                <structure:Code id="CH025">
                    <common:Annotations>
                        <common:Annotation>
                            <common:AnnotationType>ORDER</common:AnnotationType>
                            <common:AnnotationText xml:lang="en">23830</common:AnnotationText>
                            <common:AnnotationText xml:lang="fr">23830</common:AnnotationText>
                        </common:Annotation>
                    </common:Annotations>
                    <common:Name xml:lang="en">Jura (CH)</common:Name>
                    <common:Name xml:lang="fr">Jura (CH)</common:Name>
                    <structure:Parent>
                        <Ref id="CH02"/>
                    </structure:Parent>
                </structure:Code>
                <structure:Code id="CH03">
                    <common:Annotations>
                        <common:Annotation>
                            <common:AnnotationType>ORDER</common:AnnotationType>
                            <common:AnnotationText xml:lang="en">23840</common:AnnotationText>
                            <common:AnnotationText xml:lang="fr">23840</common:AnnotationText>
                        </common:Annotation>
                    </common:Annotations>
                    <common:Name xml:lang="en">Northwestern Switzerland</common:Name>
                    <common:Name xml:lang="fr">Northwestern Switzerland</common:Name>
                    <structure:Parent>
                        <Ref id="CHE"/>
                    </structure:Parent>
                </structure:Code>
                <structure:Code id="CH031">
                    <common:Annotations>
                        <common:Annotation>
                            <common:AnnotationType>ORDER</common:AnnotationType>
                            <common:AnnotationText xml:lang="en">23850</common:AnnotationText>
                            <common:AnnotationText xml:lang="fr">23850</common:AnnotationText>
                        </common:Annotation>
                    </common:Annotations>
                    <common:Name xml:lang="en">Basel-Stadt</common:Name>
                    <common:Name xml:lang="fr">Basel-Stadt</common:Name>
                    <structure:Parent>
                        <Ref id="CH03"/>
                    </structure:Parent>
                </structure:Code>
                <structure:Code id="CH032">
                    <common:Annotations>
                        <common:Annotation>
                            <common:AnnotationType>ORDER</common:AnnotationType>
                            <common:AnnotationText xml:lang="en">23860</common:AnnotationText>
                            <common:AnnotationText xml:lang="fr">23860</common:AnnotationText>
                        </common:Annotation>
                    </common:Annotations>
                    <common:Name xml:lang="en">Basel-Landschaft</common:Name>
                    <common:Name xml:lang="fr">Basel-Landschaft</common:Name>
                    <structure:Parent>
                        <Ref id="CH03"/>
                    </structure:Parent>
                </structure:Code>
                <structure:Code id="CH033">
                    <common:Annotations>
                        <common:Annotation>
                            <common:AnnotationType>ORDER</common:AnnotationType>
                            <common:AnnotationText xml:lang="en">23870</common:AnnotationText>
                            <common:AnnotationText xml:lang="fr">23870</common:AnnotationText>
                        </common:Annotation>
                    </common:Annotations>
                    <common:Name xml:lang="en">Aargau</common:Name>
                    <common:Name xml:lang="fr">Aargau</common:Name>
                    <structure:Parent>
                        <Ref id="CH03"/>
                    </structure:Parent>
                </structure:Code>
                <structure:Code id="CH04">
                    <common:Annotations>
                        <common:Annotation>
                            <common:AnnotationType>ORDER</common:AnnotationType>
                            <common:AnnotationText xml:lang="en">23880</common:AnnotationText>
                            <common:AnnotationText xml:lang="fr">23880</common:AnnotationText>
                        </common:Annotation>
                    </common:Annotations>
                    <common:Name xml:lang="en">Zurich</common:Name>
                    <common:Name xml:lang="fr">Zurich</common:Name>
                    <structure:Parent>
                        <Ref id="CHE"/>
                    </structure:Parent>
                </structure:Code>
                <structure:Code id="CH040">
                    <common:Annotations>
                        <common:Annotation>
                            <common:AnnotationType>ORDER</common:AnnotationType>
                            <common:AnnotationText xml:lang="en">23890</common:AnnotationText>
                            <common:AnnotationText xml:lang="fr">23890</common:AnnotationText>
                        </common:Annotation>
                    </common:Annotations>
                    <common:Name xml:lang="en">Zürich</common:Name>
                    <common:Name xml:lang="fr">Zürich</common:Name>
                    <structure:Parent>
                        <Ref id="CH04"/>
                    </structure:Parent>
                </structure:Code>
                <structure:Code id="CH05">
                    <common:Annotations>
                        <common:Annotation>
                            <common:AnnotationType>ORDER</common:AnnotationType>
                            <common:AnnotationText xml:lang="en">23900</common:AnnotationText>
                            <common:AnnotationText xml:lang="fr">23900</common:AnnotationText>
                        </common:Annotation>
                    </common:Annotations>
                    <common:Name xml:lang="en">Eastern Switzerland</common:Name>
                    <common:Name xml:lang="fr">Eastern Switzerland</common:Name>
                    <structure:Parent>
                        <Ref id="CHE"/>
                    </structure:Parent>
                </structure:Code>
                <structure:Code id="CH051">
                    <common:Annotations>
                        <common:Annotation>
                            <common:AnnotationType>ORDER</common:AnnotationType>
                            <common:AnnotationText xml:lang="en">23910</common:AnnotationText>
                            <common:AnnotationText xml:lang="fr">23910</common:AnnotationText>
                        </common:Annotation>
                    </common:Annotations>
                    <common:Name xml:lang="en">Glarus</common:Name>
                    <common:Name xml:lang="fr">Glarus</common:Name>
                    <structure:Parent>
                        <Ref id="CH05"/>
                    </structure:Parent>
                </structure:Code>
                <structure:Code id="CH052">
                    <common:Annotations>
                        <common:Annotation>
                            <common:AnnotationType>ORDER</common:AnnotationType>
                            <common:AnnotationText xml:lang="en">23920</common:AnnotationText>
                            <common:AnnotationText xml:lang="fr">23920</common:AnnotationText>
                        </common:Annotation>
                    </common:Annotations>
                    <common:Name xml:lang="en">Schaffhausen</common:Name>
                    <common:Name xml:lang="fr">Schaffhausen</common:Name>
                    <structure:Parent>
                        <Ref id="CH05"/>
                    </structure:Parent>
                </structure:Code>
                <structure:Code id="CH053">
                    <common:Annotations>
                        <common:Annotation>
                            <common:AnnotationType>ORDER</common:AnnotationType>
                            <common:AnnotationText xml:lang="en">23930</common:AnnotationText>
                            <common:AnnotationText xml:lang="fr">23930</common:AnnotationText>
                        </common:Annotation>
                    </common:Annotations>
                    <common:Name xml:lang="en">Appenzell Ausserrhoden</common:Name>
                    <common:Name xml:lang="fr">Appenzell Ausserrhoden</common:Name>
                    <structure:Parent>
                        <Ref id="CH05"/>
                    </structure:Parent>
                </structure:Code>
                <structure:Code id="CH054">
                    <common:Annotations>
                        <common:Annotation>
                            <common:AnnotationType>ORDER</common:AnnotationType>
                            <common:AnnotationText xml:lang="en">23940</common:AnnotationText>
                            <common:AnnotationText xml:lang="fr">23940</common:AnnotationText>
                        </common:Annotation>
                    </common:Annotations>
                    <common:Name xml:lang="en">Appenzell Innerrhoden</common:Name>
                    <common:Name xml:lang="fr">Appenzell Innerrhoden</common:Name>
                    <structure:Parent>
                        <Ref id="CH05"/>
                    </structure:Parent>
                </structure:Code>
                <structure:Code id="CH055">
                    <common:Annotations>
                        <common:Annotation>
                            <common:AnnotationType>ORDER</common:AnnotationType>
                            <common:AnnotationText xml:lang="en">23950</common:AnnotationText>
                            <common:AnnotationText xml:lang="fr">23950</common:AnnotationText>
                        </common:Annotation>
                    </common:Annotations>
                    <common:Name xml:lang="en">St. Gallen</common:Name>
                    <common:Name xml:lang="fr">St. Gallen</common:Name>
                    <structure:Parent>
                        <Ref id="CH05"/>
                    </structure:Parent>
                </structure:Code>
                <structure:Code id="CH056">
                    <common:Annotations>
                        <common:Annotation>
                            <common:AnnotationType>ORDER</common:AnnotationType>
                            <common:AnnotationText xml:lang="en">23960</common:AnnotationText>
                            <common:AnnotationText xml:lang="fr">23960</common:AnnotationText>
                        </common:Annotation>
                    </common:Annotations>
                    <common:Name xml:lang="en">Graubünden</common:Name>
                    <common:Name xml:lang="fr">Graubünden</common:Name>
                    <structure:Parent>
                        <Ref id="CH05"/>
                    </structure:Parent>
                </structure:Code>
                <structure:Code id="CH057">
                    <common:Annotations>
                        <common:Annotation>
                            <common:AnnotationType>ORDER</common:AnnotationType>
                            <common:AnnotationText xml:lang="en">23970</common:AnnotationText>
                            <common:AnnotationText xml:lang="fr">23970</common:AnnotationText>
                        </common:Annotation>
                    </common:Annotations>
                    <common:Name xml:lang="en">Thurgau</common:Name>
                    <common:Name xml:lang="fr">Thurgau</common:Name>
                    <structure:Parent>
                        <Ref id="CH05"/>
                    </structure:Parent>
                </structure:Code>
                <structure:Code id="CH06">
                    <common:Annotations>
                        <common:Annotation>
                            <common:AnnotationType>ORDER</common:AnnotationType>
                            <common:AnnotationText xml:lang="en">23980</common:AnnotationText>
                            <common:AnnotationText xml:lang="fr">23980</common:AnnotationText>
                        </common:Annotation>
                    </common:Annotations>
                    <common:Name xml:lang="en">Central Switzerland</common:Name>
                    <common:Name xml:lang="fr">Central Switzerland</common:Name>
                    <structure:Parent>
                        <Ref id="CHE"/>
                    </structure:Parent>
                </structure:Code>
                <structure:Code id="CH061">
                    <common:Annotations>
                        <common:Annotation>
                            <common:AnnotationType>ORDER</common:AnnotationType>
                            <common:AnnotationText xml:lang="en">23990</common:AnnotationText>
                            <common:AnnotationText xml:lang="fr">23990</common:AnnotationText>
                        </common:Annotation>
                    </common:Annotations>
                    <common:Name xml:lang="en">Lucerne</common:Name>
                    <common:Name xml:lang="fr">Lucerne</common:Name>
                    <structure:Parent>
                        <Ref id="CH06"/>
                    </structure:Parent>
                </structure:Code>
                <structure:Code id="CH062">
                    <common:Annotations>
                        <common:Annotation>
                            <common:AnnotationType>ORDER</common:AnnotationType>
                            <common:AnnotationText xml:lang="en">24000</common:AnnotationText>
                            <common:AnnotationText xml:lang="fr">24000</common:AnnotationText>
                        </common:Annotation>
                    </common:Annotations>
                    <common:Name xml:lang="en">Uri</common:Name>
                    <common:Name xml:lang="fr">Uri</common:Name>
                    <structure:Parent>
                        <Ref id="CH06"/>
                    </structure:Parent>
                </structure:Code>
                <structure:Code id="CH063">
                    <common:Annotations>
                        <common:Annotation>
                            <common:AnnotationType>ORDER</common:AnnotationType>
                            <common:AnnotationText xml:lang="en">24010</common:AnnotationText>
                            <common:AnnotationText xml:lang="fr">24010</common:AnnotationText>
                        </common:Annotation>
                    </common:Annotations>
                    <common:Name xml:lang="en">Schwyz</common:Name>
                    <common:Name xml:lang="fr">Schwyz</common:Name>
                    <structure:Parent>
                        <Ref id="CH06"/>
                    </structure:Parent>
                </structure:Code>
                <structure:Code id="CH064">
                    <common:Annotations>
                        <common:Annotation>
                            <common:AnnotationType>ORDER</common:AnnotationType>
                            <common:AnnotationText xml:lang="en">24020</common:AnnotationText>
                            <common:AnnotationText xml:lang="fr">24020</common:AnnotationText>
                        </common:Annotation>
                    </common:Annotations>
                    <common:Name xml:lang="en">Obwalden</common:Name>
                    <common:Name xml:lang="fr">Obwalden</common:Name>
                    <structure:Parent>
                        <Ref id="CH06"/>
                    </structure:Parent>
                </structure:Code>
                <structure:Code id="CH065">
                    <common:Annotations>
                        <common:Annotation>
                            <common:AnnotationType>ORDER</common:AnnotationType>
                            <common:AnnotationText xml:lang="en">24030</common:AnnotationText>
                            <common:AnnotationText xml:lang="fr">24030</common:AnnotationText>
                        </common:Annotation>
                    </common:Annotations>
                    <common:Name xml:lang="en">Nidwalden</common:Name>
                    <common:Name xml:lang="fr">Nidwalden</common:Name>
                    <structure:Parent>
                        <Ref id="CH06"/>
                    </structure:Parent>
                </structure:Code>
                <structure:Code id="CH066">
                    <common:Annotations>
                        <common:Annotation>
                            <common:AnnotationType>ORDER</common:AnnotationType>
                            <common:AnnotationText xml:lang="en">24040</common:AnnotationText>
                            <common:AnnotationText xml:lang="fr">24040</common:AnnotationText>
                        </common:Annotation>
                    </common:Annotations>
                    <common:Name xml:lang="en">Zug</common:Name>
                    <common:Name xml:lang="fr">Zug</common:Name>
                    <structure:Parent>
                        <Ref id="CH06"/>
                    </structure:Parent>
                </structure:Code>
                <structure:Code id="CH07">
                    <common:Annotations>
                        <common:Annotation>
                            <common:AnnotationType>ORDER</common:AnnotationType>
                            <common:AnnotationText xml:lang="en">24050</common:AnnotationText>
                            <common:AnnotationText xml:lang="fr">24050</common:AnnotationText>
                        </common:Annotation>
                    </common:Annotations>
                    <common:Name xml:lang="en">Ticino</common:Name>
                    <common:Name xml:lang="fr">Ticino</common:Name>
                    <structure:Parent>
                        <Ref id="CHE"/>
                    </structure:Parent>
                </structure:Code>
                <structure:Code id="CH070">
                    <common:Annotations>
                        <common:Annotation>
                            <common:AnnotationType>ORDER</common:AnnotationType>
                            <common:AnnotationText xml:lang="en">24060</common:AnnotationText>
                            <common:AnnotationText xml:lang="fr">24060</common:AnnotationText>
                        </common:Annotation>
                    </common:Annotations>
                    <common:Name xml:lang="en">Ticino</common:Name>
                    <common:Name xml:lang="fr">Ticino</common:Name>
                    <structure:Parent>
                        <Ref id="CH07"/>
                    </structure:Parent>
                </structure:Code>
                <structure:Code id="TUR">
                    <common:Annotations>
                        <common:Annotation>
                            <common:AnnotationType>ORDER</common:AnnotationType>
                            <common:AnnotationText xml:lang="en">24070</common:AnnotationText>
                            <common:AnnotationText xml:lang="fr">24070</common:AnnotationText>
                        </common:Annotation>
                    </common:Annotations>
                    <common:Name xml:lang="en">Turkey</common:Name>
                    <common:Name xml:lang="fr">Turquie</common:Name>
                </structure:Code>
                <structure:Code id="TR10">
                    <common:Annotations>
                        <common:Annotation>
                            <common:AnnotationType>ORDER</common:AnnotationType>
                            <common:AnnotationText xml:lang="en">24080</common:AnnotationText>
                            <common:AnnotationText xml:lang="fr">24080</common:AnnotationText>
                        </common:Annotation>
                    </common:Annotations>
                    <common:Name xml:lang="en">Istanbul</common:Name>
                    <common:Name xml:lang="fr">Istanbul</common:Name>
                    <structure:Parent>
                        <Ref id="TUR"/>
                    </structure:Parent>
                </structure:Code>
                <structure:Code id="TR100">
                    <common:Annotations>
                        <common:Annotation>
                            <common:AnnotationType>ORDER</common:AnnotationType>
                            <common:AnnotationText xml:lang="en">24090</common:AnnotationText>
                            <common:AnnotationText xml:lang="fr">24090</common:AnnotationText>
                        </common:Annotation>
                    </common:Annotations>
                    <common:Name xml:lang="en">Istanbul</common:Name>
                    <common:Name xml:lang="fr">Istanbul</common:Name>
                    <structure:Parent>
                        <Ref id="TR10"/>
                    </structure:Parent>
                </structure:Code>
                <structure:Code id="TR21">
                    <common:Annotations>
                        <common:Annotation>
                            <common:AnnotationType>ORDER</common:AnnotationType>
                            <common:AnnotationText xml:lang="en">24100</common:AnnotationText>
                            <common:AnnotationText xml:lang="fr">24100</common:AnnotationText>
                        </common:Annotation>
                    </common:Annotations>
                    <common:Name xml:lang="en">Thrace</common:Name>
                    <common:Name xml:lang="fr">Thrace</common:Name>
                    <structure:Parent>
                        <Ref id="TUR"/>
                    </structure:Parent>
                </structure:Code>
                <structure:Code id="TR211">
                    <common:Annotations>
                        <common:Annotation>
                            <common:AnnotationType>ORDER</common:AnnotationType>
                            <common:AnnotationText xml:lang="en">24110</common:AnnotationText>
                            <common:AnnotationText xml:lang="fr">24110</common:AnnotationText>
                        </common:Annotation>
                    </common:Annotations>
                    <common:Name xml:lang="en">Tekirdag</common:Name>
                    <common:Name xml:lang="fr">Tekirdag</common:Name>
                    <structure:Parent>
                        <Ref id="TR21"/>
                    </structure:Parent>
                </structure:Code>
                <structure:Code id="TR212">
                    <common:Annotations>
                        <common:Annotation>
                            <common:AnnotationType>ORDER</common:AnnotationType>
                            <common:AnnotationText xml:lang="en">24120</common:AnnotationText>
                            <common:AnnotationText xml:lang="fr">24120</common:AnnotationText>
                        </common:Annotation>
                    </common:Annotations>
                    <common:Name xml:lang="en">Edirne</common:Name>
                    <common:Name xml:lang="fr">Edirne</common:Name>
                    <structure:Parent>
                        <Ref id="TR21"/>
                    </structure:Parent>
                </structure:Code>
                <structure:Code id="TR213">
                    <common:Annotations>
                        <common:Annotation>
                            <common:AnnotationType>ORDER</common:AnnotationType>
                            <common:AnnotationText xml:lang="en">24130</common:AnnotationText>
                            <common:AnnotationText xml:lang="fr">24130</common:AnnotationText>
                        </common:Annotation>
                    </common:Annotations>
                    <common:Name xml:lang="en">Kirklareli</common:Name>
                    <common:Name xml:lang="fr">Kirklareli</common:Name>
                    <structure:Parent>
                        <Ref id="TR21"/>
                    </structure:Parent>
                </structure:Code>
                <structure:Code id="TR22">
                    <common:Annotations>
                        <common:Annotation>
                            <common:AnnotationType>ORDER</common:AnnotationType>
                            <common:AnnotationText xml:lang="en">24140</common:AnnotationText>
                            <common:AnnotationText xml:lang="fr">24140</common:AnnotationText>
                        </common:Annotation>
                    </common:Annotations>
                    <common:Name xml:lang="en">Southern Marmara - West</common:Name>
                    <common:Name xml:lang="fr">Southern Marmara - West</common:Name>
                    <structure:Parent>
                        <Ref id="TUR"/>
                    </structure:Parent>
                </structure:Code>
                <structure:Code id="TR221">
                    <common:Annotations>
                        <common:Annotation>
                            <common:AnnotationType>ORDER</common:AnnotationType>
                            <common:AnnotationText xml:lang="en">24150</common:AnnotationText>
                            <common:AnnotationText xml:lang="fr">24150</common:AnnotationText>
                        </common:Annotation>
                    </common:Annotations>
                    <common:Name xml:lang="en">Balikesir</common:Name>
                    <common:Name xml:lang="fr">Balikesir</common:Name>
                    <structure:Parent>
                        <Ref id="TR22"/>
                    </structure:Parent>
                </structure:Code>
                <structure:Code id="TR222">
                    <common:Annotations>
                        <common:Annotation>
                            <common:AnnotationType>ORDER</common:AnnotationType>
                            <common:AnnotationText xml:lang="en">24160</common:AnnotationText>
                            <common:AnnotationText xml:lang="fr">24160</common:AnnotationText>
                        </common:Annotation>
                    </common:Annotations>
                    <common:Name xml:lang="en">Çanakkale</common:Name>
                    <common:Name xml:lang="fr">Çanakkale</common:Name>
                    <structure:Parent>
                        <Ref id="TR22"/>
                    </structure:Parent>
                </structure:Code>
                <structure:Code id="TR31">
                    <common:Annotations>
                        <common:Annotation>
                            <common:AnnotationType>ORDER</common:AnnotationType>
                            <common:AnnotationText xml:lang="en">24170</common:AnnotationText>
                            <common:AnnotationText xml:lang="fr">24170</common:AnnotationText>
                        </common:Annotation>
                    </common:Annotations>
                    <common:Name xml:lang="en">Izmir</common:Name>
                    <common:Name xml:lang="fr">Izmir</common:Name>
                    <structure:Parent>
                        <Ref id="TUR"/>
                    </structure:Parent>
                </structure:Code>
                <structure:Code id="TR310">
                    <common:Annotations>
                        <common:Annotation>
                            <common:AnnotationType>ORDER</common:AnnotationType>
                            <common:AnnotationText xml:lang="en">24180</common:AnnotationText>
                            <common:AnnotationText xml:lang="fr">24180</common:AnnotationText>
                        </common:Annotation>
                    </common:Annotations>
                    <common:Name xml:lang="en">Izmir</common:Name>
                    <common:Name xml:lang="fr">Izmir</common:Name>
                    <structure:Parent>
                        <Ref id="TR31"/>
                    </structure:Parent>
                </structure:Code>
                <structure:Code id="TR32">
                    <common:Annotations>
                        <common:Annotation>
                            <common:AnnotationType>ORDER</common:AnnotationType>
                            <common:AnnotationText xml:lang="en">24190</common:AnnotationText>
                            <common:AnnotationText xml:lang="fr">24190</common:AnnotationText>
                        </common:Annotation>
                    </common:Annotations>
                    <common:Name xml:lang="en">Southern Aegean</common:Name>
                    <common:Name xml:lang="fr">Southern Aegean</common:Name>
                    <structure:Parent>
                        <Ref id="TUR"/>
                    </structure:Parent>
                </structure:Code>
                <structure:Code id="TR321">
                    <common:Annotations>
                        <common:Annotation>
                            <common:AnnotationType>ORDER</common:AnnotationType>
                            <common:AnnotationText xml:lang="en">24200</common:AnnotationText>
                            <common:AnnotationText xml:lang="fr">24200</common:AnnotationText>
                        </common:Annotation>
                    </common:Annotations>
                    <common:Name xml:lang="en">Aydin</common:Name>
                    <common:Name xml:lang="fr">Aydin</common:Name>
                    <structure:Parent>
                        <Ref id="TR32"/>
                    </structure:Parent>
                </structure:Code>
                <structure:Code id="TR322">
                    <common:Annotations>
                        <common:Annotation>
                            <common:AnnotationType>ORDER</common:AnnotationType>
                            <common:AnnotationText xml:lang="en">24210</common:AnnotationText>
                            <common:AnnotationText xml:lang="fr">24210</common:AnnotationText>
                        </common:Annotation>
                    </common:Annotations>
                    <common:Name xml:lang="en">Denizli</common:Name>
                    <common:Name xml:lang="fr">Denizli</common:Name>
                    <structure:Parent>
                        <Ref id="TR32"/>
                    </structure:Parent>
                </structure:Code>
                <structure:Code id="TR323">
                    <common:Annotations>
                        <common:Annotation>
                            <common:AnnotationType>ORDER</common:AnnotationType>
                            <common:AnnotationText xml:lang="en">24220</common:AnnotationText>
                            <common:AnnotationText xml:lang="fr">24220</common:AnnotationText>
                        </common:Annotation>
                    </common:Annotations>
                    <common:Name xml:lang="en">Mugla</common:Name>
                    <common:Name xml:lang="fr">Mugla</common:Name>
                    <structure:Parent>
                        <Ref id="TR32"/>
                    </structure:Parent>
                </structure:Code>
                <structure:Code id="TR33">
                    <common:Annotations>
                        <common:Annotation>
                            <common:AnnotationType>ORDER</common:AnnotationType>
                            <common:AnnotationText xml:lang="en">24230</common:AnnotationText>
                            <common:AnnotationText xml:lang="fr">24230</common:AnnotationText>
                        </common:Annotation>
                    </common:Annotations>
                    <common:Name xml:lang="en">Northern Aegean</common:Name>
                    <common:Name xml:lang="fr">Northern Aegean</common:Name>
                    <structure:Parent>
                        <Ref id="TUR"/>
                    </structure:Parent>
                </structure:Code>
                <structure:Code id="TR331">
                    <common:Annotations>
                        <common:Annotation>
                            <common:AnnotationType>ORDER</common:AnnotationType>
                            <common:AnnotationText xml:lang="en">24240</common:AnnotationText>
                            <common:AnnotationText xml:lang="fr">24240</common:AnnotationText>
                        </common:Annotation>
                    </common:Annotations>
                    <common:Name xml:lang="en">Manisa</common:Name>
                    <common:Name xml:lang="fr">Manisa</common:Name>
                    <structure:Parent>
                        <Ref id="TR33"/>
                    </structure:Parent>
                </structure:Code>
                <structure:Code id="TR332">
                    <common:Annotations>
                        <common:Annotation>
                            <common:AnnotationType>ORDER</common:AnnotationType>
                            <common:AnnotationText xml:lang="en">24250</common:AnnotationText>
                            <common:AnnotationText xml:lang="fr">24250</common:AnnotationText>
                        </common:Annotation>
                    </common:Annotations>
                    <common:Name xml:lang="en">Afyon</common:Name>
                    <common:Name xml:lang="fr">Afyon</common:Name>
                    <structure:Parent>
                        <Ref id="TR33"/>
                    </structure:Parent>
                </structure:Code>
                <structure:Code id="TR333">
                    <common:Annotations>
                        <common:Annotation>
                            <common:AnnotationType>ORDER</common:AnnotationType>
                            <common:AnnotationText xml:lang="en">24260</common:AnnotationText>
                            <common:AnnotationText xml:lang="fr">24260</common:AnnotationText>
                        </common:Annotation>
                    </common:Annotations>
                    <common:Name xml:lang="en">Kütahya</common:Name>
                    <common:Name xml:lang="fr">Kütahya</common:Name>
                    <structure:Parent>
                        <Ref id="TR33"/>
                    </structure:Parent>
                </structure:Code>
                <structure:Code id="TR334">
                    <common:Annotations>
                        <common:Annotation>
                            <common:AnnotationType>ORDER</common:AnnotationType>
                            <common:AnnotationText xml:lang="en">24270</common:AnnotationText>
                            <common:AnnotationText xml:lang="fr">24270</common:AnnotationText>
                        </common:Annotation>
                    </common:Annotations>
                    <common:Name xml:lang="en">Usak</common:Name>
                    <common:Name xml:lang="fr">Usak</common:Name>
                    <structure:Parent>
                        <Ref id="TR33"/>
                    </structure:Parent>
                </structure:Code>
                <structure:Code id="TR41">
                    <common:Annotations>
                        <common:Annotation>
                            <common:AnnotationType>ORDER</common:AnnotationType>
                            <common:AnnotationText xml:lang="en">24280</common:AnnotationText>
                            <common:AnnotationText xml:lang="fr">24280</common:AnnotationText>
                        </common:Annotation>
                    </common:Annotations>
                    <common:Name xml:lang="en">Eastern Marmara - South</common:Name>
                    <common:Name xml:lang="fr">Eastern Marmara - South</common:Name>
                    <structure:Parent>
                        <Ref id="TUR"/>
                    </structure:Parent>
                </structure:Code>
                <structure:Code id="TR411">
                    <common:Annotations>
                        <common:Annotation>
                            <common:AnnotationType>ORDER</common:AnnotationType>
                            <common:AnnotationText xml:lang="en">24290</common:AnnotationText>
                            <common:AnnotationText xml:lang="fr">24290</common:AnnotationText>
                        </common:Annotation>
                    </common:Annotations>
                    <common:Name xml:lang="en">Bursa</common:Name>
                    <common:Name xml:lang="fr">Bursa</common:Name>
                    <structure:Parent>
                        <Ref id="TR41"/>
                    </structure:Parent>
                </structure:Code>
                <structure:Code id="TR412">
                    <common:Annotations>
                        <common:Annotation>
                            <common:AnnotationType>ORDER</common:AnnotationType>
                            <common:AnnotationText xml:lang="en">24300</common:AnnotationText>
                            <common:AnnotationText xml:lang="fr">24300</common:AnnotationText>
                        </common:Annotation>
                    </common:Annotations>
                    <common:Name xml:lang="en">Eskisehir</common:Name>
                    <common:Name xml:lang="fr">Eskisehir</common:Name>
                    <structure:Parent>
                        <Ref id="TR41"/>
                    </structure:Parent>
                </structure:Code>
                <structure:Code id="TR413">
                    <common:Annotations>
                        <common:Annotation>
                            <common:AnnotationType>ORDER</common:AnnotationType>
                            <common:AnnotationText xml:lang="en">24310</common:AnnotationText>
                            <common:AnnotationText xml:lang="fr">24310</common:AnnotationText>
                        </common:Annotation>
                    </common:Annotations>
                    <common:Name xml:lang="en">Bilecik</common:Name>
                    <common:Name xml:lang="fr">Bilecik</common:Name>
                    <structure:Parent>
                        <Ref id="TR41"/>
                    </structure:Parent>
                </structure:Code>
                <structure:Code id="TR42">
                    <common:Annotations>
                        <common:Annotation>
                            <common:AnnotationType>ORDER</common:AnnotationType>
                            <common:AnnotationText xml:lang="en">24320</common:AnnotationText>
                            <common:AnnotationText xml:lang="fr">24320</common:AnnotationText>
                        </common:Annotation>
                    </common:Annotations>
                    <common:Name xml:lang="en">Eastern Marmara - North</common:Name>
                    <common:Name xml:lang="fr">Eastern Marmara - North</common:Name>
                    <structure:Parent>
                        <Ref id="TUR"/>
                    </structure:Parent>
                </structure:Code>
                <structure:Code id="TR421">
                    <common:Annotations>
                        <common:Annotation>
                            <common:AnnotationType>ORDER</common:AnnotationType>
                            <common:AnnotationText xml:lang="en">24330</common:AnnotationText>
                            <common:AnnotationText xml:lang="fr">24330</common:AnnotationText>
                        </common:Annotation>
                    </common:Annotations>
                    <common:Name xml:lang="en">Kocaeli</common:Name>
                    <common:Name xml:lang="fr">Kocaeli</common:Name>
                    <structure:Parent>
                        <Ref id="TR42"/>
                    </structure:Parent>
                </structure:Code>
                <structure:Code id="TR422">
                    <common:Annotations>
                        <common:Annotation>
                            <common:AnnotationType>ORDER</common:AnnotationType>
                            <common:AnnotationText xml:lang="en">24340</common:AnnotationText>
                            <common:AnnotationText xml:lang="fr">24340</common:AnnotationText>
                        </common:Annotation>
                    </common:Annotations>
                    <common:Name xml:lang="en">Sakarya</common:Name>
                    <common:Name xml:lang="fr">Sakarya</common:Name>
                    <structure:Parent>
                        <Ref id="TR42"/>
                    </structure:Parent>
                </structure:Code>
                <structure:Code id="TR423">
                    <common:Annotations>
                        <common:Annotation>
                            <common:AnnotationType>ORDER</common:AnnotationType>
                            <common:AnnotationText xml:lang="en">24350</common:AnnotationText>
                            <common:AnnotationText xml:lang="fr">24350</common:AnnotationText>
                        </common:Annotation>
                    </common:Annotations>
                    <common:Name xml:lang="en">Düzce</common:Name>
                    <common:Name xml:lang="fr">Düzce</common:Name>
                    <structure:Parent>
                        <Ref id="TR42"/>
                    </structure:Parent>
                </structure:Code>
                <structure:Code id="TR424">
                    <common:Annotations>
                        <common:Annotation>
                            <common:AnnotationType>ORDER</common:AnnotationType>
                            <common:AnnotationText xml:lang="en">24360</common:AnnotationText>
                            <common:AnnotationText xml:lang="fr">24360</common:AnnotationText>
                        </common:Annotation>
                    </common:Annotations>
                    <common:Name xml:lang="en">Bolu</common:Name>
                    <common:Name xml:lang="fr">Bolu</common:Name>
                    <structure:Parent>
                        <Ref id="TR42"/>
                    </structure:Parent>
                </structure:Code>
                <structure:Code id="TR425">
                    <common:Annotations>
                        <common:Annotation>
                            <common:AnnotationType>ORDER</common:AnnotationType>
                            <common:AnnotationText xml:lang="en">24370</common:AnnotationText>
                            <common:AnnotationText xml:lang="fr">24370</common:AnnotationText>
                        </common:Annotation>
                    </common:Annotations>
                    <common:Name xml:lang="en">Yalova</common:Name>
                    <common:Name xml:lang="fr">Yalova</common:Name>
                    <structure:Parent>
                        <Ref id="TR42"/>
                    </structure:Parent>
                </structure:Code>
                <structure:Code id="TR51">
                    <common:Annotations>
                        <common:Annotation>
                            <common:AnnotationType>ORDER</common:AnnotationType>
                            <common:AnnotationText xml:lang="en">24380</common:AnnotationText>
                            <common:AnnotationText xml:lang="fr">24380</common:AnnotationText>
                        </common:Annotation>
                    </common:Annotations>
                    <common:Name xml:lang="en">Ankara</common:Name>
                    <common:Name xml:lang="fr">Ankara</common:Name>
                    <structure:Parent>
                        <Ref id="TUR"/>
                    </structure:Parent>
                </structure:Code>
                <structure:Code id="TR510">
                    <common:Annotations>
                        <common:Annotation>
                            <common:AnnotationType>ORDER</common:AnnotationType>
                            <common:AnnotationText xml:lang="en">24390</common:AnnotationText>
                            <common:AnnotationText xml:lang="fr">24390</common:AnnotationText>
                        </common:Annotation>
                    </common:Annotations>
                    <common:Name xml:lang="en">Ankara</common:Name>
                    <common:Name xml:lang="fr">Ankara</common:Name>
                    <structure:Parent>
                        <Ref id="TR51"/>
                    </structure:Parent>
                </structure:Code>
                <structure:Code id="TR52">
                    <common:Annotations>
                        <common:Annotation>
                            <common:AnnotationType>ORDER</common:AnnotationType>
                            <common:AnnotationText xml:lang="en">24400</common:AnnotationText>
                            <common:AnnotationText xml:lang="fr">24400</common:AnnotationText>
                        </common:Annotation>
                    </common:Annotations>
                    <common:Name xml:lang="en">Central Anatolia - West and South</common:Name>
                    <common:Name xml:lang="fr">Central Anatolia - West and South</common:Name>
                    <structure:Parent>
                        <Ref id="TUR"/>
                    </structure:Parent>
                </structure:Code>
                <structure:Code id="TR521">
                    <common:Annotations>
                        <common:Annotation>
                            <common:AnnotationType>ORDER</common:AnnotationType>
                            <common:AnnotationText xml:lang="en">24410</common:AnnotationText>
                            <common:AnnotationText xml:lang="fr">24410</common:AnnotationText>
                        </common:Annotation>
                    </common:Annotations>
                    <common:Name xml:lang="en">Konya</common:Name>
                    <common:Name xml:lang="fr">Konya</common:Name>
                    <structure:Parent>
                        <Ref id="TR52"/>
                    </structure:Parent>
                </structure:Code>
                <structure:Code id="TR522">
                    <common:Annotations>
                        <common:Annotation>
                            <common:AnnotationType>ORDER</common:AnnotationType>
                            <common:AnnotationText xml:lang="en">24420</common:AnnotationText>
                            <common:AnnotationText xml:lang="fr">24420</common:AnnotationText>
                        </common:Annotation>
                    </common:Annotations>
                    <common:Name xml:lang="en">Karaman</common:Name>
                    <common:Name xml:lang="fr">Karaman</common:Name>
                    <structure:Parent>
                        <Ref id="TR52"/>
                    </structure:Parent>
                </structure:Code>
                <structure:Code id="TR61">
                    <common:Annotations>
                        <common:Annotation>
                            <common:AnnotationType>ORDER</common:AnnotationType>
                            <common:AnnotationText xml:lang="en">24430</common:AnnotationText>
                            <common:AnnotationText xml:lang="fr">24430</common:AnnotationText>
                        </common:Annotation>
                    </common:Annotations>
                    <common:Name xml:lang="en">Mediterranean region - West</common:Name>
                    <common:Name xml:lang="fr">Mediterranean region - West</common:Name>
                    <structure:Parent>
                        <Ref id="TUR"/>
                    </structure:Parent>
                </structure:Code>
                <structure:Code id="TR611">
                    <common:Annotations>
                        <common:Annotation>
                            <common:AnnotationType>ORDER</common:AnnotationType>
                            <common:AnnotationText xml:lang="en">24440</common:AnnotationText>
                            <common:AnnotationText xml:lang="fr">24440</common:AnnotationText>
                        </common:Annotation>
                    </common:Annotations>
                    <common:Name xml:lang="en">Antalya</common:Name>
                    <common:Name xml:lang="fr">Antalya</common:Name>
                    <structure:Parent>
                        <Ref id="TR61"/>
                    </structure:Parent>
                </structure:Code>
                <structure:Code id="TR612">
                    <common:Annotations>
                        <common:Annotation>
                            <common:AnnotationType>ORDER</common:AnnotationType>
                            <common:AnnotationText xml:lang="en">24450</common:AnnotationText>
                            <common:AnnotationText xml:lang="fr">24450</common:AnnotationText>
                        </common:Annotation>
                    </common:Annotations>
                    <common:Name xml:lang="en">Isparta</common:Name>
                    <common:Name xml:lang="fr">Isparta</common:Name>
                    <structure:Parent>
                        <Ref id="TR61"/>
                    </structure:Parent>
                </structure:Code>
                <structure:Code id="TR613">
                    <common:Annotations>
                        <common:Annotation>
                            <common:AnnotationType>ORDER</common:AnnotationType>
                            <common:AnnotationText xml:lang="en">24460</common:AnnotationText>
                            <common:AnnotationText xml:lang="fr">24460</common:AnnotationText>
                        </common:Annotation>
                    </common:Annotations>
                    <common:Name xml:lang="en">Burdur</common:Name>
                    <common:Name xml:lang="fr">Burdur</common:Name>
                    <structure:Parent>
                        <Ref id="TR61"/>
                    </structure:Parent>
                </structure:Code>
                <structure:Code id="TR62">
                    <common:Annotations>
                        <common:Annotation>
                            <common:AnnotationType>ORDER</common:AnnotationType>
                            <common:AnnotationText xml:lang="en">24470</common:AnnotationText>
                            <common:AnnotationText xml:lang="fr">24470</common:AnnotationText>
                        </common:Annotation>
                    </common:Annotations>
                    <common:Name xml:lang="en">Mediterranean region - Middle</common:Name>
                    <common:Name xml:lang="fr">Mediterranean region - Middle</common:Name>
                    <structure:Parent>
                        <Ref id="TUR"/>
                    </structure:Parent>
                </structure:Code>
                <structure:Code id="TR621">
                    <common:Annotations>
                        <common:Annotation>
                            <common:AnnotationType>ORDER</common:AnnotationType>
                            <common:AnnotationText xml:lang="en">24480</common:AnnotationText>
                            <common:AnnotationText xml:lang="fr">24480</common:AnnotationText>
                        </common:Annotation>
                    </common:Annotations>
                    <common:Name xml:lang="en">Adana</common:Name>
                    <common:Name xml:lang="fr">Adana</common:Name>
                    <structure:Parent>
                        <Ref id="TR62"/>
                    </structure:Parent>
                </structure:Code>
                <structure:Code id="TR622">
                    <common:Annotations>
                        <common:Annotation>
                            <common:AnnotationType>ORDER</common:AnnotationType>
                            <common:AnnotationText xml:lang="en">24490</common:AnnotationText>
                            <common:AnnotationText xml:lang="fr">24490</common:AnnotationText>
                        </common:Annotation>
                    </common:Annotations>
                    <common:Name xml:lang="en">Mersin</common:Name>
                    <common:Name xml:lang="fr">Mersin</common:Name>
                    <structure:Parent>
                        <Ref id="TR62"/>
                    </structure:Parent>
                </structure:Code>
                <structure:Code id="TR63">
                    <common:Annotations>
                        <common:Annotation>
                            <common:AnnotationType>ORDER</common:AnnotationType>
                            <common:AnnotationText xml:lang="en">24500</common:AnnotationText>
                            <common:AnnotationText xml:lang="fr">24500</common:AnnotationText>
                        </common:Annotation>
                    </common:Annotations>
                    <common:Name xml:lang="en">Mediterranean region - East</common:Name>
                    <common:Name xml:lang="fr">Mediterranean region - East</common:Name>
                    <structure:Parent>
                        <Ref id="TUR"/>
                    </structure:Parent>
                </structure:Code>
                <structure:Code id="TR631">
                    <common:Annotations>
                        <common:Annotation>
                            <common:AnnotationType>ORDER</common:AnnotationType>
                            <common:AnnotationText xml:lang="en">24510</common:AnnotationText>
                            <common:AnnotationText xml:lang="fr">24510</common:AnnotationText>
                        </common:Annotation>
                    </common:Annotations>
                    <common:Name xml:lang="en">Hatay</common:Name>
                    <common:Name xml:lang="fr">Hatay</common:Name>
                    <structure:Parent>
                        <Ref id="TR63"/>
                    </structure:Parent>
                </structure:Code>
                <structure:Code id="TR632">
                    <common:Annotations>
                        <common:Annotation>
                            <common:AnnotationType>ORDER</common:AnnotationType>
                            <common:AnnotationText xml:lang="en">24520</common:AnnotationText>
                            <common:AnnotationText xml:lang="fr">24520</common:AnnotationText>
                        </common:Annotation>
                    </common:Annotations>
                    <common:Name xml:lang="en">Kahramanmaras</common:Name>
                    <common:Name xml:lang="fr">Kahramanmaras</common:Name>
                    <structure:Parent>
                        <Ref id="TR63"/>
                    </structure:Parent>
                </structure:Code>
                <structure:Code id="TR633">
                    <common:Annotations>
                        <common:Annotation>
                            <common:AnnotationType>ORDER</common:AnnotationType>
                            <common:AnnotationText xml:lang="en">24530</common:AnnotationText>
                            <common:AnnotationText xml:lang="fr">24530</common:AnnotationText>
                        </common:Annotation>
                    </common:Annotations>
                    <common:Name xml:lang="en">Osmaniye</common:Name>
                    <common:Name xml:lang="fr">Osmaniye</common:Name>
                    <structure:Parent>
                        <Ref id="TR63"/>
                    </structure:Parent>
                </structure:Code>
                <structure:Code id="TR71">
                    <common:Annotations>
                        <common:Annotation>
                            <common:AnnotationType>ORDER</common:AnnotationType>
                            <common:AnnotationText xml:lang="en">24540</common:AnnotationText>
                            <common:AnnotationText xml:lang="fr">24540</common:AnnotationText>
                        </common:Annotation>
                    </common:Annotations>
                    <common:Name xml:lang="en">Central Anatolia - Middle</common:Name>
                    <common:Name xml:lang="fr">Central Anatolia - Middle</common:Name>
                    <structure:Parent>
                        <Ref id="TUR"/>
                    </structure:Parent>
                </structure:Code>
                <structure:Code id="TR711">
                    <common:Annotations>
                        <common:Annotation>
                            <common:AnnotationType>ORDER</common:AnnotationType>
                            <common:AnnotationText xml:lang="en">24550</common:AnnotationText>
                            <common:AnnotationText xml:lang="fr">24550</common:AnnotationText>
                        </common:Annotation>
                    </common:Annotations>
                    <common:Name xml:lang="en">Kirikkale</common:Name>
                    <common:Name xml:lang="fr">Kirikkale</common:Name>
                    <structure:Parent>
                        <Ref id="TR71"/>
                    </structure:Parent>
                </structure:Code>
                <structure:Code id="TR712">
                    <common:Annotations>
                        <common:Annotation>
                            <common:AnnotationType>ORDER</common:AnnotationType>
                            <common:AnnotationText xml:lang="en">24560</common:AnnotationText>
                            <common:AnnotationText xml:lang="fr">24560</common:AnnotationText>
                        </common:Annotation>
                    </common:Annotations>
                    <common:Name xml:lang="en">Aksaray</common:Name>
                    <common:Name xml:lang="fr">Aksaray</common:Name>
                    <structure:Parent>
                        <Ref id="TR71"/>
                    </structure:Parent>
                </structure:Code>
                <structure:Code id="TR713">
                    <common:Annotations>
                        <common:Annotation>
                            <common:AnnotationType>ORDER</common:AnnotationType>
                            <common:AnnotationText xml:lang="en">24570</common:AnnotationText>
                            <common:AnnotationText xml:lang="fr">24570</common:AnnotationText>
                        </common:Annotation>
                    </common:Annotations>
                    <common:Name xml:lang="en">Nigde</common:Name>
                    <common:Name xml:lang="fr">Nigde</common:Name>
                    <structure:Parent>
                        <Ref id="TR71"/>
                    </structure:Parent>
                </structure:Code>
                <structure:Code id="TR714">
                    <common:Annotations>
                        <common:Annotation>
                            <common:AnnotationType>ORDER</common:AnnotationType>
                            <common:AnnotationText xml:lang="en">24580</common:AnnotationText>
                            <common:AnnotationText xml:lang="fr">24580</common:AnnotationText>
                        </common:Annotation>
                    </common:Annotations>
                    <common:Name xml:lang="en">Nevsehir</common:Name>
                    <common:Name xml:lang="fr">Nevsehir</common:Name>
                    <structure:Parent>
                        <Ref id="TR71"/>
                    </structure:Parent>
                </structure:Code>
                <structure:Code id="TR715">
                    <common:Annotations>
                        <common:Annotation>
                            <common:AnnotationType>ORDER</common:AnnotationType>
                            <common:AnnotationText xml:lang="en">24590</common:AnnotationText>
                            <common:AnnotationText xml:lang="fr">24590</common:AnnotationText>
                        </common:Annotation>
                    </common:Annotations>
                    <common:Name xml:lang="en">Kirsehir</common:Name>
                    <common:Name xml:lang="fr">Kirsehir</common:Name>
                    <structure:Parent>
                        <Ref id="TR71"/>
                    </structure:Parent>
                </structure:Code>
                <structure:Code id="TR72">
                    <common:Annotations>
                        <common:Annotation>
                            <common:AnnotationType>ORDER</common:AnnotationType>
                            <common:AnnotationText xml:lang="en">24600</common:AnnotationText>
                            <common:AnnotationText xml:lang="fr">24600</common:AnnotationText>
                        </common:Annotation>
                    </common:Annotations>
                    <common:Name xml:lang="en">Central Anatolia - East</common:Name>
                    <common:Name xml:lang="fr">Central Anatolia - East</common:Name>
                    <structure:Parent>
                        <Ref id="TUR"/>
                    </structure:Parent>
                </structure:Code>
                <structure:Code id="TR721">
                    <common:Annotations>
                        <common:Annotation>
                            <common:AnnotationType>ORDER</common:AnnotationType>
                            <common:AnnotationText xml:lang="en">24610</common:AnnotationText>
                            <common:AnnotationText xml:lang="fr">24610</common:AnnotationText>
                        </common:Annotation>
                    </common:Annotations>
                    <common:Name xml:lang="en">Kayseri</common:Name>
                    <common:Name xml:lang="fr">Kayseri</common:Name>
                    <structure:Parent>
                        <Ref id="TR72"/>
                    </structure:Parent>
                </structure:Code>
                <structure:Code id="TR722">
                    <common:Annotations>
                        <common:Annotation>
                            <common:AnnotationType>ORDER</common:AnnotationType>
                            <common:AnnotationText xml:lang="en">24620</common:AnnotationText>
                            <common:AnnotationText xml:lang="fr">24620</common:AnnotationText>
                        </common:Annotation>
                    </common:Annotations>
                    <common:Name xml:lang="en">Sivas</common:Name>
                    <common:Name xml:lang="fr">Sivas</common:Name>
                    <structure:Parent>
                        <Ref id="TR72"/>
                    </structure:Parent>
                </structure:Code>
                <structure:Code id="TR723">
                    <common:Annotations>
                        <common:Annotation>
                            <common:AnnotationType>ORDER</common:AnnotationType>
                            <common:AnnotationText xml:lang="en">24630</common:AnnotationText>
                            <common:AnnotationText xml:lang="fr">24630</common:AnnotationText>
                        </common:Annotation>
                    </common:Annotations>
                    <common:Name xml:lang="en">Yozgat</common:Name>
                    <common:Name xml:lang="fr">Yozgat</common:Name>
                    <structure:Parent>
                        <Ref id="TR72"/>
                    </structure:Parent>
                </structure:Code>
                <structure:Code id="TR81">
                    <common:Annotations>
                        <common:Annotation>
                            <common:AnnotationType>ORDER</common:AnnotationType>
                            <common:AnnotationText xml:lang="en">24640</common:AnnotationText>
                            <common:AnnotationText xml:lang="fr">24640</common:AnnotationText>
                        </common:Annotation>
                    </common:Annotations>
                    <common:Name xml:lang="en">Western Black Sea - West</common:Name>
                    <common:Name xml:lang="fr">Western Black Sea - West</common:Name>
                    <structure:Parent>
                        <Ref id="TUR"/>
                    </structure:Parent>
                </structure:Code>
                <structure:Code id="TR811">
                    <common:Annotations>
                        <common:Annotation>
                            <common:AnnotationType>ORDER</common:AnnotationType>
                            <common:AnnotationText xml:lang="en">24650</common:AnnotationText>
                            <common:AnnotationText xml:lang="fr">24650</common:AnnotationText>
                        </common:Annotation>
                    </common:Annotations>
                    <common:Name xml:lang="en">Zonguldak</common:Name>
                    <common:Name xml:lang="fr">Zonguldak</common:Name>
                    <structure:Parent>
                        <Ref id="TR81"/>
                    </structure:Parent>
                </structure:Code>
                <structure:Code id="TR812">
                    <common:Annotations>
                        <common:Annotation>
                            <common:AnnotationType>ORDER</common:AnnotationType>
                            <common:AnnotationText xml:lang="en">24660</common:AnnotationText>
                            <common:AnnotationText xml:lang="fr">24660</common:AnnotationText>
                        </common:Annotation>
                    </common:Annotations>
                    <common:Name xml:lang="en">Karabük</common:Name>
                    <common:Name xml:lang="fr">Karabük</common:Name>
                    <structure:Parent>
                        <Ref id="TR81"/>
                    </structure:Parent>
                </structure:Code>
                <structure:Code id="TR813">
                    <common:Annotations>
                        <common:Annotation>
                            <common:AnnotationType>ORDER</common:AnnotationType>
                            <common:AnnotationText xml:lang="en">24670</common:AnnotationText>
                            <common:AnnotationText xml:lang="fr">24670</common:AnnotationText>
                        </common:Annotation>
                    </common:Annotations>
                    <common:Name xml:lang="en">Bartin</common:Name>
                    <common:Name xml:lang="fr">Bartin</common:Name>
                    <structure:Parent>
                        <Ref id="TR81"/>
                    </structure:Parent>
                </structure:Code>
                <structure:Code id="TR82">
                    <common:Annotations>
                        <common:Annotation>
                            <common:AnnotationType>ORDER</common:AnnotationType>
                            <common:AnnotationText xml:lang="en">24680</common:AnnotationText>
                            <common:AnnotationText xml:lang="fr">24680</common:AnnotationText>
                        </common:Annotation>
                    </common:Annotations>
                    <common:Name xml:lang="en">Western Black Sea - Middle and East</common:Name>
                    <common:Name xml:lang="fr">Western Black Sea - Middle and East</common:Name>
                    <structure:Parent>
                        <Ref id="TUR"/>
                    </structure:Parent>
                </structure:Code>
                <structure:Code id="TR821">
                    <common:Annotations>
                        <common:Annotation>
                            <common:AnnotationType>ORDER</common:AnnotationType>
                            <common:AnnotationText xml:lang="en">24690</common:AnnotationText>
                            <common:AnnotationText xml:lang="fr">24690</common:AnnotationText>
                        </common:Annotation>
                    </common:Annotations>
                    <common:Name xml:lang="en">Kastamonu</common:Name>
                    <common:Name xml:lang="fr">Kastamonu</common:Name>
                    <structure:Parent>
                        <Ref id="TR82"/>
                    </structure:Parent>
                </structure:Code>
                <structure:Code id="TR822">
                    <common:Annotations>
                        <common:Annotation>
                            <common:AnnotationType>ORDER</common:AnnotationType>
                            <common:AnnotationText xml:lang="en">24700</common:AnnotationText>
                            <common:AnnotationText xml:lang="fr">24700</common:AnnotationText>
                        </common:Annotation>
                    </common:Annotations>
                    <common:Name xml:lang="en">Çankiri</common:Name>
                    <common:Name xml:lang="fr">Çankiri</common:Name>
                    <structure:Parent>
                        <Ref id="TR82"/>
                    </structure:Parent>
                </structure:Code>
                <structure:Code id="TR823">
                    <common:Annotations>
                        <common:Annotation>
                            <common:AnnotationType>ORDER</common:AnnotationType>
                            <common:AnnotationText xml:lang="en">24710</common:AnnotationText>
                            <common:AnnotationText xml:lang="fr">24710</common:AnnotationText>
                        </common:Annotation>
                    </common:Annotations>
                    <common:Name xml:lang="en">Sinop</common:Name>
                    <common:Name xml:lang="fr">Sinop</common:Name>
                    <structure:Parent>
                        <Ref id="TR82"/>
                    </structure:Parent>
                </structure:Code>
                <structure:Code id="TR83">
                    <common:Annotations>
                        <common:Annotation>
                            <common:AnnotationType>ORDER</common:AnnotationType>
                            <common:AnnotationText xml:lang="en">24720</common:AnnotationText>
                            <common:AnnotationText xml:lang="fr">24720</common:AnnotationText>
                        </common:Annotation>
                    </common:Annotations>
                    <common:Name xml:lang="en">Middle Black Sea</common:Name>
                    <common:Name xml:lang="fr">Middle Black Sea</common:Name>
                    <structure:Parent>
                        <Ref id="TUR"/>
                    </structure:Parent>
                </structure:Code>
                <structure:Code id="TR831">
                    <common:Annotations>
                        <common:Annotation>
                            <common:AnnotationType>ORDER</common:AnnotationType>
                            <common:AnnotationText xml:lang="en">24730</common:AnnotationText>
                            <common:AnnotationText xml:lang="fr">24730</common:AnnotationText>
                        </common:Annotation>
                    </common:Annotations>
                    <common:Name xml:lang="en">Samsun</common:Name>
                    <common:Name xml:lang="fr">Samsun</common:Name>
                    <structure:Parent>
                        <Ref id="TR83"/>
                    </structure:Parent>
                </structure:Code>
                <structure:Code id="TR832">
                    <common:Annotations>
                        <common:Annotation>
                            <common:AnnotationType>ORDER</common:AnnotationType>
                            <common:AnnotationText xml:lang="en">24740</common:AnnotationText>
                            <common:AnnotationText xml:lang="fr">24740</common:AnnotationText>
                        </common:Annotation>
                    </common:Annotations>
                    <common:Name xml:lang="en">Tokat</common:Name>
                    <common:Name xml:lang="fr">Tokat</common:Name>
                    <structure:Parent>
                        <Ref id="TR83"/>
                    </structure:Parent>
                </structure:Code>
                <structure:Code id="TR833">
                    <common:Annotations>
                        <common:Annotation>
                            <common:AnnotationType>ORDER</common:AnnotationType>
                            <common:AnnotationText xml:lang="en">24750</common:AnnotationText>
                            <common:AnnotationText xml:lang="fr">24750</common:AnnotationText>
                        </common:Annotation>
                    </common:Annotations>
                    <common:Name xml:lang="en">Çorum</common:Name>
                    <common:Name xml:lang="fr">Çorum</common:Name>
                    <structure:Parent>
                        <Ref id="TR83"/>
                    </structure:Parent>
                </structure:Code>
                <structure:Code id="TR834">
                    <common:Annotations>
                        <common:Annotation>
                            <common:AnnotationType>ORDER</common:AnnotationType>
                            <common:AnnotationText xml:lang="en">24760</common:AnnotationText>
                            <common:AnnotationText xml:lang="fr">24760</common:AnnotationText>
                        </common:Annotation>
                    </common:Annotations>
                    <common:Name xml:lang="en">Amasya</common:Name>
                    <common:Name xml:lang="fr">Amasya</common:Name>
                    <structure:Parent>
                        <Ref id="TR83"/>
                    </structure:Parent>
                </structure:Code>
                <structure:Code id="TR90">
                    <common:Annotations>
                        <common:Annotation>
                            <common:AnnotationType>ORDER</common:AnnotationType>
                            <common:AnnotationText xml:lang="en">24770</common:AnnotationText>
                            <common:AnnotationText xml:lang="fr">24770</common:AnnotationText>
                        </common:Annotation>
                    </common:Annotations>
                    <common:Name xml:lang="en">Eastern Black Sea</common:Name>
                    <common:Name xml:lang="fr">Eastern Black Sea</common:Name>
                    <structure:Parent>
                        <Ref id="TUR"/>
                    </structure:Parent>
                </structure:Code>
                <structure:Code id="TR901">
                    <common:Annotations>
                        <common:Annotation>
                            <common:AnnotationType>ORDER</common:AnnotationType>
                            <common:AnnotationText xml:lang="en">24780</common:AnnotationText>
                            <common:AnnotationText xml:lang="fr">24780</common:AnnotationText>
                        </common:Annotation>
                    </common:Annotations>
                    <common:Name xml:lang="en">Trabzon</common:Name>
                    <common:Name xml:lang="fr">Trabzon</common:Name>
                    <structure:Parent>
                        <Ref id="TR90"/>
                    </structure:Parent>
                </structure:Code>
                <structure:Code id="TR902">
                    <common:Annotations>
                        <common:Annotation>
                            <common:AnnotationType>ORDER</common:AnnotationType>
                            <common:AnnotationText xml:lang="en">24790</common:AnnotationText>
                            <common:AnnotationText xml:lang="fr">24790</common:AnnotationText>
                        </common:Annotation>
                    </common:Annotations>
                    <common:Name xml:lang="en">Ordu</common:Name>
                    <common:Name xml:lang="fr">Ordu</common:Name>
                    <structure:Parent>
                        <Ref id="TR90"/>
                    </structure:Parent>
                </structure:Code>
                <structure:Code id="TR903">
                    <common:Annotations>
                        <common:Annotation>
                            <common:AnnotationType>ORDER</common:AnnotationType>
                            <common:AnnotationText xml:lang="en">24800</common:AnnotationText>
                            <common:AnnotationText xml:lang="fr">24800</common:AnnotationText>
                        </common:Annotation>
                    </common:Annotations>
                    <common:Name xml:lang="en">Giresun</common:Name>
                    <common:Name xml:lang="fr">Giresun</common:Name>
                    <structure:Parent>
                        <Ref id="TR90"/>
                    </structure:Parent>
                </structure:Code>
                <structure:Code id="TR904">
                    <common:Annotations>
                        <common:Annotation>
                            <common:AnnotationType>ORDER</common:AnnotationType>
                            <common:AnnotationText xml:lang="en">24810</common:AnnotationText>
                            <common:AnnotationText xml:lang="fr">24810</common:AnnotationText>
                        </common:Annotation>
                    </common:Annotations>
                    <common:Name xml:lang="en">Rize</common:Name>
                    <common:Name xml:lang="fr">Rize</common:Name>
                    <structure:Parent>
                        <Ref id="TR90"/>
                    </structure:Parent>
                </structure:Code>
                <structure:Code id="TR905">
                    <common:Annotations>
                        <common:Annotation>
                            <common:AnnotationType>ORDER</common:AnnotationType>
                            <common:AnnotationText xml:lang="en">24820</common:AnnotationText>
                            <common:AnnotationText xml:lang="fr">24820</common:AnnotationText>
                        </common:Annotation>
                    </common:Annotations>
                    <common:Name xml:lang="en">Artvin</common:Name>
                    <common:Name xml:lang="fr">Artvin</common:Name>
                    <structure:Parent>
                        <Ref id="TR90"/>
                    </structure:Parent>
                </structure:Code>
                <structure:Code id="TR906">
                    <common:Annotations>
                        <common:Annotation>
                            <common:AnnotationType>ORDER</common:AnnotationType>
                            <common:AnnotationText xml:lang="en">24830</common:AnnotationText>
                            <common:AnnotationText xml:lang="fr">24830</common:AnnotationText>
                        </common:Annotation>
                    </common:Annotations>
                    <common:Name xml:lang="en">Gümüshane</common:Name>
                    <common:Name xml:lang="fr">Gümüshane</common:Name>
                    <structure:Parent>
                        <Ref id="TR90"/>
                    </structure:Parent>
                </structure:Code>
                <structure:Code id="TRA1">
                    <common:Annotations>
                        <common:Annotation>
                            <common:AnnotationType>ORDER</common:AnnotationType>
                            <common:AnnotationText xml:lang="en">24840</common:AnnotationText>
                            <common:AnnotationText xml:lang="fr">24840</common:AnnotationText>
                        </common:Annotation>
                    </common:Annotations>
                    <common:Name xml:lang="en">Northeastern Anatolia - West</common:Name>
                    <common:Name xml:lang="fr">Northeastern Anatolia - West</common:Name>
                    <structure:Parent>
                        <Ref id="TUR"/>
                    </structure:Parent>
                </structure:Code>
                <structure:Code id="TRA11">
                    <common:Annotations>
                        <common:Annotation>
                            <common:AnnotationType>ORDER</common:AnnotationType>
                            <common:AnnotationText xml:lang="en">24850</common:AnnotationText>
                            <common:AnnotationText xml:lang="fr">24850</common:AnnotationText>
                        </common:Annotation>
                    </common:Annotations>
                    <common:Name xml:lang="en">Erzurum</common:Name>
                    <common:Name xml:lang="fr">Erzurum</common:Name>
                    <structure:Parent>
                        <Ref id="TRA1"/>
                    </structure:Parent>
                </structure:Code>
                <structure:Code id="TRA12">
                    <common:Annotations>
                        <common:Annotation>
                            <common:AnnotationType>ORDER</common:AnnotationType>
                            <common:AnnotationText xml:lang="en">24860</common:AnnotationText>
                            <common:AnnotationText xml:lang="fr">24860</common:AnnotationText>
                        </common:Annotation>
                    </common:Annotations>
                    <common:Name xml:lang="en">Erzincan</common:Name>
                    <common:Name xml:lang="fr">Erzincan</common:Name>
                    <structure:Parent>
                        <Ref id="TRA1"/>
                    </structure:Parent>
                </structure:Code>
                <structure:Code id="TRA13">
                    <common:Annotations>
                        <common:Annotation>
                            <common:AnnotationType>ORDER</common:AnnotationType>
                            <common:AnnotationText xml:lang="en">24870</common:AnnotationText>
                            <common:AnnotationText xml:lang="fr">24870</common:AnnotationText>
                        </common:Annotation>
                    </common:Annotations>
                    <common:Name xml:lang="en">Bayburt</common:Name>
                    <common:Name xml:lang="fr">Bayburt</common:Name>
                    <structure:Parent>
                        <Ref id="TRA1"/>
                    </structure:Parent>
                </structure:Code>
                <structure:Code id="TRA2">
                    <common:Annotations>
                        <common:Annotation>
                            <common:AnnotationType>ORDER</common:AnnotationType>
                            <common:AnnotationText xml:lang="en">24880</common:AnnotationText>
                            <common:AnnotationText xml:lang="fr">24880</common:AnnotationText>
                        </common:Annotation>
                    </common:Annotations>
                    <common:Name xml:lang="en">Northeastern Anatolia - East</common:Name>
                    <common:Name xml:lang="fr">Northeastern Anatolia - East</common:Name>
                    <structure:Parent>
                        <Ref id="TUR"/>
                    </structure:Parent>
                </structure:Code>
                <structure:Code id="TRA21">
                    <common:Annotations>
                        <common:Annotation>
                            <common:AnnotationType>ORDER</common:AnnotationType>
                            <common:AnnotationText xml:lang="en">24890</common:AnnotationText>
                            <common:AnnotationText xml:lang="fr">24890</common:AnnotationText>
                        </common:Annotation>
                    </common:Annotations>
                    <common:Name xml:lang="en">Agri</common:Name>
                    <common:Name xml:lang="fr">Agri</common:Name>
                    <structure:Parent>
                        <Ref id="TRA2"/>
                    </structure:Parent>
                </structure:Code>
                <structure:Code id="TRA22">
                    <common:Annotations>
                        <common:Annotation>
                            <common:AnnotationType>ORDER</common:AnnotationType>
                            <common:AnnotationText xml:lang="en">24900</common:AnnotationText>
                            <common:AnnotationText xml:lang="fr">24900</common:AnnotationText>
                        </common:Annotation>
                    </common:Annotations>
                    <common:Name xml:lang="en">Kars</common:Name>
                    <common:Name xml:lang="fr">Kars</common:Name>
                    <structure:Parent>
                        <Ref id="TRA2"/>
                    </structure:Parent>
                </structure:Code>
                <structure:Code id="TRA23">
                    <common:Annotations>
                        <common:Annotation>
                            <common:AnnotationType>ORDER</common:AnnotationType>
                            <common:AnnotationText xml:lang="en">24910</common:AnnotationText>
                            <common:AnnotationText xml:lang="fr">24910</common:AnnotationText>
                        </common:Annotation>
                    </common:Annotations>
                    <common:Name xml:lang="en">Igdir</common:Name>
                    <common:Name xml:lang="fr">Igdir</common:Name>
                    <structure:Parent>
                        <Ref id="TRA2"/>
                    </structure:Parent>
                </structure:Code>
                <structure:Code id="TRA24">
                    <common:Annotations>
                        <common:Annotation>
                            <common:AnnotationType>ORDER</common:AnnotationType>
                            <common:AnnotationText xml:lang="en">24920</common:AnnotationText>
                            <common:AnnotationText xml:lang="fr">24920</common:AnnotationText>
                        </common:Annotation>
                    </common:Annotations>
                    <common:Name xml:lang="en">Ardahan</common:Name>
                    <common:Name xml:lang="fr">Ardahan</common:Name>
                    <structure:Parent>
                        <Ref id="TRA2"/>
                    </structure:Parent>
                </structure:Code>
                <structure:Code id="TRB1">
                    <common:Annotations>
                        <common:Annotation>
                            <common:AnnotationType>ORDER</common:AnnotationType>
                            <common:AnnotationText xml:lang="en">24930</common:AnnotationText>
                            <common:AnnotationText xml:lang="fr">24930</common:AnnotationText>
                        </common:Annotation>
                    </common:Annotations>
                    <common:Name xml:lang="en">Eastern Anatolia - West</common:Name>
                    <common:Name xml:lang="fr">Eastern Anatolia - West</common:Name>
                    <structure:Parent>
                        <Ref id="TUR"/>
                    </structure:Parent>
                </structure:Code>
                <structure:Code id="TRB11">
                    <common:Annotations>
                        <common:Annotation>
                            <common:AnnotationType>ORDER</common:AnnotationType>
                            <common:AnnotationText xml:lang="en">24940</common:AnnotationText>
                            <common:AnnotationText xml:lang="fr">24940</common:AnnotationText>
                        </common:Annotation>
                    </common:Annotations>
                    <common:Name xml:lang="en">Malatya</common:Name>
                    <common:Name xml:lang="fr">Malatya</common:Name>
                    <structure:Parent>
                        <Ref id="TRB1"/>
                    </structure:Parent>
                </structure:Code>
                <structure:Code id="TRB12">
                    <common:Annotations>
                        <common:Annotation>
                            <common:AnnotationType>ORDER</common:AnnotationType>
                            <common:AnnotationText xml:lang="en">24950</common:AnnotationText>
                            <common:AnnotationText xml:lang="fr">24950</common:AnnotationText>
                        </common:Annotation>
                    </common:Annotations>
                    <common:Name xml:lang="en">Elazig</common:Name>
                    <common:Name xml:lang="fr">Elazig</common:Name>
                    <structure:Parent>
                        <Ref id="TRB1"/>
                    </structure:Parent>
                </structure:Code>
                <structure:Code id="TRB13">
                    <common:Annotations>
                        <common:Annotation>
                            <common:AnnotationType>ORDER</common:AnnotationType>
                            <common:AnnotationText xml:lang="en">24960</common:AnnotationText>
                            <common:AnnotationText xml:lang="fr">24960</common:AnnotationText>
                        </common:Annotation>
                    </common:Annotations>
                    <common:Name xml:lang="en">Bingöl</common:Name>
                    <common:Name xml:lang="fr">Bingöl</common:Name>
                    <structure:Parent>
                        <Ref id="TRB1"/>
                    </structure:Parent>
                </structure:Code>
                <structure:Code id="TRB14">
                    <common:Annotations>
                        <common:Annotation>
                            <common:AnnotationType>ORDER</common:AnnotationType>
                            <common:AnnotationText xml:lang="en">24970</common:AnnotationText>
                            <common:AnnotationText xml:lang="fr">24970</common:AnnotationText>
                        </common:Annotation>
                    </common:Annotations>
                    <common:Name xml:lang="en">Tunceli</common:Name>
                    <common:Name xml:lang="fr">Tunceli</common:Name>
                    <structure:Parent>
                        <Ref id="TRB1"/>
                    </structure:Parent>
                </structure:Code>
                <structure:Code id="TRB2">
                    <common:Annotations>
                        <common:Annotation>
                            <common:AnnotationType>ORDER</common:AnnotationType>
                            <common:AnnotationText xml:lang="en">24980</common:AnnotationText>
                            <common:AnnotationText xml:lang="fr">24980</common:AnnotationText>
                        </common:Annotation>
                    </common:Annotations>
                    <common:Name xml:lang="en">Eastern Anatolia - East</common:Name>
                    <common:Name xml:lang="fr">Eastern Anatolia - East</common:Name>
                    <structure:Parent>
                        <Ref id="TUR"/>
                    </structure:Parent>
                </structure:Code>
                <structure:Code id="TRB21">
                    <common:Annotations>
                        <common:Annotation>
                            <common:AnnotationType>ORDER</common:AnnotationType>
                            <common:AnnotationText xml:lang="en">24990</common:AnnotationText>
                            <common:AnnotationText xml:lang="fr">24990</common:AnnotationText>
                        </common:Annotation>
                    </common:Annotations>
                    <common:Name xml:lang="en">Van</common:Name>
                    <common:Name xml:lang="fr">Van</common:Name>
                    <structure:Parent>
                        <Ref id="TRB2"/>
                    </structure:Parent>
                </structure:Code>
                <structure:Code id="TRB22">
                    <common:Annotations>
                        <common:Annotation>
                            <common:AnnotationType>ORDER</common:AnnotationType>
                            <common:AnnotationText xml:lang="en">25000</common:AnnotationText>
                            <common:AnnotationText xml:lang="fr">25000</common:AnnotationText>
                        </common:Annotation>
                    </common:Annotations>
                    <common:Name xml:lang="en">Mus</common:Name>
                    <common:Name xml:lang="fr">Mus</common:Name>
                    <structure:Parent>
                        <Ref id="TRB2"/>
                    </structure:Parent>
                </structure:Code>
                <structure:Code id="TRB23">
                    <common:Annotations>
                        <common:Annotation>
                            <common:AnnotationType>ORDER</common:AnnotationType>
                            <common:AnnotationText xml:lang="en">25010</common:AnnotationText>
                            <common:AnnotationText xml:lang="fr">25010</common:AnnotationText>
                        </common:Annotation>
                    </common:Annotations>
                    <common:Name xml:lang="en">Bitlis</common:Name>
                    <common:Name xml:lang="fr">Bitlis</common:Name>
                    <structure:Parent>
                        <Ref id="TRB2"/>
                    </structure:Parent>
                </structure:Code>
                <structure:Code id="TRB24">
                    <common:Annotations>
                        <common:Annotation>
                            <common:AnnotationType>ORDER</common:AnnotationType>
                            <common:AnnotationText xml:lang="en">25020</common:AnnotationText>
                            <common:AnnotationText xml:lang="fr">25020</common:AnnotationText>
                        </common:Annotation>
                    </common:Annotations>
                    <common:Name xml:lang="en">Hakkari</common:Name>
                    <common:Name xml:lang="fr">Hakkari</common:Name>
                    <structure:Parent>
                        <Ref id="TRB2"/>
                    </structure:Parent>
                </structure:Code>
                <structure:Code id="TRC1">
                    <common:Annotations>
                        <common:Annotation>
                            <common:AnnotationType>ORDER</common:AnnotationType>
                            <common:AnnotationText xml:lang="en">25030</common:AnnotationText>
                            <common:AnnotationText xml:lang="fr">25030</common:AnnotationText>
                        </common:Annotation>
                    </common:Annotations>
                    <common:Name xml:lang="en">Southeastern Anatolia - West</common:Name>
                    <common:Name xml:lang="fr">Southeastern Anatolia - West</common:Name>
                    <structure:Parent>
                        <Ref id="TUR"/>
                    </structure:Parent>
                </structure:Code>
                <structure:Code id="TRC11">
                    <common:Annotations>
                        <common:Annotation>
                            <common:AnnotationType>ORDER</common:AnnotationType>
                            <common:AnnotationText xml:lang="en">25040</common:AnnotationText>
                            <common:AnnotationText xml:lang="fr">25040</common:AnnotationText>
                        </common:Annotation>
                    </common:Annotations>
                    <common:Name xml:lang="en">Gaziantep</common:Name>
                    <common:Name xml:lang="fr">Gaziantep</common:Name>
                    <structure:Parent>
                        <Ref id="TRC1"/>
                    </structure:Parent>
                </structure:Code>
                <structure:Code id="TRC12">
                    <common:Annotations>
                        <common:Annotation>
                            <common:AnnotationType>ORDER</common:AnnotationType>
                            <common:AnnotationText xml:lang="en">25050</common:AnnotationText>
                            <common:AnnotationText xml:lang="fr">25050</common:AnnotationText>
                        </common:Annotation>
                    </common:Annotations>
                    <common:Name xml:lang="en">Adiyaman</common:Name>
                    <common:Name xml:lang="fr">Adiyaman</common:Name>
                    <structure:Parent>
                        <Ref id="TRC1"/>
                    </structure:Parent>
                </structure:Code>
                <structure:Code id="TRC13">
                    <common:Annotations>
                        <common:Annotation>
                            <common:AnnotationType>ORDER</common:AnnotationType>
                            <common:AnnotationText xml:lang="en">25060</common:AnnotationText>
                            <common:AnnotationText xml:lang="fr">25060</common:AnnotationText>
                        </common:Annotation>
                    </common:Annotations>
                    <common:Name xml:lang="en">Kilis</common:Name>
                    <common:Name xml:lang="fr">Kilis</common:Name>
                    <structure:Parent>
                        <Ref id="TRC1"/>
                    </structure:Parent>
                </structure:Code>
                <structure:Code id="TRC2">
                    <common:Annotations>
                        <common:Annotation>
                            <common:AnnotationType>ORDER</common:AnnotationType>
                            <common:AnnotationText xml:lang="en">25070</common:AnnotationText>
                            <common:AnnotationText xml:lang="fr">25070</common:AnnotationText>
                        </common:Annotation>
                    </common:Annotations>
                    <common:Name xml:lang="en">Southeastern Anatolia - Middle</common:Name>
                    <common:Name xml:lang="fr">Southeastern Anatolia - Middle</common:Name>
                    <structure:Parent>
                        <Ref id="TUR"/>
                    </structure:Parent>
                </structure:Code>
                <structure:Code id="TRC21">
                    <common:Annotations>
                        <common:Annotation>
                            <common:AnnotationType>ORDER</common:AnnotationType>
                            <common:AnnotationText xml:lang="en">25080</common:AnnotationText>
                            <common:AnnotationText xml:lang="fr">25080</common:AnnotationText>
                        </common:Annotation>
                    </common:Annotations>
                    <common:Name xml:lang="en">Sanliurfa</common:Name>
                    <common:Name xml:lang="fr">Sanliurfa</common:Name>
                    <structure:Parent>
                        <Ref id="TRC2"/>
                    </structure:Parent>
                </structure:Code>
                <structure:Code id="TRC22">
                    <common:Annotations>
                        <common:Annotation>
                            <common:AnnotationType>ORDER</common:AnnotationType>
                            <common:AnnotationText xml:lang="en">25090</common:AnnotationText>
                            <common:AnnotationText xml:lang="fr">25090</common:AnnotationText>
                        </common:Annotation>
                    </common:Annotations>
                    <common:Name xml:lang="en">Diyarbakir</common:Name>
                    <common:Name xml:lang="fr">Diyarbakir</common:Name>
                    <structure:Parent>
                        <Ref id="TRC2"/>
                    </structure:Parent>
                </structure:Code>
                <structure:Code id="TRC3">
                    <common:Annotations>
                        <common:Annotation>
                            <common:AnnotationType>ORDER</common:AnnotationType>
                            <common:AnnotationText xml:lang="en">25100</common:AnnotationText>
                            <common:AnnotationText xml:lang="fr">25100</common:AnnotationText>
                        </common:Annotation>
                    </common:Annotations>
                    <common:Name xml:lang="en">Southeastern Anatolia - East</common:Name>
                    <common:Name xml:lang="fr">Southeastern Anatolia - East</common:Name>
                    <structure:Parent>
                        <Ref id="TUR"/>
                    </structure:Parent>
                </structure:Code>
                <structure:Code id="TRC31">
                    <common:Annotations>
                        <common:Annotation>
                            <common:AnnotationType>ORDER</common:AnnotationType>
                            <common:AnnotationText xml:lang="en">25110</common:AnnotationText>
                            <common:AnnotationText xml:lang="fr">25110</common:AnnotationText>
                        </common:Annotation>
                    </common:Annotations>
                    <common:Name xml:lang="en">Mardin</common:Name>
                    <common:Name xml:lang="fr">Mardin</common:Name>
                    <structure:Parent>
                        <Ref id="TRC3"/>
                    </structure:Parent>
                </structure:Code>
                <structure:Code id="TRC32">
                    <common:Annotations>
                        <common:Annotation>
                            <common:AnnotationType>ORDER</common:AnnotationType>
                            <common:AnnotationText xml:lang="en">25120</common:AnnotationText>
                            <common:AnnotationText xml:lang="fr">25120</common:AnnotationText>
                        </common:Annotation>
                    </common:Annotations>
                    <common:Name xml:lang="en">Batman</common:Name>
                    <common:Name xml:lang="fr">Batman</common:Name>
                    <structure:Parent>
                        <Ref id="TRC3"/>
                    </structure:Parent>
                </structure:Code>
                <structure:Code id="TRC33">
                    <common:Annotations>
                        <common:Annotation>
                            <common:AnnotationType>ORDER</common:AnnotationType>
                            <common:AnnotationText xml:lang="en">25130</common:AnnotationText>
                            <common:AnnotationText xml:lang="fr">25130</common:AnnotationText>
                        </common:Annotation>
                    </common:Annotations>
                    <common:Name xml:lang="en">Sirnak</common:Name>
                    <common:Name xml:lang="fr">Sirnak</common:Name>
                    <structure:Parent>
                        <Ref id="TRC3"/>
                    </structure:Parent>
                </structure:Code>
                <structure:Code id="TRC34">
                    <common:Annotations>
                        <common:Annotation>
                            <common:AnnotationType>ORDER</common:AnnotationType>
                            <common:AnnotationText xml:lang="en">25140</common:AnnotationText>
                            <common:AnnotationText xml:lang="fr">25140</common:AnnotationText>
                        </common:Annotation>
                    </common:Annotations>
                    <common:Name xml:lang="en">Siirt</common:Name>
                    <common:Name xml:lang="fr">Siirt</common:Name>
                    <structure:Parent>
                        <Ref id="TRC3"/>
                    </structure:Parent>
                </structure:Code>
                <structure:Code id="GBR">
                    <common:Annotations>
                        <common:Annotation>
                            <common:AnnotationType>ORDER</common:AnnotationType>
                            <common:AnnotationText xml:lang="en">25150</common:AnnotationText>
                            <common:AnnotationText xml:lang="fr">25150</common:AnnotationText>
                        </common:Annotation>
                    </common:Annotations>
                    <common:Name xml:lang="en">United Kingdom</common:Name>
                    <common:Name xml:lang="fr">Royaume-Uni</common:Name>
                </structure:Code>
                <structure:Code id="UKC">
                    <common:Annotations>
                        <common:Annotation>
                            <common:AnnotationType>ORDER</common:AnnotationType>
                            <common:AnnotationText xml:lang="en">25160</common:AnnotationText>
                            <common:AnnotationText xml:lang="fr">25160</common:AnnotationText>
                        </common:Annotation>
                    </common:Annotations>
                    <common:Name xml:lang="en">North East England</common:Name>
                    <common:Name xml:lang="fr">North East England</common:Name>
                    <structure:Parent>
                        <Ref id="GBR"/>
                    </structure:Parent>
                </structure:Code>
                <structure:Code id="UKC11">
                    <common:Annotations>
                        <common:Annotation>
                            <common:AnnotationType>ORDER</common:AnnotationType>
                            <common:AnnotationText xml:lang="en">25170</common:AnnotationText>
                            <common:AnnotationText xml:lang="fr">25170</common:AnnotationText>
                        </common:Annotation>
                    </common:Annotations>
                    <common:Name xml:lang="en">Hartlepool and Stockton-on-Tees</common:Name>
                    <common:Name xml:lang="fr">Hartlepool and Stockton-on-Tees</common:Name>
                    <structure:Parent>
                        <Ref id="UKC"/>
                    </structure:Parent>
                </structure:Code>
                <structure:Code id="UKC12">
                    <common:Annotations>
                        <common:Annotation>
                            <common:AnnotationType>ORDER</common:AnnotationType>
                            <common:AnnotationText xml:lang="en">25180</common:AnnotationText>
                            <common:AnnotationText xml:lang="fr">25180</common:AnnotationText>
                        </common:Annotation>
                    </common:Annotations>
                    <common:Name xml:lang="en">South Teesside</common:Name>
                    <common:Name xml:lang="fr">South Teesside</common:Name>
                    <structure:Parent>
                        <Ref id="UKC"/>
                    </structure:Parent>
                </structure:Code>
                <structure:Code id="UKC13">
                    <common:Annotations>
                        <common:Annotation>
                            <common:AnnotationType>ORDER</common:AnnotationType>
                            <common:AnnotationText xml:lang="en">25190</common:AnnotationText>
                            <common:AnnotationText xml:lang="fr">25190</common:AnnotationText>
                        </common:Annotation>
                    </common:Annotations>
                    <common:Name xml:lang="en">Darlington</common:Name>
                    <common:Name xml:lang="fr">Darlington</common:Name>
                    <structure:Parent>
                        <Ref id="UKC"/>
                    </structure:Parent>
                </structure:Code>
                <structure:Code id="UKC14">
                    <common:Annotations>
                        <common:Annotation>
                            <common:AnnotationType>ORDER</common:AnnotationType>
                            <common:AnnotationText xml:lang="en">25200</common:AnnotationText>
                            <common:AnnotationText xml:lang="fr">25200</common:AnnotationText>
                        </common:Annotation>
                    </common:Annotations>
                    <common:Name xml:lang="en">Durham CC</common:Name>
                    <common:Name xml:lang="fr">Durham CC</common:Name>
                    <structure:Parent>
                        <Ref id="UKC"/>
                    </structure:Parent>
                </structure:Code>
                <structure:Code id="UKC21">
                    <common:Annotations>
                        <common:Annotation>
                            <common:AnnotationType>ORDER</common:AnnotationType>
                            <common:AnnotationText xml:lang="en">25210</common:AnnotationText>
                            <common:AnnotationText xml:lang="fr">25210</common:AnnotationText>
                        </common:Annotation>
                    </common:Annotations>
                    <common:Name xml:lang="en">Northumberland</common:Name>
                    <common:Name xml:lang="fr">Northumberland</common:Name>
                    <structure:Parent>
                        <Ref id="UKC"/>
                    </structure:Parent>
                </structure:Code>
                <structure:Code id="UKC22">
                    <common:Annotations>
                        <common:Annotation>
                            <common:AnnotationType>ORDER</common:AnnotationType>
                            <common:AnnotationText xml:lang="en">25220</common:AnnotationText>
                            <common:AnnotationText xml:lang="fr">25220</common:AnnotationText>
                        </common:Annotation>
                    </common:Annotations>
                    <common:Name xml:lang="en">Tyneside</common:Name>
                    <common:Name xml:lang="fr">Tyneside</common:Name>
                    <structure:Parent>
                        <Ref id="UKC"/>
                    </structure:Parent>
                </structure:Code>
                <structure:Code id="UKC23">
                    <common:Annotations>
                        <common:Annotation>
                            <common:AnnotationType>ORDER</common:AnnotationType>
                            <common:AnnotationText xml:lang="en">25230</common:AnnotationText>
                            <common:AnnotationText xml:lang="fr">25230</common:AnnotationText>
                        </common:Annotation>
                    </common:Annotations>
                    <common:Name xml:lang="en">Sunderland</common:Name>
                    <common:Name xml:lang="fr">Sunderland</common:Name>
                    <structure:Parent>
                        <Ref id="UKC"/>
                    </structure:Parent>
                </structure:Code>
                <structure:Code id="UKD">
                    <common:Annotations>
                        <common:Annotation>
                            <common:AnnotationType>ORDER</common:AnnotationType>
                            <common:AnnotationText xml:lang="en">25240</common:AnnotationText>
                            <common:AnnotationText xml:lang="fr">25240</common:AnnotationText>
                        </common:Annotation>
                    </common:Annotations>
                    <common:Name xml:lang="en">North West England</common:Name>
                    <common:Name xml:lang="fr">North West England</common:Name>
                    <structure:Parent>
                        <Ref id="GBR"/>
                    </structure:Parent>
                </structure:Code>
                <structure:Code id="UKD11">
                    <common:Annotations>
                        <common:Annotation>
                            <common:AnnotationType>ORDER</common:AnnotationType>
                            <common:AnnotationText xml:lang="en">25250</common:AnnotationText>
                            <common:AnnotationText xml:lang="fr">25250</common:AnnotationText>
                        </common:Annotation>
                    </common:Annotations>
                    <common:Name xml:lang="en">West Cumbria</common:Name>
                    <common:Name xml:lang="fr">West Cumbria</common:Name>
                    <structure:Parent>
                        <Ref id="UKD"/>
                    </structure:Parent>
                </structure:Code>
                <structure:Code id="UKD12">
                    <common:Annotations>
                        <common:Annotation>
                            <common:AnnotationType>ORDER</common:AnnotationType>
                            <common:AnnotationText xml:lang="en">25260</common:AnnotationText>
                            <common:AnnotationText xml:lang="fr">25260</common:AnnotationText>
                        </common:Annotation>
                    </common:Annotations>
                    <common:Name xml:lang="en">East Cumbria</common:Name>
                    <common:Name xml:lang="fr">East Cumbria</common:Name>
                    <structure:Parent>
                        <Ref id="UKD"/>
                    </structure:Parent>
                </structure:Code>
                <structure:Code id="UKD33">
                    <common:Annotations>
                        <common:Annotation>
                            <common:AnnotationType>ORDER</common:AnnotationType>
                            <common:AnnotationText xml:lang="en">25270</common:AnnotationText>
                            <common:AnnotationText xml:lang="fr">25270</common:AnnotationText>
                        </common:Annotation>
                    </common:Annotations>
                    <common:Name xml:lang="en">Manchester</common:Name>
                    <common:Name xml:lang="fr">Manchester</common:Name>
                    <structure:Parent>
                        <Ref id="UKD"/>
                    </structure:Parent>
                </structure:Code>
                <structure:Code id="UKD34">
                    <common:Annotations>
                        <common:Annotation>
                            <common:AnnotationType>ORDER</common:AnnotationType>
                            <common:AnnotationText xml:lang="en">25280</common:AnnotationText>
                            <common:AnnotationText xml:lang="fr">25280</common:AnnotationText>
                        </common:Annotation>
                    </common:Annotations>
                    <common:Name xml:lang="en">Greater Manchester South West</common:Name>
                    <common:Name xml:lang="fr">Greater Manchester South West</common:Name>
                    <structure:Parent>
                        <Ref id="UKD"/>
                    </structure:Parent>
                </structure:Code>
                <structure:Code id="UKD35">
                    <common:Annotations>
                        <common:Annotation>
                            <common:AnnotationType>ORDER</common:AnnotationType>
                            <common:AnnotationText xml:lang="en">25290</common:AnnotationText>
                            <common:AnnotationText xml:lang="fr">25290</common:AnnotationText>
                        </common:Annotation>
                    </common:Annotations>
                    <common:Name xml:lang="en">Greater Manchester South East</common:Name>
                    <common:Name xml:lang="fr">Greater Manchester South East</common:Name>
                    <structure:Parent>
                        <Ref id="UKD"/>
                    </structure:Parent>
                </structure:Code>
                <structure:Code id="UKD36">
                    <common:Annotations>
                        <common:Annotation>
                            <common:AnnotationType>ORDER</common:AnnotationType>
                            <common:AnnotationText xml:lang="en">25300</common:AnnotationText>
                            <common:AnnotationText xml:lang="fr">25300</common:AnnotationText>
                        </common:Annotation>
                    </common:Annotations>
                    <common:Name xml:lang="en">Greater Manchester North West</common:Name>
                    <common:Name xml:lang="fr">Greater Manchester North West</common:Name>
                    <structure:Parent>
                        <Ref id="UKD"/>
                    </structure:Parent>
                </structure:Code>
                <structure:Code id="UKD37">
                    <common:Annotations>
                        <common:Annotation>
                            <common:AnnotationType>ORDER</common:AnnotationType>
                            <common:AnnotationText xml:lang="en">25310</common:AnnotationText>
                            <common:AnnotationText xml:lang="fr">25310</common:AnnotationText>
                        </common:Annotation>
                    </common:Annotations>
                    <common:Name xml:lang="en">Greater Manchester North East</common:Name>
                    <common:Name xml:lang="fr">Greater Manchester North East</common:Name>
                    <structure:Parent>
                        <Ref id="UKD"/>
                    </structure:Parent>
                </structure:Code>
                <structure:Code id="UKD41">
                    <common:Annotations>
                        <common:Annotation>
                            <common:AnnotationType>ORDER</common:AnnotationType>
                            <common:AnnotationText xml:lang="en">25320</common:AnnotationText>
                            <common:AnnotationText xml:lang="fr">25320</common:AnnotationText>
                        </common:Annotation>
                    </common:Annotations>
                    <common:Name xml:lang="en">Blackburn with Darwen</common:Name>
                    <common:Name xml:lang="fr">Blackburn with Darwen</common:Name>
                    <structure:Parent>
                        <Ref id="UKD"/>
                    </structure:Parent>
                </structure:Code>
                <structure:Code id="UKD42">
                    <common:Annotations>
                        <common:Annotation>
                            <common:AnnotationType>ORDER</common:AnnotationType>
                            <common:AnnotationText xml:lang="en">25330</common:AnnotationText>
                            <common:AnnotationText xml:lang="fr">25330</common:AnnotationText>
                        </common:Annotation>
                    </common:Annotations>
                    <common:Name xml:lang="en">Blackpool</common:Name>
                    <common:Name xml:lang="fr">Blackpool</common:Name>
                    <structure:Parent>
                        <Ref id="UKD"/>
                    </structure:Parent>
                </structure:Code>
                <structure:Code id="UKD44">
                    <common:Annotations>
                        <common:Annotation>
                            <common:AnnotationType>ORDER</common:AnnotationType>
                            <common:AnnotationText xml:lang="en">25340</common:AnnotationText>
                            <common:AnnotationText xml:lang="fr">25340</common:AnnotationText>
                        </common:Annotation>
                    </common:Annotations>
                    <common:Name xml:lang="en">Lancaster &amp; Wyre</common:Name>
                    <common:Name xml:lang="fr">Lancaster &amp; Wyre</common:Name>
                    <structure:Parent>
                        <Ref id="UKD"/>
                    </structure:Parent>
                </structure:Code>
                <structure:Code id="UKD45">
                    <common:Annotations>
                        <common:Annotation>
                            <common:AnnotationType>ORDER</common:AnnotationType>
                            <common:AnnotationText xml:lang="en">25350</common:AnnotationText>
                            <common:AnnotationText xml:lang="fr">25350</common:AnnotationText>
                        </common:Annotation>
                    </common:Annotations>
                    <common:Name xml:lang="en">Mid Lancashire</common:Name>
                    <common:Name xml:lang="fr">Mid Lancashire</common:Name>
                    <structure:Parent>
                        <Ref id="UKD"/>
                    </structure:Parent>
                </structure:Code>
                <structure:Code id="UKD46">
                    <common:Annotations>
                        <common:Annotation>
                            <common:AnnotationType>ORDER</common:AnnotationType>
                            <common:AnnotationText xml:lang="en">25360</common:AnnotationText>
                            <common:AnnotationText xml:lang="fr">25360</common:AnnotationText>
                        </common:Annotation>
                    </common:Annotations>
                    <common:Name xml:lang="en">East Lancashire</common:Name>
                    <common:Name xml:lang="fr">East Lancashire</common:Name>
                    <structure:Parent>
                        <Ref id="UKD"/>
                    </structure:Parent>
                </structure:Code>
                <structure:Code id="UKD47">
                    <common:Annotations>
                        <common:Annotation>
                            <common:AnnotationType>ORDER</common:AnnotationType>
                            <common:AnnotationText xml:lang="en">25370</common:AnnotationText>
                            <common:AnnotationText xml:lang="fr">25370</common:AnnotationText>
                        </common:Annotation>
                    </common:Annotations>
                    <common:Name xml:lang="en">Chorley &amp; West Lancashire</common:Name>
                    <common:Name xml:lang="fr">Chorley &amp; West Lancashire</common:Name>
                    <structure:Parent>
                        <Ref id="UKD"/>
                    </structure:Parent>
                </structure:Code>
                <structure:Code id="UKD61">
                    <common:Annotations>
                        <common:Annotation>
                            <common:AnnotationType>ORDER</common:AnnotationType>
                            <common:AnnotationText xml:lang="en">25380</common:AnnotationText>
                            <common:AnnotationText xml:lang="fr">25380</common:AnnotationText>
                        </common:Annotation>
                    </common:Annotations>
                    <common:Name xml:lang="en">Warrington</common:Name>
                    <common:Name xml:lang="fr">Warrington</common:Name>
                    <structure:Parent>
                        <Ref id="UKD"/>
                    </structure:Parent>
                </structure:Code>
                <structure:Code id="UKD62">
                    <common:Annotations>
                        <common:Annotation>
                            <common:AnnotationType>ORDER</common:AnnotationType>
                            <common:AnnotationText xml:lang="en">25390</common:AnnotationText>
                            <common:AnnotationText xml:lang="fr">25390</common:AnnotationText>
                        </common:Annotation>
                    </common:Annotations>
                    <common:Name xml:lang="en">Cheshire East</common:Name>
                    <common:Name xml:lang="fr">Cheshire East</common:Name>
                    <structure:Parent>
                        <Ref id="UKD"/>
                    </structure:Parent>
                </structure:Code>
                <structure:Code id="UKD63">
                    <common:Annotations>
                        <common:Annotation>
                            <common:AnnotationType>ORDER</common:AnnotationType>
                            <common:AnnotationText xml:lang="en">25400</common:AnnotationText>
                            <common:AnnotationText xml:lang="fr">25400</common:AnnotationText>
                        </common:Annotation>
                    </common:Annotations>
                    <common:Name xml:lang="en">Cheshire West and Chester</common:Name>
                    <common:Name xml:lang="fr">Cheshire West and Chester</common:Name>
                    <structure:Parent>
                        <Ref id="UKD"/>
                    </structure:Parent>
                </structure:Code>
                <structure:Code id="UKD71">
                    <common:Annotations>
                        <common:Annotation>
                            <common:AnnotationType>ORDER</common:AnnotationType>
                            <common:AnnotationText xml:lang="en">25410</common:AnnotationText>
                            <common:AnnotationText xml:lang="fr">25410</common:AnnotationText>
                        </common:Annotation>
                    </common:Annotations>
                    <common:Name xml:lang="en">East Merseyside</common:Name>
                    <common:Name xml:lang="fr">East Merseyside</common:Name>
                    <structure:Parent>
                        <Ref id="UKD"/>
                    </structure:Parent>
                </structure:Code>
                <structure:Code id="UKD72">
                    <common:Annotations>
                        <common:Annotation>
                            <common:AnnotationType>ORDER</common:AnnotationType>
                            <common:AnnotationText xml:lang="en">25420</common:AnnotationText>
                            <common:AnnotationText xml:lang="fr">25420</common:AnnotationText>
                        </common:Annotation>
                    </common:Annotations>
                    <common:Name xml:lang="en">Liverpool</common:Name>
                    <common:Name xml:lang="fr">Liverpool</common:Name>
                    <structure:Parent>
                        <Ref id="UKD"/>
                    </structure:Parent>
                </structure:Code>
                <structure:Code id="UKD73">
                    <common:Annotations>
                        <common:Annotation>
                            <common:AnnotationType>ORDER</common:AnnotationType>
                            <common:AnnotationText xml:lang="en">25430</common:AnnotationText>
                            <common:AnnotationText xml:lang="fr">25430</common:AnnotationText>
                        </common:Annotation>
                    </common:Annotations>
                    <common:Name xml:lang="en">Sefton</common:Name>
                    <common:Name xml:lang="fr">Sefton</common:Name>
                    <structure:Parent>
                        <Ref id="UKD"/>
                    </structure:Parent>
                </structure:Code>
                <structure:Code id="UKD74">
                    <common:Annotations>
                        <common:Annotation>
                            <common:AnnotationType>ORDER</common:AnnotationType>
                            <common:AnnotationText xml:lang="en">25440</common:AnnotationText>
                            <common:AnnotationText xml:lang="fr">25440</common:AnnotationText>
                        </common:Annotation>
                    </common:Annotations>
                    <common:Name xml:lang="en">Wirral</common:Name>
                    <common:Name xml:lang="fr">Wirral</common:Name>
                    <structure:Parent>
                        <Ref id="UKD"/>
                    </structure:Parent>
                </structure:Code>
                <structure:Code id="UKE">
                    <common:Annotations>
                        <common:Annotation>
                            <common:AnnotationType>ORDER</common:AnnotationType>
                            <common:AnnotationText xml:lang="en">25450</common:AnnotationText>
                            <common:AnnotationText xml:lang="fr">25450</common:AnnotationText>
                        </common:Annotation>
                    </common:Annotations>
                    <common:Name xml:lang="en">Yorkshire and The Humber</common:Name>
                    <common:Name xml:lang="fr">Yorkshire and The Humber</common:Name>
                    <structure:Parent>
                        <Ref id="GBR"/>
                    </structure:Parent>
                </structure:Code>
                <structure:Code id="UKE11">
                    <common:Annotations>
                        <common:Annotation>
                            <common:AnnotationType>ORDER</common:AnnotationType>
                            <common:AnnotationText xml:lang="en">25460</common:AnnotationText>
                            <common:AnnotationText xml:lang="fr">25460</common:AnnotationText>
                        </common:Annotation>
                    </common:Annotations>
                    <common:Name xml:lang="en">Kingston Upon Hull, City of</common:Name>
                    <common:Name xml:lang="fr">Kingston Upon Hull, City of</common:Name>
                    <structure:Parent>
                        <Ref id="UKE"/>
                    </structure:Parent>
                </structure:Code>
                <structure:Code id="UKE12">
                    <common:Annotations>
                        <common:Annotation>
                            <common:AnnotationType>ORDER</common:AnnotationType>
                            <common:AnnotationText xml:lang="en">25470</common:AnnotationText>
                            <common:AnnotationText xml:lang="fr">25470</common:AnnotationText>
                        </common:Annotation>
                    </common:Annotations>
                    <common:Name xml:lang="en">East Riding of Yorkshire</common:Name>
                    <common:Name xml:lang="fr">East Riding of Yorkshire</common:Name>
                    <structure:Parent>
                        <Ref id="UKE"/>
                    </structure:Parent>
                </structure:Code>
                <structure:Code id="UKE13">
                    <common:Annotations>
                        <common:Annotation>
                            <common:AnnotationType>ORDER</common:AnnotationType>
                            <common:AnnotationText xml:lang="en">25480</common:AnnotationText>
                            <common:AnnotationText xml:lang="fr">25480</common:AnnotationText>
                        </common:Annotation>
                    </common:Annotations>
                    <common:Name xml:lang="en">North and North East Lincolnshire</common:Name>
                    <common:Name xml:lang="fr">North and North East Lincolnshire</common:Name>
                    <structure:Parent>
                        <Ref id="UKE"/>
                    </structure:Parent>
                </structure:Code>
                <structure:Code id="UKE21">
                    <common:Annotations>
                        <common:Annotation>
                            <common:AnnotationType>ORDER</common:AnnotationType>
                            <common:AnnotationText xml:lang="en">25490</common:AnnotationText>
                            <common:AnnotationText xml:lang="fr">25490</common:AnnotationText>
                        </common:Annotation>
                    </common:Annotations>
                    <common:Name xml:lang="en">York</common:Name>
                    <common:Name xml:lang="fr">York</common:Name>
                    <structure:Parent>
                        <Ref id="UKE"/>
                    </structure:Parent>
                </structure:Code>
                <structure:Code id="UKE22">
                    <common:Annotations>
                        <common:Annotation>
                            <common:AnnotationType>ORDER</common:AnnotationType>
                            <common:AnnotationText xml:lang="en">25500</common:AnnotationText>
                            <common:AnnotationText xml:lang="fr">25500</common:AnnotationText>
                        </common:Annotation>
                    </common:Annotations>
                    <common:Name xml:lang="en">North Yorkshire CC</common:Name>
                    <common:Name xml:lang="fr">North Yorkshire CC</common:Name>
                    <structure:Parent>
                        <Ref id="UKE"/>
                    </structure:Parent>
                </structure:Code>
                <structure:Code id="UKE31">
                    <common:Annotations>
                        <common:Annotation>
                            <common:AnnotationType>ORDER</common:AnnotationType>
                            <common:AnnotationText xml:lang="en">25510</common:AnnotationText>
                            <common:AnnotationText xml:lang="fr">25510</common:AnnotationText>
                        </common:Annotation>
                    </common:Annotations>
                    <common:Name xml:lang="en">Barnsley, Doncaster and Rotherham</common:Name>
                    <common:Name xml:lang="fr">Barnsley, Doncaster and Rotherham</common:Name>
                    <structure:Parent>
                        <Ref id="UKE"/>
                    </structure:Parent>
                </structure:Code>
                <structure:Code id="UKE32">
                    <common:Annotations>
                        <common:Annotation>
                            <common:AnnotationType>ORDER</common:AnnotationType>
                            <common:AnnotationText xml:lang="en">25520</common:AnnotationText>
                            <common:AnnotationText xml:lang="fr">25520</common:AnnotationText>
                        </common:Annotation>
                    </common:Annotations>
                    <common:Name xml:lang="en">Sheffield</common:Name>
                    <common:Name xml:lang="fr">Sheffield</common:Name>
                    <structure:Parent>
                        <Ref id="UKE"/>
                    </structure:Parent>
                </structure:Code>
                <structure:Code id="UKE41">
                    <common:Annotations>
                        <common:Annotation>
                            <common:AnnotationType>ORDER</common:AnnotationType>
                            <common:AnnotationText xml:lang="en">25530</common:AnnotationText>
                            <common:AnnotationText xml:lang="fr">25530</common:AnnotationText>
                        </common:Annotation>
                    </common:Annotations>
                    <common:Name xml:lang="en">Bradford</common:Name>
                    <common:Name xml:lang="fr">Bradford</common:Name>
                    <structure:Parent>
                        <Ref id="UKE"/>
                    </structure:Parent>
                </structure:Code>
                <structure:Code id="UKE42">
                    <common:Annotations>
                        <common:Annotation>
                            <common:AnnotationType>ORDER</common:AnnotationType>
                            <common:AnnotationText xml:lang="en">25540</common:AnnotationText>
                            <common:AnnotationText xml:lang="fr">25540</common:AnnotationText>
                        </common:Annotation>
                    </common:Annotations>
                    <common:Name xml:lang="en">Leeds</common:Name>
                    <common:Name xml:lang="fr">Leeds</common:Name>
                    <structure:Parent>
                        <Ref id="UKE"/>
                    </structure:Parent>
                </structure:Code>
                <structure:Code id="UKE44">
                    <common:Annotations>
                        <common:Annotation>
                            <common:AnnotationType>ORDER</common:AnnotationType>
                            <common:AnnotationText xml:lang="en">25550</common:AnnotationText>
                            <common:AnnotationText xml:lang="fr">25550</common:AnnotationText>
                        </common:Annotation>
                    </common:Annotations>
                    <common:Name xml:lang="en">Calderdale and Kirklees</common:Name>
                    <common:Name xml:lang="fr">Calderdale and Kirklees</common:Name>
                    <structure:Parent>
                        <Ref id="UKE"/>
                    </structure:Parent>
                </structure:Code>
                <structure:Code id="UKE45">
                    <common:Annotations>
                        <common:Annotation>
                            <common:AnnotationType>ORDER</common:AnnotationType>
                            <common:AnnotationText xml:lang="en">25560</common:AnnotationText>
                            <common:AnnotationText xml:lang="fr">25560</common:AnnotationText>
                        </common:Annotation>
                    </common:Annotations>
                    <common:Name xml:lang="en">Wakefield</common:Name>
                    <common:Name xml:lang="fr">Wakefield</common:Name>
                    <structure:Parent>
                        <Ref id="UKE"/>
                    </structure:Parent>
                </structure:Code>
                <structure:Code id="UKF">
                    <common:Annotations>
                        <common:Annotation>
                            <common:AnnotationType>ORDER</common:AnnotationType>
                            <common:AnnotationText xml:lang="en">25570</common:AnnotationText>
                            <common:AnnotationText xml:lang="fr">25570</common:AnnotationText>
                        </common:Annotation>
                    </common:Annotations>
                    <common:Name xml:lang="en">East Midlands</common:Name>
                    <common:Name xml:lang="fr">East Midlands</common:Name>
                    <structure:Parent>
                        <Ref id="GBR"/>
                    </structure:Parent>
                </structure:Code>
                <structure:Code id="UKF11">
                    <common:Annotations>
                        <common:Annotation>
                            <common:AnnotationType>ORDER</common:AnnotationType>
                            <common:AnnotationText xml:lang="en">25580</common:AnnotationText>
                            <common:AnnotationText xml:lang="fr">25580</common:AnnotationText>
                        </common:Annotation>
                    </common:Annotations>
                    <common:Name xml:lang="en">Derby</common:Name>
                    <common:Name xml:lang="fr">Derby</common:Name>
                    <structure:Parent>
                        <Ref id="UKF"/>
                    </structure:Parent>
                </structure:Code>
                <structure:Code id="UKF12">
                    <common:Annotations>
                        <common:Annotation>
                            <common:AnnotationType>ORDER</common:AnnotationType>
                            <common:AnnotationText xml:lang="en">25590</common:AnnotationText>
                            <common:AnnotationText xml:lang="fr">25590</common:AnnotationText>
                        </common:Annotation>
                    </common:Annotations>
                    <common:Name xml:lang="en">East Derbyshire</common:Name>
                    <common:Name xml:lang="fr">East Derbyshire</common:Name>
                    <structure:Parent>
                        <Ref id="UKF"/>
                    </structure:Parent>
                </structure:Code>
                <structure:Code id="UKF13">
                    <common:Annotations>
                        <common:Annotation>
                            <common:AnnotationType>ORDER</common:AnnotationType>
                            <common:AnnotationText xml:lang="en">25600</common:AnnotationText>
                            <common:AnnotationText xml:lang="fr">25600</common:AnnotationText>
                        </common:Annotation>
                    </common:Annotations>
                    <common:Name xml:lang="en">South and West Derbyshire</common:Name>
                    <common:Name xml:lang="fr">South and West Derbyshire</common:Name>
                    <structure:Parent>
                        <Ref id="UKF"/>
                    </structure:Parent>
                </structure:Code>
                <structure:Code id="UKF14">
                    <common:Annotations>
                        <common:Annotation>
                            <common:AnnotationType>ORDER</common:AnnotationType>
                            <common:AnnotationText xml:lang="en">25610</common:AnnotationText>
                            <common:AnnotationText xml:lang="fr">25610</common:AnnotationText>
                        </common:Annotation>
                    </common:Annotations>
                    <common:Name xml:lang="en">Nottingham</common:Name>
                    <common:Name xml:lang="fr">Nottingham</common:Name>
                    <structure:Parent>
                        <Ref id="UKF"/>
                    </structure:Parent>
                </structure:Code>
                <structure:Code id="UKF15">
                    <common:Annotations>
                        <common:Annotation>
                            <common:AnnotationType>ORDER</common:AnnotationType>
                            <common:AnnotationText xml:lang="en">25620</common:AnnotationText>
                            <common:AnnotationText xml:lang="fr">25620</common:AnnotationText>
                        </common:Annotation>
                    </common:Annotations>
                    <common:Name xml:lang="en">North Nottinghamshire</common:Name>
                    <common:Name xml:lang="fr">North Nottinghamshire</common:Name>
                    <structure:Parent>
                        <Ref id="UKF"/>
                    </structure:Parent>
                </structure:Code>
                <structure:Code id="UKF16">
                    <common:Annotations>
                        <common:Annotation>
                            <common:AnnotationType>ORDER</common:AnnotationType>
                            <common:AnnotationText xml:lang="en">25630</common:AnnotationText>
                            <common:AnnotationText xml:lang="fr">25630</common:AnnotationText>
                        </common:Annotation>
                    </common:Annotations>
                    <common:Name xml:lang="en">South Nottinghamshire</common:Name>
                    <common:Name xml:lang="fr">South Nottinghamshire</common:Name>
                    <structure:Parent>
                        <Ref id="UKF"/>
                    </structure:Parent>
                </structure:Code>
                <structure:Code id="UKF21">
                    <common:Annotations>
                        <common:Annotation>
                            <common:AnnotationType>ORDER</common:AnnotationType>
                            <common:AnnotationText xml:lang="en">25640</common:AnnotationText>
                            <common:AnnotationText xml:lang="fr">25640</common:AnnotationText>
                        </common:Annotation>
                    </common:Annotations>
                    <common:Name xml:lang="en">Leicester</common:Name>
                    <common:Name xml:lang="fr">Leicester</common:Name>
                    <structure:Parent>
                        <Ref id="UKF"/>
                    </structure:Parent>
                </structure:Code>
                <structure:Code id="UKF22">
                    <common:Annotations>
                        <common:Annotation>
                            <common:AnnotationType>ORDER</common:AnnotationType>
                            <common:AnnotationText xml:lang="en">25650</common:AnnotationText>
                            <common:AnnotationText xml:lang="fr">25650</common:AnnotationText>
                        </common:Annotation>
                    </common:Annotations>
                    <common:Name xml:lang="en">Leicestershire CC and Rutland</common:Name>
                    <common:Name xml:lang="fr">Leicestershire CC and Rutland</common:Name>
                    <structure:Parent>
                        <Ref id="UKF"/>
                    </structure:Parent>
                </structure:Code>
                <structure:Code id="UKF24">
                    <common:Annotations>
                        <common:Annotation>
                            <common:AnnotationType>ORDER</common:AnnotationType>
                            <common:AnnotationText xml:lang="en">25660</common:AnnotationText>
                            <common:AnnotationText xml:lang="fr">25660</common:AnnotationText>
                        </common:Annotation>
                    </common:Annotations>
                    <common:Name xml:lang="en">West Northamptonshire</common:Name>
                    <common:Name xml:lang="fr">West Northamptonshire</common:Name>
                    <structure:Parent>
                        <Ref id="UKF"/>
                    </structure:Parent>
                </structure:Code>
                <structure:Code id="UKF25">
                    <common:Annotations>
                        <common:Annotation>
                            <common:AnnotationType>ORDER</common:AnnotationType>
                            <common:AnnotationText xml:lang="en">25670</common:AnnotationText>
                            <common:AnnotationText xml:lang="fr">25670</common:AnnotationText>
                        </common:Annotation>
                    </common:Annotations>
                    <common:Name xml:lang="en">North Northamptonshire</common:Name>
                    <common:Name xml:lang="fr">North Northamptonshire</common:Name>
                    <structure:Parent>
                        <Ref id="UKF"/>
                    </structure:Parent>
                </structure:Code>
                <structure:Code id="UKF30">
                    <common:Annotations>
                        <common:Annotation>
                            <common:AnnotationType>ORDER</common:AnnotationType>
                            <common:AnnotationText xml:lang="en">25680</common:AnnotationText>
                            <common:AnnotationText xml:lang="fr">25680</common:AnnotationText>
                        </common:Annotation>
                    </common:Annotations>
                    <common:Name xml:lang="en">Lincolnshire</common:Name>
                    <common:Name xml:lang="fr">Lincolnshire</common:Name>
                    <structure:Parent>
                        <Ref id="UKF"/>
                    </structure:Parent>
                </structure:Code>
                <structure:Code id="UKG">
                    <common:Annotations>
                        <common:Annotation>
                            <common:AnnotationType>ORDER</common:AnnotationType>
                            <common:AnnotationText xml:lang="en">25690</common:AnnotationText>
                            <common:AnnotationText xml:lang="fr">25690</common:AnnotationText>
                        </common:Annotation>
                    </common:Annotations>
                    <common:Name xml:lang="en">West Midlands</common:Name>
                    <common:Name xml:lang="fr">West Midlands</common:Name>
                    <structure:Parent>
                        <Ref id="GBR"/>
                    </structure:Parent>
                </structure:Code>
                <structure:Code id="UKG11">
                    <common:Annotations>
                        <common:Annotation>
                            <common:AnnotationType>ORDER</common:AnnotationType>
                            <common:AnnotationText xml:lang="en">25700</common:AnnotationText>
                            <common:AnnotationText xml:lang="fr">25700</common:AnnotationText>
                        </common:Annotation>
                    </common:Annotations>
                    <common:Name xml:lang="en">Herefordshire, County of</common:Name>
                    <common:Name xml:lang="fr">Herefordshire, County of</common:Name>
                    <structure:Parent>
                        <Ref id="UKG"/>
                    </structure:Parent>
                </structure:Code>
                <structure:Code id="UKG12">
                    <common:Annotations>
                        <common:Annotation>
                            <common:AnnotationType>ORDER</common:AnnotationType>
                            <common:AnnotationText xml:lang="en">25710</common:AnnotationText>
                            <common:AnnotationText xml:lang="fr">25710</common:AnnotationText>
                        </common:Annotation>
                    </common:Annotations>
                    <common:Name xml:lang="en">Worcestershire</common:Name>
                    <common:Name xml:lang="fr">Worcestershire</common:Name>
                    <structure:Parent>
                        <Ref id="UKG"/>
                    </structure:Parent>
                </structure:Code>
                <structure:Code id="UKG13">
                    <common:Annotations>
                        <common:Annotation>
                            <common:AnnotationType>ORDER</common:AnnotationType>
                            <common:AnnotationText xml:lang="en">25720</common:AnnotationText>
                            <common:AnnotationText xml:lang="fr">25720</common:AnnotationText>
                        </common:Annotation>
                    </common:Annotations>
                    <common:Name xml:lang="en">Warwickshire</common:Name>
                    <common:Name xml:lang="fr">Warwickshire</common:Name>
                    <structure:Parent>
                        <Ref id="UKG"/>
                    </structure:Parent>
                </structure:Code>
                <structure:Code id="UKG21">
                    <common:Annotations>
                        <common:Annotation>
                            <common:AnnotationType>ORDER</common:AnnotationType>
                            <common:AnnotationText xml:lang="en">25730</common:AnnotationText>
                            <common:AnnotationText xml:lang="fr">25730</common:AnnotationText>
                        </common:Annotation>
                    </common:Annotations>
                    <common:Name xml:lang="en">Telford and Wrekin</common:Name>
                    <common:Name xml:lang="fr">Telford and Wrekin</common:Name>
                    <structure:Parent>
                        <Ref id="UKG"/>
                    </structure:Parent>
                </structure:Code>
                <structure:Code id="UKG22">
                    <common:Annotations>
                        <common:Annotation>
                            <common:AnnotationType>ORDER</common:AnnotationType>
                            <common:AnnotationText xml:lang="en">25740</common:AnnotationText>
                            <common:AnnotationText xml:lang="fr">25740</common:AnnotationText>
                        </common:Annotation>
                    </common:Annotations>
                    <common:Name xml:lang="en">Shropshire CC</common:Name>
                    <common:Name xml:lang="fr">Shropshire CC</common:Name>
                    <structure:Parent>
                        <Ref id="UKG"/>
                    </structure:Parent>
                </structure:Code>
                <structure:Code id="UKG23">
                    <common:Annotations>
                        <common:Annotation>
                            <common:AnnotationType>ORDER</common:AnnotationType>
                            <common:AnnotationText xml:lang="en">25750</common:AnnotationText>
                            <common:AnnotationText xml:lang="fr">25750</common:AnnotationText>
                        </common:Annotation>
                    </common:Annotations>
                    <common:Name xml:lang="en">Stoke-on-Trent</common:Name>
                    <common:Name xml:lang="fr">Stoke-on-Trent</common:Name>
                    <structure:Parent>
                        <Ref id="UKG"/>
                    </structure:Parent>
                </structure:Code>
                <structure:Code id="UKG24">
                    <common:Annotations>
                        <common:Annotation>
                            <common:AnnotationType>ORDER</common:AnnotationType>
                            <common:AnnotationText xml:lang="en">25760</common:AnnotationText>
                            <common:AnnotationText xml:lang="fr">25760</common:AnnotationText>
                        </common:Annotation>
                    </common:Annotations>
                    <common:Name xml:lang="en">Staffordshire CC</common:Name>
                    <common:Name xml:lang="fr">Staffordshire CC</common:Name>
                    <structure:Parent>
                        <Ref id="UKG"/>
                    </structure:Parent>
                </structure:Code>
                <structure:Code id="UKG31">
                    <common:Annotations>
                        <common:Annotation>
                            <common:AnnotationType>ORDER</common:AnnotationType>
                            <common:AnnotationText xml:lang="en">25770</common:AnnotationText>
                            <common:AnnotationText xml:lang="fr">25770</common:AnnotationText>
                        </common:Annotation>
                    </common:Annotations>
                    <common:Name xml:lang="en">Birmingham</common:Name>
                    <common:Name xml:lang="fr">Birmingham</common:Name>
                    <structure:Parent>
                        <Ref id="UKG"/>
                    </structure:Parent>
                </structure:Code>
                <structure:Code id="UKG32">
                    <common:Annotations>
                        <common:Annotation>
                            <common:AnnotationType>ORDER</common:AnnotationType>
                            <common:AnnotationText xml:lang="en">25780</common:AnnotationText>
                            <common:AnnotationText xml:lang="fr">25780</common:AnnotationText>
                        </common:Annotation>
                    </common:Annotations>
                    <common:Name xml:lang="en">Solihull</common:Name>
                    <common:Name xml:lang="fr">Solihull</common:Name>
                    <structure:Parent>
                        <Ref id="UKG"/>
                    </structure:Parent>
                </structure:Code>
                <structure:Code id="UKG33">
                    <common:Annotations>
                        <common:Annotation>
                            <common:AnnotationType>ORDER</common:AnnotationType>
                            <common:AnnotationText xml:lang="en">25790</common:AnnotationText>
                            <common:AnnotationText xml:lang="fr">25790</common:AnnotationText>
                        </common:Annotation>
                    </common:Annotations>
                    <common:Name xml:lang="en">Coventry</common:Name>
                    <common:Name xml:lang="fr">Coventry</common:Name>
                    <structure:Parent>
                        <Ref id="UKG"/>
                    </structure:Parent>
                </structure:Code>
                <structure:Code id="UKG36">
                    <common:Annotations>
                        <common:Annotation>
                            <common:AnnotationType>ORDER</common:AnnotationType>
                            <common:AnnotationText xml:lang="en">25800</common:AnnotationText>
                            <common:AnnotationText xml:lang="fr">25800</common:AnnotationText>
                        </common:Annotation>
                    </common:Annotations>
                    <common:Name xml:lang="en">Dudley</common:Name>
                    <common:Name xml:lang="fr">Dudley</common:Name>
                    <structure:Parent>
                        <Ref id="UKG"/>
                    </structure:Parent>
                </structure:Code>
                <structure:Code id="UKG37">
                    <common:Annotations>
                        <common:Annotation>
                            <common:AnnotationType>ORDER</common:AnnotationType>
                            <common:AnnotationText xml:lang="en">25810</common:AnnotationText>
                            <common:AnnotationText xml:lang="fr">25810</common:AnnotationText>
                        </common:Annotation>
                    </common:Annotations>
                    <common:Name xml:lang="en">Sandwell</common:Name>
                    <common:Name xml:lang="fr">Sandwell</common:Name>
                    <structure:Parent>
                        <Ref id="UKG"/>
                    </structure:Parent>
                </structure:Code>
                <structure:Code id="UKG38">
                    <common:Annotations>
                        <common:Annotation>
                            <common:AnnotationType>ORDER</common:AnnotationType>
                            <common:AnnotationText xml:lang="en">25820</common:AnnotationText>
                            <common:AnnotationText xml:lang="fr">25820</common:AnnotationText>
                        </common:Annotation>
                    </common:Annotations>
                    <common:Name xml:lang="en">Walsall</common:Name>
                    <common:Name xml:lang="fr">Walsall</common:Name>
                    <structure:Parent>
                        <Ref id="UKG"/>
                    </structure:Parent>
                </structure:Code>
                <structure:Code id="UKG39">
                    <common:Annotations>
                        <common:Annotation>
                            <common:AnnotationType>ORDER</common:AnnotationType>
                            <common:AnnotationText xml:lang="en">25830</common:AnnotationText>
                            <common:AnnotationText xml:lang="fr">25830</common:AnnotationText>
                        </common:Annotation>
                    </common:Annotations>
                    <common:Name xml:lang="en">Wolverhampton</common:Name>
                    <common:Name xml:lang="fr">Wolverhampton</common:Name>
                    <structure:Parent>
                        <Ref id="UKG"/>
                    </structure:Parent>
                </structure:Code>
                <structure:Code id="UKH">
                    <common:Annotations>
                        <common:Annotation>
                            <common:AnnotationType>ORDER</common:AnnotationType>
                            <common:AnnotationText xml:lang="en">25840</common:AnnotationText>
                            <common:AnnotationText xml:lang="fr">25840</common:AnnotationText>
                        </common:Annotation>
                    </common:Annotations>
                    <common:Name xml:lang="en">East of England</common:Name>
                    <common:Name xml:lang="fr">East of England</common:Name>
                    <structure:Parent>
                        <Ref id="GBR"/>
                    </structure:Parent>
                </structure:Code>
                <structure:Code id="UKH11">
                    <common:Annotations>
                        <common:Annotation>
                            <common:AnnotationType>ORDER</common:AnnotationType>
                            <common:AnnotationText xml:lang="en">25850</common:AnnotationText>
                            <common:AnnotationText xml:lang="fr">25850</common:AnnotationText>
                        </common:Annotation>
                    </common:Annotations>
                    <common:Name xml:lang="en">Peterborough</common:Name>
                    <common:Name xml:lang="fr">Peterborough</common:Name>
                    <structure:Parent>
                        <Ref id="UKH"/>
                    </structure:Parent>
                </structure:Code>
                <structure:Code id="UKH12">
                    <common:Annotations>
                        <common:Annotation>
                            <common:AnnotationType>ORDER</common:AnnotationType>
                            <common:AnnotationText xml:lang="en">25860</common:AnnotationText>
                            <common:AnnotationText xml:lang="fr">25860</common:AnnotationText>
                        </common:Annotation>
                    </common:Annotations>
                    <common:Name xml:lang="en">Cambridgeshire CC</common:Name>
                    <common:Name xml:lang="fr">Cambridgeshire CC</common:Name>
                    <structure:Parent>
                        <Ref id="UKH"/>
                    </structure:Parent>
                </structure:Code>
                <structure:Code id="UKH14">
                    <common:Annotations>
                        <common:Annotation>
                            <common:AnnotationType>ORDER</common:AnnotationType>
                            <common:AnnotationText xml:lang="en">25870</common:AnnotationText>
                            <common:AnnotationText xml:lang="fr">25870</common:AnnotationText>
                        </common:Annotation>
                    </common:Annotations>
                    <common:Name xml:lang="en">Suffolk</common:Name>
                    <common:Name xml:lang="fr">Suffolk</common:Name>
                    <structure:Parent>
                        <Ref id="UKH"/>
                    </structure:Parent>
                </structure:Code>
                <structure:Code id="UKH15">
                    <common:Annotations>
                        <common:Annotation>
                            <common:AnnotationType>ORDER</common:AnnotationType>
                            <common:AnnotationText xml:lang="en">25880</common:AnnotationText>
                            <common:AnnotationText xml:lang="fr">25880</common:AnnotationText>
                        </common:Annotation>
                    </common:Annotations>
                    <common:Name xml:lang="en">Norwich &amp; East Norfolk</common:Name>
                    <common:Name xml:lang="fr">Norwich &amp; East Norfolk</common:Name>
                    <structure:Parent>
                        <Ref id="UKH"/>
                    </structure:Parent>
                </structure:Code>
                <structure:Code id="UKH16">
                    <common:Annotations>
                        <common:Annotation>
                            <common:AnnotationType>ORDER</common:AnnotationType>
                            <common:AnnotationText xml:lang="en">25890</common:AnnotationText>
                            <common:AnnotationText xml:lang="fr">25890</common:AnnotationText>
                        </common:Annotation>
                    </common:Annotations>
                    <common:Name xml:lang="en">North &amp; West Norfolk</common:Name>
                    <common:Name xml:lang="fr">North &amp; West Norfolk</common:Name>
                    <structure:Parent>
                        <Ref id="UKH"/>
                    </structure:Parent>
                </structure:Code>
                <structure:Code id="UKH17">
                    <common:Annotations>
                        <common:Annotation>
                            <common:AnnotationType>ORDER</common:AnnotationType>
                            <common:AnnotationText xml:lang="en">25900</common:AnnotationText>
                            <common:AnnotationText xml:lang="fr">25900</common:AnnotationText>
                        </common:Annotation>
                    </common:Annotations>
                    <common:Name xml:lang="en">Breckland &amp; South Norfolk</common:Name>
                    <common:Name xml:lang="fr">Breckland &amp; South Norfolk</common:Name>
                    <structure:Parent>
                        <Ref id="UKH"/>
                    </structure:Parent>
                </structure:Code>
                <structure:Code id="UKH21">
                    <common:Annotations>
                        <common:Annotation>
                            <common:AnnotationType>ORDER</common:AnnotationType>
                            <common:AnnotationText xml:lang="en">25910</common:AnnotationText>
                            <common:AnnotationText xml:lang="fr">25910</common:AnnotationText>
                        </common:Annotation>
                    </common:Annotations>
                    <common:Name xml:lang="en">Luton</common:Name>
                    <common:Name xml:lang="fr">Luton</common:Name>
                    <structure:Parent>
                        <Ref id="UKH"/>
                    </structure:Parent>
                </structure:Code>
                <structure:Code id="UKH23">
                    <common:Annotations>
                        <common:Annotation>
                            <common:AnnotationType>ORDER</common:AnnotationType>
                            <common:AnnotationText xml:lang="en">25920</common:AnnotationText>
                            <common:AnnotationText xml:lang="fr">25920</common:AnnotationText>
                        </common:Annotation>
                    </common:Annotations>
                    <common:Name xml:lang="en">Hertfordshire</common:Name>
                    <common:Name xml:lang="fr">Hertfordshire</common:Name>
                    <structure:Parent>
                        <Ref id="UKH"/>
                    </structure:Parent>
                </structure:Code>
                <structure:Code id="UKH24">
                    <common:Annotations>
                        <common:Annotation>
                            <common:AnnotationType>ORDER</common:AnnotationType>
                            <common:AnnotationText xml:lang="en">25930</common:AnnotationText>
                            <common:AnnotationText xml:lang="fr">25930</common:AnnotationText>
                        </common:Annotation>
                    </common:Annotations>
                    <common:Name xml:lang="en">Bedford</common:Name>
                    <common:Name xml:lang="fr">Bedford</common:Name>
                    <structure:Parent>
                        <Ref id="UKH"/>
                    </structure:Parent>
                </structure:Code>
                <structure:Code id="UKH25">
                    <common:Annotations>
                        <common:Annotation>
                            <common:AnnotationType>ORDER</common:AnnotationType>
                            <common:AnnotationText xml:lang="en">25940</common:AnnotationText>
                            <common:AnnotationText xml:lang="fr">25940</common:AnnotationText>
                        </common:Annotation>
                    </common:Annotations>
                    <common:Name xml:lang="en">Central Bedfordshire</common:Name>
                    <common:Name xml:lang="fr">Central Bedfordshire</common:Name>
                    <structure:Parent>
                        <Ref id="UKH"/>
                    </structure:Parent>
                </structure:Code>
                <structure:Code id="UKH31">
                    <common:Annotations>
                        <common:Annotation>
                            <common:AnnotationType>ORDER</common:AnnotationType>
                            <common:AnnotationText xml:lang="en">25950</common:AnnotationText>
                            <common:AnnotationText xml:lang="fr">25950</common:AnnotationText>
                        </common:Annotation>
                    </common:Annotations>
                    <common:Name xml:lang="en">Southend-on-Sea</common:Name>
                    <common:Name xml:lang="fr">Southend-on-Sea</common:Name>
                    <structure:Parent>
                        <Ref id="UKH"/>
                    </structure:Parent>
                </structure:Code>
                <structure:Code id="UKH32">
                    <common:Annotations>
                        <common:Annotation>
                            <common:AnnotationType>ORDER</common:AnnotationType>
                            <common:AnnotationText xml:lang="en">25960</common:AnnotationText>
                            <common:AnnotationText xml:lang="fr">25960</common:AnnotationText>
                        </common:Annotation>
                    </common:Annotations>
                    <common:Name xml:lang="en">Thurrock</common:Name>
                    <common:Name xml:lang="fr">Thurrock</common:Name>
                    <structure:Parent>
                        <Ref id="UKH"/>
                    </structure:Parent>
                </structure:Code>
                <structure:Code id="UKH34">
                    <common:Annotations>
                        <common:Annotation>
                            <common:AnnotationType>ORDER</common:AnnotationType>
                            <common:AnnotationText xml:lang="en">25970</common:AnnotationText>
                            <common:AnnotationText xml:lang="fr">25970</common:AnnotationText>
                        </common:Annotation>
                    </common:Annotations>
                    <common:Name xml:lang="en">Essex Haven Gateway</common:Name>
                    <common:Name xml:lang="fr">Essex Haven Gateway</common:Name>
                    <structure:Parent>
                        <Ref id="UKH"/>
                    </structure:Parent>
                </structure:Code>
                <structure:Code id="UKH35">
                    <common:Annotations>
                        <common:Annotation>
                            <common:AnnotationType>ORDER</common:AnnotationType>
                            <common:AnnotationText xml:lang="en">25980</common:AnnotationText>
                            <common:AnnotationText xml:lang="fr">25980</common:AnnotationText>
                        </common:Annotation>
                    </common:Annotations>
                    <common:Name xml:lang="en">West Essex</common:Name>
                    <common:Name xml:lang="fr">West Essex</common:Name>
                    <structure:Parent>
                        <Ref id="UKH"/>
                    </structure:Parent>
                </structure:Code>
                <structure:Code id="UKH36">
                    <common:Annotations>
                        <common:Annotation>
                            <common:AnnotationType>ORDER</common:AnnotationType>
                            <common:AnnotationText xml:lang="en">25990</common:AnnotationText>
                            <common:AnnotationText xml:lang="fr">25990</common:AnnotationText>
                        </common:Annotation>
                    </common:Annotations>
                    <common:Name xml:lang="en">Heart of Essex</common:Name>
                    <common:Name xml:lang="fr">Heart of Essex</common:Name>
                    <structure:Parent>
                        <Ref id="UKH"/>
                    </structure:Parent>
                </structure:Code>
                <structure:Code id="UKH37">
                    <common:Annotations>
                        <common:Annotation>
                            <common:AnnotationType>ORDER</common:AnnotationType>
                            <common:AnnotationText xml:lang="en">26000</common:AnnotationText>
                            <common:AnnotationText xml:lang="fr">26000</common:AnnotationText>
                        </common:Annotation>
                    </common:Annotations>
                    <common:Name xml:lang="en">Essex Thames Gateway</common:Name>
                    <common:Name xml:lang="fr">Essex Thames Gateway</common:Name>
                    <structure:Parent>
                        <Ref id="UKH"/>
                    </structure:Parent>
                </structure:Code>
                <structure:Code id="UKI">
                    <common:Annotations>
                        <common:Annotation>
                            <common:AnnotationType>ORDER</common:AnnotationType>
                            <common:AnnotationText xml:lang="en">26010</common:AnnotationText>
                            <common:AnnotationText xml:lang="fr">26010</common:AnnotationText>
                        </common:Annotation>
                    </common:Annotations>
                    <common:Name xml:lang="en">Greater London</common:Name>
                    <common:Name xml:lang="fr">Greater London</common:Name>
                    <structure:Parent>
                        <Ref id="GBR"/>
                    </structure:Parent>
                </structure:Code>
                <structure:Code id="UKI31">
                    <common:Annotations>
                        <common:Annotation>
                            <common:AnnotationType>ORDER</common:AnnotationType>
                            <common:AnnotationText xml:lang="en">26020</common:AnnotationText>
                            <common:AnnotationText xml:lang="fr">26020</common:AnnotationText>
                        </common:Annotation>
                    </common:Annotations>
                    <common:Name xml:lang="en">Camden &amp; City of London</common:Name>
                    <common:Name xml:lang="fr">Camden &amp; City of London</common:Name>
                    <structure:Parent>
                        <Ref id="UKI"/>
                    </structure:Parent>
                </structure:Code>
                <structure:Code id="UKI32">
                    <common:Annotations>
                        <common:Annotation>
                            <common:AnnotationType>ORDER</common:AnnotationType>
                            <common:AnnotationText xml:lang="en">26030</common:AnnotationText>
                            <common:AnnotationText xml:lang="fr">26030</common:AnnotationText>
                        </common:Annotation>
                    </common:Annotations>
                    <common:Name xml:lang="en">Westminster</common:Name>
                    <common:Name xml:lang="fr">Westminster</common:Name>
                    <structure:Parent>
                        <Ref id="UKI"/>
                    </structure:Parent>
                </structure:Code>
                <structure:Code id="UKI33">
                    <common:Annotations>
                        <common:Annotation>
                            <common:AnnotationType>ORDER</common:AnnotationType>
                            <common:AnnotationText xml:lang="en">26040</common:AnnotationText>
                            <common:AnnotationText xml:lang="fr">26040</common:AnnotationText>
                        </common:Annotation>
                    </common:Annotations>
                    <common:Name xml:lang="en">Kensington and Chelsea &amp; Hammersmith and Fulham</common:Name>
                    <common:Name xml:lang="fr">Kensington and Chelsea &amp; Hammersmith and Fulham</common:Name>
                    <structure:Parent>
                        <Ref id="UKI"/>
                    </structure:Parent>
                </structure:Code>
                <structure:Code id="UKI34">
                    <common:Annotations>
                        <common:Annotation>
                            <common:AnnotationType>ORDER</common:AnnotationType>
                            <common:AnnotationText xml:lang="en">26050</common:AnnotationText>
                            <common:AnnotationText xml:lang="fr">26050</common:AnnotationText>
                        </common:Annotation>
                    </common:Annotations>
                    <common:Name xml:lang="en">Wandsworth</common:Name>
                    <common:Name xml:lang="fr">Wandsworth</common:Name>
                    <structure:Parent>
                        <Ref id="UKI"/>
                    </structure:Parent>
                </structure:Code>
                <structure:Code id="UKI41">
                    <common:Annotations>
                        <common:Annotation>
                            <common:AnnotationType>ORDER</common:AnnotationType>
                            <common:AnnotationText xml:lang="en">26060</common:AnnotationText>
                            <common:AnnotationText xml:lang="fr">26060</common:AnnotationText>
                        </common:Annotation>
                    </common:Annotations>
                    <common:Name xml:lang="en">Hackney &amp; Newham</common:Name>
                    <common:Name xml:lang="fr">Hackney &amp; Newham</common:Name>
                    <structure:Parent>
                        <Ref id="UKI"/>
                    </structure:Parent>
                </structure:Code>
                <structure:Code id="UKI42">
                    <common:Annotations>
                        <common:Annotation>
                            <common:AnnotationType>ORDER</common:AnnotationType>
                            <common:AnnotationText xml:lang="en">26070</common:AnnotationText>
                            <common:AnnotationText xml:lang="fr">26070</common:AnnotationText>
                        </common:Annotation>
                    </common:Annotations>
                    <common:Name xml:lang="en">Tower Hamlets</common:Name>
                    <common:Name xml:lang="fr">Tower Hamlets</common:Name>
                    <structure:Parent>
                        <Ref id="UKI"/>
                    </structure:Parent>
                </structure:Code>
                <structure:Code id="UKI43">
                    <common:Annotations>
                        <common:Annotation>
                            <common:AnnotationType>ORDER</common:AnnotationType>
                            <common:AnnotationText xml:lang="en">26080</common:AnnotationText>
                            <common:AnnotationText xml:lang="fr">26080</common:AnnotationText>
                        </common:Annotation>
                    </common:Annotations>
                    <common:Name xml:lang="en">Haringey &amp; Islington</common:Name>
                    <common:Name xml:lang="fr">Haringey &amp; Islington</common:Name>
                    <structure:Parent>
                        <Ref id="UKI"/>
                    </structure:Parent>
                </structure:Code>
                <structure:Code id="UKI44">
                    <common:Annotations>
                        <common:Annotation>
                            <common:AnnotationType>ORDER</common:AnnotationType>
                            <common:AnnotationText xml:lang="en">26090</common:AnnotationText>
                            <common:AnnotationText xml:lang="fr">26090</common:AnnotationText>
                        </common:Annotation>
                    </common:Annotations>
                    <common:Name xml:lang="en">Lewisham &amp; Southwark</common:Name>
                    <common:Name xml:lang="fr">Lewisham &amp; Southwark</common:Name>
                    <structure:Parent>
                        <Ref id="UKI"/>
                    </structure:Parent>
                </structure:Code>
                <structure:Code id="UKI45">
                    <common:Annotations>
                        <common:Annotation>
                            <common:AnnotationType>ORDER</common:AnnotationType>
                            <common:AnnotationText xml:lang="en">26100</common:AnnotationText>
                            <common:AnnotationText xml:lang="fr">26100</common:AnnotationText>
                        </common:Annotation>
                    </common:Annotations>
                    <common:Name xml:lang="en">Lambeth</common:Name>
                    <common:Name xml:lang="fr">Lambeth</common:Name>
                    <structure:Parent>
                        <Ref id="UKI"/>
                    </structure:Parent>
                </structure:Code>
                <structure:Code id="UKI51">
                    <common:Annotations>
                        <common:Annotation>
                            <common:AnnotationType>ORDER</common:AnnotationType>
                            <common:AnnotationText xml:lang="en">26110</common:AnnotationText>
                            <common:AnnotationText xml:lang="fr">26110</common:AnnotationText>
                        </common:Annotation>
                    </common:Annotations>
                    <common:Name xml:lang="en">Bexley &amp; Greenwich</common:Name>
                    <common:Name xml:lang="fr">Bexley &amp; Greenwich</common:Name>
                    <structure:Parent>
                        <Ref id="UKI"/>
                    </structure:Parent>
                </structure:Code>
                <structure:Code id="UKI52">
                    <common:Annotations>
                        <common:Annotation>
                            <common:AnnotationType>ORDER</common:AnnotationType>
                            <common:AnnotationText xml:lang="en">26120</common:AnnotationText>
                            <common:AnnotationText xml:lang="fr">26120</common:AnnotationText>
                        </common:Annotation>
                    </common:Annotations>
                    <common:Name xml:lang="en">Barking and Dagenham &amp; Havering</common:Name>
                    <common:Name xml:lang="fr">Barking and Dagenham &amp; Havering</common:Name>
                    <structure:Parent>
                        <Ref id="UKI"/>
                    </structure:Parent>
                </structure:Code>
                <structure:Code id="UKI53">
                    <common:Annotations>
                        <common:Annotation>
                            <common:AnnotationType>ORDER</common:AnnotationType>
                            <common:AnnotationText xml:lang="en">26130</common:AnnotationText>
                            <common:AnnotationText xml:lang="fr">26130</common:AnnotationText>
                        </common:Annotation>
                    </common:Annotations>
                    <common:Name xml:lang="en">Redbridge &amp; Waltham Forest</common:Name>
                    <common:Name xml:lang="fr">Redbridge &amp; Waltham Forest</common:Name>
                    <structure:Parent>
                        <Ref id="UKI"/>
                    </structure:Parent>
                </structure:Code>
                <structure:Code id="UKI54">
                    <common:Annotations>
                        <common:Annotation>
                            <common:AnnotationType>ORDER</common:AnnotationType>
                            <common:AnnotationText xml:lang="en">26140</common:AnnotationText>
                            <common:AnnotationText xml:lang="fr">26140</common:AnnotationText>
                        </common:Annotation>
                    </common:Annotations>
                    <common:Name xml:lang="en">Enfield</common:Name>
                    <common:Name xml:lang="fr">Enfield</common:Name>
                    <structure:Parent>
                        <Ref id="UKI"/>
                    </structure:Parent>
                </structure:Code>
                <structure:Code id="UKI61">
                    <common:Annotations>
                        <common:Annotation>
                            <common:AnnotationType>ORDER</common:AnnotationType>
                            <common:AnnotationText xml:lang="en">26150</common:AnnotationText>
                            <common:AnnotationText xml:lang="fr">26150</common:AnnotationText>
                        </common:Annotation>
                    </common:Annotations>
                    <common:Name xml:lang="en">Bromley</common:Name>
                    <common:Name xml:lang="fr">Bromley</common:Name>
                    <structure:Parent>
                        <Ref id="UKI"/>
                    </structure:Parent>
                </structure:Code>
                <structure:Code id="UKI62">
                    <common:Annotations>
                        <common:Annotation>
                            <common:AnnotationType>ORDER</common:AnnotationType>
                            <common:AnnotationText xml:lang="en">26160</common:AnnotationText>
                            <common:AnnotationText xml:lang="fr">26160</common:AnnotationText>
                        </common:Annotation>
                    </common:Annotations>
                    <common:Name xml:lang="en">Croydon</common:Name>
                    <common:Name xml:lang="fr">Croydon</common:Name>
                    <structure:Parent>
                        <Ref id="UKI"/>
                    </structure:Parent>
                </structure:Code>
                <structure:Code id="UKI63">
                    <common:Annotations>
                        <common:Annotation>
                            <common:AnnotationType>ORDER</common:AnnotationType>
                            <common:AnnotationText xml:lang="en">26170</common:AnnotationText>
                            <common:AnnotationText xml:lang="fr">26170</common:AnnotationText>
                        </common:Annotation>
                    </common:Annotations>
                    <common:Name xml:lang="en">Merton, Kingston upon Thames &amp; Sutton</common:Name>
                    <common:Name xml:lang="fr">Merton, Kingston upon Thames &amp; Sutton</common:Name>
                    <structure:Parent>
                        <Ref id="UKI"/>
                    </structure:Parent>
                </structure:Code>
                <structure:Code id="UKI7">
                    <common:Annotations>
                        <common:Annotation>
                            <common:AnnotationType>ORDER</common:AnnotationType>
                            <common:AnnotationText xml:lang="en">26180</common:AnnotationText>
                            <common:AnnotationText xml:lang="fr">26180</common:AnnotationText>
                        </common:Annotation>
                    </common:Annotations>
                    <common:Name xml:lang="en">Outer London - West and North West</common:Name>
                    <common:Name xml:lang="fr">Outer London - West and North West</common:Name>
                    <structure:Parent>
                        <Ref id="GBR"/>
                    </structure:Parent>
                </structure:Code>
                <structure:Code id="UKI71">
                    <common:Annotations>
                        <common:Annotation>
                            <common:AnnotationType>ORDER</common:AnnotationType>
                            <common:AnnotationText xml:lang="en">26190</common:AnnotationText>
                            <common:AnnotationText xml:lang="fr">26190</common:AnnotationText>
                        </common:Annotation>
                    </common:Annotations>
                    <common:Name xml:lang="en">Barnet</common:Name>
                    <common:Name xml:lang="fr">Barnet</common:Name>
                    <structure:Parent>
                        <Ref id="UKI"/>
                    </structure:Parent>
                </structure:Code>
                <structure:Code id="UKI72">
                    <common:Annotations>
                        <common:Annotation>
                            <common:AnnotationType>ORDER</common:AnnotationType>
                            <common:AnnotationText xml:lang="en">26200</common:AnnotationText>
                            <common:AnnotationText xml:lang="fr">26200</common:AnnotationText>
                        </common:Annotation>
                    </common:Annotations>
                    <common:Name xml:lang="en">Brent</common:Name>
                    <common:Name xml:lang="fr">Brent</common:Name>
                    <structure:Parent>
                        <Ref id="UKI"/>
                    </structure:Parent>
                </structure:Code>
                <structure:Code id="UKI73">
                    <common:Annotations>
                        <common:Annotation>
                            <common:AnnotationType>ORDER</common:AnnotationType>
                            <common:AnnotationText xml:lang="en">26210</common:AnnotationText>
                            <common:AnnotationText xml:lang="fr">26210</common:AnnotationText>
                        </common:Annotation>
                    </common:Annotations>
                    <common:Name xml:lang="en">Ealing</common:Name>
                    <common:Name xml:lang="fr">Ealing</common:Name>
                    <structure:Parent>
                        <Ref id="UKI"/>
                    </structure:Parent>
                </structure:Code>
                <structure:Code id="UKI74">
                    <common:Annotations>
                        <common:Annotation>
                            <common:AnnotationType>ORDER</common:AnnotationType>
                            <common:AnnotationText xml:lang="en">26220</common:AnnotationText>
                            <common:AnnotationText xml:lang="fr">26220</common:AnnotationText>
                        </common:Annotation>
                    </common:Annotations>
                    <common:Name xml:lang="en">Harrow &amp; Hillingdon</common:Name>
                    <common:Name xml:lang="fr">Harrow &amp; Hillingdon</common:Name>
                    <structure:Parent>
                        <Ref id="UKI"/>
                    </structure:Parent>
                </structure:Code>
                <structure:Code id="UKI75">
                    <common:Annotations>
                        <common:Annotation>
                            <common:AnnotationType>ORDER</common:AnnotationType>
                            <common:AnnotationText xml:lang="en">26230</common:AnnotationText>
                            <common:AnnotationText xml:lang="fr">26230</common:AnnotationText>
                        </common:Annotation>
                    </common:Annotations>
                    <common:Name xml:lang="en">Hounslow &amp; Richmond upon Thames</common:Name>
                    <common:Name xml:lang="fr">Hounslow &amp; Richmond upon Thames</common:Name>
                    <structure:Parent>
                        <Ref id="UKI"/>
                    </structure:Parent>
                </structure:Code>
                <structure:Code id="UKJ">
                    <common:Annotations>
                        <common:Annotation>
                            <common:AnnotationType>ORDER</common:AnnotationType>
                            <common:AnnotationText xml:lang="en">26240</common:AnnotationText>
                            <common:AnnotationText xml:lang="fr">26240</common:AnnotationText>
                        </common:Annotation>
                    </common:Annotations>
                    <common:Name xml:lang="en">South East England</common:Name>
                    <common:Name xml:lang="fr">South East England</common:Name>
                    <structure:Parent>
                        <Ref id="GBR"/>
                    </structure:Parent>
                </structure:Code>
                <structure:Code id="UKJ11">
                    <common:Annotations>
                        <common:Annotation>
                            <common:AnnotationType>ORDER</common:AnnotationType>
                            <common:AnnotationText xml:lang="en">26250</common:AnnotationText>
                            <common:AnnotationText xml:lang="fr">26250</common:AnnotationText>
                        </common:Annotation>
                    </common:Annotations>
                    <common:Name xml:lang="en">Berkshire</common:Name>
                    <common:Name xml:lang="fr">Berkshire</common:Name>
                    <structure:Parent>
                        <Ref id="UKJ"/>
                    </structure:Parent>
                </structure:Code>
                <structure:Code id="UKJ12">
                    <common:Annotations>
                        <common:Annotation>
                            <common:AnnotationType>ORDER</common:AnnotationType>
                            <common:AnnotationText xml:lang="en">26260</common:AnnotationText>
                            <common:AnnotationText xml:lang="fr">26260</common:AnnotationText>
                        </common:Annotation>
                    </common:Annotations>
                    <common:Name xml:lang="en">Milton Keynes</common:Name>
                    <common:Name xml:lang="fr">Milton Keynes</common:Name>
                    <structure:Parent>
                        <Ref id="UKJ"/>
                    </structure:Parent>
                </structure:Code>
                <structure:Code id="UKJ13">
                    <common:Annotations>
                        <common:Annotation>
                            <common:AnnotationType>ORDER</common:AnnotationType>
                            <common:AnnotationText xml:lang="en">26270</common:AnnotationText>
                            <common:AnnotationText xml:lang="fr">26270</common:AnnotationText>
                        </common:Annotation>
                    </common:Annotations>
                    <common:Name xml:lang="en">Buckinghamshire CC</common:Name>
                    <common:Name xml:lang="fr">Buckinghamshire CC</common:Name>
                    <structure:Parent>
                        <Ref id="UKJ"/>
                    </structure:Parent>
                </structure:Code>
                <structure:Code id="UKJ14">
                    <common:Annotations>
                        <common:Annotation>
                            <common:AnnotationType>ORDER</common:AnnotationType>
                            <common:AnnotationText xml:lang="en">26280</common:AnnotationText>
                            <common:AnnotationText xml:lang="fr">26280</common:AnnotationText>
                        </common:Annotation>
                    </common:Annotations>
                    <common:Name xml:lang="en">Oxfordshire</common:Name>
                    <common:Name xml:lang="fr">Oxfordshire</common:Name>
                    <structure:Parent>
                        <Ref id="UKJ"/>
                    </structure:Parent>
                </structure:Code>
                <structure:Code id="UKJ21">
                    <common:Annotations>
                        <common:Annotation>
                            <common:AnnotationType>ORDER</common:AnnotationType>
                            <common:AnnotationText xml:lang="en">26290</common:AnnotationText>
                            <common:AnnotationText xml:lang="fr">26290</common:AnnotationText>
                        </common:Annotation>
                    </common:Annotations>
                    <common:Name xml:lang="en">Brighton and Hove</common:Name>
                    <common:Name xml:lang="fr">Brighton and Hove</common:Name>
                    <structure:Parent>
                        <Ref id="UKJ"/>
                    </structure:Parent>
                </structure:Code>
                <structure:Code id="UKJ22">
                    <common:Annotations>
                        <common:Annotation>
                            <common:AnnotationType>ORDER</common:AnnotationType>
                            <common:AnnotationText xml:lang="en">26300</common:AnnotationText>
                            <common:AnnotationText xml:lang="fr">26300</common:AnnotationText>
                        </common:Annotation>
                    </common:Annotations>
                    <common:Name xml:lang="en">East Sussex CC</common:Name>
                    <common:Name xml:lang="fr">East Sussex CC</common:Name>
                    <structure:Parent>
                        <Ref id="UKJ"/>
                    </structure:Parent>
                </structure:Code>
                <structure:Code id="UKJ25">
                    <common:Annotations>
                        <common:Annotation>
                            <common:AnnotationType>ORDER</common:AnnotationType>
                            <common:AnnotationText xml:lang="en">26310</common:AnnotationText>
                            <common:AnnotationText xml:lang="fr">26310</common:AnnotationText>
                        </common:Annotation>
                    </common:Annotations>
                    <common:Name xml:lang="en">West Surrey</common:Name>
                    <common:Name xml:lang="fr">West Surrey</common:Name>
                    <structure:Parent>
                        <Ref id="UKJ"/>
                    </structure:Parent>
                </structure:Code>
                <structure:Code id="UKJ26">
                    <common:Annotations>
                        <common:Annotation>
                            <common:AnnotationType>ORDER</common:AnnotationType>
                            <common:AnnotationText xml:lang="en">26320</common:AnnotationText>
                            <common:AnnotationText xml:lang="fr">26320</common:AnnotationText>
                        </common:Annotation>
                    </common:Annotations>
                    <common:Name xml:lang="en">East Surrey</common:Name>
                    <common:Name xml:lang="fr">East Surrey</common:Name>
                    <structure:Parent>
                        <Ref id="UKJ"/>
                    </structure:Parent>
                </structure:Code>
                <structure:Code id="UKJ27">
                    <common:Annotations>
                        <common:Annotation>
                            <common:AnnotationType>ORDER</common:AnnotationType>
                            <common:AnnotationText xml:lang="en">26330</common:AnnotationText>
                            <common:AnnotationText xml:lang="fr">26330</common:AnnotationText>
                        </common:Annotation>
                    </common:Annotations>
                    <common:Name xml:lang="en">West Sussex (South West)</common:Name>
                    <common:Name xml:lang="fr">West Sussex (South West)</common:Name>
                    <structure:Parent>
                        <Ref id="UKJ"/>
                    </structure:Parent>
                </structure:Code>
                <structure:Code id="UKJ28">
                    <common:Annotations>
                        <common:Annotation>
                            <common:AnnotationType>ORDER</common:AnnotationType>
                            <common:AnnotationText xml:lang="en">26340</common:AnnotationText>
                            <common:AnnotationText xml:lang="fr">26340</common:AnnotationText>
                        </common:Annotation>
                    </common:Annotations>
                    <common:Name xml:lang="en">West Sussex (North East)</common:Name>
                    <common:Name xml:lang="fr">West Sussex (North East)</common:Name>
                    <structure:Parent>
                        <Ref id="UKJ"/>
                    </structure:Parent>
                </structure:Code>
                <structure:Code id="UKJ31">
                    <common:Annotations>
                        <common:Annotation>
                            <common:AnnotationType>ORDER</common:AnnotationType>
                            <common:AnnotationText xml:lang="en">26350</common:AnnotationText>
                            <common:AnnotationText xml:lang="fr">26350</common:AnnotationText>
                        </common:Annotation>
                    </common:Annotations>
                    <common:Name xml:lang="en">Portsmouth</common:Name>
                    <common:Name xml:lang="fr">Portsmouth</common:Name>
                    <structure:Parent>
                        <Ref id="UKJ"/>
                    </structure:Parent>
                </structure:Code>
                <structure:Code id="UKJ32">
                    <common:Annotations>
                        <common:Annotation>
                            <common:AnnotationType>ORDER</common:AnnotationType>
                            <common:AnnotationText xml:lang="en">26360</common:AnnotationText>
                            <common:AnnotationText xml:lang="fr">26360</common:AnnotationText>
                        </common:Annotation>
                    </common:Annotations>
                    <common:Name xml:lang="en">Southampton</common:Name>
                    <common:Name xml:lang="fr">Southampton</common:Name>
                    <structure:Parent>
                        <Ref id="UKJ"/>
                    </structure:Parent>
                </structure:Code>
                <structure:Code id="UKJ34">
                    <common:Annotations>
                        <common:Annotation>
                            <common:AnnotationType>ORDER</common:AnnotationType>
                            <common:AnnotationText xml:lang="en">26370</common:AnnotationText>
                            <common:AnnotationText xml:lang="fr">26370</common:AnnotationText>
                        </common:Annotation>
                    </common:Annotations>
                    <common:Name xml:lang="en">Isle of Wight</common:Name>
                    <common:Name xml:lang="fr">Isle of Wight</common:Name>
                    <structure:Parent>
                        <Ref id="UKJ"/>
                    </structure:Parent>
                </structure:Code>
                <structure:Code id="UKJ35">
                    <common:Annotations>
                        <common:Annotation>
                            <common:AnnotationType>ORDER</common:AnnotationType>
                            <common:AnnotationText xml:lang="en">26380</common:AnnotationText>
                            <common:AnnotationText xml:lang="fr">26380</common:AnnotationText>
                        </common:Annotation>
                    </common:Annotations>
                    <common:Name xml:lang="en">South Hampshire</common:Name>
                    <common:Name xml:lang="fr">South Hampshire</common:Name>
                    <structure:Parent>
                        <Ref id="UKJ"/>
                    </structure:Parent>
                </structure:Code>
                <structure:Code id="UKJ36">
                    <common:Annotations>
                        <common:Annotation>
                            <common:AnnotationType>ORDER</common:AnnotationType>
                            <common:AnnotationText xml:lang="en">26390</common:AnnotationText>
                            <common:AnnotationText xml:lang="fr">26390</common:AnnotationText>
                        </common:Annotation>
                    </common:Annotations>
                    <common:Name xml:lang="en">Central Hampshire</common:Name>
                    <common:Name xml:lang="fr">Central Hampshire</common:Name>
                    <structure:Parent>
                        <Ref id="UKJ"/>
                    </structure:Parent>
                </structure:Code>
                <structure:Code id="UKJ37">
                    <common:Annotations>
                        <common:Annotation>
                            <common:AnnotationType>ORDER</common:AnnotationType>
                            <common:AnnotationText xml:lang="en">26400</common:AnnotationText>
                            <common:AnnotationText xml:lang="fr">26400</common:AnnotationText>
                        </common:Annotation>
                    </common:Annotations>
                    <common:Name xml:lang="en">North Hampshire</common:Name>
                    <common:Name xml:lang="fr">North Hampshire</common:Name>
                    <structure:Parent>
                        <Ref id="UKJ"/>
                    </structure:Parent>
                </structure:Code>
                <structure:Code id="UKJ41">
                    <common:Annotations>
                        <common:Annotation>
                            <common:AnnotationType>ORDER</common:AnnotationType>
                            <common:AnnotationText xml:lang="en">26410</common:AnnotationText>
                            <common:AnnotationText xml:lang="fr">26410</common:AnnotationText>
                        </common:Annotation>
                    </common:Annotations>
                    <common:Name xml:lang="en">Medway</common:Name>
                    <common:Name xml:lang="fr">Medway</common:Name>
                    <structure:Parent>
                        <Ref id="UKJ"/>
                    </structure:Parent>
                </structure:Code>
                <structure:Code id="UKJ43">
                    <common:Annotations>
                        <common:Annotation>
                            <common:AnnotationType>ORDER</common:AnnotationType>
                            <common:AnnotationText xml:lang="en">26420</common:AnnotationText>
                            <common:AnnotationText xml:lang="fr">26420</common:AnnotationText>
                        </common:Annotation>
                    </common:Annotations>
                    <common:Name xml:lang="en">Kent Thames Gateway</common:Name>
                    <common:Name xml:lang="fr">Kent Thames Gateway</common:Name>
                    <structure:Parent>
                        <Ref id="UKJ"/>
                    </structure:Parent>
                </structure:Code>
                <structure:Code id="UKJ44">
                    <common:Annotations>
                        <common:Annotation>
                            <common:AnnotationType>ORDER</common:AnnotationType>
                            <common:AnnotationText xml:lang="en">26430</common:AnnotationText>
                            <common:AnnotationText xml:lang="fr">26430</common:AnnotationText>
                        </common:Annotation>
                    </common:Annotations>
                    <common:Name xml:lang="en">East Kent</common:Name>
                    <common:Name xml:lang="fr">East Kent</common:Name>
                    <structure:Parent>
                        <Ref id="UKJ"/>
                    </structure:Parent>
                </structure:Code>
                <structure:Code id="UKJ45">
                    <common:Annotations>
                        <common:Annotation>
                            <common:AnnotationType>ORDER</common:AnnotationType>
                            <common:AnnotationText xml:lang="en">26440</common:AnnotationText>
                            <common:AnnotationText xml:lang="fr">26440</common:AnnotationText>
                        </common:Annotation>
                    </common:Annotations>
                    <common:Name xml:lang="en">Mid Kent</common:Name>
                    <common:Name xml:lang="fr">Mid Kent</common:Name>
                    <structure:Parent>
                        <Ref id="UKJ"/>
                    </structure:Parent>
                </structure:Code>
                <structure:Code id="UKJ46">
                    <common:Annotations>
                        <common:Annotation>
                            <common:AnnotationType>ORDER</common:AnnotationType>
                            <common:AnnotationText xml:lang="en">26450</common:AnnotationText>
                            <common:AnnotationText xml:lang="fr">26450</common:AnnotationText>
                        </common:Annotation>
                    </common:Annotations>
                    <common:Name xml:lang="en">West Kent</common:Name>
                    <common:Name xml:lang="fr">West Kent</common:Name>
                    <structure:Parent>
                        <Ref id="UKJ"/>
                    </structure:Parent>
                </structure:Code>
                <structure:Code id="UKK">
                    <common:Annotations>
                        <common:Annotation>
                            <common:AnnotationType>ORDER</common:AnnotationType>
                            <common:AnnotationText xml:lang="en">26460</common:AnnotationText>
                            <common:AnnotationText xml:lang="fr">26460</common:AnnotationText>
                        </common:Annotation>
                    </common:Annotations>
                    <common:Name xml:lang="en">South West England</common:Name>
                    <common:Name xml:lang="fr">South West England</common:Name>
                    <structure:Parent>
                        <Ref id="GBR"/>
                    </structure:Parent>
                </structure:Code>
                <structure:Code id="UKK11">
                    <common:Annotations>
                        <common:Annotation>
                            <common:AnnotationType>ORDER</common:AnnotationType>
                            <common:AnnotationText xml:lang="en">26470</common:AnnotationText>
                            <common:AnnotationText xml:lang="fr">26470</common:AnnotationText>
                        </common:Annotation>
                    </common:Annotations>
                    <common:Name xml:lang="en">Bristol, City of</common:Name>
                    <common:Name xml:lang="fr">Bristol, City of</common:Name>
                    <structure:Parent>
                        <Ref id="UKK"/>
                    </structure:Parent>
                </structure:Code>
                <structure:Code id="UKK12">
                    <common:Annotations>
                        <common:Annotation>
                            <common:AnnotationType>ORDER</common:AnnotationType>
                            <common:AnnotationText xml:lang="en">26480</common:AnnotationText>
                            <common:AnnotationText xml:lang="fr">26480</common:AnnotationText>
                        </common:Annotation>
                    </common:Annotations>
                    <common:Name xml:lang="en">Bath and North East Somerset, North Somerset and South Gloucestershire</common:Name>
                    <common:Name xml:lang="fr">Bath and North East Somerset, North Somerset and South Gloucestershire</common:Name>
                    <structure:Parent>
                        <Ref id="UKK"/>
                    </structure:Parent>
                </structure:Code>
                <structure:Code id="UKK13">
                    <common:Annotations>
                        <common:Annotation>
                            <common:AnnotationType>ORDER</common:AnnotationType>
                            <common:AnnotationText xml:lang="en">26490</common:AnnotationText>
                            <common:AnnotationText xml:lang="fr">26490</common:AnnotationText>
                        </common:Annotation>
                    </common:Annotations>
                    <common:Name xml:lang="en">Gloucestershire</common:Name>
                    <common:Name xml:lang="fr">Gloucestershire</common:Name>
                    <structure:Parent>
                        <Ref id="UKK"/>
                    </structure:Parent>
                </structure:Code>
                <structure:Code id="UKK14">
                    <common:Annotations>
                        <common:Annotation>
                            <common:AnnotationType>ORDER</common:AnnotationType>
                            <common:AnnotationText xml:lang="en">26500</common:AnnotationText>
                            <common:AnnotationText xml:lang="fr">26500</common:AnnotationText>
                        </common:Annotation>
                    </common:Annotations>
                    <common:Name xml:lang="en">Swindon</common:Name>
                    <common:Name xml:lang="fr">Swindon</common:Name>
                    <structure:Parent>
                        <Ref id="UKK"/>
                    </structure:Parent>
                </structure:Code>
                <structure:Code id="UKK15">
                    <common:Annotations>
                        <common:Annotation>
                            <common:AnnotationType>ORDER</common:AnnotationType>
                            <common:AnnotationText xml:lang="en">26510</common:AnnotationText>
                            <common:AnnotationText xml:lang="fr">26510</common:AnnotationText>
                        </common:Annotation>
                    </common:Annotations>
                    <common:Name xml:lang="en">Wiltshire CC</common:Name>
                    <common:Name xml:lang="fr">Wiltshire CC</common:Name>
                    <structure:Parent>
                        <Ref id="UKK"/>
                    </structure:Parent>
                </structure:Code>
                <structure:Code id="UKK21">
                    <common:Annotations>
                        <common:Annotation>
                            <common:AnnotationType>ORDER</common:AnnotationType>
                            <common:AnnotationText xml:lang="en">26520</common:AnnotationText>
                            <common:AnnotationText xml:lang="fr">26520</common:AnnotationText>
                        </common:Annotation>
                    </common:Annotations>
                    <common:Name xml:lang="en">Bournemouth and Poole</common:Name>
                    <common:Name xml:lang="fr">Bournemouth and Poole</common:Name>
                    <structure:Parent>
                        <Ref id="UKK"/>
                    </structure:Parent>
                </structure:Code>
                <structure:Code id="UKK22">
                    <common:Annotations>
                        <common:Annotation>
                            <common:AnnotationType>ORDER</common:AnnotationType>
                            <common:AnnotationText xml:lang="en">26530</common:AnnotationText>
                            <common:AnnotationText xml:lang="fr">26530</common:AnnotationText>
                        </common:Annotation>
                    </common:Annotations>
                    <common:Name xml:lang="en">Dorset CC</common:Name>
                    <common:Name xml:lang="fr">Dorset CC</common:Name>
                    <structure:Parent>
                        <Ref id="UKK"/>
                    </structure:Parent>
                </structure:Code>
                <structure:Code id="UKK23">
                    <common:Annotations>
                        <common:Annotation>
                            <common:AnnotationType>ORDER</common:AnnotationType>
                            <common:AnnotationText xml:lang="en">26540</common:AnnotationText>
                            <common:AnnotationText xml:lang="fr">26540</common:AnnotationText>
                        </common:Annotation>
                    </common:Annotations>
                    <common:Name xml:lang="en">Somerset</common:Name>
                    <common:Name xml:lang="fr">Somerset</common:Name>
                    <structure:Parent>
                        <Ref id="UKK"/>
                    </structure:Parent>
                </structure:Code>
                <structure:Code id="UKK30">
                    <common:Annotations>
                        <common:Annotation>
                            <common:AnnotationType>ORDER</common:AnnotationType>
                            <common:AnnotationText xml:lang="en">26550</common:AnnotationText>
                            <common:AnnotationText xml:lang="fr">26550</common:AnnotationText>
                        </common:Annotation>
                    </common:Annotations>
                    <common:Name xml:lang="en">Cornwall and Isles of Scilly</common:Name>
                    <common:Name xml:lang="fr">Cornwall and Isles of Scilly</common:Name>
                    <structure:Parent>
                        <Ref id="UKK"/>
                    </structure:Parent>
                </structure:Code>
                <structure:Code id="UKK41">
                    <common:Annotations>
                        <common:Annotation>
                            <common:AnnotationType>ORDER</common:AnnotationType>
                            <common:AnnotationText xml:lang="en">26560</common:AnnotationText>
                            <common:AnnotationText xml:lang="fr">26560</common:AnnotationText>
                        </common:Annotation>
                    </common:Annotations>
                    <common:Name xml:lang="en">Plymouth</common:Name>
                    <common:Name xml:lang="fr">Plymouth</common:Name>
                    <structure:Parent>
                        <Ref id="UKK"/>
                    </structure:Parent>
                </structure:Code>
                <structure:Code id="UKK42">
                    <common:Annotations>
                        <common:Annotation>
                            <common:AnnotationType>ORDER</common:AnnotationType>
                            <common:AnnotationText xml:lang="en">26570</common:AnnotationText>
                            <common:AnnotationText xml:lang="fr">26570</common:AnnotationText>
                        </common:Annotation>
                    </common:Annotations>
                    <common:Name xml:lang="en">Torbay</common:Name>
                    <common:Name xml:lang="fr">Torbay</common:Name>
                    <structure:Parent>
                        <Ref id="UKK"/>
                    </structure:Parent>
                </structure:Code>
                <structure:Code id="UKK43">
                    <common:Annotations>
                        <common:Annotation>
                            <common:AnnotationType>ORDER</common:AnnotationType>
                            <common:AnnotationText xml:lang="en">26580</common:AnnotationText>
                            <common:AnnotationText xml:lang="fr">26580</common:AnnotationText>
                        </common:Annotation>
                    </common:Annotations>
                    <common:Name xml:lang="en">Devon CC</common:Name>
                    <common:Name xml:lang="fr">Devon CC</common:Name>
                    <structure:Parent>
                        <Ref id="UKK"/>
                    </structure:Parent>
                </structure:Code>
                <structure:Code id="UKL">
                    <common:Annotations>
                        <common:Annotation>
                            <common:AnnotationType>ORDER</common:AnnotationType>
                            <common:AnnotationText xml:lang="en">26590</common:AnnotationText>
                            <common:AnnotationText xml:lang="fr">26590</common:AnnotationText>
                        </common:Annotation>
                    </common:Annotations>
                    <common:Name xml:lang="en">Wales</common:Name>
                    <common:Name xml:lang="fr">Wales</common:Name>
                    <structure:Parent>
                        <Ref id="GBR"/>
                    </structure:Parent>
                </structure:Code>
                <structure:Code id="UKL11">
                    <common:Annotations>
                        <common:Annotation>
                            <common:AnnotationType>ORDER</common:AnnotationType>
                            <common:AnnotationText xml:lang="en">26600</common:AnnotationText>
                            <common:AnnotationText xml:lang="fr">26600</common:AnnotationText>
                        </common:Annotation>
                    </common:Annotations>
                    <common:Name xml:lang="en">Isle of Anglesey</common:Name>
                    <common:Name xml:lang="fr">Isle of Anglesey</common:Name>
                    <structure:Parent>
                        <Ref id="UKL"/>
                    </structure:Parent>
                </structure:Code>
                <structure:Code id="UKL12">
                    <common:Annotations>
                        <common:Annotation>
                            <common:AnnotationType>ORDER</common:AnnotationType>
                            <common:AnnotationText xml:lang="en">26610</common:AnnotationText>
                            <common:AnnotationText xml:lang="fr">26610</common:AnnotationText>
                        </common:Annotation>
                    </common:Annotations>
                    <common:Name xml:lang="en">Gwynedd</common:Name>
                    <common:Name xml:lang="fr">Gwynedd</common:Name>
                    <structure:Parent>
                        <Ref id="UKL"/>
                    </structure:Parent>
                </structure:Code>
                <structure:Code id="UKL13">
                    <common:Annotations>
                        <common:Annotation>
                            <common:AnnotationType>ORDER</common:AnnotationType>
                            <common:AnnotationText xml:lang="en">26620</common:AnnotationText>
                            <common:AnnotationText xml:lang="fr">26620</common:AnnotationText>
                        </common:Annotation>
                    </common:Annotations>
                    <common:Name xml:lang="en">Conwy and Denbighshire</common:Name>
                    <common:Name xml:lang="fr">Conwy and Denbighshire</common:Name>
                    <structure:Parent>
                        <Ref id="UKL"/>
                    </structure:Parent>
                </structure:Code>
                <structure:Code id="UKL14">
                    <common:Annotations>
                        <common:Annotation>
                            <common:AnnotationType>ORDER</common:AnnotationType>
                            <common:AnnotationText xml:lang="en">26630</common:AnnotationText>
                            <common:AnnotationText xml:lang="fr">26630</common:AnnotationText>
                        </common:Annotation>
                    </common:Annotations>
                    <common:Name xml:lang="en">South West Wales</common:Name>
                    <common:Name xml:lang="fr">South West Wales</common:Name>
                    <structure:Parent>
                        <Ref id="UKL"/>
                    </structure:Parent>
                </structure:Code>
                <structure:Code id="UKL15">
                    <common:Annotations>
                        <common:Annotation>
                            <common:AnnotationType>ORDER</common:AnnotationType>
                            <common:AnnotationText xml:lang="en">26640</common:AnnotationText>
                            <common:AnnotationText xml:lang="fr">26640</common:AnnotationText>
                        </common:Annotation>
                    </common:Annotations>
                    <common:Name xml:lang="en">Central Valleys</common:Name>
                    <common:Name xml:lang="fr">Central Valleys</common:Name>
                    <structure:Parent>
                        <Ref id="UKL"/>
                    </structure:Parent>
                </structure:Code>
                <structure:Code id="UKL16">
                    <common:Annotations>
                        <common:Annotation>
                            <common:AnnotationType>ORDER</common:AnnotationType>
                            <common:AnnotationText xml:lang="en">26650</common:AnnotationText>
                            <common:AnnotationText xml:lang="fr">26650</common:AnnotationText>
                        </common:Annotation>
                    </common:Annotations>
                    <common:Name xml:lang="en">Gwent Valleys</common:Name>
                    <common:Name xml:lang="fr">Gwent Valleys</common:Name>
                    <structure:Parent>
                        <Ref id="UKL"/>
                    </structure:Parent>
                </structure:Code>
                <structure:Code id="UKL17">
                    <common:Annotations>
                        <common:Annotation>
                            <common:AnnotationType>ORDER</common:AnnotationType>
                            <common:AnnotationText xml:lang="en">26660</common:AnnotationText>
                            <common:AnnotationText xml:lang="fr">26660</common:AnnotationText>
                        </common:Annotation>
                    </common:Annotations>
                    <common:Name xml:lang="en">Bridgend and Neath Port Talbot</common:Name>
                    <common:Name xml:lang="fr">Bridgend and Neath Port Talbot</common:Name>
                    <structure:Parent>
                        <Ref id="UKL"/>
                    </structure:Parent>
                </structure:Code>
                <structure:Code id="UKL18">
                    <common:Annotations>
                        <common:Annotation>
                            <common:AnnotationType>ORDER</common:AnnotationType>
                            <common:AnnotationText xml:lang="en">26670</common:AnnotationText>
                            <common:AnnotationText xml:lang="fr">26670</common:AnnotationText>
                        </common:Annotation>
                    </common:Annotations>
                    <common:Name xml:lang="en">Swansea</common:Name>
                    <common:Name xml:lang="fr">Swansea</common:Name>
                    <structure:Parent>
                        <Ref id="UKL"/>
                    </structure:Parent>
                </structure:Code>
                <structure:Code id="UKL21">
                    <common:Annotations>
                        <common:Annotation>
                            <common:AnnotationType>ORDER</common:AnnotationType>
                            <common:AnnotationText xml:lang="en">26680</common:AnnotationText>
                            <common:AnnotationText xml:lang="fr">26680</common:AnnotationText>
                        </common:Annotation>
                    </common:Annotations>
                    <common:Name xml:lang="en">Monmouthshire and Newport</common:Name>
                    <common:Name xml:lang="fr">Monmouthshire and Newport</common:Name>
                    <structure:Parent>
                        <Ref id="UKL"/>
                    </structure:Parent>
                </structure:Code>
                <structure:Code id="UKL22">
                    <common:Annotations>
                        <common:Annotation>
                            <common:AnnotationType>ORDER</common:AnnotationType>
                            <common:AnnotationText xml:lang="en">26690</common:AnnotationText>
                            <common:AnnotationText xml:lang="fr">26690</common:AnnotationText>
                        </common:Annotation>
                    </common:Annotations>
                    <common:Name xml:lang="en">Cardiff and Vale of Glamorgan</common:Name>
                    <common:Name xml:lang="fr">Cardiff and Vale of Glamorgan</common:Name>
                    <structure:Parent>
                        <Ref id="UKL"/>
                    </structure:Parent>
                </structure:Code>
                <structure:Code id="UKL23">
                    <common:Annotations>
                        <common:Annotation>
                            <common:AnnotationType>ORDER</common:AnnotationType>
                            <common:AnnotationText xml:lang="en">26700</common:AnnotationText>
                            <common:AnnotationText xml:lang="fr">26700</common:AnnotationText>
                        </common:Annotation>
                    </common:Annotations>
                    <common:Name xml:lang="en">Flintshire and Wrexham</common:Name>
                    <common:Name xml:lang="fr">Flintshire and Wrexham</common:Name>
                    <structure:Parent>
                        <Ref id="UKL"/>
                    </structure:Parent>
                </structure:Code>
                <structure:Code id="UKL24">
                    <common:Annotations>
                        <common:Annotation>
                            <common:AnnotationType>ORDER</common:AnnotationType>
                            <common:AnnotationText xml:lang="en">26710</common:AnnotationText>
                            <common:AnnotationText xml:lang="fr">26710</common:AnnotationText>
                        </common:Annotation>
                    </common:Annotations>
                    <common:Name xml:lang="en">Powys</common:Name>
                    <common:Name xml:lang="fr">Powys</common:Name>
                    <structure:Parent>
                        <Ref id="UKL"/>
                    </structure:Parent>
                </structure:Code>
                <structure:Code id="UKM">
                    <common:Annotations>
                        <common:Annotation>
                            <common:AnnotationType>ORDER</common:AnnotationType>
                            <common:AnnotationText xml:lang="en">26720</common:AnnotationText>
                            <common:AnnotationText xml:lang="fr">26720</common:AnnotationText>
                        </common:Annotation>
                    </common:Annotations>
                    <common:Name xml:lang="en">Scotland</common:Name>
                    <common:Name xml:lang="fr">Scotland</common:Name>
                    <structure:Parent>
                        <Ref id="GBR"/>
                    </structure:Parent>
                </structure:Code>
                <structure:Code id="UKM50">
                    <common:Annotations>
                        <common:Annotation>
                            <common:AnnotationType>ORDER</common:AnnotationType>
                            <common:AnnotationText xml:lang="en">26730</common:AnnotationText>
                            <common:AnnotationText xml:lang="fr">26730</common:AnnotationText>
                        </common:Annotation>
                    </common:Annotations>
                    <common:Name xml:lang="en">Aberdeen City and Aberdeenshire</common:Name>
                    <common:Name xml:lang="fr">Aberdeen City and Aberdeenshire</common:Name>
                    <structure:Parent>
                        <Ref id="UKM"/>
                    </structure:Parent>
                </structure:Code>
                <structure:Code id="UKM61">
                    <common:Annotations>
                        <common:Annotation>
                            <common:AnnotationType>ORDER</common:AnnotationType>
                            <common:AnnotationText xml:lang="en">26740</common:AnnotationText>
                            <common:AnnotationText xml:lang="fr">26740</common:AnnotationText>
                        </common:Annotation>
                    </common:Annotations>
                    <common:Name xml:lang="en">Caithness &amp; Sutherland and Ross &amp; Cromarty</common:Name>
                    <common:Name xml:lang="fr">Caithness &amp; Sutherland and Ross &amp; Cromarty</common:Name>
                    <structure:Parent>
                        <Ref id="UKM"/>
                    </structure:Parent>
                </structure:Code>
                <structure:Code id="UKM62">
                    <common:Annotations>
                        <common:Annotation>
                            <common:AnnotationType>ORDER</common:AnnotationType>
                            <common:AnnotationText xml:lang="en">26750</common:AnnotationText>
                            <common:AnnotationText xml:lang="fr">26750</common:AnnotationText>
                        </common:Annotation>
                    </common:Annotations>
                    <common:Name xml:lang="en">Inverness &amp; Nairn and Moray, Badenoch &amp; Strathspey</common:Name>
                    <common:Name xml:lang="fr">Inverness &amp; Nairn and Moray, Badenoch &amp; Strathspey</common:Name>
                    <structure:Parent>
                        <Ref id="UKM"/>
                    </structure:Parent>
                </structure:Code>
                <structure:Code id="UKM63">
                    <common:Annotations>
                        <common:Annotation>
                            <common:AnnotationType>ORDER</common:AnnotationType>
                            <common:AnnotationText xml:lang="en">26760</common:AnnotationText>
                            <common:AnnotationText xml:lang="fr">26760</common:AnnotationText>
                        </common:Annotation>
                    </common:Annotations>
                    <common:Name xml:lang="en">Lochaber, Skye &amp; Lochalsh, Arran &amp; Cumbrae and Argyll &amp; Bute</common:Name>
                    <common:Name xml:lang="fr">Lochaber, Skye &amp; Lochalsh, Arran &amp; Cumbrae and Argyll &amp; Bute</common:Name>
                    <structure:Parent>
                        <Ref id="UKM"/>
                    </structure:Parent>
                </structure:Code>
                <structure:Code id="UKM64">
                    <common:Annotations>
                        <common:Annotation>
                            <common:AnnotationType>ORDER</common:AnnotationType>
                            <common:AnnotationText xml:lang="en">26770</common:AnnotationText>
                            <common:AnnotationText xml:lang="fr">26770</common:AnnotationText>
                        </common:Annotation>
                    </common:Annotations>
                    <common:Name xml:lang="en">Eilean Siar (Western Isles)</common:Name>
                    <common:Name xml:lang="fr">Eilean Siar (Western Isles)</common:Name>
                    <structure:Parent>
                        <Ref id="UKM"/>
                    </structure:Parent>
                </structure:Code>
                <structure:Code id="UKM65">
                    <common:Annotations>
                        <common:Annotation>
                            <common:AnnotationType>ORDER</common:AnnotationType>
                            <common:AnnotationText xml:lang="en">26780</common:AnnotationText>
                            <common:AnnotationText xml:lang="fr">26780</common:AnnotationText>
                        </common:Annotation>
                    </common:Annotations>
                    <common:Name xml:lang="en">Orkney Islands</common:Name>
                    <common:Name xml:lang="fr">Orkney Islands</common:Name>
                    <structure:Parent>
                        <Ref id="UKM"/>
                    </structure:Parent>
                </structure:Code>
                <structure:Code id="UKM66">
                    <common:Annotations>
                        <common:Annotation>
                            <common:AnnotationType>ORDER</common:AnnotationType>
                            <common:AnnotationText xml:lang="en">26790</common:AnnotationText>
                            <common:AnnotationText xml:lang="fr">26790</common:AnnotationText>
                        </common:Annotation>
                    </common:Annotations>
                    <common:Name xml:lang="en">Shetland Islands</common:Name>
                    <common:Name xml:lang="fr">Shetland Islands</common:Name>
                    <structure:Parent>
                        <Ref id="UKM"/>
                    </structure:Parent>
                </structure:Code>
                <structure:Code id="UKM71">
                    <common:Annotations>
                        <common:Annotation>
                            <common:AnnotationType>ORDER</common:AnnotationType>
                            <common:AnnotationText xml:lang="en">26800</common:AnnotationText>
                            <common:AnnotationText xml:lang="fr">26800</common:AnnotationText>
                        </common:Annotation>
                    </common:Annotations>
                    <common:Name xml:lang="en">Angus and Dundee City</common:Name>
                    <common:Name xml:lang="fr">Angus and Dundee City</common:Name>
                    <structure:Parent>
                        <Ref id="UKM"/>
                    </structure:Parent>
                </structure:Code>
                <structure:Code id="UKM72">
                    <common:Annotations>
                        <common:Annotation>
                            <common:AnnotationType>ORDER</common:AnnotationType>
                            <common:AnnotationText xml:lang="en">26810</common:AnnotationText>
                            <common:AnnotationText xml:lang="fr">26810</common:AnnotationText>
                        </common:Annotation>
                    </common:Annotations>
                    <common:Name xml:lang="en">Clackmannanshire and Fife</common:Name>
                    <common:Name xml:lang="fr">Clackmannanshire and Fife</common:Name>
                    <structure:Parent>
                        <Ref id="UKM"/>
                    </structure:Parent>
                </structure:Code>
                <structure:Code id="UKM73">
                    <common:Annotations>
                        <common:Annotation>
                            <common:AnnotationType>ORDER</common:AnnotationType>
                            <common:AnnotationText xml:lang="en">26820</common:AnnotationText>
                            <common:AnnotationText xml:lang="fr">26820</common:AnnotationText>
                        </common:Annotation>
                    </common:Annotations>
                    <common:Name xml:lang="en">East Lothian and Midlothian</common:Name>
                    <common:Name xml:lang="fr">East Lothian and Midlothian</common:Name>
                    <structure:Parent>
                        <Ref id="UKM"/>
                    </structure:Parent>
                </structure:Code>
                <structure:Code id="UKM75">
                    <common:Annotations>
                        <common:Annotation>
                            <common:AnnotationType>ORDER</common:AnnotationType>
                            <common:AnnotationText xml:lang="en">26830</common:AnnotationText>
                            <common:AnnotationText xml:lang="fr">26830</common:AnnotationText>
                        </common:Annotation>
                    </common:Annotations>
                    <common:Name xml:lang="en">Edinburgh, City of</common:Name>
                    <common:Name xml:lang="fr">Edinburgh, City of</common:Name>
                    <structure:Parent>
                        <Ref id="UKM"/>
                    </structure:Parent>
                </structure:Code>
                <structure:Code id="UKM76">
                    <common:Annotations>
                        <common:Annotation>
                            <common:AnnotationType>ORDER</common:AnnotationType>
                            <common:AnnotationText xml:lang="en">26840</common:AnnotationText>
                            <common:AnnotationText xml:lang="fr">26840</common:AnnotationText>
                        </common:Annotation>
                    </common:Annotations>
                    <common:Name xml:lang="en">Falkirk</common:Name>
                    <common:Name xml:lang="fr">Falkirk</common:Name>
                    <structure:Parent>
                        <Ref id="UKM"/>
                    </structure:Parent>
                </structure:Code>
                <structure:Code id="UKM77">
                    <common:Annotations>
                        <common:Annotation>
                            <common:AnnotationType>ORDER</common:AnnotationType>
                            <common:AnnotationText xml:lang="en">26850</common:AnnotationText>
                            <common:AnnotationText xml:lang="fr">26850</common:AnnotationText>
                        </common:Annotation>
                    </common:Annotations>
                    <common:Name xml:lang="en">Perth &amp; Kinross and Stirling</common:Name>
                    <common:Name xml:lang="fr">Perth &amp; Kinross and Stirling</common:Name>
                    <structure:Parent>
                        <Ref id="UKM"/>
                    </structure:Parent>
                </structure:Code>
                <structure:Code id="UKM78">
                    <common:Annotations>
                        <common:Annotation>
                            <common:AnnotationType>ORDER</common:AnnotationType>
                            <common:AnnotationText xml:lang="en">26860</common:AnnotationText>
                            <common:AnnotationText xml:lang="fr">26860</common:AnnotationText>
                        </common:Annotation>
                    </common:Annotations>
                    <common:Name xml:lang="en">West Lothian</common:Name>
                    <common:Name xml:lang="fr">West Lothian</common:Name>
                    <structure:Parent>
                        <Ref id="UKM"/>
                    </structure:Parent>
                </structure:Code>
                <structure:Code id="UKM81">
                    <common:Annotations>
                        <common:Annotation>
                            <common:AnnotationType>ORDER</common:AnnotationType>
                            <common:AnnotationText xml:lang="en">26870</common:AnnotationText>
                            <common:AnnotationText xml:lang="fr">26870</common:AnnotationText>
                        </common:Annotation>
                    </common:Annotations>
                    <common:Name xml:lang="en">East Dunbartonshire, West Dunbartonshire and Helensburgh &amp; Lomond</common:Name>
                    <common:Name xml:lang="fr">East Dunbartonshire, West Dunbartonshire and Helensburgh &amp; Lomond</common:Name>
                    <structure:Parent>
                        <Ref id="UKM"/>
                    </structure:Parent>
                </structure:Code>
                <structure:Code id="UKM82">
                    <common:Annotations>
                        <common:Annotation>
                            <common:AnnotationType>ORDER</common:AnnotationType>
                            <common:AnnotationText xml:lang="en">26880</common:AnnotationText>
                            <common:AnnotationText xml:lang="fr">26880</common:AnnotationText>
                        </common:Annotation>
                    </common:Annotations>
                    <common:Name xml:lang="en">Glasgow City</common:Name>
                    <common:Name xml:lang="fr">Glasgow City</common:Name>
                    <structure:Parent>
                        <Ref id="UKM"/>
                    </structure:Parent>
                </structure:Code>
                <structure:Code id="UKM83">
                    <common:Annotations>
                        <common:Annotation>
                            <common:AnnotationType>ORDER</common:AnnotationType>
                            <common:AnnotationText xml:lang="en">26890</common:AnnotationText>
                            <common:AnnotationText xml:lang="fr">26890</common:AnnotationText>
                        </common:Annotation>
                    </common:Annotations>
                    <common:Name xml:lang="en">Inverclyde, East Renfrewshire and Renfrewshire</common:Name>
                    <common:Name xml:lang="fr">Inverclyde, East Renfrewshire and Renfrewshire</common:Name>
                    <structure:Parent>
                        <Ref id="UKM"/>
                    </structure:Parent>
                </structure:Code>
                <structure:Code id="UKM84">
                    <common:Annotations>
                        <common:Annotation>
                            <common:AnnotationType>ORDER</common:AnnotationType>
                            <common:AnnotationText xml:lang="en">26900</common:AnnotationText>
                            <common:AnnotationText xml:lang="fr">26900</common:AnnotationText>
                        </common:Annotation>
                    </common:Annotations>
                    <common:Name xml:lang="en">North Lanarkshire</common:Name>
                    <common:Name xml:lang="fr">North Lanarkshire</common:Name>
                    <structure:Parent>
                        <Ref id="UKM"/>
                    </structure:Parent>
                </structure:Code>
                <structure:Code id="UKM91">
                    <common:Annotations>
                        <common:Annotation>
                            <common:AnnotationType>ORDER</common:AnnotationType>
                            <common:AnnotationText xml:lang="en">26910</common:AnnotationText>
                            <common:AnnotationText xml:lang="fr">26910</common:AnnotationText>
                        </common:Annotation>
                    </common:Annotations>
                    <common:Name xml:lang="en">Scottish Borders</common:Name>
                    <common:Name xml:lang="fr">Scottish Borders</common:Name>
                    <structure:Parent>
                        <Ref id="UKM"/>
                    </structure:Parent>
                </structure:Code>
                <structure:Code id="UKM92">
                    <common:Annotations>
                        <common:Annotation>
                            <common:AnnotationType>ORDER</common:AnnotationType>
                            <common:AnnotationText xml:lang="en">26920</common:AnnotationText>
                            <common:AnnotationText xml:lang="fr">26920</common:AnnotationText>
                        </common:Annotation>
                    </common:Annotations>
                    <common:Name xml:lang="en">Dumfries &amp; Galloway</common:Name>
                    <common:Name xml:lang="fr">Dumfries &amp; Galloway</common:Name>
                    <structure:Parent>
                        <Ref id="UKM"/>
                    </structure:Parent>
                </structure:Code>
                <structure:Code id="UKM93">
                    <common:Annotations>
                        <common:Annotation>
                            <common:AnnotationType>ORDER</common:AnnotationType>
                            <common:AnnotationText xml:lang="en">26930</common:AnnotationText>
                            <common:AnnotationText xml:lang="fr">26930</common:AnnotationText>
                        </common:Annotation>
                    </common:Annotations>
                    <common:Name xml:lang="en">East Ayrshire and North Ayrshire mainland</common:Name>
                    <common:Name xml:lang="fr">East Ayrshire and North Ayrshire mainland</common:Name>
                    <structure:Parent>
                        <Ref id="UKM"/>
                    </structure:Parent>
                </structure:Code>
                <structure:Code id="UKM94">
                    <common:Annotations>
                        <common:Annotation>
                            <common:AnnotationType>ORDER</common:AnnotationType>
                            <common:AnnotationText xml:lang="en">26940</common:AnnotationText>
                            <common:AnnotationText xml:lang="fr">26940</common:AnnotationText>
                        </common:Annotation>
                    </common:Annotations>
                    <common:Name xml:lang="en">South Ayrshire</common:Name>
                    <common:Name xml:lang="fr">South Ayrshire</common:Name>
                    <structure:Parent>
                        <Ref id="UKM"/>
                    </structure:Parent>
                </structure:Code>
                <structure:Code id="UKM95">
                    <common:Annotations>
                        <common:Annotation>
                            <common:AnnotationType>ORDER</common:AnnotationType>
                            <common:AnnotationText xml:lang="en">26950</common:AnnotationText>
                            <common:AnnotationText xml:lang="fr">26950</common:AnnotationText>
                        </common:Annotation>
                    </common:Annotations>
                    <common:Name xml:lang="en">South Lanarkshire</common:Name>
                    <common:Name xml:lang="fr">South Lanarkshire</common:Name>
                    <structure:Parent>
                        <Ref id="UKM"/>
                    </structure:Parent>
                </structure:Code>
                <structure:Code id="UKN">
                    <common:Annotations>
                        <common:Annotation>
                            <common:AnnotationType>ORDER</common:AnnotationType>
                            <common:AnnotationText xml:lang="en">26960</common:AnnotationText>
                            <common:AnnotationText xml:lang="fr">26960</common:AnnotationText>
                        </common:Annotation>
                    </common:Annotations>
                    <common:Name xml:lang="en">Northern Ireland</common:Name>
                    <common:Name xml:lang="fr">Northern Ireland</common:Name>
                    <structure:Parent>
                        <Ref id="GBR"/>
                    </structure:Parent>
                </structure:Code>
                <structure:Code id="UKN06">
                    <common:Annotations>
                        <common:Annotation>
                            <common:AnnotationType>ORDER</common:AnnotationType>
                            <common:AnnotationText xml:lang="en">26970</common:AnnotationText>
                            <common:AnnotationText xml:lang="fr">26970</common:AnnotationText>
                        </common:Annotation>
                    </common:Annotations>
                    <common:Name xml:lang="en">Belfast</common:Name>
                    <common:Name xml:lang="fr">Belfast</common:Name>
                    <structure:Parent>
                        <Ref id="UKN"/>
                    </structure:Parent>
                </structure:Code>
                <structure:Code id="UKN07">
                    <common:Annotations>
                        <common:Annotation>
                            <common:AnnotationType>ORDER</common:AnnotationType>
                            <common:AnnotationText xml:lang="en">26980</common:AnnotationText>
                            <common:AnnotationText xml:lang="fr">26980</common:AnnotationText>
                        </common:Annotation>
                    </common:Annotations>
                    <common:Name xml:lang="en">Armagh City, Banbridge and Craigavon</common:Name>
                    <common:Name xml:lang="fr">Armagh City, Banbridge and Craigavon</common:Name>
                    <structure:Parent>
                        <Ref id="UKN"/>
                    </structure:Parent>
                </structure:Code>
                <structure:Code id="UKN08">
                    <common:Annotations>
                        <common:Annotation>
                            <common:AnnotationType>ORDER</common:AnnotationType>
                            <common:AnnotationText xml:lang="en">26990</common:AnnotationText>
                            <common:AnnotationText xml:lang="fr">26990</common:AnnotationText>
                        </common:Annotation>
                    </common:Annotations>
                    <common:Name xml:lang="en">Newry, Mourne and Down</common:Name>
                    <common:Name xml:lang="fr">Newry, Mourne and Down</common:Name>
                    <structure:Parent>
                        <Ref id="UKN"/>
                    </structure:Parent>
                </structure:Code>
                <structure:Code id="UKN09">
                    <common:Annotations>
                        <common:Annotation>
                            <common:AnnotationType>ORDER</common:AnnotationType>
                            <common:AnnotationText xml:lang="en">27000</common:AnnotationText>
                            <common:AnnotationText xml:lang="fr">27000</common:AnnotationText>
                        </common:Annotation>
                    </common:Annotations>
                    <common:Name xml:lang="en">Ards and C193North Down</common:Name>
                    <common:Name xml:lang="fr">Ards and C193North Down</common:Name>
                    <structure:Parent>
                        <Ref id="UKN"/>
                    </structure:Parent>
                </structure:Code>
                <structure:Code id="UKN10">
                    <common:Annotations>
                        <common:Annotation>
                            <common:AnnotationType>ORDER</common:AnnotationType>
                            <common:AnnotationText xml:lang="en">27010</common:AnnotationText>
                            <common:AnnotationText xml:lang="fr">27010</common:AnnotationText>
                        </common:Annotation>
                    </common:Annotations>
                    <common:Name xml:lang="en">Derry City and Strabane</common:Name>
                    <common:Name xml:lang="fr">Derry City and Strabane</common:Name>
                    <structure:Parent>
                        <Ref id="UKN"/>
                    </structure:Parent>
                </structure:Code>
                <structure:Code id="UKN11">
                    <common:Annotations>
                        <common:Annotation>
                            <common:AnnotationType>ORDER</common:AnnotationType>
                            <common:AnnotationText xml:lang="en">27020</common:AnnotationText>
                            <common:AnnotationText xml:lang="fr">27020</common:AnnotationText>
                        </common:Annotation>
                    </common:Annotations>
                    <common:Name xml:lang="en">Mid Ulster</common:Name>
                    <common:Name xml:lang="fr">Mid Ulster</common:Name>
                    <structure:Parent>
                        <Ref id="UKN"/>
                    </structure:Parent>
                </structure:Code>
                <structure:Code id="UKN12">
                    <common:Annotations>
                        <common:Annotation>
                            <common:AnnotationType>ORDER</common:AnnotationType>
                            <common:AnnotationText xml:lang="en">27030</common:AnnotationText>
                            <common:AnnotationText xml:lang="fr">27030</common:AnnotationText>
                        </common:Annotation>
                    </common:Annotations>
                    <common:Name xml:lang="en">Causeway Coast and Glens</common:Name>
                    <common:Name xml:lang="fr">Causeway Coast and Glens</common:Name>
                    <structure:Parent>
                        <Ref id="UKN"/>
                    </structure:Parent>
                </structure:Code>
                <structure:Code id="UKN13">
                    <common:Annotations>
                        <common:Annotation>
                            <common:AnnotationType>ORDER</common:AnnotationType>
                            <common:AnnotationText xml:lang="en">27040</common:AnnotationText>
                            <common:AnnotationText xml:lang="fr">27040</common:AnnotationText>
                        </common:Annotation>
                    </common:Annotations>
                    <common:Name xml:lang="en">Antrim and Newtownabbey</common:Name>
                    <common:Name xml:lang="fr">Antrim and Newtownabbey</common:Name>
                    <structure:Parent>
                        <Ref id="UKN"/>
                    </structure:Parent>
                </structure:Code>
                <structure:Code id="UKN14">
                    <common:Annotations>
                        <common:Annotation>
                            <common:AnnotationType>ORDER</common:AnnotationType>
                            <common:AnnotationText xml:lang="en">27050</common:AnnotationText>
                            <common:AnnotationText xml:lang="fr">27050</common:AnnotationText>
                        </common:Annotation>
                    </common:Annotations>
                    <common:Name xml:lang="en">Lisburn and Castlereagh</common:Name>
                    <common:Name xml:lang="fr">Lisburn and Castlereagh</common:Name>
                    <structure:Parent>
                        <Ref id="UKN"/>
                    </structure:Parent>
                </structure:Code>
                <structure:Code id="UKN15">
                    <common:Annotations>
                        <common:Annotation>
                            <common:AnnotationType>ORDER</common:AnnotationType>
                            <common:AnnotationText xml:lang="en">27060</common:AnnotationText>
                            <common:AnnotationText xml:lang="fr">27060</common:AnnotationText>
                        </common:Annotation>
                    </common:Annotations>
                    <common:Name xml:lang="en">Mid and East Antrim</common:Name>
                    <common:Name xml:lang="fr">Mid and East Antrim</common:Name>
                    <structure:Parent>
                        <Ref id="UKN"/>
                    </structure:Parent>
                </structure:Code>
                <structure:Code id="UKN16">
                    <common:Annotations>
                        <common:Annotation>
                            <common:AnnotationType>ORDER</common:AnnotationType>
                            <common:AnnotationText xml:lang="en">27070</common:AnnotationText>
                            <common:AnnotationText xml:lang="fr">27070</common:AnnotationText>
                        </common:Annotation>
                    </common:Annotations>
                    <common:Name xml:lang="en">Fermanagh and Omagh</common:Name>
                    <common:Name xml:lang="fr">Fermanagh and Omagh</common:Name>
                    <structure:Parent>
                        <Ref id="UKN"/>
                    </structure:Parent>
                </structure:Code>
                <structure:Code id="UKN02">
                    <common:Annotations>
                        <common:Annotation>
                            <common:AnnotationType>ORDER</common:AnnotationType>
                            <common:AnnotationText xml:lang="en">27080</common:AnnotationText>
                            <common:AnnotationText xml:lang="fr">27080</common:AnnotationText>
                        </common:Annotation>
                    </common:Annotations>
                    <common:Name xml:lang="en">Outer Belfast</common:Name>
                    <common:Name xml:lang="fr">Outer Belfast</common:Name>
                    <structure:Parent>
                        <Ref id="UKN"/>
                    </structure:Parent>
                </structure:Code>
                <structure:Code id="UKN03">
                    <common:Annotations>
                        <common:Annotation>
                            <common:AnnotationType>ORDER</common:AnnotationType>
                            <common:AnnotationText xml:lang="en">27090</common:AnnotationText>
                            <common:AnnotationText xml:lang="fr">27090</common:AnnotationText>
                        </common:Annotation>
                    </common:Annotations>
                    <common:Name xml:lang="en">East of Northern Ireland</common:Name>
                    <common:Name xml:lang="fr">East of Northern Ireland</common:Name>
                    <structure:Parent>
                        <Ref id="UKN"/>
                    </structure:Parent>
                </structure:Code>
                <structure:Code id="UKN04">
                    <common:Annotations>
                        <common:Annotation>
                            <common:AnnotationType>ORDER</common:AnnotationType>
                            <common:AnnotationText xml:lang="en">27100</common:AnnotationText>
                            <common:AnnotationText xml:lang="fr">27100</common:AnnotationText>
                        </common:Annotation>
                    </common:Annotations>
                    <common:Name xml:lang="en">North of Northern Ireland</common:Name>
                    <common:Name xml:lang="fr">North of Northern Ireland</common:Name>
                    <structure:Parent>
                        <Ref id="UKN"/>
                    </structure:Parent>
                </structure:Code>
                <structure:Code id="UKN05">
                    <common:Annotations>
                        <common:Annotation>
                            <common:AnnotationType>ORDER</common:AnnotationType>
                            <common:AnnotationText xml:lang="en">27110</common:AnnotationText>
                            <common:AnnotationText xml:lang="fr">27110</common:AnnotationText>
                        </common:Annotation>
                    </common:Annotations>
                    <common:Name xml:lang="en">West and South of Northern Ireland</common:Name>
                    <common:Name xml:lang="fr">West and South of Northern Ireland</common:Name>
                    <structure:Parent>
                        <Ref id="UKN"/>
                    </structure:Parent>
                </structure:Code>
                <structure:Code id="USA">
                    <common:Annotations>
                        <common:Annotation>
                            <common:AnnotationType>ORDER</common:AnnotationType>
                            <common:AnnotationText xml:lang="en">27120</common:AnnotationText>
                            <common:AnnotationText xml:lang="fr">27120</common:AnnotationText>
                        </common:Annotation>
                    </common:Annotations>
                    <common:Name xml:lang="en">United States</common:Name>
                    <common:Name xml:lang="fr">États-Unis</common:Name>
                </structure:Code>
                <structure:Code id="US01">
                    <common:Annotations>
                        <common:Annotation>
                            <common:AnnotationType>ORDER</common:AnnotationType>
                            <common:AnnotationText xml:lang="en">27130</common:AnnotationText>
                            <common:AnnotationText xml:lang="fr">27130</common:AnnotationText>
                        </common:Annotation>
                    </common:Annotations>
                    <common:Name xml:lang="en">Alabama</common:Name>
                    <common:Name xml:lang="fr">Alabama</common:Name>
                    <structure:Parent>
                        <Ref id="USA"/>
                    </structure:Parent>
                </structure:Code>
                <structure:Code id="US02">
                    <common:Annotations>
                        <common:Annotation>
                            <common:AnnotationType>ORDER</common:AnnotationType>
                            <common:AnnotationText xml:lang="en">27140</common:AnnotationText>
                            <common:AnnotationText xml:lang="fr">27140</common:AnnotationText>
                        </common:Annotation>
                    </common:Annotations>
                    <common:Name xml:lang="en">Alaska</common:Name>
                    <common:Name xml:lang="fr">Alaska</common:Name>
                    <structure:Parent>
                        <Ref id="USA"/>
                    </structure:Parent>
                </structure:Code>
                <structure:Code id="US04">
                    <common:Annotations>
                        <common:Annotation>
                            <common:AnnotationType>ORDER</common:AnnotationType>
                            <common:AnnotationText xml:lang="en">27150</common:AnnotationText>
                            <common:AnnotationText xml:lang="fr">27150</common:AnnotationText>
                        </common:Annotation>
                    </common:Annotations>
                    <common:Name xml:lang="en">Arizona</common:Name>
                    <common:Name xml:lang="fr">Arizona</common:Name>
                    <structure:Parent>
                        <Ref id="USA"/>
                    </structure:Parent>
                </structure:Code>
                <structure:Code id="US05">
                    <common:Annotations>
                        <common:Annotation>
                            <common:AnnotationType>ORDER</common:AnnotationType>
                            <common:AnnotationText xml:lang="en">27160</common:AnnotationText>
                            <common:AnnotationText xml:lang="fr">27160</common:AnnotationText>
                        </common:Annotation>
                    </common:Annotations>
                    <common:Name xml:lang="en">Arkansas</common:Name>
                    <common:Name xml:lang="fr">Arkansas</common:Name>
                    <structure:Parent>
                        <Ref id="USA"/>
                    </structure:Parent>
                </structure:Code>
                <structure:Code id="US06">
                    <common:Annotations>
                        <common:Annotation>
                            <common:AnnotationType>ORDER</common:AnnotationType>
                            <common:AnnotationText xml:lang="en">27170</common:AnnotationText>
                            <common:AnnotationText xml:lang="fr">27170</common:AnnotationText>
                        </common:Annotation>
                    </common:Annotations>
                    <common:Name xml:lang="en">California</common:Name>
                    <common:Name xml:lang="fr">California</common:Name>
                    <structure:Parent>
                        <Ref id="USA"/>
                    </structure:Parent>
                </structure:Code>
                <structure:Code id="US08">
                    <common:Annotations>
                        <common:Annotation>
                            <common:AnnotationType>ORDER</common:AnnotationType>
                            <common:AnnotationText xml:lang="en">27180</common:AnnotationText>
                            <common:AnnotationText xml:lang="fr">27180</common:AnnotationText>
                        </common:Annotation>
                    </common:Annotations>
                    <common:Name xml:lang="en">Colorado</common:Name>
                    <common:Name xml:lang="fr">Colorado</common:Name>
                    <structure:Parent>
                        <Ref id="USA"/>
                    </structure:Parent>
                </structure:Code>
                <structure:Code id="US09">
                    <common:Annotations>
                        <common:Annotation>
                            <common:AnnotationType>ORDER</common:AnnotationType>
                            <common:AnnotationText xml:lang="en">27190</common:AnnotationText>
                            <common:AnnotationText xml:lang="fr">27190</common:AnnotationText>
                        </common:Annotation>
                    </common:Annotations>
                    <common:Name xml:lang="en">Connecticut</common:Name>
                    <common:Name xml:lang="fr">Connecticut</common:Name>
                    <structure:Parent>
                        <Ref id="USA"/>
                    </structure:Parent>
                </structure:Code>
                <structure:Code id="US10">
                    <common:Annotations>
                        <common:Annotation>
                            <common:AnnotationType>ORDER</common:AnnotationType>
                            <common:AnnotationText xml:lang="en">27200</common:AnnotationText>
                            <common:AnnotationText xml:lang="fr">27200</common:AnnotationText>
                        </common:Annotation>
                    </common:Annotations>
                    <common:Name xml:lang="en">Delaware</common:Name>
                    <common:Name xml:lang="fr">Delaware</common:Name>
                    <structure:Parent>
                        <Ref id="USA"/>
                    </structure:Parent>
                </structure:Code>
                <structure:Code id="US11">
                    <common:Annotations>
                        <common:Annotation>
                            <common:AnnotationType>ORDER</common:AnnotationType>
                            <common:AnnotationText xml:lang="en">27210</common:AnnotationText>
                            <common:AnnotationText xml:lang="fr">27210</common:AnnotationText>
                        </common:Annotation>
                    </common:Annotations>
                    <common:Name xml:lang="en">District of Columbia</common:Name>
                    <common:Name xml:lang="fr">District of Columbia</common:Name>
                    <structure:Parent>
                        <Ref id="USA"/>
                    </structure:Parent>
                </structure:Code>
                <structure:Code id="US12">
                    <common:Annotations>
                        <common:Annotation>
                            <common:AnnotationType>ORDER</common:AnnotationType>
                            <common:AnnotationText xml:lang="en">27220</common:AnnotationText>
                            <common:AnnotationText xml:lang="fr">27220</common:AnnotationText>
                        </common:Annotation>
                    </common:Annotations>
                    <common:Name xml:lang="en">Florida</common:Name>
                    <common:Name xml:lang="fr">Florida</common:Name>
                    <structure:Parent>
                        <Ref id="USA"/>
                    </structure:Parent>
                </structure:Code>
                <structure:Code id="US13">
                    <common:Annotations>
                        <common:Annotation>
                            <common:AnnotationType>ORDER</common:AnnotationType>
                            <common:AnnotationText xml:lang="en">27230</common:AnnotationText>
                            <common:AnnotationText xml:lang="fr">27230</common:AnnotationText>
                        </common:Annotation>
                    </common:Annotations>
                    <common:Name xml:lang="en">Georgia</common:Name>
                    <common:Name xml:lang="fr">Georgia</common:Name>
                    <structure:Parent>
                        <Ref id="USA"/>
                    </structure:Parent>
                </structure:Code>
                <structure:Code id="US15">
                    <common:Annotations>
                        <common:Annotation>
                            <common:AnnotationType>ORDER</common:AnnotationType>
                            <common:AnnotationText xml:lang="en">27240</common:AnnotationText>
                            <common:AnnotationText xml:lang="fr">27240</common:AnnotationText>
                        </common:Annotation>
                    </common:Annotations>
                    <common:Name xml:lang="en">Hawaii</common:Name>
                    <common:Name xml:lang="fr">Hawaii</common:Name>
                    <structure:Parent>
                        <Ref id="USA"/>
                    </structure:Parent>
                </structure:Code>
                <structure:Code id="US16">
                    <common:Annotations>
                        <common:Annotation>
                            <common:AnnotationType>ORDER</common:AnnotationType>
                            <common:AnnotationText xml:lang="en">27250</common:AnnotationText>
                            <common:AnnotationText xml:lang="fr">27250</common:AnnotationText>
                        </common:Annotation>
                    </common:Annotations>
                    <common:Name xml:lang="en">Idaho</common:Name>
                    <common:Name xml:lang="fr">Idaho</common:Name>
                    <structure:Parent>
                        <Ref id="USA"/>
                    </structure:Parent>
                </structure:Code>
                <structure:Code id="US17">
                    <common:Annotations>
                        <common:Annotation>
                            <common:AnnotationType>ORDER</common:AnnotationType>
                            <common:AnnotationText xml:lang="en">27260</common:AnnotationText>
                            <common:AnnotationText xml:lang="fr">27260</common:AnnotationText>
                        </common:Annotation>
                    </common:Annotations>
                    <common:Name xml:lang="en">Illinois</common:Name>
                    <common:Name xml:lang="fr">Illinois</common:Name>
                    <structure:Parent>
                        <Ref id="USA"/>
                    </structure:Parent>
                </structure:Code>
                <structure:Code id="US18">
                    <common:Annotations>
                        <common:Annotation>
                            <common:AnnotationType>ORDER</common:AnnotationType>
                            <common:AnnotationText xml:lang="en">27270</common:AnnotationText>
                            <common:AnnotationText xml:lang="fr">27270</common:AnnotationText>
                        </common:Annotation>
                    </common:Annotations>
                    <common:Name xml:lang="en">Indiana</common:Name>
                    <common:Name xml:lang="fr">Indiana</common:Name>
                    <structure:Parent>
                        <Ref id="USA"/>
                    </structure:Parent>
                </structure:Code>
                <structure:Code id="US19">
                    <common:Annotations>
                        <common:Annotation>
                            <common:AnnotationType>ORDER</common:AnnotationType>
                            <common:AnnotationText xml:lang="en">27280</common:AnnotationText>
                            <common:AnnotationText xml:lang="fr">27280</common:AnnotationText>
                        </common:Annotation>
                    </common:Annotations>
                    <common:Name xml:lang="en">Iowa</common:Name>
                    <common:Name xml:lang="fr">Iowa</common:Name>
                    <structure:Parent>
                        <Ref id="USA"/>
                    </structure:Parent>
                </structure:Code>
                <structure:Code id="US20">
                    <common:Annotations>
                        <common:Annotation>
                            <common:AnnotationType>ORDER</common:AnnotationType>
                            <common:AnnotationText xml:lang="en">27290</common:AnnotationText>
                            <common:AnnotationText xml:lang="fr">27290</common:AnnotationText>
                        </common:Annotation>
                    </common:Annotations>
                    <common:Name xml:lang="en">Kansas</common:Name>
                    <common:Name xml:lang="fr">Kansas</common:Name>
                    <structure:Parent>
                        <Ref id="USA"/>
                    </structure:Parent>
                </structure:Code>
                <structure:Code id="US21">
                    <common:Annotations>
                        <common:Annotation>
                            <common:AnnotationType>ORDER</common:AnnotationType>
                            <common:AnnotationText xml:lang="en">27300</common:AnnotationText>
                            <common:AnnotationText xml:lang="fr">27300</common:AnnotationText>
                        </common:Annotation>
                    </common:Annotations>
                    <common:Name xml:lang="en">Kentucky</common:Name>
                    <common:Name xml:lang="fr">Kentucky</common:Name>
                    <structure:Parent>
                        <Ref id="USA"/>
                    </structure:Parent>
                </structure:Code>
                <structure:Code id="US22">
                    <common:Annotations>
                        <common:Annotation>
                            <common:AnnotationType>ORDER</common:AnnotationType>
                            <common:AnnotationText xml:lang="en">27310</common:AnnotationText>
                            <common:AnnotationText xml:lang="fr">27310</common:AnnotationText>
                        </common:Annotation>
                    </common:Annotations>
                    <common:Name xml:lang="en">Louisiana</common:Name>
                    <common:Name xml:lang="fr">Louisiana</common:Name>
                    <structure:Parent>
                        <Ref id="USA"/>
                    </structure:Parent>
                </structure:Code>
                <structure:Code id="US23">
                    <common:Annotations>
                        <common:Annotation>
                            <common:AnnotationType>ORDER</common:AnnotationType>
                            <common:AnnotationText xml:lang="en">27320</common:AnnotationText>
                            <common:AnnotationText xml:lang="fr">27320</common:AnnotationText>
                        </common:Annotation>
                    </common:Annotations>
                    <common:Name xml:lang="en">Maine</common:Name>
                    <common:Name xml:lang="fr">Maine</common:Name>
                    <structure:Parent>
                        <Ref id="USA"/>
                    </structure:Parent>
                </structure:Code>
                <structure:Code id="US24">
                    <common:Annotations>
                        <common:Annotation>
                            <common:AnnotationType>ORDER</common:AnnotationType>
                            <common:AnnotationText xml:lang="en">27330</common:AnnotationText>
                            <common:AnnotationText xml:lang="fr">27330</common:AnnotationText>
                        </common:Annotation>
                    </common:Annotations>
                    <common:Name xml:lang="en">Maryland</common:Name>
                    <common:Name xml:lang="fr">Maryland</common:Name>
                    <structure:Parent>
                        <Ref id="USA"/>
                    </structure:Parent>
                </structure:Code>
                <structure:Code id="US25">
                    <common:Annotations>
                        <common:Annotation>
                            <common:AnnotationType>ORDER</common:AnnotationType>
                            <common:AnnotationText xml:lang="en">27340</common:AnnotationText>
                            <common:AnnotationText xml:lang="fr">27340</common:AnnotationText>
                        </common:Annotation>
                    </common:Annotations>
                    <common:Name xml:lang="en">Massachusetts</common:Name>
                    <common:Name xml:lang="fr">Massachusetts</common:Name>
                    <structure:Parent>
                        <Ref id="USA"/>
                    </structure:Parent>
                </structure:Code>
                <structure:Code id="US26">
                    <common:Annotations>
                        <common:Annotation>
                            <common:AnnotationType>ORDER</common:AnnotationType>
                            <common:AnnotationText xml:lang="en">27350</common:AnnotationText>
                            <common:AnnotationText xml:lang="fr">27350</common:AnnotationText>
                        </common:Annotation>
                    </common:Annotations>
                    <common:Name xml:lang="en">Michigan</common:Name>
                    <common:Name xml:lang="fr">Michigan</common:Name>
                    <structure:Parent>
                        <Ref id="USA"/>
                    </structure:Parent>
                </structure:Code>
                <structure:Code id="US27">
                    <common:Annotations>
                        <common:Annotation>
                            <common:AnnotationType>ORDER</common:AnnotationType>
                            <common:AnnotationText xml:lang="en">27360</common:AnnotationText>
                            <common:AnnotationText xml:lang="fr">27360</common:AnnotationText>
                        </common:Annotation>
                    </common:Annotations>
                    <common:Name xml:lang="en">Minnesota</common:Name>
                    <common:Name xml:lang="fr">Minnesota</common:Name>
                    <structure:Parent>
                        <Ref id="USA"/>
                    </structure:Parent>
                </structure:Code>
                <structure:Code id="US28">
                    <common:Annotations>
                        <common:Annotation>
                            <common:AnnotationType>ORDER</common:AnnotationType>
                            <common:AnnotationText xml:lang="en">27370</common:AnnotationText>
                            <common:AnnotationText xml:lang="fr">27370</common:AnnotationText>
                        </common:Annotation>
                    </common:Annotations>
                    <common:Name xml:lang="en">Mississippi</common:Name>
                    <common:Name xml:lang="fr">Mississippi</common:Name>
                    <structure:Parent>
                        <Ref id="USA"/>
                    </structure:Parent>
                </structure:Code>
                <structure:Code id="US29">
                    <common:Annotations>
                        <common:Annotation>
                            <common:AnnotationType>ORDER</common:AnnotationType>
                            <common:AnnotationText xml:lang="en">27380</common:AnnotationText>
                            <common:AnnotationText xml:lang="fr">27380</common:AnnotationText>
                        </common:Annotation>
                    </common:Annotations>
                    <common:Name xml:lang="en">Missouri</common:Name>
                    <common:Name xml:lang="fr">Missouri</common:Name>
                    <structure:Parent>
                        <Ref id="USA"/>
                    </structure:Parent>
                </structure:Code>
                <structure:Code id="US30">
                    <common:Annotations>
                        <common:Annotation>
                            <common:AnnotationType>ORDER</common:AnnotationType>
                            <common:AnnotationText xml:lang="en">27390</common:AnnotationText>
                            <common:AnnotationText xml:lang="fr">27390</common:AnnotationText>
                        </common:Annotation>
                    </common:Annotations>
                    <common:Name xml:lang="en">Montana (US)</common:Name>
                    <common:Name xml:lang="fr">Montana (US)</common:Name>
                    <structure:Parent>
                        <Ref id="USA"/>
                    </structure:Parent>
                </structure:Code>
                <structure:Code id="US31">
                    <common:Annotations>
                        <common:Annotation>
                            <common:AnnotationType>ORDER</common:AnnotationType>
                            <common:AnnotationText xml:lang="en">27400</common:AnnotationText>
                            <common:AnnotationText xml:lang="fr">27400</common:AnnotationText>
                        </common:Annotation>
                    </common:Annotations>
                    <common:Name xml:lang="en">Nebraska</common:Name>
                    <common:Name xml:lang="fr">Nebraska</common:Name>
                    <structure:Parent>
                        <Ref id="USA"/>
                    </structure:Parent>
                </structure:Code>
                <structure:Code id="US32">
                    <common:Annotations>
                        <common:Annotation>
                            <common:AnnotationType>ORDER</common:AnnotationType>
                            <common:AnnotationText xml:lang="en">27410</common:AnnotationText>
                            <common:AnnotationText xml:lang="fr">27410</common:AnnotationText>
                        </common:Annotation>
                    </common:Annotations>
                    <common:Name xml:lang="en">Nevada</common:Name>
                    <common:Name xml:lang="fr">Nevada</common:Name>
                    <structure:Parent>
                        <Ref id="USA"/>
                    </structure:Parent>
                </structure:Code>
                <structure:Code id="US33">
                    <common:Annotations>
                        <common:Annotation>
                            <common:AnnotationType>ORDER</common:AnnotationType>
                            <common:AnnotationText xml:lang="en">27420</common:AnnotationText>
                            <common:AnnotationText xml:lang="fr">27420</common:AnnotationText>
                        </common:Annotation>
                    </common:Annotations>
                    <common:Name xml:lang="en">New Hampshire</common:Name>
                    <common:Name xml:lang="fr">New Hampshire</common:Name>
                    <structure:Parent>
                        <Ref id="USA"/>
                    </structure:Parent>
                </structure:Code>
                <structure:Code id="US34">
                    <common:Annotations>
                        <common:Annotation>
                            <common:AnnotationType>ORDER</common:AnnotationType>
                            <common:AnnotationText xml:lang="en">27430</common:AnnotationText>
                            <common:AnnotationText xml:lang="fr">27430</common:AnnotationText>
                        </common:Annotation>
                    </common:Annotations>
                    <common:Name xml:lang="en">New Jersey</common:Name>
                    <common:Name xml:lang="fr">New Jersey</common:Name>
                    <structure:Parent>
                        <Ref id="USA"/>
                    </structure:Parent>
                </structure:Code>
                <structure:Code id="US35">
                    <common:Annotations>
                        <common:Annotation>
                            <common:AnnotationType>ORDER</common:AnnotationType>
                            <common:AnnotationText xml:lang="en">27440</common:AnnotationText>
                            <common:AnnotationText xml:lang="fr">27440</common:AnnotationText>
                        </common:Annotation>
                    </common:Annotations>
                    <common:Name xml:lang="en">New Mexico</common:Name>
                    <common:Name xml:lang="fr">New Mexico</common:Name>
                    <structure:Parent>
                        <Ref id="USA"/>
                    </structure:Parent>
                </structure:Code>
                <structure:Code id="US36">
                    <common:Annotations>
                        <common:Annotation>
                            <common:AnnotationType>ORDER</common:AnnotationType>
                            <common:AnnotationText xml:lang="en">27450</common:AnnotationText>
                            <common:AnnotationText xml:lang="fr">27450</common:AnnotationText>
                        </common:Annotation>
                    </common:Annotations>
                    <common:Name xml:lang="en">New York</common:Name>
                    <common:Name xml:lang="fr">New York</common:Name>
                    <structure:Parent>
                        <Ref id="USA"/>
                    </structure:Parent>
                </structure:Code>
                <structure:Code id="US37">
                    <common:Annotations>
                        <common:Annotation>
                            <common:AnnotationType>ORDER</common:AnnotationType>
                            <common:AnnotationText xml:lang="en">27460</common:AnnotationText>
                            <common:AnnotationText xml:lang="fr">27460</common:AnnotationText>
                        </common:Annotation>
                    </common:Annotations>
                    <common:Name xml:lang="en">North Carolina</common:Name>
                    <common:Name xml:lang="fr">North Carolina</common:Name>
                    <structure:Parent>
                        <Ref id="USA"/>
                    </structure:Parent>
                </structure:Code>
                <structure:Code id="US38">
                    <common:Annotations>
                        <common:Annotation>
                            <common:AnnotationType>ORDER</common:AnnotationType>
                            <common:AnnotationText xml:lang="en">27470</common:AnnotationText>
                            <common:AnnotationText xml:lang="fr">27470</common:AnnotationText>
                        </common:Annotation>
                    </common:Annotations>
                    <common:Name xml:lang="en">North Dakota</common:Name>
                    <common:Name xml:lang="fr">North Dakota</common:Name>
                    <structure:Parent>
                        <Ref id="USA"/>
                    </structure:Parent>
                </structure:Code>
                <structure:Code id="US39">
                    <common:Annotations>
                        <common:Annotation>
                            <common:AnnotationType>ORDER</common:AnnotationType>
                            <common:AnnotationText xml:lang="en">27480</common:AnnotationText>
                            <common:AnnotationText xml:lang="fr">27480</common:AnnotationText>
                        </common:Annotation>
                    </common:Annotations>
                    <common:Name xml:lang="en">Ohio</common:Name>
                    <common:Name xml:lang="fr">Ohio</common:Name>
                    <structure:Parent>
                        <Ref id="USA"/>
                    </structure:Parent>
                </structure:Code>
                <structure:Code id="US40">
                    <common:Annotations>
                        <common:Annotation>
                            <common:AnnotationType>ORDER</common:AnnotationType>
                            <common:AnnotationText xml:lang="en">27490</common:AnnotationText>
                            <common:AnnotationText xml:lang="fr">27490</common:AnnotationText>
                        </common:Annotation>
                    </common:Annotations>
                    <common:Name xml:lang="en">Oklahoma</common:Name>
                    <common:Name xml:lang="fr">Oklahoma</common:Name>
                    <structure:Parent>
                        <Ref id="USA"/>
                    </structure:Parent>
                </structure:Code>
                <structure:Code id="US41">
                    <common:Annotations>
                        <common:Annotation>
                            <common:AnnotationType>ORDER</common:AnnotationType>
                            <common:AnnotationText xml:lang="en">27500</common:AnnotationText>
                            <common:AnnotationText xml:lang="fr">27500</common:AnnotationText>
                        </common:Annotation>
                    </common:Annotations>
                    <common:Name xml:lang="en">Oregon</common:Name>
                    <common:Name xml:lang="fr">Oregon</common:Name>
                    <structure:Parent>
                        <Ref id="USA"/>
                    </structure:Parent>
                </structure:Code>
                <structure:Code id="US42">
                    <common:Annotations>
                        <common:Annotation>
                            <common:AnnotationType>ORDER</common:AnnotationType>
                            <common:AnnotationText xml:lang="en">27510</common:AnnotationText>
                            <common:AnnotationText xml:lang="fr">27510</common:AnnotationText>
                        </common:Annotation>
                    </common:Annotations>
                    <common:Name xml:lang="en">Pennsylvania</common:Name>
                    <common:Name xml:lang="fr">Pennsylvania</common:Name>
                    <structure:Parent>
                        <Ref id="USA"/>
                    </structure:Parent>
                </structure:Code>
                <structure:Code id="US44">
                    <common:Annotations>
                        <common:Annotation>
                            <common:AnnotationType>ORDER</common:AnnotationType>
                            <common:AnnotationText xml:lang="en">27520</common:AnnotationText>
                            <common:AnnotationText xml:lang="fr">27520</common:AnnotationText>
                        </common:Annotation>
                    </common:Annotations>
                    <common:Name xml:lang="en">Rhode Island</common:Name>
                    <common:Name xml:lang="fr">Rhode Island</common:Name>
                    <structure:Parent>
                        <Ref id="USA"/>
                    </structure:Parent>
                </structure:Code>
                <structure:Code id="US45">
                    <common:Annotations>
                        <common:Annotation>
                            <common:AnnotationType>ORDER</common:AnnotationType>
                            <common:AnnotationText xml:lang="en">27530</common:AnnotationText>
                            <common:AnnotationText xml:lang="fr">27530</common:AnnotationText>
                        </common:Annotation>
                    </common:Annotations>
                    <common:Name xml:lang="en">South Carolina</common:Name>
                    <common:Name xml:lang="fr">South Carolina</common:Name>
                    <structure:Parent>
                        <Ref id="USA"/>
                    </structure:Parent>
                </structure:Code>
                <structure:Code id="US46">
                    <common:Annotations>
                        <common:Annotation>
                            <common:AnnotationType>ORDER</common:AnnotationType>
                            <common:AnnotationText xml:lang="en">27540</common:AnnotationText>
                            <common:AnnotationText xml:lang="fr">27540</common:AnnotationText>
                        </common:Annotation>
                    </common:Annotations>
                    <common:Name xml:lang="en">South Dakota</common:Name>
                    <common:Name xml:lang="fr">South Dakota</common:Name>
                    <structure:Parent>
                        <Ref id="USA"/>
                    </structure:Parent>
                </structure:Code>
                <structure:Code id="US47">
                    <common:Annotations>
                        <common:Annotation>
                            <common:AnnotationType>ORDER</common:AnnotationType>
                            <common:AnnotationText xml:lang="en">27550</common:AnnotationText>
                            <common:AnnotationText xml:lang="fr">27550</common:AnnotationText>
                        </common:Annotation>
                    </common:Annotations>
                    <common:Name xml:lang="en">Tennessee</common:Name>
                    <common:Name xml:lang="fr">Tennessee</common:Name>
                    <structure:Parent>
                        <Ref id="USA"/>
                    </structure:Parent>
                </structure:Code>
                <structure:Code id="US48">
                    <common:Annotations>
                        <common:Annotation>
                            <common:AnnotationType>ORDER</common:AnnotationType>
                            <common:AnnotationText xml:lang="en">27560</common:AnnotationText>
                            <common:AnnotationText xml:lang="fr">27560</common:AnnotationText>
                        </common:Annotation>
                    </common:Annotations>
                    <common:Name xml:lang="en">Texas</common:Name>
                    <common:Name xml:lang="fr">Texas</common:Name>
                    <structure:Parent>
                        <Ref id="USA"/>
                    </structure:Parent>
                </structure:Code>
                <structure:Code id="US49">
                    <common:Annotations>
                        <common:Annotation>
                            <common:AnnotationType>ORDER</common:AnnotationType>
                            <common:AnnotationText xml:lang="en">27570</common:AnnotationText>
                            <common:AnnotationText xml:lang="fr">27570</common:AnnotationText>
                        </common:Annotation>
                    </common:Annotations>
                    <common:Name xml:lang="en">Utah</common:Name>
                    <common:Name xml:lang="fr">Utah</common:Name>
                    <structure:Parent>
                        <Ref id="USA"/>
                    </structure:Parent>
                </structure:Code>
                <structure:Code id="US50">
                    <common:Annotations>
                        <common:Annotation>
                            <common:AnnotationType>ORDER</common:AnnotationType>
                            <common:AnnotationText xml:lang="en">27580</common:AnnotationText>
                            <common:AnnotationText xml:lang="fr">27580</common:AnnotationText>
                        </common:Annotation>
                    </common:Annotations>
                    <common:Name xml:lang="en">Vermont</common:Name>
                    <common:Name xml:lang="fr">Vermont</common:Name>
                    <structure:Parent>
                        <Ref id="USA"/>
                    </structure:Parent>
                </structure:Code>
                <structure:Code id="US51">
                    <common:Annotations>
                        <common:Annotation>
                            <common:AnnotationType>ORDER</common:AnnotationType>
                            <common:AnnotationText xml:lang="en">27590</common:AnnotationText>
                            <common:AnnotationText xml:lang="fr">27590</common:AnnotationText>
                        </common:Annotation>
                    </common:Annotations>
                    <common:Name xml:lang="en">Virginia</common:Name>
                    <common:Name xml:lang="fr">Virginia</common:Name>
                    <structure:Parent>
                        <Ref id="USA"/>
                    </structure:Parent>
                </structure:Code>
                <structure:Code id="US53">
                    <common:Annotations>
                        <common:Annotation>
                            <common:AnnotationType>ORDER</common:AnnotationType>
                            <common:AnnotationText xml:lang="en">27600</common:AnnotationText>
                            <common:AnnotationText xml:lang="fr">27600</common:AnnotationText>
                        </common:Annotation>
                    </common:Annotations>
                    <common:Name xml:lang="en">Washington</common:Name>
                    <common:Name xml:lang="fr">Washington</common:Name>
                    <structure:Parent>
                        <Ref id="USA"/>
                    </structure:Parent>
                </structure:Code>
                <structure:Code id="US54">
                    <common:Annotations>
                        <common:Annotation>
                            <common:AnnotationType>ORDER</common:AnnotationType>
                            <common:AnnotationText xml:lang="en">27610</common:AnnotationText>
                            <common:AnnotationText xml:lang="fr">27610</common:AnnotationText>
                        </common:Annotation>
                    </common:Annotations>
                    <common:Name xml:lang="en">West Virginia</common:Name>
                    <common:Name xml:lang="fr">West Virginia</common:Name>
                    <structure:Parent>
                        <Ref id="USA"/>
                    </structure:Parent>
                </structure:Code>
                <structure:Code id="US55">
                    <common:Annotations>
                        <common:Annotation>
                            <common:AnnotationType>ORDER</common:AnnotationType>
                            <common:AnnotationText xml:lang="en">27620</common:AnnotationText>
                            <common:AnnotationText xml:lang="fr">27620</common:AnnotationText>
                        </common:Annotation>
                    </common:Annotations>
                    <common:Name xml:lang="en">Wisconsin</common:Name>
                    <common:Name xml:lang="fr">Wisconsin</common:Name>
                    <structure:Parent>
                        <Ref id="USA"/>
                    </structure:Parent>
                </structure:Code>
                <structure:Code id="US56">
                    <common:Annotations>
                        <common:Annotation>
                            <common:AnnotationType>ORDER</common:AnnotationType>
                            <common:AnnotationText xml:lang="en">27630</common:AnnotationText>
                            <common:AnnotationText xml:lang="fr">27630</common:AnnotationText>
                        </common:Annotation>
                    </common:Annotations>
                    <common:Name xml:lang="en">Wyoming</common:Name>
                    <common:Name xml:lang="fr">Wyoming</common:Name>
                    <structure:Parent>
                        <Ref id="USA"/>
                    </structure:Parent>
                </structure:Code>
                <structure:Code id="USA_TL3">
                    <common:Annotations>
                        <common:Annotation>
                            <common:AnnotationType>ORDER</common:AnnotationType>
                            <common:AnnotationText xml:lang="en">27640</common:AnnotationText>
                            <common:AnnotationText xml:lang="fr">27640</common:AnnotationText>
                        </common:Annotation>
                    </common:Annotations>
                    <common:Name xml:lang="en">United States TL3</common:Name>
                    <common:Name xml:lang="fr">United States TL3</common:Name>
                    <structure:Parent>
                        <Ref id="USA"/>
                    </structure:Parent>
                </structure:Code>
                <structure:Code id="US001">
                    <common:Annotations>
                        <common:Annotation>
                            <common:AnnotationType>ORDER</common:AnnotationType>
                            <common:AnnotationText xml:lang="en">27650</common:AnnotationText>
                            <common:AnnotationText xml:lang="fr">27650</common:AnnotationText>
                        </common:Annotation>
                    </common:Annotations>
                    <common:Name xml:lang="en">Aberdeen, SD</common:Name>
                    <common:Name xml:lang="fr">Aberdeen, SD</common:Name>
                    <structure:Parent>
                        <Ref id="USA_TL3"/>
                    </structure:Parent>
                </structure:Code>
                <structure:Code id="US002">
                    <common:Annotations>
                        <common:Annotation>
                            <common:AnnotationType>ORDER</common:AnnotationType>
                            <common:AnnotationText xml:lang="en">27660</common:AnnotationText>
                            <common:AnnotationText xml:lang="fr">27660</common:AnnotationText>
                        </common:Annotation>
                    </common:Annotations>
                    <common:Name xml:lang="en">Abilene, TX</common:Name>
                    <common:Name xml:lang="fr">Abilene, TX</common:Name>
                    <structure:Parent>
                        <Ref id="USA_TL3"/>
                    </structure:Parent>
                </structure:Code>
                <structure:Code id="US003">
                    <common:Annotations>
                        <common:Annotation>
                            <common:AnnotationType>ORDER</common:AnnotationType>
                            <common:AnnotationText xml:lang="en">27670</common:AnnotationText>
                            <common:AnnotationText xml:lang="fr">27670</common:AnnotationText>
                        </common:Annotation>
                    </common:Annotations>
                    <common:Name xml:lang="en">Albany, GA</common:Name>
                    <common:Name xml:lang="fr">Albany, GA</common:Name>
                    <structure:Parent>
                        <Ref id="USA_TL3"/>
                    </structure:Parent>
                </structure:Code>
                <structure:Code id="US004">
                    <common:Annotations>
                        <common:Annotation>
                            <common:AnnotationType>ORDER</common:AnnotationType>
                            <common:AnnotationText xml:lang="en">27680</common:AnnotationText>
                            <common:AnnotationText xml:lang="fr">27680</common:AnnotationText>
                        </common:Annotation>
                    </common:Annotations>
                    <common:Name xml:lang="en">Albany-Schenectady-Amsterdam, NY</common:Name>
                    <common:Name xml:lang="fr">Albany-Schenectady-Amsterdam, NY</common:Name>
                    <structure:Parent>
                        <Ref id="USA_TL3"/>
                    </structure:Parent>
                </structure:Code>
                <structure:Code id="US005">
                    <common:Annotations>
                        <common:Annotation>
                            <common:AnnotationType>ORDER</common:AnnotationType>
                            <common:AnnotationText xml:lang="en">27690</common:AnnotationText>
                            <common:AnnotationText xml:lang="fr">27690</common:AnnotationText>
                        </common:Annotation>
                    </common:Annotations>
                    <common:Name xml:lang="en">Albuquerque, NM</common:Name>
                    <common:Name xml:lang="fr">Albuquerque, NM</common:Name>
                    <structure:Parent>
                        <Ref id="USA_TL3"/>
                    </structure:Parent>
                </structure:Code>
                <structure:Code id="US006">
                    <common:Annotations>
                        <common:Annotation>
                            <common:AnnotationType>ORDER</common:AnnotationType>
                            <common:AnnotationText xml:lang="en">27700</common:AnnotationText>
                            <common:AnnotationText xml:lang="fr">27700</common:AnnotationText>
                        </common:Annotation>
                    </common:Annotations>
                    <common:Name xml:lang="en">Alpena, MI</common:Name>
                    <common:Name xml:lang="fr">Alpena, MI</common:Name>
                    <structure:Parent>
                        <Ref id="USA_TL3"/>
                    </structure:Parent>
                </structure:Code>
                <structure:Code id="US007">
                    <common:Annotations>
                        <common:Annotation>
                            <common:AnnotationType>ORDER</common:AnnotationType>
                            <common:AnnotationText xml:lang="en">27710</common:AnnotationText>
                            <common:AnnotationText xml:lang="fr">27710</common:AnnotationText>
                        </common:Annotation>
                    </common:Annotations>
                    <common:Name xml:lang="en">Amarillo, TX</common:Name>
                    <common:Name xml:lang="fr">Amarillo, TX</common:Name>
                    <structure:Parent>
                        <Ref id="USA_TL3"/>
                    </structure:Parent>
                </structure:Code>
                <structure:Code id="US008">
                    <common:Annotations>
                        <common:Annotation>
                            <common:AnnotationType>ORDER</common:AnnotationType>
                            <common:AnnotationText xml:lang="en">27720</common:AnnotationText>
                            <common:AnnotationText xml:lang="fr">27720</common:AnnotationText>
                        </common:Annotation>
                    </common:Annotations>
                    <common:Name xml:lang="en">Anchorage, AK</common:Name>
                    <common:Name xml:lang="fr">Anchorage, AK</common:Name>
                    <structure:Parent>
                        <Ref id="USA_TL3"/>
                    </structure:Parent>
                </structure:Code>
                <structure:Code id="US009">
                    <common:Annotations>
                        <common:Annotation>
                            <common:AnnotationType>ORDER</common:AnnotationType>
                            <common:AnnotationText xml:lang="en">27730</common:AnnotationText>
                            <common:AnnotationText xml:lang="fr">27730</common:AnnotationText>
                        </common:Annotation>
                    </common:Annotations>
                    <common:Name xml:lang="en">Appleton-Oshkosh-Neenah, WI</common:Name>
                    <common:Name xml:lang="fr">Appleton-Oshkosh-Neenah, WI</common:Name>
                    <structure:Parent>
                        <Ref id="USA_TL3"/>
                    </structure:Parent>
                </structure:Code>
                <structure:Code id="US010">
                    <common:Annotations>
                        <common:Annotation>
                            <common:AnnotationType>ORDER</common:AnnotationType>
                            <common:AnnotationText xml:lang="en">27740</common:AnnotationText>
                            <common:AnnotationText xml:lang="fr">27740</common:AnnotationText>
                        </common:Annotation>
                    </common:Annotations>
                    <common:Name xml:lang="en">Asheville-Brevard, NC</common:Name>
                    <common:Name xml:lang="fr">Asheville-Brevard, NC</common:Name>
                    <structure:Parent>
                        <Ref id="USA_TL3"/>
                    </structure:Parent>
                </structure:Code>
                <structure:Code id="US011">
                    <common:Annotations>
                        <common:Annotation>
                            <common:AnnotationType>ORDER</common:AnnotationType>
                            <common:AnnotationText xml:lang="en">27750</common:AnnotationText>
                            <common:AnnotationText xml:lang="fr">27750</common:AnnotationText>
                        </common:Annotation>
                    </common:Annotations>
                    <common:Name xml:lang="en">Atlanta-Sandy Springs-Gainesville, GA-AL</common:Name>
                    <common:Name xml:lang="fr">Atlanta-Sandy Springs-Gainesville, GA-AL</common:Name>
                    <structure:Parent>
                        <Ref id="USA_TL3"/>
                    </structure:Parent>
                </structure:Code>
                <structure:Code id="US012">
                    <common:Annotations>
                        <common:Annotation>
                            <common:AnnotationType>ORDER</common:AnnotationType>
                            <common:AnnotationText xml:lang="en">27760</common:AnnotationText>
                            <common:AnnotationText xml:lang="fr">27760</common:AnnotationText>
                        </common:Annotation>
                    </common:Annotations>
                    <common:Name xml:lang="en">Augusta-Richmond County, GA-SC</common:Name>
                    <common:Name xml:lang="fr">Augusta-Richmond County, GA-SC</common:Name>
                    <structure:Parent>
                        <Ref id="USA_TL3"/>
                    </structure:Parent>
                </structure:Code>
                <structure:Code id="US013">
                    <common:Annotations>
                        <common:Annotation>
                            <common:AnnotationType>ORDER</common:AnnotationType>
                            <common:AnnotationText xml:lang="en">27770</common:AnnotationText>
                            <common:AnnotationText xml:lang="fr">27770</common:AnnotationText>
                        </common:Annotation>
                    </common:Annotations>
                    <common:Name xml:lang="en">Austin-Round Rock, TX</common:Name>
                    <common:Name xml:lang="fr">Austin-Round Rock, TX</common:Name>
                    <structure:Parent>
                        <Ref id="USA_TL3"/>
                    </structure:Parent>
                </structure:Code>
                <structure:Code id="US014">
                    <common:Annotations>
                        <common:Annotation>
                            <common:AnnotationType>ORDER</common:AnnotationType>
                            <common:AnnotationText xml:lang="en">27780</common:AnnotationText>
                            <common:AnnotationText xml:lang="fr">27780</common:AnnotationText>
                        </common:Annotation>
                    </common:Annotations>
                    <common:Name xml:lang="en">Bangor, ME</common:Name>
                    <common:Name xml:lang="fr">Bangor, ME</common:Name>
                    <structure:Parent>
                        <Ref id="USA_TL3"/>
                    </structure:Parent>
                </structure:Code>
                <structure:Code id="US015">
                    <common:Annotations>
                        <common:Annotation>
                            <common:AnnotationType>ORDER</common:AnnotationType>
                            <common:AnnotationText xml:lang="en">27790</common:AnnotationText>
                            <common:AnnotationText xml:lang="fr">27790</common:AnnotationText>
                        </common:Annotation>
                    </common:Annotations>
                    <common:Name xml:lang="en">Baton Rouge-Pierre Part, LA</common:Name>
                    <common:Name xml:lang="fr">Baton Rouge-Pierre Part, LA</common:Name>
                    <structure:Parent>
                        <Ref id="USA_TL3"/>
                    </structure:Parent>
                </structure:Code>
                <structure:Code id="US016">
                    <common:Annotations>
                        <common:Annotation>
                            <common:AnnotationType>ORDER</common:AnnotationType>
                            <common:AnnotationText xml:lang="en">27800</common:AnnotationText>
                            <common:AnnotationText xml:lang="fr">27800</common:AnnotationText>
                        </common:Annotation>
                    </common:Annotations>
                    <common:Name xml:lang="en">Beaumont-Port Arthur, TX</common:Name>
                    <common:Name xml:lang="fr">Beaumont-Port Arthur, TX</common:Name>
                    <structure:Parent>
                        <Ref id="USA_TL3"/>
                    </structure:Parent>
                </structure:Code>
                <structure:Code id="US017">
                    <common:Annotations>
                        <common:Annotation>
                            <common:AnnotationType>ORDER</common:AnnotationType>
                            <common:AnnotationText xml:lang="en">27810</common:AnnotationText>
                            <common:AnnotationText xml:lang="fr">27810</common:AnnotationText>
                        </common:Annotation>
                    </common:Annotations>
                    <common:Name xml:lang="en">Bend-Prineville, OR</common:Name>
                    <common:Name xml:lang="fr">Bend-Prineville, OR</common:Name>
                    <structure:Parent>
                        <Ref id="USA_TL3"/>
                    </structure:Parent>
                </structure:Code>
                <structure:Code id="US018">
                    <common:Annotations>
                        <common:Annotation>
                            <common:AnnotationType>ORDER</common:AnnotationType>
                            <common:AnnotationText xml:lang="en">27820</common:AnnotationText>
                            <common:AnnotationText xml:lang="fr">27820</common:AnnotationText>
                        </common:Annotation>
                    </common:Annotations>
                    <common:Name xml:lang="en">Billings, MT</common:Name>
                    <common:Name xml:lang="fr">Billings, MT</common:Name>
                    <structure:Parent>
                        <Ref id="USA_TL3"/>
                    </structure:Parent>
                </structure:Code>
                <structure:Code id="US019">
                    <common:Annotations>
                        <common:Annotation>
                            <common:AnnotationType>ORDER</common:AnnotationType>
                            <common:AnnotationText xml:lang="en">27830</common:AnnotationText>
                            <common:AnnotationText xml:lang="fr">27830</common:AnnotationText>
                        </common:Annotation>
                    </common:Annotations>
                    <common:Name xml:lang="en">Birmingham-Hoover-Cullman, AL</common:Name>
                    <common:Name xml:lang="fr">Birmingham-Hoover-Cullman, AL</common:Name>
                    <structure:Parent>
                        <Ref id="USA_TL3"/>
                    </structure:Parent>
                </structure:Code>
                <structure:Code id="US020">
                    <common:Annotations>
                        <common:Annotation>
                            <common:AnnotationType>ORDER</common:AnnotationType>
                            <common:AnnotationText xml:lang="en">27840</common:AnnotationText>
                            <common:AnnotationText xml:lang="fr">27840</common:AnnotationText>
                        </common:Annotation>
                    </common:Annotations>
                    <common:Name xml:lang="en">Bismarck, ND</common:Name>
                    <common:Name xml:lang="fr">Bismarck, ND</common:Name>
                    <structure:Parent>
                        <Ref id="USA_TL3"/>
                    </structure:Parent>
                </structure:Code>
                <structure:Code id="US021">
                    <common:Annotations>
                        <common:Annotation>
                            <common:AnnotationType>ORDER</common:AnnotationType>
                            <common:AnnotationText xml:lang="en">27850</common:AnnotationText>
                            <common:AnnotationText xml:lang="fr">27850</common:AnnotationText>
                        </common:Annotation>
                    </common:Annotations>
                    <common:Name xml:lang="en">Boise City-Nampa, ID</common:Name>
                    <common:Name xml:lang="fr">Boise City-Nampa, ID</common:Name>
                    <structure:Parent>
                        <Ref id="USA_TL3"/>
                    </structure:Parent>
                </structure:Code>
                <structure:Code id="US022">
                    <common:Annotations>
                        <common:Annotation>
                            <common:AnnotationType>ORDER</common:AnnotationType>
                            <common:AnnotationText xml:lang="en">27860</common:AnnotationText>
                            <common:AnnotationText xml:lang="fr">27860</common:AnnotationText>
                        </common:Annotation>
                    </common:Annotations>
                    <common:Name xml:lang="en">Boston-Worcester-Manchester, MA-NH</common:Name>
                    <common:Name xml:lang="fr">Boston-Worcester-Manchester, MA-NH</common:Name>
                    <structure:Parent>
                        <Ref id="USA_TL3"/>
                    </structure:Parent>
                </structure:Code>
                <structure:Code id="US023">
                    <common:Annotations>
                        <common:Annotation>
                            <common:AnnotationType>ORDER</common:AnnotationType>
                            <common:AnnotationText xml:lang="en">27870</common:AnnotationText>
                            <common:AnnotationText xml:lang="fr">27870</common:AnnotationText>
                        </common:Annotation>
                    </common:Annotations>
                    <common:Name xml:lang="en">Buffalo-Niagara-Cattaraugus, NY</common:Name>
                    <common:Name xml:lang="fr">Buffalo-Niagara-Cattaraugus, NY</common:Name>
                    <structure:Parent>
                        <Ref id="USA_TL3"/>
                    </structure:Parent>
                </structure:Code>
                <structure:Code id="US024">
                    <common:Annotations>
                        <common:Annotation>
                            <common:AnnotationType>ORDER</common:AnnotationType>
                            <common:AnnotationText xml:lang="en">27880</common:AnnotationText>
                            <common:AnnotationText xml:lang="fr">27880</common:AnnotationText>
                        </common:Annotation>
                    </common:Annotations>
                    <common:Name xml:lang="en">Burlington-South Burlington, VT</common:Name>
                    <common:Name xml:lang="fr">Burlington-South Burlington, VT</common:Name>
                    <structure:Parent>
                        <Ref id="USA_TL3"/>
                    </structure:Parent>
                </structure:Code>
                <structure:Code id="US025">
                    <common:Annotations>
                        <common:Annotation>
                            <common:AnnotationType>ORDER</common:AnnotationType>
                            <common:AnnotationText xml:lang="en">27890</common:AnnotationText>
                            <common:AnnotationText xml:lang="fr">27890</common:AnnotationText>
                        </common:Annotation>
                    </common:Annotations>
                    <common:Name xml:lang="en">Cape Girardeau-Jackson, MO-IL</common:Name>
                    <common:Name xml:lang="fr">Cape Girardeau-Jackson, MO-IL</common:Name>
                    <structure:Parent>
                        <Ref id="USA_TL3"/>
                    </structure:Parent>
                </structure:Code>
                <structure:Code id="US026">
                    <common:Annotations>
                        <common:Annotation>
                            <common:AnnotationType>ORDER</common:AnnotationType>
                            <common:AnnotationText xml:lang="en">27900</common:AnnotationText>
                            <common:AnnotationText xml:lang="fr">27900</common:AnnotationText>
                        </common:Annotation>
                    </common:Annotations>
                    <common:Name xml:lang="en">Casper, WY</common:Name>
                    <common:Name xml:lang="fr">Casper, WY</common:Name>
                    <structure:Parent>
                        <Ref id="USA_TL3"/>
                    </structure:Parent>
                </structure:Code>
                <structure:Code id="US027">
                    <common:Annotations>
                        <common:Annotation>
                            <common:AnnotationType>ORDER</common:AnnotationType>
                            <common:AnnotationText xml:lang="en">27910</common:AnnotationText>
                            <common:AnnotationText xml:lang="fr">27910</common:AnnotationText>
                        </common:Annotation>
                    </common:Annotations>
                    <common:Name xml:lang="en">Cedar Rapids, IA</common:Name>
                    <common:Name xml:lang="fr">Cedar Rapids, IA</common:Name>
                    <structure:Parent>
                        <Ref id="USA_TL3"/>
                    </structure:Parent>
                </structure:Code>
                <structure:Code id="US028">
                    <common:Annotations>
                        <common:Annotation>
                            <common:AnnotationType>ORDER</common:AnnotationType>
                            <common:AnnotationText xml:lang="en">27920</common:AnnotationText>
                            <common:AnnotationText xml:lang="fr">27920</common:AnnotationText>
                        </common:Annotation>
                    </common:Annotations>
                    <common:Name xml:lang="en">Champaign-Urbana, IL</common:Name>
                    <common:Name xml:lang="fr">Champaign-Urbana, IL</common:Name>
                    <structure:Parent>
                        <Ref id="USA_TL3"/>
                    </structure:Parent>
                </structure:Code>
                <structure:Code id="US029">
                    <common:Annotations>
                        <common:Annotation>
                            <common:AnnotationType>ORDER</common:AnnotationType>
                            <common:AnnotationText xml:lang="en">27930</common:AnnotationText>
                            <common:AnnotationText xml:lang="fr">27930</common:AnnotationText>
                        </common:Annotation>
                    </common:Annotations>
                    <common:Name xml:lang="en">Charleston, WV</common:Name>
                    <common:Name xml:lang="fr">Charleston, WV</common:Name>
                    <structure:Parent>
                        <Ref id="USA_TL3"/>
                    </structure:Parent>
                </structure:Code>
                <structure:Code id="US030">
                    <common:Annotations>
                        <common:Annotation>
                            <common:AnnotationType>ORDER</common:AnnotationType>
                            <common:AnnotationText xml:lang="en">27940</common:AnnotationText>
                            <common:AnnotationText xml:lang="fr">27940</common:AnnotationText>
                        </common:Annotation>
                    </common:Annotations>
                    <common:Name xml:lang="en">Charleston-North Charleston, SC</common:Name>
                    <common:Name xml:lang="fr">Charleston-North Charleston, SC</common:Name>
                    <structure:Parent>
                        <Ref id="USA_TL3"/>
                    </structure:Parent>
                </structure:Code>
                <structure:Code id="US031">
                    <common:Annotations>
                        <common:Annotation>
                            <common:AnnotationType>ORDER</common:AnnotationType>
                            <common:AnnotationText xml:lang="en">27950</common:AnnotationText>
                            <common:AnnotationText xml:lang="fr">27950</common:AnnotationText>
                        </common:Annotation>
                    </common:Annotations>
                    <common:Name xml:lang="en">Charlotte-Gastonia-Salisbury, NC-SC</common:Name>
                    <common:Name xml:lang="fr">Charlotte-Gastonia-Salisbury, NC-SC</common:Name>
                    <structure:Parent>
                        <Ref id="USA_TL3"/>
                    </structure:Parent>
                </structure:Code>
                <structure:Code id="US032">
                    <common:Annotations>
                        <common:Annotation>
                            <common:AnnotationType>ORDER</common:AnnotationType>
                            <common:AnnotationText xml:lang="en">27960</common:AnnotationText>
                            <common:AnnotationText xml:lang="fr">27960</common:AnnotationText>
                        </common:Annotation>
                    </common:Annotations>
                    <common:Name xml:lang="en">Chicago-Naperville-Michigan City, IL-IN-WI</common:Name>
                    <common:Name xml:lang="fr">Chicago-Naperville-Michigan City, IL-IN-WI</common:Name>
                    <structure:Parent>
                        <Ref id="USA_TL3"/>
                    </structure:Parent>
                </structure:Code>
                <structure:Code id="US033">
                    <common:Annotations>
                        <common:Annotation>
                            <common:AnnotationType>ORDER</common:AnnotationType>
                            <common:AnnotationText xml:lang="en">27970</common:AnnotationText>
                            <common:AnnotationText xml:lang="fr">27970</common:AnnotationText>
                        </common:Annotation>
                    </common:Annotations>
                    <common:Name xml:lang="en">Cincinnati-Middletown-Wilmington, OH-KY-IN</common:Name>
                    <common:Name xml:lang="fr">Cincinnati-Middletown-Wilmington, OH-KY-IN</common:Name>
                    <structure:Parent>
                        <Ref id="USA_TL3"/>
                    </structure:Parent>
                </structure:Code>
                <structure:Code id="US034">
                    <common:Annotations>
                        <common:Annotation>
                            <common:AnnotationType>ORDER</common:AnnotationType>
                            <common:AnnotationText xml:lang="en">27980</common:AnnotationText>
                            <common:AnnotationText xml:lang="fr">27980</common:AnnotationText>
                        </common:Annotation>
                    </common:Annotations>
                    <common:Name xml:lang="en">Clarksburg, WV + Morgantown, WV</common:Name>
                    <common:Name xml:lang="fr">Clarksburg, WV + Morgantown, WV</common:Name>
                    <structure:Parent>
                        <Ref id="USA_TL3"/>
                    </structure:Parent>
                </structure:Code>
                <structure:Code id="US035">
                    <common:Annotations>
                        <common:Annotation>
                            <common:AnnotationType>ORDER</common:AnnotationType>
                            <common:AnnotationText xml:lang="en">27990</common:AnnotationText>
                            <common:AnnotationText xml:lang="fr">27990</common:AnnotationText>
                        </common:Annotation>
                    </common:Annotations>
                    <common:Name xml:lang="en">Cleveland-Akron-Elyria, OH</common:Name>
                    <common:Name xml:lang="fr">Cleveland-Akron-Elyria, OH</common:Name>
                    <structure:Parent>
                        <Ref id="USA_TL3"/>
                    </structure:Parent>
                </structure:Code>
                <structure:Code id="US036">
                    <common:Annotations>
                        <common:Annotation>
                            <common:AnnotationType>ORDER</common:AnnotationType>
                            <common:AnnotationText xml:lang="en">28000</common:AnnotationText>
                            <common:AnnotationText xml:lang="fr">28000</common:AnnotationText>
                        </common:Annotation>
                    </common:Annotations>
                    <common:Name xml:lang="en">Colorado Springs, CO</common:Name>
                    <common:Name xml:lang="fr">Colorado Springs, CO</common:Name>
                    <structure:Parent>
                        <Ref id="USA_TL3"/>
                    </structure:Parent>
                </structure:Code>
                <structure:Code id="US037">
                    <common:Annotations>
                        <common:Annotation>
                            <common:AnnotationType>ORDER</common:AnnotationType>
                            <common:AnnotationText xml:lang="en">28010</common:AnnotationText>
                            <common:AnnotationText xml:lang="fr">28010</common:AnnotationText>
                        </common:Annotation>
                    </common:Annotations>
                    <common:Name xml:lang="en">Columbia, MO</common:Name>
                    <common:Name xml:lang="fr">Columbia, MO</common:Name>
                    <structure:Parent>
                        <Ref id="USA_TL3"/>
                    </structure:Parent>
                </structure:Code>
                <structure:Code id="US038">
                    <common:Annotations>
                        <common:Annotation>
                            <common:AnnotationType>ORDER</common:AnnotationType>
                            <common:AnnotationText xml:lang="en">28020</common:AnnotationText>
                            <common:AnnotationText xml:lang="fr">28020</common:AnnotationText>
                        </common:Annotation>
                    </common:Annotations>
                    <common:Name xml:lang="en">Columbia-Newberry, SC</common:Name>
                    <common:Name xml:lang="fr">Columbia-Newberry, SC</common:Name>
                    <structure:Parent>
                        <Ref id="USA_TL3"/>
                    </structure:Parent>
                </structure:Code>
                <structure:Code id="US039">
                    <common:Annotations>
                        <common:Annotation>
                            <common:AnnotationType>ORDER</common:AnnotationType>
                            <common:AnnotationText xml:lang="en">28030</common:AnnotationText>
                            <common:AnnotationText xml:lang="fr">28030</common:AnnotationText>
                        </common:Annotation>
                    </common:Annotations>
                    <common:Name xml:lang="en">Columbus-Auburn-Opelika, GA-AL</common:Name>
                    <common:Name xml:lang="fr">Columbus-Auburn-Opelika, GA-AL</common:Name>
                    <structure:Parent>
                        <Ref id="USA_TL3"/>
                    </structure:Parent>
                </structure:Code>
                <structure:Code id="US040">
                    <common:Annotations>
                        <common:Annotation>
                            <common:AnnotationType>ORDER</common:AnnotationType>
                            <common:AnnotationText xml:lang="en">28040</common:AnnotationText>
                            <common:AnnotationText xml:lang="fr">28040</common:AnnotationText>
                        </common:Annotation>
                    </common:Annotations>
                    <common:Name xml:lang="en">Columbus-Marion-Chillicothe, OH</common:Name>
                    <common:Name xml:lang="fr">Columbus-Marion-Chillicothe, OH</common:Name>
                    <structure:Parent>
                        <Ref id="USA_TL3"/>
                    </structure:Parent>
                </structure:Code>
                <structure:Code id="US041">
                    <common:Annotations>
                        <common:Annotation>
                            <common:AnnotationType>ORDER</common:AnnotationType>
                            <common:AnnotationText xml:lang="en">28050</common:AnnotationText>
                            <common:AnnotationText xml:lang="fr">28050</common:AnnotationText>
                        </common:Annotation>
                    </common:Annotations>
                    <common:Name xml:lang="en">Corpus Christi-Kingsville, TX</common:Name>
                    <common:Name xml:lang="fr">Corpus Christi-Kingsville, TX</common:Name>
                    <structure:Parent>
                        <Ref id="USA_TL3"/>
                    </structure:Parent>
                </structure:Code>
                <structure:Code id="US042">
                    <common:Annotations>
                        <common:Annotation>
                            <common:AnnotationType>ORDER</common:AnnotationType>
                            <common:AnnotationText xml:lang="en">28060</common:AnnotationText>
                            <common:AnnotationText xml:lang="fr">28060</common:AnnotationText>
                        </common:Annotation>
                    </common:Annotations>
                    <common:Name xml:lang="en">Dallas-Fort Worth, TX</common:Name>
                    <common:Name xml:lang="fr">Dallas-Fort Worth, TX</common:Name>
                    <structure:Parent>
                        <Ref id="USA_TL3"/>
                    </structure:Parent>
                </structure:Code>
                <structure:Code id="US043">
                    <common:Annotations>
                        <common:Annotation>
                            <common:AnnotationType>ORDER</common:AnnotationType>
                            <common:AnnotationText xml:lang="en">28070</common:AnnotationText>
                            <common:AnnotationText xml:lang="fr">28070</common:AnnotationText>
                        </common:Annotation>
                    </common:Annotations>
                    <common:Name xml:lang="en">Davenport-Moline-Rock Island, IA-IL</common:Name>
                    <common:Name xml:lang="fr">Davenport-Moline-Rock Island, IA-IL</common:Name>
                    <structure:Parent>
                        <Ref id="USA_TL3"/>
                    </structure:Parent>
                </structure:Code>
                <structure:Code id="US044">
                    <common:Annotations>
                        <common:Annotation>
                            <common:AnnotationType>ORDER</common:AnnotationType>
                            <common:AnnotationText xml:lang="en">28080</common:AnnotationText>
                            <common:AnnotationText xml:lang="fr">28080</common:AnnotationText>
                        </common:Annotation>
                    </common:Annotations>
                    <common:Name xml:lang="en">Dayton-Springfield-Greenville, OH</common:Name>
                    <common:Name xml:lang="fr">Dayton-Springfield-Greenville, OH</common:Name>
                    <structure:Parent>
                        <Ref id="USA_TL3"/>
                    </structure:Parent>
                </structure:Code>
                <structure:Code id="US045">
                    <common:Annotations>
                        <common:Annotation>
                            <common:AnnotationType>ORDER</common:AnnotationType>
                            <common:AnnotationText xml:lang="en">28090</common:AnnotationText>
                            <common:AnnotationText xml:lang="fr">28090</common:AnnotationText>
                        </common:Annotation>
                    </common:Annotations>
                    <common:Name xml:lang="en">Denver-Aurora-Boulder, CO</common:Name>
                    <common:Name xml:lang="fr">Denver-Aurora-Boulder, CO</common:Name>
                    <structure:Parent>
                        <Ref id="USA_TL3"/>
                    </structure:Parent>
                </structure:Code>
                <structure:Code id="US046">
                    <common:Annotations>
                        <common:Annotation>
                            <common:AnnotationType>ORDER</common:AnnotationType>
                            <common:AnnotationText xml:lang="en">28100</common:AnnotationText>
                            <common:AnnotationText xml:lang="fr">28100</common:AnnotationText>
                        </common:Annotation>
                    </common:Annotations>
                    <common:Name xml:lang="en">Des Moines-Newton-Pella, IA</common:Name>
                    <common:Name xml:lang="fr">Des Moines-Newton-Pella, IA</common:Name>
                    <structure:Parent>
                        <Ref id="USA_TL3"/>
                    </structure:Parent>
                </structure:Code>
                <structure:Code id="US047">
                    <common:Annotations>
                        <common:Annotation>
                            <common:AnnotationType>ORDER</common:AnnotationType>
                            <common:AnnotationText xml:lang="en">28110</common:AnnotationText>
                            <common:AnnotationText xml:lang="fr">28110</common:AnnotationText>
                        </common:Annotation>
                    </common:Annotations>
                    <common:Name xml:lang="en">Detroit-Warren-Flint, MI</common:Name>
                    <common:Name xml:lang="fr">Detroit-Warren-Flint, MI</common:Name>
                    <structure:Parent>
                        <Ref id="USA_TL3"/>
                    </structure:Parent>
                </structure:Code>
                <structure:Code id="US048">
                    <common:Annotations>
                        <common:Annotation>
                            <common:AnnotationType>ORDER</common:AnnotationType>
                            <common:AnnotationText xml:lang="en">28120</common:AnnotationText>
                            <common:AnnotationText xml:lang="fr">28120</common:AnnotationText>
                        </common:Annotation>
                    </common:Annotations>
                    <common:Name xml:lang="en">Dothan-Enterprise-Ozark, AL</common:Name>
                    <common:Name xml:lang="fr">Dothan-Enterprise-Ozark, AL</common:Name>
                    <structure:Parent>
                        <Ref id="USA_TL3"/>
                    </structure:Parent>
                </structure:Code>
                <structure:Code id="US049">
                    <common:Annotations>
                        <common:Annotation>
                            <common:AnnotationType>ORDER</common:AnnotationType>
                            <common:AnnotationText xml:lang="en">28130</common:AnnotationText>
                            <common:AnnotationText xml:lang="fr">28130</common:AnnotationText>
                        </common:Annotation>
                    </common:Annotations>
                    <common:Name xml:lang="en">Dover, DE</common:Name>
                    <common:Name xml:lang="fr">Dover, DE</common:Name>
                    <structure:Parent>
                        <Ref id="USA_TL3"/>
                    </structure:Parent>
                </structure:Code>
                <structure:Code id="US050">
                    <common:Annotations>
                        <common:Annotation>
                            <common:AnnotationType>ORDER</common:AnnotationType>
                            <common:AnnotationText xml:lang="en">28140</common:AnnotationText>
                            <common:AnnotationText xml:lang="fr">28140</common:AnnotationText>
                        </common:Annotation>
                    </common:Annotations>
                    <common:Name xml:lang="en">Duluth, MN-WI</common:Name>
                    <common:Name xml:lang="fr">Duluth, MN-WI</common:Name>
                    <structure:Parent>
                        <Ref id="USA_TL3"/>
                    </structure:Parent>
                </structure:Code>
                <structure:Code id="US051">
                    <common:Annotations>
                        <common:Annotation>
                            <common:AnnotationType>ORDER</common:AnnotationType>
                            <common:AnnotationText xml:lang="en">28150</common:AnnotationText>
                            <common:AnnotationText xml:lang="fr">28150</common:AnnotationText>
                        </common:Annotation>
                    </common:Annotations>
                    <common:Name xml:lang="en">El Paso, TX</common:Name>
                    <common:Name xml:lang="fr">El Paso, TX</common:Name>
                    <structure:Parent>
                        <Ref id="USA_TL3"/>
                    </structure:Parent>
                </structure:Code>
                <structure:Code id="US052">
                    <common:Annotations>
                        <common:Annotation>
                            <common:AnnotationType>ORDER</common:AnnotationType>
                            <common:AnnotationText xml:lang="en">28160</common:AnnotationText>
                            <common:AnnotationText xml:lang="fr">28160</common:AnnotationText>
                        </common:Annotation>
                    </common:Annotations>
                    <common:Name xml:lang="en">Erie, PA</common:Name>
                    <common:Name xml:lang="fr">Erie, PA</common:Name>
                    <structure:Parent>
                        <Ref id="USA_TL3"/>
                    </structure:Parent>
                </structure:Code>
                <structure:Code id="US053">
                    <common:Annotations>
                        <common:Annotation>
                            <common:AnnotationType>ORDER</common:AnnotationType>
                            <common:AnnotationText xml:lang="en">28170</common:AnnotationText>
                            <common:AnnotationText xml:lang="fr">28170</common:AnnotationText>
                        </common:Annotation>
                    </common:Annotations>
                    <common:Name xml:lang="en">Eugene-Springfield, OR</common:Name>
                    <common:Name xml:lang="fr">Eugene-Springfield, OR</common:Name>
                    <structure:Parent>
                        <Ref id="USA_TL3"/>
                    </structure:Parent>
                </structure:Code>
                <structure:Code id="US054">
                    <common:Annotations>
                        <common:Annotation>
                            <common:AnnotationType>ORDER</common:AnnotationType>
                            <common:AnnotationText xml:lang="en">28180</common:AnnotationText>
                            <common:AnnotationText xml:lang="fr">28180</common:AnnotationText>
                        </common:Annotation>
                    </common:Annotations>
                    <common:Name xml:lang="en">Evansville, IN-KY</common:Name>
                    <common:Name xml:lang="fr">Evansville, IN-KY</common:Name>
                    <structure:Parent>
                        <Ref id="USA_TL3"/>
                    </structure:Parent>
                </structure:Code>
                <structure:Code id="US055">
                    <common:Annotations>
                        <common:Annotation>
                            <common:AnnotationType>ORDER</common:AnnotationType>
                            <common:AnnotationText xml:lang="en">28190</common:AnnotationText>
                            <common:AnnotationText xml:lang="fr">28190</common:AnnotationText>
                        </common:Annotation>
                    </common:Annotations>
                    <common:Name xml:lang="en">Fargo-Wahpeton, ND-MN</common:Name>
                    <common:Name xml:lang="fr">Fargo-Wahpeton, ND-MN</common:Name>
                    <structure:Parent>
                        <Ref id="USA_TL3"/>
                    </structure:Parent>
                </structure:Code>
                <structure:Code id="US056">
                    <common:Annotations>
                        <common:Annotation>
                            <common:AnnotationType>ORDER</common:AnnotationType>
                            <common:AnnotationText xml:lang="en">28200</common:AnnotationText>
                            <common:AnnotationText xml:lang="fr">28200</common:AnnotationText>
                        </common:Annotation>
                    </common:Annotations>
                    <common:Name xml:lang="en">Farmington, NM</common:Name>
                    <common:Name xml:lang="fr">Farmington, NM</common:Name>
                    <structure:Parent>
                        <Ref id="USA_TL3"/>
                    </structure:Parent>
                </structure:Code>
                <structure:Code id="US057">
                    <common:Annotations>
                        <common:Annotation>
                            <common:AnnotationType>ORDER</common:AnnotationType>
                            <common:AnnotationText xml:lang="en">28210</common:AnnotationText>
                            <common:AnnotationText xml:lang="fr">28210</common:AnnotationText>
                        </common:Annotation>
                    </common:Annotations>
                    <common:Name xml:lang="en">Fayetteville-Springdale-Rogers, AR-MO</common:Name>
                    <common:Name xml:lang="fr">Fayetteville-Springdale-Rogers, AR-MO</common:Name>
                    <structure:Parent>
                        <Ref id="USA_TL3"/>
                    </structure:Parent>
                </structure:Code>
                <structure:Code id="US058">
                    <common:Annotations>
                        <common:Annotation>
                            <common:AnnotationType>ORDER</common:AnnotationType>
                            <common:AnnotationText xml:lang="en">28220</common:AnnotationText>
                            <common:AnnotationText xml:lang="fr">28220</common:AnnotationText>
                        </common:Annotation>
                    </common:Annotations>
                    <common:Name xml:lang="en">Flagstaff, AZ</common:Name>
                    <common:Name xml:lang="fr">Flagstaff, AZ</common:Name>
                    <structure:Parent>
                        <Ref id="USA_TL3"/>
                    </structure:Parent>
                </structure:Code>
                <structure:Code id="US059">
                    <common:Annotations>
                        <common:Annotation>
                            <common:AnnotationType>ORDER</common:AnnotationType>
                            <common:AnnotationText xml:lang="en">28230</common:AnnotationText>
                            <common:AnnotationText xml:lang="fr">28230</common:AnnotationText>
                        </common:Annotation>
                    </common:Annotations>
                    <common:Name xml:lang="en">Fort Smith, AR-OK</common:Name>
                    <common:Name xml:lang="fr">Fort Smith, AR-OK</common:Name>
                    <structure:Parent>
                        <Ref id="USA_TL3"/>
                    </structure:Parent>
                </structure:Code>
                <structure:Code id="US060">
                    <common:Annotations>
                        <common:Annotation>
                            <common:AnnotationType>ORDER</common:AnnotationType>
                            <common:AnnotationText xml:lang="en">28240</common:AnnotationText>
                            <common:AnnotationText xml:lang="fr">28240</common:AnnotationText>
                        </common:Annotation>
                    </common:Annotations>
                    <common:Name xml:lang="en">Fort Wayne-Huntington-Auburn, IN</common:Name>
                    <common:Name xml:lang="fr">Fort Wayne-Huntington-Auburn, IN</common:Name>
                    <structure:Parent>
                        <Ref id="USA_TL3"/>
                    </structure:Parent>
                </structure:Code>
                <structure:Code id="US061">
                    <common:Annotations>
                        <common:Annotation>
                            <common:AnnotationType>ORDER</common:AnnotationType>
                            <common:AnnotationText xml:lang="en">28250</common:AnnotationText>
                            <common:AnnotationText xml:lang="fr">28250</common:AnnotationText>
                        </common:Annotation>
                    </common:Annotations>
                    <common:Name xml:lang="en">Fresno-Madera, CA</common:Name>
                    <common:Name xml:lang="fr">Fresno-Madera, CA</common:Name>
                    <structure:Parent>
                        <Ref id="USA_TL3"/>
                    </structure:Parent>
                </structure:Code>
                <structure:Code id="US062">
                    <common:Annotations>
                        <common:Annotation>
                            <common:AnnotationType>ORDER</common:AnnotationType>
                            <common:AnnotationText xml:lang="en">28260</common:AnnotationText>
                            <common:AnnotationText xml:lang="fr">28260</common:AnnotationText>
                        </common:Annotation>
                    </common:Annotations>
                    <common:Name xml:lang="en">Gainesville, FL</common:Name>
                    <common:Name xml:lang="fr">Gainesville, FL</common:Name>
                    <structure:Parent>
                        <Ref id="USA_TL3"/>
                    </structure:Parent>
                </structure:Code>
                <structure:Code id="US063">
                    <common:Annotations>
                        <common:Annotation>
                            <common:AnnotationType>ORDER</common:AnnotationType>
                            <common:AnnotationText xml:lang="en">28270</common:AnnotationText>
                            <common:AnnotationText xml:lang="fr">28270</common:AnnotationText>
                        </common:Annotation>
                    </common:Annotations>
                    <common:Name xml:lang="en">Grand Forks, ND-MN</common:Name>
                    <common:Name xml:lang="fr">Grand Forks, ND-MN</common:Name>
                    <structure:Parent>
                        <Ref id="USA_TL3"/>
                    </structure:Parent>
                </structure:Code>
                <structure:Code id="US064">
                    <common:Annotations>
                        <common:Annotation>
                            <common:AnnotationType>ORDER</common:AnnotationType>
                            <common:AnnotationText xml:lang="en">28280</common:AnnotationText>
                            <common:AnnotationText xml:lang="fr">28280</common:AnnotationText>
                        </common:Annotation>
                    </common:Annotations>
                    <common:Name xml:lang="en">Grand Rapids-Muskegon-Holland, MI</common:Name>
                    <common:Name xml:lang="fr">Grand Rapids-Muskegon-Holland, MI</common:Name>
                    <structure:Parent>
                        <Ref id="USA_TL3"/>
                    </structure:Parent>
                </structure:Code>
                <structure:Code id="US065">
                    <common:Annotations>
                        <common:Annotation>
                            <common:AnnotationType>ORDER</common:AnnotationType>
                            <common:AnnotationText xml:lang="en">28290</common:AnnotationText>
                            <common:AnnotationText xml:lang="fr">28290</common:AnnotationText>
                        </common:Annotation>
                    </common:Annotations>
                    <common:Name xml:lang="en">Great Falls, MT</common:Name>
                    <common:Name xml:lang="fr">Great Falls, MT</common:Name>
                    <structure:Parent>
                        <Ref id="USA_TL3"/>
                    </structure:Parent>
                </structure:Code>
                <structure:Code id="US066">
                    <common:Annotations>
                        <common:Annotation>
                            <common:AnnotationType>ORDER</common:AnnotationType>
                            <common:AnnotationText xml:lang="en">28300</common:AnnotationText>
                            <common:AnnotationText xml:lang="fr">28300</common:AnnotationText>
                        </common:Annotation>
                    </common:Annotations>
                    <common:Name xml:lang="en">Greensboro--Winston-Salem--High Point, NC</common:Name>
                    <common:Name xml:lang="fr">Greensboro--Winston-Salem--High Point, NC</common:Name>
                    <structure:Parent>
                        <Ref id="USA_TL3"/>
                    </structure:Parent>
                </structure:Code>
                <structure:Code id="US067">
                    <common:Annotations>
                        <common:Annotation>
                            <common:AnnotationType>ORDER</common:AnnotationType>
                            <common:AnnotationText xml:lang="en">28310</common:AnnotationText>
                            <common:AnnotationText xml:lang="fr">28310</common:AnnotationText>
                        </common:Annotation>
                    </common:Annotations>
                    <common:Name xml:lang="en">Greenville, NC</common:Name>
                    <common:Name xml:lang="fr">Greenville, NC</common:Name>
                    <structure:Parent>
                        <Ref id="USA_TL3"/>
                    </structure:Parent>
                </structure:Code>
                <structure:Code id="US068">
                    <common:Annotations>
                        <common:Annotation>
                            <common:AnnotationType>ORDER</common:AnnotationType>
                            <common:AnnotationText xml:lang="en">28320</common:AnnotationText>
                            <common:AnnotationText xml:lang="fr">28320</common:AnnotationText>
                        </common:Annotation>
                    </common:Annotations>
                    <common:Name xml:lang="en">Greenville-Spartanburg-Anderson, SC</common:Name>
                    <common:Name xml:lang="fr">Greenville-Spartanburg-Anderson, SC</common:Name>
                    <structure:Parent>
                        <Ref id="USA_TL3"/>
                    </structure:Parent>
                </structure:Code>
                <structure:Code id="US069">
                    <common:Annotations>
                        <common:Annotation>
                            <common:AnnotationType>ORDER</common:AnnotationType>
                            <common:AnnotationText xml:lang="en">28330</common:AnnotationText>
                            <common:AnnotationText xml:lang="fr">28330</common:AnnotationText>
                        </common:Annotation>
                    </common:Annotations>
                    <common:Name xml:lang="en">Gulfport-Biloxi-Pascagoula, MS</common:Name>
                    <common:Name xml:lang="fr">Gulfport-Biloxi-Pascagoula, MS</common:Name>
                    <structure:Parent>
                        <Ref id="USA_TL3"/>
                    </structure:Parent>
                </structure:Code>
                <structure:Code id="US070">
                    <common:Annotations>
                        <common:Annotation>
                            <common:AnnotationType>ORDER</common:AnnotationType>
                            <common:AnnotationText xml:lang="en">28340</common:AnnotationText>
                            <common:AnnotationText xml:lang="fr">28340</common:AnnotationText>
                        </common:Annotation>
                    </common:Annotations>
                    <common:Name xml:lang="en">Harrisburg-Carlisle-Lebanon, PA</common:Name>
                    <common:Name xml:lang="fr">Harrisburg-Carlisle-Lebanon, PA</common:Name>
                    <structure:Parent>
                        <Ref id="USA_TL3"/>
                    </structure:Parent>
                </structure:Code>
                <structure:Code id="US071">
                    <common:Annotations>
                        <common:Annotation>
                            <common:AnnotationType>ORDER</common:AnnotationType>
                            <common:AnnotationText xml:lang="en">28350</common:AnnotationText>
                            <common:AnnotationText xml:lang="fr">28350</common:AnnotationText>
                        </common:Annotation>
                    </common:Annotations>
                    <common:Name xml:lang="en">Harrisonburg, VA</common:Name>
                    <common:Name xml:lang="fr">Harrisonburg, VA</common:Name>
                    <structure:Parent>
                        <Ref id="USA_TL3"/>
                    </structure:Parent>
                </structure:Code>
                <structure:Code id="US072">
                    <common:Annotations>
                        <common:Annotation>
                            <common:AnnotationType>ORDER</common:AnnotationType>
                            <common:AnnotationText xml:lang="en">28360</common:AnnotationText>
                            <common:AnnotationText xml:lang="fr">28360</common:AnnotationText>
                        </common:Annotation>
                    </common:Annotations>
                    <common:Name xml:lang="en">Hartford-West Hartford-Willimantic, CT</common:Name>
                    <common:Name xml:lang="fr">Hartford-West Hartford-Willimantic, CT</common:Name>
                    <structure:Parent>
                        <Ref id="USA_TL3"/>
                    </structure:Parent>
                </structure:Code>
                <structure:Code id="US073">
                    <common:Annotations>
                        <common:Annotation>
                            <common:AnnotationType>ORDER</common:AnnotationType>
                            <common:AnnotationText xml:lang="en">28370</common:AnnotationText>
                            <common:AnnotationText xml:lang="fr">28370</common:AnnotationText>
                        </common:Annotation>
                    </common:Annotations>
                    <common:Name xml:lang="en">Helena, MT</common:Name>
                    <common:Name xml:lang="fr">Helena, MT</common:Name>
                    <structure:Parent>
                        <Ref id="USA_TL3"/>
                    </structure:Parent>
                </structure:Code>
                <structure:Code id="US074">
                    <common:Annotations>
                        <common:Annotation>
                            <common:AnnotationType>ORDER</common:AnnotationType>
                            <common:AnnotationText xml:lang="en">28380</common:AnnotationText>
                            <common:AnnotationText xml:lang="fr">28380</common:AnnotationText>
                        </common:Annotation>
                    </common:Annotations>
                    <common:Name xml:lang="en">Honolulu, HI</common:Name>
                    <common:Name xml:lang="fr">Honolulu, HI</common:Name>
                    <structure:Parent>
                        <Ref id="USA_TL3"/>
                    </structure:Parent>
                </structure:Code>
                <structure:Code id="US075">
                    <common:Annotations>
                        <common:Annotation>
                            <common:AnnotationType>ORDER</common:AnnotationType>
                            <common:AnnotationText xml:lang="en">28390</common:AnnotationText>
                            <common:AnnotationText xml:lang="fr">28390</common:AnnotationText>
                        </common:Annotation>
                    </common:Annotations>
                    <common:Name xml:lang="en">Houston-Baytown-Huntsville, TX</common:Name>
                    <common:Name xml:lang="fr">Houston-Baytown-Huntsville, TX</common:Name>
                    <structure:Parent>
                        <Ref id="USA_TL3"/>
                    </structure:Parent>
                </structure:Code>
                <structure:Code id="US076">
                    <common:Annotations>
                        <common:Annotation>
                            <common:AnnotationType>ORDER</common:AnnotationType>
                            <common:AnnotationText xml:lang="en">28400</common:AnnotationText>
                            <common:AnnotationText xml:lang="fr">28400</common:AnnotationText>
                        </common:Annotation>
                    </common:Annotations>
                    <common:Name xml:lang="en">Huntsville-Decatur, AL</common:Name>
                    <common:Name xml:lang="fr">Huntsville-Decatur, AL</common:Name>
                    <structure:Parent>
                        <Ref id="USA_TL3"/>
                    </structure:Parent>
                </structure:Code>
                <structure:Code id="US077">
                    <common:Annotations>
                        <common:Annotation>
                            <common:AnnotationType>ORDER</common:AnnotationType>
                            <common:AnnotationText xml:lang="en">28410</common:AnnotationText>
                            <common:AnnotationText xml:lang="fr">28410</common:AnnotationText>
                        </common:Annotation>
                    </common:Annotations>
                    <common:Name xml:lang="en">Idaho Falls-Blackfoot, ID</common:Name>
                    <common:Name xml:lang="fr">Idaho Falls-Blackfoot, ID</common:Name>
                    <structure:Parent>
                        <Ref id="USA_TL3"/>
                    </structure:Parent>
                </structure:Code>
                <structure:Code id="US078">
                    <common:Annotations>
                        <common:Annotation>
                            <common:AnnotationType>ORDER</common:AnnotationType>
                            <common:AnnotationText xml:lang="en">28420</common:AnnotationText>
                            <common:AnnotationText xml:lang="fr">28420</common:AnnotationText>
                        </common:Annotation>
                    </common:Annotations>
                    <common:Name xml:lang="en">Indianapolis-Anderson-Columbus, IN</common:Name>
                    <common:Name xml:lang="fr">Indianapolis-Anderson-Columbus, IN</common:Name>
                    <structure:Parent>
                        <Ref id="USA_TL3"/>
                    </structure:Parent>
                </structure:Code>
                <structure:Code id="US079">
                    <common:Annotations>
                        <common:Annotation>
                            <common:AnnotationType>ORDER</common:AnnotationType>
                            <common:AnnotationText xml:lang="en">28430</common:AnnotationText>
                            <common:AnnotationText xml:lang="fr">28430</common:AnnotationText>
                        </common:Annotation>
                    </common:Annotations>
                    <common:Name xml:lang="en">Jacksonville, FL</common:Name>
                    <common:Name xml:lang="fr">Jacksonville, FL</common:Name>
                    <structure:Parent>
                        <Ref id="USA_TL3"/>
                    </structure:Parent>
                </structure:Code>
                <structure:Code id="US080">
                    <common:Annotations>
                        <common:Annotation>
                            <common:AnnotationType>ORDER</common:AnnotationType>
                            <common:AnnotationText xml:lang="en">28440</common:AnnotationText>
                            <common:AnnotationText xml:lang="fr">28440</common:AnnotationText>
                        </common:Annotation>
                    </common:Annotations>
                    <common:Name xml:lang="en">Jackson-Yazoo City, MS</common:Name>
                    <common:Name xml:lang="fr">Jackson-Yazoo City, MS</common:Name>
                    <structure:Parent>
                        <Ref id="USA_TL3"/>
                    </structure:Parent>
                </structure:Code>
                <structure:Code id="US081">
                    <common:Annotations>
                        <common:Annotation>
                            <common:AnnotationType>ORDER</common:AnnotationType>
                            <common:AnnotationText xml:lang="en">28450</common:AnnotationText>
                            <common:AnnotationText xml:lang="fr">28450</common:AnnotationText>
                        </common:Annotation>
                    </common:Annotations>
                    <common:Name xml:lang="en">Johnson City-Kingsport-Bristol (Tri-Cities), TN-VA</common:Name>
                    <common:Name xml:lang="fr">Johnson City-Kingsport-Bristol (Tri-Cities), TN-VA</common:Name>
                    <structure:Parent>
                        <Ref id="USA_TL3"/>
                    </structure:Parent>
                </structure:Code>
                <structure:Code id="US082">
                    <common:Annotations>
                        <common:Annotation>
                            <common:AnnotationType>ORDER</common:AnnotationType>
                            <common:AnnotationText xml:lang="en">28460</common:AnnotationText>
                            <common:AnnotationText xml:lang="fr">28460</common:AnnotationText>
                        </common:Annotation>
                    </common:Annotations>
                    <common:Name xml:lang="en">Jonesboro, AR</common:Name>
                    <common:Name xml:lang="fr">Jonesboro, AR</common:Name>
                    <structure:Parent>
                        <Ref id="USA_TL3"/>
                    </structure:Parent>
                </structure:Code>
                <structure:Code id="US083">
                    <common:Annotations>
                        <common:Annotation>
                            <common:AnnotationType>ORDER</common:AnnotationType>
                            <common:AnnotationText xml:lang="en">28470</common:AnnotationText>
                            <common:AnnotationText xml:lang="fr">28470</common:AnnotationText>
                        </common:Annotation>
                    </common:Annotations>
                    <common:Name xml:lang="en">Joplin, MO</common:Name>
                    <common:Name xml:lang="fr">Joplin, MO</common:Name>
                    <structure:Parent>
                        <Ref id="USA_TL3"/>
                    </structure:Parent>
                </structure:Code>
                <structure:Code id="US084">
                    <common:Annotations>
                        <common:Annotation>
                            <common:AnnotationType>ORDER</common:AnnotationType>
                            <common:AnnotationText xml:lang="en">28480</common:AnnotationText>
                            <common:AnnotationText xml:lang="fr">28480</common:AnnotationText>
                        </common:Annotation>
                    </common:Annotations>
                    <common:Name xml:lang="en">Kansas City-Overland Park-Kansas City, MO-KS</common:Name>
                    <common:Name xml:lang="fr">Kansas City-Overland Park-Kansas City, MO-KS</common:Name>
                    <structure:Parent>
                        <Ref id="USA_TL3"/>
                    </structure:Parent>
                </structure:Code>
                <structure:Code id="US085">
                    <common:Annotations>
                        <common:Annotation>
                            <common:AnnotationType>ORDER</common:AnnotationType>
                            <common:AnnotationText xml:lang="en">28490</common:AnnotationText>
                            <common:AnnotationText xml:lang="fr">28490</common:AnnotationText>
                        </common:Annotation>
                    </common:Annotations>
                    <common:Name xml:lang="en">Kearney, NE</common:Name>
                    <common:Name xml:lang="fr">Kearney, NE</common:Name>
                    <structure:Parent>
                        <Ref id="USA_TL3"/>
                    </structure:Parent>
                </structure:Code>
                <structure:Code id="US086">
                    <common:Annotations>
                        <common:Annotation>
                            <common:AnnotationType>ORDER</common:AnnotationType>
                            <common:AnnotationText xml:lang="en">28500</common:AnnotationText>
                            <common:AnnotationText xml:lang="fr">28500</common:AnnotationText>
                        </common:Annotation>
                    </common:Annotations>
                    <common:Name xml:lang="en">Kennewick-Richland-Pasco, WA</common:Name>
                    <common:Name xml:lang="fr">Kennewick-Richland-Pasco, WA</common:Name>
                    <structure:Parent>
                        <Ref id="USA_TL3"/>
                    </structure:Parent>
                </structure:Code>
                <structure:Code id="US087">
                    <common:Annotations>
                        <common:Annotation>
                            <common:AnnotationType>ORDER</common:AnnotationType>
                            <common:AnnotationText xml:lang="en">28510</common:AnnotationText>
                            <common:AnnotationText xml:lang="fr">28510</common:AnnotationText>
                        </common:Annotation>
                    </common:Annotations>
                    <common:Name xml:lang="en">Killeen-Temple-Fort Hood, TX</common:Name>
                    <common:Name xml:lang="fr">Killeen-Temple-Fort Hood, TX</common:Name>
                    <structure:Parent>
                        <Ref id="USA_TL3"/>
                    </structure:Parent>
                </structure:Code>
                <structure:Code id="US088">
                    <common:Annotations>
                        <common:Annotation>
                            <common:AnnotationType>ORDER</common:AnnotationType>
                            <common:AnnotationText xml:lang="en">28520</common:AnnotationText>
                            <common:AnnotationText xml:lang="fr">28520</common:AnnotationText>
                        </common:Annotation>
                    </common:Annotations>
                    <common:Name xml:lang="en">Knoxville-Sevierville-La Follette, TN</common:Name>
                    <common:Name xml:lang="fr">Knoxville-Sevierville-La Follette, TN</common:Name>
                    <structure:Parent>
                        <Ref id="USA_TL3"/>
                    </structure:Parent>
                </structure:Code>
                <structure:Code id="US089">
                    <common:Annotations>
                        <common:Annotation>
                            <common:AnnotationType>ORDER</common:AnnotationType>
                            <common:AnnotationText xml:lang="en">28530</common:AnnotationText>
                            <common:AnnotationText xml:lang="fr">28530</common:AnnotationText>
                        </common:Annotation>
                    </common:Annotations>
                    <common:Name xml:lang="en">La Crosse, WI-MN</common:Name>
                    <common:Name xml:lang="fr">La Crosse, WI-MN</common:Name>
                    <structure:Parent>
                        <Ref id="USA_TL3"/>
                    </structure:Parent>
                </structure:Code>
                <structure:Code id="US090">
                    <common:Annotations>
                        <common:Annotation>
                            <common:AnnotationType>ORDER</common:AnnotationType>
                            <common:AnnotationText xml:lang="en">28540</common:AnnotationText>
                            <common:AnnotationText xml:lang="fr">28540</common:AnnotationText>
                        </common:Annotation>
                    </common:Annotations>
                    <common:Name xml:lang="en">Lafayette-Acadiana, LA</common:Name>
                    <common:Name xml:lang="fr">Lafayette-Acadiana, LA</common:Name>
                    <structure:Parent>
                        <Ref id="USA_TL3"/>
                    </structure:Parent>
                </structure:Code>
                <structure:Code id="US091">
                    <common:Annotations>
                        <common:Annotation>
                            <common:AnnotationType>ORDER</common:AnnotationType>
                            <common:AnnotationText xml:lang="en">28550</common:AnnotationText>
                            <common:AnnotationText xml:lang="fr">28550</common:AnnotationText>
                        </common:Annotation>
                    </common:Annotations>
                    <common:Name xml:lang="en">Lake Charles-Jennings, LA</common:Name>
                    <common:Name xml:lang="fr">Lake Charles-Jennings, LA</common:Name>
                    <structure:Parent>
                        <Ref id="USA_TL3"/>
                    </structure:Parent>
                </structure:Code>
                <structure:Code id="US092">
                    <common:Annotations>
                        <common:Annotation>
                            <common:AnnotationType>ORDER</common:AnnotationType>
                            <common:AnnotationText xml:lang="en">28560</common:AnnotationText>
                            <common:AnnotationText xml:lang="fr">28560</common:AnnotationText>
                        </common:Annotation>
                    </common:Annotations>
                    <common:Name xml:lang="en">Las Vegas-Paradise-Pahrump, NV</common:Name>
                    <common:Name xml:lang="fr">Las Vegas-Paradise-Pahrump, NV</common:Name>
                    <structure:Parent>
                        <Ref id="USA_TL3"/>
                    </structure:Parent>
                </structure:Code>
                <structure:Code id="US093">
                    <common:Annotations>
                        <common:Annotation>
                            <common:AnnotationType>ORDER</common:AnnotationType>
                            <common:AnnotationText xml:lang="en">28570</common:AnnotationText>
                            <common:AnnotationText xml:lang="fr">28570</common:AnnotationText>
                        </common:Annotation>
                    </common:Annotations>
                    <common:Name xml:lang="en">Lewiston, ID-WA</common:Name>
                    <common:Name xml:lang="fr">Lewiston, ID-WA</common:Name>
                    <structure:Parent>
                        <Ref id="USA_TL3"/>
                    </structure:Parent>
                </structure:Code>
                <structure:Code id="US094">
                    <common:Annotations>
                        <common:Annotation>
                            <common:AnnotationType>ORDER</common:AnnotationType>
                            <common:AnnotationText xml:lang="en">28580</common:AnnotationText>
                            <common:AnnotationText xml:lang="fr">28580</common:AnnotationText>
                        </common:Annotation>
                    </common:Annotations>
                    <common:Name xml:lang="en">Lexington-Fayette--Frankfort--Richmond, KY</common:Name>
                    <common:Name xml:lang="fr">Lexington-Fayette--Frankfort--Richmond, KY</common:Name>
                    <structure:Parent>
                        <Ref id="USA_TL3"/>
                    </structure:Parent>
                </structure:Code>
                <structure:Code id="US095">
                    <common:Annotations>
                        <common:Annotation>
                            <common:AnnotationType>ORDER</common:AnnotationType>
                            <common:AnnotationText xml:lang="en">28590</common:AnnotationText>
                            <common:AnnotationText xml:lang="fr">28590</common:AnnotationText>
                        </common:Annotation>
                    </common:Annotations>
                    <common:Name xml:lang="en">Lincoln, NE</common:Name>
                    <common:Name xml:lang="fr">Lincoln, NE</common:Name>
                    <structure:Parent>
                        <Ref id="USA_TL3"/>
                    </structure:Parent>
                </structure:Code>
                <structure:Code id="US096">
                    <common:Annotations>
                        <common:Annotation>
                            <common:AnnotationType>ORDER</common:AnnotationType>
                            <common:AnnotationText xml:lang="en">28600</common:AnnotationText>
                            <common:AnnotationText xml:lang="fr">28600</common:AnnotationText>
                        </common:Annotation>
                    </common:Annotations>
                    <common:Name xml:lang="en">Little Rock-North Little Rock-Pine Bluff, AR</common:Name>
                    <common:Name xml:lang="fr">Little Rock-North Little Rock-Pine Bluff, AR</common:Name>
                    <structure:Parent>
                        <Ref id="USA_TL3"/>
                    </structure:Parent>
                </structure:Code>
                <structure:Code id="US097">
                    <common:Annotations>
                        <common:Annotation>
                            <common:AnnotationType>ORDER</common:AnnotationType>
                            <common:AnnotationText xml:lang="en">28610</common:AnnotationText>
                            <common:AnnotationText xml:lang="fr">28610</common:AnnotationText>
                        </common:Annotation>
                    </common:Annotations>
                    <common:Name xml:lang="en">Los Angeles-Long Beach-Riverside, CA</common:Name>
                    <common:Name xml:lang="fr">Los Angeles-Long Beach-Riverside, CA</common:Name>
                    <structure:Parent>
                        <Ref id="USA_TL3"/>
                    </structure:Parent>
                </structure:Code>
                <structure:Code id="US098">
                    <common:Annotations>
                        <common:Annotation>
                            <common:AnnotationType>ORDER</common:AnnotationType>
                            <common:AnnotationText xml:lang="en">28620</common:AnnotationText>
                            <common:AnnotationText xml:lang="fr">28620</common:AnnotationText>
                        </common:Annotation>
                    </common:Annotations>
                    <common:Name xml:lang="en">Louisville-Elizabethtown-Scottsburg, KY-IN</common:Name>
                    <common:Name xml:lang="fr">Louisville-Elizabethtown-Scottsburg, KY-IN</common:Name>
                    <structure:Parent>
                        <Ref id="USA_TL3"/>
                    </structure:Parent>
                </structure:Code>
                <structure:Code id="US099">
                    <common:Annotations>
                        <common:Annotation>
                            <common:AnnotationType>ORDER</common:AnnotationType>
                            <common:AnnotationText xml:lang="en">28630</common:AnnotationText>
                            <common:AnnotationText xml:lang="fr">28630</common:AnnotationText>
                        </common:Annotation>
                    </common:Annotations>
                    <common:Name xml:lang="en">Lubbock-Levelland, TX</common:Name>
                    <common:Name xml:lang="fr">Lubbock-Levelland, TX</common:Name>
                    <structure:Parent>
                        <Ref id="USA_TL3"/>
                    </structure:Parent>
                </structure:Code>
                <structure:Code id="US100">
                    <common:Annotations>
                        <common:Annotation>
                            <common:AnnotationType>ORDER</common:AnnotationType>
                            <common:AnnotationText xml:lang="en">28640</common:AnnotationText>
                            <common:AnnotationText xml:lang="fr">28640</common:AnnotationText>
                        </common:Annotation>
                    </common:Annotations>
                    <common:Name xml:lang="en">Macon-Warner Robins-Fort Valley, GA</common:Name>
                    <common:Name xml:lang="fr">Macon-Warner Robins-Fort Valley, GA</common:Name>
                    <structure:Parent>
                        <Ref id="USA_TL3"/>
                    </structure:Parent>
                </structure:Code>
                <structure:Code id="US101">
                    <common:Annotations>
                        <common:Annotation>
                            <common:AnnotationType>ORDER</common:AnnotationType>
                            <common:AnnotationText xml:lang="en">28650</common:AnnotationText>
                            <common:AnnotationText xml:lang="fr">28650</common:AnnotationText>
                        </common:Annotation>
                    </common:Annotations>
                    <common:Name xml:lang="en">Madison-Baraboo, WI</common:Name>
                    <common:Name xml:lang="fr">Madison-Baraboo, WI</common:Name>
                    <structure:Parent>
                        <Ref id="USA_TL3"/>
                    </structure:Parent>
                </structure:Code>
                <structure:Code id="US102">
                    <common:Annotations>
                        <common:Annotation>
                            <common:AnnotationType>ORDER</common:AnnotationType>
                            <common:AnnotationText xml:lang="en">28660</common:AnnotationText>
                            <common:AnnotationText xml:lang="fr">28660</common:AnnotationText>
                        </common:Annotation>
                    </common:Annotations>
                    <common:Name xml:lang="en">Marinette, WI-MI</common:Name>
                    <common:Name xml:lang="fr">Marinette, WI-MI</common:Name>
                    <structure:Parent>
                        <Ref id="USA_TL3"/>
                    </structure:Parent>
                </structure:Code>
                <structure:Code id="US103">
                    <common:Annotations>
                        <common:Annotation>
                            <common:AnnotationType>ORDER</common:AnnotationType>
                            <common:AnnotationText xml:lang="en">28670</common:AnnotationText>
                            <common:AnnotationText xml:lang="fr">28670</common:AnnotationText>
                        </common:Annotation>
                    </common:Annotations>
                    <common:Name xml:lang="en">Mason City, IA</common:Name>
                    <common:Name xml:lang="fr">Mason City, IA</common:Name>
                    <structure:Parent>
                        <Ref id="USA_TL3"/>
                    </structure:Parent>
                </structure:Code>
                <structure:Code id="US104">
                    <common:Annotations>
                        <common:Annotation>
                            <common:AnnotationType>ORDER</common:AnnotationType>
                            <common:AnnotationText xml:lang="en">28680</common:AnnotationText>
                            <common:AnnotationText xml:lang="fr">28680</common:AnnotationText>
                        </common:Annotation>
                    </common:Annotations>
                    <common:Name xml:lang="en">McAllen-Edinburg-Pharr, TX</common:Name>
                    <common:Name xml:lang="fr">McAllen-Edinburg-Pharr, TX</common:Name>
                    <structure:Parent>
                        <Ref id="USA_TL3"/>
                    </structure:Parent>
                </structure:Code>
                <structure:Code id="US105">
                    <common:Annotations>
                        <common:Annotation>
                            <common:AnnotationType>ORDER</common:AnnotationType>
                            <common:AnnotationText xml:lang="en">28690</common:AnnotationText>
                            <common:AnnotationText xml:lang="fr">28690</common:AnnotationText>
                        </common:Annotation>
                    </common:Annotations>
                    <common:Name xml:lang="en">Memphis, TN-MS-AR</common:Name>
                    <common:Name xml:lang="fr">Memphis, TN-MS-AR</common:Name>
                    <structure:Parent>
                        <Ref id="USA_TL3"/>
                    </structure:Parent>
                </structure:Code>
                <structure:Code id="US106">
                    <common:Annotations>
                        <common:Annotation>
                            <common:AnnotationType>ORDER</common:AnnotationType>
                            <common:AnnotationText xml:lang="en">28700</common:AnnotationText>
                            <common:AnnotationText xml:lang="fr">28700</common:AnnotationText>
                        </common:Annotation>
                    </common:Annotations>
                    <common:Name xml:lang="en">Miami-Fort Lauderdale-Miami Beach, FL</common:Name>
                    <common:Name xml:lang="fr">Miami-Fort Lauderdale-Miami Beach, FL</common:Name>
                    <structure:Parent>
                        <Ref id="USA_TL3"/>
                    </structure:Parent>
                </structure:Code>
                <structure:Code id="US107">
                    <common:Annotations>
                        <common:Annotation>
                            <common:AnnotationType>ORDER</common:AnnotationType>
                            <common:AnnotationText xml:lang="en">28710</common:AnnotationText>
                            <common:AnnotationText xml:lang="fr">28710</common:AnnotationText>
                        </common:Annotation>
                    </common:Annotations>
                    <common:Name xml:lang="en">Midland-Odessa, TX</common:Name>
                    <common:Name xml:lang="fr">Midland-Odessa, TX</common:Name>
                    <structure:Parent>
                        <Ref id="USA_TL3"/>
                    </structure:Parent>
                </structure:Code>
                <structure:Code id="US108">
                    <common:Annotations>
                        <common:Annotation>
                            <common:AnnotationType>ORDER</common:AnnotationType>
                            <common:AnnotationText xml:lang="en">28720</common:AnnotationText>
                            <common:AnnotationText xml:lang="fr">28720</common:AnnotationText>
                        </common:Annotation>
                    </common:Annotations>
                    <common:Name xml:lang="en">Milwaukee-Racine-Waukesha, WI</common:Name>
                    <common:Name xml:lang="fr">Milwaukee-Racine-Waukesha, WI</common:Name>
                    <structure:Parent>
                        <Ref id="USA_TL3"/>
                    </structure:Parent>
                </structure:Code>
                <structure:Code id="US109">
                    <common:Annotations>
                        <common:Annotation>
                            <common:AnnotationType>ORDER</common:AnnotationType>
                            <common:AnnotationText xml:lang="en">28730</common:AnnotationText>
                            <common:AnnotationText xml:lang="fr">28730</common:AnnotationText>
                        </common:Annotation>
                    </common:Annotations>
                    <common:Name xml:lang="en">Minneapolis-St. Paul-St. Cloud, MN-WI</common:Name>
                    <common:Name xml:lang="fr">Minneapolis-St. Paul-St. Cloud, MN-WI</common:Name>
                    <structure:Parent>
                        <Ref id="USA_TL3"/>
                    </structure:Parent>
                </structure:Code>
                <structure:Code id="US110">
                    <common:Annotations>
                        <common:Annotation>
                            <common:AnnotationType>ORDER</common:AnnotationType>
                            <common:AnnotationText xml:lang="en">28740</common:AnnotationText>
                            <common:AnnotationText xml:lang="fr">28740</common:AnnotationText>
                        </common:Annotation>
                    </common:Annotations>
                    <common:Name xml:lang="en">Minot, ND</common:Name>
                    <common:Name xml:lang="fr">Minot, ND</common:Name>
                    <structure:Parent>
                        <Ref id="USA_TL3"/>
                    </structure:Parent>
                </structure:Code>
                <structure:Code id="US111">
                    <common:Annotations>
                        <common:Annotation>
                            <common:AnnotationType>ORDER</common:AnnotationType>
                            <common:AnnotationText xml:lang="en">28750</common:AnnotationText>
                            <common:AnnotationText xml:lang="fr">28750</common:AnnotationText>
                        </common:Annotation>
                    </common:Annotations>
                    <common:Name xml:lang="en">Missoula, MT</common:Name>
                    <common:Name xml:lang="fr">Missoula, MT</common:Name>
                    <structure:Parent>
                        <Ref id="USA_TL3"/>
                    </structure:Parent>
                </structure:Code>
                <structure:Code id="US112">
                    <common:Annotations>
                        <common:Annotation>
                            <common:AnnotationType>ORDER</common:AnnotationType>
                            <common:AnnotationText xml:lang="en">28760</common:AnnotationText>
                            <common:AnnotationText xml:lang="fr">28760</common:AnnotationText>
                        </common:Annotation>
                    </common:Annotations>
                    <common:Name xml:lang="en">Mobile-Daphne-Fairhope, AL</common:Name>
                    <common:Name xml:lang="fr">Mobile-Daphne-Fairhope, AL</common:Name>
                    <structure:Parent>
                        <Ref id="USA_TL3"/>
                    </structure:Parent>
                </structure:Code>
                <structure:Code id="US113">
                    <common:Annotations>
                        <common:Annotation>
                            <common:AnnotationType>ORDER</common:AnnotationType>
                            <common:AnnotationText xml:lang="en">28770</common:AnnotationText>
                            <common:AnnotationText xml:lang="fr">28770</common:AnnotationText>
                        </common:Annotation>
                    </common:Annotations>
                    <common:Name xml:lang="en">Monroe-Bastrop, LA</common:Name>
                    <common:Name xml:lang="fr">Monroe-Bastrop, LA</common:Name>
                    <structure:Parent>
                        <Ref id="USA_TL3"/>
                    </structure:Parent>
                </structure:Code>
                <structure:Code id="US114">
                    <common:Annotations>
                        <common:Annotation>
                            <common:AnnotationType>ORDER</common:AnnotationType>
                            <common:AnnotationText xml:lang="en">28780</common:AnnotationText>
                            <common:AnnotationText xml:lang="fr">28780</common:AnnotationText>
                        </common:Annotation>
                    </common:Annotations>
                    <common:Name xml:lang="en">Montgomery-Alexander City, AL</common:Name>
                    <common:Name xml:lang="fr">Montgomery-Alexander City, AL</common:Name>
                    <structure:Parent>
                        <Ref id="USA_TL3"/>
                    </structure:Parent>
                </structure:Code>
                <structure:Code id="US115">
                    <common:Annotations>
                        <common:Annotation>
                            <common:AnnotationType>ORDER</common:AnnotationType>
                            <common:AnnotationText xml:lang="en">28790</common:AnnotationText>
                            <common:AnnotationText xml:lang="fr">28790</common:AnnotationText>
                        </common:Annotation>
                    </common:Annotations>
                    <common:Name xml:lang="en">Myrtle Beach-Conway-Georgetown, SC</common:Name>
                    <common:Name xml:lang="fr">Myrtle Beach-Conway-Georgetown, SC</common:Name>
                    <structure:Parent>
                        <Ref id="USA_TL3"/>
                    </structure:Parent>
                </structure:Code>
                <structure:Code id="US116">
                    <common:Annotations>
                        <common:Annotation>
                            <common:AnnotationType>ORDER</common:AnnotationType>
                            <common:AnnotationText xml:lang="en">28800</common:AnnotationText>
                            <common:AnnotationText xml:lang="fr">28800</common:AnnotationText>
                        </common:Annotation>
                    </common:Annotations>
                    <common:Name xml:lang="en">Nashville-Davidson--Murfreesboro--Columbia, TN</common:Name>
                    <common:Name xml:lang="fr">Nashville-Davidson--Murfreesboro--Columbia, TN</common:Name>
                    <structure:Parent>
                        <Ref id="USA_TL3"/>
                    </structure:Parent>
                </structure:Code>
                <structure:Code id="US117">
                    <common:Annotations>
                        <common:Annotation>
                            <common:AnnotationType>ORDER</common:AnnotationType>
                            <common:AnnotationText xml:lang="en">28810</common:AnnotationText>
                            <common:AnnotationText xml:lang="fr">28810</common:AnnotationText>
                        </common:Annotation>
                    </common:Annotations>
                    <common:Name xml:lang="en">New Orleans-Metairie-Bogalusa, LA</common:Name>
                    <common:Name xml:lang="fr">New Orleans-Metairie-Bogalusa, LA</common:Name>
                    <structure:Parent>
                        <Ref id="USA_TL3"/>
                    </structure:Parent>
                </structure:Code>
                <structure:Code id="US118">
                    <common:Annotations>
                        <common:Annotation>
                            <common:AnnotationType>ORDER</common:AnnotationType>
                            <common:AnnotationText xml:lang="en">28820</common:AnnotationText>
                            <common:AnnotationText xml:lang="fr">28820</common:AnnotationText>
                        </common:Annotation>
                    </common:Annotations>
                    <common:Name xml:lang="en">New York-Newark-Bridgeport, NY-NJ-CT-PA</common:Name>
                    <common:Name xml:lang="fr">New York-Newark-Bridgeport, NY-NJ-CT-PA</common:Name>
                    <structure:Parent>
                        <Ref id="USA_TL3"/>
                    </structure:Parent>
                </structure:Code>
                <structure:Code id="US119">
                    <common:Annotations>
                        <common:Annotation>
                            <common:AnnotationType>ORDER</common:AnnotationType>
                            <common:AnnotationText xml:lang="en">28830</common:AnnotationText>
                            <common:AnnotationText xml:lang="fr">28830</common:AnnotationText>
                        </common:Annotation>
                    </common:Annotations>
                    <common:Name xml:lang="en">Oklahoma City-Shawnee, OK</common:Name>
                    <common:Name xml:lang="fr">Oklahoma City-Shawnee, OK</common:Name>
                    <structure:Parent>
                        <Ref id="USA_TL3"/>
                    </structure:Parent>
                </structure:Code>
                <structure:Code id="US120">
                    <common:Annotations>
                        <common:Annotation>
                            <common:AnnotationType>ORDER</common:AnnotationType>
                            <common:AnnotationText xml:lang="en">28840</common:AnnotationText>
                            <common:AnnotationText xml:lang="fr">28840</common:AnnotationText>
                        </common:Annotation>
                    </common:Annotations>
                    <common:Name xml:lang="en">Omaha-Council Bluffs-Fremont, NE-IA</common:Name>
                    <common:Name xml:lang="fr">Omaha-Council Bluffs-Fremont, NE-IA</common:Name>
                    <structure:Parent>
                        <Ref id="USA_TL3"/>
                    </structure:Parent>
                </structure:Code>
                <structure:Code id="US121">
                    <common:Annotations>
                        <common:Annotation>
                            <common:AnnotationType>ORDER</common:AnnotationType>
                            <common:AnnotationText xml:lang="en">28850</common:AnnotationText>
                            <common:AnnotationText xml:lang="fr">28850</common:AnnotationText>
                        </common:Annotation>
                    </common:Annotations>
                    <common:Name xml:lang="en">Orlando-The Villages, FL</common:Name>
                    <common:Name xml:lang="fr">Orlando-The Villages, FL</common:Name>
                    <structure:Parent>
                        <Ref id="USA_TL3"/>
                    </structure:Parent>
                </structure:Code>
                <structure:Code id="US122">
                    <common:Annotations>
                        <common:Annotation>
                            <common:AnnotationType>ORDER</common:AnnotationType>
                            <common:AnnotationText xml:lang="en">28860</common:AnnotationText>
                            <common:AnnotationText xml:lang="fr">28860</common:AnnotationText>
                        </common:Annotation>
                    </common:Annotations>
                    <common:Name xml:lang="en">Paducah, KY-IL</common:Name>
                    <common:Name xml:lang="fr">Paducah, KY-IL</common:Name>
                    <structure:Parent>
                        <Ref id="USA_TL3"/>
                    </structure:Parent>
                </structure:Code>
                <structure:Code id="US123">
                    <common:Annotations>
                        <common:Annotation>
                            <common:AnnotationType>ORDER</common:AnnotationType>
                            <common:AnnotationText xml:lang="en">28870</common:AnnotationText>
                            <common:AnnotationText xml:lang="fr">28870</common:AnnotationText>
                        </common:Annotation>
                    </common:Annotations>
                    <common:Name xml:lang="en">Panama City-Lynn Haven, FL</common:Name>
                    <common:Name xml:lang="fr">Panama City-Lynn Haven, FL</common:Name>
                    <structure:Parent>
                        <Ref id="USA_TL3"/>
                    </structure:Parent>
                </structure:Code>
                <structure:Code id="US124">
                    <common:Annotations>
                        <common:Annotation>
                            <common:AnnotationType>ORDER</common:AnnotationType>
                            <common:AnnotationText xml:lang="en">28880</common:AnnotationText>
                            <common:AnnotationText xml:lang="fr">28880</common:AnnotationText>
                        </common:Annotation>
                    </common:Annotations>
                    <common:Name xml:lang="en">Pendleton-Hermiston, OR</common:Name>
                    <common:Name xml:lang="fr">Pendleton-Hermiston, OR</common:Name>
                    <structure:Parent>
                        <Ref id="USA_TL3"/>
                    </structure:Parent>
                </structure:Code>
                <structure:Code id="US125">
                    <common:Annotations>
                        <common:Annotation>
                            <common:AnnotationType>ORDER</common:AnnotationType>
                            <common:AnnotationText xml:lang="en">28890</common:AnnotationText>
                            <common:AnnotationText xml:lang="fr">28890</common:AnnotationText>
                        </common:Annotation>
                    </common:Annotations>
                    <common:Name xml:lang="en">Pensacola-Ferry Pass-Brent, FL</common:Name>
                    <common:Name xml:lang="fr">Pensacola-Ferry Pass-Brent, FL</common:Name>
                    <structure:Parent>
                        <Ref id="USA_TL3"/>
                    </structure:Parent>
                </structure:Code>
                <structure:Code id="US126">
                    <common:Annotations>
                        <common:Annotation>
                            <common:AnnotationType>ORDER</common:AnnotationType>
                            <common:AnnotationText xml:lang="en">28900</common:AnnotationText>
                            <common:AnnotationText xml:lang="fr">28900</common:AnnotationText>
                        </common:Annotation>
                    </common:Annotations>
                    <common:Name xml:lang="en">Peoria-Canton, IL</common:Name>
                    <common:Name xml:lang="fr">Peoria-Canton, IL</common:Name>
                    <structure:Parent>
                        <Ref id="USA_TL3"/>
                    </structure:Parent>
                </structure:Code>
                <structure:Code id="US127">
                    <common:Annotations>
                        <common:Annotation>
                            <common:AnnotationType>ORDER</common:AnnotationType>
                            <common:AnnotationText xml:lang="en">28910</common:AnnotationText>
                            <common:AnnotationText xml:lang="fr">28910</common:AnnotationText>
                        </common:Annotation>
                    </common:Annotations>
                    <common:Name xml:lang="en">Philadelphia-Camden-Vineland, PA-NJ-DE-MD</common:Name>
                    <common:Name xml:lang="fr">Philadelphia-Camden-Vineland, PA-NJ-DE-MD</common:Name>
                    <structure:Parent>
                        <Ref id="USA_TL3"/>
                    </structure:Parent>
                </structure:Code>
                <structure:Code id="US128">
                    <common:Annotations>
                        <common:Annotation>
                            <common:AnnotationType>ORDER</common:AnnotationType>
                            <common:AnnotationText xml:lang="en">28920</common:AnnotationText>
                            <common:AnnotationText xml:lang="fr">28920</common:AnnotationText>
                        </common:Annotation>
                    </common:Annotations>
                    <common:Name xml:lang="en">Phoenix-Mesa-Scottsdale, AZ</common:Name>
                    <common:Name xml:lang="fr">Phoenix-Mesa-Scottsdale, AZ</common:Name>
                    <structure:Parent>
                        <Ref id="USA_TL3"/>
                    </structure:Parent>
                </structure:Code>
                <structure:Code id="US129">
                    <common:Annotations>
                        <common:Annotation>
                            <common:AnnotationType>ORDER</common:AnnotationType>
                            <common:AnnotationText xml:lang="en">28930</common:AnnotationText>
                            <common:AnnotationText xml:lang="fr">28930</common:AnnotationText>
                        </common:Annotation>
                    </common:Annotations>
                    <common:Name xml:lang="en">Pittsburgh-New Castle, PA</common:Name>
                    <common:Name xml:lang="fr">Pittsburgh-New Castle, PA</common:Name>
                    <structure:Parent>
                        <Ref id="USA_TL3"/>
                    </structure:Parent>
                </structure:Code>
                <structure:Code id="US130">
                    <common:Annotations>
                        <common:Annotation>
                            <common:AnnotationType>ORDER</common:AnnotationType>
                            <common:AnnotationText xml:lang="en">28940</common:AnnotationText>
                            <common:AnnotationText xml:lang="fr">28940</common:AnnotationText>
                        </common:Annotation>
                    </common:Annotations>
                    <common:Name xml:lang="en">Portland-Lewiston-South Portland, ME</common:Name>
                    <common:Name xml:lang="fr">Portland-Lewiston-South Portland, ME</common:Name>
                    <structure:Parent>
                        <Ref id="USA_TL3"/>
                    </structure:Parent>
                </structure:Code>
                <structure:Code id="US131">
                    <common:Annotations>
                        <common:Annotation>
                            <common:AnnotationType>ORDER</common:AnnotationType>
                            <common:AnnotationText xml:lang="en">28950</common:AnnotationText>
                            <common:AnnotationText xml:lang="fr">28950</common:AnnotationText>
                        </common:Annotation>
                    </common:Annotations>
                    <common:Name xml:lang="en">Portland-Vancouver-Beaverton, OR-WA</common:Name>
                    <common:Name xml:lang="fr">Portland-Vancouver-Beaverton, OR-WA</common:Name>
                    <structure:Parent>
                        <Ref id="USA_TL3"/>
                    </structure:Parent>
                </structure:Code>
                <structure:Code id="US132">
                    <common:Annotations>
                        <common:Annotation>
                            <common:AnnotationType>ORDER</common:AnnotationType>
                            <common:AnnotationText xml:lang="en">28960</common:AnnotationText>
                            <common:AnnotationText xml:lang="fr">28960</common:AnnotationText>
                        </common:Annotation>
                    </common:Annotations>
                    <common:Name xml:lang="en">Pueblo, CO</common:Name>
                    <common:Name xml:lang="fr">Pueblo, CO</common:Name>
                    <structure:Parent>
                        <Ref id="USA_TL3"/>
                    </structure:Parent>
                </structure:Code>
                <structure:Code id="US133">
                    <common:Annotations>
                        <common:Annotation>
                            <common:AnnotationType>ORDER</common:AnnotationType>
                            <common:AnnotationText xml:lang="en">28970</common:AnnotationText>
                            <common:AnnotationText xml:lang="fr">28970</common:AnnotationText>
                        </common:Annotation>
                    </common:Annotations>
                    <common:Name xml:lang="en">Raleigh-Durham-Cary, NC</common:Name>
                    <common:Name xml:lang="fr">Raleigh-Durham-Cary, NC</common:Name>
                    <structure:Parent>
                        <Ref id="USA_TL3"/>
                    </structure:Parent>
                </structure:Code>
                <structure:Code id="US134">
                    <common:Annotations>
                        <common:Annotation>
                            <common:AnnotationType>ORDER</common:AnnotationType>
                            <common:AnnotationText xml:lang="en">28980</common:AnnotationText>
                            <common:AnnotationText xml:lang="fr">28980</common:AnnotationText>
                        </common:Annotation>
                    </common:Annotations>
                    <common:Name xml:lang="en">Rapid City, SD</common:Name>
                    <common:Name xml:lang="fr">Rapid City, SD</common:Name>
                    <structure:Parent>
                        <Ref id="USA_TL3"/>
                    </structure:Parent>
                </structure:Code>
                <structure:Code id="US135">
                    <common:Annotations>
                        <common:Annotation>
                            <common:AnnotationType>ORDER</common:AnnotationType>
                            <common:AnnotationText xml:lang="en">28990</common:AnnotationText>
                            <common:AnnotationText xml:lang="fr">28990</common:AnnotationText>
                        </common:Annotation>
                    </common:Annotations>
                    <common:Name xml:lang="en">Redding, CA</common:Name>
                    <common:Name xml:lang="fr">Redding, CA</common:Name>
                    <structure:Parent>
                        <Ref id="USA_TL3"/>
                    </structure:Parent>
                </structure:Code>
                <structure:Code id="US136">
                    <common:Annotations>
                        <common:Annotation>
                            <common:AnnotationType>ORDER</common:AnnotationType>
                            <common:AnnotationText xml:lang="en">29000</common:AnnotationText>
                            <common:AnnotationText xml:lang="fr">29000</common:AnnotationText>
                        </common:Annotation>
                    </common:Annotations>
                    <common:Name xml:lang="en">Reno-Sparks, NV</common:Name>
                    <common:Name xml:lang="fr">Reno-Sparks, NV</common:Name>
                    <structure:Parent>
                        <Ref id="USA_TL3"/>
                    </structure:Parent>
                </structure:Code>
                <structure:Code id="US137">
                    <common:Annotations>
                        <common:Annotation>
                            <common:AnnotationType>ORDER</common:AnnotationType>
                            <common:AnnotationText xml:lang="en">29010</common:AnnotationText>
                            <common:AnnotationText xml:lang="fr">29010</common:AnnotationText>
                        </common:Annotation>
                    </common:Annotations>
                    <common:Name xml:lang="en">Richmond, VA</common:Name>
                    <common:Name xml:lang="fr">Richmond, VA</common:Name>
                    <structure:Parent>
                        <Ref id="USA_TL3"/>
                    </structure:Parent>
                </structure:Code>
                <structure:Code id="US138">
                    <common:Annotations>
                        <common:Annotation>
                            <common:AnnotationType>ORDER</common:AnnotationType>
                            <common:AnnotationText xml:lang="en">29020</common:AnnotationText>
                            <common:AnnotationText xml:lang="fr">29020</common:AnnotationText>
                        </common:Annotation>
                    </common:Annotations>
                    <common:Name xml:lang="en">Roanoke, VA</common:Name>
                    <common:Name xml:lang="fr">Roanoke, VA</common:Name>
                    <structure:Parent>
                        <Ref id="USA_TL3"/>
                    </structure:Parent>
                </structure:Code>
                <structure:Code id="US139">
                    <common:Annotations>
                        <common:Annotation>
                            <common:AnnotationType>ORDER</common:AnnotationType>
                            <common:AnnotationText xml:lang="en">29030</common:AnnotationText>
                            <common:AnnotationText xml:lang="fr">29030</common:AnnotationText>
                        </common:Annotation>
                    </common:Annotations>
                    <common:Name xml:lang="en">Rochester-Batavia-Seneca Falls, NY</common:Name>
                    <common:Name xml:lang="fr">Rochester-Batavia-Seneca Falls, NY</common:Name>
                    <structure:Parent>
                        <Ref id="USA_TL3"/>
                    </structure:Parent>
                </structure:Code>
                <structure:Code id="US140">
                    <common:Annotations>
                        <common:Annotation>
                            <common:AnnotationType>ORDER</common:AnnotationType>
                            <common:AnnotationText xml:lang="en">29040</common:AnnotationText>
                            <common:AnnotationText xml:lang="fr">29040</common:AnnotationText>
                        </common:Annotation>
                    </common:Annotations>
                    <common:Name xml:lang="en">Sacramento--Arden-Arcade--Truckee, CA-NV</common:Name>
                    <common:Name xml:lang="fr">Sacramento--Arden-Arcade--Truckee, CA-NV</common:Name>
                    <structure:Parent>
                        <Ref id="USA_TL3"/>
                    </structure:Parent>
                </structure:Code>
                <structure:Code id="US141">
                    <common:Annotations>
                        <common:Annotation>
                            <common:AnnotationType>ORDER</common:AnnotationType>
                            <common:AnnotationText xml:lang="en">29050</common:AnnotationText>
                            <common:AnnotationText xml:lang="fr">29050</common:AnnotationText>
                        </common:Annotation>
                    </common:Annotations>
                    <common:Name xml:lang="en">Salina, KS</common:Name>
                    <common:Name xml:lang="fr">Salina, KS</common:Name>
                    <structure:Parent>
                        <Ref id="USA_TL3"/>
                    </structure:Parent>
                </structure:Code>
                <structure:Code id="US142">
                    <common:Annotations>
                        <common:Annotation>
                            <common:AnnotationType>ORDER</common:AnnotationType>
                            <common:AnnotationText xml:lang="en">29060</common:AnnotationText>
                            <common:AnnotationText xml:lang="fr">29060</common:AnnotationText>
                        </common:Annotation>
                    </common:Annotations>
                    <common:Name xml:lang="en">Salt Lake City-Ogden-Clearfield, UT</common:Name>
                    <common:Name xml:lang="fr">Salt Lake City-Ogden-Clearfield, UT</common:Name>
                    <structure:Parent>
                        <Ref id="USA_TL3"/>
                    </structure:Parent>
                </structure:Code>
                <structure:Code id="US143">
                    <common:Annotations>
                        <common:Annotation>
                            <common:AnnotationType>ORDER</common:AnnotationType>
                            <common:AnnotationText xml:lang="en">29070</common:AnnotationText>
                            <common:AnnotationText xml:lang="fr">29070</common:AnnotationText>
                        </common:Annotation>
                    </common:Annotations>
                    <common:Name xml:lang="en">San Angelo, TX</common:Name>
                    <common:Name xml:lang="fr">San Angelo, TX</common:Name>
                    <structure:Parent>
                        <Ref id="USA_TL3"/>
                    </structure:Parent>
                </structure:Code>
                <structure:Code id="US144">
                    <common:Annotations>
                        <common:Annotation>
                            <common:AnnotationType>ORDER</common:AnnotationType>
                            <common:AnnotationText xml:lang="en">29080</common:AnnotationText>
                            <common:AnnotationText xml:lang="fr">29080</common:AnnotationText>
                        </common:Annotation>
                    </common:Annotations>
                    <common:Name xml:lang="en">San Antonio, TX</common:Name>
                    <common:Name xml:lang="fr">San Antonio, TX</common:Name>
                    <structure:Parent>
                        <Ref id="USA_TL3"/>
                    </structure:Parent>
                </structure:Code>
                <structure:Code id="US145">
                    <common:Annotations>
                        <common:Annotation>
                            <common:AnnotationType>ORDER</common:AnnotationType>
                            <common:AnnotationText xml:lang="en">29090</common:AnnotationText>
                            <common:AnnotationText xml:lang="fr">29090</common:AnnotationText>
                        </common:Annotation>
                    </common:Annotations>
                    <common:Name xml:lang="en">San Diego-Carlsbad-San Marcos, CA</common:Name>
                    <common:Name xml:lang="fr">San Diego-Carlsbad-San Marcos, CA</common:Name>
                    <structure:Parent>
                        <Ref id="USA_TL3"/>
                    </structure:Parent>
                </structure:Code>
                <structure:Code id="US146">
                    <common:Annotations>
                        <common:Annotation>
                            <common:AnnotationType>ORDER</common:AnnotationType>
                            <common:AnnotationText xml:lang="en">29100</common:AnnotationText>
                            <common:AnnotationText xml:lang="fr">29100</common:AnnotationText>
                        </common:Annotation>
                    </common:Annotations>
                    <common:Name xml:lang="en">San Jose-San Francisco-Oakland, CA</common:Name>
                    <common:Name xml:lang="fr">San Jose-San Francisco-Oakland, CA</common:Name>
                    <structure:Parent>
                        <Ref id="USA_TL3"/>
                    </structure:Parent>
                </structure:Code>
                <structure:Code id="US147">
                    <common:Annotations>
                        <common:Annotation>
                            <common:AnnotationType>ORDER</common:AnnotationType>
                            <common:AnnotationText xml:lang="en">29110</common:AnnotationText>
                            <common:AnnotationText xml:lang="fr">29110</common:AnnotationText>
                        </common:Annotation>
                    </common:Annotations>
                    <common:Name xml:lang="en">Santa Fe-Espanola, NM</common:Name>
                    <common:Name xml:lang="fr">Santa Fe-Espanola, NM</common:Name>
                    <structure:Parent>
                        <Ref id="USA_TL3"/>
                    </structure:Parent>
                </structure:Code>
                <structure:Code id="US148">
                    <common:Annotations>
                        <common:Annotation>
                            <common:AnnotationType>ORDER</common:AnnotationType>
                            <common:AnnotationText xml:lang="en">29120</common:AnnotationText>
                            <common:AnnotationText xml:lang="fr">29120</common:AnnotationText>
                        </common:Annotation>
                    </common:Annotations>
                    <common:Name xml:lang="en">Sarasota-Bradenton-Venice, FL</common:Name>
                    <common:Name xml:lang="fr">Sarasota-Bradenton-Venice, FL</common:Name>
                    <structure:Parent>
                        <Ref id="USA_TL3"/>
                    </structure:Parent>
                </structure:Code>
                <structure:Code id="US149">
                    <common:Annotations>
                        <common:Annotation>
                            <common:AnnotationType>ORDER</common:AnnotationType>
                            <common:AnnotationText xml:lang="en">29130</common:AnnotationText>
                            <common:AnnotationText xml:lang="fr">29130</common:AnnotationText>
                        </common:Annotation>
                    </common:Annotations>
                    <common:Name xml:lang="en">Savannah-Hinesville-Fort Stewart, GA</common:Name>
                    <common:Name xml:lang="fr">Savannah-Hinesville-Fort Stewart, GA</common:Name>
                    <structure:Parent>
                        <Ref id="USA_TL3"/>
                    </structure:Parent>
                </structure:Code>
                <structure:Code id="US150">
                    <common:Annotations>
                        <common:Annotation>
                            <common:AnnotationType>ORDER</common:AnnotationType>
                            <common:AnnotationText xml:lang="en">29140</common:AnnotationText>
                            <common:AnnotationText xml:lang="fr">29140</common:AnnotationText>
                        </common:Annotation>
                    </common:Annotations>
                    <common:Name xml:lang="en">Scotts Bluff, NE</common:Name>
                    <common:Name xml:lang="fr">Scotts Bluff, NE</common:Name>
                    <structure:Parent>
                        <Ref id="USA_TL3"/>
                    </structure:Parent>
                </structure:Code>
                <structure:Code id="US151">
                    <common:Annotations>
                        <common:Annotation>
                            <common:AnnotationType>ORDER</common:AnnotationType>
                            <common:AnnotationText xml:lang="en">29150</common:AnnotationText>
                            <common:AnnotationText xml:lang="fr">29150</common:AnnotationText>
                        </common:Annotation>
                    </common:Annotations>
                    <common:Name xml:lang="en">Scranton--Wilkes-Barre, PA</common:Name>
                    <common:Name xml:lang="fr">Scranton--Wilkes-Barre, PA</common:Name>
                    <structure:Parent>
                        <Ref id="USA_TL3"/>
                    </structure:Parent>
                </structure:Code>
                <structure:Code id="US152">
                    <common:Annotations>
                        <common:Annotation>
                            <common:AnnotationType>ORDER</common:AnnotationType>
                            <common:AnnotationText xml:lang="en">29160</common:AnnotationText>
                            <common:AnnotationText xml:lang="fr">29160</common:AnnotationText>
                        </common:Annotation>
                    </common:Annotations>
                    <common:Name xml:lang="en">Seattle-Tacoma-Olympia, WA</common:Name>
                    <common:Name xml:lang="fr">Seattle-Tacoma-Olympia, WA</common:Name>
                    <structure:Parent>
                        <Ref id="USA_TL3"/>
                    </structure:Parent>
                </structure:Code>
                <structure:Code id="US153">
                    <common:Annotations>
                        <common:Annotation>
                            <common:AnnotationType>ORDER</common:AnnotationType>
                            <common:AnnotationText xml:lang="en">29170</common:AnnotationText>
                            <common:AnnotationText xml:lang="fr">29170</common:AnnotationText>
                        </common:Annotation>
                    </common:Annotations>
                    <common:Name xml:lang="en">Shreveport-Bossier City-Minden, LA</common:Name>
                    <common:Name xml:lang="fr">Shreveport-Bossier City-Minden, LA</common:Name>
                    <structure:Parent>
                        <Ref id="USA_TL3"/>
                    </structure:Parent>
                </structure:Code>
                <structure:Code id="US154">
                    <common:Annotations>
                        <common:Annotation>
                            <common:AnnotationType>ORDER</common:AnnotationType>
                            <common:AnnotationText xml:lang="en">29180</common:AnnotationText>
                            <common:AnnotationText xml:lang="fr">29180</common:AnnotationText>
                        </common:Annotation>
                    </common:Annotations>
                    <common:Name xml:lang="en">Sioux City-Vermillion, IA-NE-SD</common:Name>
                    <common:Name xml:lang="fr">Sioux City-Vermillion, IA-NE-SD</common:Name>
                    <structure:Parent>
                        <Ref id="USA_TL3"/>
                    </structure:Parent>
                </structure:Code>
                <structure:Code id="US155">
                    <common:Annotations>
                        <common:Annotation>
                            <common:AnnotationType>ORDER</common:AnnotationType>
                            <common:AnnotationText xml:lang="en">29190</common:AnnotationText>
                            <common:AnnotationText xml:lang="fr">29190</common:AnnotationText>
                        </common:Annotation>
                    </common:Annotations>
                    <common:Name xml:lang="en">Sioux Falls, SD</common:Name>
                    <common:Name xml:lang="fr">Sioux Falls, SD</common:Name>
                    <structure:Parent>
                        <Ref id="USA_TL3"/>
                    </structure:Parent>
                </structure:Code>
                <structure:Code id="US156">
                    <common:Annotations>
                        <common:Annotation>
                            <common:AnnotationType>ORDER</common:AnnotationType>
                            <common:AnnotationText xml:lang="en">29200</common:AnnotationText>
                            <common:AnnotationText xml:lang="fr">29200</common:AnnotationText>
                        </common:Annotation>
                    </common:Annotations>
                    <common:Name xml:lang="en">South Bend-Mishawaka, IN-MI</common:Name>
                    <common:Name xml:lang="fr">South Bend-Mishawaka, IN-MI</common:Name>
                    <structure:Parent>
                        <Ref id="USA_TL3"/>
                    </structure:Parent>
                </structure:Code>
                <structure:Code id="US157">
                    <common:Annotations>
                        <common:Annotation>
                            <common:AnnotationType>ORDER</common:AnnotationType>
                            <common:AnnotationText xml:lang="en">29210</common:AnnotationText>
                            <common:AnnotationText xml:lang="fr">29210</common:AnnotationText>
                        </common:Annotation>
                    </common:Annotations>
                    <common:Name xml:lang="en">Spokane, WA</common:Name>
                    <common:Name xml:lang="fr">Spokane, WA</common:Name>
                    <structure:Parent>
                        <Ref id="USA_TL3"/>
                    </structure:Parent>
                </structure:Code>
                <structure:Code id="US158">
                    <common:Annotations>
                        <common:Annotation>
                            <common:AnnotationType>ORDER</common:AnnotationType>
                            <common:AnnotationText xml:lang="en">29220</common:AnnotationText>
                            <common:AnnotationText xml:lang="fr">29220</common:AnnotationText>
                        </common:Annotation>
                    </common:Annotations>
                    <common:Name xml:lang="en">Springfield, IL</common:Name>
                    <common:Name xml:lang="fr">Springfield, IL</common:Name>
                    <structure:Parent>
                        <Ref id="USA_TL3"/>
                    </structure:Parent>
                </structure:Code>
                <structure:Code id="US159">
                    <common:Annotations>
                        <common:Annotation>
                            <common:AnnotationType>ORDER</common:AnnotationType>
                            <common:AnnotationText xml:lang="en">29230</common:AnnotationText>
                            <common:AnnotationText xml:lang="fr">29230</common:AnnotationText>
                        </common:Annotation>
                    </common:Annotations>
                    <common:Name xml:lang="en">Springfield, MO</common:Name>
                    <common:Name xml:lang="fr">Springfield, MO</common:Name>
                    <structure:Parent>
                        <Ref id="USA_TL3"/>
                    </structure:Parent>
                </structure:Code>
                <structure:Code id="US160">
                    <common:Annotations>
                        <common:Annotation>
                            <common:AnnotationType>ORDER</common:AnnotationType>
                            <common:AnnotationText xml:lang="en">29240</common:AnnotationText>
                            <common:AnnotationText xml:lang="fr">29240</common:AnnotationText>
                        </common:Annotation>
                    </common:Annotations>
                    <common:Name xml:lang="en">St. Louis-St. Charles-Farmington, MO-IL</common:Name>
                    <common:Name xml:lang="fr">St. Louis-St. Charles-Farmington, MO-IL</common:Name>
                    <structure:Parent>
                        <Ref id="USA_TL3"/>
                    </structure:Parent>
                </structure:Code>
                <structure:Code id="US161">
                    <common:Annotations>
                        <common:Annotation>
                            <common:AnnotationType>ORDER</common:AnnotationType>
                            <common:AnnotationText xml:lang="en">29250</common:AnnotationText>
                            <common:AnnotationText xml:lang="fr">29250</common:AnnotationText>
                        </common:Annotation>
                    </common:Annotations>
                    <common:Name xml:lang="en">State College, PA</common:Name>
                    <common:Name xml:lang="fr">State College, PA</common:Name>
                    <structure:Parent>
                        <Ref id="USA_TL3"/>
                    </structure:Parent>
                </structure:Code>
                <structure:Code id="US162">
                    <common:Annotations>
                        <common:Annotation>
                            <common:AnnotationType>ORDER</common:AnnotationType>
                            <common:AnnotationText xml:lang="en">29260</common:AnnotationText>
                            <common:AnnotationText xml:lang="fr">29260</common:AnnotationText>
                        </common:Annotation>
                    </common:Annotations>
                    <common:Name xml:lang="en">Syracuse-Auburn, NY</common:Name>
                    <common:Name xml:lang="fr">Syracuse-Auburn, NY</common:Name>
                    <structure:Parent>
                        <Ref id="USA_TL3"/>
                    </structure:Parent>
                </structure:Code>
                <structure:Code id="US163">
                    <common:Annotations>
                        <common:Annotation>
                            <common:AnnotationType>ORDER</common:AnnotationType>
                            <common:AnnotationText xml:lang="en">29270</common:AnnotationText>
                            <common:AnnotationText xml:lang="fr">29270</common:AnnotationText>
                        </common:Annotation>
                    </common:Annotations>
                    <common:Name xml:lang="en">Tallahassee, FL</common:Name>
                    <common:Name xml:lang="fr">Tallahassee, FL</common:Name>
                    <structure:Parent>
                        <Ref id="USA_TL3"/>
                    </structure:Parent>
                </structure:Code>
                <structure:Code id="US164">
                    <common:Annotations>
                        <common:Annotation>
                            <common:AnnotationType>ORDER</common:AnnotationType>
                            <common:AnnotationText xml:lang="en">29280</common:AnnotationText>
                            <common:AnnotationText xml:lang="fr">29280</common:AnnotationText>
                        </common:Annotation>
                    </common:Annotations>
                    <common:Name xml:lang="en">Tampa-St. Petersburg-Clearwater, FL</common:Name>
                    <common:Name xml:lang="fr">Tampa-St. Petersburg-Clearwater, FL</common:Name>
                    <structure:Parent>
                        <Ref id="USA_TL3"/>
                    </structure:Parent>
                </structure:Code>
                <structure:Code id="US165">
                    <common:Annotations>
                        <common:Annotation>
                            <common:AnnotationType>ORDER</common:AnnotationType>
                            <common:AnnotationText xml:lang="en">29290</common:AnnotationText>
                            <common:AnnotationText xml:lang="fr">29290</common:AnnotationText>
                        </common:Annotation>
                    </common:Annotations>
                    <common:Name xml:lang="en">Texarkana, TX-Texarkana, AR</common:Name>
                    <common:Name xml:lang="fr">Texarkana, TX-Texarkana, AR</common:Name>
                    <structure:Parent>
                        <Ref id="USA_TL3"/>
                    </structure:Parent>
                </structure:Code>
                <structure:Code id="US166">
                    <common:Annotations>
                        <common:Annotation>
                            <common:AnnotationType>ORDER</common:AnnotationType>
                            <common:AnnotationText xml:lang="en">29300</common:AnnotationText>
                            <common:AnnotationText xml:lang="fr">29300</common:AnnotationText>
                        </common:Annotation>
                    </common:Annotations>
                    <common:Name xml:lang="en">Toledo-Fremont, OH</common:Name>
                    <common:Name xml:lang="fr">Toledo-Fremont, OH</common:Name>
                    <structure:Parent>
                        <Ref id="USA_TL3"/>
                    </structure:Parent>
                </structure:Code>
                <structure:Code id="US167">
                    <common:Annotations>
                        <common:Annotation>
                            <common:AnnotationType>ORDER</common:AnnotationType>
                            <common:AnnotationText xml:lang="en">29310</common:AnnotationText>
                            <common:AnnotationText xml:lang="fr">29310</common:AnnotationText>
                        </common:Annotation>
                    </common:Annotations>
                    <common:Name xml:lang="en">Topeka, KS</common:Name>
                    <common:Name xml:lang="fr">Topeka, KS</common:Name>
                    <structure:Parent>
                        <Ref id="USA_TL3"/>
                    </structure:Parent>
                </structure:Code>
                <structure:Code id="US168">
                    <common:Annotations>
                        <common:Annotation>
                            <common:AnnotationType>ORDER</common:AnnotationType>
                            <common:AnnotationText xml:lang="en">29320</common:AnnotationText>
                            <common:AnnotationText xml:lang="fr">29320</common:AnnotationText>
                        </common:Annotation>
                    </common:Annotations>
                    <common:Name xml:lang="en">Traverse City, MI</common:Name>
                    <common:Name xml:lang="fr">Traverse City, MI</common:Name>
                    <structure:Parent>
                        <Ref id="USA_TL3"/>
                    </structure:Parent>
                </structure:Code>
                <structure:Code id="US169">
                    <common:Annotations>
                        <common:Annotation>
                            <common:AnnotationType>ORDER</common:AnnotationType>
                            <common:AnnotationText xml:lang="en">29330</common:AnnotationText>
                            <common:AnnotationText xml:lang="fr">29330</common:AnnotationText>
                        </common:Annotation>
                    </common:Annotations>
                    <common:Name xml:lang="en">Tucson, AZ</common:Name>
                    <common:Name xml:lang="fr">Tucson, AZ</common:Name>
                    <structure:Parent>
                        <Ref id="USA_TL3"/>
                    </structure:Parent>
                </structure:Code>
                <structure:Code id="US170">
                    <common:Annotations>
                        <common:Annotation>
                            <common:AnnotationType>ORDER</common:AnnotationType>
                            <common:AnnotationText xml:lang="en">29340</common:AnnotationText>
                            <common:AnnotationText xml:lang="fr">29340</common:AnnotationText>
                        </common:Annotation>
                    </common:Annotations>
                    <common:Name xml:lang="en">Tulsa-Bartlesville, OK</common:Name>
                    <common:Name xml:lang="fr">Tulsa-Bartlesville, OK</common:Name>
                    <structure:Parent>
                        <Ref id="USA_TL3"/>
                    </structure:Parent>
                </structure:Code>
                <structure:Code id="US171">
                    <common:Annotations>
                        <common:Annotation>
                            <common:AnnotationType>ORDER</common:AnnotationType>
                            <common:AnnotationText xml:lang="en">29350</common:AnnotationText>
                            <common:AnnotationText xml:lang="fr">29350</common:AnnotationText>
                        </common:Annotation>
                    </common:Annotations>
                    <common:Name xml:lang="en">Tupelo, MS</common:Name>
                    <common:Name xml:lang="fr">Tupelo, MS</common:Name>
                    <structure:Parent>
                        <Ref id="USA_TL3"/>
                    </structure:Parent>
                </structure:Code>
                <structure:Code id="US172">
                    <common:Annotations>
                        <common:Annotation>
                            <common:AnnotationType>ORDER</common:AnnotationType>
                            <common:AnnotationText xml:lang="en">29360</common:AnnotationText>
                            <common:AnnotationText xml:lang="fr">29360</common:AnnotationText>
                        </common:Annotation>
                    </common:Annotations>
                    <common:Name xml:lang="en">Twin Falls, ID</common:Name>
                    <common:Name xml:lang="fr">Twin Falls, ID</common:Name>
                    <structure:Parent>
                        <Ref id="USA_TL3"/>
                    </structure:Parent>
                </structure:Code>
                <structure:Code id="US173">
                    <common:Annotations>
                        <common:Annotation>
                            <common:AnnotationType>ORDER</common:AnnotationType>
                            <common:AnnotationText xml:lang="en">29370</common:AnnotationText>
                            <common:AnnotationText xml:lang="fr">29370</common:AnnotationText>
                        </common:Annotation>
                    </common:Annotations>
                    <common:Name xml:lang="en">Virginia Beach-Norfolk-Newport News, VA-NC</common:Name>
                    <common:Name xml:lang="fr">Virginia Beach-Norfolk-Newport News, VA-NC</common:Name>
                    <structure:Parent>
                        <Ref id="USA_TL3"/>
                    </structure:Parent>
                </structure:Code>
                <structure:Code id="US174">
                    <common:Annotations>
                        <common:Annotation>
                            <common:AnnotationType>ORDER</common:AnnotationType>
                            <common:AnnotationText xml:lang="en">29380</common:AnnotationText>
                            <common:AnnotationText xml:lang="fr">29380</common:AnnotationText>
                        </common:Annotation>
                    </common:Annotations>
                    <common:Name xml:lang="en">Washington-Baltimore-Northern Virginia, DC-MD-VA-WV</common:Name>
                    <common:Name xml:lang="fr">Washington-Baltimore-Northern Virginia, DC-MD-VA-WV</common:Name>
                    <structure:Parent>
                        <Ref id="USA_TL3"/>
                    </structure:Parent>
                </structure:Code>
                <structure:Code id="US175">
                    <common:Annotations>
                        <common:Annotation>
                            <common:AnnotationType>ORDER</common:AnnotationType>
                            <common:AnnotationText xml:lang="en">29390</common:AnnotationText>
                            <common:AnnotationText xml:lang="fr">29390</common:AnnotationText>
                        </common:Annotation>
                    </common:Annotations>
                    <common:Name xml:lang="en">Waterloo-Cedar Falls, IA</common:Name>
                    <common:Name xml:lang="fr">Waterloo-Cedar Falls, IA</common:Name>
                    <structure:Parent>
                        <Ref id="USA_TL3"/>
                    </structure:Parent>
                </structure:Code>
                <structure:Code id="US176">
                    <common:Annotations>
                        <common:Annotation>
                            <common:AnnotationType>ORDER</common:AnnotationType>
                            <common:AnnotationText xml:lang="en">29400</common:AnnotationText>
                            <common:AnnotationText xml:lang="fr">29400</common:AnnotationText>
                        </common:Annotation>
                    </common:Annotations>
                    <common:Name xml:lang="en">Wausau-Merrill, WI</common:Name>
                    <common:Name xml:lang="fr">Wausau-Merrill, WI</common:Name>
                    <structure:Parent>
                        <Ref id="USA_TL3"/>
                    </structure:Parent>
                </structure:Code>
                <structure:Code id="US177">
                    <common:Annotations>
                        <common:Annotation>
                            <common:AnnotationType>ORDER</common:AnnotationType>
                            <common:AnnotationText xml:lang="en">29410</common:AnnotationText>
                            <common:AnnotationText xml:lang="fr">29410</common:AnnotationText>
                        </common:Annotation>
                    </common:Annotations>
                    <common:Name xml:lang="en">Wenatchee, WA</common:Name>
                    <common:Name xml:lang="fr">Wenatchee, WA</common:Name>
                    <structure:Parent>
                        <Ref id="USA_TL3"/>
                    </structure:Parent>
                </structure:Code>
                <structure:Code id="US178">
                    <common:Annotations>
                        <common:Annotation>
                            <common:AnnotationType>ORDER</common:AnnotationType>
                            <common:AnnotationText xml:lang="en">29420</common:AnnotationText>
                            <common:AnnotationText xml:lang="fr">29420</common:AnnotationText>
                        </common:Annotation>
                    </common:Annotations>
                    <common:Name xml:lang="en">Wichita Falls, TX</common:Name>
                    <common:Name xml:lang="fr">Wichita Falls, TX</common:Name>
                    <structure:Parent>
                        <Ref id="USA_TL3"/>
                    </structure:Parent>
                </structure:Code>
                <structure:Code id="US179">
                    <common:Annotations>
                        <common:Annotation>
                            <common:AnnotationType>ORDER</common:AnnotationType>
                            <common:AnnotationText xml:lang="en">29430</common:AnnotationText>
                            <common:AnnotationText xml:lang="fr">29430</common:AnnotationText>
                        </common:Annotation>
                    </common:Annotations>
                    <common:Name xml:lang="en">Wichita-Winfield, KS</common:Name>
                    <common:Name xml:lang="fr">Wichita-Winfield, KS</common:Name>
                    <structure:Parent>
                        <Ref id="USA_TL3"/>
                    </structure:Parent>
                </structure:Code>
                <structure:Code id="WXOECD">
                    <common:Annotations>
                        <common:Annotation>
                            <common:AnnotationType>ORDER</common:AnnotationType>
                            <common:AnnotationText xml:lang="en">29440</common:AnnotationText>
                            <common:AnnotationText xml:lang="fr">29440</common:AnnotationText>
                        </common:Annotation>
                    </common:Annotations>
                    <common:Name xml:lang="en">Non-OECD countries</common:Name>
                    <common:Name xml:lang="fr">Non-OCDE pays</common:Name>
                </structure:Code>
                <structure:Code id="AFG">
                    <common:Annotations>
                        <common:Annotation>
                            <common:AnnotationType>ORDER</common:AnnotationType>
                            <common:AnnotationText xml:lang="en">29450</common:AnnotationText>
                            <common:AnnotationText xml:lang="fr">29450</common:AnnotationText>
                        </common:Annotation>
                    </common:Annotations>
                    <common:Name xml:lang="en">Afghanistan</common:Name>
                    <common:Name xml:lang="fr">Afghanistan</common:Name>
                </structure:Code>
                <structure:Code id="ALB">
                    <common:Annotations>
                        <common:Annotation>
                            <common:AnnotationType>ORDER</common:AnnotationType>
                            <common:AnnotationText xml:lang="en">29460</common:AnnotationText>
                            <common:AnnotationText xml:lang="fr">29460</common:AnnotationText>
                        </common:Annotation>
                    </common:Annotations>
                    <common:Name xml:lang="en">Albania</common:Name>
                    <common:Name xml:lang="fr">Albanie</common:Name>
                </structure:Code>
                <structure:Code id="DZA">
                    <common:Annotations>
                        <common:Annotation>
                            <common:AnnotationType>ORDER</common:AnnotationType>
                            <common:AnnotationText xml:lang="en">29470</common:AnnotationText>
                            <common:AnnotationText xml:lang="fr">29470</common:AnnotationText>
                        </common:Annotation>
                    </common:Annotations>
                    <common:Name xml:lang="en">Algeria</common:Name>
                    <common:Name xml:lang="fr">Algérie</common:Name>
                </structure:Code>
                <structure:Code id="AND">
                    <common:Annotations>
                        <common:Annotation>
                            <common:AnnotationType>ORDER</common:AnnotationType>
                            <common:AnnotationText xml:lang="en">29480</common:AnnotationText>
                            <common:AnnotationText xml:lang="fr">29480</common:AnnotationText>
                        </common:Annotation>
                    </common:Annotations>
                    <common:Name xml:lang="en">Andorra</common:Name>
                    <common:Name xml:lang="fr">Andorre</common:Name>
                </structure:Code>
                <structure:Code id="AGO">
                    <common:Annotations>
                        <common:Annotation>
                            <common:AnnotationType>ORDER</common:AnnotationType>
                            <common:AnnotationText xml:lang="en">29490</common:AnnotationText>
                            <common:AnnotationText xml:lang="fr">29490</common:AnnotationText>
                        </common:Annotation>
                    </common:Annotations>
                    <common:Name xml:lang="en">Angola</common:Name>
                    <common:Name xml:lang="fr">Angola</common:Name>
                </structure:Code>
                <structure:Code id="ATA">
                    <common:Annotations>
                        <common:Annotation>
                            <common:AnnotationType>ORDER</common:AnnotationType>
                            <common:AnnotationText xml:lang="en">29500</common:AnnotationText>
                            <common:AnnotationText xml:lang="fr">29500</common:AnnotationText>
                        </common:Annotation>
                    </common:Annotations>
                    <common:Name xml:lang="en">Antarctica</common:Name>
                    <common:Name xml:lang="fr">Antarctique</common:Name>
                </structure:Code>
                <structure:Code id="ATG">
                    <common:Annotations>
                        <common:Annotation>
                            <common:AnnotationType>ORDER</common:AnnotationType>
                            <common:AnnotationText xml:lang="en">29510</common:AnnotationText>
                            <common:AnnotationText xml:lang="fr">29510</common:AnnotationText>
                        </common:Annotation>
                    </common:Annotations>
                    <common:Name xml:lang="en">Antigua and Barbuda</common:Name>
                    <common:Name xml:lang="fr">Antigua-et-Barbuda</common:Name>
                </structure:Code>
                <structure:Code id="ARG">
                    <common:Annotations>
                        <common:Annotation>
                            <common:AnnotationType>ORDER</common:AnnotationType>
                            <common:AnnotationText xml:lang="en">29520</common:AnnotationText>
                            <common:AnnotationText xml:lang="fr">29520</common:AnnotationText>
                        </common:Annotation>
                    </common:Annotations>
                    <common:Name xml:lang="en">Argentina</common:Name>
                    <common:Name xml:lang="fr">Argentine</common:Name>
                </structure:Code>
                <structure:Code id="ARM">
                    <common:Annotations>
                        <common:Annotation>
                            <common:AnnotationType>ORDER</common:AnnotationType>
                            <common:AnnotationText xml:lang="en">29530</common:AnnotationText>
                            <common:AnnotationText xml:lang="fr">29530</common:AnnotationText>
                        </common:Annotation>
                    </common:Annotations>
                    <common:Name xml:lang="en">Armenia</common:Name>
                    <common:Name xml:lang="fr">Arménie</common:Name>
                </structure:Code>
                <structure:Code id="AZE">
                    <common:Annotations>
                        <common:Annotation>
                            <common:AnnotationType>ORDER</common:AnnotationType>
                            <common:AnnotationText xml:lang="en">29540</common:AnnotationText>
                            <common:AnnotationText xml:lang="fr">29540</common:AnnotationText>
                        </common:Annotation>
                    </common:Annotations>
                    <common:Name xml:lang="en">Azerbaijan</common:Name>
                    <common:Name xml:lang="fr">Azerbaïdjan</common:Name>
                </structure:Code>
                <structure:Code id="BHS">
                    <common:Annotations>
                        <common:Annotation>
                            <common:AnnotationType>ORDER</common:AnnotationType>
                            <common:AnnotationText xml:lang="en">29550</common:AnnotationText>
                            <common:AnnotationText xml:lang="fr">29550</common:AnnotationText>
                        </common:Annotation>
                    </common:Annotations>
                    <common:Name xml:lang="en">Bahamas</common:Name>
                    <common:Name xml:lang="fr">Bahamas</common:Name>
                </structure:Code>
                <structure:Code id="BHR">
                    <common:Annotations>
                        <common:Annotation>
                            <common:AnnotationType>ORDER</common:AnnotationType>
                            <common:AnnotationText xml:lang="en">29560</common:AnnotationText>
                            <common:AnnotationText xml:lang="fr">29560</common:AnnotationText>
                        </common:Annotation>
                    </common:Annotations>
                    <common:Name xml:lang="en">Bahrain</common:Name>
                    <common:Name xml:lang="fr">Bahreïn</common:Name>
                </structure:Code>
                <structure:Code id="BGD">
                    <common:Annotations>
                        <common:Annotation>
                            <common:AnnotationType>ORDER</common:AnnotationType>
                            <common:AnnotationText xml:lang="en">29570</common:AnnotationText>
                            <common:AnnotationText xml:lang="fr">29570</common:AnnotationText>
                        </common:Annotation>
                    </common:Annotations>
                    <common:Name xml:lang="en">Bangladesh</common:Name>
                    <common:Name xml:lang="fr">Bangladesh</common:Name>
                </structure:Code>
                <structure:Code id="BRB">
                    <common:Annotations>
                        <common:Annotation>
                            <common:AnnotationType>ORDER</common:AnnotationType>
                            <common:AnnotationText xml:lang="en">29580</common:AnnotationText>
                            <common:AnnotationText xml:lang="fr">29580</common:AnnotationText>
                        </common:Annotation>
                    </common:Annotations>
                    <common:Name xml:lang="en">Barbados</common:Name>
                    <common:Name xml:lang="fr">Barbade</common:Name>
                </structure:Code>
                <structure:Code id="BLR">
                    <common:Annotations>
                        <common:Annotation>
                            <common:AnnotationType>ORDER</common:AnnotationType>
                            <common:AnnotationText xml:lang="en">29590</common:AnnotationText>
                            <common:AnnotationText xml:lang="fr">29590</common:AnnotationText>
                        </common:Annotation>
                    </common:Annotations>
                    <common:Name xml:lang="en">Belarus</common:Name>
                    <common:Name xml:lang="fr">Bélarus</common:Name>
                </structure:Code>
                <structure:Code id="BLZ">
                    <common:Annotations>
                        <common:Annotation>
                            <common:AnnotationType>ORDER</common:AnnotationType>
                            <common:AnnotationText xml:lang="en">29600</common:AnnotationText>
                            <common:AnnotationText xml:lang="fr">29600</common:AnnotationText>
                        </common:Annotation>
                    </common:Annotations>
                    <common:Name xml:lang="en">Belize</common:Name>
                    <common:Name xml:lang="fr">Belize</common:Name>
                </structure:Code>
                <structure:Code id="BEN">
                    <common:Annotations>
                        <common:Annotation>
                            <common:AnnotationType>ORDER</common:AnnotationType>
                            <common:AnnotationText xml:lang="en">29610</common:AnnotationText>
                            <common:AnnotationText xml:lang="fr">29610</common:AnnotationText>
                        </common:Annotation>
                    </common:Annotations>
                    <common:Name xml:lang="en">Benin</common:Name>
                    <common:Name xml:lang="fr">Bénin</common:Name>
                </structure:Code>
                <structure:Code id="BTN">
                    <common:Annotations>
                        <common:Annotation>
                            <common:AnnotationType>ORDER</common:AnnotationType>
                            <common:AnnotationText xml:lang="en">29620</common:AnnotationText>
                            <common:AnnotationText xml:lang="fr">29620</common:AnnotationText>
                        </common:Annotation>
                    </common:Annotations>
                    <common:Name xml:lang="en">Bhutan</common:Name>
                    <common:Name xml:lang="fr">Bhoutan</common:Name>
                </structure:Code>
                <structure:Code id="BOL">
                    <common:Annotations>
                        <common:Annotation>
                            <common:AnnotationType>ORDER</common:AnnotationType>
                            <common:AnnotationText xml:lang="en">29630</common:AnnotationText>
                            <common:AnnotationText xml:lang="fr">29630</common:AnnotationText>
                        </common:Annotation>
                    </common:Annotations>
                    <common:Name xml:lang="en">Bolivia</common:Name>
                    <common:Name xml:lang="fr">Bolivie</common:Name>
                </structure:Code>
                <structure:Code id="BIH">
                    <common:Annotations>
                        <common:Annotation>
                            <common:AnnotationType>ORDER</common:AnnotationType>
                            <common:AnnotationText xml:lang="en">29640</common:AnnotationText>
                            <common:AnnotationText xml:lang="fr">29640</common:AnnotationText>
                        </common:Annotation>
                    </common:Annotations>
                    <common:Name xml:lang="en">Bosnia and Herzegovina</common:Name>
                    <common:Name xml:lang="fr">Bosnie-Herzégovine</common:Name>
                </structure:Code>
                <structure:Code id="BWA">
                    <common:Annotations>
                        <common:Annotation>
                            <common:AnnotationType>ORDER</common:AnnotationType>
                            <common:AnnotationText xml:lang="en">29650</common:AnnotationText>
                            <common:AnnotationText xml:lang="fr">29650</common:AnnotationText>
                        </common:Annotation>
                    </common:Annotations>
                    <common:Name xml:lang="en">Botswana</common:Name>
                    <common:Name xml:lang="fr">Botswana</common:Name>
                </structure:Code>
                <structure:Code id="BRA">
                    <common:Annotations>
                        <common:Annotation>
                            <common:AnnotationType>ORDER</common:AnnotationType>
                            <common:AnnotationText xml:lang="en">29660</common:AnnotationText>
                            <common:AnnotationText xml:lang="fr">29660</common:AnnotationText>
                        </common:Annotation>
                    </common:Annotations>
                    <common:Name xml:lang="en">Brazil</common:Name>
                    <common:Name xml:lang="fr">Brésil</common:Name>
                </structure:Code>
                <structure:Code id="BR01">
                    <common:Annotations>
                        <common:Annotation>
                            <common:AnnotationType>ORDER</common:AnnotationType>
                            <common:AnnotationText xml:lang="en">29670</common:AnnotationText>
                            <common:AnnotationText xml:lang="fr">29670</common:AnnotationText>
                        </common:Annotation>
                    </common:Annotations>
                    <common:Name xml:lang="en">Acre</common:Name>
                    <common:Name xml:lang="fr">Acre</common:Name>
                    <structure:Parent>
                        <Ref id="BRA"/>
                    </structure:Parent>
                </structure:Code>
                <structure:Code id="BR02">
                    <common:Annotations>
                        <common:Annotation>
                            <common:AnnotationType>ORDER</common:AnnotationType>
                            <common:AnnotationText xml:lang="en">29680</common:AnnotationText>
                            <common:AnnotationText xml:lang="fr">29680</common:AnnotationText>
                        </common:Annotation>
                    </common:Annotations>
                    <common:Name xml:lang="en">Amapá</common:Name>
                    <common:Name xml:lang="fr">Amapá</common:Name>
                    <structure:Parent>
                        <Ref id="BRA"/>
                    </structure:Parent>
                </structure:Code>
                <structure:Code id="BR03">
                    <common:Annotations>
                        <common:Annotation>
                            <common:AnnotationType>ORDER</common:AnnotationType>
                            <common:AnnotationText xml:lang="en">29690</common:AnnotationText>
                            <common:AnnotationText xml:lang="fr">29690</common:AnnotationText>
                        </common:Annotation>
                    </common:Annotations>
                    <common:Name xml:lang="en">Amazonas</common:Name>
                    <common:Name xml:lang="fr">Amazonas</common:Name>
                    <structure:Parent>
                        <Ref id="BRA"/>
                    </structure:Parent>
                </structure:Code>
                <structure:Code id="BR04">
                    <common:Annotations>
                        <common:Annotation>
                            <common:AnnotationType>ORDER</common:AnnotationType>
                            <common:AnnotationText xml:lang="en">29700</common:AnnotationText>
                            <common:AnnotationText xml:lang="fr">29700</common:AnnotationText>
                        </common:Annotation>
                    </common:Annotations>
                    <common:Name xml:lang="en">Pará</common:Name>
                    <common:Name xml:lang="fr">Pará</common:Name>
                    <structure:Parent>
                        <Ref id="BRA"/>
                    </structure:Parent>
                </structure:Code>
                <structure:Code id="BR05">
                    <common:Annotations>
                        <common:Annotation>
                            <common:AnnotationType>ORDER</common:AnnotationType>
                            <common:AnnotationText xml:lang="en">29710</common:AnnotationText>
                            <common:AnnotationText xml:lang="fr">29710</common:AnnotationText>
                        </common:Annotation>
                    </common:Annotations>
                    <common:Name xml:lang="en">Rondônia</common:Name>
                    <common:Name xml:lang="fr">Rondônia</common:Name>
                    <structure:Parent>
                        <Ref id="BRA"/>
                    </structure:Parent>
                </structure:Code>
                <structure:Code id="BR06">
                    <common:Annotations>
                        <common:Annotation>
                            <common:AnnotationType>ORDER</common:AnnotationType>
                            <common:AnnotationText xml:lang="en">29720</common:AnnotationText>
                            <common:AnnotationText xml:lang="fr">29720</common:AnnotationText>
                        </common:Annotation>
                    </common:Annotations>
                    <common:Name xml:lang="en">Roraima</common:Name>
                    <common:Name xml:lang="fr">Roraima</common:Name>
                    <structure:Parent>
                        <Ref id="BRA"/>
                    </structure:Parent>
                </structure:Code>
                <structure:Code id="BR07">
                    <common:Annotations>
                        <common:Annotation>
                            <common:AnnotationType>ORDER</common:AnnotationType>
                            <common:AnnotationText xml:lang="en">29730</common:AnnotationText>
                            <common:AnnotationText xml:lang="fr">29730</common:AnnotationText>
                        </common:Annotation>
                    </common:Annotations>
                    <common:Name xml:lang="en">Tocantins</common:Name>
                    <common:Name xml:lang="fr">Tocantins</common:Name>
                    <structure:Parent>
                        <Ref id="BRA"/>
                    </structure:Parent>
                </structure:Code>
                <structure:Code id="BR08">
                    <common:Annotations>
                        <common:Annotation>
                            <common:AnnotationType>ORDER</common:AnnotationType>
                            <common:AnnotationText xml:lang="en">29740</common:AnnotationText>
                            <common:AnnotationText xml:lang="fr">29740</common:AnnotationText>
                        </common:Annotation>
                    </common:Annotations>
                    <common:Name xml:lang="en">Alagoas</common:Name>
                    <common:Name xml:lang="fr">Alagoas</common:Name>
                    <structure:Parent>
                        <Ref id="BRA"/>
                    </structure:Parent>
                </structure:Code>
                <structure:Code id="BR09">
                    <common:Annotations>
                        <common:Annotation>
                            <common:AnnotationType>ORDER</common:AnnotationType>
                            <common:AnnotationText xml:lang="en">29750</common:AnnotationText>
                            <common:AnnotationText xml:lang="fr">29750</common:AnnotationText>
                        </common:Annotation>
                    </common:Annotations>
                    <common:Name xml:lang="en">Bahia</common:Name>
                    <common:Name xml:lang="fr">Bahia</common:Name>
                    <structure:Parent>
                        <Ref id="BRA"/>
                    </structure:Parent>
                </structure:Code>
                <structure:Code id="BR10">
                    <common:Annotations>
                        <common:Annotation>
                            <common:AnnotationType>ORDER</common:AnnotationType>
                            <common:AnnotationText xml:lang="en">29760</common:AnnotationText>
                            <common:AnnotationText xml:lang="fr">29760</common:AnnotationText>
                        </common:Annotation>
                    </common:Annotations>
                    <common:Name xml:lang="en">Ceará</common:Name>
                    <common:Name xml:lang="fr">Ceará</common:Name>
                    <structure:Parent>
                        <Ref id="BRA"/>
                    </structure:Parent>
                </structure:Code>
                <structure:Code id="BR11">
                    <common:Annotations>
                        <common:Annotation>
                            <common:AnnotationType>ORDER</common:AnnotationType>
                            <common:AnnotationText xml:lang="en">29770</common:AnnotationText>
                            <common:AnnotationText xml:lang="fr">29770</common:AnnotationText>
                        </common:Annotation>
                    </common:Annotations>
                    <common:Name xml:lang="en">Maranhão</common:Name>
                    <common:Name xml:lang="fr">Maranhão</common:Name>
                    <structure:Parent>
                        <Ref id="BRA"/>
                    </structure:Parent>
                </structure:Code>
                <structure:Code id="BR12">
                    <common:Annotations>
                        <common:Annotation>
                            <common:AnnotationType>ORDER</common:AnnotationType>
                            <common:AnnotationText xml:lang="en">29780</common:AnnotationText>
                            <common:AnnotationText xml:lang="fr">29780</common:AnnotationText>
                        </common:Annotation>
                    </common:Annotations>
                    <common:Name xml:lang="en">Paraíba</common:Name>
                    <common:Name xml:lang="fr">Paraíba</common:Name>
                    <structure:Parent>
                        <Ref id="BRA"/>
                    </structure:Parent>
                </structure:Code>
                <structure:Code id="BR13">
                    <common:Annotations>
                        <common:Annotation>
                            <common:AnnotationType>ORDER</common:AnnotationType>
                            <common:AnnotationText xml:lang="en">29790</common:AnnotationText>
                            <common:AnnotationText xml:lang="fr">29790</common:AnnotationText>
                        </common:Annotation>
                    </common:Annotations>
                    <common:Name xml:lang="en">Pernambuco</common:Name>
                    <common:Name xml:lang="fr">Pernambuco</common:Name>
                    <structure:Parent>
                        <Ref id="BRA"/>
                    </structure:Parent>
                </structure:Code>
                <structure:Code id="BR14">
                    <common:Annotations>
                        <common:Annotation>
                            <common:AnnotationType>ORDER</common:AnnotationType>
                            <common:AnnotationText xml:lang="en">29800</common:AnnotationText>
                            <common:AnnotationText xml:lang="fr">29800</common:AnnotationText>
                        </common:Annotation>
                    </common:Annotations>
                    <common:Name xml:lang="en">Piauí</common:Name>
                    <common:Name xml:lang="fr">Piauí</common:Name>
                    <structure:Parent>
                        <Ref id="BRA"/>
                    </structure:Parent>
                </structure:Code>
                <structure:Code id="BR15">
                    <common:Annotations>
                        <common:Annotation>
                            <common:AnnotationType>ORDER</common:AnnotationType>
                            <common:AnnotationText xml:lang="en">29810</common:AnnotationText>
                            <common:AnnotationText xml:lang="fr">29810</common:AnnotationText>
                        </common:Annotation>
                    </common:Annotations>
                    <common:Name xml:lang="en">Rio Grande Do Norte</common:Name>
                    <common:Name xml:lang="fr">Rio Grande Do Norte</common:Name>
                    <structure:Parent>
                        <Ref id="BRA"/>
                    </structure:Parent>
                </structure:Code>
                <structure:Code id="BR16">
                    <common:Annotations>
                        <common:Annotation>
                            <common:AnnotationType>ORDER</common:AnnotationType>
                            <common:AnnotationText xml:lang="en">29820</common:AnnotationText>
                            <common:AnnotationText xml:lang="fr">29820</common:AnnotationText>
                        </common:Annotation>
                    </common:Annotations>
                    <common:Name xml:lang="en">Sergipe</common:Name>
                    <common:Name xml:lang="fr">Sergipe</common:Name>
                    <structure:Parent>
                        <Ref id="BRA"/>
                    </structure:Parent>
                </structure:Code>
                <structure:Code id="BR17">
                    <common:Annotations>
                        <common:Annotation>
                            <common:AnnotationType>ORDER</common:AnnotationType>
                            <common:AnnotationText xml:lang="en">29830</common:AnnotationText>
                            <common:AnnotationText xml:lang="fr">29830</common:AnnotationText>
                        </common:Annotation>
                    </common:Annotations>
                    <common:Name xml:lang="en">Espírito Santo</common:Name>
                    <common:Name xml:lang="fr">Espírito Santo</common:Name>
                    <structure:Parent>
                        <Ref id="BRA"/>
                    </structure:Parent>
                </structure:Code>
                <structure:Code id="BR18">
                    <common:Annotations>
                        <common:Annotation>
                            <common:AnnotationType>ORDER</common:AnnotationType>
                            <common:AnnotationText xml:lang="en">29840</common:AnnotationText>
                            <common:AnnotationText xml:lang="fr">29840</common:AnnotationText>
                        </common:Annotation>
                    </common:Annotations>
                    <common:Name xml:lang="en">Minas Gerais</common:Name>
                    <common:Name xml:lang="fr">Minas Gerais</common:Name>
                    <structure:Parent>
                        <Ref id="BRA"/>
                    </structure:Parent>
                </structure:Code>
                <structure:Code id="BR19">
                    <common:Annotations>
                        <common:Annotation>
                            <common:AnnotationType>ORDER</common:AnnotationType>
                            <common:AnnotationText xml:lang="en">29850</common:AnnotationText>
                            <common:AnnotationText xml:lang="fr">29850</common:AnnotationText>
                        </common:Annotation>
                    </common:Annotations>
                    <common:Name xml:lang="en">Rio De Janeiro</common:Name>
                    <common:Name xml:lang="fr">Rio De Janeiro</common:Name>
                    <structure:Parent>
                        <Ref id="BRA"/>
                    </structure:Parent>
                </structure:Code>
                <structure:Code id="BR20">
                    <common:Annotations>
                        <common:Annotation>
                            <common:AnnotationType>ORDER</common:AnnotationType>
                            <common:AnnotationText xml:lang="en">29860</common:AnnotationText>
                            <common:AnnotationText xml:lang="fr">29860</common:AnnotationText>
                        </common:Annotation>
                    </common:Annotations>
                    <common:Name xml:lang="en">São Paulo</common:Name>
                    <common:Name xml:lang="fr">São Paulo</common:Name>
                    <structure:Parent>
                        <Ref id="BRA"/>
                    </structure:Parent>
                </structure:Code>
                <structure:Code id="BR21">
                    <common:Annotations>
                        <common:Annotation>
                            <common:AnnotationType>ORDER</common:AnnotationType>
                            <common:AnnotationText xml:lang="en">29870</common:AnnotationText>
                            <common:AnnotationText xml:lang="fr">29870</common:AnnotationText>
                        </common:Annotation>
                    </common:Annotations>
                    <common:Name xml:lang="en">Paraná</common:Name>
                    <common:Name xml:lang="fr">Paraná</common:Name>
                    <structure:Parent>
                        <Ref id="BRA"/>
                    </structure:Parent>
                </structure:Code>
                <structure:Code id="BR22">
                    <common:Annotations>
                        <common:Annotation>
                            <common:AnnotationType>ORDER</common:AnnotationType>
                            <common:AnnotationText xml:lang="en">29880</common:AnnotationText>
                            <common:AnnotationText xml:lang="fr">29880</common:AnnotationText>
                        </common:Annotation>
                    </common:Annotations>
                    <common:Name xml:lang="en">Rio Grande Do Sul</common:Name>
                    <common:Name xml:lang="fr">Rio Grande Do Sul</common:Name>
                    <structure:Parent>
                        <Ref id="BRA"/>
                    </structure:Parent>
                </structure:Code>
                <structure:Code id="BR23">
                    <common:Annotations>
                        <common:Annotation>
                            <common:AnnotationType>ORDER</common:AnnotationType>
                            <common:AnnotationText xml:lang="en">29890</common:AnnotationText>
                            <common:AnnotationText xml:lang="fr">29890</common:AnnotationText>
                        </common:Annotation>
                    </common:Annotations>
                    <common:Name xml:lang="en">Santa Catarina</common:Name>
                    <common:Name xml:lang="fr">Santa Catarina</common:Name>
                    <structure:Parent>
                        <Ref id="BRA"/>
                    </structure:Parent>
                </structure:Code>
                <structure:Code id="BR24">
                    <common:Annotations>
                        <common:Annotation>
                            <common:AnnotationType>ORDER</common:AnnotationType>
                            <common:AnnotationText xml:lang="en">29900</common:AnnotationText>
                            <common:AnnotationText xml:lang="fr">29900</common:AnnotationText>
                        </common:Annotation>
                    </common:Annotations>
                    <common:Name xml:lang="en">Distrito Federal (BR)</common:Name>
                    <common:Name xml:lang="fr">Distrito Federal (BR)</common:Name>
                    <structure:Parent>
                        <Ref id="BRA"/>
                    </structure:Parent>
                </structure:Code>
                <structure:Code id="BR25">
                    <common:Annotations>
                        <common:Annotation>
                            <common:AnnotationType>ORDER</common:AnnotationType>
                            <common:AnnotationText xml:lang="en">29910</common:AnnotationText>
                            <common:AnnotationText xml:lang="fr">29910</common:AnnotationText>
                        </common:Annotation>
                    </common:Annotations>
                    <common:Name xml:lang="en">Goiás</common:Name>
                    <common:Name xml:lang="fr">Goiás</common:Name>
                    <structure:Parent>
                        <Ref id="BRA"/>
                    </structure:Parent>
                </structure:Code>
                <structure:Code id="BR26">
                    <common:Annotations>
                        <common:Annotation>
                            <common:AnnotationType>ORDER</common:AnnotationType>
                            <common:AnnotationText xml:lang="en">29920</common:AnnotationText>
                            <common:AnnotationText xml:lang="fr">29920</common:AnnotationText>
                        </common:Annotation>
                    </common:Annotations>
                    <common:Name xml:lang="en">Mato Grosso</common:Name>
                    <common:Name xml:lang="fr">Mato Grosso</common:Name>
                    <structure:Parent>
                        <Ref id="BRA"/>
                    </structure:Parent>
                </structure:Code>
                <structure:Code id="BR27">
                    <common:Annotations>
                        <common:Annotation>
                            <common:AnnotationType>ORDER</common:AnnotationType>
                            <common:AnnotationText xml:lang="en">29930</common:AnnotationText>
                            <common:AnnotationText xml:lang="fr">29930</common:AnnotationText>
                        </common:Annotation>
                    </common:Annotations>
                    <common:Name xml:lang="en">Mato Grosso Do Sul</common:Name>
                    <common:Name xml:lang="fr">Mato Grosso Do Sul</common:Name>
                    <structure:Parent>
                        <Ref id="BRA"/>
                    </structure:Parent>
                </structure:Code>
                <structure:Code id="BRN">
                    <common:Annotations>
                        <common:Annotation>
                            <common:AnnotationType>ORDER</common:AnnotationType>
                            <common:AnnotationText xml:lang="en">29940</common:AnnotationText>
                            <common:AnnotationText xml:lang="fr">29940</common:AnnotationText>
                        </common:Annotation>
                    </common:Annotations>
                    <common:Name xml:lang="en">Brunei Darussalam</common:Name>
                    <common:Name xml:lang="fr">Brunei Darussalam</common:Name>
                </structure:Code>
                <structure:Code id="BGR">
                    <common:Annotations>
                        <common:Annotation>
                            <common:AnnotationType>ORDER</common:AnnotationType>
                            <common:AnnotationText xml:lang="en">29950</common:AnnotationText>
                            <common:AnnotationText xml:lang="fr">29950</common:AnnotationText>
                        </common:Annotation>
                    </common:Annotations>
                    <common:Name xml:lang="en">Bulgaria</common:Name>
                    <common:Name xml:lang="fr">Bulgarie</common:Name>
                </structure:Code>
                <structure:Code id="BG31">
                    <common:Annotations>
                        <common:Annotation>
                            <common:AnnotationType>ORDER</common:AnnotationType>
                            <common:AnnotationText xml:lang="en">29960</common:AnnotationText>
                            <common:AnnotationText xml:lang="fr">29960</common:AnnotationText>
                        </common:Annotation>
                    </common:Annotations>
                    <common:Name xml:lang="en">North West</common:Name>
                    <common:Name xml:lang="fr">North West</common:Name>
                    <structure:Parent>
                        <Ref id="BGR"/>
                    </structure:Parent>
                </structure:Code>
                <structure:Code id="BG311">
                    <common:Annotations>
                        <common:Annotation>
                            <common:AnnotationType>ORDER</common:AnnotationType>
                            <common:AnnotationText xml:lang="en">29970</common:AnnotationText>
                            <common:AnnotationText xml:lang="fr">29970</common:AnnotationText>
                        </common:Annotation>
                    </common:Annotations>
                    <common:Name xml:lang="en">Vidin</common:Name>
                    <common:Name xml:lang="fr">Vidin</common:Name>
                    <structure:Parent>
                        <Ref id="BG31"/>
                    </structure:Parent>
                </structure:Code>
                <structure:Code id="BG312">
                    <common:Annotations>
                        <common:Annotation>
                            <common:AnnotationType>ORDER</common:AnnotationType>
                            <common:AnnotationText xml:lang="en">29980</common:AnnotationText>
                            <common:AnnotationText xml:lang="fr">29980</common:AnnotationText>
                        </common:Annotation>
                    </common:Annotations>
                    <common:Name xml:lang="en">Montana (BG)</common:Name>
                    <common:Name xml:lang="fr">Montana (BG)</common:Name>
                    <structure:Parent>
                        <Ref id="BG31"/>
                    </structure:Parent>
                </structure:Code>
                <structure:Code id="BG313">
                    <common:Annotations>
                        <common:Annotation>
                            <common:AnnotationType>ORDER</common:AnnotationType>
                            <common:AnnotationText xml:lang="en">29990</common:AnnotationText>
                            <common:AnnotationText xml:lang="fr">29990</common:AnnotationText>
                        </common:Annotation>
                    </common:Annotations>
                    <common:Name xml:lang="en">Vratsa</common:Name>
                    <common:Name xml:lang="fr">Vratsa</common:Name>
                    <structure:Parent>
                        <Ref id="BG31"/>
                    </structure:Parent>
                </structure:Code>
                <structure:Code id="BG314">
                    <common:Annotations>
                        <common:Annotation>
                            <common:AnnotationType>ORDER</common:AnnotationType>
                            <common:AnnotationText xml:lang="en">30000</common:AnnotationText>
                            <common:AnnotationText xml:lang="fr">30000</common:AnnotationText>
                        </common:Annotation>
                    </common:Annotations>
                    <common:Name xml:lang="en">Pleven</common:Name>
                    <common:Name xml:lang="fr">Pleven</common:Name>
                    <structure:Parent>
                        <Ref id="BG31"/>
                    </structure:Parent>
                </structure:Code>
                <structure:Code id="BG315">
                    <common:Annotations>
                        <common:Annotation>
                            <common:AnnotationType>ORDER</common:AnnotationType>
                            <common:AnnotationText xml:lang="en">30010</common:AnnotationText>
                            <common:AnnotationText xml:lang="fr">30010</common:AnnotationText>
                        </common:Annotation>
                    </common:Annotations>
                    <common:Name xml:lang="en">Lovech</common:Name>
                    <common:Name xml:lang="fr">Lovech</common:Name>
                    <structure:Parent>
                        <Ref id="BG31"/>
                    </structure:Parent>
                </structure:Code>
                <structure:Code id="BG32">
                    <common:Annotations>
                        <common:Annotation>
                            <common:AnnotationType>ORDER</common:AnnotationType>
                            <common:AnnotationText xml:lang="en">30020</common:AnnotationText>
                            <common:AnnotationText xml:lang="fr">30020</common:AnnotationText>
                        </common:Annotation>
                    </common:Annotations>
                    <common:Name xml:lang="en">North Central</common:Name>
                    <common:Name xml:lang="fr">North Central</common:Name>
                    <structure:Parent>
                        <Ref id="BGR"/>
                    </structure:Parent>
                </structure:Code>
                <structure:Code id="BG321">
                    <common:Annotations>
                        <common:Annotation>
                            <common:AnnotationType>ORDER</common:AnnotationType>
                            <common:AnnotationText xml:lang="en">30030</common:AnnotationText>
                            <common:AnnotationText xml:lang="fr">30030</common:AnnotationText>
                        </common:Annotation>
                    </common:Annotations>
                    <common:Name xml:lang="en">Veliko Tarnovo</common:Name>
                    <common:Name xml:lang="fr">Veliko Tarnovo</common:Name>
                    <structure:Parent>
                        <Ref id="BG32"/>
                    </structure:Parent>
                </structure:Code>
                <structure:Code id="BG322">
                    <common:Annotations>
                        <common:Annotation>
                            <common:AnnotationType>ORDER</common:AnnotationType>
                            <common:AnnotationText xml:lang="en">30040</common:AnnotationText>
                            <common:AnnotationText xml:lang="fr">30040</common:AnnotationText>
                        </common:Annotation>
                    </common:Annotations>
                    <common:Name xml:lang="en">Gabrovo</common:Name>
                    <common:Name xml:lang="fr">Gabrovo</common:Name>
                    <structure:Parent>
                        <Ref id="BG32"/>
                    </structure:Parent>
                </structure:Code>
                <structure:Code id="BG323">
                    <common:Annotations>
                        <common:Annotation>
                            <common:AnnotationType>ORDER</common:AnnotationType>
                            <common:AnnotationText xml:lang="en">30050</common:AnnotationText>
                            <common:AnnotationText xml:lang="fr">30050</common:AnnotationText>
                        </common:Annotation>
                    </common:Annotations>
                    <common:Name xml:lang="en">Ruse</common:Name>
                    <common:Name xml:lang="fr">Ruse</common:Name>
                    <structure:Parent>
                        <Ref id="BG32"/>
                    </structure:Parent>
                </structure:Code>
                <structure:Code id="BG324">
                    <common:Annotations>
                        <common:Annotation>
                            <common:AnnotationType>ORDER</common:AnnotationType>
                            <common:AnnotationText xml:lang="en">30060</common:AnnotationText>
                            <common:AnnotationText xml:lang="fr">30060</common:AnnotationText>
                        </common:Annotation>
                    </common:Annotations>
                    <common:Name xml:lang="en">Razgrad</common:Name>
                    <common:Name xml:lang="fr">Razgrad</common:Name>
                    <structure:Parent>
                        <Ref id="BG32"/>
                    </structure:Parent>
                </structure:Code>
                <structure:Code id="BG325">
                    <common:Annotations>
                        <common:Annotation>
                            <common:AnnotationType>ORDER</common:AnnotationType>
                            <common:AnnotationText xml:lang="en">30070</common:AnnotationText>
                            <common:AnnotationText xml:lang="fr">30070</common:AnnotationText>
                        </common:Annotation>
                    </common:Annotations>
                    <common:Name xml:lang="en">Silistra</common:Name>
                    <common:Name xml:lang="fr">Silistra</common:Name>
                    <structure:Parent>
                        <Ref id="BG32"/>
                    </structure:Parent>
                </structure:Code>
                <structure:Code id="BG33">
                    <common:Annotations>
                        <common:Annotation>
                            <common:AnnotationType>ORDER</common:AnnotationType>
                            <common:AnnotationText xml:lang="en">30080</common:AnnotationText>
                            <common:AnnotationText xml:lang="fr">30080</common:AnnotationText>
                        </common:Annotation>
                    </common:Annotations>
                    <common:Name xml:lang="en">North East</common:Name>
                    <common:Name xml:lang="fr">North East</common:Name>
                    <structure:Parent>
                        <Ref id="BGR"/>
                    </structure:Parent>
                </structure:Code>
                <structure:Code id="BG331">
                    <common:Annotations>
                        <common:Annotation>
                            <common:AnnotationType>ORDER</common:AnnotationType>
                            <common:AnnotationText xml:lang="en">30090</common:AnnotationText>
                            <common:AnnotationText xml:lang="fr">30090</common:AnnotationText>
                        </common:Annotation>
                    </common:Annotations>
                    <common:Name xml:lang="en">Varna</common:Name>
                    <common:Name xml:lang="fr">Varna</common:Name>
                    <structure:Parent>
                        <Ref id="BG33"/>
                    </structure:Parent>
                </structure:Code>
                <structure:Code id="BG332">
                    <common:Annotations>
                        <common:Annotation>
                            <common:AnnotationType>ORDER</common:AnnotationType>
                            <common:AnnotationText xml:lang="en">30100</common:AnnotationText>
                            <common:AnnotationText xml:lang="fr">30100</common:AnnotationText>
                        </common:Annotation>
                    </common:Annotations>
                    <common:Name xml:lang="en">Dobrich</common:Name>
                    <common:Name xml:lang="fr">Dobrich</common:Name>
                    <structure:Parent>
                        <Ref id="BG33"/>
                    </structure:Parent>
                </structure:Code>
                <structure:Code id="BG333">
                    <common:Annotations>
                        <common:Annotation>
                            <common:AnnotationType>ORDER</common:AnnotationType>
                            <common:AnnotationText xml:lang="en">30110</common:AnnotationText>
                            <common:AnnotationText xml:lang="fr">30110</common:AnnotationText>
                        </common:Annotation>
                    </common:Annotations>
                    <common:Name xml:lang="en">Shumen</common:Name>
                    <common:Name xml:lang="fr">Shumen</common:Name>
                    <structure:Parent>
                        <Ref id="BG33"/>
                    </structure:Parent>
                </structure:Code>
                <structure:Code id="BG334">
                    <common:Annotations>
                        <common:Annotation>
                            <common:AnnotationType>ORDER</common:AnnotationType>
                            <common:AnnotationText xml:lang="en">30120</common:AnnotationText>
                            <common:AnnotationText xml:lang="fr">30120</common:AnnotationText>
                        </common:Annotation>
                    </common:Annotations>
                    <common:Name xml:lang="en">Targovishte</common:Name>
                    <common:Name xml:lang="fr">Targovishte</common:Name>
                    <structure:Parent>
                        <Ref id="BG33"/>
                    </structure:Parent>
                </structure:Code>
                <structure:Code id="BG34">
                    <common:Annotations>
                        <common:Annotation>
                            <common:AnnotationType>ORDER</common:AnnotationType>
                            <common:AnnotationText xml:lang="en">30130</common:AnnotationText>
                            <common:AnnotationText xml:lang="fr">30130</common:AnnotationText>
                        </common:Annotation>
                    </common:Annotations>
                    <common:Name xml:lang="en">South East</common:Name>
                    <common:Name xml:lang="fr">South East</common:Name>
                    <structure:Parent>
                        <Ref id="BGR"/>
                    </structure:Parent>
                </structure:Code>
                <structure:Code id="BG341">
                    <common:Annotations>
                        <common:Annotation>
                            <common:AnnotationType>ORDER</common:AnnotationType>
                            <common:AnnotationText xml:lang="en">30140</common:AnnotationText>
                            <common:AnnotationText xml:lang="fr">30140</common:AnnotationText>
                        </common:Annotation>
                    </common:Annotations>
                    <common:Name xml:lang="en">Burgas</common:Name>
                    <common:Name xml:lang="fr">Burgas</common:Name>
                    <structure:Parent>
                        <Ref id="BG34"/>
                    </structure:Parent>
                </structure:Code>
                <structure:Code id="BG342">
                    <common:Annotations>
                        <common:Annotation>
                            <common:AnnotationType>ORDER</common:AnnotationType>
                            <common:AnnotationText xml:lang="en">30150</common:AnnotationText>
                            <common:AnnotationText xml:lang="fr">30150</common:AnnotationText>
                        </common:Annotation>
                    </common:Annotations>
                    <common:Name xml:lang="en">Sliven</common:Name>
                    <common:Name xml:lang="fr">Sliven</common:Name>
                    <structure:Parent>
                        <Ref id="BG34"/>
                    </structure:Parent>
                </structure:Code>
                <structure:Code id="BG343">
                    <common:Annotations>
                        <common:Annotation>
                            <common:AnnotationType>ORDER</common:AnnotationType>
                            <common:AnnotationText xml:lang="en">30160</common:AnnotationText>
                            <common:AnnotationText xml:lang="fr">30160</common:AnnotationText>
                        </common:Annotation>
                    </common:Annotations>
                    <common:Name xml:lang="en">Yambol</common:Name>
                    <common:Name xml:lang="fr">Yambol</common:Name>
                    <structure:Parent>
                        <Ref id="BG34"/>
                    </structure:Parent>
                </structure:Code>
                <structure:Code id="BG344">
                    <common:Annotations>
                        <common:Annotation>
                            <common:AnnotationType>ORDER</common:AnnotationType>
                            <common:AnnotationText xml:lang="en">30170</common:AnnotationText>
                            <common:AnnotationText xml:lang="fr">30170</common:AnnotationText>
                        </common:Annotation>
                    </common:Annotations>
                    <common:Name xml:lang="en">Starazagora</common:Name>
                    <common:Name xml:lang="fr">Starazagora</common:Name>
                    <structure:Parent>
                        <Ref id="BG34"/>
                    </structure:Parent>
                </structure:Code>
                <structure:Code id="BG41">
                    <common:Annotations>
                        <common:Annotation>
                            <common:AnnotationType>ORDER</common:AnnotationType>
                            <common:AnnotationText xml:lang="en">30180</common:AnnotationText>
                            <common:AnnotationText xml:lang="fr">30180</common:AnnotationText>
                        </common:Annotation>
                    </common:Annotations>
                    <common:Name xml:lang="en">South West</common:Name>
                    <common:Name xml:lang="fr">South West</common:Name>
                    <structure:Parent>
                        <Ref id="BGR"/>
                    </structure:Parent>
                </structure:Code>
                <structure:Code id="BG411">
                    <common:Annotations>
                        <common:Annotation>
                            <common:AnnotationType>ORDER</common:AnnotationType>
                            <common:AnnotationText xml:lang="en">30190</common:AnnotationText>
                            <common:AnnotationText xml:lang="fr">30190</common:AnnotationText>
                        </common:Annotation>
                    </common:Annotations>
                    <common:Name xml:lang="en">Sofia (Stolitsa)</common:Name>
                    <common:Name xml:lang="fr">Sofia (Stolitsa)</common:Name>
                    <structure:Parent>
                        <Ref id="BG41"/>
                    </structure:Parent>
                </structure:Code>
                <structure:Code id="BG412">
                    <common:Annotations>
                        <common:Annotation>
                            <common:AnnotationType>ORDER</common:AnnotationType>
                            <common:AnnotationText xml:lang="en">30200</common:AnnotationText>
                            <common:AnnotationText xml:lang="fr">30200</common:AnnotationText>
                        </common:Annotation>
                    </common:Annotations>
                    <common:Name xml:lang="en">Sofia</common:Name>
                    <common:Name xml:lang="fr">Sofia</common:Name>
                    <structure:Parent>
                        <Ref id="BG41"/>
                    </structure:Parent>
                </structure:Code>
                <structure:Code id="BG413">
                    <common:Annotations>
                        <common:Annotation>
                            <common:AnnotationType>ORDER</common:AnnotationType>
                            <common:AnnotationText xml:lang="en">30210</common:AnnotationText>
                            <common:AnnotationText xml:lang="fr">30210</common:AnnotationText>
                        </common:Annotation>
                    </common:Annotations>
                    <common:Name xml:lang="en">Blagoevgrad</common:Name>
                    <common:Name xml:lang="fr">Blagoevgrad</common:Name>
                    <structure:Parent>
                        <Ref id="BG41"/>
                    </structure:Parent>
                </structure:Code>
                <structure:Code id="BG414">
                    <common:Annotations>
                        <common:Annotation>
                            <common:AnnotationType>ORDER</common:AnnotationType>
                            <common:AnnotationText xml:lang="en">30220</common:AnnotationText>
                            <common:AnnotationText xml:lang="fr">30220</common:AnnotationText>
                        </common:Annotation>
                    </common:Annotations>
                    <common:Name xml:lang="en">Pernik</common:Name>
                    <common:Name xml:lang="fr">Pernik</common:Name>
                    <structure:Parent>
                        <Ref id="BG41"/>
                    </structure:Parent>
                </structure:Code>
                <structure:Code id="BG415">
                    <common:Annotations>
                        <common:Annotation>
                            <common:AnnotationType>ORDER</common:AnnotationType>
                            <common:AnnotationText xml:lang="en">30230</common:AnnotationText>
                            <common:AnnotationText xml:lang="fr">30230</common:AnnotationText>
                        </common:Annotation>
                    </common:Annotations>
                    <common:Name xml:lang="en">Kyustendil</common:Name>
                    <common:Name xml:lang="fr">Kyustendil</common:Name>
                    <structure:Parent>
                        <Ref id="BG41"/>
                    </structure:Parent>
                </structure:Code>
                <structure:Code id="BG42">
                    <common:Annotations>
                        <common:Annotation>
                            <common:AnnotationType>ORDER</common:AnnotationType>
                            <common:AnnotationText xml:lang="en">30240</common:AnnotationText>
                            <common:AnnotationText xml:lang="fr">30240</common:AnnotationText>
                        </common:Annotation>
                    </common:Annotations>
                    <common:Name xml:lang="en">South Central</common:Name>
                    <common:Name xml:lang="fr">South Central</common:Name>
                    <structure:Parent>
                        <Ref id="BGR"/>
                    </structure:Parent>
                </structure:Code>
                <structure:Code id="BG421">
                    <common:Annotations>
                        <common:Annotation>
                            <common:AnnotationType>ORDER</common:AnnotationType>
                            <common:AnnotationText xml:lang="en">30250</common:AnnotationText>
                            <common:AnnotationText xml:lang="fr">30250</common:AnnotationText>
                        </common:Annotation>
                    </common:Annotations>
                    <common:Name xml:lang="en">Plovdiv</common:Name>
                    <common:Name xml:lang="fr">Plovdiv</common:Name>
                    <structure:Parent>
                        <Ref id="BG42"/>
                    </structure:Parent>
                </structure:Code>
                <structure:Code id="BG422">
                    <common:Annotations>
                        <common:Annotation>
                            <common:AnnotationType>ORDER</common:AnnotationType>
                            <common:AnnotationText xml:lang="en">30260</common:AnnotationText>
                            <common:AnnotationText xml:lang="fr">30260</common:AnnotationText>
                        </common:Annotation>
                    </common:Annotations>
                    <common:Name xml:lang="en">Haskovo</common:Name>
                    <common:Name xml:lang="fr">Haskovo</common:Name>
                    <structure:Parent>
                        <Ref id="BG42"/>
                    </structure:Parent>
                </structure:Code>
                <structure:Code id="BG423">
                    <common:Annotations>
                        <common:Annotation>
                            <common:AnnotationType>ORDER</common:AnnotationType>
                            <common:AnnotationText xml:lang="en">30270</common:AnnotationText>
                            <common:AnnotationText xml:lang="fr">30270</common:AnnotationText>
                        </common:Annotation>
                    </common:Annotations>
                    <common:Name xml:lang="en">Pazardzhik</common:Name>
                    <common:Name xml:lang="fr">Pazardzhik</common:Name>
                    <structure:Parent>
                        <Ref id="BG42"/>
                    </structure:Parent>
                </structure:Code>
                <structure:Code id="BG424">
                    <common:Annotations>
                        <common:Annotation>
                            <common:AnnotationType>ORDER</common:AnnotationType>
                            <common:AnnotationText xml:lang="en">30280</common:AnnotationText>
                            <common:AnnotationText xml:lang="fr">30280</common:AnnotationText>
                        </common:Annotation>
                    </common:Annotations>
                    <common:Name xml:lang="en">Smolyan</common:Name>
                    <common:Name xml:lang="fr">Smolyan</common:Name>
                    <structure:Parent>
                        <Ref id="BG42"/>
                    </structure:Parent>
                </structure:Code>
                <structure:Code id="BG425">
                    <common:Annotations>
                        <common:Annotation>
                            <common:AnnotationType>ORDER</common:AnnotationType>
                            <common:AnnotationText xml:lang="en">30290</common:AnnotationText>
                            <common:AnnotationText xml:lang="fr">30290</common:AnnotationText>
                        </common:Annotation>
                    </common:Annotations>
                    <common:Name xml:lang="en">Kardzhali</common:Name>
                    <common:Name xml:lang="fr">Kardzhali</common:Name>
                    <structure:Parent>
                        <Ref id="BG42"/>
                    </structure:Parent>
                </structure:Code>
                <structure:Code id="BFA">
                    <common:Annotations>
                        <common:Annotation>
                            <common:AnnotationType>ORDER</common:AnnotationType>
                            <common:AnnotationText xml:lang="en">30300</common:AnnotationText>
                            <common:AnnotationText xml:lang="fr">30300</common:AnnotationText>
                        </common:Annotation>
                    </common:Annotations>
                    <common:Name xml:lang="en">Burkina Faso</common:Name>
                    <common:Name xml:lang="fr">Burkina Faso</common:Name>
                </structure:Code>
                <structure:Code id="BDI">
                    <common:Annotations>
                        <common:Annotation>
                            <common:AnnotationType>ORDER</common:AnnotationType>
                            <common:AnnotationText xml:lang="en">30310</common:AnnotationText>
                            <common:AnnotationText xml:lang="fr">30310</common:AnnotationText>
                        </common:Annotation>
                    </common:Annotations>
                    <common:Name xml:lang="en">Burundi</common:Name>
                    <common:Name xml:lang="fr">Burundi</common:Name>
                </structure:Code>
                <structure:Code id="CPV">
                    <common:Annotations>
                        <common:Annotation>
                            <common:AnnotationType>ORDER</common:AnnotationType>
                            <common:AnnotationText xml:lang="en">30320</common:AnnotationText>
                            <common:AnnotationText xml:lang="fr">30320</common:AnnotationText>
                        </common:Annotation>
                    </common:Annotations>
                    <common:Name xml:lang="en">Cabo Verde</common:Name>
                    <common:Name xml:lang="fr">Cabo Verde</common:Name>
                </structure:Code>
                <structure:Code id="KHM">
                    <common:Annotations>
                        <common:Annotation>
                            <common:AnnotationType>ORDER</common:AnnotationType>
                            <common:AnnotationText xml:lang="en">30330</common:AnnotationText>
                            <common:AnnotationText xml:lang="fr">30330</common:AnnotationText>
                        </common:Annotation>
                    </common:Annotations>
                    <common:Name xml:lang="en">Cambodia</common:Name>
                    <common:Name xml:lang="fr">Cambodge</common:Name>
                </structure:Code>
                <structure:Code id="CMR">
                    <common:Annotations>
                        <common:Annotation>
                            <common:AnnotationType>ORDER</common:AnnotationType>
                            <common:AnnotationText xml:lang="en">30340</common:AnnotationText>
                            <common:AnnotationText xml:lang="fr">30340</common:AnnotationText>
                        </common:Annotation>
                    </common:Annotations>
                    <common:Name xml:lang="en">Cameroon</common:Name>
                    <common:Name xml:lang="fr">Cameroun</common:Name>
                </structure:Code>
                <structure:Code id="CAF">
                    <common:Annotations>
                        <common:Annotation>
                            <common:AnnotationType>ORDER</common:AnnotationType>
                            <common:AnnotationText xml:lang="en">30350</common:AnnotationText>
                            <common:AnnotationText xml:lang="fr">30350</common:AnnotationText>
                        </common:Annotation>
                    </common:Annotations>
                    <common:Name xml:lang="en">Central African Republic</common:Name>
                    <common:Name xml:lang="fr">République centrafricaine</common:Name>
                </structure:Code>
                <structure:Code id="TCD">
                    <common:Annotations>
                        <common:Annotation>
                            <common:AnnotationType>ORDER</common:AnnotationType>
                            <common:AnnotationText xml:lang="en">30360</common:AnnotationText>
                            <common:AnnotationText xml:lang="fr">30360</common:AnnotationText>
                        </common:Annotation>
                    </common:Annotations>
                    <common:Name xml:lang="en">Chad</common:Name>
                    <common:Name xml:lang="fr">Tchad</common:Name>
                </structure:Code>
                <structure:Code id="CHN">
                    <common:Annotations>
                        <common:Annotation>
                            <common:AnnotationType>ORDER</common:AnnotationType>
                            <common:AnnotationText xml:lang="en">30370</common:AnnotationText>
                            <common:AnnotationText xml:lang="fr">30370</common:AnnotationText>
                        </common:Annotation>
                    </common:Annotations>
                    <common:Name xml:lang="en">China (People’s Republic of)</common:Name>
                    <common:Name xml:lang="fr">Chine (République populaire de)</common:Name>
                </structure:Code>
                <structure:Code id="CN01">
                    <common:Annotations>
                        <common:Annotation>
                            <common:AnnotationType>ORDER</common:AnnotationType>
                            <common:AnnotationText xml:lang="en">30380</common:AnnotationText>
                            <common:AnnotationText xml:lang="fr">30380</common:AnnotationText>
                        </common:Annotation>
                    </common:Annotations>
                    <common:Name xml:lang="en">Beijing</common:Name>
                    <common:Name xml:lang="fr">Beijing</common:Name>
                    <structure:Parent>
                        <Ref id="CHN"/>
                    </structure:Parent>
                </structure:Code>
                <structure:Code id="CN02">
                    <common:Annotations>
                        <common:Annotation>
                            <common:AnnotationType>ORDER</common:AnnotationType>
                            <common:AnnotationText xml:lang="en">30390</common:AnnotationText>
                            <common:AnnotationText xml:lang="fr">30390</common:AnnotationText>
                        </common:Annotation>
                    </common:Annotations>
                    <common:Name xml:lang="en">Tianjin</common:Name>
                    <common:Name xml:lang="fr">Tianjin</common:Name>
                    <structure:Parent>
                        <Ref id="CHN"/>
                    </structure:Parent>
                </structure:Code>
                <structure:Code id="CN03">
                    <common:Annotations>
                        <common:Annotation>
                            <common:AnnotationType>ORDER</common:AnnotationType>
                            <common:AnnotationText xml:lang="en">30400</common:AnnotationText>
                            <common:AnnotationText xml:lang="fr">30400</common:AnnotationText>
                        </common:Annotation>
                    </common:Annotations>
                    <common:Name xml:lang="en">Hebei</common:Name>
                    <common:Name xml:lang="fr">Hebei</common:Name>
                    <structure:Parent>
                        <Ref id="CHN"/>
                    </structure:Parent>
                </structure:Code>
                <structure:Code id="CN04">
                    <common:Annotations>
                        <common:Annotation>
                            <common:AnnotationType>ORDER</common:AnnotationType>
                            <common:AnnotationText xml:lang="en">30410</common:AnnotationText>
                            <common:AnnotationText xml:lang="fr">30410</common:AnnotationText>
                        </common:Annotation>
                    </common:Annotations>
                    <common:Name xml:lang="en">Shanxi</common:Name>
                    <common:Name xml:lang="fr">Shanxi</common:Name>
                    <structure:Parent>
                        <Ref id="CHN"/>
                    </structure:Parent>
                </structure:Code>
                <structure:Code id="CN05">
                    <common:Annotations>
                        <common:Annotation>
                            <common:AnnotationType>ORDER</common:AnnotationType>
                            <common:AnnotationText xml:lang="en">30420</common:AnnotationText>
                            <common:AnnotationText xml:lang="fr">30420</common:AnnotationText>
                        </common:Annotation>
                    </common:Annotations>
                    <common:Name xml:lang="en">Inner Mongolia</common:Name>
                    <common:Name xml:lang="fr">Inner Mongolia</common:Name>
                    <structure:Parent>
                        <Ref id="CHN"/>
                    </structure:Parent>
                </structure:Code>
                <structure:Code id="CN06">
                    <common:Annotations>
                        <common:Annotation>
                            <common:AnnotationType>ORDER</common:AnnotationType>
                            <common:AnnotationText xml:lang="en">30430</common:AnnotationText>
                            <common:AnnotationText xml:lang="fr">30430</common:AnnotationText>
                        </common:Annotation>
                    </common:Annotations>
                    <common:Name xml:lang="en">Liaoning</common:Name>
                    <common:Name xml:lang="fr">Liaoning</common:Name>
                    <structure:Parent>
                        <Ref id="CHN"/>
                    </structure:Parent>
                </structure:Code>
                <structure:Code id="CN07">
                    <common:Annotations>
                        <common:Annotation>
                            <common:AnnotationType>ORDER</common:AnnotationType>
                            <common:AnnotationText xml:lang="en">30440</common:AnnotationText>
                            <common:AnnotationText xml:lang="fr">30440</common:AnnotationText>
                        </common:Annotation>
                    </common:Annotations>
                    <common:Name xml:lang="en">Jilin</common:Name>
                    <common:Name xml:lang="fr">Jilin</common:Name>
                    <structure:Parent>
                        <Ref id="CHN"/>
                    </structure:Parent>
                </structure:Code>
                <structure:Code id="CN08">
                    <common:Annotations>
                        <common:Annotation>
                            <common:AnnotationType>ORDER</common:AnnotationType>
                            <common:AnnotationText xml:lang="en">30450</common:AnnotationText>
                            <common:AnnotationText xml:lang="fr">30450</common:AnnotationText>
                        </common:Annotation>
                    </common:Annotations>
                    <common:Name xml:lang="en">Heilongjiang</common:Name>
                    <common:Name xml:lang="fr">Heilongjiang</common:Name>
                    <structure:Parent>
                        <Ref id="CHN"/>
                    </structure:Parent>
                </structure:Code>
                <structure:Code id="CN09">
                    <common:Annotations>
                        <common:Annotation>
                            <common:AnnotationType>ORDER</common:AnnotationType>
                            <common:AnnotationText xml:lang="en">30460</common:AnnotationText>
                            <common:AnnotationText xml:lang="fr">30460</common:AnnotationText>
                        </common:Annotation>
                    </common:Annotations>
                    <common:Name xml:lang="en">Shanghai</common:Name>
                    <common:Name xml:lang="fr">Shanghai</common:Name>
                    <structure:Parent>
                        <Ref id="CHN"/>
                    </structure:Parent>
                </structure:Code>
                <structure:Code id="CN10">
                    <common:Annotations>
                        <common:Annotation>
                            <common:AnnotationType>ORDER</common:AnnotationType>
                            <common:AnnotationText xml:lang="en">30470</common:AnnotationText>
                            <common:AnnotationText xml:lang="fr">30470</common:AnnotationText>
                        </common:Annotation>
                    </common:Annotations>
                    <common:Name xml:lang="en">Jiangsu</common:Name>
                    <common:Name xml:lang="fr">Jiangsu</common:Name>
                    <structure:Parent>
                        <Ref id="CHN"/>
                    </structure:Parent>
                </structure:Code>
                <structure:Code id="CN11">
                    <common:Annotations>
                        <common:Annotation>
                            <common:AnnotationType>ORDER</common:AnnotationType>
                            <common:AnnotationText xml:lang="en">30480</common:AnnotationText>
                            <common:AnnotationText xml:lang="fr">30480</common:AnnotationText>
                        </common:Annotation>
                    </common:Annotations>
                    <common:Name xml:lang="en">Zhejiang</common:Name>
                    <common:Name xml:lang="fr">Zhejiang</common:Name>
                    <structure:Parent>
                        <Ref id="CHN"/>
                    </structure:Parent>
                </structure:Code>
                <structure:Code id="CN12">
                    <common:Annotations>
                        <common:Annotation>
                            <common:AnnotationType>ORDER</common:AnnotationType>
                            <common:AnnotationText xml:lang="en">30490</common:AnnotationText>
                            <common:AnnotationText xml:lang="fr">30490</common:AnnotationText>
                        </common:Annotation>
                    </common:Annotations>
                    <common:Name xml:lang="en">Anhui</common:Name>
                    <common:Name xml:lang="fr">Anhui</common:Name>
                    <structure:Parent>
                        <Ref id="CHN"/>
                    </structure:Parent>
                </structure:Code>
                <structure:Code id="CN13">
                    <common:Annotations>
                        <common:Annotation>
                            <common:AnnotationType>ORDER</common:AnnotationType>
                            <common:AnnotationText xml:lang="en">30500</common:AnnotationText>
                            <common:AnnotationText xml:lang="fr">30500</common:AnnotationText>
                        </common:Annotation>
                    </common:Annotations>
                    <common:Name xml:lang="en">Fujian</common:Name>
                    <common:Name xml:lang="fr">Fujian</common:Name>
                    <structure:Parent>
                        <Ref id="CHN"/>
                    </structure:Parent>
                </structure:Code>
                <structure:Code id="CN14">
                    <common:Annotations>
                        <common:Annotation>
                            <common:AnnotationType>ORDER</common:AnnotationType>
                            <common:AnnotationText xml:lang="en">30510</common:AnnotationText>
                            <common:AnnotationText xml:lang="fr">30510</common:AnnotationText>
                        </common:Annotation>
                    </common:Annotations>
                    <common:Name xml:lang="en">Jiangxi</common:Name>
                    <common:Name xml:lang="fr">Jiangxi</common:Name>
                    <structure:Parent>
                        <Ref id="CHN"/>
                    </structure:Parent>
                </structure:Code>
                <structure:Code id="CN15">
                    <common:Annotations>
                        <common:Annotation>
                            <common:AnnotationType>ORDER</common:AnnotationType>
                            <common:AnnotationText xml:lang="en">30520</common:AnnotationText>
                            <common:AnnotationText xml:lang="fr">30520</common:AnnotationText>
                        </common:Annotation>
                    </common:Annotations>
                    <common:Name xml:lang="en">Shandong</common:Name>
                    <common:Name xml:lang="fr">Shandong</common:Name>
                    <structure:Parent>
                        <Ref id="CHN"/>
                    </structure:Parent>
                </structure:Code>
                <structure:Code id="CN16">
                    <common:Annotations>
                        <common:Annotation>
                            <common:AnnotationType>ORDER</common:AnnotationType>
                            <common:AnnotationText xml:lang="en">30530</common:AnnotationText>
                            <common:AnnotationText xml:lang="fr">30530</common:AnnotationText>
                        </common:Annotation>
                    </common:Annotations>
                    <common:Name xml:lang="en">Henan</common:Name>
                    <common:Name xml:lang="fr">Henan</common:Name>
                    <structure:Parent>
                        <Ref id="CHN"/>
                    </structure:Parent>
                </structure:Code>
                <structure:Code id="CN17">
                    <common:Annotations>
                        <common:Annotation>
                            <common:AnnotationType>ORDER</common:AnnotationType>
                            <common:AnnotationText xml:lang="en">30540</common:AnnotationText>
                            <common:AnnotationText xml:lang="fr">30540</common:AnnotationText>
                        </common:Annotation>
                    </common:Annotations>
                    <common:Name xml:lang="en">Hubei</common:Name>
                    <common:Name xml:lang="fr">Hubei</common:Name>
                    <structure:Parent>
                        <Ref id="CHN"/>
                    </structure:Parent>
                </structure:Code>
                <structure:Code id="CN18">
                    <common:Annotations>
                        <common:Annotation>
                            <common:AnnotationType>ORDER</common:AnnotationType>
                            <common:AnnotationText xml:lang="en">30550</common:AnnotationText>
                            <common:AnnotationText xml:lang="fr">30550</common:AnnotationText>
                        </common:Annotation>
                    </common:Annotations>
                    <common:Name xml:lang="en">Hunan</common:Name>
                    <common:Name xml:lang="fr">Hunan</common:Name>
                    <structure:Parent>
                        <Ref id="CHN"/>
                    </structure:Parent>
                </structure:Code>
                <structure:Code id="CN19">
                    <common:Annotations>
                        <common:Annotation>
                            <common:AnnotationType>ORDER</common:AnnotationType>
                            <common:AnnotationText xml:lang="en">30560</common:AnnotationText>
                            <common:AnnotationText xml:lang="fr">30560</common:AnnotationText>
                        </common:Annotation>
                    </common:Annotations>
                    <common:Name xml:lang="en">Guangdong</common:Name>
                    <common:Name xml:lang="fr">Guangdong</common:Name>
                    <structure:Parent>
                        <Ref id="CHN"/>
                    </structure:Parent>
                </structure:Code>
                <structure:Code id="CN20">
                    <common:Annotations>
                        <common:Annotation>
                            <common:AnnotationType>ORDER</common:AnnotationType>
                            <common:AnnotationText xml:lang="en">30570</common:AnnotationText>
                            <common:AnnotationText xml:lang="fr">30570</common:AnnotationText>
                        </common:Annotation>
                    </common:Annotations>
                    <common:Name xml:lang="en">Guangxi</common:Name>
                    <common:Name xml:lang="fr">Guangxi</common:Name>
                    <structure:Parent>
                        <Ref id="CHN"/>
                    </structure:Parent>
                </structure:Code>
                <structure:Code id="CN21">
                    <common:Annotations>
                        <common:Annotation>
                            <common:AnnotationType>ORDER</common:AnnotationType>
                            <common:AnnotationText xml:lang="en">30580</common:AnnotationText>
                            <common:AnnotationText xml:lang="fr">30580</common:AnnotationText>
                        </common:Annotation>
                    </common:Annotations>
                    <common:Name xml:lang="en">Hainan</common:Name>
                    <common:Name xml:lang="fr">Hainan</common:Name>
                    <structure:Parent>
                        <Ref id="CHN"/>
                    </structure:Parent>
                </structure:Code>
                <structure:Code id="CN22">
                    <common:Annotations>
                        <common:Annotation>
                            <common:AnnotationType>ORDER</common:AnnotationType>
                            <common:AnnotationText xml:lang="en">30590</common:AnnotationText>
                            <common:AnnotationText xml:lang="fr">30590</common:AnnotationText>
                        </common:Annotation>
                    </common:Annotations>
                    <common:Name xml:lang="en">Chongqing</common:Name>
                    <common:Name xml:lang="fr">Chongqing</common:Name>
                    <structure:Parent>
                        <Ref id="CHN"/>
                    </structure:Parent>
                </structure:Code>
                <structure:Code id="CN23">
                    <common:Annotations>
                        <common:Annotation>
                            <common:AnnotationType>ORDER</common:AnnotationType>
                            <common:AnnotationText xml:lang="en">30600</common:AnnotationText>
                            <common:AnnotationText xml:lang="fr">30600</common:AnnotationText>
                        </common:Annotation>
                    </common:Annotations>
                    <common:Name xml:lang="en">Sichuan</common:Name>
                    <common:Name xml:lang="fr">Sichuan</common:Name>
                    <structure:Parent>
                        <Ref id="CHN"/>
                    </structure:Parent>
                </structure:Code>
                <structure:Code id="CN24">
                    <common:Annotations>
                        <common:Annotation>
                            <common:AnnotationType>ORDER</common:AnnotationType>
                            <common:AnnotationText xml:lang="en">30610</common:AnnotationText>
                            <common:AnnotationText xml:lang="fr">30610</common:AnnotationText>
                        </common:Annotation>
                    </common:Annotations>
                    <common:Name xml:lang="en">Guizhou</common:Name>
                    <common:Name xml:lang="fr">Guizhou</common:Name>
                    <structure:Parent>
                        <Ref id="CHN"/>
                    </structure:Parent>
                </structure:Code>
                <structure:Code id="CN25">
                    <common:Annotations>
                        <common:Annotation>
                            <common:AnnotationType>ORDER</common:AnnotationType>
                            <common:AnnotationText xml:lang="en">30620</common:AnnotationText>
                            <common:AnnotationText xml:lang="fr">30620</common:AnnotationText>
                        </common:Annotation>
                    </common:Annotations>
                    <common:Name xml:lang="en">Yunnan</common:Name>
                    <common:Name xml:lang="fr">Yunnan</common:Name>
                    <structure:Parent>
                        <Ref id="CHN"/>
                    </structure:Parent>
                </structure:Code>
                <structure:Code id="CN26">
                    <common:Annotations>
                        <common:Annotation>
                            <common:AnnotationType>ORDER</common:AnnotationType>
                            <common:AnnotationText xml:lang="en">30630</common:AnnotationText>
                            <common:AnnotationText xml:lang="fr">30630</common:AnnotationText>
                        </common:Annotation>
                    </common:Annotations>
                    <common:Name xml:lang="en">Tibet</common:Name>
                    <common:Name xml:lang="fr">Tibet</common:Name>
                    <structure:Parent>
                        <Ref id="CHN"/>
                    </structure:Parent>
                </structure:Code>
                <structure:Code id="CN27">
                    <common:Annotations>
                        <common:Annotation>
                            <common:AnnotationType>ORDER</common:AnnotationType>
                            <common:AnnotationText xml:lang="en">30640</common:AnnotationText>
                            <common:AnnotationText xml:lang="fr">30640</common:AnnotationText>
                        </common:Annotation>
                    </common:Annotations>
                    <common:Name xml:lang="en">Shaanxi</common:Name>
                    <common:Name xml:lang="fr">Shaanxi</common:Name>
                    <structure:Parent>
                        <Ref id="CHN"/>
                    </structure:Parent>
                </structure:Code>
                <structure:Code id="CN28">
                    <common:Annotations>
                        <common:Annotation>
                            <common:AnnotationType>ORDER</common:AnnotationType>
                            <common:AnnotationText xml:lang="en">30650</common:AnnotationText>
                            <common:AnnotationText xml:lang="fr">30650</common:AnnotationText>
                        </common:Annotation>
                    </common:Annotations>
                    <common:Name xml:lang="en">Gansu</common:Name>
                    <common:Name xml:lang="fr">Gansu</common:Name>
                    <structure:Parent>
                        <Ref id="CHN"/>
                    </structure:Parent>
                </structure:Code>
                <structure:Code id="CN29">
                    <common:Annotations>
                        <common:Annotation>
                            <common:AnnotationType>ORDER</common:AnnotationType>
                            <common:AnnotationText xml:lang="en">30660</common:AnnotationText>
                            <common:AnnotationText xml:lang="fr">30660</common:AnnotationText>
                        </common:Annotation>
                    </common:Annotations>
                    <common:Name xml:lang="en">Qinghai</common:Name>
                    <common:Name xml:lang="fr">Qinghai</common:Name>
                    <structure:Parent>
                        <Ref id="CHN"/>
                    </structure:Parent>
                </structure:Code>
                <structure:Code id="CN30">
                    <common:Annotations>
                        <common:Annotation>
                            <common:AnnotationType>ORDER</common:AnnotationType>
                            <common:AnnotationText xml:lang="en">30670</common:AnnotationText>
                            <common:AnnotationText xml:lang="fr">30670</common:AnnotationText>
                        </common:Annotation>
                    </common:Annotations>
                    <common:Name xml:lang="en">Ningxia</common:Name>
                    <common:Name xml:lang="fr">Ningxia</common:Name>
                    <structure:Parent>
                        <Ref id="CHN"/>
                    </structure:Parent>
                </structure:Code>
                <structure:Code id="CN31">
                    <common:Annotations>
                        <common:Annotation>
                            <common:AnnotationType>ORDER</common:AnnotationType>
                            <common:AnnotationText xml:lang="en">30680</common:AnnotationText>
                            <common:AnnotationText xml:lang="fr">30680</common:AnnotationText>
                        </common:Annotation>
                    </common:Annotations>
                    <common:Name xml:lang="en">Xinjiang</common:Name>
                    <common:Name xml:lang="fr">Xinjiang</common:Name>
                    <structure:Parent>
                        <Ref id="CHN"/>
                    </structure:Parent>
                </structure:Code>
                <structure:Code id="COM">
                    <common:Annotations>
                        <common:Annotation>
                            <common:AnnotationType>ORDER</common:AnnotationType>
                            <common:AnnotationText xml:lang="en">30690</common:AnnotationText>
                            <common:AnnotationText xml:lang="fr">30690</common:AnnotationText>
                        </common:Annotation>
                    </common:Annotations>
                    <common:Name xml:lang="en">Comoros</common:Name>
                    <common:Name xml:lang="fr">Comores</common:Name>
                </structure:Code>
                <structure:Code id="COG">
                    <common:Annotations>
                        <common:Annotation>
                            <common:AnnotationType>ORDER</common:AnnotationType>
                            <common:AnnotationText xml:lang="en">30700</common:AnnotationText>
                            <common:AnnotationText xml:lang="fr">30700</common:AnnotationText>
                        </common:Annotation>
                    </common:Annotations>
                    <common:Name xml:lang="en">Congo</common:Name>
                    <common:Name xml:lang="fr">Congo</common:Name>
                </structure:Code>
                <structure:Code id="CIV">
                    <common:Annotations>
                        <common:Annotation>
                            <common:AnnotationType>ORDER</common:AnnotationType>
                            <common:AnnotationText xml:lang="en">30710</common:AnnotationText>
                            <common:AnnotationText xml:lang="fr">30710</common:AnnotationText>
                        </common:Annotation>
                    </common:Annotations>
                    <common:Name xml:lang="en">Côte d’Ivoire</common:Name>
                    <common:Name xml:lang="fr">Côte d’Ivoire</common:Name>
                </structure:Code>
                <structure:Code id="HRV">
                    <common:Annotations>
                        <common:Annotation>
                            <common:AnnotationType>ORDER</common:AnnotationType>
                            <common:AnnotationText xml:lang="en">30720</common:AnnotationText>
                            <common:AnnotationText xml:lang="fr">30720</common:AnnotationText>
                        </common:Annotation>
                    </common:Annotations>
                    <common:Name xml:lang="en">Croatia</common:Name>
                    <common:Name xml:lang="fr">Croatie</common:Name>
                </structure:Code>
                <structure:Code id="HR03">
                    <common:Annotations>
                        <common:Annotation>
                            <common:AnnotationType>ORDER</common:AnnotationType>
                            <common:AnnotationText xml:lang="en">30730</common:AnnotationText>
                            <common:AnnotationText xml:lang="fr">30730</common:AnnotationText>
                        </common:Annotation>
                    </common:Annotations>
                    <common:Name xml:lang="en">Adriatic Croatia</common:Name>
                    <common:Name xml:lang="fr">Adriatic Croatia</common:Name>
                    <structure:Parent>
                        <Ref id="HRV"/>
                    </structure:Parent>
                </structure:Code>
                <structure:Code id="HR031">
                    <common:Annotations>
                        <common:Annotation>
                            <common:AnnotationType>ORDER</common:AnnotationType>
                            <common:AnnotationText xml:lang="en">30740</common:AnnotationText>
                            <common:AnnotationText xml:lang="fr">30740</common:AnnotationText>
                        </common:Annotation>
                    </common:Annotations>
                    <common:Name xml:lang="en">Primorje-Gorski Kotar County</common:Name>
                    <common:Name xml:lang="fr">Primorje-Gorski Kotar County</common:Name>
                    <structure:Parent>
                        <Ref id="HR03"/>
                    </structure:Parent>
                </structure:Code>
                <structure:Code id="HR032">
                    <common:Annotations>
                        <common:Annotation>
                            <common:AnnotationType>ORDER</common:AnnotationType>
                            <common:AnnotationText xml:lang="en">30750</common:AnnotationText>
                            <common:AnnotationText xml:lang="fr">30750</common:AnnotationText>
                        </common:Annotation>
                    </common:Annotations>
                    <common:Name xml:lang="en">Lika-Senj County</common:Name>
                    <common:Name xml:lang="fr">Lika-Senj County</common:Name>
                    <structure:Parent>
                        <Ref id="HR03"/>
                    </structure:Parent>
                </structure:Code>
                <structure:Code id="HR033">
                    <common:Annotations>
                        <common:Annotation>
                            <common:AnnotationType>ORDER</common:AnnotationType>
                            <common:AnnotationText xml:lang="en">30760</common:AnnotationText>
                            <common:AnnotationText xml:lang="fr">30760</common:AnnotationText>
                        </common:Annotation>
                    </common:Annotations>
                    <common:Name xml:lang="en">Zadar County</common:Name>
                    <common:Name xml:lang="fr">Zadar County</common:Name>
                    <structure:Parent>
                        <Ref id="HR03"/>
                    </structure:Parent>
                </structure:Code>
                <structure:Code id="HR034">
                    <common:Annotations>
                        <common:Annotation>
                            <common:AnnotationType>ORDER</common:AnnotationType>
                            <common:AnnotationText xml:lang="en">30770</common:AnnotationText>
                            <common:AnnotationText xml:lang="fr">30770</common:AnnotationText>
                        </common:Annotation>
                    </common:Annotations>
                    <common:Name xml:lang="en">Sibenik-Knin County</common:Name>
                    <common:Name xml:lang="fr">Sibenik-Knin County</common:Name>
                    <structure:Parent>
                        <Ref id="HR03"/>
                    </structure:Parent>
                </structure:Code>
                <structure:Code id="HR035">
                    <common:Annotations>
                        <common:Annotation>
                            <common:AnnotationType>ORDER</common:AnnotationType>
                            <common:AnnotationText xml:lang="en">30780</common:AnnotationText>
                            <common:AnnotationText xml:lang="fr">30780</common:AnnotationText>
                        </common:Annotation>
                    </common:Annotations>
                    <common:Name xml:lang="en">Split-Dalmatia County</common:Name>
                    <common:Name xml:lang="fr">Split-Dalmatia County</common:Name>
                    <structure:Parent>
                        <Ref id="HR03"/>
                    </structure:Parent>
                </structure:Code>
                <structure:Code id="HR036">
                    <common:Annotations>
                        <common:Annotation>
                            <common:AnnotationType>ORDER</common:AnnotationType>
                            <common:AnnotationText xml:lang="en">30790</common:AnnotationText>
                            <common:AnnotationText xml:lang="fr">30790</common:AnnotationText>
                        </common:Annotation>
                    </common:Annotations>
                    <common:Name xml:lang="en">Istria County</common:Name>
                    <common:Name xml:lang="fr">Istria County</common:Name>
                    <structure:Parent>
                        <Ref id="HR03"/>
                    </structure:Parent>
                </structure:Code>
                <structure:Code id="HR037">
                    <common:Annotations>
                        <common:Annotation>
                            <common:AnnotationType>ORDER</common:AnnotationType>
                            <common:AnnotationText xml:lang="en">30800</common:AnnotationText>
                            <common:AnnotationText xml:lang="fr">30800</common:AnnotationText>
                        </common:Annotation>
                    </common:Annotations>
                    <common:Name xml:lang="en">Dubrovnik-Neretva County</common:Name>
                    <common:Name xml:lang="fr">Dubrovnik-Neretva County</common:Name>
                    <structure:Parent>
                        <Ref id="HR03"/>
                    </structure:Parent>
                </structure:Code>
                <structure:Code id="HR04">
                    <common:Annotations>
                        <common:Annotation>
                            <common:AnnotationType>ORDER</common:AnnotationType>
                            <common:AnnotationText xml:lang="en">30810</common:AnnotationText>
                            <common:AnnotationText xml:lang="fr">30810</common:AnnotationText>
                        </common:Annotation>
                    </common:Annotations>
                    <common:Name xml:lang="en">Continental Croatia</common:Name>
                    <common:Name xml:lang="fr">Continental Croatia</common:Name>
                    <structure:Parent>
                        <Ref id="HRV"/>
                    </structure:Parent>
                </structure:Code>
                <structure:Code id="HR041">
                    <common:Annotations>
                        <common:Annotation>
                            <common:AnnotationType>ORDER</common:AnnotationType>
                            <common:AnnotationText xml:lang="en">30820</common:AnnotationText>
                            <common:AnnotationText xml:lang="fr">30820</common:AnnotationText>
                        </common:Annotation>
                    </common:Annotations>
                    <common:Name xml:lang="en">City of Zagreb</common:Name>
                    <common:Name xml:lang="fr">City of Zagreb</common:Name>
                    <structure:Parent>
                        <Ref id="HR04"/>
                    </structure:Parent>
                </structure:Code>
                <structure:Code id="HR042">
                    <common:Annotations>
                        <common:Annotation>
                            <common:AnnotationType>ORDER</common:AnnotationType>
                            <common:AnnotationText xml:lang="en">30830</common:AnnotationText>
                            <common:AnnotationText xml:lang="fr">30830</common:AnnotationText>
                        </common:Annotation>
                    </common:Annotations>
                    <common:Name xml:lang="en">Zagreb County</common:Name>
                    <common:Name xml:lang="fr">Zagreb County</common:Name>
                    <structure:Parent>
                        <Ref id="HR04"/>
                    </structure:Parent>
                </structure:Code>
                <structure:Code id="HR043">
                    <common:Annotations>
                        <common:Annotation>
                            <common:AnnotationType>ORDER</common:AnnotationType>
                            <common:AnnotationText xml:lang="en">30840</common:AnnotationText>
                            <common:AnnotationText xml:lang="fr">30840</common:AnnotationText>
                        </common:Annotation>
                    </common:Annotations>
                    <common:Name xml:lang="en">Krapina-Zagorje County</common:Name>
                    <common:Name xml:lang="fr">Krapina-Zagorje County</common:Name>
                    <structure:Parent>
                        <Ref id="HR04"/>
                    </structure:Parent>
                </structure:Code>
                <structure:Code id="HR044">
                    <common:Annotations>
                        <common:Annotation>
                            <common:AnnotationType>ORDER</common:AnnotationType>
                            <common:AnnotationText xml:lang="en">30850</common:AnnotationText>
                            <common:AnnotationText xml:lang="fr">30850</common:AnnotationText>
                        </common:Annotation>
                    </common:Annotations>
                    <common:Name xml:lang="en">Varazdin County</common:Name>
                    <common:Name xml:lang="fr">Varazdin County</common:Name>
                    <structure:Parent>
                        <Ref id="HR04"/>
                    </structure:Parent>
                </structure:Code>
                <structure:Code id="HR045">
                    <common:Annotations>
                        <common:Annotation>
                            <common:AnnotationType>ORDER</common:AnnotationType>
                            <common:AnnotationText xml:lang="en">30860</common:AnnotationText>
                            <common:AnnotationText xml:lang="fr">30860</common:AnnotationText>
                        </common:Annotation>
                    </common:Annotations>
                    <common:Name xml:lang="en">Koprivnica-Krizevci County</common:Name>
                    <common:Name xml:lang="fr">Koprivnica-Krizevci County</common:Name>
                    <structure:Parent>
                        <Ref id="HR04"/>
                    </structure:Parent>
                </structure:Code>
                <structure:Code id="HR046">
                    <common:Annotations>
                        <common:Annotation>
                            <common:AnnotationType>ORDER</common:AnnotationType>
                            <common:AnnotationText xml:lang="en">30870</common:AnnotationText>
                            <common:AnnotationText xml:lang="fr">30870</common:AnnotationText>
                        </common:Annotation>
                    </common:Annotations>
                    <common:Name xml:lang="en">Medimurje County</common:Name>
                    <common:Name xml:lang="fr">Medimurje County</common:Name>
                    <structure:Parent>
                        <Ref id="HR04"/>
                    </structure:Parent>
                </structure:Code>
                <structure:Code id="HR047">
                    <common:Annotations>
                        <common:Annotation>
                            <common:AnnotationType>ORDER</common:AnnotationType>
                            <common:AnnotationText xml:lang="en">30880</common:AnnotationText>
                            <common:AnnotationText xml:lang="fr">30880</common:AnnotationText>
                        </common:Annotation>
                    </common:Annotations>
                    <common:Name xml:lang="en">Bjelovar-Bilogora County</common:Name>
                    <common:Name xml:lang="fr">Bjelovar-Bilogora County</common:Name>
                    <structure:Parent>
                        <Ref id="HR04"/>
                    </structure:Parent>
                </structure:Code>
                <structure:Code id="HR048">
                    <common:Annotations>
                        <common:Annotation>
                            <common:AnnotationType>ORDER</common:AnnotationType>
                            <common:AnnotationText xml:lang="en">30890</common:AnnotationText>
                            <common:AnnotationText xml:lang="fr">30890</common:AnnotationText>
                        </common:Annotation>
                    </common:Annotations>
                    <common:Name xml:lang="en">Virovitica-Podravina County</common:Name>
                    <common:Name xml:lang="fr">Virovitica-Podravina County</common:Name>
                    <structure:Parent>
                        <Ref id="HR04"/>
                    </structure:Parent>
                </structure:Code>
                <structure:Code id="HR049">
                    <common:Annotations>
                        <common:Annotation>
                            <common:AnnotationType>ORDER</common:AnnotationType>
                            <common:AnnotationText xml:lang="en">30900</common:AnnotationText>
                            <common:AnnotationText xml:lang="fr">30900</common:AnnotationText>
                        </common:Annotation>
                    </common:Annotations>
                    <common:Name xml:lang="en">Pozega-Slavonia County</common:Name>
                    <common:Name xml:lang="fr">Pozega-Slavonia County</common:Name>
                    <structure:Parent>
                        <Ref id="HR04"/>
                    </structure:Parent>
                </structure:Code>
                <structure:Code id="HR04A">
                    <common:Annotations>
                        <common:Annotation>
                            <common:AnnotationType>ORDER</common:AnnotationType>
                            <common:AnnotationText xml:lang="en">30910</common:AnnotationText>
                            <common:AnnotationText xml:lang="fr">30910</common:AnnotationText>
                        </common:Annotation>
                    </common:Annotations>
                    <common:Name xml:lang="en">Brod-Posavina County</common:Name>
                    <common:Name xml:lang="fr">Brod-Posavina County</common:Name>
                    <structure:Parent>
                        <Ref id="HR04"/>
                    </structure:Parent>
                </structure:Code>
                <structure:Code id="HR04B">
                    <common:Annotations>
                        <common:Annotation>
                            <common:AnnotationType>ORDER</common:AnnotationType>
                            <common:AnnotationText xml:lang="en">30920</common:AnnotationText>
                            <common:AnnotationText xml:lang="fr">30920</common:AnnotationText>
                        </common:Annotation>
                    </common:Annotations>
                    <common:Name xml:lang="en">Osijek-Baranja County</common:Name>
                    <common:Name xml:lang="fr">Osijek-Baranja County</common:Name>
                    <structure:Parent>
                        <Ref id="HR04"/>
                    </structure:Parent>
                </structure:Code>
                <structure:Code id="HR04C">
                    <common:Annotations>
                        <common:Annotation>
                            <common:AnnotationType>ORDER</common:AnnotationType>
                            <common:AnnotationText xml:lang="en">30930</common:AnnotationText>
                            <common:AnnotationText xml:lang="fr">30930</common:AnnotationText>
                        </common:Annotation>
                    </common:Annotations>
                    <common:Name xml:lang="en">Vukovar-Srijem County</common:Name>
                    <common:Name xml:lang="fr">Vukovar-Srijem County</common:Name>
                    <structure:Parent>
                        <Ref id="HR04"/>
                    </structure:Parent>
                </structure:Code>
                <structure:Code id="HR04D">
                    <common:Annotations>
                        <common:Annotation>
                            <common:AnnotationType>ORDER</common:AnnotationType>
                            <common:AnnotationText xml:lang="en">30940</common:AnnotationText>
                            <common:AnnotationText xml:lang="fr">30940</common:AnnotationText>
                        </common:Annotation>
                    </common:Annotations>
                    <common:Name xml:lang="en">Karlovac County</common:Name>
                    <common:Name xml:lang="fr">Karlovac County</common:Name>
                    <structure:Parent>
                        <Ref id="HR04"/>
                    </structure:Parent>
                </structure:Code>
                <structure:Code id="HR04E">
                    <common:Annotations>
                        <common:Annotation>
                            <common:AnnotationType>ORDER</common:AnnotationType>
                            <common:AnnotationText xml:lang="en">30950</common:AnnotationText>
                            <common:AnnotationText xml:lang="fr">30950</common:AnnotationText>
                        </common:Annotation>
                    </common:Annotations>
                    <common:Name xml:lang="en">Sisak-Moslavina County</common:Name>
                    <common:Name xml:lang="fr">Sisak-Moslavina County</common:Name>
                    <structure:Parent>
                        <Ref id="HR04"/>
                    </structure:Parent>
                </structure:Code>
                <structure:Code id="CUB">
                    <common:Annotations>
                        <common:Annotation>
                            <common:AnnotationType>ORDER</common:AnnotationType>
                            <common:AnnotationText xml:lang="en">30960</common:AnnotationText>
                            <common:AnnotationText xml:lang="fr">30960</common:AnnotationText>
                        </common:Annotation>
                    </common:Annotations>
                    <common:Name xml:lang="en">Cuba</common:Name>
                    <common:Name xml:lang="fr">Cuba</common:Name>
                </structure:Code>
                <structure:Code id="CYP">
                    <common:Annotations>
                        <common:Annotation>
                            <common:AnnotationType>ORDER</common:AnnotationType>
                            <common:AnnotationText xml:lang="en">30970</common:AnnotationText>
                            <common:AnnotationText xml:lang="fr">30970</common:AnnotationText>
                        </common:Annotation>
                    </common:Annotations>
                    <common:Name xml:lang="en">Cyprus</common:Name>
                    <common:Name xml:lang="fr">Chypre</common:Name>
                </structure:Code>
                <structure:Code id="PRK">
                    <common:Annotations>
                        <common:Annotation>
                            <common:AnnotationType>ORDER</common:AnnotationType>
                            <common:AnnotationText xml:lang="en">30980</common:AnnotationText>
                            <common:AnnotationText xml:lang="fr">30980</common:AnnotationText>
                        </common:Annotation>
                    </common:Annotations>
                    <common:Name xml:lang="en">Democratic People’s Republic of Korea</common:Name>
                    <common:Name xml:lang="fr">République populaire démocratique de Corée</common:Name>
                </structure:Code>
                <structure:Code id="COD">
                    <common:Annotations>
                        <common:Annotation>
                            <common:AnnotationType>ORDER</common:AnnotationType>
                            <common:AnnotationText xml:lang="en">30990</common:AnnotationText>
                            <common:AnnotationText xml:lang="fr">30990</common:AnnotationText>
                        </common:Annotation>
                    </common:Annotations>
                    <common:Name xml:lang="en">Democratic Republic of the Congo</common:Name>
                    <common:Name xml:lang="fr">République démocratique du Congo</common:Name>
                </structure:Code>
                <structure:Code id="DJI">
                    <common:Annotations>
                        <common:Annotation>
                            <common:AnnotationType>ORDER</common:AnnotationType>
                            <common:AnnotationText xml:lang="en">31000</common:AnnotationText>
                            <common:AnnotationText xml:lang="fr">31000</common:AnnotationText>
                        </common:Annotation>
                    </common:Annotations>
                    <common:Name xml:lang="en">Djibouti</common:Name>
                    <common:Name xml:lang="fr">Djibouti</common:Name>
                </structure:Code>
                <structure:Code id="DMA">
                    <common:Annotations>
                        <common:Annotation>
                            <common:AnnotationType>ORDER</common:AnnotationType>
                            <common:AnnotationText xml:lang="en">31010</common:AnnotationText>
                            <common:AnnotationText xml:lang="fr">31010</common:AnnotationText>
                        </common:Annotation>
                    </common:Annotations>
                    <common:Name xml:lang="en">Dominica</common:Name>
                    <common:Name xml:lang="fr">Dominique</common:Name>
                </structure:Code>
                <structure:Code id="DOM">
                    <common:Annotations>
                        <common:Annotation>
                            <common:AnnotationType>ORDER</common:AnnotationType>
                            <common:AnnotationText xml:lang="en">31020</common:AnnotationText>
                            <common:AnnotationText xml:lang="fr">31020</common:AnnotationText>
                        </common:Annotation>
                    </common:Annotations>
                    <common:Name xml:lang="en">Dominican Republic</common:Name>
                    <common:Name xml:lang="fr">République dominicaine</common:Name>
                </structure:Code>
                <structure:Code id="ECU">
                    <common:Annotations>
                        <common:Annotation>
                            <common:AnnotationType>ORDER</common:AnnotationType>
                            <common:AnnotationText xml:lang="en">31030</common:AnnotationText>
                            <common:AnnotationText xml:lang="fr">31030</common:AnnotationText>
                        </common:Annotation>
                    </common:Annotations>
                    <common:Name xml:lang="en">Ecuador</common:Name>
                    <common:Name xml:lang="fr">Équateur</common:Name>
                </structure:Code>
                <structure:Code id="EGY">
                    <common:Annotations>
                        <common:Annotation>
                            <common:AnnotationType>ORDER</common:AnnotationType>
                            <common:AnnotationText xml:lang="en">31040</common:AnnotationText>
                            <common:AnnotationText xml:lang="fr">31040</common:AnnotationText>
                        </common:Annotation>
                    </common:Annotations>
                    <common:Name xml:lang="en">Egypt</common:Name>
                    <common:Name xml:lang="fr">Égypte</common:Name>
                </structure:Code>
                <structure:Code id="SLV">
                    <common:Annotations>
                        <common:Annotation>
                            <common:AnnotationType>ORDER</common:AnnotationType>
                            <common:AnnotationText xml:lang="en">31050</common:AnnotationText>
                            <common:AnnotationText xml:lang="fr">31050</common:AnnotationText>
                        </common:Annotation>
                    </common:Annotations>
                    <common:Name xml:lang="en">El Salvador</common:Name>
                    <common:Name xml:lang="fr">El Salvador</common:Name>
                </structure:Code>
                <structure:Code id="GNQ">
                    <common:Annotations>
                        <common:Annotation>
                            <common:AnnotationType>ORDER</common:AnnotationType>
                            <common:AnnotationText xml:lang="en">31060</common:AnnotationText>
                            <common:AnnotationText xml:lang="fr">31060</common:AnnotationText>
                        </common:Annotation>
                    </common:Annotations>
                    <common:Name xml:lang="en">Equatorial Guinea</common:Name>
                    <common:Name xml:lang="fr">Guinée équatoriale</common:Name>
                </structure:Code>
                <structure:Code id="ERI">
                    <common:Annotations>
                        <common:Annotation>
                            <common:AnnotationType>ORDER</common:AnnotationType>
                            <common:AnnotationText xml:lang="en">31070</common:AnnotationText>
                            <common:AnnotationText xml:lang="fr">31070</common:AnnotationText>
                        </common:Annotation>
                    </common:Annotations>
                    <common:Name xml:lang="en">Eritrea</common:Name>
                    <common:Name xml:lang="fr">Érythrée</common:Name>
                </structure:Code>
                <structure:Code id="SWZ">
                    <common:Annotations>
                        <common:Annotation>
                            <common:AnnotationType>ORDER</common:AnnotationType>
                            <common:AnnotationText xml:lang="en">31080</common:AnnotationText>
                            <common:AnnotationText xml:lang="fr">31080</common:AnnotationText>
                        </common:Annotation>
                    </common:Annotations>
                    <common:Name xml:lang="en">Eswatini</common:Name>
                    <common:Name xml:lang="fr">Eswatini</common:Name>
                </structure:Code>
                <structure:Code id="ETH">
                    <common:Annotations>
                        <common:Annotation>
                            <common:AnnotationType>ORDER</common:AnnotationType>
                            <common:AnnotationText xml:lang="en">31090</common:AnnotationText>
                            <common:AnnotationText xml:lang="fr">31090</common:AnnotationText>
                        </common:Annotation>
                    </common:Annotations>
                    <common:Name xml:lang="en">Ethiopia</common:Name>
                    <common:Name xml:lang="fr">Éthiopie</common:Name>
                </structure:Code>
                <structure:Code id="FJI">
                    <common:Annotations>
                        <common:Annotation>
                            <common:AnnotationType>ORDER</common:AnnotationType>
                            <common:AnnotationText xml:lang="en">31100</common:AnnotationText>
                            <common:AnnotationText xml:lang="fr">31100</common:AnnotationText>
                        </common:Annotation>
                    </common:Annotations>
                    <common:Name xml:lang="en">Fiji</common:Name>
                    <common:Name xml:lang="fr">Fidji</common:Name>
                </structure:Code>
                <structure:Code id="GAB">
                    <common:Annotations>
                        <common:Annotation>
                            <common:AnnotationType>ORDER</common:AnnotationType>
                            <common:AnnotationText xml:lang="en">31110</common:AnnotationText>
                            <common:AnnotationText xml:lang="fr">31110</common:AnnotationText>
                        </common:Annotation>
                    </common:Annotations>
                    <common:Name xml:lang="en">Gabon</common:Name>
                    <common:Name xml:lang="fr">Gabon</common:Name>
                </structure:Code>
                <structure:Code id="GMB">
                    <common:Annotations>
                        <common:Annotation>
                            <common:AnnotationType>ORDER</common:AnnotationType>
                            <common:AnnotationText xml:lang="en">31120</common:AnnotationText>
                            <common:AnnotationText xml:lang="fr">31120</common:AnnotationText>
                        </common:Annotation>
                    </common:Annotations>
                    <common:Name xml:lang="en">Gambia</common:Name>
                    <common:Name xml:lang="fr">Gambie</common:Name>
                </structure:Code>
                <structure:Code id="GEO">
                    <common:Annotations>
                        <common:Annotation>
                            <common:AnnotationType>ORDER</common:AnnotationType>
                            <common:AnnotationText xml:lang="en">31130</common:AnnotationText>
                            <common:AnnotationText xml:lang="fr">31130</common:AnnotationText>
                        </common:Annotation>
                    </common:Annotations>
                    <common:Name xml:lang="en">Georgia</common:Name>
                    <common:Name xml:lang="fr">Géorgie</common:Name>
                </structure:Code>
                <structure:Code id="GHA">
                    <common:Annotations>
                        <common:Annotation>
                            <common:AnnotationType>ORDER</common:AnnotationType>
                            <common:AnnotationText xml:lang="en">31140</common:AnnotationText>
                            <common:AnnotationText xml:lang="fr">31140</common:AnnotationText>
                        </common:Annotation>
                    </common:Annotations>
                    <common:Name xml:lang="en">Ghana</common:Name>
                    <common:Name xml:lang="fr">Ghana</common:Name>
                </structure:Code>
                <structure:Code id="GRD">
                    <common:Annotations>
                        <common:Annotation>
                            <common:AnnotationType>ORDER</common:AnnotationType>
                            <common:AnnotationText xml:lang="en">31150</common:AnnotationText>
                            <common:AnnotationText xml:lang="fr">31150</common:AnnotationText>
                        </common:Annotation>
                    </common:Annotations>
                    <common:Name xml:lang="en">Grenada</common:Name>
                    <common:Name xml:lang="fr">Grenade</common:Name>
                </structure:Code>
                <structure:Code id="GTM">
                    <common:Annotations>
                        <common:Annotation>
                            <common:AnnotationType>ORDER</common:AnnotationType>
                            <common:AnnotationText xml:lang="en">31160</common:AnnotationText>
                            <common:AnnotationText xml:lang="fr">31160</common:AnnotationText>
                        </common:Annotation>
                    </common:Annotations>
                    <common:Name xml:lang="en">Guatemala</common:Name>
                    <common:Name xml:lang="fr">Guatemala</common:Name>
                </structure:Code>
                <structure:Code id="GIN">
                    <common:Annotations>
                        <common:Annotation>
                            <common:AnnotationType>ORDER</common:AnnotationType>
                            <common:AnnotationText xml:lang="en">31170</common:AnnotationText>
                            <common:AnnotationText xml:lang="fr">31170</common:AnnotationText>
                        </common:Annotation>
                    </common:Annotations>
                    <common:Name xml:lang="en">Guinea</common:Name>
                    <common:Name xml:lang="fr">Guinée</common:Name>
                </structure:Code>
                <structure:Code id="GNB">
                    <common:Annotations>
                        <common:Annotation>
                            <common:AnnotationType>ORDER</common:AnnotationType>
                            <common:AnnotationText xml:lang="en">31180</common:AnnotationText>
                            <common:AnnotationText xml:lang="fr">31180</common:AnnotationText>
                        </common:Annotation>
                    </common:Annotations>
                    <common:Name xml:lang="en">Guinea-Bissau</common:Name>
                    <common:Name xml:lang="fr">Guinée-Bissau</common:Name>
                </structure:Code>
                <structure:Code id="GUY">
                    <common:Annotations>
                        <common:Annotation>
                            <common:AnnotationType>ORDER</common:AnnotationType>
                            <common:AnnotationText xml:lang="en">31190</common:AnnotationText>
                            <common:AnnotationText xml:lang="fr">31190</common:AnnotationText>
                        </common:Annotation>
                    </common:Annotations>
                    <common:Name xml:lang="en">Guyana</common:Name>
                    <common:Name xml:lang="fr">Guyana</common:Name>
                </structure:Code>
                <structure:Code id="HTI">
                    <common:Annotations>
                        <common:Annotation>
                            <common:AnnotationType>ORDER</common:AnnotationType>
                            <common:AnnotationText xml:lang="en">31200</common:AnnotationText>
                            <common:AnnotationText xml:lang="fr">31200</common:AnnotationText>
                        </common:Annotation>
                    </common:Annotations>
                    <common:Name xml:lang="en">Haiti</common:Name>
                    <common:Name xml:lang="fr">Haïti</common:Name>
                </structure:Code>
                <structure:Code id="VAT">
                    <common:Annotations>
                        <common:Annotation>
                            <common:AnnotationType>ORDER</common:AnnotationType>
                            <common:AnnotationText xml:lang="en">31210</common:AnnotationText>
                            <common:AnnotationText xml:lang="fr">31210</common:AnnotationText>
                        </common:Annotation>
                    </common:Annotations>
                    <common:Name xml:lang="en">Holy See</common:Name>
                    <common:Name xml:lang="fr">Saint-Siège</common:Name>
                </structure:Code>
                <structure:Code id="HND">
                    <common:Annotations>
                        <common:Annotation>
                            <common:AnnotationType>ORDER</common:AnnotationType>
                            <common:AnnotationText xml:lang="en">31220</common:AnnotationText>
                            <common:AnnotationText xml:lang="fr">31220</common:AnnotationText>
                        </common:Annotation>
                    </common:Annotations>
                    <common:Name xml:lang="en">Honduras</common:Name>
                    <common:Name xml:lang="fr">Honduras</common:Name>
                </structure:Code>
                <structure:Code id="IND">
                    <common:Annotations>
                        <common:Annotation>
                            <common:AnnotationType>ORDER</common:AnnotationType>
                            <common:AnnotationText xml:lang="en">31230</common:AnnotationText>
                            <common:AnnotationText xml:lang="fr">31230</common:AnnotationText>
                        </common:Annotation>
                    </common:Annotations>
                    <common:Name xml:lang="en">India</common:Name>
                    <common:Name xml:lang="fr">Inde</common:Name>
                </structure:Code>
                <structure:Code id="IN01">
                    <common:Annotations>
                        <common:Annotation>
                            <common:AnnotationType>ORDER</common:AnnotationType>
                            <common:AnnotationText xml:lang="en">31240</common:AnnotationText>
                            <common:AnnotationText xml:lang="fr">31240</common:AnnotationText>
                        </common:Annotation>
                    </common:Annotations>
                    <common:Name xml:lang="en">Jammu and Kashmir</common:Name>
                    <common:Name xml:lang="fr">Jammu and Kashmir</common:Name>
                    <structure:Parent>
                        <Ref id="IND"/>
                    </structure:Parent>
                </structure:Code>
                <structure:Code id="IN02">
                    <common:Annotations>
                        <common:Annotation>
                            <common:AnnotationType>ORDER</common:AnnotationType>
                            <common:AnnotationText xml:lang="en">31250</common:AnnotationText>
                            <common:AnnotationText xml:lang="fr">31250</common:AnnotationText>
                        </common:Annotation>
                    </common:Annotations>
                    <common:Name xml:lang="en">Himachal Pradesh</common:Name>
                    <common:Name xml:lang="fr">Himachal Pradesh</common:Name>
                    <structure:Parent>
                        <Ref id="IND"/>
                    </structure:Parent>
                </structure:Code>
                <structure:Code id="IN03">
                    <common:Annotations>
                        <common:Annotation>
                            <common:AnnotationType>ORDER</common:AnnotationType>
                            <common:AnnotationText xml:lang="en">31260</common:AnnotationText>
                            <common:AnnotationText xml:lang="fr">31260</common:AnnotationText>
                        </common:Annotation>
                    </common:Annotations>
                    <common:Name xml:lang="en">National Capital Territory of Delhi</common:Name>
                    <common:Name xml:lang="fr">National Capital Territory of Delhi</common:Name>
                    <structure:Parent>
                        <Ref id="IND"/>
                    </structure:Parent>
                </structure:Code>
                <structure:Code id="IN04">
                    <common:Annotations>
                        <common:Annotation>
                            <common:AnnotationType>ORDER</common:AnnotationType>
                            <common:AnnotationText xml:lang="en">31270</common:AnnotationText>
                            <common:AnnotationText xml:lang="fr">31270</common:AnnotationText>
                        </common:Annotation>
                    </common:Annotations>
                    <common:Name xml:lang="en">Rajasthan</common:Name>
                    <common:Name xml:lang="fr">Rajasthan</common:Name>
                    <structure:Parent>
                        <Ref id="IND"/>
                    </structure:Parent>
                </structure:Code>
                <structure:Code id="IN05">
                    <common:Annotations>
                        <common:Annotation>
                            <common:AnnotationType>ORDER</common:AnnotationType>
                            <common:AnnotationText xml:lang="en">31280</common:AnnotationText>
                            <common:AnnotationText xml:lang="fr">31280</common:AnnotationText>
                        </common:Annotation>
                    </common:Annotations>
                    <common:Name xml:lang="en">Uttar Pradesh</common:Name>
                    <common:Name xml:lang="fr">Uttar Pradesh</common:Name>
                    <structure:Parent>
                        <Ref id="IND"/>
                    </structure:Parent>
                </structure:Code>
                <structure:Code id="IN06">
                    <common:Annotations>
                        <common:Annotation>
                            <common:AnnotationType>ORDER</common:AnnotationType>
                            <common:AnnotationText xml:lang="en">31290</common:AnnotationText>
                            <common:AnnotationText xml:lang="fr">31290</common:AnnotationText>
                        </common:Annotation>
                    </common:Annotations>
                    <common:Name xml:lang="en">Sikkim</common:Name>
                    <common:Name xml:lang="fr">Sikkim</common:Name>
                    <structure:Parent>
                        <Ref id="IND"/>
                    </structure:Parent>
                </structure:Code>
                <structure:Code id="IN07">
                    <common:Annotations>
                        <common:Annotation>
                            <common:AnnotationType>ORDER</common:AnnotationType>
                            <common:AnnotationText xml:lang="en">31300</common:AnnotationText>
                            <common:AnnotationText xml:lang="fr">31300</common:AnnotationText>
                        </common:Annotation>
                    </common:Annotations>
                    <common:Name xml:lang="en">Arunachal Pradesh</common:Name>
                    <common:Name xml:lang="fr">Arunachal Pradesh</common:Name>
                    <structure:Parent>
                        <Ref id="IND"/>
                    </structure:Parent>
                </structure:Code>
                <structure:Code id="IN08">
                    <common:Annotations>
                        <common:Annotation>
                            <common:AnnotationType>ORDER</common:AnnotationType>
                            <common:AnnotationText xml:lang="en">31310</common:AnnotationText>
                            <common:AnnotationText xml:lang="fr">31310</common:AnnotationText>
                        </common:Annotation>
                    </common:Annotations>
                    <common:Name xml:lang="en">Nagaland</common:Name>
                    <common:Name xml:lang="fr">Nagaland</common:Name>
                    <structure:Parent>
                        <Ref id="IND"/>
                    </structure:Parent>
                </structure:Code>
                <structure:Code id="IN09">
                    <common:Annotations>
                        <common:Annotation>
                            <common:AnnotationType>ORDER</common:AnnotationType>
                            <common:AnnotationText xml:lang="en">31320</common:AnnotationText>
                            <common:AnnotationText xml:lang="fr">31320</common:AnnotationText>
                        </common:Annotation>
                    </common:Annotations>
                    <common:Name xml:lang="en">Meghalaya</common:Name>
                    <common:Name xml:lang="fr">Meghalaya</common:Name>
                    <structure:Parent>
                        <Ref id="IND"/>
                    </structure:Parent>
                </structure:Code>
                <structure:Code id="IN10">
                    <common:Annotations>
                        <common:Annotation>
                            <common:AnnotationType>ORDER</common:AnnotationType>
                            <common:AnnotationText xml:lang="en">31330</common:AnnotationText>
                            <common:AnnotationText xml:lang="fr">31330</common:AnnotationText>
                        </common:Annotation>
                    </common:Annotations>
                    <common:Name xml:lang="en">Assam</common:Name>
                    <common:Name xml:lang="fr">Assam</common:Name>
                    <structure:Parent>
                        <Ref id="IND"/>
                    </structure:Parent>
                </structure:Code>
                <structure:Code id="IN11">
                    <common:Annotations>
                        <common:Annotation>
                            <common:AnnotationType>ORDER</common:AnnotationType>
                            <common:AnnotationText xml:lang="en">31340</common:AnnotationText>
                            <common:AnnotationText xml:lang="fr">31340</common:AnnotationText>
                        </common:Annotation>
                    </common:Annotations>
                    <common:Name xml:lang="en">West Bengal</common:Name>
                    <common:Name xml:lang="fr">West Bengal</common:Name>
                    <structure:Parent>
                        <Ref id="IND"/>
                    </structure:Parent>
                </structure:Code>
                <structure:Code id="IN12">
                    <common:Annotations>
                        <common:Annotation>
                            <common:AnnotationType>ORDER</common:AnnotationType>
                            <common:AnnotationText xml:lang="en">31350</common:AnnotationText>
                            <common:AnnotationText xml:lang="fr">31350</common:AnnotationText>
                        </common:Annotation>
                    </common:Annotations>
                    <common:Name xml:lang="en">Gujarat</common:Name>
                    <common:Name xml:lang="fr">Gujarat</common:Name>
                    <structure:Parent>
                        <Ref id="IND"/>
                    </structure:Parent>
                </structure:Code>
                <structure:Code id="IN13">
                    <common:Annotations>
                        <common:Annotation>
                            <common:AnnotationType>ORDER</common:AnnotationType>
                            <common:AnnotationText xml:lang="en">31360</common:AnnotationText>
                            <common:AnnotationText xml:lang="fr">31360</common:AnnotationText>
                        </common:Annotation>
                    </common:Annotations>
                    <common:Name xml:lang="en">Dadra &amp; Nagar Haveli</common:Name>
                    <common:Name xml:lang="fr">Dadra &amp; Nagar Haveli</common:Name>
                    <structure:Parent>
                        <Ref id="IND"/>
                    </structure:Parent>
                </structure:Code>
                <structure:Code id="IN14">
                    <common:Annotations>
                        <common:Annotation>
                            <common:AnnotationType>ORDER</common:AnnotationType>
                            <common:AnnotationText xml:lang="en">31370</common:AnnotationText>
                            <common:AnnotationText xml:lang="fr">31370</common:AnnotationText>
                        </common:Annotation>
                    </common:Annotations>
                    <common:Name xml:lang="en">Maharashtra</common:Name>
                    <common:Name xml:lang="fr">Maharashtra</common:Name>
                    <structure:Parent>
                        <Ref id="IND"/>
                    </structure:Parent>
                </structure:Code>
                <structure:Code id="IN15">
                    <common:Annotations>
                        <common:Annotation>
                            <common:AnnotationType>ORDER</common:AnnotationType>
                            <common:AnnotationText xml:lang="en">31380</common:AnnotationText>
                            <common:AnnotationText xml:lang="fr">31380</common:AnnotationText>
                        </common:Annotation>
                    </common:Annotations>
                    <common:Name xml:lang="en">Daman &amp; Diu</common:Name>
                    <common:Name xml:lang="fr">Daman &amp; Diu</common:Name>
                    <structure:Parent>
                        <Ref id="IND"/>
                    </structure:Parent>
                </structure:Code>
                <structure:Code id="IN16">
                    <common:Annotations>
                        <common:Annotation>
                            <common:AnnotationType>ORDER</common:AnnotationType>
                            <common:AnnotationText xml:lang="en">31390</common:AnnotationText>
                            <common:AnnotationText xml:lang="fr">31390</common:AnnotationText>
                        </common:Annotation>
                    </common:Annotations>
                    <common:Name xml:lang="en">Lakshadweep</common:Name>
                    <common:Name xml:lang="fr">Lakshadweep</common:Name>
                    <structure:Parent>
                        <Ref id="IND"/>
                    </structure:Parent>
                </structure:Code>
                <structure:Code id="IN17">
                    <common:Annotations>
                        <common:Annotation>
                            <common:AnnotationType>ORDER</common:AnnotationType>
                            <common:AnnotationText xml:lang="en">31400</common:AnnotationText>
                            <common:AnnotationText xml:lang="fr">31400</common:AnnotationText>
                        </common:Annotation>
                    </common:Annotations>
                    <common:Name xml:lang="en">Kerala</common:Name>
                    <common:Name xml:lang="fr">Kerala</common:Name>
                    <structure:Parent>
                        <Ref id="IND"/>
                    </structure:Parent>
                </structure:Code>
                <structure:Code id="IN18">
                    <common:Annotations>
                        <common:Annotation>
                            <common:AnnotationType>ORDER</common:AnnotationType>
                            <common:AnnotationText xml:lang="en">31410</common:AnnotationText>
                            <common:AnnotationText xml:lang="fr">31410</common:AnnotationText>
                        </common:Annotation>
                    </common:Annotations>
                    <common:Name xml:lang="en">Punjab</common:Name>
                    <common:Name xml:lang="fr">Punjab</common:Name>
                    <structure:Parent>
                        <Ref id="IND"/>
                    </structure:Parent>
                </structure:Code>
                <structure:Code id="IN19">
                    <common:Annotations>
                        <common:Annotation>
                            <common:AnnotationType>ORDER</common:AnnotationType>
                            <common:AnnotationText xml:lang="en">31420</common:AnnotationText>
                            <common:AnnotationText xml:lang="fr">31420</common:AnnotationText>
                        </common:Annotation>
                    </common:Annotations>
                    <common:Name xml:lang="en">Chandigarh</common:Name>
                    <common:Name xml:lang="fr">Chandigarh</common:Name>
                    <structure:Parent>
                        <Ref id="IND"/>
                    </structure:Parent>
                </structure:Code>
                <structure:Code id="IN20">
                    <common:Annotations>
                        <common:Annotation>
                            <common:AnnotationType>ORDER</common:AnnotationType>
                            <common:AnnotationText xml:lang="en">31430</common:AnnotationText>
                            <common:AnnotationText xml:lang="fr">31430</common:AnnotationText>
                        </common:Annotation>
                    </common:Annotations>
                    <common:Name xml:lang="en">Haryana</common:Name>
                    <common:Name xml:lang="fr">Haryana</common:Name>
                    <structure:Parent>
                        <Ref id="IND"/>
                    </structure:Parent>
                </structure:Code>
                <structure:Code id="IN21">
                    <common:Annotations>
                        <common:Annotation>
                            <common:AnnotationType>ORDER</common:AnnotationType>
                            <common:AnnotationText xml:lang="en">31440</common:AnnotationText>
                            <common:AnnotationText xml:lang="fr">31440</common:AnnotationText>
                        </common:Annotation>
                    </common:Annotations>
                    <common:Name xml:lang="en">Uttaranchal</common:Name>
                    <common:Name xml:lang="fr">Uttaranchal</common:Name>
                    <structure:Parent>
                        <Ref id="IND"/>
                    </structure:Parent>
                </structure:Code>
                <structure:Code id="IN22">
                    <common:Annotations>
                        <common:Annotation>
                            <common:AnnotationType>ORDER</common:AnnotationType>
                            <common:AnnotationText xml:lang="en">31450</common:AnnotationText>
                            <common:AnnotationText xml:lang="fr">31450</common:AnnotationText>
                        </common:Annotation>
                    </common:Annotations>
                    <common:Name xml:lang="en">Bihar</common:Name>
                    <common:Name xml:lang="fr">Bihar</common:Name>
                    <structure:Parent>
                        <Ref id="IND"/>
                    </structure:Parent>
                </structure:Code>
                <structure:Code id="IN23">
                    <common:Annotations>
                        <common:Annotation>
                            <common:AnnotationType>ORDER</common:AnnotationType>
                            <common:AnnotationText xml:lang="en">31460</common:AnnotationText>
                            <common:AnnotationText xml:lang="fr">31460</common:AnnotationText>
                        </common:Annotation>
                    </common:Annotations>
                    <common:Name xml:lang="en">Jharkhand</common:Name>
                    <common:Name xml:lang="fr">Jharkhand</common:Name>
                    <structure:Parent>
                        <Ref id="IND"/>
                    </structure:Parent>
                </structure:Code>
                <structure:Code id="IN24">
                    <common:Annotations>
                        <common:Annotation>
                            <common:AnnotationType>ORDER</common:AnnotationType>
                            <common:AnnotationText xml:lang="en">31470</common:AnnotationText>
                            <common:AnnotationText xml:lang="fr">31470</common:AnnotationText>
                        </common:Annotation>
                    </common:Annotations>
                    <common:Name xml:lang="en">Manipur</common:Name>
                    <common:Name xml:lang="fr">Manipur</common:Name>
                    <structure:Parent>
                        <Ref id="IND"/>
                    </structure:Parent>
                </structure:Code>
                <structure:Code id="IN25">
                    <common:Annotations>
                        <common:Annotation>
                            <common:AnnotationType>ORDER</common:AnnotationType>
                            <common:AnnotationText xml:lang="en">31480</common:AnnotationText>
                            <common:AnnotationText xml:lang="fr">31480</common:AnnotationText>
                        </common:Annotation>
                    </common:Annotations>
                    <common:Name xml:lang="en">Mizoram</common:Name>
                    <common:Name xml:lang="fr">Mizoram</common:Name>
                    <structure:Parent>
                        <Ref id="IND"/>
                    </structure:Parent>
                </structure:Code>
                <structure:Code id="IN26">
                    <common:Annotations>
                        <common:Annotation>
                            <common:AnnotationType>ORDER</common:AnnotationType>
                            <common:AnnotationText xml:lang="en">31490</common:AnnotationText>
                            <common:AnnotationText xml:lang="fr">31490</common:AnnotationText>
                        </common:Annotation>
                    </common:Annotations>
                    <common:Name xml:lang="en">Tripura</common:Name>
                    <common:Name xml:lang="fr">Tripura</common:Name>
                    <structure:Parent>
                        <Ref id="IND"/>
                    </structure:Parent>
                </structure:Code>
                <structure:Code id="IN27">
                    <common:Annotations>
                        <common:Annotation>
                            <common:AnnotationType>ORDER</common:AnnotationType>
                            <common:AnnotationText xml:lang="en">31500</common:AnnotationText>
                            <common:AnnotationText xml:lang="fr">31500</common:AnnotationText>
                        </common:Annotation>
                    </common:Annotations>
                    <common:Name xml:lang="en">Orissa</common:Name>
                    <common:Name xml:lang="fr">Orissa</common:Name>
                    <structure:Parent>
                        <Ref id="IND"/>
                    </structure:Parent>
                </structure:Code>
                <structure:Code id="IN28">
                    <common:Annotations>
                        <common:Annotation>
                            <common:AnnotationType>ORDER</common:AnnotationType>
                            <common:AnnotationText xml:lang="en">31510</common:AnnotationText>
                            <common:AnnotationText xml:lang="fr">31510</common:AnnotationText>
                        </common:Annotation>
                    </common:Annotations>
                    <common:Name xml:lang="en">Madhya Pradesh</common:Name>
                    <common:Name xml:lang="fr">Madhya Pradesh</common:Name>
                    <structure:Parent>
                        <Ref id="IND"/>
                    </structure:Parent>
                </structure:Code>
                <structure:Code id="IN29">
                    <common:Annotations>
                        <common:Annotation>
                            <common:AnnotationType>ORDER</common:AnnotationType>
                            <common:AnnotationText xml:lang="en">31520</common:AnnotationText>
                            <common:AnnotationText xml:lang="fr">31520</common:AnnotationText>
                        </common:Annotation>
                    </common:Annotations>
                    <common:Name xml:lang="en">Chhattisgarh</common:Name>
                    <common:Name xml:lang="fr">Chhattisgarh</common:Name>
                    <structure:Parent>
                        <Ref id="IND"/>
                    </structure:Parent>
                </structure:Code>
                <structure:Code id="IN30">
                    <common:Annotations>
                        <common:Annotation>
                            <common:AnnotationType>ORDER</common:AnnotationType>
                            <common:AnnotationText xml:lang="en">31530</common:AnnotationText>
                            <common:AnnotationText xml:lang="fr">31530</common:AnnotationText>
                        </common:Annotation>
                    </common:Annotations>
                    <common:Name xml:lang="en">Andhra Pradesh</common:Name>
                    <common:Name xml:lang="fr">Andhra Pradesh</common:Name>
                    <structure:Parent>
                        <Ref id="IND"/>
                    </structure:Parent>
                </structure:Code>
                <structure:Code id="IN31">
                    <common:Annotations>
                        <common:Annotation>
                            <common:AnnotationType>ORDER</common:AnnotationType>
                            <common:AnnotationText xml:lang="en">31540</common:AnnotationText>
                            <common:AnnotationText xml:lang="fr">31540</common:AnnotationText>
                        </common:Annotation>
                    </common:Annotations>
                    <common:Name xml:lang="en">Karnataka</common:Name>
                    <common:Name xml:lang="fr">Karnataka</common:Name>
                    <structure:Parent>
                        <Ref id="IND"/>
                    </structure:Parent>
                </structure:Code>
                <structure:Code id="IN32">
                    <common:Annotations>
                        <common:Annotation>
                            <common:AnnotationType>ORDER</common:AnnotationType>
                            <common:AnnotationText xml:lang="en">31550</common:AnnotationText>
                            <common:AnnotationText xml:lang="fr">31550</common:AnnotationText>
                        </common:Annotation>
                    </common:Annotations>
                    <common:Name xml:lang="en">Goa</common:Name>
                    <common:Name xml:lang="fr">Goa</common:Name>
                    <structure:Parent>
                        <Ref id="IND"/>
                    </structure:Parent>
                </structure:Code>
                <structure:Code id="IN33">
                    <common:Annotations>
                        <common:Annotation>
                            <common:AnnotationType>ORDER</common:AnnotationType>
                            <common:AnnotationText xml:lang="en">31560</common:AnnotationText>
                            <common:AnnotationText xml:lang="fr">31560</common:AnnotationText>
                        </common:Annotation>
                    </common:Annotations>
                    <common:Name xml:lang="en">Tamil Nadu</common:Name>
                    <common:Name xml:lang="fr">Tamil Nadu</common:Name>
                    <structure:Parent>
                        <Ref id="IND"/>
                    </structure:Parent>
                </structure:Code>
                <structure:Code id="IN34">
                    <common:Annotations>
                        <common:Annotation>
                            <common:AnnotationType>ORDER</common:AnnotationType>
                            <common:AnnotationText xml:lang="en">31570</common:AnnotationText>
                            <common:AnnotationText xml:lang="fr">31570</common:AnnotationText>
                        </common:Annotation>
                    </common:Annotations>
                    <common:Name xml:lang="en">Puducherry</common:Name>
                    <common:Name xml:lang="fr">Puducherry</common:Name>
                    <structure:Parent>
                        <Ref id="IND"/>
                    </structure:Parent>
                </structure:Code>
                <structure:Code id="IN35">
                    <common:Annotations>
                        <common:Annotation>
                            <common:AnnotationType>ORDER</common:AnnotationType>
                            <common:AnnotationText xml:lang="en">31580</common:AnnotationText>
                            <common:AnnotationText xml:lang="fr">31580</common:AnnotationText>
                        </common:Annotation>
                    </common:Annotations>
                    <common:Name xml:lang="en">Andaman and Nicobar Islands</common:Name>
                    <common:Name xml:lang="fr">Andaman and Nicobar Islands</common:Name>
                    <structure:Parent>
                        <Ref id="IND"/>
                    </structure:Parent>
                </structure:Code>
                <structure:Code id="IN36">
                    <common:Annotations>
                        <common:Annotation>
                            <common:AnnotationType>ORDER</common:AnnotationType>
                            <common:AnnotationText xml:lang="en">31590</common:AnnotationText>
                            <common:AnnotationText xml:lang="fr">31590</common:AnnotationText>
                        </common:Annotation>
                    </common:Annotations>
                    <common:Name xml:lang="en">Telangana</common:Name>
                    <common:Name xml:lang="fr">Telangana</common:Name>
                    <structure:Parent>
                        <Ref id="IND"/>
                    </structure:Parent>
                </structure:Code>
                <structure:Code id="IDN">
                    <common:Annotations>
                        <common:Annotation>
                            <common:AnnotationType>ORDER</common:AnnotationType>
                            <common:AnnotationText xml:lang="en">31600</common:AnnotationText>
                            <common:AnnotationText xml:lang="fr">31600</common:AnnotationText>
                        </common:Annotation>
                    </common:Annotations>
                    <common:Name xml:lang="en">Indonesia</common:Name>
                    <common:Name xml:lang="fr">Indonésie</common:Name>
                </structure:Code>
                <structure:Code id="ID01">
                    <common:Annotations>
                        <common:Annotation>
                            <common:AnnotationType>ORDER</common:AnnotationType>
                            <common:AnnotationText xml:lang="en">31610</common:AnnotationText>
                            <common:AnnotationText xml:lang="fr">31610</common:AnnotationText>
                        </common:Annotation>
                    </common:Annotations>
                    <common:Name xml:lang="en">DKI Jakarta Province</common:Name>
                    <common:Name xml:lang="fr">DKI Jakarta Province</common:Name>
                    <structure:Parent>
                        <Ref id="IDN"/>
                    </structure:Parent>
                </structure:Code>
                <structure:Code id="ID02">
                    <common:Annotations>
                        <common:Annotation>
                            <common:AnnotationType>ORDER</common:AnnotationType>
                            <common:AnnotationText xml:lang="en">31620</common:AnnotationText>
                            <common:AnnotationText xml:lang="fr">31620</common:AnnotationText>
                        </common:Annotation>
                    </common:Annotations>
                    <common:Name xml:lang="en">Banten Province</common:Name>
                    <common:Name xml:lang="fr">Banten Province</common:Name>
                    <structure:Parent>
                        <Ref id="IDN"/>
                    </structure:Parent>
                </structure:Code>
                <structure:Code id="ID03">
                    <common:Annotations>
                        <common:Annotation>
                            <common:AnnotationType>ORDER</common:AnnotationType>
                            <common:AnnotationText xml:lang="en">31630</common:AnnotationText>
                            <common:AnnotationText xml:lang="fr">31630</common:AnnotationText>
                        </common:Annotation>
                    </common:Annotations>
                    <common:Name xml:lang="en">D.I. Yogyakarta Province</common:Name>
                    <common:Name xml:lang="fr">D.I. Yogyakarta Province</common:Name>
                    <structure:Parent>
                        <Ref id="IDN"/>
                    </structure:Parent>
                </structure:Code>
                <structure:Code id="ID04">
                    <common:Annotations>
                        <common:Annotation>
                            <common:AnnotationType>ORDER</common:AnnotationType>
                            <common:AnnotationText xml:lang="en">31640</common:AnnotationText>
                            <common:AnnotationText xml:lang="fr">31640</common:AnnotationText>
                        </common:Annotation>
                    </common:Annotations>
                    <common:Name xml:lang="en">West Java Province</common:Name>
                    <common:Name xml:lang="fr">West Java Province</common:Name>
                    <structure:Parent>
                        <Ref id="IDN"/>
                    </structure:Parent>
                </structure:Code>
                <structure:Code id="ID05">
                    <common:Annotations>
                        <common:Annotation>
                            <common:AnnotationType>ORDER</common:AnnotationType>
                            <common:AnnotationText xml:lang="en">31650</common:AnnotationText>
                            <common:AnnotationText xml:lang="fr">31650</common:AnnotationText>
                        </common:Annotation>
                    </common:Annotations>
                    <common:Name xml:lang="en">East Java Province</common:Name>
                    <common:Name xml:lang="fr">East Java Province</common:Name>
                    <structure:Parent>
                        <Ref id="IDN"/>
                    </structure:Parent>
                </structure:Code>
                <structure:Code id="ID06">
                    <common:Annotations>
                        <common:Annotation>
                            <common:AnnotationType>ORDER</common:AnnotationType>
                            <common:AnnotationText xml:lang="en">31660</common:AnnotationText>
                            <common:AnnotationText xml:lang="fr">31660</common:AnnotationText>
                        </common:Annotation>
                    </common:Annotations>
                    <common:Name xml:lang="en">Central Java Province</common:Name>
                    <common:Name xml:lang="fr">Central Java Province</common:Name>
                    <structure:Parent>
                        <Ref id="IDN"/>
                    </structure:Parent>
                </structure:Code>
                <structure:Code id="ID07">
                    <common:Annotations>
                        <common:Annotation>
                            <common:AnnotationType>ORDER</common:AnnotationType>
                            <common:AnnotationText xml:lang="en">31670</common:AnnotationText>
                            <common:AnnotationText xml:lang="fr">31670</common:AnnotationText>
                        </common:Annotation>
                    </common:Annotations>
                    <common:Name xml:lang="en">Bali Province</common:Name>
                    <common:Name xml:lang="fr">Bali Province</common:Name>
                    <structure:Parent>
                        <Ref id="IDN"/>
                    </structure:Parent>
                </structure:Code>
                <structure:Code id="ID08">
                    <common:Annotations>
                        <common:Annotation>
                            <common:AnnotationType>ORDER</common:AnnotationType>
                            <common:AnnotationText xml:lang="en">31680</common:AnnotationText>
                            <common:AnnotationText xml:lang="fr">31680</common:AnnotationText>
                        </common:Annotation>
                    </common:Annotations>
                    <common:Name xml:lang="en">Aceh Province</common:Name>
                    <common:Name xml:lang="fr">Aceh Province</common:Name>
                    <structure:Parent>
                        <Ref id="IDN"/>
                    </structure:Parent>
                </structure:Code>
                <structure:Code id="ID09">
                    <common:Annotations>
                        <common:Annotation>
                            <common:AnnotationType>ORDER</common:AnnotationType>
                            <common:AnnotationText xml:lang="en">31690</common:AnnotationText>
                            <common:AnnotationText xml:lang="fr">31690</common:AnnotationText>
                        </common:Annotation>
                    </common:Annotations>
                    <common:Name xml:lang="en">North Sumatera Province</common:Name>
                    <common:Name xml:lang="fr">North Sumatera Province</common:Name>
                    <structure:Parent>
                        <Ref id="IDN"/>
                    </structure:Parent>
                </structure:Code>
                <structure:Code id="ID10">
                    <common:Annotations>
                        <common:Annotation>
                            <common:AnnotationType>ORDER</common:AnnotationType>
                            <common:AnnotationText xml:lang="en">31700</common:AnnotationText>
                            <common:AnnotationText xml:lang="fr">31700</common:AnnotationText>
                        </common:Annotation>
                    </common:Annotations>
                    <common:Name xml:lang="en">Bengkulu Province</common:Name>
                    <common:Name xml:lang="fr">Bengkulu Province</common:Name>
                    <structure:Parent>
                        <Ref id="IDN"/>
                    </structure:Parent>
                </structure:Code>
                <structure:Code id="ID11">
                    <common:Annotations>
                        <common:Annotation>
                            <common:AnnotationType>ORDER</common:AnnotationType>
                            <common:AnnotationText xml:lang="en">31710</common:AnnotationText>
                            <common:AnnotationText xml:lang="fr">31710</common:AnnotationText>
                        </common:Annotation>
                    </common:Annotations>
                    <common:Name xml:lang="en">Riau Province</common:Name>
                    <common:Name xml:lang="fr">Riau Province</common:Name>
                    <structure:Parent>
                        <Ref id="IDN"/>
                    </structure:Parent>
                </structure:Code>
                <structure:Code id="ID12">
                    <common:Annotations>
                        <common:Annotation>
                            <common:AnnotationType>ORDER</common:AnnotationType>
                            <common:AnnotationText xml:lang="en">31720</common:AnnotationText>
                            <common:AnnotationText xml:lang="fr">31720</common:AnnotationText>
                        </common:Annotation>
                    </common:Annotations>
                    <common:Name xml:lang="en">Riau Mainland Province</common:Name>
                    <common:Name xml:lang="fr">Riau Mainland Province</common:Name>
                    <structure:Parent>
                        <Ref id="IDN"/>
                    </structure:Parent>
                </structure:Code>
                <structure:Code id="ID13">
                    <common:Annotations>
                        <common:Annotation>
                            <common:AnnotationType>ORDER</common:AnnotationType>
                            <common:AnnotationText xml:lang="en">31730</common:AnnotationText>
                            <common:AnnotationText xml:lang="fr">31730</common:AnnotationText>
                        </common:Annotation>
                    </common:Annotations>
                    <common:Name xml:lang="en">West Sumatera Province</common:Name>
                    <common:Name xml:lang="fr">West Sumatera Province</common:Name>
                    <structure:Parent>
                        <Ref id="IDN"/>
                    </structure:Parent>
                </structure:Code>
                <structure:Code id="ID14">
                    <common:Annotations>
                        <common:Annotation>
                            <common:AnnotationType>ORDER</common:AnnotationType>
                            <common:AnnotationText xml:lang="en">31740</common:AnnotationText>
                            <common:AnnotationText xml:lang="fr">31740</common:AnnotationText>
                        </common:Annotation>
                    </common:Annotations>
                    <common:Name xml:lang="en">South Sumatera Province</common:Name>
                    <common:Name xml:lang="fr">South Sumatera Province</common:Name>
                    <structure:Parent>
                        <Ref id="IDN"/>
                    </structure:Parent>
                </structure:Code>
                <structure:Code id="ID15">
                    <common:Annotations>
                        <common:Annotation>
                            <common:AnnotationType>ORDER</common:AnnotationType>
                            <common:AnnotationText xml:lang="en">31750</common:AnnotationText>
                            <common:AnnotationText xml:lang="fr">31750</common:AnnotationText>
                        </common:Annotation>
                    </common:Annotations>
                    <common:Name xml:lang="en">Bangka Belitung Province</common:Name>
                    <common:Name xml:lang="fr">Bangka Belitung Province</common:Name>
                    <structure:Parent>
                        <Ref id="IDN"/>
                    </structure:Parent>
                </structure:Code>
                <structure:Code id="ID16">
                    <common:Annotations>
                        <common:Annotation>
                            <common:AnnotationType>ORDER</common:AnnotationType>
                            <common:AnnotationText xml:lang="en">31760</common:AnnotationText>
                            <common:AnnotationText xml:lang="fr">31760</common:AnnotationText>
                        </common:Annotation>
                    </common:Annotations>
                    <common:Name xml:lang="en">Jambi Province</common:Name>
                    <common:Name xml:lang="fr">Jambi Province</common:Name>
                    <structure:Parent>
                        <Ref id="IDN"/>
                    </structure:Parent>
                </structure:Code>
                <structure:Code id="ID17">
                    <common:Annotations>
                        <common:Annotation>
                            <common:AnnotationType>ORDER</common:AnnotationType>
                            <common:AnnotationText xml:lang="en">31770</common:AnnotationText>
                            <common:AnnotationText xml:lang="fr">31770</common:AnnotationText>
                        </common:Annotation>
                    </common:Annotations>
                    <common:Name xml:lang="en">Lampung Province</common:Name>
                    <common:Name xml:lang="fr">Lampung Province</common:Name>
                    <structure:Parent>
                        <Ref id="IDN"/>
                    </structure:Parent>
                </structure:Code>
                <structure:Code id="ID18">
                    <common:Annotations>
                        <common:Annotation>
                            <common:AnnotationType>ORDER</common:AnnotationType>
                            <common:AnnotationText xml:lang="en">31780</common:AnnotationText>
                            <common:AnnotationText xml:lang="fr">31780</common:AnnotationText>
                        </common:Annotation>
                    </common:Annotations>
                    <common:Name xml:lang="en">Papua Province</common:Name>
                    <common:Name xml:lang="fr">Papua Province</common:Name>
                    <structure:Parent>
                        <Ref id="IDN"/>
                    </structure:Parent>
                </structure:Code>
                <structure:Code id="ID19">
                    <common:Annotations>
                        <common:Annotation>
                            <common:AnnotationType>ORDER</common:AnnotationType>
                            <common:AnnotationText xml:lang="en">31790</common:AnnotationText>
                            <common:AnnotationText xml:lang="fr">31790</common:AnnotationText>
                        </common:Annotation>
                    </common:Annotations>
                    <common:Name xml:lang="en">West Papua Province</common:Name>
                    <common:Name xml:lang="fr">West Papua Province</common:Name>
                    <structure:Parent>
                        <Ref id="IDN"/>
                    </structure:Parent>
                </structure:Code>
                <structure:Code id="ID20">
                    <common:Annotations>
                        <common:Annotation>
                            <common:AnnotationType>ORDER</common:AnnotationType>
                            <common:AnnotationText xml:lang="en">31800</common:AnnotationText>
                            <common:AnnotationText xml:lang="fr">31800</common:AnnotationText>
                        </common:Annotation>
                    </common:Annotations>
                    <common:Name xml:lang="en">Gorontalo Province</common:Name>
                    <common:Name xml:lang="fr">Gorontalo Province</common:Name>
                    <structure:Parent>
                        <Ref id="IDN"/>
                    </structure:Parent>
                </structure:Code>
                <structure:Code id="ID21">
                    <common:Annotations>
                        <common:Annotation>
                            <common:AnnotationType>ORDER</common:AnnotationType>
                            <common:AnnotationText xml:lang="en">31810</common:AnnotationText>
                            <common:AnnotationText xml:lang="fr">31810</common:AnnotationText>
                        </common:Annotation>
                    </common:Annotations>
                    <common:Name xml:lang="en">West Kalimantan Province</common:Name>
                    <common:Name xml:lang="fr">West Kalimantan Province</common:Name>
                    <structure:Parent>
                        <Ref id="IDN"/>
                    </structure:Parent>
                </structure:Code>
                <structure:Code id="ID22">
                    <common:Annotations>
                        <common:Annotation>
                            <common:AnnotationType>ORDER</common:AnnotationType>
                            <common:AnnotationText xml:lang="en">31820</common:AnnotationText>
                            <common:AnnotationText xml:lang="fr">31820</common:AnnotationText>
                        </common:Annotation>
                    </common:Annotations>
                    <common:Name xml:lang="en">South Kalimantan Province</common:Name>
                    <common:Name xml:lang="fr">South Kalimantan Province</common:Name>
                    <structure:Parent>
                        <Ref id="IDN"/>
                    </structure:Parent>
                </structure:Code>
                <structure:Code id="ID23">
                    <common:Annotations>
                        <common:Annotation>
                            <common:AnnotationType>ORDER</common:AnnotationType>
                            <common:AnnotationText xml:lang="en">31830</common:AnnotationText>
                            <common:AnnotationText xml:lang="fr">31830</common:AnnotationText>
                        </common:Annotation>
                    </common:Annotations>
                    <common:Name xml:lang="en">Middle Kalimantan Province</common:Name>
                    <common:Name xml:lang="fr">Middle Kalimantan Province</common:Name>
                    <structure:Parent>
                        <Ref id="IDN"/>
                    </structure:Parent>
                </structure:Code>
                <structure:Code id="ID24">
                    <common:Annotations>
                        <common:Annotation>
                            <common:AnnotationType>ORDER</common:AnnotationType>
                            <common:AnnotationText xml:lang="en">31840</common:AnnotationText>
                            <common:AnnotationText xml:lang="fr">31840</common:AnnotationText>
                        </common:Annotation>
                    </common:Annotations>
                    <common:Name xml:lang="en">East Kalimantan Province</common:Name>
                    <common:Name xml:lang="fr">East Kalimantan Province</common:Name>
                    <structure:Parent>
                        <Ref id="IDN"/>
                    </structure:Parent>
                </structure:Code>
                <structure:Code id="ID25">
                    <common:Annotations>
                        <common:Annotation>
                            <common:AnnotationType>ORDER</common:AnnotationType>
                            <common:AnnotationText xml:lang="en">31850</common:AnnotationText>
                            <common:AnnotationText xml:lang="fr">31850</common:AnnotationText>
                        </common:Annotation>
                    </common:Annotations>
                    <common:Name xml:lang="en">Maluku Province</common:Name>
                    <common:Name xml:lang="fr">Maluku Province</common:Name>
                    <structure:Parent>
                        <Ref id="IDN"/>
                    </structure:Parent>
                </structure:Code>
                <structure:Code id="ID26">
                    <common:Annotations>
                        <common:Annotation>
                            <common:AnnotationType>ORDER</common:AnnotationType>
                            <common:AnnotationText xml:lang="en">31860</common:AnnotationText>
                            <common:AnnotationText xml:lang="fr">31860</common:AnnotationText>
                        </common:Annotation>
                    </common:Annotations>
                    <common:Name xml:lang="en">North Maluku Province</common:Name>
                    <common:Name xml:lang="fr">North Maluku Province</common:Name>
                    <structure:Parent>
                        <Ref id="IDN"/>
                    </structure:Parent>
                </structure:Code>
                <structure:Code id="ID27">
                    <common:Annotations>
                        <common:Annotation>
                            <common:AnnotationType>ORDER</common:AnnotationType>
                            <common:AnnotationText xml:lang="en">31870</common:AnnotationText>
                            <common:AnnotationText xml:lang="fr">31870</common:AnnotationText>
                        </common:Annotation>
                    </common:Annotations>
                    <common:Name xml:lang="en">South East Sulawesi Province</common:Name>
                    <common:Name xml:lang="fr">South East Sulawesi Province</common:Name>
                    <structure:Parent>
                        <Ref id="IDN"/>
                    </structure:Parent>
                </structure:Code>
                <structure:Code id="ID28">
                    <common:Annotations>
                        <common:Annotation>
                            <common:AnnotationType>ORDER</common:AnnotationType>
                            <common:AnnotationText xml:lang="en">31880</common:AnnotationText>
                            <common:AnnotationText xml:lang="fr">31880</common:AnnotationText>
                        </common:Annotation>
                    </common:Annotations>
                    <common:Name xml:lang="en">North Sulawesi Province</common:Name>
                    <common:Name xml:lang="fr">North Sulawesi Province</common:Name>
                    <structure:Parent>
                        <Ref id="IDN"/>
                    </structure:Parent>
                </structure:Code>
                <structure:Code id="ID29">
                    <common:Annotations>
                        <common:Annotation>
                            <common:AnnotationType>ORDER</common:AnnotationType>
                            <common:AnnotationText xml:lang="en">31890</common:AnnotationText>
                            <common:AnnotationText xml:lang="fr">31890</common:AnnotationText>
                        </common:Annotation>
                    </common:Annotations>
                    <common:Name xml:lang="en">South Sulawesi Province</common:Name>
                    <common:Name xml:lang="fr">South Sulawesi Province</common:Name>
                    <structure:Parent>
                        <Ref id="IDN"/>
                    </structure:Parent>
                </structure:Code>
                <structure:Code id="ID30">
                    <common:Annotations>
                        <common:Annotation>
                            <common:AnnotationType>ORDER</common:AnnotationType>
                            <common:AnnotationText xml:lang="en">31900</common:AnnotationText>
                            <common:AnnotationText xml:lang="fr">31900</common:AnnotationText>
                        </common:Annotation>
                    </common:Annotations>
                    <common:Name xml:lang="en">Middle Sulawesi Province</common:Name>
                    <common:Name xml:lang="fr">Middle Sulawesi Province</common:Name>
                    <structure:Parent>
                        <Ref id="IDN"/>
                    </structure:Parent>
                </structure:Code>
                <structure:Code id="ID31">
                    <common:Annotations>
                        <common:Annotation>
                            <common:AnnotationType>ORDER</common:AnnotationType>
                            <common:AnnotationText xml:lang="en">31910</common:AnnotationText>
                            <common:AnnotationText xml:lang="fr">31910</common:AnnotationText>
                        </common:Annotation>
                    </common:Annotations>
                    <common:Name xml:lang="en">West Sulawesi Province</common:Name>
                    <common:Name xml:lang="fr">West Sulawesi Province</common:Name>
                    <structure:Parent>
                        <Ref id="IDN"/>
                    </structure:Parent>
                </structure:Code>
                <structure:Code id="ID32">
                    <common:Annotations>
                        <common:Annotation>
                            <common:AnnotationType>ORDER</common:AnnotationType>
                            <common:AnnotationText xml:lang="en">31920</common:AnnotationText>
                            <common:AnnotationText xml:lang="fr">31920</common:AnnotationText>
                        </common:Annotation>
                    </common:Annotations>
                    <common:Name xml:lang="en">Western Lesser Sundas Province</common:Name>
                    <common:Name xml:lang="fr">Western Lesser Sundas Province</common:Name>
                    <structure:Parent>
                        <Ref id="IDN"/>
                    </structure:Parent>
                </structure:Code>
                <structure:Code id="ID33">
                    <common:Annotations>
                        <common:Annotation>
                            <common:AnnotationType>ORDER</common:AnnotationType>
                            <common:AnnotationText xml:lang="en">31930</common:AnnotationText>
                            <common:AnnotationText xml:lang="fr">31930</common:AnnotationText>
                        </common:Annotation>
                    </common:Annotations>
                    <common:Name xml:lang="en">Eastern Lesser Sundas Province</common:Name>
                    <common:Name xml:lang="fr">Eastern Lesser Sundas Province</common:Name>
                    <structure:Parent>
                        <Ref id="IDN"/>
                    </structure:Parent>
                </structure:Code>
                <structure:Code id="IRN">
                    <common:Annotations>
                        <common:Annotation>
                            <common:AnnotationType>ORDER</common:AnnotationType>
                            <common:AnnotationText xml:lang="en">31940</common:AnnotationText>
                            <common:AnnotationText xml:lang="fr">31940</common:AnnotationText>
                        </common:Annotation>
                    </common:Annotations>
                    <common:Name xml:lang="en">Iran</common:Name>
                    <common:Name xml:lang="fr">Iran</common:Name>
                </structure:Code>
                <structure:Code id="IRQ">
                    <common:Annotations>
                        <common:Annotation>
                            <common:AnnotationType>ORDER</common:AnnotationType>
                            <common:AnnotationText xml:lang="en">31950</common:AnnotationText>
                            <common:AnnotationText xml:lang="fr">31950</common:AnnotationText>
                        </common:Annotation>
                    </common:Annotations>
                    <common:Name xml:lang="en">Iraq</common:Name>
                    <common:Name xml:lang="fr">Iraq</common:Name>
                </structure:Code>
                <structure:Code id="JAM">
                    <common:Annotations>
                        <common:Annotation>
                            <common:AnnotationType>ORDER</common:AnnotationType>
                            <common:AnnotationText xml:lang="en">31960</common:AnnotationText>
                            <common:AnnotationText xml:lang="fr">31960</common:AnnotationText>
                        </common:Annotation>
                    </common:Annotations>
                    <common:Name xml:lang="en">Jamaica</common:Name>
                    <common:Name xml:lang="fr">Jamaïque</common:Name>
                </structure:Code>
                <structure:Code id="JOR">
                    <common:Annotations>
                        <common:Annotation>
                            <common:AnnotationType>ORDER</common:AnnotationType>
                            <common:AnnotationText xml:lang="en">31970</common:AnnotationText>
                            <common:AnnotationText xml:lang="fr">31970</common:AnnotationText>
                        </common:Annotation>
                    </common:Annotations>
                    <common:Name xml:lang="en">Jordan</common:Name>
                    <common:Name xml:lang="fr">Jordanie</common:Name>
                </structure:Code>
                <structure:Code id="KAZ">
                    <common:Annotations>
                        <common:Annotation>
                            <common:AnnotationType>ORDER</common:AnnotationType>
                            <common:AnnotationText xml:lang="en">31980</common:AnnotationText>
                            <common:AnnotationText xml:lang="fr">31980</common:AnnotationText>
                        </common:Annotation>
                    </common:Annotations>
                    <common:Name xml:lang="en">Kazakhstan</common:Name>
                    <common:Name xml:lang="fr">Kazakhstan</common:Name>
                </structure:Code>
                <structure:Code id="KEN">
                    <common:Annotations>
                        <common:Annotation>
                            <common:AnnotationType>ORDER</common:AnnotationType>
                            <common:AnnotationText xml:lang="en">31990</common:AnnotationText>
                            <common:AnnotationText xml:lang="fr">31990</common:AnnotationText>
                        </common:Annotation>
                    </common:Annotations>
                    <common:Name xml:lang="en">Kenya</common:Name>
                    <common:Name xml:lang="fr">Kenya</common:Name>
                </structure:Code>
                <structure:Code id="KIR">
                    <common:Annotations>
                        <common:Annotation>
                            <common:AnnotationType>ORDER</common:AnnotationType>
                            <common:AnnotationText xml:lang="en">32000</common:AnnotationText>
                            <common:AnnotationText xml:lang="fr">32000</common:AnnotationText>
                        </common:Annotation>
                    </common:Annotations>
                    <common:Name xml:lang="en">Kiribati</common:Name>
                    <common:Name xml:lang="fr">Kiribati</common:Name>
                </structure:Code>
                <structure:Code id="XKV">
                    <common:Annotations>
                        <common:Annotation>
                            <common:AnnotationType>ORDER</common:AnnotationType>
                            <common:AnnotationText xml:lang="en">32010</common:AnnotationText>
                            <common:AnnotationText xml:lang="fr">32010</common:AnnotationText>
                        </common:Annotation>
                    </common:Annotations>
                    <common:Name xml:lang="en">Kosovo</common:Name>
                    <common:Name xml:lang="fr">Kosovo</common:Name>
                </structure:Code>
                <structure:Code id="KWT">
                    <common:Annotations>
                        <common:Annotation>
                            <common:AnnotationType>ORDER</common:AnnotationType>
                            <common:AnnotationText xml:lang="en">32020</common:AnnotationText>
                            <common:AnnotationText xml:lang="fr">32020</common:AnnotationText>
                        </common:Annotation>
                    </common:Annotations>
                    <common:Name xml:lang="en">Kuwait</common:Name>
                    <common:Name xml:lang="fr">Koweït</common:Name>
                </structure:Code>
                <structure:Code id="KGZ">
                    <common:Annotations>
                        <common:Annotation>
                            <common:AnnotationType>ORDER</common:AnnotationType>
                            <common:AnnotationText xml:lang="en">32030</common:AnnotationText>
                            <common:AnnotationText xml:lang="fr">32030</common:AnnotationText>
                        </common:Annotation>
                    </common:Annotations>
                    <common:Name xml:lang="en">Kyrgyzstan</common:Name>
                    <common:Name xml:lang="fr">Kirghizistan</common:Name>
                </structure:Code>
                <structure:Code id="LAO">
                    <common:Annotations>
                        <common:Annotation>
                            <common:AnnotationType>ORDER</common:AnnotationType>
                            <common:AnnotationText xml:lang="en">32040</common:AnnotationText>
                            <common:AnnotationText xml:lang="fr">32040</common:AnnotationText>
                        </common:Annotation>
                    </common:Annotations>
                    <common:Name xml:lang="en">Lao People’s Democratic Republic</common:Name>
                    <common:Name xml:lang="fr">République démocratique populaire lao</common:Name>
                </structure:Code>
                <structure:Code id="LBN">
                    <common:Annotations>
                        <common:Annotation>
                            <common:AnnotationType>ORDER</common:AnnotationType>
                            <common:AnnotationText xml:lang="en">32050</common:AnnotationText>
                            <common:AnnotationText xml:lang="fr">32050</common:AnnotationText>
                        </common:Annotation>
                    </common:Annotations>
                    <common:Name xml:lang="en">Lebanon</common:Name>
                    <common:Name xml:lang="fr">Liban</common:Name>
                </structure:Code>
                <structure:Code id="LSO">
                    <common:Annotations>
                        <common:Annotation>
                            <common:AnnotationType>ORDER</common:AnnotationType>
                            <common:AnnotationText xml:lang="en">32060</common:AnnotationText>
                            <common:AnnotationText xml:lang="fr">32060</common:AnnotationText>
                        </common:Annotation>
                    </common:Annotations>
                    <common:Name xml:lang="en">Lesotho</common:Name>
                    <common:Name xml:lang="fr">Lesotho</common:Name>
                </structure:Code>
                <structure:Code id="LBR">
                    <common:Annotations>
                        <common:Annotation>
                            <common:AnnotationType>ORDER</common:AnnotationType>
                            <common:AnnotationText xml:lang="en">32070</common:AnnotationText>
                            <common:AnnotationText xml:lang="fr">32070</common:AnnotationText>
                        </common:Annotation>
                    </common:Annotations>
                    <common:Name xml:lang="en">Liberia</common:Name>
                    <common:Name xml:lang="fr">Libéria</common:Name>
                </structure:Code>
                <structure:Code id="LBY">
                    <common:Annotations>
                        <common:Annotation>
                            <common:AnnotationType>ORDER</common:AnnotationType>
                            <common:AnnotationText xml:lang="en">32080</common:AnnotationText>
                            <common:AnnotationText xml:lang="fr">32080</common:AnnotationText>
                        </common:Annotation>
                    </common:Annotations>
                    <common:Name xml:lang="en">Libya</common:Name>
                    <common:Name xml:lang="fr">Libye</common:Name>
                </structure:Code>
                <structure:Code id="LIE">
                    <common:Annotations>
                        <common:Annotation>
                            <common:AnnotationType>ORDER</common:AnnotationType>
                            <common:AnnotationText xml:lang="en">32090</common:AnnotationText>
                            <common:AnnotationText xml:lang="fr">32090</common:AnnotationText>
                        </common:Annotation>
                    </common:Annotations>
                    <common:Name xml:lang="en">Liechtenstein</common:Name>
                    <common:Name xml:lang="fr">Liechtenstein</common:Name>
                </structure:Code>
                <structure:Code id="MDG">
                    <common:Annotations>
                        <common:Annotation>
                            <common:AnnotationType>ORDER</common:AnnotationType>
                            <common:AnnotationText xml:lang="en">32100</common:AnnotationText>
                            <common:AnnotationText xml:lang="fr">32100</common:AnnotationText>
                        </common:Annotation>
                    </common:Annotations>
                    <common:Name xml:lang="en">Madagascar</common:Name>
                    <common:Name xml:lang="fr">Madagascar</common:Name>
                </structure:Code>
                <structure:Code id="MWI">
                    <common:Annotations>
                        <common:Annotation>
                            <common:AnnotationType>ORDER</common:AnnotationType>
                            <common:AnnotationText xml:lang="en">32110</common:AnnotationText>
                            <common:AnnotationText xml:lang="fr">32110</common:AnnotationText>
                        </common:Annotation>
                    </common:Annotations>
                    <common:Name xml:lang="en">Malawi</common:Name>
                    <common:Name xml:lang="fr">Malawi</common:Name>
                </structure:Code>
                <structure:Code id="MYS">
                    <common:Annotations>
                        <common:Annotation>
                            <common:AnnotationType>ORDER</common:AnnotationType>
                            <common:AnnotationText xml:lang="en">32120</common:AnnotationText>
                            <common:AnnotationText xml:lang="fr">32120</common:AnnotationText>
                        </common:Annotation>
                    </common:Annotations>
                    <common:Name xml:lang="en">Malaysia</common:Name>
                    <common:Name xml:lang="fr">Malaisie</common:Name>
                </structure:Code>
                <structure:Code id="MDV">
                    <common:Annotations>
                        <common:Annotation>
                            <common:AnnotationType>ORDER</common:AnnotationType>
                            <common:AnnotationText xml:lang="en">32130</common:AnnotationText>
                            <common:AnnotationText xml:lang="fr">32130</common:AnnotationText>
                        </common:Annotation>
                    </common:Annotations>
                    <common:Name xml:lang="en">Maldives</common:Name>
                    <common:Name xml:lang="fr">Maldives</common:Name>
                </structure:Code>
                <structure:Code id="MLI">
                    <common:Annotations>
                        <common:Annotation>
                            <common:AnnotationType>ORDER</common:AnnotationType>
                            <common:AnnotationText xml:lang="en">32140</common:AnnotationText>
                            <common:AnnotationText xml:lang="fr">32140</common:AnnotationText>
                        </common:Annotation>
                    </common:Annotations>
                    <common:Name xml:lang="en">Mali</common:Name>
                    <common:Name xml:lang="fr">Mali</common:Name>
                </structure:Code>
                <structure:Code id="MLT">
                    <common:Annotations>
                        <common:Annotation>
                            <common:AnnotationType>ORDER</common:AnnotationType>
                            <common:AnnotationText xml:lang="en">32150</common:AnnotationText>
                            <common:AnnotationText xml:lang="fr">32150</common:AnnotationText>
                        </common:Annotation>
                    </common:Annotations>
                    <common:Name xml:lang="en">Malta</common:Name>
                    <common:Name xml:lang="fr">Malte</common:Name>
                </structure:Code>
                <structure:Code id="MT00">
                    <common:Annotations>
                        <common:Annotation>
                            <common:AnnotationType>ORDER</common:AnnotationType>
                            <common:AnnotationText xml:lang="en">32160</common:AnnotationText>
                            <common:AnnotationText xml:lang="fr">32160</common:AnnotationText>
                        </common:Annotation>
                    </common:Annotations>
                    <common:Name xml:lang="en">Malta</common:Name>
                    <common:Name xml:lang="fr">Malta</common:Name>
                    <structure:Parent>
                        <Ref id="MLT"/>
                    </structure:Parent>
                </structure:Code>
                <structure:Code id="MT001">
                    <common:Annotations>
                        <common:Annotation>
                            <common:AnnotationType>ORDER</common:AnnotationType>
                            <common:AnnotationText xml:lang="en">32170</common:AnnotationText>
                            <common:AnnotationText xml:lang="fr">32170</common:AnnotationText>
                        </common:Annotation>
                    </common:Annotations>
                    <common:Name xml:lang="en">Malta</common:Name>
                    <common:Name xml:lang="fr">Malta</common:Name>
                    <structure:Parent>
                        <Ref id="MT00"/>
                    </structure:Parent>
                </structure:Code>
                <structure:Code id="MT002">
                    <common:Annotations>
                        <common:Annotation>
                            <common:AnnotationType>ORDER</common:AnnotationType>
                            <common:AnnotationText xml:lang="en">32180</common:AnnotationText>
                            <common:AnnotationText xml:lang="fr">32180</common:AnnotationText>
                        </common:Annotation>
                    </common:Annotations>
                    <common:Name xml:lang="en">Malta</common:Name>
                    <common:Name xml:lang="fr">Malta</common:Name>
                    <structure:Parent>
                        <Ref id="MT00"/>
                    </structure:Parent>
                </structure:Code>
                <structure:Code id="MHL">
                    <common:Annotations>
                        <common:Annotation>
                            <common:AnnotationType>ORDER</common:AnnotationType>
                            <common:AnnotationText xml:lang="en">32190</common:AnnotationText>
                            <common:AnnotationText xml:lang="fr">32190</common:AnnotationText>
                        </common:Annotation>
                    </common:Annotations>
                    <common:Name xml:lang="en">Marshall Islands</common:Name>
                    <common:Name xml:lang="fr">Îles Marshall</common:Name>
                </structure:Code>
                <structure:Code id="MRT">
                    <common:Annotations>
                        <common:Annotation>
                            <common:AnnotationType>ORDER</common:AnnotationType>
                            <common:AnnotationText xml:lang="en">32200</common:AnnotationText>
                            <common:AnnotationText xml:lang="fr">32200</common:AnnotationText>
                        </common:Annotation>
                    </common:Annotations>
                    <common:Name xml:lang="en">Mauritania</common:Name>
                    <common:Name xml:lang="fr">Mauritanie</common:Name>
                </structure:Code>
                <structure:Code id="MUS">
                    <common:Annotations>
                        <common:Annotation>
                            <common:AnnotationType>ORDER</common:AnnotationType>
                            <common:AnnotationText xml:lang="en">32210</common:AnnotationText>
                            <common:AnnotationText xml:lang="fr">32210</common:AnnotationText>
                        </common:Annotation>
                    </common:Annotations>
                    <common:Name xml:lang="en">Mauritius</common:Name>
                    <common:Name xml:lang="fr">Maurice</common:Name>
                </structure:Code>
                <structure:Code id="FSM">
                    <common:Annotations>
                        <common:Annotation>
                            <common:AnnotationType>ORDER</common:AnnotationType>
                            <common:AnnotationText xml:lang="en">32220</common:AnnotationText>
                            <common:AnnotationText xml:lang="fr">32220</common:AnnotationText>
                        </common:Annotation>
                    </common:Annotations>
                    <common:Name xml:lang="en">Micronesia</common:Name>
                    <common:Name xml:lang="fr">Micronésie</common:Name>
                </structure:Code>
                <structure:Code id="MDA">
                    <common:Annotations>
                        <common:Annotation>
                            <common:AnnotationType>ORDER</common:AnnotationType>
                            <common:AnnotationText xml:lang="en">32230</common:AnnotationText>
                            <common:AnnotationText xml:lang="fr">32230</common:AnnotationText>
                        </common:Annotation>
                    </common:Annotations>
                    <common:Name xml:lang="en">Moldova</common:Name>
                    <common:Name xml:lang="fr">Moldova</common:Name>
                </structure:Code>
                <structure:Code id="MCO">
                    <common:Annotations>
                        <common:Annotation>
                            <common:AnnotationType>ORDER</common:AnnotationType>
                            <common:AnnotationText xml:lang="en">32240</common:AnnotationText>
                            <common:AnnotationText xml:lang="fr">32240</common:AnnotationText>
                        </common:Annotation>
                    </common:Annotations>
                    <common:Name xml:lang="en">Monaco</common:Name>
                    <common:Name xml:lang="fr">Monaco</common:Name>
                </structure:Code>
                <structure:Code id="MNG">
                    <common:Annotations>
                        <common:Annotation>
                            <common:AnnotationType>ORDER</common:AnnotationType>
                            <common:AnnotationText xml:lang="en">32250</common:AnnotationText>
                            <common:AnnotationText xml:lang="fr">32250</common:AnnotationText>
                        </common:Annotation>
                    </common:Annotations>
                    <common:Name xml:lang="en">Mongolia</common:Name>
                    <common:Name xml:lang="fr">Mongolie</common:Name>
                </structure:Code>
                <structure:Code id="MNE">
                    <common:Annotations>
                        <common:Annotation>
                            <common:AnnotationType>ORDER</common:AnnotationType>
                            <common:AnnotationText xml:lang="en">32260</common:AnnotationText>
                            <common:AnnotationText xml:lang="fr">32260</common:AnnotationText>
                        </common:Annotation>
                    </common:Annotations>
                    <common:Name xml:lang="en">Montenegro</common:Name>
                    <common:Name xml:lang="fr">Monténégro</common:Name>
                </structure:Code>
                <structure:Code id="MAR">
                    <common:Annotations>
                        <common:Annotation>
                            <common:AnnotationType>ORDER</common:AnnotationType>
                            <common:AnnotationText xml:lang="en">32270</common:AnnotationText>
                            <common:AnnotationText xml:lang="fr">32270</common:AnnotationText>
                        </common:Annotation>
                    </common:Annotations>
                    <common:Name xml:lang="en">Morocco</common:Name>
                    <common:Name xml:lang="fr">Maroc</common:Name>
                </structure:Code>
                <structure:Code id="MOZ">
                    <common:Annotations>
                        <common:Annotation>
                            <common:AnnotationType>ORDER</common:AnnotationType>
                            <common:AnnotationText xml:lang="en">32280</common:AnnotationText>
                            <common:AnnotationText xml:lang="fr">32280</common:AnnotationText>
                        </common:Annotation>
                    </common:Annotations>
                    <common:Name xml:lang="en">Mozambique</common:Name>
                    <common:Name xml:lang="fr">Mozambique</common:Name>
                </structure:Code>
                <structure:Code id="MMR">
                    <common:Annotations>
                        <common:Annotation>
                            <common:AnnotationType>ORDER</common:AnnotationType>
                            <common:AnnotationText xml:lang="en">32290</common:AnnotationText>
                            <common:AnnotationText xml:lang="fr">32290</common:AnnotationText>
                        </common:Annotation>
                    </common:Annotations>
                    <common:Name xml:lang="en">Myanmar</common:Name>
                    <common:Name xml:lang="fr">Myanmar</common:Name>
                </structure:Code>
                <structure:Code id="NAM">
                    <common:Annotations>
                        <common:Annotation>
                            <common:AnnotationType>ORDER</common:AnnotationType>
                            <common:AnnotationText xml:lang="en">32300</common:AnnotationText>
                            <common:AnnotationText xml:lang="fr">32300</common:AnnotationText>
                        </common:Annotation>
                    </common:Annotations>
                    <common:Name xml:lang="en">Namibia</common:Name>
                    <common:Name xml:lang="fr">Namibie</common:Name>
                </structure:Code>
                <structure:Code id="NRU">
                    <common:Annotations>
                        <common:Annotation>
                            <common:AnnotationType>ORDER</common:AnnotationType>
                            <common:AnnotationText xml:lang="en">32310</common:AnnotationText>
                            <common:AnnotationText xml:lang="fr">32310</common:AnnotationText>
                        </common:Annotation>
                    </common:Annotations>
                    <common:Name xml:lang="en">Nauru</common:Name>
                    <common:Name xml:lang="fr">Nauru</common:Name>
                </structure:Code>
                <structure:Code id="NPL">
                    <common:Annotations>
                        <common:Annotation>
                            <common:AnnotationType>ORDER</common:AnnotationType>
                            <common:AnnotationText xml:lang="en">32320</common:AnnotationText>
                            <common:AnnotationText xml:lang="fr">32320</common:AnnotationText>
                        </common:Annotation>
                    </common:Annotations>
                    <common:Name xml:lang="en">Nepal</common:Name>
                    <common:Name xml:lang="fr">Népal</common:Name>
                </structure:Code>
                <structure:Code id="NIC">
                    <common:Annotations>
                        <common:Annotation>
                            <common:AnnotationType>ORDER</common:AnnotationType>
                            <common:AnnotationText xml:lang="en">32330</common:AnnotationText>
                            <common:AnnotationText xml:lang="fr">32330</common:AnnotationText>
                        </common:Annotation>
                    </common:Annotations>
                    <common:Name xml:lang="en">Nicaragua</common:Name>
                    <common:Name xml:lang="fr">Nicaragua</common:Name>
                </structure:Code>
                <structure:Code id="NER">
                    <common:Annotations>
                        <common:Annotation>
                            <common:AnnotationType>ORDER</common:AnnotationType>
                            <common:AnnotationText xml:lang="en">32340</common:AnnotationText>
                            <common:AnnotationText xml:lang="fr">32340</common:AnnotationText>
                        </common:Annotation>
                    </common:Annotations>
                    <common:Name xml:lang="en">Niger</common:Name>
                    <common:Name xml:lang="fr">Niger</common:Name>
                </structure:Code>
                <structure:Code id="NGA">
                    <common:Annotations>
                        <common:Annotation>
                            <common:AnnotationType>ORDER</common:AnnotationType>
                            <common:AnnotationText xml:lang="en">32350</common:AnnotationText>
                            <common:AnnotationText xml:lang="fr">32350</common:AnnotationText>
                        </common:Annotation>
                    </common:Annotations>
                    <common:Name xml:lang="en">Nigeria</common:Name>
                    <common:Name xml:lang="fr">Nigéria</common:Name>
                </structure:Code>
                <structure:Code id="MKD">
                    <common:Annotations>
                        <common:Annotation>
                            <common:AnnotationType>ORDER</common:AnnotationType>
                            <common:AnnotationText xml:lang="en">32360</common:AnnotationText>
                            <common:AnnotationText xml:lang="fr">32360</common:AnnotationText>
                        </common:Annotation>
                    </common:Annotations>
                    <common:Name xml:lang="en">North Macedonia</common:Name>
                    <common:Name xml:lang="fr">Macédoine du Nord</common:Name>
                </structure:Code>
                <structure:Code id="OMN">
                    <common:Annotations>
                        <common:Annotation>
                            <common:AnnotationType>ORDER</common:AnnotationType>
                            <common:AnnotationText xml:lang="en">32370</common:AnnotationText>
                            <common:AnnotationText xml:lang="fr">32370</common:AnnotationText>
                        </common:Annotation>
                    </common:Annotations>
                    <common:Name xml:lang="en">Oman</common:Name>
                    <common:Name xml:lang="fr">Oman</common:Name>
                </structure:Code>
                <structure:Code id="PAK">
                    <common:Annotations>
                        <common:Annotation>
                            <common:AnnotationType>ORDER</common:AnnotationType>
                            <common:AnnotationText xml:lang="en">32380</common:AnnotationText>
                            <common:AnnotationText xml:lang="fr">32380</common:AnnotationText>
                        </common:Annotation>
                    </common:Annotations>
                    <common:Name xml:lang="en">Pakistan</common:Name>
                    <common:Name xml:lang="fr">Pakistan</common:Name>
                </structure:Code>
                <structure:Code id="PLW">
                    <common:Annotations>
                        <common:Annotation>
                            <common:AnnotationType>ORDER</common:AnnotationType>
                            <common:AnnotationText xml:lang="en">32390</common:AnnotationText>
                            <common:AnnotationText xml:lang="fr">32390</common:AnnotationText>
                        </common:Annotation>
                    </common:Annotations>
                    <common:Name xml:lang="en">Palau</common:Name>
                    <common:Name xml:lang="fr">Palaos</common:Name>
                </structure:Code>
                <structure:Code id="PSE">
                    <common:Annotations>
                        <common:Annotation>
                            <common:AnnotationType>ORDER</common:AnnotationType>
                            <common:AnnotationText xml:lang="en">32400</common:AnnotationText>
                            <common:AnnotationText xml:lang="fr">32400</common:AnnotationText>
                        </common:Annotation>
                    </common:Annotations>
                    <common:Name xml:lang="en">Palestinian Authority or West Bank and Gaza Strip</common:Name>
                    <common:Name xml:lang="fr">Autorité palestinienne ou Cisjordanie et bande de Gaza</common:Name>
                </structure:Code>
                <structure:Code id="PAN">
                    <common:Annotations>
                        <common:Annotation>
                            <common:AnnotationType>ORDER</common:AnnotationType>
                            <common:AnnotationText xml:lang="en">32410</common:AnnotationText>
                            <common:AnnotationText xml:lang="fr">32410</common:AnnotationText>
                        </common:Annotation>
                    </common:Annotations>
                    <common:Name xml:lang="en">Panama</common:Name>
                    <common:Name xml:lang="fr">Panama</common:Name>
                </structure:Code>
                <structure:Code id="PNG">
                    <common:Annotations>
                        <common:Annotation>
                            <common:AnnotationType>ORDER</common:AnnotationType>
                            <common:AnnotationText xml:lang="en">32420</common:AnnotationText>
                            <common:AnnotationText xml:lang="fr">32420</common:AnnotationText>
                        </common:Annotation>
                    </common:Annotations>
                    <common:Name xml:lang="en">Papua New Guinea</common:Name>
                    <common:Name xml:lang="fr">Papouasie-Nouvelle-Guinée</common:Name>
                </structure:Code>
                <structure:Code id="PRY">
                    <common:Annotations>
                        <common:Annotation>
                            <common:AnnotationType>ORDER</common:AnnotationType>
                            <common:AnnotationText xml:lang="en">32430</common:AnnotationText>
                            <common:AnnotationText xml:lang="fr">32430</common:AnnotationText>
                        </common:Annotation>
                    </common:Annotations>
                    <common:Name xml:lang="en">Paraguay</common:Name>
                    <common:Name xml:lang="fr">Paraguay</common:Name>
                </structure:Code>
                <structure:Code id="PER">
                    <common:Annotations>
                        <common:Annotation>
                            <common:AnnotationType>ORDER</common:AnnotationType>
                            <common:AnnotationText xml:lang="en">32440</common:AnnotationText>
                            <common:AnnotationText xml:lang="fr">32440</common:AnnotationText>
                        </common:Annotation>
                    </common:Annotations>
                    <common:Name xml:lang="en">Peru</common:Name>
                    <common:Name xml:lang="fr">Pérou</common:Name>
                </structure:Code>
                <structure:Code id="PE01">
                    <common:Annotations>
                        <common:Annotation>
                            <common:AnnotationType>ORDER</common:AnnotationType>
                            <common:AnnotationText xml:lang="en">32450</common:AnnotationText>
                            <common:AnnotationText xml:lang="fr">32450</common:AnnotationText>
                        </common:Annotation>
                    </common:Annotations>
                    <common:Name xml:lang="en">Amazonas (PE)</common:Name>
                    <common:Name xml:lang="fr">Amazonas (PE)</common:Name>
                    <structure:Parent>
                        <Ref id="PER"/>
                    </structure:Parent>
                </structure:Code>
                <structure:Code id="PE02">
                    <common:Annotations>
                        <common:Annotation>
                            <common:AnnotationType>ORDER</common:AnnotationType>
                            <common:AnnotationText xml:lang="en">32460</common:AnnotationText>
                            <common:AnnotationText xml:lang="fr">32460</common:AnnotationText>
                        </common:Annotation>
                    </common:Annotations>
                    <common:Name xml:lang="en">Áncash</common:Name>
                    <common:Name xml:lang="fr">Áncash</common:Name>
                    <structure:Parent>
                        <Ref id="PER"/>
                    </structure:Parent>
                </structure:Code>
                <structure:Code id="PE03">
                    <common:Annotations>
                        <common:Annotation>
                            <common:AnnotationType>ORDER</common:AnnotationType>
                            <common:AnnotationText xml:lang="en">32470</common:AnnotationText>
                            <common:AnnotationText xml:lang="fr">32470</common:AnnotationText>
                        </common:Annotation>
                    </common:Annotations>
                    <common:Name xml:lang="en">Apurímac</common:Name>
                    <common:Name xml:lang="fr">Apurímac</common:Name>
                    <structure:Parent>
                        <Ref id="PER"/>
                    </structure:Parent>
                </structure:Code>
                <structure:Code id="PE04">
                    <common:Annotations>
                        <common:Annotation>
                            <common:AnnotationType>ORDER</common:AnnotationType>
                            <common:AnnotationText xml:lang="en">32480</common:AnnotationText>
                            <common:AnnotationText xml:lang="fr">32480</common:AnnotationText>
                        </common:Annotation>
                    </common:Annotations>
                    <common:Name xml:lang="en">Arequipa</common:Name>
                    <common:Name xml:lang="fr">Arequipa</common:Name>
                    <structure:Parent>
                        <Ref id="PER"/>
                    </structure:Parent>
                </structure:Code>
                <structure:Code id="PE05">
                    <common:Annotations>
                        <common:Annotation>
                            <common:AnnotationType>ORDER</common:AnnotationType>
                            <common:AnnotationText xml:lang="en">32490</common:AnnotationText>
                            <common:AnnotationText xml:lang="fr">32490</common:AnnotationText>
                        </common:Annotation>
                    </common:Annotations>
                    <common:Name xml:lang="en">Ayacucho</common:Name>
                    <common:Name xml:lang="fr">Ayacucho</common:Name>
                    <structure:Parent>
                        <Ref id="PER"/>
                    </structure:Parent>
                </structure:Code>
                <structure:Code id="PE06">
                    <common:Annotations>
                        <common:Annotation>
                            <common:AnnotationType>ORDER</common:AnnotationType>
                            <common:AnnotationText xml:lang="en">32500</common:AnnotationText>
                            <common:AnnotationText xml:lang="fr">32500</common:AnnotationText>
                        </common:Annotation>
                    </common:Annotations>
                    <common:Name xml:lang="en">Cajamarca</common:Name>
                    <common:Name xml:lang="fr">Cajamarca</common:Name>
                    <structure:Parent>
                        <Ref id="PER"/>
                    </structure:Parent>
                </structure:Code>
                <structure:Code id="PE07">
                    <common:Annotations>
                        <common:Annotation>
                            <common:AnnotationType>ORDER</common:AnnotationType>
                            <common:AnnotationText xml:lang="en">32510</common:AnnotationText>
                            <common:AnnotationText xml:lang="fr">32510</common:AnnotationText>
                        </common:Annotation>
                    </common:Annotations>
                    <common:Name xml:lang="en">Prov. const. del Callao</common:Name>
                    <common:Name xml:lang="fr">Prov. const. del Callao</common:Name>
                    <structure:Parent>
                        <Ref id="PER"/>
                    </structure:Parent>
                </structure:Code>
                <structure:Code id="PE08">
                    <common:Annotations>
                        <common:Annotation>
                            <common:AnnotationType>ORDER</common:AnnotationType>
                            <common:AnnotationText xml:lang="en">32520</common:AnnotationText>
                            <common:AnnotationText xml:lang="fr">32520</common:AnnotationText>
                        </common:Annotation>
                    </common:Annotations>
                    <common:Name xml:lang="en">Cusco</common:Name>
                    <common:Name xml:lang="fr">Cusco</common:Name>
                    <structure:Parent>
                        <Ref id="PER"/>
                    </structure:Parent>
                </structure:Code>
                <structure:Code id="PE09">
                    <common:Annotations>
                        <common:Annotation>
                            <common:AnnotationType>ORDER</common:AnnotationType>
                            <common:AnnotationText xml:lang="en">32530</common:AnnotationText>
                            <common:AnnotationText xml:lang="fr">32530</common:AnnotationText>
                        </common:Annotation>
                    </common:Annotations>
                    <common:Name xml:lang="en">Huancavelica</common:Name>
                    <common:Name xml:lang="fr">Huancavelica</common:Name>
                    <structure:Parent>
                        <Ref id="PER"/>
                    </structure:Parent>
                </structure:Code>
                <structure:Code id="PE10">
                    <common:Annotations>
                        <common:Annotation>
                            <common:AnnotationType>ORDER</common:AnnotationType>
                            <common:AnnotationText xml:lang="en">32540</common:AnnotationText>
                            <common:AnnotationText xml:lang="fr">32540</common:AnnotationText>
                        </common:Annotation>
                    </common:Annotations>
                    <common:Name xml:lang="en">Huánuco</common:Name>
                    <common:Name xml:lang="fr">Huánuco</common:Name>
                    <structure:Parent>
                        <Ref id="PER"/>
                    </structure:Parent>
                </structure:Code>
                <structure:Code id="PE11">
                    <common:Annotations>
                        <common:Annotation>
                            <common:AnnotationType>ORDER</common:AnnotationType>
                            <common:AnnotationText xml:lang="en">32550</common:AnnotationText>
                            <common:AnnotationText xml:lang="fr">32550</common:AnnotationText>
                        </common:Annotation>
                    </common:Annotations>
                    <common:Name xml:lang="en">Ica</common:Name>
                    <common:Name xml:lang="fr">Ica</common:Name>
                    <structure:Parent>
                        <Ref id="PER"/>
                    </structure:Parent>
                </structure:Code>
                <structure:Code id="PE12">
                    <common:Annotations>
                        <common:Annotation>
                            <common:AnnotationType>ORDER</common:AnnotationType>
                            <common:AnnotationText xml:lang="en">32560</common:AnnotationText>
                            <common:AnnotationText xml:lang="fr">32560</common:AnnotationText>
                        </common:Annotation>
                    </common:Annotations>
                    <common:Name xml:lang="en">Junín</common:Name>
                    <common:Name xml:lang="fr">Junín</common:Name>
                    <structure:Parent>
                        <Ref id="PER"/>
                    </structure:Parent>
                </structure:Code>
                <structure:Code id="PE13">
                    <common:Annotations>
                        <common:Annotation>
                            <common:AnnotationType>ORDER</common:AnnotationType>
                            <common:AnnotationText xml:lang="en">32570</common:AnnotationText>
                            <common:AnnotationText xml:lang="fr">32570</common:AnnotationText>
                        </common:Annotation>
                    </common:Annotations>
                    <common:Name xml:lang="en">La Libertad</common:Name>
                    <common:Name xml:lang="fr">La Libertad</common:Name>
                    <structure:Parent>
                        <Ref id="PER"/>
                    </structure:Parent>
                </structure:Code>
                <structure:Code id="PE14">
                    <common:Annotations>
                        <common:Annotation>
                            <common:AnnotationType>ORDER</common:AnnotationType>
                            <common:AnnotationText xml:lang="en">32580</common:AnnotationText>
                            <common:AnnotationText xml:lang="fr">32580</common:AnnotationText>
                        </common:Annotation>
                    </common:Annotations>
                    <common:Name xml:lang="en">Lambayeque</common:Name>
                    <common:Name xml:lang="fr">Lambayeque</common:Name>
                    <structure:Parent>
                        <Ref id="PER"/>
                    </structure:Parent>
                </structure:Code>
                <structure:Code id="PE15">
                    <common:Annotations>
                        <common:Annotation>
                            <common:AnnotationType>ORDER</common:AnnotationType>
                            <common:AnnotationText xml:lang="en">32590</common:AnnotationText>
                            <common:AnnotationText xml:lang="fr">32590</common:AnnotationText>
                        </common:Annotation>
                    </common:Annotations>
                    <common:Name xml:lang="en">Lima</common:Name>
                    <common:Name xml:lang="fr">Lima</common:Name>
                    <structure:Parent>
                        <Ref id="PER"/>
                    </structure:Parent>
                </structure:Code>
                <structure:Code id="PE16">
                    <common:Annotations>
                        <common:Annotation>
                            <common:AnnotationType>ORDER</common:AnnotationType>
                            <common:AnnotationText xml:lang="en">32600</common:AnnotationText>
                            <common:AnnotationText xml:lang="fr">32600</common:AnnotationText>
                        </common:Annotation>
                    </common:Annotations>
                    <common:Name xml:lang="en">Loreto</common:Name>
                    <common:Name xml:lang="fr">Loreto</common:Name>
                    <structure:Parent>
                        <Ref id="PER"/>
                    </structure:Parent>
                </structure:Code>
                <structure:Code id="PE17">
                    <common:Annotations>
                        <common:Annotation>
                            <common:AnnotationType>ORDER</common:AnnotationType>
                            <common:AnnotationText xml:lang="en">32610</common:AnnotationText>
                            <common:AnnotationText xml:lang="fr">32610</common:AnnotationText>
                        </common:Annotation>
                    </common:Annotations>
                    <common:Name xml:lang="en">Madre de dios</common:Name>
                    <common:Name xml:lang="fr">Madre de dios</common:Name>
                    <structure:Parent>
                        <Ref id="PER"/>
                    </structure:Parent>
                </structure:Code>
                <structure:Code id="PE18">
                    <common:Annotations>
                        <common:Annotation>
                            <common:AnnotationType>ORDER</common:AnnotationType>
                            <common:AnnotationText xml:lang="en">32620</common:AnnotationText>
                            <common:AnnotationText xml:lang="fr">32620</common:AnnotationText>
                        </common:Annotation>
                    </common:Annotations>
                    <common:Name xml:lang="en">Moquegua</common:Name>
                    <common:Name xml:lang="fr">Moquegua</common:Name>
                    <structure:Parent>
                        <Ref id="PER"/>
                    </structure:Parent>
                </structure:Code>
                <structure:Code id="PE19">
                    <common:Annotations>
                        <common:Annotation>
                            <common:AnnotationType>ORDER</common:AnnotationType>
                            <common:AnnotationText xml:lang="en">32630</common:AnnotationText>
                            <common:AnnotationText xml:lang="fr">32630</common:AnnotationText>
                        </common:Annotation>
                    </common:Annotations>
                    <common:Name xml:lang="en">Pasco</common:Name>
                    <common:Name xml:lang="fr">Pasco</common:Name>
                    <structure:Parent>
                        <Ref id="PER"/>
                    </structure:Parent>
                </structure:Code>
                <structure:Code id="PE20">
                    <common:Annotations>
                        <common:Annotation>
                            <common:AnnotationType>ORDER</common:AnnotationType>
                            <common:AnnotationText xml:lang="en">32640</common:AnnotationText>
                            <common:AnnotationText xml:lang="fr">32640</common:AnnotationText>
                        </common:Annotation>
                    </common:Annotations>
                    <common:Name xml:lang="en">Piura</common:Name>
                    <common:Name xml:lang="fr">Piura</common:Name>
                    <structure:Parent>
                        <Ref id="PER"/>
                    </structure:Parent>
                </structure:Code>
                <structure:Code id="PE21">
                    <common:Annotations>
                        <common:Annotation>
                            <common:AnnotationType>ORDER</common:AnnotationType>
                            <common:AnnotationText xml:lang="en">32650</common:AnnotationText>
                            <common:AnnotationText xml:lang="fr">32650</common:AnnotationText>
                        </common:Annotation>
                    </common:Annotations>
                    <common:Name xml:lang="en">Puno</common:Name>
                    <common:Name xml:lang="fr">Puno</common:Name>
                    <structure:Parent>
                        <Ref id="PER"/>
                    </structure:Parent>
                </structure:Code>
                <structure:Code id="PE22">
                    <common:Annotations>
                        <common:Annotation>
                            <common:AnnotationType>ORDER</common:AnnotationType>
                            <common:AnnotationText xml:lang="en">32660</common:AnnotationText>
                            <common:AnnotationText xml:lang="fr">32660</common:AnnotationText>
                        </common:Annotation>
                    </common:Annotations>
                    <common:Name xml:lang="en">San Martin</common:Name>
                    <common:Name xml:lang="fr">San Martin</common:Name>
                    <structure:Parent>
                        <Ref id="PER"/>
                    </structure:Parent>
                </structure:Code>
                <structure:Code id="PE23">
                    <common:Annotations>
                        <common:Annotation>
                            <common:AnnotationType>ORDER</common:AnnotationType>
                            <common:AnnotationText xml:lang="en">32670</common:AnnotationText>
                            <common:AnnotationText xml:lang="fr">32670</common:AnnotationText>
                        </common:Annotation>
                    </common:Annotations>
                    <common:Name xml:lang="en">Tacna</common:Name>
                    <common:Name xml:lang="fr">Tacna</common:Name>
                    <structure:Parent>
                        <Ref id="PER"/>
                    </structure:Parent>
                </structure:Code>
                <structure:Code id="PE24">
                    <common:Annotations>
                        <common:Annotation>
                            <common:AnnotationType>ORDER</common:AnnotationType>
                            <common:AnnotationText xml:lang="en">32680</common:AnnotationText>
                            <common:AnnotationText xml:lang="fr">32680</common:AnnotationText>
                        </common:Annotation>
                    </common:Annotations>
                    <common:Name xml:lang="en">Tumbes</common:Name>
                    <common:Name xml:lang="fr">Tumbes</common:Name>
                    <structure:Parent>
                        <Ref id="PER"/>
                    </structure:Parent>
                </structure:Code>
                <structure:Code id="PE25">
                    <common:Annotations>
                        <common:Annotation>
                            <common:AnnotationType>ORDER</common:AnnotationType>
                            <common:AnnotationText xml:lang="en">32690</common:AnnotationText>
                            <common:AnnotationText xml:lang="fr">32690</common:AnnotationText>
                        </common:Annotation>
                    </common:Annotations>
                    <common:Name xml:lang="en">Ucayali</common:Name>
                    <common:Name xml:lang="fr">Ucayali</common:Name>
                    <structure:Parent>
                        <Ref id="PER"/>
                    </structure:Parent>
                </structure:Code>
                <structure:Code id="PHL">
                    <common:Annotations>
                        <common:Annotation>
                            <common:AnnotationType>ORDER</common:AnnotationType>
                            <common:AnnotationText xml:lang="en">32700</common:AnnotationText>
                            <common:AnnotationText xml:lang="fr">32700</common:AnnotationText>
                        </common:Annotation>
                    </common:Annotations>
                    <common:Name xml:lang="en">Philippines</common:Name>
                    <common:Name xml:lang="fr">Philippines</common:Name>
                </structure:Code>
                <structure:Code id="QAT">
                    <common:Annotations>
                        <common:Annotation>
                            <common:AnnotationType>ORDER</common:AnnotationType>
                            <common:AnnotationText xml:lang="en">32710</common:AnnotationText>
                            <common:AnnotationText xml:lang="fr">32710</common:AnnotationText>
                        </common:Annotation>
                    </common:Annotations>
                    <common:Name xml:lang="en">Qatar</common:Name>
                    <common:Name xml:lang="fr">Qatar</common:Name>
                </structure:Code>
                <structure:Code id="ROU">
                    <common:Annotations>
                        <common:Annotation>
                            <common:AnnotationType>ORDER</common:AnnotationType>
                            <common:AnnotationText xml:lang="en">32720</common:AnnotationText>
                            <common:AnnotationText xml:lang="fr">32720</common:AnnotationText>
                        </common:Annotation>
                    </common:Annotations>
                    <common:Name xml:lang="en">Romania</common:Name>
                    <common:Name xml:lang="fr">Roumanie</common:Name>
                </structure:Code>
                <structure:Code id="RO11">
                    <common:Annotations>
                        <common:Annotation>
                            <common:AnnotationType>ORDER</common:AnnotationType>
                            <common:AnnotationText xml:lang="en">32730</common:AnnotationText>
                            <common:AnnotationText xml:lang="fr">32730</common:AnnotationText>
                        </common:Annotation>
                    </common:Annotations>
                    <common:Name xml:lang="en">North West</common:Name>
                    <common:Name xml:lang="fr">North West</common:Name>
                    <structure:Parent>
                        <Ref id="ROU"/>
                    </structure:Parent>
                </structure:Code>
                <structure:Code id="RO111">
                    <common:Annotations>
                        <common:Annotation>
                            <common:AnnotationType>ORDER</common:AnnotationType>
                            <common:AnnotationText xml:lang="en">32740</common:AnnotationText>
                            <common:AnnotationText xml:lang="fr">32740</common:AnnotationText>
                        </common:Annotation>
                    </common:Annotations>
                    <common:Name xml:lang="en">Bihor</common:Name>
                    <common:Name xml:lang="fr">Bihor</common:Name>
                    <structure:Parent>
                        <Ref id="RO11"/>
                    </structure:Parent>
                </structure:Code>
                <structure:Code id="RO112">
                    <common:Annotations>
                        <common:Annotation>
                            <common:AnnotationType>ORDER</common:AnnotationType>
                            <common:AnnotationText xml:lang="en">32750</common:AnnotationText>
                            <common:AnnotationText xml:lang="fr">32750</common:AnnotationText>
                        </common:Annotation>
                    </common:Annotations>
                    <common:Name xml:lang="en">Bistrita-Nasaud</common:Name>
                    <common:Name xml:lang="fr">Bistrita-Nasaud</common:Name>
                    <structure:Parent>
                        <Ref id="RO11"/>
                    </structure:Parent>
                </structure:Code>
                <structure:Code id="RO113">
                    <common:Annotations>
                        <common:Annotation>
                            <common:AnnotationType>ORDER</common:AnnotationType>
                            <common:AnnotationText xml:lang="en">32760</common:AnnotationText>
                            <common:AnnotationText xml:lang="fr">32760</common:AnnotationText>
                        </common:Annotation>
                    </common:Annotations>
                    <common:Name xml:lang="en">Cluj</common:Name>
                    <common:Name xml:lang="fr">Cluj</common:Name>
                    <structure:Parent>
                        <Ref id="RO11"/>
                    </structure:Parent>
                </structure:Code>
                <structure:Code id="RO114">
                    <common:Annotations>
                        <common:Annotation>
                            <common:AnnotationType>ORDER</common:AnnotationType>
                            <common:AnnotationText xml:lang="en">32770</common:AnnotationText>
                            <common:AnnotationText xml:lang="fr">32770</common:AnnotationText>
                        </common:Annotation>
                    </common:Annotations>
                    <common:Name xml:lang="en">Maramures</common:Name>
                    <common:Name xml:lang="fr">Maramures</common:Name>
                    <structure:Parent>
                        <Ref id="RO11"/>
                    </structure:Parent>
                </structure:Code>
                <structure:Code id="RO115">
                    <common:Annotations>
                        <common:Annotation>
                            <common:AnnotationType>ORDER</common:AnnotationType>
                            <common:AnnotationText xml:lang="en">32780</common:AnnotationText>
                            <common:AnnotationText xml:lang="fr">32780</common:AnnotationText>
                        </common:Annotation>
                    </common:Annotations>
                    <common:Name xml:lang="en">Satumare</common:Name>
                    <common:Name xml:lang="fr">Satumare</common:Name>
                    <structure:Parent>
                        <Ref id="RO11"/>
                    </structure:Parent>
                </structure:Code>
                <structure:Code id="RO116">
                    <common:Annotations>
                        <common:Annotation>
                            <common:AnnotationType>ORDER</common:AnnotationType>
                            <common:AnnotationText xml:lang="en">32790</common:AnnotationText>
                            <common:AnnotationText xml:lang="fr">32790</common:AnnotationText>
                        </common:Annotation>
                    </common:Annotations>
                    <common:Name xml:lang="en">Salaj</common:Name>
                    <common:Name xml:lang="fr">Salaj</common:Name>
                    <structure:Parent>
                        <Ref id="RO11"/>
                    </structure:Parent>
                </structure:Code>
                <structure:Code id="RO12">
                    <common:Annotations>
                        <common:Annotation>
                            <common:AnnotationType>ORDER</common:AnnotationType>
                            <common:AnnotationText xml:lang="en">32800</common:AnnotationText>
                            <common:AnnotationText xml:lang="fr">32800</common:AnnotationText>
                        </common:Annotation>
                    </common:Annotations>
                    <common:Name xml:lang="en">Center</common:Name>
                    <common:Name xml:lang="fr">Center</common:Name>
                    <structure:Parent>
                        <Ref id="ROU"/>
                    </structure:Parent>
                </structure:Code>
                <structure:Code id="RO121">
                    <common:Annotations>
                        <common:Annotation>
                            <common:AnnotationType>ORDER</common:AnnotationType>
                            <common:AnnotationText xml:lang="en">32810</common:AnnotationText>
                            <common:AnnotationText xml:lang="fr">32810</common:AnnotationText>
                        </common:Annotation>
                    </common:Annotations>
                    <common:Name xml:lang="en">Alba</common:Name>
                    <common:Name xml:lang="fr">Alba</common:Name>
                    <structure:Parent>
                        <Ref id="RO12"/>
                    </structure:Parent>
                </structure:Code>
                <structure:Code id="RO122">
                    <common:Annotations>
                        <common:Annotation>
                            <common:AnnotationType>ORDER</common:AnnotationType>
                            <common:AnnotationText xml:lang="en">32820</common:AnnotationText>
                            <common:AnnotationText xml:lang="fr">32820</common:AnnotationText>
                        </common:Annotation>
                    </common:Annotations>
                    <common:Name xml:lang="en">Brasov</common:Name>
                    <common:Name xml:lang="fr">Brasov</common:Name>
                    <structure:Parent>
                        <Ref id="RO12"/>
                    </structure:Parent>
                </structure:Code>
                <structure:Code id="RO123">
                    <common:Annotations>
                        <common:Annotation>
                            <common:AnnotationType>ORDER</common:AnnotationType>
                            <common:AnnotationText xml:lang="en">32830</common:AnnotationText>
                            <common:AnnotationText xml:lang="fr">32830</common:AnnotationText>
                        </common:Annotation>
                    </common:Annotations>
                    <common:Name xml:lang="en">Covasna</common:Name>
                    <common:Name xml:lang="fr">Covasna</common:Name>
                    <structure:Parent>
                        <Ref id="RO12"/>
                    </structure:Parent>
                </structure:Code>
                <structure:Code id="RO124">
                    <common:Annotations>
                        <common:Annotation>
                            <common:AnnotationType>ORDER</common:AnnotationType>
                            <common:AnnotationText xml:lang="en">32840</common:AnnotationText>
                            <common:AnnotationText xml:lang="fr">32840</common:AnnotationText>
                        </common:Annotation>
                    </common:Annotations>
                    <common:Name xml:lang="en">Harghita</common:Name>
                    <common:Name xml:lang="fr">Harghita</common:Name>
                    <structure:Parent>
                        <Ref id="RO12"/>
                    </structure:Parent>
                </structure:Code>
                <structure:Code id="RO125">
                    <common:Annotations>
                        <common:Annotation>
                            <common:AnnotationType>ORDER</common:AnnotationType>
                            <common:AnnotationText xml:lang="en">32850</common:AnnotationText>
                            <common:AnnotationText xml:lang="fr">32850</common:AnnotationText>
                        </common:Annotation>
                    </common:Annotations>
                    <common:Name xml:lang="en">Mures</common:Name>
                    <common:Name xml:lang="fr">Mures</common:Name>
                    <structure:Parent>
                        <Ref id="RO12"/>
                    </structure:Parent>
                </structure:Code>
                <structure:Code id="RO126">
                    <common:Annotations>
                        <common:Annotation>
                            <common:AnnotationType>ORDER</common:AnnotationType>
                            <common:AnnotationText xml:lang="en">32860</common:AnnotationText>
                            <common:AnnotationText xml:lang="fr">32860</common:AnnotationText>
                        </common:Annotation>
                    </common:Annotations>
                    <common:Name xml:lang="en">Sibiu</common:Name>
                    <common:Name xml:lang="fr">Sibiu</common:Name>
                    <structure:Parent>
                        <Ref id="RO12"/>
                    </structure:Parent>
                </structure:Code>
                <structure:Code id="RO21">
                    <common:Annotations>
                        <common:Annotation>
                            <common:AnnotationType>ORDER</common:AnnotationType>
                            <common:AnnotationText xml:lang="en">32870</common:AnnotationText>
                            <common:AnnotationText xml:lang="fr">32870</common:AnnotationText>
                        </common:Annotation>
                    </common:Annotations>
                    <common:Name xml:lang="en">North East</common:Name>
                    <common:Name xml:lang="fr">North East</common:Name>
                    <structure:Parent>
                        <Ref id="ROU"/>
                    </structure:Parent>
                </structure:Code>
                <structure:Code id="RO211">
                    <common:Annotations>
                        <common:Annotation>
                            <common:AnnotationType>ORDER</common:AnnotationType>
                            <common:AnnotationText xml:lang="en">32880</common:AnnotationText>
                            <common:AnnotationText xml:lang="fr">32880</common:AnnotationText>
                        </common:Annotation>
                    </common:Annotations>
                    <common:Name xml:lang="en">Bacau</common:Name>
                    <common:Name xml:lang="fr">Bacau</common:Name>
                    <structure:Parent>
                        <Ref id="RO21"/>
                    </structure:Parent>
                </structure:Code>
                <structure:Code id="RO212">
                    <common:Annotations>
                        <common:Annotation>
                            <common:AnnotationType>ORDER</common:AnnotationType>
                            <common:AnnotationText xml:lang="en">32890</common:AnnotationText>
                            <common:AnnotationText xml:lang="fr">32890</common:AnnotationText>
                        </common:Annotation>
                    </common:Annotations>
                    <common:Name xml:lang="en">Botosani</common:Name>
                    <common:Name xml:lang="fr">Botosani</common:Name>
                    <structure:Parent>
                        <Ref id="RO21"/>
                    </structure:Parent>
                </structure:Code>
                <structure:Code id="RO213">
                    <common:Annotations>
                        <common:Annotation>
                            <common:AnnotationType>ORDER</common:AnnotationType>
                            <common:AnnotationText xml:lang="en">32900</common:AnnotationText>
                            <common:AnnotationText xml:lang="fr">32900</common:AnnotationText>
                        </common:Annotation>
                    </common:Annotations>
                    <common:Name xml:lang="en">Iasi</common:Name>
                    <common:Name xml:lang="fr">Iasi</common:Name>
                    <structure:Parent>
                        <Ref id="RO21"/>
                    </structure:Parent>
                </structure:Code>
                <structure:Code id="RO214">
                    <common:Annotations>
                        <common:Annotation>
                            <common:AnnotationType>ORDER</common:AnnotationType>
                            <common:AnnotationText xml:lang="en">32910</common:AnnotationText>
                            <common:AnnotationText xml:lang="fr">32910</common:AnnotationText>
                        </common:Annotation>
                    </common:Annotations>
                    <common:Name xml:lang="en">Neamt</common:Name>
                    <common:Name xml:lang="fr">Neamt</common:Name>
                    <structure:Parent>
                        <Ref id="RO21"/>
                    </structure:Parent>
                </structure:Code>
                <structure:Code id="RO215">
                    <common:Annotations>
                        <common:Annotation>
                            <common:AnnotationType>ORDER</common:AnnotationType>
                            <common:AnnotationText xml:lang="en">32920</common:AnnotationText>
                            <common:AnnotationText xml:lang="fr">32920</common:AnnotationText>
                        </common:Annotation>
                    </common:Annotations>
                    <common:Name xml:lang="en">Suceava</common:Name>
                    <common:Name xml:lang="fr">Suceava</common:Name>
                    <structure:Parent>
                        <Ref id="RO21"/>
                    </structure:Parent>
                </structure:Code>
                <structure:Code id="RO216">
                    <common:Annotations>
                        <common:Annotation>
                            <common:AnnotationType>ORDER</common:AnnotationType>
                            <common:AnnotationText xml:lang="en">32930</common:AnnotationText>
                            <common:AnnotationText xml:lang="fr">32930</common:AnnotationText>
                        </common:Annotation>
                    </common:Annotations>
                    <common:Name xml:lang="en">Vaslui</common:Name>
                    <common:Name xml:lang="fr">Vaslui</common:Name>
                    <structure:Parent>
                        <Ref id="RO21"/>
                    </structure:Parent>
                </structure:Code>
                <structure:Code id="RO22">
                    <common:Annotations>
                        <common:Annotation>
                            <common:AnnotationType>ORDER</common:AnnotationType>
                            <common:AnnotationText xml:lang="en">32940</common:AnnotationText>
                            <common:AnnotationText xml:lang="fr">32940</common:AnnotationText>
                        </common:Annotation>
                    </common:Annotations>
                    <common:Name xml:lang="en">South East</common:Name>
                    <common:Name xml:lang="fr">South East</common:Name>
                    <structure:Parent>
                        <Ref id="ROU"/>
                    </structure:Parent>
                </structure:Code>
                <structure:Code id="RO221">
                    <common:Annotations>
                        <common:Annotation>
                            <common:AnnotationType>ORDER</common:AnnotationType>
                            <common:AnnotationText xml:lang="en">32950</common:AnnotationText>
                            <common:AnnotationText xml:lang="fr">32950</common:AnnotationText>
                        </common:Annotation>
                    </common:Annotations>
                    <common:Name xml:lang="en">Braila</common:Name>
                    <common:Name xml:lang="fr">Braila</common:Name>
                    <structure:Parent>
                        <Ref id="RO22"/>
                    </structure:Parent>
                </structure:Code>
                <structure:Code id="RO222">
                    <common:Annotations>
                        <common:Annotation>
                            <common:AnnotationType>ORDER</common:AnnotationType>
                            <common:AnnotationText xml:lang="en">32960</common:AnnotationText>
                            <common:AnnotationText xml:lang="fr">32960</common:AnnotationText>
                        </common:Annotation>
                    </common:Annotations>
                    <common:Name xml:lang="en">Buzau</common:Name>
                    <common:Name xml:lang="fr">Buzau</common:Name>
                    <structure:Parent>
                        <Ref id="RO22"/>
                    </structure:Parent>
                </structure:Code>
                <structure:Code id="RO223">
                    <common:Annotations>
                        <common:Annotation>
                            <common:AnnotationType>ORDER</common:AnnotationType>
                            <common:AnnotationText xml:lang="en">32970</common:AnnotationText>
                            <common:AnnotationText xml:lang="fr">32970</common:AnnotationText>
                        </common:Annotation>
                    </common:Annotations>
                    <common:Name xml:lang="en">Constanta</common:Name>
                    <common:Name xml:lang="fr">Constanta</common:Name>
                    <structure:Parent>
                        <Ref id="RO22"/>
                    </structure:Parent>
                </structure:Code>
                <structure:Code id="RO224">
                    <common:Annotations>
                        <common:Annotation>
                            <common:AnnotationType>ORDER</common:AnnotationType>
                            <common:AnnotationText xml:lang="en">32980</common:AnnotationText>
                            <common:AnnotationText xml:lang="fr">32980</common:AnnotationText>
                        </common:Annotation>
                    </common:Annotations>
                    <common:Name xml:lang="en">Galati</common:Name>
                    <common:Name xml:lang="fr">Galati</common:Name>
                    <structure:Parent>
                        <Ref id="RO22"/>
                    </structure:Parent>
                </structure:Code>
                <structure:Code id="RO225">
                    <common:Annotations>
                        <common:Annotation>
                            <common:AnnotationType>ORDER</common:AnnotationType>
                            <common:AnnotationText xml:lang="en">32990</common:AnnotationText>
                            <common:AnnotationText xml:lang="fr">32990</common:AnnotationText>
                        </common:Annotation>
                    </common:Annotations>
                    <common:Name xml:lang="en">Tulcea</common:Name>
                    <common:Name xml:lang="fr">Tulcea</common:Name>
                    <structure:Parent>
                        <Ref id="RO22"/>
                    </structure:Parent>
                </structure:Code>
                <structure:Code id="RO226">
                    <common:Annotations>
                        <common:Annotation>
                            <common:AnnotationType>ORDER</common:AnnotationType>
                            <common:AnnotationText xml:lang="en">33000</common:AnnotationText>
                            <common:AnnotationText xml:lang="fr">33000</common:AnnotationText>
                        </common:Annotation>
                    </common:Annotations>
                    <common:Name xml:lang="en">Vrancea</common:Name>
                    <common:Name xml:lang="fr">Vrancea</common:Name>
                    <structure:Parent>
                        <Ref id="RO22"/>
                    </structure:Parent>
                </structure:Code>
                <structure:Code id="RO31">
                    <common:Annotations>
                        <common:Annotation>
                            <common:AnnotationType>ORDER</common:AnnotationType>
                            <common:AnnotationText xml:lang="en">33010</common:AnnotationText>
                            <common:AnnotationText xml:lang="fr">33010</common:AnnotationText>
                        </common:Annotation>
                    </common:Annotations>
                    <common:Name xml:lang="en">South - Muntenia</common:Name>
                    <common:Name xml:lang="fr">South - Muntenia</common:Name>
                    <structure:Parent>
                        <Ref id="ROU"/>
                    </structure:Parent>
                </structure:Code>
                <structure:Code id="RO311">
                    <common:Annotations>
                        <common:Annotation>
                            <common:AnnotationType>ORDER</common:AnnotationType>
                            <common:AnnotationText xml:lang="en">33020</common:AnnotationText>
                            <common:AnnotationText xml:lang="fr">33020</common:AnnotationText>
                        </common:Annotation>
                    </common:Annotations>
                    <common:Name xml:lang="en">Arges</common:Name>
                    <common:Name xml:lang="fr">Arges</common:Name>
                    <structure:Parent>
                        <Ref id="RO31"/>
                    </structure:Parent>
                </structure:Code>
                <structure:Code id="RO312">
                    <common:Annotations>
                        <common:Annotation>
                            <common:AnnotationType>ORDER</common:AnnotationType>
                            <common:AnnotationText xml:lang="en">33030</common:AnnotationText>
                            <common:AnnotationText xml:lang="fr">33030</common:AnnotationText>
                        </common:Annotation>
                    </common:Annotations>
                    <common:Name xml:lang="en">Calarasi</common:Name>
                    <common:Name xml:lang="fr">Calarasi</common:Name>
                    <structure:Parent>
                        <Ref id="RO31"/>
                    </structure:Parent>
                </structure:Code>
                <structure:Code id="RO313">
                    <common:Annotations>
                        <common:Annotation>
                            <common:AnnotationType>ORDER</common:AnnotationType>
                            <common:AnnotationText xml:lang="en">33040</common:AnnotationText>
                            <common:AnnotationText xml:lang="fr">33040</common:AnnotationText>
                        </common:Annotation>
                    </common:Annotations>
                    <common:Name xml:lang="en">Dambovita</common:Name>
                    <common:Name xml:lang="fr">Dambovita</common:Name>
                    <structure:Parent>
                        <Ref id="RO31"/>
                    </structure:Parent>
                </structure:Code>
                <structure:Code id="RO314">
                    <common:Annotations>
                        <common:Annotation>
                            <common:AnnotationType>ORDER</common:AnnotationType>
                            <common:AnnotationText xml:lang="en">33050</common:AnnotationText>
                            <common:AnnotationText xml:lang="fr">33050</common:AnnotationText>
                        </common:Annotation>
                    </common:Annotations>
                    <common:Name xml:lang="en">Giurgiu</common:Name>
                    <common:Name xml:lang="fr">Giurgiu</common:Name>
                    <structure:Parent>
                        <Ref id="RO31"/>
                    </structure:Parent>
                </structure:Code>
                <structure:Code id="RO315">
                    <common:Annotations>
                        <common:Annotation>
                            <common:AnnotationType>ORDER</common:AnnotationType>
                            <common:AnnotationText xml:lang="en">33060</common:AnnotationText>
                            <common:AnnotationText xml:lang="fr">33060</common:AnnotationText>
                        </common:Annotation>
                    </common:Annotations>
                    <common:Name xml:lang="en">Ialomita</common:Name>
                    <common:Name xml:lang="fr">Ialomita</common:Name>
                    <structure:Parent>
                        <Ref id="RO31"/>
                    </structure:Parent>
                </structure:Code>
                <structure:Code id="RO316">
                    <common:Annotations>
                        <common:Annotation>
                            <common:AnnotationType>ORDER</common:AnnotationType>
                            <common:AnnotationText xml:lang="en">33070</common:AnnotationText>
                            <common:AnnotationText xml:lang="fr">33070</common:AnnotationText>
                        </common:Annotation>
                    </common:Annotations>
                    <common:Name xml:lang="en">Prahova</common:Name>
                    <common:Name xml:lang="fr">Prahova</common:Name>
                    <structure:Parent>
                        <Ref id="RO31"/>
                    </structure:Parent>
                </structure:Code>
                <structure:Code id="RO317">
                    <common:Annotations>
                        <common:Annotation>
                            <common:AnnotationType>ORDER</common:AnnotationType>
                            <common:AnnotationText xml:lang="en">33080</common:AnnotationText>
                            <common:AnnotationText xml:lang="fr">33080</common:AnnotationText>
                        </common:Annotation>
                    </common:Annotations>
                    <common:Name xml:lang="en">Teleorman</common:Name>
                    <common:Name xml:lang="fr">Teleorman</common:Name>
                    <structure:Parent>
                        <Ref id="RO31"/>
                    </structure:Parent>
                </structure:Code>
                <structure:Code id="RO32">
                    <common:Annotations>
                        <common:Annotation>
                            <common:AnnotationType>ORDER</common:AnnotationType>
                            <common:AnnotationText xml:lang="en">33090</common:AnnotationText>
                            <common:AnnotationText xml:lang="fr">33090</common:AnnotationText>
                        </common:Annotation>
                    </common:Annotations>
                    <common:Name xml:lang="en">Bucharest - Ilfov</common:Name>
                    <common:Name xml:lang="fr">Bucharest - Ilfov</common:Name>
                    <structure:Parent>
                        <Ref id="ROU"/>
                    </structure:Parent>
                </structure:Code>
                <structure:Code id="RO321">
                    <common:Annotations>
                        <common:Annotation>
                            <common:AnnotationType>ORDER</common:AnnotationType>
                            <common:AnnotationText xml:lang="en">33100</common:AnnotationText>
                            <common:AnnotationText xml:lang="fr">33100</common:AnnotationText>
                        </common:Annotation>
                    </common:Annotations>
                    <common:Name xml:lang="en">Bucuresti</common:Name>
                    <common:Name xml:lang="fr">Bucuresti</common:Name>
                    <structure:Parent>
                        <Ref id="RO32"/>
                    </structure:Parent>
                </structure:Code>
                <structure:Code id="RO322">
                    <common:Annotations>
                        <common:Annotation>
                            <common:AnnotationType>ORDER</common:AnnotationType>
                            <common:AnnotationText xml:lang="en">33110</common:AnnotationText>
                            <common:AnnotationText xml:lang="fr">33110</common:AnnotationText>
                        </common:Annotation>
                    </common:Annotations>
                    <common:Name xml:lang="en">Ilfov</common:Name>
                    <common:Name xml:lang="fr">Ilfov</common:Name>
                    <structure:Parent>
                        <Ref id="RO32"/>
                    </structure:Parent>
                </structure:Code>
                <structure:Code id="RO41">
                    <common:Annotations>
                        <common:Annotation>
                            <common:AnnotationType>ORDER</common:AnnotationType>
                            <common:AnnotationText xml:lang="en">33120</common:AnnotationText>
                            <common:AnnotationText xml:lang="fr">33120</common:AnnotationText>
                        </common:Annotation>
                    </common:Annotations>
                    <common:Name xml:lang="en">South West Oltenia</common:Name>
                    <common:Name xml:lang="fr">South West Oltenia</common:Name>
                    <structure:Parent>
                        <Ref id="ROU"/>
                    </structure:Parent>
                </structure:Code>
                <structure:Code id="RO411">
                    <common:Annotations>
                        <common:Annotation>
                            <common:AnnotationType>ORDER</common:AnnotationType>
                            <common:AnnotationText xml:lang="en">33130</common:AnnotationText>
                            <common:AnnotationText xml:lang="fr">33130</common:AnnotationText>
                        </common:Annotation>
                    </common:Annotations>
                    <common:Name xml:lang="en">Dolj</common:Name>
                    <common:Name xml:lang="fr">Dolj</common:Name>
                    <structure:Parent>
                        <Ref id="RO41"/>
                    </structure:Parent>
                </structure:Code>
                <structure:Code id="RO412">
                    <common:Annotations>
                        <common:Annotation>
                            <common:AnnotationType>ORDER</common:AnnotationType>
                            <common:AnnotationText xml:lang="en">33140</common:AnnotationText>
                            <common:AnnotationText xml:lang="fr">33140</common:AnnotationText>
                        </common:Annotation>
                    </common:Annotations>
                    <common:Name xml:lang="en">Gorj</common:Name>
                    <common:Name xml:lang="fr">Gorj</common:Name>
                    <structure:Parent>
                        <Ref id="RO41"/>
                    </structure:Parent>
                </structure:Code>
                <structure:Code id="RO413">
                    <common:Annotations>
                        <common:Annotation>
                            <common:AnnotationType>ORDER</common:AnnotationType>
                            <common:AnnotationText xml:lang="en">33150</common:AnnotationText>
                            <common:AnnotationText xml:lang="fr">33150</common:AnnotationText>
                        </common:Annotation>
                    </common:Annotations>
                    <common:Name xml:lang="en">Mehedinti</common:Name>
                    <common:Name xml:lang="fr">Mehedinti</common:Name>
                    <structure:Parent>
                        <Ref id="RO41"/>
                    </structure:Parent>
                </structure:Code>
                <structure:Code id="RO414">
                    <common:Annotations>
                        <common:Annotation>
                            <common:AnnotationType>ORDER</common:AnnotationType>
                            <common:AnnotationText xml:lang="en">33160</common:AnnotationText>
                            <common:AnnotationText xml:lang="fr">33160</common:AnnotationText>
                        </common:Annotation>
                    </common:Annotations>
                    <common:Name xml:lang="en">Olt</common:Name>
                    <common:Name xml:lang="fr">Olt</common:Name>
                    <structure:Parent>
                        <Ref id="RO41"/>
                    </structure:Parent>
                </structure:Code>
                <structure:Code id="RO415">
                    <common:Annotations>
                        <common:Annotation>
                            <common:AnnotationType>ORDER</common:AnnotationType>
                            <common:AnnotationText xml:lang="en">33170</common:AnnotationText>
                            <common:AnnotationText xml:lang="fr">33170</common:AnnotationText>
                        </common:Annotation>
                    </common:Annotations>
                    <common:Name xml:lang="en">Valcea</common:Name>
                    <common:Name xml:lang="fr">Valcea</common:Name>
                    <structure:Parent>
                        <Ref id="RO41"/>
                    </structure:Parent>
                </structure:Code>
                <structure:Code id="RO42">
                    <common:Annotations>
                        <common:Annotation>
                            <common:AnnotationType>ORDER</common:AnnotationType>
                            <common:AnnotationText xml:lang="en">33180</common:AnnotationText>
                            <common:AnnotationText xml:lang="fr">33180</common:AnnotationText>
                        </common:Annotation>
                    </common:Annotations>
                    <common:Name xml:lang="en">West</common:Name>
                    <common:Name xml:lang="fr">West</common:Name>
                    <structure:Parent>
                        <Ref id="ROU"/>
                    </structure:Parent>
                </structure:Code>
                <structure:Code id="RO421">
                    <common:Annotations>
                        <common:Annotation>
                            <common:AnnotationType>ORDER</common:AnnotationType>
                            <common:AnnotationText xml:lang="en">33190</common:AnnotationText>
                            <common:AnnotationText xml:lang="fr">33190</common:AnnotationText>
                        </common:Annotation>
                    </common:Annotations>
                    <common:Name xml:lang="en">Arad</common:Name>
                    <common:Name xml:lang="fr">Arad</common:Name>
                    <structure:Parent>
                        <Ref id="RO42"/>
                    </structure:Parent>
                </structure:Code>
                <structure:Code id="RO422">
                    <common:Annotations>
                        <common:Annotation>
                            <common:AnnotationType>ORDER</common:AnnotationType>
                            <common:AnnotationText xml:lang="en">33200</common:AnnotationText>
                            <common:AnnotationText xml:lang="fr">33200</common:AnnotationText>
                        </common:Annotation>
                    </common:Annotations>
                    <common:Name xml:lang="en">Caras-Severin</common:Name>
                    <common:Name xml:lang="fr">Caras-Severin</common:Name>
                    <structure:Parent>
                        <Ref id="RO42"/>
                    </structure:Parent>
                </structure:Code>
                <structure:Code id="RO423">
                    <common:Annotations>
                        <common:Annotation>
                            <common:AnnotationType>ORDER</common:AnnotationType>
                            <common:AnnotationText xml:lang="en">33210</common:AnnotationText>
                            <common:AnnotationText xml:lang="fr">33210</common:AnnotationText>
                        </common:Annotation>
                    </common:Annotations>
                    <common:Name xml:lang="en">Hunedoara</common:Name>
                    <common:Name xml:lang="fr">Hunedoara</common:Name>
                    <structure:Parent>
                        <Ref id="RO42"/>
                    </structure:Parent>
                </structure:Code>
                <structure:Code id="RO424">
                    <common:Annotations>
                        <common:Annotation>
                            <common:AnnotationType>ORDER</common:AnnotationType>
                            <common:AnnotationText xml:lang="en">33220</common:AnnotationText>
                            <common:AnnotationText xml:lang="fr">33220</common:AnnotationText>
                        </common:Annotation>
                    </common:Annotations>
                    <common:Name xml:lang="en">Timis</common:Name>
                    <common:Name xml:lang="fr">Timis</common:Name>
                    <structure:Parent>
                        <Ref id="RO42"/>
                    </structure:Parent>
                </structure:Code>
                <structure:Code id="RUS">
                    <common:Annotations>
                        <common:Annotation>
                            <common:AnnotationType>ORDER</common:AnnotationType>
                            <common:AnnotationText xml:lang="en">33230</common:AnnotationText>
                            <common:AnnotationText xml:lang="fr">33230</common:AnnotationText>
                        </common:Annotation>
                    </common:Annotations>
                    <common:Name xml:lang="en">Russia</common:Name>
                    <common:Name xml:lang="fr">Russie</common:Name>
                </structure:Code>
                <structure:Code id="RU01">
                    <common:Annotations>
                        <common:Annotation>
                            <common:AnnotationType>ORDER</common:AnnotationType>
                            <common:AnnotationText xml:lang="en">33240</common:AnnotationText>
                            <common:AnnotationText xml:lang="fr">33240</common:AnnotationText>
                        </common:Annotation>
                    </common:Annotations>
                    <common:Name xml:lang="en">Belgorod Oblast</common:Name>
                    <common:Name xml:lang="fr">Belgorod Oblast</common:Name>
                    <structure:Parent>
                        <Ref id="RUS"/>
                    </structure:Parent>
                </structure:Code>
                <structure:Code id="RU02">
                    <common:Annotations>
                        <common:Annotation>
                            <common:AnnotationType>ORDER</common:AnnotationType>
                            <common:AnnotationText xml:lang="en">33250</common:AnnotationText>
                            <common:AnnotationText xml:lang="fr">33250</common:AnnotationText>
                        </common:Annotation>
                    </common:Annotations>
                    <common:Name xml:lang="en">Bryansk Oblast</common:Name>
                    <common:Name xml:lang="fr">Bryansk Oblast</common:Name>
                    <structure:Parent>
                        <Ref id="RUS"/>
                    </structure:Parent>
                </structure:Code>
                <structure:Code id="RU03">
                    <common:Annotations>
                        <common:Annotation>
                            <common:AnnotationType>ORDER</common:AnnotationType>
                            <common:AnnotationText xml:lang="en">33260</common:AnnotationText>
                            <common:AnnotationText xml:lang="fr">33260</common:AnnotationText>
                        </common:Annotation>
                    </common:Annotations>
                    <common:Name xml:lang="en">Vladimir Oblast</common:Name>
                    <common:Name xml:lang="fr">Vladimir Oblast</common:Name>
                    <structure:Parent>
                        <Ref id="RUS"/>
                    </structure:Parent>
                </structure:Code>
                <structure:Code id="RU04">
                    <common:Annotations>
                        <common:Annotation>
                            <common:AnnotationType>ORDER</common:AnnotationType>
                            <common:AnnotationText xml:lang="en">33270</common:AnnotationText>
                            <common:AnnotationText xml:lang="fr">33270</common:AnnotationText>
                        </common:Annotation>
                    </common:Annotations>
                    <common:Name xml:lang="en">Voronezh Oblast</common:Name>
                    <common:Name xml:lang="fr">Voronezh Oblast</common:Name>
                    <structure:Parent>
                        <Ref id="RUS"/>
                    </structure:Parent>
                </structure:Code>
                <structure:Code id="RU05">
                    <common:Annotations>
                        <common:Annotation>
                            <common:AnnotationType>ORDER</common:AnnotationType>
                            <common:AnnotationText xml:lang="en">33280</common:AnnotationText>
                            <common:AnnotationText xml:lang="fr">33280</common:AnnotationText>
                        </common:Annotation>
                    </common:Annotations>
                    <common:Name xml:lang="en">Ivanovo Oblast</common:Name>
                    <common:Name xml:lang="fr">Ivanovo Oblast</common:Name>
                    <structure:Parent>
                        <Ref id="RUS"/>
                    </structure:Parent>
                </structure:Code>
                <structure:Code id="RU06">
                    <common:Annotations>
                        <common:Annotation>
                            <common:AnnotationType>ORDER</common:AnnotationType>
                            <common:AnnotationText xml:lang="en">33290</common:AnnotationText>
                            <common:AnnotationText xml:lang="fr">33290</common:AnnotationText>
                        </common:Annotation>
                    </common:Annotations>
                    <common:Name xml:lang="en">Kaluga Oblast</common:Name>
                    <common:Name xml:lang="fr">Kaluga Oblast</common:Name>
                    <structure:Parent>
                        <Ref id="RUS"/>
                    </structure:Parent>
                </structure:Code>
                <structure:Code id="RU07">
                    <common:Annotations>
                        <common:Annotation>
                            <common:AnnotationType>ORDER</common:AnnotationType>
                            <common:AnnotationText xml:lang="en">33300</common:AnnotationText>
                            <common:AnnotationText xml:lang="fr">33300</common:AnnotationText>
                        </common:Annotation>
                    </common:Annotations>
                    <common:Name xml:lang="en">Kostroma Oblast</common:Name>
                    <common:Name xml:lang="fr">Kostroma Oblast</common:Name>
                    <structure:Parent>
                        <Ref id="RUS"/>
                    </structure:Parent>
                </structure:Code>
                <structure:Code id="RU08">
                    <common:Annotations>
                        <common:Annotation>
                            <common:AnnotationType>ORDER</common:AnnotationType>
                            <common:AnnotationText xml:lang="en">33310</common:AnnotationText>
                            <common:AnnotationText xml:lang="fr">33310</common:AnnotationText>
                        </common:Annotation>
                    </common:Annotations>
                    <common:Name xml:lang="en">Kursk Oblast</common:Name>
                    <common:Name xml:lang="fr">Kursk Oblast</common:Name>
                    <structure:Parent>
                        <Ref id="RUS"/>
                    </structure:Parent>
                </structure:Code>
                <structure:Code id="RU09">
                    <common:Annotations>
                        <common:Annotation>
                            <common:AnnotationType>ORDER</common:AnnotationType>
                            <common:AnnotationText xml:lang="en">33320</common:AnnotationText>
                            <common:AnnotationText xml:lang="fr">33320</common:AnnotationText>
                        </common:Annotation>
                    </common:Annotations>
                    <common:Name xml:lang="en">Lipetsk Oblast</common:Name>
                    <common:Name xml:lang="fr">Lipetsk Oblast</common:Name>
                    <structure:Parent>
                        <Ref id="RUS"/>
                    </structure:Parent>
                </structure:Code>
                <structure:Code id="RU10">
                    <common:Annotations>
                        <common:Annotation>
                            <common:AnnotationType>ORDER</common:AnnotationType>
                            <common:AnnotationText xml:lang="en">33330</common:AnnotationText>
                            <common:AnnotationText xml:lang="fr">33330</common:AnnotationText>
                        </common:Annotation>
                    </common:Annotations>
                    <common:Name xml:lang="en">Moscow Oblast</common:Name>
                    <common:Name xml:lang="fr">Moscow Oblast</common:Name>
                    <structure:Parent>
                        <Ref id="RUS"/>
                    </structure:Parent>
                </structure:Code>
                <structure:Code id="RU11">
                    <common:Annotations>
                        <common:Annotation>
                            <common:AnnotationType>ORDER</common:AnnotationType>
                            <common:AnnotationText xml:lang="en">33340</common:AnnotationText>
                            <common:AnnotationText xml:lang="fr">33340</common:AnnotationText>
                        </common:Annotation>
                    </common:Annotations>
                    <common:Name xml:lang="en">Oryol Oblast</common:Name>
                    <common:Name xml:lang="fr">Oryol Oblast</common:Name>
                    <structure:Parent>
                        <Ref id="RUS"/>
                    </structure:Parent>
                </structure:Code>
                <structure:Code id="RU12">
                    <common:Annotations>
                        <common:Annotation>
                            <common:AnnotationType>ORDER</common:AnnotationType>
                            <common:AnnotationText xml:lang="en">33350</common:AnnotationText>
                            <common:AnnotationText xml:lang="fr">33350</common:AnnotationText>
                        </common:Annotation>
                    </common:Annotations>
                    <common:Name xml:lang="en">Ryazan Oblast</common:Name>
                    <common:Name xml:lang="fr">Ryazan Oblast</common:Name>
                    <structure:Parent>
                        <Ref id="RUS"/>
                    </structure:Parent>
                </structure:Code>
                <structure:Code id="RU13">
                    <common:Annotations>
                        <common:Annotation>
                            <common:AnnotationType>ORDER</common:AnnotationType>
                            <common:AnnotationText xml:lang="en">33360</common:AnnotationText>
                            <common:AnnotationText xml:lang="fr">33360</common:AnnotationText>
                        </common:Annotation>
                    </common:Annotations>
                    <common:Name xml:lang="en">Smolensk Oblast</common:Name>
                    <common:Name xml:lang="fr">Smolensk Oblast</common:Name>
                    <structure:Parent>
                        <Ref id="RUS"/>
                    </structure:Parent>
                </structure:Code>
                <structure:Code id="RU14">
                    <common:Annotations>
                        <common:Annotation>
                            <common:AnnotationType>ORDER</common:AnnotationType>
                            <common:AnnotationText xml:lang="en">33370</common:AnnotationText>
                            <common:AnnotationText xml:lang="fr">33370</common:AnnotationText>
                        </common:Annotation>
                    </common:Annotations>
                    <common:Name xml:lang="en">Tambov Oblast</common:Name>
                    <common:Name xml:lang="fr">Tambov Oblast</common:Name>
                    <structure:Parent>
                        <Ref id="RUS"/>
                    </structure:Parent>
                </structure:Code>
                <structure:Code id="RU15">
                    <common:Annotations>
                        <common:Annotation>
                            <common:AnnotationType>ORDER</common:AnnotationType>
                            <common:AnnotationText xml:lang="en">33380</common:AnnotationText>
                            <common:AnnotationText xml:lang="fr">33380</common:AnnotationText>
                        </common:Annotation>
                    </common:Annotations>
                    <common:Name xml:lang="en">Tver Oblast</common:Name>
                    <common:Name xml:lang="fr">Tver Oblast</common:Name>
                    <structure:Parent>
                        <Ref id="RUS"/>
                    </structure:Parent>
                </structure:Code>
                <structure:Code id="RU16">
                    <common:Annotations>
                        <common:Annotation>
                            <common:AnnotationType>ORDER</common:AnnotationType>
                            <common:AnnotationText xml:lang="en">33390</common:AnnotationText>
                            <common:AnnotationText xml:lang="fr">33390</common:AnnotationText>
                        </common:Annotation>
                    </common:Annotations>
                    <common:Name xml:lang="en">Tula Oblast</common:Name>
                    <common:Name xml:lang="fr">Tula Oblast</common:Name>
                    <structure:Parent>
                        <Ref id="RUS"/>
                    </structure:Parent>
                </structure:Code>
                <structure:Code id="RU17">
                    <common:Annotations>
                        <common:Annotation>
                            <common:AnnotationType>ORDER</common:AnnotationType>
                            <common:AnnotationText xml:lang="en">33400</common:AnnotationText>
                            <common:AnnotationText xml:lang="fr">33400</common:AnnotationText>
                        </common:Annotation>
                    </common:Annotations>
                    <common:Name xml:lang="en">Yaroslavl Oblast</common:Name>
                    <common:Name xml:lang="fr">Yaroslavl Oblast</common:Name>
                    <structure:Parent>
                        <Ref id="RUS"/>
                    </structure:Parent>
                </structure:Code>
                <structure:Code id="RU18">
                    <common:Annotations>
                        <common:Annotation>
                            <common:AnnotationType>ORDER</common:AnnotationType>
                            <common:AnnotationText xml:lang="en">33410</common:AnnotationText>
                            <common:AnnotationText xml:lang="fr">33410</common:AnnotationText>
                        </common:Annotation>
                    </common:Annotations>
                    <common:Name xml:lang="en">City of Moscow</common:Name>
                    <common:Name xml:lang="fr">City of Moscow</common:Name>
                    <structure:Parent>
                        <Ref id="RUS"/>
                    </structure:Parent>
                </structure:Code>
                <structure:Code id="RU19">
                    <common:Annotations>
                        <common:Annotation>
                            <common:AnnotationType>ORDER</common:AnnotationType>
                            <common:AnnotationText xml:lang="en">33420</common:AnnotationText>
                            <common:AnnotationText xml:lang="fr">33420</common:AnnotationText>
                        </common:Annotation>
                    </common:Annotations>
                    <common:Name xml:lang="en">Republic of Karelia</common:Name>
                    <common:Name xml:lang="fr">Republic of Karelia</common:Name>
                    <structure:Parent>
                        <Ref id="RUS"/>
                    </structure:Parent>
                </structure:Code>
                <structure:Code id="RU20">
                    <common:Annotations>
                        <common:Annotation>
                            <common:AnnotationType>ORDER</common:AnnotationType>
                            <common:AnnotationText xml:lang="en">33430</common:AnnotationText>
                            <common:AnnotationText xml:lang="fr">33430</common:AnnotationText>
                        </common:Annotation>
                    </common:Annotations>
                    <common:Name xml:lang="en">Komi republic</common:Name>
                    <common:Name xml:lang="fr">Komi republic</common:Name>
                    <structure:Parent>
                        <Ref id="RUS"/>
                    </structure:Parent>
                </structure:Code>
                <structure:Code id="RU21">
                    <common:Annotations>
                        <common:Annotation>
                            <common:AnnotationType>ORDER</common:AnnotationType>
                            <common:AnnotationText xml:lang="en">33440</common:AnnotationText>
                            <common:AnnotationText xml:lang="fr">33440</common:AnnotationText>
                        </common:Annotation>
                    </common:Annotations>
                    <common:Name xml:lang="en">Arkhangelsk Oblast</common:Name>
                    <common:Name xml:lang="fr">Arkhangelsk Oblast</common:Name>
                    <structure:Parent>
                        <Ref id="RUS"/>
                    </structure:Parent>
                </structure:Code>
                <structure:Code id="RU22">
                    <common:Annotations>
                        <common:Annotation>
                            <common:AnnotationType>ORDER</common:AnnotationType>
                            <common:AnnotationText xml:lang="en">33450</common:AnnotationText>
                            <common:AnnotationText xml:lang="fr">33450</common:AnnotationText>
                        </common:Annotation>
                    </common:Annotations>
                    <common:Name xml:lang="en">Nenets Autonomous Okrug</common:Name>
                    <common:Name xml:lang="fr">Nenets Autonomous Okrug</common:Name>
                    <structure:Parent>
                        <Ref id="RUS"/>
                    </structure:Parent>
                </structure:Code>
                <structure:Code id="RU23">
                    <common:Annotations>
                        <common:Annotation>
                            <common:AnnotationType>ORDER</common:AnnotationType>
                            <common:AnnotationText xml:lang="en">33460</common:AnnotationText>
                            <common:AnnotationText xml:lang="fr">33460</common:AnnotationText>
                        </common:Annotation>
                    </common:Annotations>
                    <common:Name xml:lang="en">Vologda Oblast</common:Name>
                    <common:Name xml:lang="fr">Vologda Oblast</common:Name>
                    <structure:Parent>
                        <Ref id="RUS"/>
                    </structure:Parent>
                </structure:Code>
                <structure:Code id="RU24">
                    <common:Annotations>
                        <common:Annotation>
                            <common:AnnotationType>ORDER</common:AnnotationType>
                            <common:AnnotationText xml:lang="en">33470</common:AnnotationText>
                            <common:AnnotationText xml:lang="fr">33470</common:AnnotationText>
                        </common:Annotation>
                    </common:Annotations>
                    <common:Name xml:lang="en">Kaliningrad Oblast</common:Name>
                    <common:Name xml:lang="fr">Kaliningrad Oblast</common:Name>
                    <structure:Parent>
                        <Ref id="RUS"/>
                    </structure:Parent>
                </structure:Code>
                <structure:Code id="RU25">
                    <common:Annotations>
                        <common:Annotation>
                            <common:AnnotationType>ORDER</common:AnnotationType>
                            <common:AnnotationText xml:lang="en">33480</common:AnnotationText>
                            <common:AnnotationText xml:lang="fr">33480</common:AnnotationText>
                        </common:Annotation>
                    </common:Annotations>
                    <common:Name xml:lang="en">Leningrad Oblast</common:Name>
                    <common:Name xml:lang="fr">Leningrad Oblast</common:Name>
                    <structure:Parent>
                        <Ref id="RUS"/>
                    </structure:Parent>
                </structure:Code>
                <structure:Code id="RU26">
                    <common:Annotations>
                        <common:Annotation>
                            <common:AnnotationType>ORDER</common:AnnotationType>
                            <common:AnnotationText xml:lang="en">33490</common:AnnotationText>
                            <common:AnnotationText xml:lang="fr">33490</common:AnnotationText>
                        </common:Annotation>
                    </common:Annotations>
                    <common:Name xml:lang="en">Murmansk Oblast</common:Name>
                    <common:Name xml:lang="fr">Murmansk Oblast</common:Name>
                    <structure:Parent>
                        <Ref id="RUS"/>
                    </structure:Parent>
                </structure:Code>
                <structure:Code id="RU27">
                    <common:Annotations>
                        <common:Annotation>
                            <common:AnnotationType>ORDER</common:AnnotationType>
                            <common:AnnotationText xml:lang="en">33500</common:AnnotationText>
                            <common:AnnotationText xml:lang="fr">33500</common:AnnotationText>
                        </common:Annotation>
                    </common:Annotations>
                    <common:Name xml:lang="en">Novgorod Oblast</common:Name>
                    <common:Name xml:lang="fr">Novgorod Oblast</common:Name>
                    <structure:Parent>
                        <Ref id="RUS"/>
                    </structure:Parent>
                </structure:Code>
                <structure:Code id="RU28">
                    <common:Annotations>
                        <common:Annotation>
                            <common:AnnotationType>ORDER</common:AnnotationType>
                            <common:AnnotationText xml:lang="en">33510</common:AnnotationText>
                            <common:AnnotationText xml:lang="fr">33510</common:AnnotationText>
                        </common:Annotation>
                    </common:Annotations>
                    <common:Name xml:lang="en">Pskov Oblast</common:Name>
                    <common:Name xml:lang="fr">Pskov Oblast</common:Name>
                    <structure:Parent>
                        <Ref id="RUS"/>
                    </structure:Parent>
                </structure:Code>
                <structure:Code id="RU29">
                    <common:Annotations>
                        <common:Annotation>
                            <common:AnnotationType>ORDER</common:AnnotationType>
                            <common:AnnotationText xml:lang="en">33520</common:AnnotationText>
                            <common:AnnotationText xml:lang="fr">33520</common:AnnotationText>
                        </common:Annotation>
                    </common:Annotations>
                    <common:Name xml:lang="en">Federal City of Saint Petersburg</common:Name>
                    <common:Name xml:lang="fr">Federal City of Saint Petersburg</common:Name>
                    <structure:Parent>
                        <Ref id="RUS"/>
                    </structure:Parent>
                </structure:Code>
                <structure:Code id="RU30">
                    <common:Annotations>
                        <common:Annotation>
                            <common:AnnotationType>ORDER</common:AnnotationType>
                            <common:AnnotationText xml:lang="en">33530</common:AnnotationText>
                            <common:AnnotationText xml:lang="fr">33530</common:AnnotationText>
                        </common:Annotation>
                    </common:Annotations>
                    <common:Name xml:lang="en">Republic of Adygea</common:Name>
                    <common:Name xml:lang="fr">Republic of Adygea</common:Name>
                    <structure:Parent>
                        <Ref id="RUS"/>
                    </structure:Parent>
                </structure:Code>
                <structure:Code id="RU31">
                    <common:Annotations>
                        <common:Annotation>
                            <common:AnnotationType>ORDER</common:AnnotationType>
                            <common:AnnotationText xml:lang="en">33540</common:AnnotationText>
                            <common:AnnotationText xml:lang="fr">33540</common:AnnotationText>
                        </common:Annotation>
                    </common:Annotations>
                    <common:Name xml:lang="en">Republic of Kalmykia</common:Name>
                    <common:Name xml:lang="fr">Republic of Kalmykia</common:Name>
                    <structure:Parent>
                        <Ref id="RUS"/>
                    </structure:Parent>
                </structure:Code>
                <structure:Code id="RU32">
                    <common:Annotations>
                        <common:Annotation>
                            <common:AnnotationType>ORDER</common:AnnotationType>
                            <common:AnnotationText xml:lang="en">33550</common:AnnotationText>
                            <common:AnnotationText xml:lang="fr">33550</common:AnnotationText>
                        </common:Annotation>
                    </common:Annotations>
                    <common:Name xml:lang="en">Krasnodar Krai</common:Name>
                    <common:Name xml:lang="fr">Krasnodar Krai</common:Name>
                    <structure:Parent>
                        <Ref id="RUS"/>
                    </structure:Parent>
                </structure:Code>
                <structure:Code id="RU33">
                    <common:Annotations>
                        <common:Annotation>
                            <common:AnnotationType>ORDER</common:AnnotationType>
                            <common:AnnotationText xml:lang="en">33560</common:AnnotationText>
                            <common:AnnotationText xml:lang="fr">33560</common:AnnotationText>
                        </common:Annotation>
                    </common:Annotations>
                    <common:Name xml:lang="en">Astrakhan Oblast</common:Name>
                    <common:Name xml:lang="fr">Astrakhan Oblast</common:Name>
                    <structure:Parent>
                        <Ref id="RUS"/>
                    </structure:Parent>
                </structure:Code>
                <structure:Code id="RU34">
                    <common:Annotations>
                        <common:Annotation>
                            <common:AnnotationType>ORDER</common:AnnotationType>
                            <common:AnnotationText xml:lang="en">33570</common:AnnotationText>
                            <common:AnnotationText xml:lang="fr">33570</common:AnnotationText>
                        </common:Annotation>
                    </common:Annotations>
                    <common:Name xml:lang="en">Volgograd Oblast</common:Name>
                    <common:Name xml:lang="fr">Volgograd Oblast</common:Name>
                    <structure:Parent>
                        <Ref id="RUS"/>
                    </structure:Parent>
                </structure:Code>
                <structure:Code id="RU35">
                    <common:Annotations>
                        <common:Annotation>
                            <common:AnnotationType>ORDER</common:AnnotationType>
                            <common:AnnotationText xml:lang="en">33580</common:AnnotationText>
                            <common:AnnotationText xml:lang="fr">33580</common:AnnotationText>
                        </common:Annotation>
                    </common:Annotations>
                    <common:Name xml:lang="en">Rostov Oblast</common:Name>
                    <common:Name xml:lang="fr">Rostov Oblast</common:Name>
                    <structure:Parent>
                        <Ref id="RUS"/>
                    </structure:Parent>
                </structure:Code>
                <structure:Code id="RU36">
                    <common:Annotations>
                        <common:Annotation>
                            <common:AnnotationType>ORDER</common:AnnotationType>
                            <common:AnnotationText xml:lang="en">33590</common:AnnotationText>
                            <common:AnnotationText xml:lang="fr">33590</common:AnnotationText>
                        </common:Annotation>
                    </common:Annotations>
                    <common:Name xml:lang="en">Republic of Dagestan</common:Name>
                    <common:Name xml:lang="fr">Republic of Dagestan</common:Name>
                    <structure:Parent>
                        <Ref id="RUS"/>
                    </structure:Parent>
                </structure:Code>
                <structure:Code id="RU37">
                    <common:Annotations>
                        <common:Annotation>
                            <common:AnnotationType>ORDER</common:AnnotationType>
                            <common:AnnotationText xml:lang="en">33600</common:AnnotationText>
                            <common:AnnotationText xml:lang="fr">33600</common:AnnotationText>
                        </common:Annotation>
                    </common:Annotations>
                    <common:Name xml:lang="en">Republic of Ingushetia</common:Name>
                    <common:Name xml:lang="fr">Republic of Ingushetia</common:Name>
                    <structure:Parent>
                        <Ref id="RUS"/>
                    </structure:Parent>
                </structure:Code>
                <structure:Code id="RU38">
                    <common:Annotations>
                        <common:Annotation>
                            <common:AnnotationType>ORDER</common:AnnotationType>
                            <common:AnnotationText xml:lang="en">33610</common:AnnotationText>
                            <common:AnnotationText xml:lang="fr">33610</common:AnnotationText>
                        </common:Annotation>
                    </common:Annotations>
                    <common:Name xml:lang="en">Kabardino-Balkar Republic</common:Name>
                    <common:Name xml:lang="fr">Kabardino-Balkar Republic</common:Name>
                    <structure:Parent>
                        <Ref id="RUS"/>
                    </structure:Parent>
                </structure:Code>
                <structure:Code id="RU39">
                    <common:Annotations>
                        <common:Annotation>
                            <common:AnnotationType>ORDER</common:AnnotationType>
                            <common:AnnotationText xml:lang="en">33620</common:AnnotationText>
                            <common:AnnotationText xml:lang="fr">33620</common:AnnotationText>
                        </common:Annotation>
                    </common:Annotations>
                    <common:Name xml:lang="en">Karachay-Cherkhess Republic</common:Name>
                    <common:Name xml:lang="fr">Karachay-Cherkhess Republic</common:Name>
                    <structure:Parent>
                        <Ref id="RUS"/>
                    </structure:Parent>
                </structure:Code>
                <structure:Code id="RU40">
                    <common:Annotations>
                        <common:Annotation>
                            <common:AnnotationType>ORDER</common:AnnotationType>
                            <common:AnnotationText xml:lang="en">33630</common:AnnotationText>
                            <common:AnnotationText xml:lang="fr">33630</common:AnnotationText>
                        </common:Annotation>
                    </common:Annotations>
                    <common:Name xml:lang="en">Republic of North Ossetia-Alania</common:Name>
                    <common:Name xml:lang="fr">Republic of North Ossetia-Alania</common:Name>
                    <structure:Parent>
                        <Ref id="RUS"/>
                    </structure:Parent>
                </structure:Code>
                <structure:Code id="RU41">
                    <common:Annotations>
                        <common:Annotation>
                            <common:AnnotationType>ORDER</common:AnnotationType>
                            <common:AnnotationText xml:lang="en">33640</common:AnnotationText>
                            <common:AnnotationText xml:lang="fr">33640</common:AnnotationText>
                        </common:Annotation>
                    </common:Annotations>
                    <common:Name xml:lang="en">Chechen Republic</common:Name>
                    <common:Name xml:lang="fr">Chechen Republic</common:Name>
                    <structure:Parent>
                        <Ref id="RUS"/>
                    </structure:Parent>
                </structure:Code>
                <structure:Code id="RU42">
                    <common:Annotations>
                        <common:Annotation>
                            <common:AnnotationType>ORDER</common:AnnotationType>
                            <common:AnnotationText xml:lang="en">33650</common:AnnotationText>
                            <common:AnnotationText xml:lang="fr">33650</common:AnnotationText>
                        </common:Annotation>
                    </common:Annotations>
                    <common:Name xml:lang="en">Stavropol Krai</common:Name>
                    <common:Name xml:lang="fr">Stavropol Krai</common:Name>
                    <structure:Parent>
                        <Ref id="RUS"/>
                    </structure:Parent>
                </structure:Code>
                <structure:Code id="RU43">
                    <common:Annotations>
                        <common:Annotation>
                            <common:AnnotationType>ORDER</common:AnnotationType>
                            <common:AnnotationText xml:lang="en">33660</common:AnnotationText>
                            <common:AnnotationText xml:lang="fr">33660</common:AnnotationText>
                        </common:Annotation>
                    </common:Annotations>
                    <common:Name xml:lang="en">Republic of Bashkorstostan</common:Name>
                    <common:Name xml:lang="fr">Republic of Bashkorstostan</common:Name>
                    <structure:Parent>
                        <Ref id="RUS"/>
                    </structure:Parent>
                </structure:Code>
                <structure:Code id="RU44">
                    <common:Annotations>
                        <common:Annotation>
                            <common:AnnotationType>ORDER</common:AnnotationType>
                            <common:AnnotationText xml:lang="en">33670</common:AnnotationText>
                            <common:AnnotationText xml:lang="fr">33670</common:AnnotationText>
                        </common:Annotation>
                    </common:Annotations>
                    <common:Name xml:lang="en">Mari El Republic</common:Name>
                    <common:Name xml:lang="fr">Mari El Republic</common:Name>
                    <structure:Parent>
                        <Ref id="RUS"/>
                    </structure:Parent>
                </structure:Code>
                <structure:Code id="RU45">
                    <common:Annotations>
                        <common:Annotation>
                            <common:AnnotationType>ORDER</common:AnnotationType>
                            <common:AnnotationText xml:lang="en">33680</common:AnnotationText>
                            <common:AnnotationText xml:lang="fr">33680</common:AnnotationText>
                        </common:Annotation>
                    </common:Annotations>
                    <common:Name xml:lang="en">Republic of Mordovia</common:Name>
                    <common:Name xml:lang="fr">Republic of Mordovia</common:Name>
                    <structure:Parent>
                        <Ref id="RUS"/>
                    </structure:Parent>
                </structure:Code>
                <structure:Code id="RU46">
                    <common:Annotations>
                        <common:Annotation>
                            <common:AnnotationType>ORDER</common:AnnotationType>
                            <common:AnnotationText xml:lang="en">33690</common:AnnotationText>
                            <common:AnnotationText xml:lang="fr">33690</common:AnnotationText>
                        </common:Annotation>
                    </common:Annotations>
                    <common:Name xml:lang="en">Republic of Tatarstan</common:Name>
                    <common:Name xml:lang="fr">Republic of Tatarstan</common:Name>
                    <structure:Parent>
                        <Ref id="RUS"/>
                    </structure:Parent>
                </structure:Code>
                <structure:Code id="RU47">
                    <common:Annotations>
                        <common:Annotation>
                            <common:AnnotationType>ORDER</common:AnnotationType>
                            <common:AnnotationText xml:lang="en">33700</common:AnnotationText>
                            <common:AnnotationText xml:lang="fr">33700</common:AnnotationText>
                        </common:Annotation>
                    </common:Annotations>
                    <common:Name xml:lang="en">Udmurt Republic</common:Name>
                    <common:Name xml:lang="fr">Udmurt Republic</common:Name>
                    <structure:Parent>
                        <Ref id="RUS"/>
                    </structure:Parent>
                </structure:Code>
                <structure:Code id="RU48">
                    <common:Annotations>
                        <common:Annotation>
                            <common:AnnotationType>ORDER</common:AnnotationType>
                            <common:AnnotationText xml:lang="en">33710</common:AnnotationText>
                            <common:AnnotationText xml:lang="fr">33710</common:AnnotationText>
                        </common:Annotation>
                    </common:Annotations>
                    <common:Name xml:lang="en">Chuvash Republic</common:Name>
                    <common:Name xml:lang="fr">Chuvash Republic</common:Name>
                    <structure:Parent>
                        <Ref id="RUS"/>
                    </structure:Parent>
                </structure:Code>
                <structure:Code id="RU49">
                    <common:Annotations>
                        <common:Annotation>
                            <common:AnnotationType>ORDER</common:AnnotationType>
                            <common:AnnotationText xml:lang="en">33720</common:AnnotationText>
                            <common:AnnotationText xml:lang="fr">33720</common:AnnotationText>
                        </common:Annotation>
                    </common:Annotations>
                    <common:Name xml:lang="en">Perm Krai</common:Name>
                    <common:Name xml:lang="fr">Perm Krai</common:Name>
                    <structure:Parent>
                        <Ref id="RUS"/>
                    </structure:Parent>
                </structure:Code>
                <structure:Code id="RU50">
                    <common:Annotations>
                        <common:Annotation>
                            <common:AnnotationType>ORDER</common:AnnotationType>
                            <common:AnnotationText xml:lang="en">33730</common:AnnotationText>
                            <common:AnnotationText xml:lang="fr">33730</common:AnnotationText>
                        </common:Annotation>
                    </common:Annotations>
                    <common:Name xml:lang="en">Kirov Oblast</common:Name>
                    <common:Name xml:lang="fr">Kirov Oblast</common:Name>
                    <structure:Parent>
                        <Ref id="RUS"/>
                    </structure:Parent>
                </structure:Code>
                <structure:Code id="RU51">
                    <common:Annotations>
                        <common:Annotation>
                            <common:AnnotationType>ORDER</common:AnnotationType>
                            <common:AnnotationText xml:lang="en">33740</common:AnnotationText>
                            <common:AnnotationText xml:lang="fr">33740</common:AnnotationText>
                        </common:Annotation>
                    </common:Annotations>
                    <common:Name xml:lang="en">Nizhny Novgorod Oblast</common:Name>
                    <common:Name xml:lang="fr">Nizhny Novgorod Oblast</common:Name>
                    <structure:Parent>
                        <Ref id="RUS"/>
                    </structure:Parent>
                </structure:Code>
                <structure:Code id="RU52">
                    <common:Annotations>
                        <common:Annotation>
                            <common:AnnotationType>ORDER</common:AnnotationType>
                            <common:AnnotationText xml:lang="en">33750</common:AnnotationText>
                            <common:AnnotationText xml:lang="fr">33750</common:AnnotationText>
                        </common:Annotation>
                    </common:Annotations>
                    <common:Name xml:lang="en">Orenburg Oblast</common:Name>
                    <common:Name xml:lang="fr">Orenburg Oblast</common:Name>
                    <structure:Parent>
                        <Ref id="RUS"/>
                    </structure:Parent>
                </structure:Code>
                <structure:Code id="RU53">
                    <common:Annotations>
                        <common:Annotation>
                            <common:AnnotationType>ORDER</common:AnnotationType>
                            <common:AnnotationText xml:lang="en">33760</common:AnnotationText>
                            <common:AnnotationText xml:lang="fr">33760</common:AnnotationText>
                        </common:Annotation>
                    </common:Annotations>
                    <common:Name xml:lang="en">Penza Oblast</common:Name>
                    <common:Name xml:lang="fr">Penza Oblast</common:Name>
                    <structure:Parent>
                        <Ref id="RUS"/>
                    </structure:Parent>
                </structure:Code>
                <structure:Code id="RU54">
                    <common:Annotations>
                        <common:Annotation>
                            <common:AnnotationType>ORDER</common:AnnotationType>
                            <common:AnnotationText xml:lang="en">33770</common:AnnotationText>
                            <common:AnnotationText xml:lang="fr">33770</common:AnnotationText>
                        </common:Annotation>
                    </common:Annotations>
                    <common:Name xml:lang="en">Samara Oblast</common:Name>
                    <common:Name xml:lang="fr">Samara Oblast</common:Name>
                    <structure:Parent>
                        <Ref id="RUS"/>
                    </structure:Parent>
                </structure:Code>
                <structure:Code id="RU55">
                    <common:Annotations>
                        <common:Annotation>
                            <common:AnnotationType>ORDER</common:AnnotationType>
                            <common:AnnotationText xml:lang="en">33780</common:AnnotationText>
                            <common:AnnotationText xml:lang="fr">33780</common:AnnotationText>
                        </common:Annotation>
                    </common:Annotations>
                    <common:Name xml:lang="en">Saratov Oblast</common:Name>
                    <common:Name xml:lang="fr">Saratov Oblast</common:Name>
                    <structure:Parent>
                        <Ref id="RUS"/>
                    </structure:Parent>
                </structure:Code>
                <structure:Code id="RU56">
                    <common:Annotations>
                        <common:Annotation>
                            <common:AnnotationType>ORDER</common:AnnotationType>
                            <common:AnnotationText xml:lang="en">33790</common:AnnotationText>
                            <common:AnnotationText xml:lang="fr">33790</common:AnnotationText>
                        </common:Annotation>
                    </common:Annotations>
                    <common:Name xml:lang="en">Ulianov Oblast</common:Name>
                    <common:Name xml:lang="fr">Ulianov Oblast</common:Name>
                    <structure:Parent>
                        <Ref id="RUS"/>
                    </structure:Parent>
                </structure:Code>
                <structure:Code id="RU57">
                    <common:Annotations>
                        <common:Annotation>
                            <common:AnnotationType>ORDER</common:AnnotationType>
                            <common:AnnotationText xml:lang="en">33800</common:AnnotationText>
                            <common:AnnotationText xml:lang="fr">33800</common:AnnotationText>
                        </common:Annotation>
                    </common:Annotations>
                    <common:Name xml:lang="en">Kurgan Oblast</common:Name>
                    <common:Name xml:lang="fr">Kurgan Oblast</common:Name>
                    <structure:Parent>
                        <Ref id="RUS"/>
                    </structure:Parent>
                </structure:Code>
                <structure:Code id="RU58">
                    <common:Annotations>
                        <common:Annotation>
                            <common:AnnotationType>ORDER</common:AnnotationType>
                            <common:AnnotationText xml:lang="en">33810</common:AnnotationText>
                            <common:AnnotationText xml:lang="fr">33810</common:AnnotationText>
                        </common:Annotation>
                    </common:Annotations>
                    <common:Name xml:lang="en">Sverdlovsk Oblast</common:Name>
                    <common:Name xml:lang="fr">Sverdlovsk Oblast</common:Name>
                    <structure:Parent>
                        <Ref id="RUS"/>
                    </structure:Parent>
                </structure:Code>
                <structure:Code id="RU59">
                    <common:Annotations>
                        <common:Annotation>
                            <common:AnnotationType>ORDER</common:AnnotationType>
                            <common:AnnotationText xml:lang="en">33820</common:AnnotationText>
                            <common:AnnotationText xml:lang="fr">33820</common:AnnotationText>
                        </common:Annotation>
                    </common:Annotations>
                    <common:Name xml:lang="en">Tyumen Oblast</common:Name>
                    <common:Name xml:lang="fr">Tyumen Oblast</common:Name>
                    <structure:Parent>
                        <Ref id="RUS"/>
                    </structure:Parent>
                </structure:Code>
                <structure:Code id="RU60">
                    <common:Annotations>
                        <common:Annotation>
                            <common:AnnotationType>ORDER</common:AnnotationType>
                            <common:AnnotationText xml:lang="en">33830</common:AnnotationText>
                            <common:AnnotationText xml:lang="fr">33830</common:AnnotationText>
                        </common:Annotation>
                    </common:Annotations>
                    <common:Name xml:lang="en">Khanty-Mansi Autonomous Okrug - Yugra</common:Name>
                    <common:Name xml:lang="fr">Khanty-Mansi Autonomous Okrug - Yugra</common:Name>
                    <structure:Parent>
                        <Ref id="RUS"/>
                    </structure:Parent>
                </structure:Code>
                <structure:Code id="RU61">
                    <common:Annotations>
                        <common:Annotation>
                            <common:AnnotationType>ORDER</common:AnnotationType>
                            <common:AnnotationText xml:lang="en">33840</common:AnnotationText>
                            <common:AnnotationText xml:lang="fr">33840</common:AnnotationText>
                        </common:Annotation>
                    </common:Annotations>
                    <common:Name xml:lang="en">Yamalo-Nenets Autonomous Okrug</common:Name>
                    <common:Name xml:lang="fr">Yamalo-Nenets Autonomous Okrug</common:Name>
                    <structure:Parent>
                        <Ref id="RUS"/>
                    </structure:Parent>
                </structure:Code>
                <structure:Code id="RU62">
                    <common:Annotations>
                        <common:Annotation>
                            <common:AnnotationType>ORDER</common:AnnotationType>
                            <common:AnnotationText xml:lang="en">33850</common:AnnotationText>
                            <common:AnnotationText xml:lang="fr">33850</common:AnnotationText>
                        </common:Annotation>
                    </common:Annotations>
                    <common:Name xml:lang="en">Chelyabinsk Oblast</common:Name>
                    <common:Name xml:lang="fr">Chelyabinsk Oblast</common:Name>
                    <structure:Parent>
                        <Ref id="RUS"/>
                    </structure:Parent>
                </structure:Code>
                <structure:Code id="RU63">
                    <common:Annotations>
                        <common:Annotation>
                            <common:AnnotationType>ORDER</common:AnnotationType>
                            <common:AnnotationText xml:lang="en">33860</common:AnnotationText>
                            <common:AnnotationText xml:lang="fr">33860</common:AnnotationText>
                        </common:Annotation>
                    </common:Annotations>
                    <common:Name xml:lang="en">Republic of Altai</common:Name>
                    <common:Name xml:lang="fr">Republic of Altai</common:Name>
                    <structure:Parent>
                        <Ref id="RUS"/>
                    </structure:Parent>
                </structure:Code>
                <structure:Code id="RU64">
                    <common:Annotations>
                        <common:Annotation>
                            <common:AnnotationType>ORDER</common:AnnotationType>
                            <common:AnnotationText xml:lang="en">33870</common:AnnotationText>
                            <common:AnnotationText xml:lang="fr">33870</common:AnnotationText>
                        </common:Annotation>
                    </common:Annotations>
                    <common:Name xml:lang="en">Buryat Republic</common:Name>
                    <common:Name xml:lang="fr">Buryat Republic</common:Name>
                    <structure:Parent>
                        <Ref id="RUS"/>
                    </structure:Parent>
                </structure:Code>
                <structure:Code id="RU65">
                    <common:Annotations>
                        <common:Annotation>
                            <common:AnnotationType>ORDER</common:AnnotationType>
                            <common:AnnotationText xml:lang="en">33880</common:AnnotationText>
                            <common:AnnotationText xml:lang="fr">33880</common:AnnotationText>
                        </common:Annotation>
                    </common:Annotations>
                    <common:Name xml:lang="en">Tyva Republic</common:Name>
                    <common:Name xml:lang="fr">Tyva Republic</common:Name>
                    <structure:Parent>
                        <Ref id="RUS"/>
                    </structure:Parent>
                </structure:Code>
                <structure:Code id="RU66">
                    <common:Annotations>
                        <common:Annotation>
                            <common:AnnotationType>ORDER</common:AnnotationType>
                            <common:AnnotationText xml:lang="en">33890</common:AnnotationText>
                            <common:AnnotationText xml:lang="fr">33890</common:AnnotationText>
                        </common:Annotation>
                    </common:Annotations>
                    <common:Name xml:lang="en">Republic of Khakassia</common:Name>
                    <common:Name xml:lang="fr">Republic of Khakassia</common:Name>
                    <structure:Parent>
                        <Ref id="RUS"/>
                    </structure:Parent>
                </structure:Code>
                <structure:Code id="RU67">
                    <common:Annotations>
                        <common:Annotation>
                            <common:AnnotationType>ORDER</common:AnnotationType>
                            <common:AnnotationText xml:lang="en">33900</common:AnnotationText>
                            <common:AnnotationText xml:lang="fr">33900</common:AnnotationText>
                        </common:Annotation>
                    </common:Annotations>
                    <common:Name xml:lang="en">Altai Krai</common:Name>
                    <common:Name xml:lang="fr">Altai Krai</common:Name>
                    <structure:Parent>
                        <Ref id="RUS"/>
                    </structure:Parent>
                </structure:Code>
                <structure:Code id="RU68">
                    <common:Annotations>
                        <common:Annotation>
                            <common:AnnotationType>ORDER</common:AnnotationType>
                            <common:AnnotationText xml:lang="en">33910</common:AnnotationText>
                            <common:AnnotationText xml:lang="fr">33910</common:AnnotationText>
                        </common:Annotation>
                    </common:Annotations>
                    <common:Name xml:lang="en">Zabaykalsky Krai</common:Name>
                    <common:Name xml:lang="fr">Zabaykalsky Krai</common:Name>
                    <structure:Parent>
                        <Ref id="RUS"/>
                    </structure:Parent>
                </structure:Code>
                <structure:Code id="RU69">
                    <common:Annotations>
                        <common:Annotation>
                            <common:AnnotationType>ORDER</common:AnnotationType>
                            <common:AnnotationText xml:lang="en">33920</common:AnnotationText>
                            <common:AnnotationText xml:lang="fr">33920</common:AnnotationText>
                        </common:Annotation>
                    </common:Annotations>
                    <common:Name xml:lang="en">Krasnoyarsk Krai</common:Name>
                    <common:Name xml:lang="fr">Krasnoyarsk Krai</common:Name>
                    <structure:Parent>
                        <Ref id="RUS"/>
                    </structure:Parent>
                </structure:Code>
                <structure:Code id="RU70">
                    <common:Annotations>
                        <common:Annotation>
                            <common:AnnotationType>ORDER</common:AnnotationType>
                            <common:AnnotationText xml:lang="en">33930</common:AnnotationText>
                            <common:AnnotationText xml:lang="fr">33930</common:AnnotationText>
                        </common:Annotation>
                    </common:Annotations>
                    <common:Name xml:lang="en">Irkutsk Oblast</common:Name>
                    <common:Name xml:lang="fr">Irkutsk Oblast</common:Name>
                    <structure:Parent>
                        <Ref id="RUS"/>
                    </structure:Parent>
                </structure:Code>
                <structure:Code id="RU71">
                    <common:Annotations>
                        <common:Annotation>
                            <common:AnnotationType>ORDER</common:AnnotationType>
                            <common:AnnotationText xml:lang="en">33940</common:AnnotationText>
                            <common:AnnotationText xml:lang="fr">33940</common:AnnotationText>
                        </common:Annotation>
                    </common:Annotations>
                    <common:Name xml:lang="en">Kemerovo oblast</common:Name>
                    <common:Name xml:lang="fr">Kemerovo oblast</common:Name>
                    <structure:Parent>
                        <Ref id="RUS"/>
                    </structure:Parent>
                </structure:Code>
                <structure:Code id="RU72">
                    <common:Annotations>
                        <common:Annotation>
                            <common:AnnotationType>ORDER</common:AnnotationType>
                            <common:AnnotationText xml:lang="en">33950</common:AnnotationText>
                            <common:AnnotationText xml:lang="fr">33950</common:AnnotationText>
                        </common:Annotation>
                    </common:Annotations>
                    <common:Name xml:lang="en">Novosibirsk Oblast</common:Name>
                    <common:Name xml:lang="fr">Novosibirsk Oblast</common:Name>
                    <structure:Parent>
                        <Ref id="RUS"/>
                    </structure:Parent>
                </structure:Code>
                <structure:Code id="RU73">
                    <common:Annotations>
                        <common:Annotation>
                            <common:AnnotationType>ORDER</common:AnnotationType>
                            <common:AnnotationText xml:lang="en">33960</common:AnnotationText>
                            <common:AnnotationText xml:lang="fr">33960</common:AnnotationText>
                        </common:Annotation>
                    </common:Annotations>
                    <common:Name xml:lang="en">Omsk Oblast</common:Name>
                    <common:Name xml:lang="fr">Omsk Oblast</common:Name>
                    <structure:Parent>
                        <Ref id="RUS"/>
                    </structure:Parent>
                </structure:Code>
                <structure:Code id="RU74">
                    <common:Annotations>
                        <common:Annotation>
                            <common:AnnotationType>ORDER</common:AnnotationType>
                            <common:AnnotationText xml:lang="en">33970</common:AnnotationText>
                            <common:AnnotationText xml:lang="fr">33970</common:AnnotationText>
                        </common:Annotation>
                    </common:Annotations>
                    <common:Name xml:lang="en">Tomsk Oblast</common:Name>
                    <common:Name xml:lang="fr">Tomsk Oblast</common:Name>
                    <structure:Parent>
                        <Ref id="RUS"/>
                    </structure:Parent>
                </structure:Code>
                <structure:Code id="RU75">
                    <common:Annotations>
                        <common:Annotation>
                            <common:AnnotationType>ORDER</common:AnnotationType>
                            <common:AnnotationText xml:lang="en">33980</common:AnnotationText>
                            <common:AnnotationText xml:lang="fr">33980</common:AnnotationText>
                        </common:Annotation>
                    </common:Annotations>
                    <common:Name xml:lang="en">Sakha Republic (Yakutia)</common:Name>
                    <common:Name xml:lang="fr">Sakha Republic (Yakutia)</common:Name>
                    <structure:Parent>
                        <Ref id="RUS"/>
                    </structure:Parent>
                </structure:Code>
                <structure:Code id="RU76">
                    <common:Annotations>
                        <common:Annotation>
                            <common:AnnotationType>ORDER</common:AnnotationType>
                            <common:AnnotationText xml:lang="en">33990</common:AnnotationText>
                            <common:AnnotationText xml:lang="fr">33990</common:AnnotationText>
                        </common:Annotation>
                    </common:Annotations>
                    <common:Name xml:lang="en">Kamchatka Krai</common:Name>
                    <common:Name xml:lang="fr">Kamchatka Krai</common:Name>
                    <structure:Parent>
                        <Ref id="RUS"/>
                    </structure:Parent>
                </structure:Code>
                <structure:Code id="RU77">
                    <common:Annotations>
                        <common:Annotation>
                            <common:AnnotationType>ORDER</common:AnnotationType>
                            <common:AnnotationText xml:lang="en">34000</common:AnnotationText>
                            <common:AnnotationText xml:lang="fr">34000</common:AnnotationText>
                        </common:Annotation>
                    </common:Annotations>
                    <common:Name xml:lang="en">Primorsky Krai</common:Name>
                    <common:Name xml:lang="fr">Primorsky Krai</common:Name>
                    <structure:Parent>
                        <Ref id="RUS"/>
                    </structure:Parent>
                </structure:Code>
                <structure:Code id="RU78">
                    <common:Annotations>
                        <common:Annotation>
                            <common:AnnotationType>ORDER</common:AnnotationType>
                            <common:AnnotationText xml:lang="en">34010</common:AnnotationText>
                            <common:AnnotationText xml:lang="fr">34010</common:AnnotationText>
                        </common:Annotation>
                    </common:Annotations>
                    <common:Name xml:lang="en">Khabarovsk Krai</common:Name>
                    <common:Name xml:lang="fr">Khabarovsk Krai</common:Name>
                    <structure:Parent>
                        <Ref id="RUS"/>
                    </structure:Parent>
                </structure:Code>
                <structure:Code id="RU79">
                    <common:Annotations>
                        <common:Annotation>
                            <common:AnnotationType>ORDER</common:AnnotationType>
                            <common:AnnotationText xml:lang="en">34020</common:AnnotationText>
                            <common:AnnotationText xml:lang="fr">34020</common:AnnotationText>
                        </common:Annotation>
                    </common:Annotations>
                    <common:Name xml:lang="en">Amur Oblast</common:Name>
                    <common:Name xml:lang="fr">Amur Oblast</common:Name>
                    <structure:Parent>
                        <Ref id="RUS"/>
                    </structure:Parent>
                </structure:Code>
                <structure:Code id="RU80">
                    <common:Annotations>
                        <common:Annotation>
                            <common:AnnotationType>ORDER</common:AnnotationType>
                            <common:AnnotationText xml:lang="en">34030</common:AnnotationText>
                            <common:AnnotationText xml:lang="fr">34030</common:AnnotationText>
                        </common:Annotation>
                    </common:Annotations>
                    <common:Name xml:lang="en">Magadan Oblast</common:Name>
                    <common:Name xml:lang="fr">Magadan Oblast</common:Name>
                    <structure:Parent>
                        <Ref id="RUS"/>
                    </structure:Parent>
                </structure:Code>
                <structure:Code id="RU81">
                    <common:Annotations>
                        <common:Annotation>
                            <common:AnnotationType>ORDER</common:AnnotationType>
                            <common:AnnotationText xml:lang="en">34040</common:AnnotationText>
                            <common:AnnotationText xml:lang="fr">34040</common:AnnotationText>
                        </common:Annotation>
                    </common:Annotations>
                    <common:Name xml:lang="en">Sakhalin Oblast</common:Name>
                    <common:Name xml:lang="fr">Sakhalin Oblast</common:Name>
                    <structure:Parent>
                        <Ref id="RUS"/>
                    </structure:Parent>
                </structure:Code>
                <structure:Code id="RU82">
                    <common:Annotations>
                        <common:Annotation>
                            <common:AnnotationType>ORDER</common:AnnotationType>
                            <common:AnnotationText xml:lang="en">34050</common:AnnotationText>
                            <common:AnnotationText xml:lang="fr">34050</common:AnnotationText>
                        </common:Annotation>
                    </common:Annotations>
                    <common:Name xml:lang="en">Jewish Autonomous Oblast</common:Name>
                    <common:Name xml:lang="fr">Jewish Autonomous Oblast</common:Name>
                    <structure:Parent>
                        <Ref id="RUS"/>
                    </structure:Parent>
                </structure:Code>
                <structure:Code id="RU83">
                    <common:Annotations>
                        <common:Annotation>
                            <common:AnnotationType>ORDER</common:AnnotationType>
                            <common:AnnotationText xml:lang="en">34060</common:AnnotationText>
                            <common:AnnotationText xml:lang="fr">34060</common:AnnotationText>
                        </common:Annotation>
                    </common:Annotations>
                    <common:Name xml:lang="en">Chukotka Autonomous Okrug</common:Name>
                    <common:Name xml:lang="fr">Chukotka Autonomous Okrug</common:Name>
                    <structure:Parent>
                        <Ref id="RUS"/>
                    </structure:Parent>
                </structure:Code>
                <structure:Code id="RWA">
                    <common:Annotations>
                        <common:Annotation>
                            <common:AnnotationType>ORDER</common:AnnotationType>
                            <common:AnnotationText xml:lang="en">34070</common:AnnotationText>
                            <common:AnnotationText xml:lang="fr">34070</common:AnnotationText>
                        </common:Annotation>
                    </common:Annotations>
                    <common:Name xml:lang="en">Rwanda</common:Name>
                    <common:Name xml:lang="fr">Rwanda</common:Name>
                </structure:Code>
                <structure:Code id="KNA">
                    <common:Annotations>
                        <common:Annotation>
                            <common:AnnotationType>ORDER</common:AnnotationType>
                            <common:AnnotationText xml:lang="en">34080</common:AnnotationText>
                            <common:AnnotationText xml:lang="fr">34080</common:AnnotationText>
                        </common:Annotation>
                    </common:Annotations>
                    <common:Name xml:lang="en">Saint Kitts and Nevis</common:Name>
                    <common:Name xml:lang="fr">Saint-Kitts-et-Nevis</common:Name>
                </structure:Code>
                <structure:Code id="LCA">
                    <common:Annotations>
                        <common:Annotation>
                            <common:AnnotationType>ORDER</common:AnnotationType>
                            <common:AnnotationText xml:lang="en">34090</common:AnnotationText>
                            <common:AnnotationText xml:lang="fr">34090</common:AnnotationText>
                        </common:Annotation>
                    </common:Annotations>
                    <common:Name xml:lang="en">Saint Lucia</common:Name>
                    <common:Name xml:lang="fr">Sainte-Lucie</common:Name>
                </structure:Code>
                <structure:Code id="VCT">
                    <common:Annotations>
                        <common:Annotation>
                            <common:AnnotationType>ORDER</common:AnnotationType>
                            <common:AnnotationText xml:lang="en">34100</common:AnnotationText>
                            <common:AnnotationText xml:lang="fr">34100</common:AnnotationText>
                        </common:Annotation>
                    </common:Annotations>
                    <common:Name xml:lang="en">Saint Vincent and the Grenadines</common:Name>
                    <common:Name xml:lang="fr">Saint-Vincent-et-les-Grenadines</common:Name>
                </structure:Code>
                <structure:Code id="WSM">
                    <common:Annotations>
                        <common:Annotation>
                            <common:AnnotationType>ORDER</common:AnnotationType>
                            <common:AnnotationText xml:lang="en">34110</common:AnnotationText>
                            <common:AnnotationText xml:lang="fr">34110</common:AnnotationText>
                        </common:Annotation>
                    </common:Annotations>
                    <common:Name xml:lang="en">Samoa</common:Name>
                    <common:Name xml:lang="fr">Samoa</common:Name>
                </structure:Code>
                <structure:Code id="SMR">
                    <common:Annotations>
                        <common:Annotation>
                            <common:AnnotationType>ORDER</common:AnnotationType>
                            <common:AnnotationText xml:lang="en">34120</common:AnnotationText>
                            <common:AnnotationText xml:lang="fr">34120</common:AnnotationText>
                        </common:Annotation>
                    </common:Annotations>
                    <common:Name xml:lang="en">San Marino</common:Name>
                    <common:Name xml:lang="fr">Saint-Marin</common:Name>
                </structure:Code>
                <structure:Code id="STP">
                    <common:Annotations>
                        <common:Annotation>
                            <common:AnnotationType>ORDER</common:AnnotationType>
                            <common:AnnotationText xml:lang="en">34130</common:AnnotationText>
                            <common:AnnotationText xml:lang="fr">34130</common:AnnotationText>
                        </common:Annotation>
                    </common:Annotations>
                    <common:Name xml:lang="en">Sao Tome and Principe</common:Name>
                    <common:Name xml:lang="fr">Sao Tomé-et-Principe</common:Name>
                </structure:Code>
                <structure:Code id="SAU">
                    <common:Annotations>
                        <common:Annotation>
                            <common:AnnotationType>ORDER</common:AnnotationType>
                            <common:AnnotationText xml:lang="en">34140</common:AnnotationText>
                            <common:AnnotationText xml:lang="fr">34140</common:AnnotationText>
                        </common:Annotation>
                    </common:Annotations>
                    <common:Name xml:lang="en">Saudi Arabia</common:Name>
                    <common:Name xml:lang="fr">Arabie saoudite</common:Name>
                </structure:Code>
                <structure:Code id="SEN">
                    <common:Annotations>
                        <common:Annotation>
                            <common:AnnotationType>ORDER</common:AnnotationType>
                            <common:AnnotationText xml:lang="en">34150</common:AnnotationText>
                            <common:AnnotationText xml:lang="fr">34150</common:AnnotationText>
                        </common:Annotation>
                    </common:Annotations>
                    <common:Name xml:lang="en">Senegal</common:Name>
                    <common:Name xml:lang="fr">Sénégal</common:Name>
                </structure:Code>
                <structure:Code id="SRB">
                    <common:Annotations>
                        <common:Annotation>
                            <common:AnnotationType>ORDER</common:AnnotationType>
                            <common:AnnotationText xml:lang="en">34160</common:AnnotationText>
                            <common:AnnotationText xml:lang="fr">34160</common:AnnotationText>
                        </common:Annotation>
                    </common:Annotations>
                    <common:Name xml:lang="en">Serbia</common:Name>
                    <common:Name xml:lang="fr">Serbie</common:Name>
                </structure:Code>
                <structure:Code id="SYC">
                    <common:Annotations>
                        <common:Annotation>
                            <common:AnnotationType>ORDER</common:AnnotationType>
                            <common:AnnotationText xml:lang="en">34170</common:AnnotationText>
                            <common:AnnotationText xml:lang="fr">34170</common:AnnotationText>
                        </common:Annotation>
                    </common:Annotations>
                    <common:Name xml:lang="en">Seychelles</common:Name>
                    <common:Name xml:lang="fr">Seychelles</common:Name>
                </structure:Code>
                <structure:Code id="SLE">
                    <common:Annotations>
                        <common:Annotation>
                            <common:AnnotationType>ORDER</common:AnnotationType>
                            <common:AnnotationText xml:lang="en">34180</common:AnnotationText>
                            <common:AnnotationText xml:lang="fr">34180</common:AnnotationText>
                        </common:Annotation>
                    </common:Annotations>
                    <common:Name xml:lang="en">Sierra Leone</common:Name>
                    <common:Name xml:lang="fr">Sierra Leone</common:Name>
                </structure:Code>
                <structure:Code id="SGP">
                    <common:Annotations>
                        <common:Annotation>
                            <common:AnnotationType>ORDER</common:AnnotationType>
                            <common:AnnotationText xml:lang="en">34190</common:AnnotationText>
                            <common:AnnotationText xml:lang="fr">34190</common:AnnotationText>
                        </common:Annotation>
                    </common:Annotations>
                    <common:Name xml:lang="en">Singapore</common:Name>
                    <common:Name xml:lang="fr">Singapour</common:Name>
                </structure:Code>
                <structure:Code id="SLB">
                    <common:Annotations>
                        <common:Annotation>
                            <common:AnnotationType>ORDER</common:AnnotationType>
                            <common:AnnotationText xml:lang="en">34200</common:AnnotationText>
                            <common:AnnotationText xml:lang="fr">34200</common:AnnotationText>
                        </common:Annotation>
                    </common:Annotations>
                    <common:Name xml:lang="en">Solomon Islands</common:Name>
                    <common:Name xml:lang="fr">Îles Salomon</common:Name>
                </structure:Code>
                <structure:Code id="SOM">
                    <common:Annotations>
                        <common:Annotation>
                            <common:AnnotationType>ORDER</common:AnnotationType>
                            <common:AnnotationText xml:lang="en">34210</common:AnnotationText>
                            <common:AnnotationText xml:lang="fr">34210</common:AnnotationText>
                        </common:Annotation>
                    </common:Annotations>
                    <common:Name xml:lang="en">Somalia</common:Name>
                    <common:Name xml:lang="fr">Somalie</common:Name>
                </structure:Code>
                <structure:Code id="SSD">
                    <common:Annotations>
                        <common:Annotation>
                            <common:AnnotationType>ORDER</common:AnnotationType>
                            <common:AnnotationText xml:lang="en">34220</common:AnnotationText>
                            <common:AnnotationText xml:lang="fr">34220</common:AnnotationText>
                        </common:Annotation>
                    </common:Annotations>
                    <common:Name xml:lang="en">South Sudan</common:Name>
                    <common:Name xml:lang="fr">Soudan du Sud</common:Name>
                </structure:Code>
                <structure:Code id="LKA">
                    <common:Annotations>
                        <common:Annotation>
                            <common:AnnotationType>ORDER</common:AnnotationType>
                            <common:AnnotationText xml:lang="en">34230</common:AnnotationText>
                            <common:AnnotationText xml:lang="fr">34230</common:AnnotationText>
                        </common:Annotation>
                    </common:Annotations>
                    <common:Name xml:lang="en">Sri Lanka</common:Name>
                    <common:Name xml:lang="fr">Sri Lanka</common:Name>
                </structure:Code>
                <structure:Code id="SDN">
                    <common:Annotations>
                        <common:Annotation>
                            <common:AnnotationType>ORDER</common:AnnotationType>
                            <common:AnnotationText xml:lang="en">34240</common:AnnotationText>
                            <common:AnnotationText xml:lang="fr">34240</common:AnnotationText>
                        </common:Annotation>
                    </common:Annotations>
                    <common:Name xml:lang="en">Sudan</common:Name>
                    <common:Name xml:lang="fr">Soudan</common:Name>
                </structure:Code>
                <structure:Code id="SUR">
                    <common:Annotations>
                        <common:Annotation>
                            <common:AnnotationType>ORDER</common:AnnotationType>
                            <common:AnnotationText xml:lang="en">34250</common:AnnotationText>
                            <common:AnnotationText xml:lang="fr">34250</common:AnnotationText>
                        </common:Annotation>
                    </common:Annotations>
                    <common:Name xml:lang="en">Suriname</common:Name>
                    <common:Name xml:lang="fr">Suriname</common:Name>
                </structure:Code>
                <structure:Code id="SYR">
                    <common:Annotations>
                        <common:Annotation>
                            <common:AnnotationType>ORDER</common:AnnotationType>
                            <common:AnnotationText xml:lang="en">34260</common:AnnotationText>
                            <common:AnnotationText xml:lang="fr">34260</common:AnnotationText>
                        </common:Annotation>
                    </common:Annotations>
                    <common:Name xml:lang="en">Syrian Arab Republic</common:Name>
                    <common:Name xml:lang="fr">République arabe syrienne</common:Name>
                </structure:Code>
                <structure:Code id="TJK">
                    <common:Annotations>
                        <common:Annotation>
                            <common:AnnotationType>ORDER</common:AnnotationType>
                            <common:AnnotationText xml:lang="en">34270</common:AnnotationText>
                            <common:AnnotationText xml:lang="fr">34270</common:AnnotationText>
                        </common:Annotation>
                    </common:Annotations>
                    <common:Name xml:lang="en">Tajikistan</common:Name>
                    <common:Name xml:lang="fr">Tadjikistan</common:Name>
                </structure:Code>
                <structure:Code id="TZA">
                    <common:Annotations>
                        <common:Annotation>
                            <common:AnnotationType>ORDER</common:AnnotationType>
                            <common:AnnotationText xml:lang="en">34280</common:AnnotationText>
                            <common:AnnotationText xml:lang="fr">34280</common:AnnotationText>
                        </common:Annotation>
                    </common:Annotations>
                    <common:Name xml:lang="en">Tanzania</common:Name>
                    <common:Name xml:lang="fr">Tanzanie</common:Name>
                </structure:Code>
                <structure:Code id="THA">
                    <common:Annotations>
                        <common:Annotation>
                            <common:AnnotationType>ORDER</common:AnnotationType>
                            <common:AnnotationText xml:lang="en">34290</common:AnnotationText>
                            <common:AnnotationText xml:lang="fr">34290</common:AnnotationText>
                        </common:Annotation>
                    </common:Annotations>
                    <common:Name xml:lang="en">Thailand</common:Name>
                    <common:Name xml:lang="fr">Thaïlande</common:Name>
                </structure:Code>
                <structure:Code id="TLS">
                    <common:Annotations>
                        <common:Annotation>
                            <common:AnnotationType>ORDER</common:AnnotationType>
                            <common:AnnotationText xml:lang="en">34300</common:AnnotationText>
                            <common:AnnotationText xml:lang="fr">34300</common:AnnotationText>
                        </common:Annotation>
                    </common:Annotations>
                    <common:Name xml:lang="en">Timor-Leste</common:Name>
                    <common:Name xml:lang="fr">Timor-Leste</common:Name>
                </structure:Code>
                <structure:Code id="TGO">
                    <common:Annotations>
                        <common:Annotation>
                            <common:AnnotationType>ORDER</common:AnnotationType>
                            <common:AnnotationText xml:lang="en">34310</common:AnnotationText>
                            <common:AnnotationText xml:lang="fr">34310</common:AnnotationText>
                        </common:Annotation>
                    </common:Annotations>
                    <common:Name xml:lang="en">Togo</common:Name>
                    <common:Name xml:lang="fr">Togo</common:Name>
                </structure:Code>
                <structure:Code id="TON">
                    <common:Annotations>
                        <common:Annotation>
                            <common:AnnotationType>ORDER</common:AnnotationType>
                            <common:AnnotationText xml:lang="en">34320</common:AnnotationText>
                            <common:AnnotationText xml:lang="fr">34320</common:AnnotationText>
                        </common:Annotation>
                    </common:Annotations>
                    <common:Name xml:lang="en">Tonga</common:Name>
                    <common:Name xml:lang="fr">Tonga</common:Name>
                </structure:Code>
                <structure:Code id="TTO">
                    <common:Annotations>
                        <common:Annotation>
                            <common:AnnotationType>ORDER</common:AnnotationType>
                            <common:AnnotationText xml:lang="en">34330</common:AnnotationText>
                            <common:AnnotationText xml:lang="fr">34330</common:AnnotationText>
                        </common:Annotation>
                    </common:Annotations>
                    <common:Name xml:lang="en">Trinidad and Tobago</common:Name>
                    <common:Name xml:lang="fr">Trinité-et-Tobago</common:Name>
                </structure:Code>
                <structure:Code id="TUN">
                    <common:Annotations>
                        <common:Annotation>
                            <common:AnnotationType>ORDER</common:AnnotationType>
                            <common:AnnotationText xml:lang="en">34340</common:AnnotationText>
                            <common:AnnotationText xml:lang="fr">34340</common:AnnotationText>
                        </common:Annotation>
                    </common:Annotations>
                    <common:Name xml:lang="en">Tunisia</common:Name>
                    <common:Name xml:lang="fr">Tunisie</common:Name>
                </structure:Code>
                <structure:Code id="TN1">
                    <common:Annotations>
                        <common:Annotation>
                            <common:AnnotationType>ORDER</common:AnnotationType>
                            <common:AnnotationText xml:lang="en">34350</common:AnnotationText>
                            <common:AnnotationText xml:lang="fr">34350</common:AnnotationText>
                        </common:Annotation>
                    </common:Annotations>
                    <common:Name xml:lang="en">District de Tunis</common:Name>
                    <common:Name xml:lang="fr">District de Tunis</common:Name>
                    <structure:Parent>
                        <Ref id="TUN"/>
                    </structure:Parent>
                </structure:Code>
                <structure:Code id="TN11">
                    <common:Annotations>
                        <common:Annotation>
                            <common:AnnotationType>ORDER</common:AnnotationType>
                            <common:AnnotationText xml:lang="en">34360</common:AnnotationText>
                            <common:AnnotationText xml:lang="fr">34360</common:AnnotationText>
                        </common:Annotation>
                    </common:Annotations>
                    <common:Name xml:lang="en">Tunis</common:Name>
                    <common:Name xml:lang="fr">Tunis</common:Name>
                    <structure:Parent>
                        <Ref id="TN1"/>
                    </structure:Parent>
                </structure:Code>
                <structure:Code id="TN12">
                    <common:Annotations>
                        <common:Annotation>
                            <common:AnnotationType>ORDER</common:AnnotationType>
                            <common:AnnotationText xml:lang="en">34370</common:AnnotationText>
                            <common:AnnotationText xml:lang="fr">34370</common:AnnotationText>
                        </common:Annotation>
                    </common:Annotations>
                    <common:Name xml:lang="en">Ariana</common:Name>
                    <common:Name xml:lang="fr">Ariana</common:Name>
                    <structure:Parent>
                        <Ref id="TN1"/>
                    </structure:Parent>
                </structure:Code>
                <structure:Code id="TN13">
                    <common:Annotations>
                        <common:Annotation>
                            <common:AnnotationType>ORDER</common:AnnotationType>
                            <common:AnnotationText xml:lang="en">34380</common:AnnotationText>
                            <common:AnnotationText xml:lang="fr">34380</common:AnnotationText>
                        </common:Annotation>
                    </common:Annotations>
                    <common:Name xml:lang="en">Ben Arous</common:Name>
                    <common:Name xml:lang="fr">Ben Arous</common:Name>
                    <structure:Parent>
                        <Ref id="TN1"/>
                    </structure:Parent>
                </structure:Code>
                <structure:Code id="TN14">
                    <common:Annotations>
                        <common:Annotation>
                            <common:AnnotationType>ORDER</common:AnnotationType>
                            <common:AnnotationText xml:lang="en">34390</common:AnnotationText>
                            <common:AnnotationText xml:lang="fr">34390</common:AnnotationText>
                        </common:Annotation>
                    </common:Annotations>
                    <common:Name xml:lang="en">Manouba</common:Name>
                    <common:Name xml:lang="fr">Manouba</common:Name>
                    <structure:Parent>
                        <Ref id="TN1"/>
                    </structure:Parent>
                </structure:Code>
                <structure:Code id="TN2">
                    <common:Annotations>
                        <common:Annotation>
                            <common:AnnotationType>ORDER</common:AnnotationType>
                            <common:AnnotationText xml:lang="en">34400</common:AnnotationText>
                            <common:AnnotationText xml:lang="fr">34400</common:AnnotationText>
                        </common:Annotation>
                    </common:Annotations>
                    <common:Name xml:lang="en">Nord-Est</common:Name>
                    <common:Name xml:lang="fr">Nord-Est</common:Name>
                    <structure:Parent>
                        <Ref id="TUN"/>
                    </structure:Parent>
                </structure:Code>
                <structure:Code id="TN21">
                    <common:Annotations>
                        <common:Annotation>
                            <common:AnnotationType>ORDER</common:AnnotationType>
                            <common:AnnotationText xml:lang="en">34410</common:AnnotationText>
                            <common:AnnotationText xml:lang="fr">34410</common:AnnotationText>
                        </common:Annotation>
                    </common:Annotations>
                    <common:Name xml:lang="en">Nabeul</common:Name>
                    <common:Name xml:lang="fr">Nabeul</common:Name>
                    <structure:Parent>
                        <Ref id="TN2"/>
                    </structure:Parent>
                </structure:Code>
                <structure:Code id="TN22">
                    <common:Annotations>
                        <common:Annotation>
                            <common:AnnotationType>ORDER</common:AnnotationType>
                            <common:AnnotationText xml:lang="en">34420</common:AnnotationText>
                            <common:AnnotationText xml:lang="fr">34420</common:AnnotationText>
                        </common:Annotation>
                    </common:Annotations>
                    <common:Name xml:lang="en">Zaghouan</common:Name>
                    <common:Name xml:lang="fr">Zaghouan</common:Name>
                    <structure:Parent>
                        <Ref id="TN2"/>
                    </structure:Parent>
                </structure:Code>
                <structure:Code id="TN23">
                    <common:Annotations>
                        <common:Annotation>
                            <common:AnnotationType>ORDER</common:AnnotationType>
                            <common:AnnotationText xml:lang="en">34430</common:AnnotationText>
                            <common:AnnotationText xml:lang="fr">34430</common:AnnotationText>
                        </common:Annotation>
                    </common:Annotations>
                    <common:Name xml:lang="en">Bizerte</common:Name>
                    <common:Name xml:lang="fr">Bizerte</common:Name>
                    <structure:Parent>
                        <Ref id="TN2"/>
                    </structure:Parent>
                </structure:Code>
                <structure:Code id="TN3">
                    <common:Annotations>
                        <common:Annotation>
                            <common:AnnotationType>ORDER</common:AnnotationType>
                            <common:AnnotationText xml:lang="en">34440</common:AnnotationText>
                            <common:AnnotationText xml:lang="fr">34440</common:AnnotationText>
                        </common:Annotation>
                    </common:Annotations>
                    <common:Name xml:lang="en">Nord-Ouest</common:Name>
                    <common:Name xml:lang="fr">Nord-Ouest</common:Name>
                    <structure:Parent>
                        <Ref id="TUN"/>
                    </structure:Parent>
                </structure:Code>
                <structure:Code id="TN31">
                    <common:Annotations>
                        <common:Annotation>
                            <common:AnnotationType>ORDER</common:AnnotationType>
                            <common:AnnotationText xml:lang="en">34450</common:AnnotationText>
                            <common:AnnotationText xml:lang="fr">34450</common:AnnotationText>
                        </common:Annotation>
                    </common:Annotations>
                    <common:Name xml:lang="en">Béja</common:Name>
                    <common:Name xml:lang="fr">Béja</common:Name>
                    <structure:Parent>
                        <Ref id="TN3"/>
                    </structure:Parent>
                </structure:Code>
                <structure:Code id="TN32">
                    <common:Annotations>
                        <common:Annotation>
                            <common:AnnotationType>ORDER</common:AnnotationType>
                            <common:AnnotationText xml:lang="en">34460</common:AnnotationText>
                            <common:AnnotationText xml:lang="fr">34460</common:AnnotationText>
                        </common:Annotation>
                    </common:Annotations>
                    <common:Name xml:lang="en">Jendouba</common:Name>
                    <common:Name xml:lang="fr">Jendouba</common:Name>
                    <structure:Parent>
                        <Ref id="TN3"/>
                    </structure:Parent>
                </structure:Code>
                <structure:Code id="TN33">
                    <common:Annotations>
                        <common:Annotation>
                            <common:AnnotationType>ORDER</common:AnnotationType>
                            <common:AnnotationText xml:lang="en">34470</common:AnnotationText>
                            <common:AnnotationText xml:lang="fr">34470</common:AnnotationText>
                        </common:Annotation>
                    </common:Annotations>
                    <common:Name xml:lang="en">Le Kef</common:Name>
                    <common:Name xml:lang="fr">Le Kef</common:Name>
                    <structure:Parent>
                        <Ref id="TN3"/>
                    </structure:Parent>
                </structure:Code>
                <structure:Code id="TN34">
                    <common:Annotations>
                        <common:Annotation>
                            <common:AnnotationType>ORDER</common:AnnotationType>
                            <common:AnnotationText xml:lang="en">34480</common:AnnotationText>
                            <common:AnnotationText xml:lang="fr">34480</common:AnnotationText>
                        </common:Annotation>
                    </common:Annotations>
                    <common:Name xml:lang="en">Siliana</common:Name>
                    <common:Name xml:lang="fr">Siliana</common:Name>
                    <structure:Parent>
                        <Ref id="TN3"/>
                    </structure:Parent>
                </structure:Code>
                <structure:Code id="TN4">
                    <common:Annotations>
                        <common:Annotation>
                            <common:AnnotationType>ORDER</common:AnnotationType>
                            <common:AnnotationText xml:lang="en">34490</common:AnnotationText>
                            <common:AnnotationText xml:lang="fr">34490</common:AnnotationText>
                        </common:Annotation>
                    </common:Annotations>
                    <common:Name xml:lang="en">Centre-Est</common:Name>
                    <common:Name xml:lang="fr">Centre-Est</common:Name>
                    <structure:Parent>
                        <Ref id="TUN"/>
                    </structure:Parent>
                </structure:Code>
                <structure:Code id="TN41">
                    <common:Annotations>
                        <common:Annotation>
                            <common:AnnotationType>ORDER</common:AnnotationType>
                            <common:AnnotationText xml:lang="en">34500</common:AnnotationText>
                            <common:AnnotationText xml:lang="fr">34500</common:AnnotationText>
                        </common:Annotation>
                    </common:Annotations>
                    <common:Name xml:lang="en">Sousse</common:Name>
                    <common:Name xml:lang="fr">Sousse</common:Name>
                    <structure:Parent>
                        <Ref id="TN4"/>
                    </structure:Parent>
                </structure:Code>
                <structure:Code id="TN42">
                    <common:Annotations>
                        <common:Annotation>
                            <common:AnnotationType>ORDER</common:AnnotationType>
                            <common:AnnotationText xml:lang="en">34510</common:AnnotationText>
                            <common:AnnotationText xml:lang="fr">34510</common:AnnotationText>
                        </common:Annotation>
                    </common:Annotations>
                    <common:Name xml:lang="en">Monastir</common:Name>
                    <common:Name xml:lang="fr">Monastir</common:Name>
                    <structure:Parent>
                        <Ref id="TN4"/>
                    </structure:Parent>
                </structure:Code>
                <structure:Code id="TN43">
                    <common:Annotations>
                        <common:Annotation>
                            <common:AnnotationType>ORDER</common:AnnotationType>
                            <common:AnnotationText xml:lang="en">34520</common:AnnotationText>
                            <common:AnnotationText xml:lang="fr">34520</common:AnnotationText>
                        </common:Annotation>
                    </common:Annotations>
                    <common:Name xml:lang="en">Mahdia</common:Name>
                    <common:Name xml:lang="fr">Mahdia</common:Name>
                    <structure:Parent>
                        <Ref id="TN4"/>
                    </structure:Parent>
                </structure:Code>
                <structure:Code id="TN44">
                    <common:Annotations>
                        <common:Annotation>
                            <common:AnnotationType>ORDER</common:AnnotationType>
                            <common:AnnotationText xml:lang="en">34530</common:AnnotationText>
                            <common:AnnotationText xml:lang="fr">34530</common:AnnotationText>
                        </common:Annotation>
                    </common:Annotations>
                    <common:Name xml:lang="en">Sfax</common:Name>
                    <common:Name xml:lang="fr">Sfax</common:Name>
                    <structure:Parent>
                        <Ref id="TN4"/>
                    </structure:Parent>
                </structure:Code>
                <structure:Code id="TN5">
                    <common:Annotations>
                        <common:Annotation>
                            <common:AnnotationType>ORDER</common:AnnotationType>
                            <common:AnnotationText xml:lang="en">34540</common:AnnotationText>
                            <common:AnnotationText xml:lang="fr">34540</common:AnnotationText>
                        </common:Annotation>
                    </common:Annotations>
                    <common:Name xml:lang="en">Centre-Ouest</common:Name>
                    <common:Name xml:lang="fr">Centre-Ouest</common:Name>
                    <structure:Parent>
                        <Ref id="TUN"/>
                    </structure:Parent>
                </structure:Code>
                <structure:Code id="TN51">
                    <common:Annotations>
                        <common:Annotation>
                            <common:AnnotationType>ORDER</common:AnnotationType>
                            <common:AnnotationText xml:lang="en">34550</common:AnnotationText>
                            <common:AnnotationText xml:lang="fr">34550</common:AnnotationText>
                        </common:Annotation>
                    </common:Annotations>
                    <common:Name xml:lang="en">Kairouan</common:Name>
                    <common:Name xml:lang="fr">Kairouan</common:Name>
                    <structure:Parent>
                        <Ref id="TN5"/>
                    </structure:Parent>
                </structure:Code>
                <structure:Code id="TN52">
                    <common:Annotations>
                        <common:Annotation>
                            <common:AnnotationType>ORDER</common:AnnotationType>
                            <common:AnnotationText xml:lang="en">34560</common:AnnotationText>
                            <common:AnnotationText xml:lang="fr">34560</common:AnnotationText>
                        </common:Annotation>
                    </common:Annotations>
                    <common:Name xml:lang="en">Kasserine</common:Name>
                    <common:Name xml:lang="fr">Kasserine</common:Name>
                    <structure:Parent>
                        <Ref id="TN5"/>
                    </structure:Parent>
                </structure:Code>
                <structure:Code id="TN53">
                    <common:Annotations>
                        <common:Annotation>
                            <common:AnnotationType>ORDER</common:AnnotationType>
                            <common:AnnotationText xml:lang="en">34570</common:AnnotationText>
                            <common:AnnotationText xml:lang="fr">34570</common:AnnotationText>
                        </common:Annotation>
                    </common:Annotations>
                    <common:Name xml:lang="en">Sidi Bouzid</common:Name>
                    <common:Name xml:lang="fr">Sidi Bouzid</common:Name>
                    <structure:Parent>
                        <Ref id="TN5"/>
                    </structure:Parent>
                </structure:Code>
                <structure:Code id="TN6">
                    <common:Annotations>
                        <common:Annotation>
                            <common:AnnotationType>ORDER</common:AnnotationType>
                            <common:AnnotationText xml:lang="en">34580</common:AnnotationText>
                            <common:AnnotationText xml:lang="fr">34580</common:AnnotationText>
                        </common:Annotation>
                    </common:Annotations>
                    <common:Name xml:lang="en">Sud-Est</common:Name>
                    <common:Name xml:lang="fr">Sud-Est</common:Name>
                    <structure:Parent>
                        <Ref id="TUN"/>
                    </structure:Parent>
                </structure:Code>
                <structure:Code id="TN61">
                    <common:Annotations>
                        <common:Annotation>
                            <common:AnnotationType>ORDER</common:AnnotationType>
                            <common:AnnotationText xml:lang="en">34590</common:AnnotationText>
                            <common:AnnotationText xml:lang="fr">34590</common:AnnotationText>
                        </common:Annotation>
                    </common:Annotations>
                    <common:Name xml:lang="en">Gabés</common:Name>
                    <common:Name xml:lang="fr">Gabés</common:Name>
                    <structure:Parent>
                        <Ref id="TN6"/>
                    </structure:Parent>
                </structure:Code>
                <structure:Code id="TN62">
                    <common:Annotations>
                        <common:Annotation>
                            <common:AnnotationType>ORDER</common:AnnotationType>
                            <common:AnnotationText xml:lang="en">34600</common:AnnotationText>
                            <common:AnnotationText xml:lang="fr">34600</common:AnnotationText>
                        </common:Annotation>
                    </common:Annotations>
                    <common:Name xml:lang="en">Médenine</common:Name>
                    <common:Name xml:lang="fr">Médenine</common:Name>
                    <structure:Parent>
                        <Ref id="TN6"/>
                    </structure:Parent>
                </structure:Code>
                <structure:Code id="TN63">
                    <common:Annotations>
                        <common:Annotation>
                            <common:AnnotationType>ORDER</common:AnnotationType>
                            <common:AnnotationText xml:lang="en">34610</common:AnnotationText>
                            <common:AnnotationText xml:lang="fr">34610</common:AnnotationText>
                        </common:Annotation>
                    </common:Annotations>
                    <common:Name xml:lang="en">Tataouine</common:Name>
                    <common:Name xml:lang="fr">Tataouine</common:Name>
                    <structure:Parent>
                        <Ref id="TN6"/>
                    </structure:Parent>
                </structure:Code>
                <structure:Code id="TN7">
                    <common:Annotations>
                        <common:Annotation>
                            <common:AnnotationType>ORDER</common:AnnotationType>
                            <common:AnnotationText xml:lang="en">34620</common:AnnotationText>
                            <common:AnnotationText xml:lang="fr">34620</common:AnnotationText>
                        </common:Annotation>
                    </common:Annotations>
                    <common:Name xml:lang="en">Sud-Ouest</common:Name>
                    <common:Name xml:lang="fr">Sud-Ouest</common:Name>
                    <structure:Parent>
                        <Ref id="TUN"/>
                    </structure:Parent>
                </structure:Code>
                <structure:Code id="TN71">
                    <common:Annotations>
                        <common:Annotation>
                            <common:AnnotationType>ORDER</common:AnnotationType>
                            <common:AnnotationText xml:lang="en">34630</common:AnnotationText>
                            <common:AnnotationText xml:lang="fr">34630</common:AnnotationText>
                        </common:Annotation>
                    </common:Annotations>
                    <common:Name xml:lang="en">Gafsa</common:Name>
                    <common:Name xml:lang="fr">Gafsa</common:Name>
                    <structure:Parent>
                        <Ref id="TN7"/>
                    </structure:Parent>
                </structure:Code>
                <structure:Code id="TN72">
                    <common:Annotations>
                        <common:Annotation>
                            <common:AnnotationType>ORDER</common:AnnotationType>
                            <common:AnnotationText xml:lang="en">34640</common:AnnotationText>
                            <common:AnnotationText xml:lang="fr">34640</common:AnnotationText>
                        </common:Annotation>
                    </common:Annotations>
                    <common:Name xml:lang="en">Tozeur</common:Name>
                    <common:Name xml:lang="fr">Tozeur</common:Name>
                    <structure:Parent>
                        <Ref id="TN7"/>
                    </structure:Parent>
                </structure:Code>
                <structure:Code id="TN73">
                    <common:Annotations>
                        <common:Annotation>
                            <common:AnnotationType>ORDER</common:AnnotationType>
                            <common:AnnotationText xml:lang="en">34650</common:AnnotationText>
                            <common:AnnotationText xml:lang="fr">34650</common:AnnotationText>
                        </common:Annotation>
                    </common:Annotations>
                    <common:Name xml:lang="en">Kébili</common:Name>
                    <common:Name xml:lang="fr">Kébili</common:Name>
                    <structure:Parent>
                        <Ref id="TN7"/>
                    </structure:Parent>
                </structure:Code>
                <structure:Code id="TKM">
                    <common:Annotations>
                        <common:Annotation>
                            <common:AnnotationType>ORDER</common:AnnotationType>
                            <common:AnnotationText xml:lang="en">34660</common:AnnotationText>
                            <common:AnnotationText xml:lang="fr">34660</common:AnnotationText>
                        </common:Annotation>
                    </common:Annotations>
                    <common:Name xml:lang="en">Turkmenistan</common:Name>
                    <common:Name xml:lang="fr">Turkménistan</common:Name>
                </structure:Code>
                <structure:Code id="TUV">
                    <common:Annotations>
                        <common:Annotation>
                            <common:AnnotationType>ORDER</common:AnnotationType>
                            <common:AnnotationText xml:lang="en">34670</common:AnnotationText>
                            <common:AnnotationText xml:lang="fr">34670</common:AnnotationText>
                        </common:Annotation>
                    </common:Annotations>
                    <common:Name xml:lang="en">Tuvalu</common:Name>
                    <common:Name xml:lang="fr">Tuvalu</common:Name>
                </structure:Code>
                <structure:Code id="UGA">
                    <common:Annotations>
                        <common:Annotation>
                            <common:AnnotationType>ORDER</common:AnnotationType>
                            <common:AnnotationText xml:lang="en">34680</common:AnnotationText>
                            <common:AnnotationText xml:lang="fr">34680</common:AnnotationText>
                        </common:Annotation>
                    </common:Annotations>
                    <common:Name xml:lang="en">Uganda</common:Name>
                    <common:Name xml:lang="fr">Ouganda</common:Name>
                </structure:Code>
                <structure:Code id="UKR">
                    <common:Annotations>
                        <common:Annotation>
                            <common:AnnotationType>ORDER</common:AnnotationType>
                            <common:AnnotationText xml:lang="en">34690</common:AnnotationText>
                            <common:AnnotationText xml:lang="fr">34690</common:AnnotationText>
                        </common:Annotation>
                    </common:Annotations>
                    <common:Name xml:lang="en">Ukraine</common:Name>
                    <common:Name xml:lang="fr">Ukraine</common:Name>
                </structure:Code>
                <structure:Code id="ARE">
                    <common:Annotations>
                        <common:Annotation>
                            <common:AnnotationType>ORDER</common:AnnotationType>
                            <common:AnnotationText xml:lang="en">34700</common:AnnotationText>
                            <common:AnnotationText xml:lang="fr">34700</common:AnnotationText>
                        </common:Annotation>
                    </common:Annotations>
                    <common:Name xml:lang="en">United Arab Emirates</common:Name>
                    <common:Name xml:lang="fr">Émirats arabes unis</common:Name>
                </structure:Code>
                <structure:Code id="URY">
                    <common:Annotations>
                        <common:Annotation>
                            <common:AnnotationType>ORDER</common:AnnotationType>
                            <common:AnnotationText xml:lang="en">34710</common:AnnotationText>
                            <common:AnnotationText xml:lang="fr">34710</common:AnnotationText>
                        </common:Annotation>
                    </common:Annotations>
                    <common:Name xml:lang="en">Uruguay</common:Name>
                    <common:Name xml:lang="fr">Uruguay</common:Name>
                </structure:Code>
                <structure:Code id="UZB">
                    <common:Annotations>
                        <common:Annotation>
                            <common:AnnotationType>ORDER</common:AnnotationType>
                            <common:AnnotationText xml:lang="en">34720</common:AnnotationText>
                            <common:AnnotationText xml:lang="fr">34720</common:AnnotationText>
                        </common:Annotation>
                    </common:Annotations>
                    <common:Name xml:lang="en">Uzbekistan</common:Name>
                    <common:Name xml:lang="fr">Ouzbékistan</common:Name>
                </structure:Code>
                <structure:Code id="VUT">
                    <common:Annotations>
                        <common:Annotation>
                            <common:AnnotationType>ORDER</common:AnnotationType>
                            <common:AnnotationText xml:lang="en">34730</common:AnnotationText>
                            <common:AnnotationText xml:lang="fr">34730</common:AnnotationText>
                        </common:Annotation>
                    </common:Annotations>
                    <common:Name xml:lang="en">Vanuatu</common:Name>
                    <common:Name xml:lang="fr">Vanuatu</common:Name>
                </structure:Code>
                <structure:Code id="VEN">
                    <common:Annotations>
                        <common:Annotation>
                            <common:AnnotationType>ORDER</common:AnnotationType>
                            <common:AnnotationText xml:lang="en">34740</common:AnnotationText>
                            <common:AnnotationText xml:lang="fr">34740</common:AnnotationText>
                        </common:Annotation>
                    </common:Annotations>
                    <common:Name xml:lang="en">Venezuela</common:Name>
                    <common:Name xml:lang="fr">Venezuela</common:Name>
                </structure:Code>
                <structure:Code id="VNM">
                    <common:Annotations>
                        <common:Annotation>
                            <common:AnnotationType>ORDER</common:AnnotationType>
                            <common:AnnotationText xml:lang="en">34750</common:AnnotationText>
                            <common:AnnotationText xml:lang="fr">34750</common:AnnotationText>
                        </common:Annotation>
                    </common:Annotations>
                    <common:Name xml:lang="en">Viet Nam</common:Name>
                    <common:Name xml:lang="fr">Viet Nam</common:Name>
                </structure:Code>
                <structure:Code id="ESH">
                    <common:Annotations>
                        <common:Annotation>
                            <common:AnnotationType>ORDER</common:AnnotationType>
                            <common:AnnotationText xml:lang="en">34760</common:AnnotationText>
                            <common:AnnotationText xml:lang="fr">34760</common:AnnotationText>
                        </common:Annotation>
                    </common:Annotations>
                    <common:Name xml:lang="en">Western Sahara</common:Name>
                    <common:Name xml:lang="fr">Sahara occidental</common:Name>
                </structure:Code>
                <structure:Code id="YEM">
                    <common:Annotations>
                        <common:Annotation>
                            <common:AnnotationType>ORDER</common:AnnotationType>
                            <common:AnnotationText xml:lang="en">34770</common:AnnotationText>
                            <common:AnnotationText xml:lang="fr">34770</common:AnnotationText>
                        </common:Annotation>
                    </common:Annotations>
                    <common:Name xml:lang="en">Yemen</common:Name>
                    <common:Name xml:lang="fr">Yémen</common:Name>
                </structure:Code>
                <structure:Code id="ZMB">
                    <common:Annotations>
                        <common:Annotation>
                            <common:AnnotationType>ORDER</common:AnnotationType>
                            <common:AnnotationText xml:lang="en">34780</common:AnnotationText>
                            <common:AnnotationText xml:lang="fr">34780</common:AnnotationText>
                        </common:Annotation>
                    </common:Annotations>
                    <common:Name xml:lang="en">Zambia</common:Name>
                    <common:Name xml:lang="fr">Zambie</common:Name>
                </structure:Code>
                <structure:Code id="ZWE">
                    <common:Annotations>
                        <common:Annotation>
                            <common:AnnotationType>ORDER</common:AnnotationType>
                            <common:AnnotationText xml:lang="en">34790</common:AnnotationText>
                            <common:AnnotationText xml:lang="fr">34790</common:AnnotationText>
                        </common:Annotation>
                    </common:Annotations>
                    <common:Name xml:lang="en">Zimbabwe</common:Name>
                    <common:Name xml:lang="fr">Zimbabwe</common:Name>
                </structure:Code>
                <structure:Code id="ZAF">
                    <common:Annotations>
                        <common:Annotation>
                            <common:AnnotationType>ORDER</common:AnnotationType>
                            <common:AnnotationText xml:lang="en">34800</common:AnnotationText>
                            <common:AnnotationText xml:lang="fr">34800</common:AnnotationText>
                        </common:Annotation>
                    </common:Annotations>
                    <common:Name xml:lang="en">South Africa</common:Name>
                    <common:Name xml:lang="fr">Afrique du Sud</common:Name>
                </structure:Code>
                <structure:Code id="ZA01">
                    <common:Annotations>
                        <common:Annotation>
                            <common:AnnotationType>ORDER</common:AnnotationType>
                            <common:AnnotationText xml:lang="en">34810</common:AnnotationText>
                            <common:AnnotationText xml:lang="fr">34810</common:AnnotationText>
                        </common:Annotation>
                    </common:Annotations>
                    <common:Name xml:lang="en">Eastern Cape</common:Name>
                    <common:Name xml:lang="fr">Eastern Cape</common:Name>
                    <structure:Parent>
                        <Ref id="ZAF"/>
                    </structure:Parent>
                </structure:Code>
                <structure:Code id="ZA02">
                    <common:Annotations>
                        <common:Annotation>
                            <common:AnnotationType>ORDER</common:AnnotationType>
                            <common:AnnotationText xml:lang="en">34820</common:AnnotationText>
                            <common:AnnotationText xml:lang="fr">34820</common:AnnotationText>
                        </common:Annotation>
                    </common:Annotations>
                    <common:Name xml:lang="en">Free State</common:Name>
                    <common:Name xml:lang="fr">Free State</common:Name>
                    <structure:Parent>
                        <Ref id="ZAF"/>
                    </structure:Parent>
                </structure:Code>
                <structure:Code id="ZA03">
                    <common:Annotations>
                        <common:Annotation>
                            <common:AnnotationType>ORDER</common:AnnotationType>
                            <common:AnnotationText xml:lang="en">34830</common:AnnotationText>
                            <common:AnnotationText xml:lang="fr">34830</common:AnnotationText>
                        </common:Annotation>
                    </common:Annotations>
                    <common:Name xml:lang="en">Gauteng</common:Name>
                    <common:Name xml:lang="fr">Gauteng</common:Name>
                    <structure:Parent>
                        <Ref id="ZAF"/>
                    </structure:Parent>
                </structure:Code>
                <structure:Code id="ZA04">
                    <common:Annotations>
                        <common:Annotation>
                            <common:AnnotationType>ORDER</common:AnnotationType>
                            <common:AnnotationText xml:lang="en">34840</common:AnnotationText>
                            <common:AnnotationText xml:lang="fr">34840</common:AnnotationText>
                        </common:Annotation>
                    </common:Annotations>
                    <common:Name xml:lang="en">KwaZulu-Natal</common:Name>
                    <common:Name xml:lang="fr">KwaZulu-Natal</common:Name>
                    <structure:Parent>
                        <Ref id="ZAF"/>
                    </structure:Parent>
                </structure:Code>
                <structure:Code id="ZA05">
                    <common:Annotations>
                        <common:Annotation>
                            <common:AnnotationType>ORDER</common:AnnotationType>
                            <common:AnnotationText xml:lang="en">34850</common:AnnotationText>
                            <common:AnnotationText xml:lang="fr">34850</common:AnnotationText>
                        </common:Annotation>
                    </common:Annotations>
                    <common:Name xml:lang="en">Limpopo</common:Name>
                    <common:Name xml:lang="fr">Limpopo</common:Name>
                    <structure:Parent>
                        <Ref id="ZAF"/>
                    </structure:Parent>
                </structure:Code>
                <structure:Code id="ZA06">
                    <common:Annotations>
                        <common:Annotation>
                            <common:AnnotationType>ORDER</common:AnnotationType>
                            <common:AnnotationText xml:lang="en">34860</common:AnnotationText>
                            <common:AnnotationText xml:lang="fr">34860</common:AnnotationText>
                        </common:Annotation>
                    </common:Annotations>
                    <common:Name xml:lang="en">Mpumalanga</common:Name>
                    <common:Name xml:lang="fr">Mpumalanga</common:Name>
                    <structure:Parent>
                        <Ref id="ZAF"/>
                    </structure:Parent>
                </structure:Code>
                <structure:Code id="ZA07">
                    <common:Annotations>
                        <common:Annotation>
                            <common:AnnotationType>ORDER</common:AnnotationType>
                            <common:AnnotationText xml:lang="en">34870</common:AnnotationText>
                            <common:AnnotationText xml:lang="fr">34870</common:AnnotationText>
                        </common:Annotation>
                    </common:Annotations>
                    <common:Name xml:lang="en">Northern Cape</common:Name>
                    <common:Name xml:lang="fr">Northern Cape</common:Name>
                    <structure:Parent>
                        <Ref id="ZAF"/>
                    </structure:Parent>
                </structure:Code>
                <structure:Code id="ZA08">
                    <common:Annotations>
                        <common:Annotation>
                            <common:AnnotationType>ORDER</common:AnnotationType>
                            <common:AnnotationText xml:lang="en">34880</common:AnnotationText>
                            <common:AnnotationText xml:lang="fr">34880</common:AnnotationText>
                        </common:Annotation>
                    </common:Annotations>
                    <common:Name xml:lang="en">North West</common:Name>
                    <common:Name xml:lang="fr">North West</common:Name>
                    <structure:Parent>
                        <Ref id="ZAF"/>
                    </structure:Parent>
                </structure:Code>
                <structure:Code id="ZA09">
                    <common:Annotations>
                        <common:Annotation>
                            <common:AnnotationType>ORDER</common:AnnotationType>
                            <common:AnnotationText xml:lang="en">34890</common:AnnotationText>
                            <common:AnnotationText xml:lang="fr">34890</common:AnnotationText>
                        </common:Annotation>
                    </common:Annotations>
                    <common:Name xml:lang="en">Western Cape</common:Name>
                    <common:Name xml:lang="fr">Western Cape</common:Name>
                    <structure:Parent>
                        <Ref id="ZAF"/>
                    </structure:Parent>
                </structure:Code>
                <structure:Code id="_Z">
                    <common:Annotations>
                        <common:Annotation>
                            <common:AnnotationType>ORDER</common:AnnotationType>
                            <common:AnnotationText xml:lang="en">34900</common:AnnotationText>
                            <common:AnnotationText xml:lang="fr">34900</common:AnnotationText>
                        </common:Annotation>
                    </common:Annotations>
                    <common:Name xml:lang="en">Not applicable</common:Name>
                    <common:Name xml:lang="fr">N'est pas applicable</common:Name>
                </structure:Code>
            </structure:Codelist>
            <structure:Codelist id="CL_FREQ" agencyID="TEST" version="2.0" isFinal="true">
                <common:Name xml:lang="en">Frequency</common:Name>
                <structure:Code id="A">
                    <common:Name xml:lang="en">Annual</common:Name>
                    <common:Name xml:lang="fr">Annuelle</common:Name>
                </structure:Code>
                <structure:Code id="S">
                    <common:Name xml:lang="en">Half-yearly, semester</common:Name>
                    <common:Name xml:lang="fr">Semestrielle</common:Name>
                </structure:Code>
                <structure:Code id="Q">
                    <common:Name xml:lang="en">Quarterly</common:Name>
                    <common:Name xml:lang="fr">Trimestrielle</common:Name>
                </structure:Code>
                <structure:Code id="M">
                    <common:Name xml:lang="en">Monthly</common:Name>
                    <common:Name xml:lang="fr">Mensuelle</common:Name>
                </structure:Code>
                <structure:Code id="W">
                    <common:Name xml:lang="en">Weekly</common:Name>
                    <common:Name xml:lang="fr">Hebdomadaire</common:Name>
                </structure:Code>
                <structure:Code id="D">
                    <common:Name xml:lang="en">Daily</common:Name>
                    <common:Name xml:lang="fr">Quotidienne</common:Name>
                </structure:Code>
                <structure:Code id="H">
                    <common:Name xml:lang="en">Hourly</common:Name>
                    <common:Name xml:lang="fr">Toutes les heures</common:Name>
                </structure:Code>
                <structure:Code id="B">
                    <common:Name xml:lang="en">Daily – businessweek</common:Name>
                    <common:Name xml:lang="fr">Quotidien - jour ouvrable</common:Name>
                </structure:Code>
                <structure:Code id="N">
                    <common:Name xml:lang="en">Minutely</common:Name>
                    <common:Name xml:lang="fr">Toutes les minutes</common:Name>
                </structure:Code>
            </structure:Codelist>
        </structure:Codelists>
        <structure:Concepts>
            <structure:ConceptScheme id="CS_AREAS_OECD" agencyID="TEST" version="1.0" isFinal="false">
                <common:Name xml:lang="en">List of OECD shared concepts</common:Name>
                <structure:Concept id="REF_AREA">
                    <common:Name xml:lang="en">Reference area</common:Name>
                    <common:Name xml:lang="fr">Zone de référence</common:Name>
                    <common:Description xml:lang="en">Country or geographic area to which the measured statistical phenomenon relates.</common:Description>
                    <structure:CoreRepresentation>
                        <structure:Enumeration>
                            <Ref id="CL_AREA" version="1.0" agencyID="OECD" package="codelist" class="Codelist"/>
                        </structure:Enumeration>
                    </structure:CoreRepresentation>
                </structure:Concept>
                <structure:Concept id="COUNTERPART_AREA">
                    <common:Name xml:lang="en">Counterpart reference area</common:Name>
                    <common:Name xml:lang="fr">Zone de contrepartie</common:Name>
                    <common:Description xml:lang="en">Secondary area, as opposed to reference area, to which the measured data are in relation.</common:Description>
                    <structure:CoreRepresentation>
                        <structure:Enumeration>
                            <Ref id="CL_AREA" version="1.0" agencyID="OECD" package="codelist" class="Codelist"/>
                        </structure:Enumeration>
                    </structure:CoreRepresentation>
                </structure:Concept>
                <structure:Concept id="BIRTH_COUNTRY">
                    <common:Name xml:lang="en">Country of birth</common:Name>
                    <common:Name xml:lang="fr">Pays de naissance</common:Name>
                    <structure:CoreRepresentation>
                        <structure:Enumeration>
                            <Ref id="CL_AREA" version="1.0" agencyID="OECD" package="codelist" class="Codelist"/>
                        </structure:Enumeration>
                    </structure:CoreRepresentation>
                </structure:Concept>
                <structure:Concept id="CITIZENSHIP">
                    <common:Name xml:lang="en">Citizenship</common:Name>
                    <common:Name xml:lang="fr">Nationalité</common:Name>
                    <structure:CoreRepresentation>
                        <structure:Enumeration>
                            <Ref id="CL_AREA" version="1.0" agencyID="OECD" package="codelist" class="Codelist"/>
                        </structure:Enumeration>
                    </structure:CoreRepresentation>
                </structure:Concept>
                <structure:Concept id="RESIDENCE">
                    <common:Name xml:lang="en">Country of residence</common:Name>
                    <common:Name xml:lang="fr">Pays de résidence</common:Name>
                    <structure:CoreRepresentation>
                        <structure:Enumeration>
                            <Ref id="CL_AREA" version="1.0" agencyID="OECD" package="codelist" class="Codelist"/>
                        </structure:Enumeration>
                    </structure:CoreRepresentation>
                </structure:Concept>
                <structure:Concept id="ORIGIN">
                    <common:Name xml:lang="en">Origin</common:Name>
                    <common:Name xml:lang="fr">Origine</common:Name>
                    <structure:CoreRepresentation>
                        <structure:Enumeration>
                            <Ref id="CL_AREA" version="1.0" agencyID="OECD" package="codelist" class="Codelist"/>
                        </structure:Enumeration>
                    </structure:CoreRepresentation>
                </structure:Concept>
                <structure:Concept id="DESTINATION">
                    <common:Name xml:lang="en">Destination</common:Name>
                    <common:Name xml:lang="fr">Destination</common:Name>
                    <structure:CoreRepresentation>
                        <structure:Enumeration>
                            <Ref id="CL_REGIONAL" version="1.0" agencyID="OECD" package="codelist" class="Codelist"/>
                        </structure:Enumeration>
                    </structure:CoreRepresentation>
                </structure:Concept>
                <structure:Concept id="DONOR">
                    <common:Name xml:lang="en">Donor</common:Name>
                    <common:Name xml:lang="fr">Donneur</common:Name>
                    <structure:CoreRepresentation>
                        <structure:Enumeration>
                            <Ref id="CL_AREA" version="1.0" agencyID="OECD" package="codelist" class="Codelist"/>
                        </structure:Enumeration>
                    </structure:CoreRepresentation>
                </structure:Concept>
                <structure:Concept id="RECIPIENT">
                    <common:Name xml:lang="en">Recipient</common:Name>
                    <common:Name xml:lang="fr">Receveur</common:Name>
                    <structure:CoreRepresentation>
                        <structure:Enumeration>
                            <Ref id="CL_AREA" version="1.0" agencyID="OECD" package="codelist" class="Codelist"/>
                        </structure:Enumeration>
                    </structure:CoreRepresentation>
                </structure:Concept>
                <structure:Concept id="EXPORTER">
                    <common:Name xml:lang="en">Exporter</common:Name>
                    <common:Name xml:lang="fr">Exportateur</common:Name>
                    <structure:CoreRepresentation>
                        <structure:Enumeration>
                            <Ref id="CL_FUA" version="1.0" agencyID="OECD" package="codelist" class="Codelist"/>
                        </structure:Enumeration>
                    </structure:CoreRepresentation>
                </structure:Concept>
                <structure:Concept id="IMPORTER">
                    <common:Name xml:lang="en">Importer</common:Name>
                    <common:Name xml:lang="fr">Importateur</common:Name>
                    <structure:CoreRepresentation>
                        <structure:Enumeration>
                            <Ref id="CL_AREA" version="1.0" agencyID="OECD" package="codelist" class="Codelist"/>
                        </structure:Enumeration>
                    </structure:CoreRepresentation>
                </structure:Concept>
                <structure:Concept id="TIME_PERIOD">
                    <common:Name xml:lang="en">Time period</common:Name>
                    <common:Name xml:lang="fr">Période de temps</common:Name>
                    <structure:CoreRepresentation>
                        <structure:TextFormat textType="ObservationalTimePeriod"/>
                    </structure:CoreRepresentation>
                </structure:Concept>
                <structure:Concept id="OBS_VALUE">
                    <common:Name xml:lang="en">Observation value</common:Name>
                    <common:Name xml:lang="fr">Valeur d'observation</common:Name>
                </structure:Concept>
                <structure:Concept id="MEASURE">
                    <common:Name xml:lang="en">Measure</common:Name>
                    <common:Name xml:lang="fr">Mesure</common:Name>
                    <structure:CoreRepresentation>
                        <structure:Enumeration>
                            <Ref id="CL_MEASURE" version="1.0" agencyID="OECD" package="codelist" class="Codelist"/>
                        </structure:Enumeration>
                    </structure:CoreRepresentation>
                </structure:Concept>
                <structure:Concept id="FREQ">
                    <common:Name xml:lang="en">Frequency</common:Name>
                    <common:Name xml:lang="fr">Fréquence</common:Name>
                    <structure:CoreRepresentation>
                        <structure:Enumeration>
                            <Ref id="CL_FREQ" version="2.0" agencyID="SDMX" package="codelist" class="Codelist"/>
                        </structure:Enumeration>
                    </structure:CoreRepresentation>
                </structure:Concept>
                <structure:Concept id="DEG_URB">
                    <common:Name xml:lang="en">Degree of urbanisation</common:Name>
                    <common:Name xml:lang="fr">Degré d'urbanisation</common:Name>
                    <structure:CoreRepresentation>
                        <structure:Enumeration>
                            <Ref id="CL_DEG_URB" version="1.0" agencyID="OECD" package="codelist" class="Codelist"/>
                        </structure:Enumeration>
                    </structure:CoreRepresentation>
                </structure:Concept>
            </structure:ConceptScheme>
        </structure:Concepts>
        <structure:DataStructures>
            <structure:DataStructure id="DSD_AREA" agencyID="TEST" version="1.0" isFinal="false">
                <common:Name xml:lang="en">Test DSD for areas</common:Name>
                <structure:DataStructureComponents>
                    <structure:DimensionList id="DimensionDescriptor">
                        <structure:Dimension id="REF_AREA" position="1">
                            <structure:ConceptIdentity>
                                <Ref id="REF_AREA" maintainableParentID="CS_AREAS_OECD" maintainableParentVersion="1.0" agencyID="TEST" package="conceptscheme" class="Concept"/>
                            </structure:ConceptIdentity>
                            <structure:LocalRepresentation>
                                <structure:Enumeration>
                                    <Ref id="CL_AREA" version="1.0" agencyID="TEST" package="codelist" class="Codelist"/>
                                </structure:Enumeration>
                            </structure:LocalRepresentation>
                        </structure:Dimension>
                        <structure:TimeDimension id="TIME_PERIOD" position="2">
                            <structure:ConceptIdentity>
                                <Ref id="TIME_PERIOD" maintainableParentID="CS_AREAS_OECD" maintainableParentVersion="1.0" agencyID="TEST" package="conceptscheme" class="Concept"/>
                            </structure:ConceptIdentity>
                            <structure:LocalRepresentation>
                                <structure:TextFormat textType="ObservationalTimePeriod"/>
                            </structure:LocalRepresentation>
                        </structure:TimeDimension>
                        <structure:Dimension id="MEASURE" position="3">
                            <structure:ConceptIdentity>
                                <Ref id="MEASURE" maintainableParentID="CS_AREAS_OECD" maintainableParentVersion="1.0" agencyID="TEST" package="conceptscheme" class="Concept"/>
                            </structure:ConceptIdentity>
                            <structure:LocalRepresentation>
                                <structure:Enumeration>
                                    <Ref id="CL_MEASURE" version="1.0" agencyID="TEST" package="codelist" class="Codelist"/>
                                </structure:Enumeration>
                            </structure:LocalRepresentation>
                        </structure:Dimension>
                        <structure:Dimension id="FREQ" position="4">
                            <structure:ConceptIdentity>
                                <Ref id="FREQ" maintainableParentID="CS_AREAS_OECD" maintainableParentVersion="1.0" agencyID="TEST" package="conceptscheme" class="Concept"/>
                            </structure:ConceptIdentity>
                            <structure:LocalRepresentation>
                                <structure:Enumeration>
                                    <Ref id="CL_FREQ" version="2.0" agencyID="TEST" package="codelist" class="Codelist"/>
                                </structure:Enumeration>
                            </structure:LocalRepresentation>
                        </structure:Dimension>
                    </structure:DimensionList>
                    <structure:MeasureList id="MeasureDescriptor">
                        <structure:PrimaryMeasure id="OBS_VALUE">
                            <structure:ConceptIdentity>
                                <Ref id="OBS_VALUE" maintainableParentID="CS_AREAS_OECD" maintainableParentVersion="1.0" agencyID="TEST" package="conceptscheme" class="Concept"/>
                            </structure:ConceptIdentity>
                            <structure:LocalRepresentation>
                                <structure:TextFormat textType="Double"/>
                            </structure:LocalRepresentation>
                        </structure:PrimaryMeasure>
                    </structure:MeasureList>
                </structure:DataStructureComponents>
            </structure:DataStructure>
            <structure:DataStructure id="DSD_AREA_LOCALISED_HIERARCHY" agencyID="TEST" version="1.0" isFinal="false">
                <common:Annotations>
                    <common:Annotation>
                        <common:AnnotationType>HIER_CONTEXT</common:AnnotationType>
                        <common:AnnotationText xml:lang="en">REF_AREA:OECD:HCL_TEST(1.0).CONT_EN</common:AnnotationText>
                        <common:AnnotationText xml:lang="fr">REF_AREA:OECD:HCL_TEST(1.0).CONT_FR</common:AnnotationText>
                    </common:Annotation>
                </common:Annotations>
                <common:Name xml:lang="en">Test DSD for areas</common:Name>
                <structure:DataStructureComponents>
                    <structure:DimensionList id="DimensionDescriptor">
                        <structure:Dimension id="REF_AREA" position="1">
                            <structure:ConceptIdentity>
                                <Ref id="REF_AREA" maintainableParentID="CS_AREAS_OECD" maintainableParentVersion="1.0" agencyID="TEST" package="conceptscheme" class="Concept"/>
                            </structure:ConceptIdentity>
                            <structure:LocalRepresentation>
                                <structure:Enumeration>
                                    <Ref id="CL_AREA" version="1.0" agencyID="TEST" package="codelist" class="Codelist"/>
                                </structure:Enumeration>
                            </structure:LocalRepresentation>
                        </structure:Dimension>
                        <structure:TimeDimension id="TIME_PERIOD" position="2">
                            <structure:ConceptIdentity>
                                <Ref id="TIME_PERIOD" maintainableParentID="CS_AREAS_OECD" maintainableParentVersion="1.0" agencyID="TEST" package="conceptscheme" class="Concept"/>
                            </structure:ConceptIdentity>
                            <structure:LocalRepresentation>
                                <structure:TextFormat textType="ObservationalTimePeriod"/>
                            </structure:LocalRepresentation>
                        </structure:TimeDimension>
                        <structure:Dimension id="MEASURE" position="3">
                            <structure:ConceptIdentity>
                                <Ref id="MEASURE" maintainableParentID="CS_AREAS_OECD" maintainableParentVersion="1.0" agencyID="TEST" package="conceptscheme" class="Concept"/>
                            </structure:ConceptIdentity>
                            <structure:LocalRepresentation>
                                <structure:Enumeration>
                                    <Ref id="CL_MEASURE" version="1.0" agencyID="TEST" package="codelist" class="Codelist"/>
                                </structure:Enumeration>
                            </structure:LocalRepresentation>
                        </structure:Dimension>
                        <structure:Dimension id="FREQ" position="4">
                            <structure:ConceptIdentity>
                                <Ref id="FREQ" maintainableParentID="CS_AREAS_OECD" maintainableParentVersion="1.0" agencyID="TEST" package="conceptscheme" class="Concept"/>
                            </structure:ConceptIdentity>
                            <structure:LocalRepresentation>
                                <structure:Enumeration>
                                    <Ref id="CL_FREQ" version="2.0" agencyID="TEST" package="codelist" class="Codelist"/>
                                </structure:Enumeration>
                            </structure:LocalRepresentation>
                        </structure:Dimension>
                    </structure:DimensionList>
                    <structure:MeasureList id="MeasureDescriptor">
                        <structure:PrimaryMeasure id="OBS_VALUE">
                            <structure:ConceptIdentity>
                                <Ref id="OBS_VALUE" maintainableParentID="CS_AREAS_OECD" maintainableParentVersion="1.0" agencyID="TEST" package="conceptscheme" class="Concept"/>
                            </structure:ConceptIdentity>
                            <structure:LocalRepresentation>
                                <structure:TextFormat textType="Double"/>
                            </structure:LocalRepresentation>
                        </structure:PrimaryMeasure>
                    </structure:MeasureList>
                </structure:DataStructureComponents>
            </structure:DataStructure>
            <structure:DataStructure id="DSD_AREA_NONLOCALISED_HIERARCHY" agencyID="TEST" version="1.0" isFinal="false">
                <common:Annotations>
                    <common:Annotation>
                        <common:AnnotationTitle>REF_AREA:OECD:HCL_TEST(1.0).CONT_EN</common:AnnotationTitle>
                        <common:AnnotationType>HIER_CONTEXT</common:AnnotationType>
                    </common:Annotation>
                </common:Annotations>
                <common:Name xml:lang="en">Test DSD for areas</common:Name>
                <structure:DataStructureComponents>
                    <structure:DimensionList id="DimensionDescriptor">
                        <structure:Dimension id="REF_AREA" position="1">
                            <structure:ConceptIdentity>
                                <Ref id="REF_AREA" maintainableParentID="CS_AREAS_OECD" maintainableParentVersion="1.0" agencyID="TEST" package="conceptscheme" class="Concept"/>
                            </structure:ConceptIdentity>
                            <structure:LocalRepresentation>
                                <structure:Enumeration>
                                    <Ref id="CL_AREA" version="1.0" agencyID="TEST" package="codelist" class="Codelist"/>
                                </structure:Enumeration>
                            </structure:LocalRepresentation>
                        </structure:Dimension>
                        <structure:TimeDimension id="TIME_PERIOD" position="2">
                            <structure:ConceptIdentity>
                                <Ref id="TIME_PERIOD" maintainableParentID="CS_AREAS_OECD" maintainableParentVersion="1.0" agencyID="TEST" package="conceptscheme" class="Concept"/>
                            </structure:ConceptIdentity>
                            <structure:LocalRepresentation>
                                <structure:TextFormat textType="ObservationalTimePeriod"/>
                            </structure:LocalRepresentation>
                        </structure:TimeDimension>
                        <structure:Dimension id="MEASURE" position="3">
                            <structure:ConceptIdentity>
                                <Ref id="MEASURE" maintainableParentID="CS_AREAS_OECD" maintainableParentVersion="1.0" agencyID="TEST" package="conceptscheme" class="Concept"/>
                            </structure:ConceptIdentity>
                            <structure:LocalRepresentation>
                                <structure:Enumeration>
                                    <Ref id="CL_MEASURE" version="1.0" agencyID="TEST" package="codelist" class="Codelist"/>
                                </structure:Enumeration>
                            </structure:LocalRepresentation>
                        </structure:Dimension>
                        <structure:Dimension id="FREQ" position="4">
                            <structure:ConceptIdentity>
                                <Ref id="FREQ" maintainableParentID="CS_AREAS_OECD" maintainableParentVersion="1.0" agencyID="TEST" package="conceptscheme" class="Concept"/>
                            </structure:ConceptIdentity>
                            <structure:LocalRepresentation>
                                <structure:Enumeration>
                                    <Ref id="CL_FREQ" version="2.0" agencyID="TEST" package="codelist" class="Codelist"/>
                                </structure:Enumeration>
                            </structure:LocalRepresentation>
                        </structure:Dimension>
                    </structure:DimensionList>
                    <structure:MeasureList id="MeasureDescriptor">
                        <structure:PrimaryMeasure id="OBS_VALUE">
                            <structure:ConceptIdentity>
                                <Ref id="OBS_VALUE" maintainableParentID="CS_AREAS_OECD" maintainableParentVersion="1.0" agencyID="TEST" package="conceptscheme" class="Concept"/>
                            </structure:ConceptIdentity>
                            <structure:LocalRepresentation>
                                <structure:TextFormat textType="Double"/>
                            </structure:LocalRepresentation>
                        </structure:PrimaryMeasure>
                    </structure:MeasureList>
                </structure:DataStructureComponents>
            </structure:DataStructure>
        </structure:DataStructures>
        <structure:Constraints>
            <structure:ContentConstraint id="CR_DF_AREA_LOCALISED_HIERARCHY" agencyID="TEST" version="1.0" isFinal="false" type="Allowed">
                <common:Name xml:lang="en">OECD:CR_DF_AREA_LOCALISED_HIERARCHY(1.0)</common:Name>
                <structure:ConstraintAttachment>
                    <structure:Dataflow>
                        <Ref id="DF_AREA_LOCALISED_HIERARCHY" version="1.0" agencyID="TEST" package="datastructure" class="Dataflow"/>
                    </structure:Dataflow>
                </structure:ConstraintAttachment>
                <structure:CubeRegion include="true">
                    <common:KeyValue id="MEASURE">
                        <common:Value>M1</common:Value>
                    </common:KeyValue>
                    <common:KeyValue id="FREQ">
                        <common:Value>A</common:Value>
                    </common:KeyValue>
                </structure:CubeRegion>
            </structure:ContentConstraint>
            <structure:ContentConstraint id="CR_DF_AREA_NONLOCALISED_HIERARCHY" agencyID="TEST" version="1.0" isFinal="false" type="Allowed">
                <common:Name xml:lang="en">OECD:CR_DF_AREA_NONLOCALISED_HIERARCHY(1.0)</common:Name>
                <structure:ConstraintAttachment>
                    <structure:Dataflow>
                        <Ref id="DF_AREA_NONLOCALISED_HIERARCHY" version="1.0" agencyID="TEST" package="datastructure" class="Dataflow"/>
                    </structure:Dataflow>
                </structure:ConstraintAttachment>
                <structure:CubeRegion include="true">
                    <common:KeyValue id="MEASURE">
                        <common:Value>M1</common:Value>
                    </common:KeyValue>
                    <common:KeyValue id="FREQ">
                        <common:Value>A</common:Value>
                    </common:KeyValue>
                </structure:CubeRegion>
            </structure:ContentConstraint>
            <structure:ContentConstraint id="CR_DF_AREA_NO_HIERARCHY" agencyID="TEST" version="1.0" isFinal="false" type="Allowed">
                <common:Name xml:lang="en">OECD:CR_DF_AREA_NO_HIERARCHY(1.0)</common:Name>
                <structure:ConstraintAttachment>
                    <structure:Dataflow>
                        <Ref id="DF_AREA_NO_HIERARCHY" version="1.0" agencyID="TEST" package="datastructure" class="Dataflow"/>
                    </structure:Dataflow>
                </structure:ConstraintAttachment>
                <structure:CubeRegion include="true">
                    <common:KeyValue id="MEASURE">
                        <common:Value>M1</common:Value>
                    </common:KeyValue>
                    <common:KeyValue id="FREQ">
                        <common:Value>A</common:Value>
                    </common:KeyValue>
                </structure:CubeRegion>
            </structure:ContentConstraint>
            <structure:ContentConstraint id="CR_DF_AREA_DSD_LOCALISED_HIERARCHY" agencyID="TEST" version="1.0" isFinal="false" type="Allowed">
                <common:Name xml:lang="en">OECD:CR_DF_AREA_DSD_LOCALISED_HIERARCHY(1.0)</common:Name>
                <structure:ConstraintAttachment>
                    <structure:Dataflow>
                        <Ref id="DF_AREA_DSD_LOCALISED_HIERARCHY" version="1.0" agencyID="TEST" package="datastructure" class="Dataflow"/>
                    </structure:Dataflow>
                </structure:ConstraintAttachment>
                <structure:CubeRegion include="true">
                    <common:KeyValue id="MEASURE">
                        <common:Value>M1</common:Value>
                    </common:KeyValue>
                    <common:KeyValue id="FREQ">
                        <common:Value>A</common:Value>
                    </common:KeyValue>
                </structure:CubeRegion>
            </structure:ContentConstraint>
            <structure:ContentConstraint id="CR_DF_AREA_DSD_NONLOCALISED_HIERARCHY" agencyID="TEST" version="1.0" isFinal="false" type="Allowed">
                <common:Name xml:lang="en">OECD:CR_DF_AREA_DSD_NONLOCALISED_HIERARCHY(1.0)</common:Name>
                <structure:ConstraintAttachment>
                    <structure:Dataflow>
                        <Ref id="DF_AREA_DSD_NONLOCALISED_HIERARCHY" version="1.0" agencyID="TEST" package="datastructure" class="Dataflow"/>
                    </structure:Dataflow>
                </structure:ConstraintAttachment>
                <structure:CubeRegion include="true">
                    <common:KeyValue id="MEASURE">
                        <common:Value>M1</common:Value>
                    </common:KeyValue>
                    <common:KeyValue id="FREQ">
                        <common:Value>A</common:Value>
                    </common:KeyValue>
                </structure:CubeRegion>
            </structure:ContentConstraint>
        </structure:Constraints>
    </message:Structures>
</message:Structure>
